addr                 batched_in     merges     merge_in       merge_out      dropped        name
[0, 3]               135            0          0              0              0              Arrange: Threshold
[0, 4]               135            0          0              0              0              Threshold
[0, 8]               89             0          0              0              0              Arrange: Threshold
[0, 9]               89             0          0              0              0              Threshold
[0, 13]              0              0          0              0              0              Arrange: Threshold
[0, 14]              0              0          0              0              0              Threshold
[0, 18]              1317           0          0              0              0              Arrange: Threshold
[0, 19]              1317           0          0              0              0              Threshold
[0, 23]              17             0          0              0              0              Arrange: Threshold
[0, 24]              17             0          0              0              0              Threshold
[0, 28]              2475           0          0              0              0              Arrange: Threshold
[0, 29]              2475           0          0              0              0              Threshold
[0, 33]              6891           0          0              0              0              Arrange: Threshold
[0, 34]              6891           0          0              0              0              Threshold
[0, 38]              1711           0          0              0              0              Arrange: Threshold
[0, 39]              1711           0          0              0              0              Threshold
[0, 43]              16829          0          0              0              0              Arrange: Threshold
[0, 44]              16829          0          0              0              0              Threshold
[0, 48]              1332           0          0              0              0              Arrange: Threshold
[0, 49]              1332           0          0              0              0              Threshold
[0, 53]              142            0          0              0              0              Arrange: Threshold
[0, 54]              142            0          0              0              0              Threshold
[0, 58]              10             0          0              0              0              Arrange: Threshold
[0, 59]              10             0          0              0              0              Threshold
[0, 63]              16             0          0              0              0              Arrange: Threshold
[0, 64]              16             0          0              0              0              Threshold
[0, 68]              41             0          0              0              0              Arrange: Threshold
[0, 69]              41             0          0              0              0              Threshold
[0, 73]              917            0          0              0              0              Arrange: Threshold
[0, 74]              917            0          0              0              0              Threshold
[0, 78]              778            0          0              0              0              Arrange: Threshold
[0, 79]              778            0          0              0              0              Threshold
[0, 83]              1649           0          0              0              0              Arrange: Threshold
[0, 84]              1649           0          0              0              0              Threshold
[0, 88]              5317           0          0              0              0              Arrange: Threshold
[0, 89]              5317           0          0              0              0              Threshold
[0, 93]              623            0          0              0              0              Arrange: Threshold
[0, 94]              623            0          0              0              0              Threshold
[0, 98]              614            0          0              0              0              Arrange: Threshold
[0, 99]              614            0          0              0              0              Threshold
[0, 103]             589            0          0              0              0              Arrange: Threshold
[0, 104]             589            0          0              0              0              Threshold
[0, 108]             1079           0          0              0              0              Arrange: Threshold
[0, 109]             1079           0          0              0              0              Threshold
[0, 113]             2678           0          0              0              0              Arrange: Threshold
[0, 114]             2678           0          0              0              0              Threshold
[0, 118]             1319           0          0              0              0              Arrange: Threshold
[0, 119]             1319           0          0              0              0              Threshold
[0, 123]             1290           0          0              0              0              Arrange: Threshold
[0, 124]             1290           0          0              0              0              Threshold
[0, 128]             660            0          0              0              0              Arrange: Threshold
[0, 129]             660            0          0              0              0              Threshold
[0, 133]             1875           0          0              0              0              Arrange: Threshold
[0, 134]             1875           0          0              0              0              Threshold
[0, 138]             170            0          0              0              0              Arrange: Threshold
[0, 139]             170            0          0              0              0              Threshold
[0, 143]             474            0          0              0              0              Arrange: Threshold
[0, 144]             474            0          0              0              0              Threshold
[0, 148]             824            0          0              0              0              Arrange: Threshold
[0, 149]             824            0          0              0              0              Threshold
[0, 153]             273            0          0              0              0              Arrange: Threshold
[0, 154]             273            0          0              0              0              Threshold
[0, 158]             939            0          0              0              0              Arrange: Threshold
[0, 159]             939            0          0              0              0              Threshold
[0, 215]             917            0          0              0              0              Arrange: Threshold
[0, 216]             917            0          0              0              0              Threshold
[0, 222]             168            0          0              0              0              Arrange: Threshold
[0, 223]             168            0          0              0              0              Threshold
[0, 226]             1621           0          0              0              0              Arrange: Threshold
[0, 227]             1621           0          0              0              0              Threshold
[0, 230]             642            0          0              0              0              Arrange: Threshold
[0, 231]             642            0          0              0              0              Threshold
[0, 234]             10             0          0              0              0              Arrange: Threshold
[0, 235]             10             0          0              0              0              Threshold
[0, 238]             573            0          0              0              0              Arrange: Threshold
[0, 239]             573            0          0              0              0              Threshold
[0, 242]             135            0          0              0              0              Arrange: Threshold
[0, 243]             135            0          0              0              0              Threshold
[0, 246]             280            0          0              0              0              Arrange: Threshold
[0, 247]             280            0          0              0              0              Threshold
[0, 250]             955            0          0              0              0              Arrange: Threshold
[0, 251]             955            0          0              0              0              Threshold
[0, 254]             5323           0          0              0              0              Arrange: Threshold
[0, 255]             5323           0          0              0              0              Threshold
[0, 258]             142            0          0              0              0              Arrange: Threshold
[0, 259]             142            0          0              0              0              Threshold
[0, 262]             681            0          0              0              0              Arrange: Threshold
[0, 263]             681            0          0              0              0              Threshold
[0, 268]             4360           0          0              0              0              Arrange: Threshold
[0, 269]             4360           0          0              0              0              Threshold
[0, 272]             575            0          0              0              0              Arrange: Threshold
[0, 273]             575            0          0              0              0              Threshold
[0, 276]             78             0          0              0              0              Arrange: Threshold
[0, 277]             78             0          0              0              0              Threshold
[0, 280]             870            0          0              0              0              Arrange: Threshold
[0, 281]             870            0          0              0              0              Threshold
[0, 284]             2831           0          0              0              0              Arrange: Threshold
[0, 285]             2831           0          0              0              0              Threshold
[0, 288]             580            0          0              0              0              Arrange: Threshold
[0, 289]             580            0          0              0              0              Threshold
[0, 295]             3264           0          0              0              0              Arrange: Threshold
[0, 296]             3264           0          0              0              0              Threshold
[0, 299]             1360           0          0              0              0              Arrange: Threshold
[0, 300]             1360           0          0              0              0              Threshold
[0, 305]             7672           0          0              0              0              Arrange: Threshold
[0, 306]             7672           0          0              0              0              Threshold
[0, 309]             1837           0          0              0              0              Arrange: Threshold
[0, 310]             1837           0          0              0              0              Threshold
[0, 313]             276            0          0              0              0              Arrange: Threshold
[0, 314]             276            0          0              0              0              Threshold
[0, 317]             16             0          0              0              0              Arrange: Threshold
[0, 318]             16             0          0              0              0              Threshold
[0, 333]             17256          0          0              0              0              Arrange: Threshold
[0, 334]             17256          0          0              0              0              Threshold
[0, 337]             1896           0          0              0              0              Arrange: Threshold
[0, 338]             1896           0          0              0              0              Threshold
[0, 341]             722            0          0              0              0              Arrange: Threshold
[0, 342]             722            0          0              0              0              Threshold
[0, 345]             164            0          0              0              0              Arrange: Threshold
[0, 346]             164            0          0              0              0              Threshold
[0, 353]             168            0          0              0              0              Arrange: Threshold
[0, 354]             168            0          0              0              0              Threshold
[0, 357]             840            0          0              0              0              Arrange: Threshold
[0, 358]             840            0          0              0              0              Threshold
[0, 361]             1327           0          0              0              0              Arrange: Threshold
[0, 362]             1327           0          0              0              0              Threshold
[0, 365]             1117           0          0              0              0              Arrange: Threshold
[0, 366]             1117           0          0              0              0              Threshold
[0, 369]             2707           0          0              0              0              Arrange: Threshold
[0, 370]             2707           0          0              0              0              Threshold
[0, 373]             482            0          0              0              0              Arrange: Threshold
[0, 374]             482            0          0              0              0              Threshold
[0, 378]             0              0          0              0              0              ArrangeBySelf
[0, 381]             0              0          0              0              0              ArrangeBySelf
[0, 383]             0              0          0              0              0              ArrangeByKey
[0, 385]             0              0          0              0              0              ArrangeByKey
[0, 389]             0              0          0              0              0              ArrangeBySelf
[0, 392]             0              0          0              0              0              ArrangeBySelf
[0, 394]             0              0          0              0              0              ArrangeByKey
[0, 397]             0              0          0              0              0              ArrangeByKey
[0, 400]             0              0          0              0              0              ArrangeByKey
[0, 408]             1              0          0              0              0              ArrangeBySelf
[0, 411]             875            0          0              0              0              ArrangeBySelf
[0, 414]             1              0          0              0              0              ArrangeBySelf
[0, 417]             172            0          0              0              0              ArrangeBySelf
[0, 419]             1153           0          0              0              0              ArrangeByKey
[0, 422]             0              0          0              0              0              ArrangeBySelf
[0, 424]             0              0          0              0              0              ArrangeByKey
[0, 426]             0              0          0              0              0              ArrangeByKey
[0, 429]             1              0          0              0              0              ArrangeBySelf
[0, 432]             1              0          0              0              0              ArrangeBySelf
[0, 435]             1              0          0              0              0              ArrangeBySelf
[0, 437]             0              0          0              0              0              ArrangeByKey
[0, 440]             1              0          0              0              0              ArrangeBySelf
[0, 443]             1              0          0              0              0              ArrangeBySelf
[0, 445]             0              0          0              0              0              ArrangeByKey
[0, 448]             1              0          0              0              0              ArrangeBySelf
[0, 452]             102            0          0              0              0              ArrangeBySelf
[0, 454]             1279           0          0              0              0              ArrangeByKey
[0, 456]             1279           0          0              0              0              ArrangeByKey
[0, 458]             1279           0          0              0              0              ArrangeByKey
[0, 461]             1327           0          0              0              0              Arrange: Threshold
[0, 462]             1327           0          0              0              0              Threshold
[0, 466]             121            0          0              0              0              Arrange: Threshold
[0, 467]             121            0          0              0              0              Threshold
[0, 473]             1206           0          0              0              0              Arrange: Threshold
[0, 474]             1206           0          0              0              0              Threshold
[0, 476]             1177           0          0              0              0              ArrangeByKey
[0, 479]             1290           0          0              0              0              Arrange: Threshold
[0, 480]             1290           0          0              0              0              Threshold
[0, 484]             113            0          0              0              0              Arrange: Threshold
[0, 485]             113            0          0              0              0              Threshold
[0, 491]             1177           0          0              0              0              Arrange: Threshold
[0, 492]             1177           0          0              0              0              Threshold
[0, 494]             1177           0          0              0              0              ArrangeByKey
[0, 497]             1360           0          0              0              0              Arrange: Threshold
[0, 498]             1360           0          0              0              0              Threshold
[0, 502]             114            0          0              0              0              Arrange: Threshold
[0, 503]             114            0          0              0              0              Threshold
[0, 509]             1246           0          0              0              0              Arrange: Threshold
[0, 510]             1246           0          0              0              0              Threshold
[0, 512]             1177           0          0              0              0              ArrangeByKey
[0, 514]             1177           0          0              0              0              ArrangeByKey
[0, 518]             2707           0          0              0              0              ArrangeBySelf
[0, 520]             4292           0          0              0              0              ArrangeByKey
[0, 522]             1990           0          0              0              0              ArrangeByKey
[0, 525]             1279           0          0              0              0              ArrangeBySelf
[0, 527]             1279           0          0              0              0              ArrangeByKey
[0, 529]             1974           0          0              0              0              ArrangeByKey
[0, 531]             1279           0          0              0              0              ArrangeByKey
[0, 535]             1279           0          0              0              0              ArrangeBySelf
[0, 537]             1279           0          0              0              0              ArrangeByKey
[0, 539]             1974           0          0              0              0              ArrangeByKey
[0, 541]             1279           0          0              0              0              ArrangeByKey
[0, 545]             573            0          0              0              0              ArrangeBySelf
[0, 547]             17053          0          0              0              0              ArrangeByKey
[0, 549]             4292           0          0              0              0              ArrangeByKey
[0, 551]             573            0          0              0              0              ArrangeByKey
[0, 553]             573            0          0              0              0              ArrangeByKey
[0, 556]             17053          0          0              0              0              ArrangeByKey
[0, 558]             975            0          0              0              0              ArrangeByKey
[0, 561]             1634           0          0              0              0              ArrangeByKey
[0, 563]             1634           0          0              0              0              ArrangeByKey
[0, 565]             7542           0          0              0              0              ArrangeByKey
[0, 568]             7542           0          0              0              0              ArrangeByKey
[0, 570]             7542           0          0              0              0              ArrangeByKey
[0, 572]             5299           0          0              0              0              ArrangeByKey
[0, 575]             609            0          0              0              0              ArrangeByKey
[0, 577]             609            0          0              0              0              ArrangeByKey
[0, 579]             609            0          0              0              0              ArrangeByKey
[0, 581]             609            0          0              0              0              ArrangeByKey
[0, 584]             805            0          0              0              0              ArrangeByKey
[0, 586]             805            0          0              0              0              ArrangeByKey
[0, 588]             805            0          0              0              0              ArrangeByKey
[0, 591]             273            0          0              0              0              ArrangeByKey
[0, 593]             273            0          0              0              0              ArrangeByKey
[0, 595]             273            0          0              0              0              ArrangeByKey
[0, 598]             141            0          0              0              0              ArrangeByKey
[0, 600]             141            0          0              0              0              ArrangeByKey
[0, 602]             3167           0          0              0              0              ArrangeByKey
[0, 605]             3167           0          0              0              0              ArrangeByKey
[0, 607]             477            0          0              0              0              ArrangeByKey
[0, 610]             668            0          0              0              0              ArrangeByKey
[0, 612]             668            0          0              0              0              ArrangeByKey
[0, 614]             668            0          0              0              0              ArrangeByKey
[0, 616]             668            0          0              0              0              ArrangeByKey
[0, 619]             1881           0          0              0              0              ArrangeByKey
[0, 621]             1881           0          0              0              0              ArrangeByKey
[0, 623]             1881           0          0              0              0              ArrangeByKey
[0, 625]             1881           0          0              0              0              ArrangeByKey
[0, 628]             1814           0          0              0              0              Arrange: Threshold
[0, 629]             1814           0          0              0              0              Threshold
[0, 632]             596            0          0              0              0              Arrange: Threshold
[0, 633]             596            0          0              0              0              Threshold
[0, 642]             49             0          0              0              0              Arrange: Threshold
[0, 643]             49             0          0              0              0              Threshold
[0, 646]             145            0          0              0              0              Arrange: Threshold
[0, 647]             145            0          0              0              0              Threshold
[0, 650]             2683           0          0              0              0              Arrange: Threshold
[0, 651]             2683           0          0              0              0              Threshold
[0, 654]             1847           0          0              0              0              Arrange: Threshold
[0, 655]             1847           0          0              0              0              Threshold
[0, 658]             806            0          0              0              0              Arrange: Threshold
[0, 659]             806            0          0              0              0              Threshold
[0, 662]             671            0          0              0              0              Arrange: Threshold
[0, 663]             671            0          0              0              0              Threshold
[0, 666]             1233           0          0              0              0              Arrange: Threshold
[0, 667]             1233           0          0              0              0              Threshold
[0, 670]             883            0          0              0              0              Arrange: Threshold
[0, 671]             883            0          0              0              0              Threshold
[0, 674]             601            0          0              0              0              Arrange: Threshold
[0, 675]             601            0          0              0              0              Threshold
[0, 678]             0              0          0              0              0              Arrange: Threshold
[0, 679]             0              0          0              0              0              Threshold
[0, 682]             132            0          0              0              0              Arrange: Threshold
[0, 683]             132            0          0              0              0              Threshold
[0, 686]             2777           0          0              0              0              Arrange: Threshold
[0, 687]             2777           0          0              0              0              Threshold
[0, 690]             4832           0          0              0              0              Arrange: Threshold
[0, 691]             4832           0          0              0              0              Threshold
[0, 694]             482            0          0              0              0              Arrange: Threshold
[0, 695]             482            0          0              0              0              Threshold
[0, 698]             250            0          0              0              0              Arrange: Threshold
[0, 699]             250            0          0              0              0              Threshold
[0, 702]             139            0          0              0              0              ArrangeByKey
[0, 704]             82             0          0              0              0              ArrangeByKey
[0, 705, 6]          261            8          437            437            0              ArrangeByKey
[0, 705, 12]         265            7          317            317            0              Arrange: Threshold
[0, 705, 13]         257            7          308            308            0              Threshold
[0, 710]             0              0          0              0              0              ArrangeBySelf
[0, 712]             1279           0          0              0              0              ArrangeByKey
[0, 717]             16             0          0              0              0              ArrangeBySelf
[0, 719]             261            0          0              0              0              ArrangeByKey
[0, 723]             142            0          0              0              0              ArrangeBySelf
[0, 727]             0              0          0              0              0              Arrange: Threshold
[0, 728]             0              0          0              0              0              Threshold
[0, 731]             37             0          0              0              0              Arrange: Threshold
[0, 732]             37             0          0              0              0              Threshold
[0, 737]             339            0          0              0              0              Arrange: Threshold
[0, 738]             339            0          0              0              0              Threshold
[0, 741]             0              0          0              0              0              Arrange: Threshold
[0, 742]             0              0          0              0              0              Threshold
[0, 745]             1233           0          0              0              0              Arrange: Threshold
[0, 746]             1233           0          0              0              0              Threshold
[0, 749]             142            0          0              0              0              ArrangeByKey
[0, 750, 5]          240            8          305            305            0              ArrangeByKey
[0, 750, 9]          277            5          35             35             0              Arrange: Threshold
[0, 750, 10]         277            5          35             35             0              Threshold
[0, 755]             613            0          0              0              0              Arrange: Threshold
[0, 756]             613            0          0              0              0              Threshold
[0, 759]             274            0          0              0              0              Arrange: Threshold
[0, 760]             274            0          0              0              0              Threshold
[0, 764]             1166           0          0              0              0              ArrangeBySelf
[0, 766]             82             0          0              0              0              ArrangeByKey
[0, 768]             139            0          0              0              0              ArrangeByKey
[0, 769, 7]          5898           8          8561           8561           0              ArrangeByKey
[0, 769, 9]          5405           5          7001           7001           0              ArrangeByKey
[0, 769, 12]         5323           5          6879           6879           0              Arrange: Threshold
[0, 769, 13]         5323           5          6879           6879           0              Threshold
[0, 769, 17]         290            7          237            237            0              Arrange: Threshold
[0, 769, 18]         290            7          237            237            0              Threshold
[0, 769, 24]         5166           4          6535           6535           0              Arrange: Threshold
[0, 769, 25]         5166           4          6535           6535           0              Threshold
[0, 769, 28]         73             9          51             51             0              ArrangeByKey
[0, 769, 31]         64             9          62             62             0              Arrange: Threshold
[0, 769, 32]         64             9          62             62             0              Threshold
[0, 769, 36]         19             9          16             16             0              Arrange: Threshold
[0, 769, 37]         19             9          16             16             0              Threshold
[0, 769, 43]         58             9          58             58             0              Arrange: Threshold
[0, 769, 44]         55             9          38             38             0              Threshold
[0, 769, 49]         6451           5          13346          13346          0              Arrange: Threshold
[0, 769, 50]         6449           5          13343          13343          0              Threshold
[0, 773]             168            0          0              0              0              ArrangeBySelf
[0, 775]             9              0          0              0              0              ArrangeByKey
[0, 777]             9              0          0              0              0              ArrangeByKey
[0, 779]             9              0          0              0              0              ArrangeByKey
[0, 781]             9              0          0              0              0              ArrangeByKey
[0, 782, 7]          777            1          0              0              0              ArrangeByKey
[0, 782, 9]          889            2          739            739            0              ArrangeByKey
[0, 782, 11]         777            1          0              0              0              ArrangeByKey
[0, 782, 13]         19             2          16             16             0              ArrangeByKey
[0, 782, 17]         631            1          0              0              0              Arrange: Threshold
[0, 782, 18]         631            1          0              0              0              Threshold
[0, 787]             601            0          0              0              0              Arrange: Threshold
[0, 788]             601            0          0              0              0              Threshold
[0, 791]             631            0          0              0              0              Arrange: Threshold
[0, 792]             631            0          0              0              0              Threshold
[0, 795]             142            0          0              0              0              ArrangeByKey
[0, 797]             31             0          0              0              0              ArrangeByKey
[0, 799]             467            0          0              0              0              ArrangeByKey
[0, 801]             1335           0          0              0              0              ArrangeByKey
[0, 803]             10             0          0              0              0              ArrangeByKey
[0, 806]             601            0          0              0              0              ArrangeBySelf
[0, 808]             356            0          0              0              0              ArrangeByKey
[0, 810]             16940          0          0              0              0              ArrangeByKey
[0, 812]             5981           0          0              0              0              ArrangeByKey
[0, 814]             2086           0          0              0              0              ArrangeByKey
[0, 816]             20665          0          0              0              0              ArrangeByKey
[0, 818]             1012           0          0              0              0              ArrangeByKey
[0, 820]             4292           0          0              0              0              ArrangeByKey
[0, 822]             1105           0          0              0              0              ArrangeByKey
[0, 824]             2707           0          0              0              0              ArrangeByKey
[0, 826]             2699           0          0              0              0              ArrangeByKey
[0, 828]             2699           0          0              0              0              ArrangeByKey
[0, 830]             6490           0          0              0              0              ArrangeByKey
[0, 832]             1392           0          0              0              0              ArrangeByKey
[0, 834]             4316           0          0              0              0              ArrangeByKey
[0, 836]             878            0          0              0              0              ArrangeByKey
[0, 838]             889            0          0              0              0              ArrangeByKey
[0, 840]             895            0          0              0              0              ArrangeByKey
[0, 843]             1105           0          0              0              0              ArrangeBySelf
[0, 845]             908            0          0              0              0              ArrangeByKey
[0, 847]             2508           0          0              0              0              ArrangeByKey
[0, 849]             610            0          0              0              0              ArrangeByKey
[0, 851]             1231           0          0              0              0              ArrangeByKey
[0, 853]             73             0          0              0              0              ArrangeByKey
[0, 855]             289            0          0              0              0              ArrangeByKey
[0, 857]             600            0          0              0              0              ArrangeByKey
[0, 859]             427            0          0              0              0              ArrangeByKey
[0, 861]             93             0          0              0              0              ArrangeByKey
[0, 863]             93             0          0              0              0              ArrangeByKey
[0, 865]             1295           0          0              0              0              ArrangeByKey
[0, 867]             603            0          0              0              0              ArrangeByKey
[0, 870]             573            0          0              0              0              ArrangeBySelf
[0, 872]             4292           0          0              0              0              ArrangeByKey
[0, 874]             573            0          0              0              0              ArrangeByKey
[0, 876]             1279           0          0              0              0              ArrangeByKey
[0, 877, 52]         58             247        249            249            0              ArrangeBySelf
[0, 877, 57]         259            245        1352           1352           0              ArrangeBySelf
[0, 877, 59]         399            247        633            633            0              ArrangeByKey
[0, 877, 61]         633576         239        3268943        3268943        0              ArrangeByKey
[0, 877, 63]         418            245        1467           1467           0              ArrangeByKey
[0, 877, 65]         15113          240        78547          78547          0              ArrangeByKey
[0, 877, 67]         3529           243        4798           4798           0              ArrangeByKey
[0, 877, 69]         110            247        72             72             0              ArrangeByKey
[0, 877, 71]         4287           241        19033          19033          0              ArrangeByKey
[0, 877, 74]         62             247        281            281            0              ArrangeByKey
[0, 877, 76]         224            244        930            930            0              ArrangeByKey
[0, 877, 78]         3529           244        4798           4798           0              ArrangeByKey
[0, 877, 80]         110089         242        629055         629055         0              ArrangeByKey
[0, 877, 82]         236            246        415            415            0              ArrangeByKey
[0, 877, 84]         270            247        89             89             0              ArrangeByKey
[0, 877, 86]         0              249        0              0              0              ArrangeByKey
[0, 877, 89]         1036           245        5781           5781           0              ArrangeByKey
[0, 877, 92]         717            246        3367           3367           0              ArrangeByKey
[0, 877, 94]         10103          240        49422          49422          0              ArrangeByKey
[0, 877, 96]         182679         240        1014190        1014190        0              ArrangeByKey
[0, 877, 100]        4250           242        22052          22052          0              ArrangeBySelf
[0, 877, 102]        274            245        1374           1374           0              ArrangeByKey
[0, 877, 104]        995            243        5497           5497           0              ArrangeByKey
[0, 877, 106]        1644           242        9137           9137           0              ArrangeByKey
[0, 877, 108]        694            245        4052           4052           0              ArrangeByKey
[0, 877, 111]        782            244        4112           4112           0              ArrangeByKey
[0, 877, 113]        608            242        2965           2965           0              ArrangeByKey
[0, 877, 115]        608            242        2965           2965           0              ArrangeByKey
[0, 877, 117]        151547         239        812797         812797         0              ArrangeByKey
[0, 877, 119]        20645          238        103262         103262         0              ArrangeByKey
[0, 877, 121]        20645          238        103262         103262         0              ArrangeByKey
[0, 877, 123]        12072          241        74809          74809          0              ArrangeByKey
[0, 877, 126]        1111           244        5583           5583           0              ArrangeByKey
[0, 877, 128]        1360           244        7350           7350           0              ArrangeByKey
[0, 877, 131]        2382           243        12426          12426          0              ArrangeByKey
[0, 877, 134]        10             247        32             32             0              ArrangeByKey
[0, 877, 136]        1907           243        9274           9274           0              ArrangeByKey
[0, 877, 138]        146977         242        710986         710986         0              ArrangeByKey
[0, 877, 141]        617019         235        3294430        3294430        0              ArrangeBySelf
[0, 877, 144]        154428         238        774854         774854         0              ArrangeByKey
[0, 877, 146]        154428         238        774854         774854         0              ArrangeByKey
[0, 877, 148]        18121          238        86255          86255          0              ArrangeByKey
[0, 877, 150]        7856           242        40268          40268          0              ArrangeByKey
[0, 877, 154]        21425          240        118637         118637         0              ArrangeBySelf
[0, 877, 156]        834            244        4419           4419           0              ArrangeByKey
[0, 877, 159]        598            242        3234           3234           0              ArrangeBySelf
[0, 877, 161]        872            243        5045           5045           0              ArrangeByKey
[0, 877, 164]        1667           241        8604           8604           0              ArrangeByKey
[0, 877, 167]        205            247        1152           1152           0              ArrangeByKey
[0, 877, 169]        17010          242        77717          77717          0              ArrangeByKey
[0, 877, 173]        5622           241        29275          29275          0              ArrangeBySelf
[0, 877, 177]        389            245        2127           2127           0              ArrangeBySelf
[0, 877, 182]        61             246        288            288            0              ArrangeBySelf
[0, 877, 185]        102            245        436            436            0              ArrangeByKey
[0, 877, 187]        6711           243        20771          20771          0              ArrangeByKey
[0, 877, 191]        57             246        211            211            0              ArrangeByKey
[0, 877, 195]        59             247        252            252            0              ArrangeBySelf
[0, 877, 199]        259            245        1352           1352           0              ArrangeBySelf
[0, 877, 204]        4250           242        22052          22052          0              ArrangeByKey
[0, 877, 207]        123            246        673            673            0              ArrangeBySelf
[0, 877, 210]        75             246        351            351            0              ArrangeBySelf
[0, 877, 217]        1771           243        10505          10505          0              Arrange: Threshold
[0, 877, 218]        259            244        1352           1352           0              Threshold
[0, 877, 222]        2471           241        12650          12650          0              Arrange: Threshold
[0, 877, 223]        2449           241        12782          12782          0              Threshold
[0, 877, 226]        975            242        3374           3374           0              Arrange: Threshold
[0, 877, 227]        975            242        3374           3374           0              Threshold
[0, 877, 232]        11539          240        63231          63231          0              Arrange: Threshold
[0, 877, 233]        1287           240        6726           6726           0              Threshold
[0, 877, 236]        241254         237        1301510        1301510        0              Arrange: Threshold
[0, 877, 237]        220478         236        1148636        1148636        0              Threshold
[0, 877, 246]        137            245        692            692            0              Arrange: Threshold
[0, 877, 247]        58             246        249            249            0              Threshold
[0, 877, 250]        9191           240        45478          45478          0              Arrange: Threshold
[0, 877, 251]        4928           241        24469          24469          0              Threshold
[0, 877, 262]        1095749        236        5966125        5966125        0              Arrange: Threshold
[0, 877, 263]        617019         235        3294430        3294430        0              Threshold
[0, 887]             6449           0          0              0              0              Arrange: Threshold
[0, 888]             6449           0          0              0              0              Threshold
[0, 893]             0              0          0              0              0              Consolidate
[0, 898]             1233           0          0              0              0              Arrange: Threshold
[0, 899]             1233           0          0              0              0              Threshold
[0, 904]             0              0          0              0              0              Consolidate
[0, 909]             135            0          0              0              0              Arrange: Threshold
[0, 910]             135            0          0              0              0              Threshold
[0, 915]             0              0          0              0              0              Consolidate
[0, 920]             277            0          0              0              0              Arrange: Threshold
[0, 921]             277            0          0              0              0              Threshold
[0, 926]             0              0          0              0              0              Consolidate
[0, 931]             274            0          0              0              0              Arrange: Threshold
[0, 932]             274            0          0              0              0              Threshold
[0, 937]             0              0          0              0              0              Consolidate
[0, 942]             257            0          0              0              0              Arrange: Threshold
[0, 943]             257            0          0              0              0              Threshold
[0, 948]             0              0          0              0              0              Consolidate
[0, 953]             631            0          0              0              0              Arrange: Threshold
[0, 954]             631            0          0              0              0              Threshold
[0, 959]             0              0          0              0              0              Consolidate
[0, 964]             601            0          0              0              0              Arrange: Threshold
[0, 965]             601            0          0              0              0              Threshold
[0, 970]             0              0          0              0              0              Consolidate
[0, 975]             631            0          0              0              0              Arrange: Threshold
[0, 976]             631            0          0              0              0              Threshold
[0, 981]             0              0          0              0              0              Consolidate
[0, 986]             0              0          0              0              0              Arrange: Threshold
[0, 987]             0              0          0              0              0              Threshold
[0, 992]             0              0          0              0              0              Consolidate
[0, 997]             37             0          0              0              0              Arrange: Threshold
[0, 998]             37             0          0              0              0              Threshold
[0, 1003]            0              0          0              0              0              Consolidate
[0, 1008]            58             0          0              0              0              Arrange: Threshold
[0, 1009]            58             0          0              0              0              Threshold
[0, 1014]            0              0          0              0              0              Consolidate
[0, 1019]            2449           0          0              0              0              Arrange: Threshold
[0, 1020]            2449           0          0              0              0              Threshold
[0, 1025]            0              0          0              0              0              Consolidate
[0, 1030]            617019         0          0              0              0              Arrange: Threshold
[0, 1031]            617019         0          0              0              0              Threshold
[0, 1036]            0              0          0              0              0              Consolidate
[0, 1041]            220478         0          0              0              0              Arrange: Threshold
[0, 1042]            220478         0          0              0              0              Threshold
[0, 1047]            0              0          0              0              0              Consolidate
[0, 1052]            975            0          0              0              0              Arrange: Threshold
[0, 1053]            975            0          0              0              0              Threshold
[0, 1058]            0              0          0              0              0              Consolidate
[0, 1063]            1287           0          0              0              0              Arrange: Threshold
[0, 1064]            1287           0          0              0              0              Threshold
[0, 1069]            0              0          0              0              0              Consolidate
[0, 1074]            4928           0          0              0              0              Arrange: Threshold
[0, 1075]            4928           0          0              0              0              Threshold
[0, 1080]            0              0          0              0              0              Consolidate
[0, 1085]            259            0          0              0              0              Arrange: Threshold
[0, 1086]            259            0          0              0              0              Threshold
[0, 1091]            0              0          0              0              0              Consolidate
