addr                 batched_in     merges     merge_in       merge_out      dropped        name
[0, 3]               117            0          0              0              0              Arrange: Threshold
[0, 4]               117            0          0              0              0              Threshold
[0, 8]               70             0          0              0              0              Arrange: Threshold
[0, 9]               70             0          0              0              0              Threshold
[0, 13]              0              0          0              0              0              Arrange: Threshold
[0, 14]              0              0          0              0              0              Threshold
[0, 18]              1548           0          0              0              0              Arrange: Threshold
[0, 19]              1548           0          0              0              0              Threshold
[0, 23]              6              0          0              0              0              Arrange: Threshold
[0, 24]              6              0          0              0              0              Threshold
[0, 28]              2012           0          0              0              0              Arrange: Threshold
[0, 29]              2012           0          0              0              0              Threshold
[0, 33]              1700           0          0              0              0              Arrange: Threshold
[0, 34]              1700           0          0              0              0              Threshold
[0, 38]              1678           0          0              0              0              Arrange: Threshold
[0, 39]              1678           0          0              0              0              Threshold
[0, 43]              16979          0          0              0              0              Arrange: Threshold
[0, 44]              16979          0          0              0              0              Threshold
[0, 48]              1374           0          0              0              0              Arrange: Threshold
[0, 49]              1374           0          0              0              0              Threshold
[0, 53]              124            0          0              0              0              Arrange: Threshold
[0, 54]              124            0          0              0              0              Threshold
[0, 58]              10             0          0              0              0              Arrange: Threshold
[0, 59]              10             0          0              0              0              Threshold
[0, 63]              14             0          0              0              0              Arrange: Threshold
[0, 64]              14             0          0              0              0              Threshold
[0, 68]              41             0          0              0              0              Arrange: Threshold
[0, 69]              41             0          0              0              0              Threshold
[0, 73]              1697           0          0              0              0              Arrange: Threshold
[0, 74]              1697           0          0              0              0              Threshold
[0, 78]              759            0          0              0              0              Arrange: Threshold
[0, 79]              759            0          0              0              0              Threshold
[0, 83]              1646           0          0              0              0              Arrange: Threshold
[0, 84]              1646           0          0              0              0              Threshold
[0, 88]              5367           0          0              0              0              Arrange: Threshold
[0, 89]              5367           0          0              0              0              Threshold
[0, 93]              601            0          0              0              0              Arrange: Threshold
[0, 94]              601            0          0              0              0              Threshold
[0, 98]              605            0          0              0              0              Arrange: Threshold
[0, 99]              605            0          0              0              0              Threshold
[0, 103]             609            0          0              0              0              Arrange: Threshold
[0, 104]             609            0          0              0              0              Threshold
[0, 108]             1101           0          0              0              0              Arrange: Threshold
[0, 109]             1101           0          0              0              0              Threshold
[0, 113]             2805           0          0              0              0              Arrange: Threshold
[0, 114]             2805           0          0              0              0              Threshold
[0, 118]             1323           0          0              0              0              Arrange: Threshold
[0, 119]             1323           0          0              0              0              Threshold
[0, 123]             1316           0          0              0              0              Arrange: Threshold
[0, 124]             1316           0          0              0              0              Threshold
[0, 128]             696            0          0              0              0              Arrange: Threshold
[0, 129]             696            0          0              0              0              Threshold
[0, 133]             1831           0          0              0              0              Arrange: Threshold
[0, 134]             1831           0          0              0              0              Threshold
[0, 138]             136            0          0              0              0              Arrange: Threshold
[0, 139]             136            0          0              0              0              Threshold
[0, 143]             487            0          0              0              0              Arrange: Threshold
[0, 144]             487            0          0              0              0              Threshold
[0, 148]             816            0          0              0              0              Arrange: Threshold
[0, 149]             816            0          0              0              0              Threshold
[0, 153]             293            0          0              0              0              Arrange: Threshold
[0, 154]             293            0          0              0              0              Threshold
[0, 158]             992            0          0              0              0              Arrange: Threshold
[0, 159]             992            0          0              0              0              Threshold
[0, 215]             1697           0          0              0              0              Arrange: Threshold
[0, 216]             1697           0          0              0              0              Threshold
[0, 222]             148            0          0              0              0              Arrange: Threshold
[0, 223]             148            0          0              0              0              Threshold
[0, 226]             1703           0          0              0              0              Arrange: Threshold
[0, 227]             1703           0          0              0              0              Threshold
[0, 230]             589            0          0              0              0              Arrange: Threshold
[0, 231]             589            0          0              0              0              Threshold
[0, 234]             10             0          0              0              0              Arrange: Threshold
[0, 235]             10             0          0              0              0              Threshold
[0, 238]             632            0          0              0              0              Arrange: Threshold
[0, 239]             632            0          0              0              0              Threshold
[0, 242]             117            0          0              0              0              Arrange: Threshold
[0, 243]             117            0          0              0              0              Threshold
[0, 246]             255            0          0              0              0              Arrange: Threshold
[0, 247]             255            0          0              0              0              Threshold
[0, 250]             933            0          0              0              0              Arrange: Threshold
[0, 251]             933            0          0              0              0              Threshold
[0, 254]             5214           0          0              0              0              Arrange: Threshold
[0, 255]             5214           0          0              0              0              Threshold
[0, 258]             124            0          0              0              0              Arrange: Threshold
[0, 259]             124            0          0              0              0              Threshold
[0, 262]             644            0          0              0              0              Arrange: Threshold
[0, 263]             644            0          0              0              0              Threshold
[0, 268]             4346           0          0              0              0              Arrange: Threshold
[0, 269]             4346           0          0              0              0              Threshold
[0, 272]             591            0          0              0              0              Arrange: Threshold
[0, 273]             591            0          0              0              0              Threshold
[0, 276]             63             0          0              0              0              Arrange: Threshold
[0, 277]             63             0          0              0              0              Threshold
[0, 280]             860            0          0              0              0              Arrange: Threshold
[0, 281]             860            0          0              0              0              Threshold
[0, 284]             2754           0          0              0              0              Arrange: Threshold
[0, 285]             2754           0          0              0              0              Threshold
[0, 288]             618            0          0              0              0              Arrange: Threshold
[0, 289]             618            0          0              0              0              Threshold
[0, 295]             3065           0          0              0              0              Arrange: Threshold
[0, 296]             3065           0          0              0              0              Threshold
[0, 299]             1330           0          0              0              0              Arrange: Threshold
[0, 300]             1330           0          0              0              0              Threshold
[0, 305]             7479           0          0              0              0              Arrange: Threshold
[0, 306]             7479           0          0              0              0              Threshold
[0, 309]             1836           0          0              0              0              Arrange: Threshold
[0, 310]             1836           0          0              0              0              Threshold
[0, 313]             286            0          0              0              0              Arrange: Threshold
[0, 314]             286            0          0              0              0              Threshold
[0, 317]             14             0          0              0              0              Arrange: Threshold
[0, 318]             14             0          0              0              0              Threshold
[0, 333]             17048          0          0              0              0              Arrange: Threshold
[0, 334]             17048          0          0              0              0              Threshold
[0, 337]             1908           0          0              0              0              Arrange: Threshold
[0, 338]             1908           0          0              0              0              Threshold
[0, 341]             653            0          0              0              0              Arrange: Threshold
[0, 342]             653            0          0              0              0              Threshold
[0, 345]             149            0          0              0              0              Arrange: Threshold
[0, 346]             149            0          0              0              0              Threshold
[0, 353]             148            0          0              0              0              Arrange: Threshold
[0, 354]             148            0          0              0              0              Threshold
[0, 357]             793            0          0              0              0              Arrange: Threshold
[0, 358]             793            0          0              0              0              Threshold
[0, 361]             1325           0          0              0              0              Arrange: Threshold
[0, 362]             1325           0          0              0              0              Threshold
[0, 365]             1058           0          0              0              0              Arrange: Threshold
[0, 366]             1058           0          0              0              0              Threshold
[0, 369]             2781           0          0              0              0              Arrange: Threshold
[0, 370]             2781           0          0              0              0              Threshold
[0, 373]             459            0          0              0              0              Arrange: Threshold
[0, 374]             459            0          0              0              0              Threshold
[0, 378]             0              0          0              0              0              ArrangeBySelf
[0, 381]             0              0          0              0              0              ArrangeBySelf
[0, 383]             0              0          0              0              0              ArrangeByKey
[0, 385]             0              0          0              0              0              ArrangeByKey
[0, 389]             0              0          0              0              0              ArrangeBySelf
[0, 392]             0              0          0              0              0              ArrangeBySelf
[0, 394]             0              0          0              0              0              ArrangeByKey
[0, 397]             0              0          0              0              0              ArrangeByKey
[0, 400]             0              0          0              0              0              ArrangeByKey
[0, 408]             0              0          0              0              0              ArrangeBySelf
[0, 411]             877            0          0              0              0              ArrangeBySelf
[0, 414]             1              0          0              0              0              ArrangeBySelf
[0, 417]             184            0          0              0              0              ArrangeBySelf
[0, 419]             1069           0          0              0              0              ArrangeByKey
[0, 422]             0              0          0              0              0              ArrangeBySelf
[0, 424]             1              0          0              0              0              ArrangeByKey
[0, 426]             0              0          0              0              0              ArrangeByKey
[0, 429]             0              0          0              0              0              ArrangeBySelf
[0, 432]             0              0          0              0              0              ArrangeBySelf
[0, 435]             0              0          0              0              0              ArrangeBySelf
[0, 437]             0              0          0              0              0              ArrangeByKey
[0, 440]             0              0          0              0              0              ArrangeBySelf
[0, 443]             0              0          0              0              0              ArrangeBySelf
[0, 445]             0              0          0              0              0              ArrangeByKey
[0, 448]             0              0          0              0              0              ArrangeBySelf
[0, 452]             110            0          0              0              0              ArrangeBySelf
[0, 454]             1302           0          0              0              0              ArrangeByKey
[0, 456]             1302           0          0              0              0              ArrangeByKey
[0, 458]             1302           0          0              0              0              ArrangeByKey
[0, 461]             1325           0          0              0              0              Arrange: Threshold
[0, 462]             1325           0          0              0              0              Threshold
[0, 466]             118            0          0              0              0              Arrange: Threshold
[0, 467]             118            0          0              0              0              Threshold
[0, 473]             1207           0          0              0              0              Arrange: Threshold
[0, 474]             1207           0          0              0              0              Threshold
[0, 476]             1192           0          0              0              0              ArrangeByKey
[0, 479]             1316           0          0              0              0              Arrange: Threshold
[0, 480]             1316           0          0              0              0              Threshold
[0, 484]             117            0          0              0              0              Arrange: Threshold
[0, 485]             117            0          0              0              0              Threshold
[0, 491]             1199           0          0              0              0              Arrange: Threshold
[0, 492]             1199           0          0              0              0              Threshold
[0, 494]             1192           0          0              0              0              ArrangeByKey
[0, 497]             1330           0          0              0              0              Arrange: Threshold
[0, 498]             1330           0          0              0              0              Threshold
[0, 502]             121            0          0              0              0              Arrange: Threshold
[0, 503]             121            0          0              0              0              Threshold
[0, 509]             1209           0          0              0              0              Arrange: Threshold
[0, 510]             1209           0          0              0              0              Threshold
[0, 512]             1192           0          0              0              0              ArrangeByKey
[0, 514]             1192           0          0              0              0              ArrangeByKey
[0, 518]             2781           0          0              0              0              ArrangeBySelf
[0, 520]             4430           0          0              0              0              ArrangeByKey
[0, 522]             5587           0          0              0              0              ArrangeByKey
[0, 525]             1302           0          0              0              0              ArrangeBySelf
[0, 527]             1302           0          0              0              0              ArrangeByKey
[0, 529]             5586           0          0              0              0              ArrangeByKey
[0, 531]             1302           0          0              0              0              ArrangeByKey
[0, 535]             1302           0          0              0              0              ArrangeBySelf
[0, 537]             1302           0          0              0              0              ArrangeByKey
[0, 539]             5586           0          0              0              0              ArrangeByKey
[0, 541]             1302           0          0              0              0              ArrangeByKey
[0, 545]             632            0          0              0              0              ArrangeBySelf
[0, 547]             17139          0          0              0              0              ArrangeByKey
[0, 549]             4430           0          0              0              0              ArrangeByKey
[0, 551]             632            0          0              0              0              ArrangeByKey
[0, 553]             632            0          0              0              0              ArrangeByKey
[0, 556]             17139          0          0              0              0              ArrangeByKey
[0, 558]             805            0          0              0              0              ArrangeByKey
[0, 561]             1647           0          0              0              0              ArrangeByKey
[0, 563]             1647           0          0              0              0              ArrangeByKey
[0, 565]             7554           0          0              0              0              ArrangeByKey
[0, 568]             7554           0          0              0              0              ArrangeByKey
[0, 570]             7554           0          0              0              0              ArrangeByKey
[0, 572]             5299           0          0              0              0              ArrangeByKey
[0, 575]             608            0          0              0              0              ArrangeByKey
[0, 577]             608            0          0              0              0              ArrangeByKey
[0, 579]             608            0          0              0              0              ArrangeByKey
[0, 581]             608            0          0              0              0              ArrangeByKey
[0, 584]             857            0          0              0              0              ArrangeByKey
[0, 586]             857            0          0              0              0              ArrangeByKey
[0, 588]             857            0          0              0              0              ArrangeByKey
[0, 591]             248            0          0              0              0              ArrangeByKey
[0, 593]             248            0          0              0              0              ArrangeByKey
[0, 595]             248            0          0              0              0              ArrangeByKey
[0, 598]             146            0          0              0              0              ArrangeByKey
[0, 600]             146            0          0              0              0              ArrangeByKey
[0, 602]             3247           0          0              0              0              ArrangeByKey
[0, 605]             3247           0          0              0              0              ArrangeByKey
[0, 607]             460            0          0              0              0              ArrangeByKey
[0, 610]             716            0          0              0              0              ArrangeByKey
[0, 612]             716            0          0              0              0              ArrangeByKey
[0, 614]             716            0          0              0              0              ArrangeByKey
[0, 616]             716            0          0              0              0              ArrangeByKey
[0, 619]             1925           0          0              0              0              ArrangeByKey
[0, 621]             1925           0          0              0              0              ArrangeByKey
[0, 623]             1925           0          0              0              0              ArrangeByKey
[0, 625]             1925           0          0              0              0              ArrangeByKey
[0, 628]             1517           0          0              0              0              Arrange: Threshold
[0, 629]             1517           0          0              0              0              Threshold
[0, 632]             566            0          0              0              0              Arrange: Threshold
[0, 633]             566            0          0              0              0              Threshold
[0, 642]             49             0          0              0              0              Arrange: Threshold
[0, 643]             49             0          0              0              0              Threshold
[0, 646]             150            0          0              0              0              Arrange: Threshold
[0, 647]             150            0          0              0              0              Threshold
[0, 650]             2722           0          0              0              0              Arrange: Threshold
[0, 651]             2722           0          0              0              0              Threshold
[0, 654]             1860           0          0              0              0              Arrange: Threshold
[0, 655]             1860           0          0              0              0              Threshold
[0, 658]             805            0          0              0              0              Arrange: Threshold
[0, 659]             805            0          0              0              0              Threshold
[0, 662]             624            0          0              0              0              Arrange: Threshold
[0, 663]             624            0          0              0              0              Threshold
[0, 666]             1151           0          0              0              0              Arrange: Threshold
[0, 667]             1151           0          0              0              0              Threshold
[0, 670]             949            0          0              0              0              Arrange: Threshold
[0, 671]             949            0          0              0              0              Threshold
[0, 674]             601            0          0              0              0              Arrange: Threshold
[0, 675]             601            0          0              0              0              Threshold
[0, 678]             0              0          0              0              0              Arrange: Threshold
[0, 679]             0              0          0              0              0              Threshold
[0, 682]             124            0          0              0              0              Arrange: Threshold
[0, 683]             124            0          0              0              0              Threshold
[0, 686]             2731           0          0              0              0              Arrange: Threshold
[0, 687]             2731           0          0              0              0              Threshold
[0, 690]             4819           0          0              0              0              Arrange: Threshold
[0, 691]             4819           0          0              0              0              Threshold
[0, 694]             504            0          0              0              0              Arrange: Threshold
[0, 695]             504            0          0              0              0              Threshold
[0, 698]             282            0          0              0              0              Arrange: Threshold
[0, 699]             282            0          0              0              0              Threshold
[0, 702]             405            0          0              0              0              ArrangeByKey
[0, 704]             80             0          0              0              0              ArrangeByKey
[0, 705, 6]          251            8          414            414            0              ArrangeByKey
[0, 705, 12]         251            7          462            462            0              Arrange: Threshold
[0, 705, 13]         245            7          450            450            0              Threshold
[0, 710]             0              0          0              0              0              ArrangeBySelf
[0, 712]             1302           0          0              0              0              ArrangeByKey
[0, 717]             14             0          0              0              0              ArrangeBySelf
[0, 719]             251            0          0              0              0              ArrangeByKey
[0, 723]             124            0          0              0              0              ArrangeBySelf
[0, 727]             0              0          0              0              0              Arrange: Threshold
[0, 728]             0              0          0              0              0              Threshold
[0, 731]             40             0          0              0              0              Arrange: Threshold
[0, 732]             40             0          0              0              0              Threshold
[0, 737]             284            0          0              0              0              Arrange: Threshold
[0, 738]             284            0          0              0              0              Threshold
[0, 741]             0              0          0              0              0              Arrange: Threshold
[0, 742]             0              0          0              0              0              Threshold
[0, 745]             1151           0          0              0              0              Arrange: Threshold
[0, 746]             1151           0          0              0              0              Threshold
[0, 749]             123            0          0              0              0              ArrangeByKey
[0, 750, 5]          171            10         320            320            0              ArrangeByKey
[0, 750, 9]          258            6          275            275            0              Arrange: Threshold
[0, 750, 10]         258            6          275            275            0              Threshold
[0, 755]             533            0          0              0              0              Arrange: Threshold
[0, 756]             533            0          0              0              0              Threshold
[0, 759]             249            0          0              0              0              Arrange: Threshold
[0, 760]             249            0          0              0              0              Threshold
[0, 764]             1182           0          0              0              0              ArrangeBySelf
[0, 766]             80             0          0              0              0              ArrangeByKey
[0, 768]             405            0          0              0              0              ArrangeByKey
[0, 769, 7]          6353           8          12520          12520          0              ArrangeByKey
[0, 769, 9]          5318           4          6898           6898           0              ArrangeByKey
[0, 769, 12]         5330           6          7069           7069           0              Arrange: Threshold
[0, 769, 13]         5330           6          7069           7069           0              Threshold
[0, 769, 17]         267            7          215            215            0              Arrange: Threshold
[0, 769, 18]         267            7          215            215            0              Threshold
[0, 769, 24]         5079           5          6391           6391           0              Arrange: Threshold
[0, 769, 25]         5079           5          6391           6391           0              Threshold
[0, 769, 28]         68             9          51             51             0              ArrangeByKey
[0, 769, 31]         73             8          48             48             0              Arrange: Threshold
[0, 769, 32]         73             8          48             48             0              Threshold
[0, 769, 36]         16             9          12             12             0              Arrange: Threshold
[0, 769, 37]         16             9          12             12             0              Threshold
[0, 769, 43]         40             9          40             40             0              Arrange: Threshold
[0, 769, 44]         40             9          40             40             0              Threshold
[0, 769, 49]         6266           6          12965          12965          0              Arrange: Threshold
[0, 769, 50]         6265           6          12962          12962          0              Threshold
[0, 773]             148            0          0              0              0              ArrangeBySelf
[0, 775]             12             0          0              0              0              ArrangeByKey
[0, 777]             12             0          0              0              0              ArrangeByKey
[0, 779]             12             0          0              0              0              ArrangeByKey
[0, 781]             12             0          0              0              0              ArrangeByKey
[0, 782, 7]          727            1          0              0              0              ArrangeByKey
[0, 782, 9]          1091           2          0              0              0              ArrangeByKey
[0, 782, 11]         727            1          0              0              0              ArrangeByKey
[0, 782, 13]         14             2          0              0              0              ArrangeByKey
[0, 782, 17]         552            0          0              0              0              Arrange: Threshold
[0, 782, 18]         552            0          0              0              0              Threshold
[0, 787]             570            0          0              0              0              Arrange: Threshold
[0, 788]             570            0          0              0              0              Threshold
[0, 791]             552            0          0              0              0              Arrange: Threshold
[0, 792]             552            0          0              0              0              Threshold
[0, 795]             123            0          0              0              0              ArrangeByKey
[0, 797]             27             0          0              0              0              ArrangeByKey
[0, 799]             315            0          0              0              0              ArrangeByKey
[0, 801]             1318           0          0              0              0              ArrangeByKey
[0, 803]             10             0          0              0              0              ArrangeByKey
[0, 806]             570            0          0              0              0              ArrangeBySelf
[0, 808]             320            0          0              0              0              ArrangeByKey
[0, 810]             16893          0          0              0              0              ArrangeByKey
[0, 812]             4453           0          0              0              0              ArrangeByKey
[0, 814]             1951           0          0              0              0              ArrangeByKey
[0, 816]             14927          0          0              0              0              ArrangeByKey
[0, 818]             1017           0          0              0              0              ArrangeByKey
[0, 820]             4430           0          0              0              0              ArrangeByKey
[0, 822]             1117           0          0              0              0              ArrangeByKey
[0, 824]             2781           0          0              0              0              ArrangeByKey
[0, 826]             2774           0          0              0              0              ArrangeByKey
[0, 828]             2774           0          0              0              0              ArrangeByKey
[0, 830]             6366           0          0              0              0              ArrangeByKey
[0, 832]             1369           0          0              0              0              ArrangeByKey
[0, 834]             4362           0          0              0              0              ArrangeByKey
[0, 836]             541            0          0              0              0              ArrangeByKey
[0, 838]             1091           0          0              0              0              ArrangeByKey
[0, 840]             440            0          0              0              0              ArrangeByKey
[0, 843]             1117           0          0              0              0              ArrangeBySelf
[0, 845]             931            0          0              0              0              ArrangeByKey
[0, 847]             2596           0          0              0              0              ArrangeByKey
[0, 849]             642            0          0              0              0              ArrangeByKey
[0, 851]             1223           0          0              0              0              ArrangeByKey
[0, 853]             73             0          0              0              0              ArrangeByKey
[0, 855]             259            0          0              0              0              ArrangeByKey
[0, 857]             601            0          0              0              0              ArrangeByKey
[0, 859]             365            0          0              0              0              ArrangeByKey
[0, 861]             80             0          0              0              0              ArrangeByKey
[0, 863]             80             0          0              0              0              ArrangeByKey
[0, 865]             1268           0          0              0              0              ArrangeByKey
[0, 867]             552            0          0              0              0              ArrangeByKey
[0, 870]             632            0          0              0              0              ArrangeBySelf
[0, 872]             4430           0          0              0              0              ArrangeByKey
[0, 874]             632            0          0              0              0              ArrangeByKey
[0, 876]             1302           0          0              0              0              ArrangeByKey
[0, 877, 52]         46             248        228            228            0              ArrangeBySelf
[0, 877, 57]         253            245        1348           1348           0              ArrangeBySelf
[0, 877, 59]         94             246        350            350            0              ArrangeByKey
[0, 877, 61]         608141         236        3016230        3016230        0              ArrangeByKey
[0, 877, 63]         488            244        1598           1598           0              ArrangeByKey
[0, 877, 65]         15851          240        80944          80944          0              ArrangeByKey
[0, 877, 67]         3745           243        17025          17025          0              ArrangeByKey
[0, 877, 69]         102            246        542            542            0              ArrangeByKey
[0, 877, 71]         2948           242        15141          15141          0              ArrangeByKey
[0, 877, 74]         51             247        231            231            0              ArrangeByKey
[0, 877, 76]         375            244        1848           1848           0              ArrangeByKey
[0, 877, 78]         3745           244        17025          17025          0              ArrangeByKey
[0, 877, 80]         159392         239        690774         690774         0              ArrangeByKey
[0, 877, 82]         7505           242        32119          32119          0              ArrangeByKey
[0, 877, 84]         277            246        1380           1380           0              ArrangeByKey
[0, 877, 86]         0              249        0              0              0              ArrangeByKey
[0, 877, 89]         1137           243        5938           5938           0              ArrangeByKey
[0, 877, 92]         419            244        1930           1930           0              ArrangeByKey
[0, 877, 94]         9731           240        48568          48568          0              ArrangeByKey
[0, 877, 96]         223766         242        1314853        1314853        0              ArrangeByKey
[0, 877, 100]        4229           242        21798          21798          0              ArrangeBySelf
[0, 877, 102]        268            244        1309           1309           0              ArrangeByKey
[0, 877, 104]        977            244        5339           5339           0              ArrangeByKey
[0, 877, 106]        2898           243        13682          13682          0              ArrangeByKey
[0, 877, 108]        768            242        2470           2470           0              ArrangeByKey
[0, 877, 111]        599            244        2936           2936           0              ArrangeByKey
[0, 877, 113]        580            244        3078           3078           0              ArrangeByKey
[0, 877, 115]        580            244        3078           3078           0              ArrangeByKey
[0, 877, 117]        138880         239        763001         763001         0              ArrangeByKey
[0, 877, 119]        12639          242        80841          80841          0              ArrangeByKey
[0, 877, 121]        12639          242        80841          80841          0              ArrangeByKey
[0, 877, 123]        10643          239        55072          55072          0              ArrangeByKey
[0, 877, 126]        2057           244        11129          11129          0              ArrangeByKey
[0, 877, 128]        1135           244        5755           5755           0              ArrangeByKey
[0, 877, 131]        2592           246        14238          14238          0              ArrangeByKey
[0, 877, 134]        34             246        120            120            0              ArrangeByKey
[0, 877, 136]        2197           244        10463          10463          0              ArrangeByKey
[0, 877, 138]        147288         241        685206         685206         0              ArrangeByKey
[0, 877, 141]        617300         236        3292007        3292007        0              ArrangeBySelf
[0, 877, 144]        138514         237        702569         702569         0              ArrangeByKey
[0, 877, 146]        138514         237        702569         702569         0              ArrangeByKey
[0, 877, 148]        23083          240        130696         130696         0              ArrangeByKey
[0, 877, 150]        293983         238        1569409        1569409        0              ArrangeByKey
[0, 877, 154]        22249          238        122273         122273         0              ArrangeBySelf
[0, 877, 156]        1669           241        8500           8500           0              ArrangeByKey
[0, 877, 159]        576            244        3350           3350           0              ArrangeBySelf
[0, 877, 161]        834            243        4869           4869           0              ArrangeByKey
[0, 877, 164]        968            241        5157           5157           0              ArrangeByKey
[0, 877, 167]        182            245        940            940            0              ArrangeByKey
[0, 877, 169]        11254          244        52086          52086          0              ArrangeByKey
[0, 877, 173]        5176           240        26811          26811          0              ArrangeBySelf
[0, 877, 177]        347            244        1691           1691           0              ArrangeBySelf
[0, 877, 182]        69             246        313            313            0              ArrangeBySelf
[0, 877, 185]        109            245        490            490            0              ArrangeByKey
[0, 877, 187]        44             247        196            196            0              ArrangeByKey
[0, 877, 191]        52             246        207            207            0              ArrangeByKey
[0, 877, 195]        55             246        235            235            0              ArrangeBySelf
[0, 877, 199]        253            245        1348           1348           0              ArrangeBySelf
[0, 877, 204]        4229           242        21798          21798          0              ArrangeByKey
[0, 877, 207]        141            244        695            695            0              ArrangeBySelf
[0, 877, 210]        60             247        283            283            0              ArrangeBySelf
[0, 877, 217]        2315           242        13603          13603          0              Arrange: Threshold
[0, 877, 218]        253            244        1348           1348           0              Threshold
[0, 877, 222]        2467           243        12935          12935          0              Arrange: Threshold
[0, 877, 223]        2448           243        12918          12918          0              Threshold
[0, 877, 226]        961            244        3575           3575           0              Arrange: Threshold
[0, 877, 227]        961            244        3575           3575           0              Threshold
[0, 877, 232]        11702          240        66283          66283          0              Arrange: Threshold
[0, 877, 233]        1375           241        7191           7191           0              Threshold
[0, 877, 236]        241015         237        1251731        1251731        0              Arrange: Threshold
[0, 877, 237]        220327         237        1146832        1146832        0              Threshold
[0, 877, 246]        210            246        1218           1218           0              Arrange: Threshold
[0, 877, 247]        46             247        228            228            0              Threshold
[0, 877, 250]        9103           240        46566          46566          0              Arrange: Threshold
[0, 877, 251]        4918           242        24681          24681          0              Threshold
[0, 877, 262]        1098057        235        6047741        6047741        0              Arrange: Threshold
[0, 877, 263]        617300         235        3292007        3292007        0              Threshold
[0, 887]             6265           0          0              0              0              Arrange: Threshold
[0, 888]             6265           0          0              0              0              Threshold
[0, 893]             0              0          0              0              0              Consolidate
[0, 898]             1151           0          0              0              0              Arrange: Threshold
[0, 899]             1151           0          0              0              0              Threshold
[0, 904]             0              0          0              0              0              Consolidate
[0, 909]             117            0          0              0              0              Arrange: Threshold
[0, 910]             117            0          0              0              0              Threshold
[0, 915]             0              0          0              0              0              Consolidate
[0, 920]             258            0          0              0              0              Arrange: Threshold
[0, 921]             258            0          0              0              0              Threshold
[0, 926]             0              0          0              0              0              Consolidate
[0, 931]             249            0          0              0              0              Arrange: Threshold
[0, 932]             249            0          0              0              0              Threshold
[0, 937]             0              0          0              0              0              Consolidate
[0, 942]             245            0          0              0              0              Arrange: Threshold
[0, 943]             245            0          0              0              0              Threshold
[0, 948]             0              0          0              0              0              Consolidate
[0, 953]             552            0          0              0              0              Arrange: Threshold
[0, 954]             552            0          0              0              0              Threshold
[0, 959]             0              0          0              0              0              Consolidate
[0, 964]             570            0          0              0              0              Arrange: Threshold
[0, 965]             570            0          0              0              0              Threshold
[0, 970]             0              0          0              0              0              Consolidate
[0, 975]             552            0          0              0              0              Arrange: Threshold
[0, 976]             552            0          0              0              0              Threshold
[0, 981]             0              0          0              0              0              Consolidate
[0, 986]             0              0          0              0              0              Arrange: Threshold
[0, 987]             0              0          0              0              0              Threshold
[0, 992]             0              0          0              0              0              Consolidate
[0, 997]             40             0          0              0              0              Arrange: Threshold
[0, 998]             40             0          0              0              0              Threshold
[0, 1003]            0              0          0              0              0              Consolidate
[0, 1008]            46             0          0              0              0              Arrange: Threshold
[0, 1009]            46             0          0              0              0              Threshold
[0, 1014]            0              0          0              0              0              Consolidate
[0, 1019]            2448           0          0              0              0              Arrange: Threshold
[0, 1020]            2448           0          0              0              0              Threshold
[0, 1025]            0              0          0              0              0              Consolidate
[0, 1030]            617300         0          0              0              0              Arrange: Threshold
[0, 1031]            617300         0          0              0              0              Threshold
[0, 1036]            0              0          0              0              0              Consolidate
[0, 1041]            220327         0          0              0              0              Arrange: Threshold
[0, 1042]            220327         0          0              0              0              Threshold
[0, 1047]            0              0          0              0              0              Consolidate
[0, 1052]            961            0          0              0              0              Arrange: Threshold
[0, 1053]            961            0          0              0              0              Threshold
[0, 1058]            0              0          0              0              0              Consolidate
[0, 1063]            1375           0          0              0              0              Arrange: Threshold
[0, 1064]            1375           0          0              0              0              Threshold
[0, 1069]            0              0          0              0              0              Consolidate
[0, 1074]            4918           0          0              0              0              Arrange: Threshold
[0, 1075]            4918           0          0              0              0              Threshold
[0, 1080]            0              0          0              0              0              Consolidate
[0, 1085]            253            0          0              0              0              Arrange: Threshold
[0, 1086]            253            0          0              0              0              Threshold
[0, 1091]            0              0          0              0              0              Consolidate
