addr                 batched_in     merges     merge_in       merge_out      dropped        name
[0, 3]               141            0          0              0              0              Arrange: Threshold
[0, 4]               141            0          0              0              0              Threshold
[0, 8]               71             0          0              0              0              Arrange: Threshold
[0, 9]               71             0          0              0              0              Threshold
[0, 13]              0              0          0              0              0              Arrange: Threshold
[0, 14]              0              0          0              0              0              Threshold
[0, 18]              1421           0          0              0              0              Arrange: Threshold
[0, 19]              1421           0          0              0              0              Threshold
[0, 23]              12             0          0              0              0              Arrange: Threshold
[0, 24]              12             0          0              0              0              Threshold
[0, 28]              2626           0          0              0              0              Arrange: Threshold
[0, 29]              2626           0          0              0              0              Threshold
[0, 33]              8913           0          0              0              0              Arrange: Threshold
[0, 34]              8913           0          0              0              0              Threshold
[0, 38]              1623           0          0              0              0              Arrange: Threshold
[0, 39]              1623           0          0              0              0              Threshold
[0, 43]              16754          0          0              0              0              Arrange: Threshold
[0, 44]              16754          0          0              0              0              Threshold
[0, 48]              1338           0          0              0              0              Arrange: Threshold
[0, 49]              1338           0          0              0              0              Threshold
[0, 53]              134            0          0              0              0              Arrange: Threshold
[0, 54]              134            0          0              0              0              Threshold
[0, 58]              9              0          0              0              0              Arrange: Threshold
[0, 59]              9              0          0              0              0              Threshold
[0, 63]              17             0          0              0              0              Arrange: Threshold
[0, 64]              17             0          0              0              0              Threshold
[0, 68]              40             0          0              0              0              Arrange: Threshold
[0, 69]              40             0          0              0              0              Threshold
[0, 73]              984            0          0              0              0              Arrange: Threshold
[0, 74]              984            0          0              0              0              Threshold
[0, 78]              778            0          0              0              0              Arrange: Threshold
[0, 79]              778            0          0              0              0              Threshold
[0, 83]              1641           0          0              0              0              Arrange: Threshold
[0, 84]              1641           0          0              0              0              Threshold
[0, 88]              5317           0          0              0              0              Arrange: Threshold
[0, 89]              5317           0          0              0              0              Threshold
[0, 93]              613            0          0              0              0              Arrange: Threshold
[0, 94]              613            0          0              0              0              Threshold
[0, 98]              589            0          0              0              0              Arrange: Threshold
[0, 99]              589            0          0              0              0              Threshold
[0, 103]             569            0          0              0              0              Arrange: Threshold
[0, 104]             569            0          0              0              0              Threshold
[0, 108]             1073           0          0              0              0              Arrange: Threshold
[0, 109]             1073           0          0              0              0              Threshold
[0, 113]             2717           0          0              0              0              Arrange: Threshold
[0, 114]             2717           0          0              0              0              Threshold
[0, 118]             1244           0          0              0              0              Arrange: Threshold
[0, 119]             1244           0          0              0              0              Threshold
[0, 123]             1294           0          0              0              0              Arrange: Threshold
[0, 124]             1294           0          0              0              0              Threshold
[0, 128]             695            0          0              0              0              Arrange: Threshold
[0, 129]             695            0          0              0              0              Threshold
[0, 133]             1823           0          0              0              0              Arrange: Threshold
[0, 134]             1823           0          0              0              0              Threshold
[0, 138]             143            0          0              0              0              Arrange: Threshold
[0, 139]             143            0          0              0              0              Threshold
[0, 143]             490            0          0              0              0              Arrange: Threshold
[0, 144]             490            0          0              0              0              Threshold
[0, 148]             863            0          0              0              0              Arrange: Threshold
[0, 149]             863            0          0              0              0              Threshold
[0, 153]             236            0          0              0              0              Arrange: Threshold
[0, 154]             236            0          0              0              0              Threshold
[0, 158]             1002           0          0              0              0              Arrange: Threshold
[0, 159]             1002           0          0              0              0              Threshold
[0, 215]             984            0          0              0              0              Arrange: Threshold
[0, 216]             984            0          0              0              0              Threshold
[0, 222]             160            0          0              0              0              Arrange: Threshold
[0, 223]             160            0          0              0              0              Threshold
[0, 226]             1621           0          0              0              0              Arrange: Threshold
[0, 227]             1621           0          0              0              0              Threshold
[0, 230]             574            0          0              0              0              Arrange: Threshold
[0, 231]             574            0          0              0              0              Threshold
[0, 234]             9              0          0              0              0              Arrange: Threshold
[0, 235]             9              0          0              0              0              Threshold
[0, 238]             572            0          0              0              0              Arrange: Threshold
[0, 239]             572            0          0              0              0              Threshold
[0, 242]             141            0          0              0              0              Arrange: Threshold
[0, 243]             141            0          0              0              0              Threshold
[0, 246]             281            0          0              0              0              Arrange: Threshold
[0, 247]             281            0          0              0              0              Threshold
[0, 250]             933            0          0              0              0              Arrange: Threshold
[0, 251]             933            0          0              0              0              Threshold
[0, 254]             5250           0          0              0              0              Arrange: Threshold
[0, 255]             5250           0          0              0              0              Threshold
[0, 258]             134            0          0              0              0              Arrange: Threshold
[0, 259]             134            0          0              0              0              Threshold
[0, 262]             708            0          0              0              0              Arrange: Threshold
[0, 263]             708            0          0              0              0              Threshold
[0, 268]             4390           0          0              0              0              Arrange: Threshold
[0, 269]             4390           0          0              0              0              Threshold
[0, 272]             616            0          0              0              0              Arrange: Threshold
[0, 273]             616            0          0              0              0              Threshold
[0, 276]             79             0          0              0              0              Arrange: Threshold
[0, 277]             79             0          0              0              0              Threshold
[0, 280]             799            0          0              0              0              Arrange: Threshold
[0, 281]             799            0          0              0              0              Threshold
[0, 284]             2780           0          0              0              0              Arrange: Threshold
[0, 285]             2780           0          0              0              0              Threshold
[0, 288]             614            0          0              0              0              Arrange: Threshold
[0, 289]             614            0          0              0              0              Threshold
[0, 295]             3208           0          0              0              0              Arrange: Threshold
[0, 296]             3208           0          0              0              0              Threshold
[0, 299]             1345           0          0              0              0              Arrange: Threshold
[0, 300]             1345           0          0              0              0              Threshold
[0, 305]             7680           0          0              0              0              Arrange: Threshold
[0, 306]             7680           0          0              0              0              Threshold
[0, 309]             1860           0          0              0              0              Arrange: Threshold
[0, 310]             1860           0          0              0              0              Threshold
[0, 313]             288            0          0              0              0              Arrange: Threshold
[0, 314]             288            0          0              0              0              Threshold
[0, 317]             17             0          0              0              0              Arrange: Threshold
[0, 318]             17             0          0              0              0              Threshold
[0, 333]             17206          0          0              0              0              Arrange: Threshold
[0, 334]             17206          0          0              0              0              Threshold
[0, 337]             1869           0          0              0              0              Arrange: Threshold
[0, 338]             1869           0          0              0              0              Threshold
[0, 341]             640            0          0              0              0              Arrange: Threshold
[0, 342]             640            0          0              0              0              Threshold
[0, 345]             166            0          0              0              0              Arrange: Threshold
[0, 346]             166            0          0              0              0              Threshold
[0, 353]             160            0          0              0              0              Arrange: Threshold
[0, 354]             160            0          0              0              0              Threshold
[0, 357]             815            0          0              0              0              Arrange: Threshold
[0, 358]             815            0          0              0              0              Threshold
[0, 361]             1336           0          0              0              0              Arrange: Threshold
[0, 362]             1336           0          0              0              0              Threshold
[0, 365]             1077           0          0              0              0              Arrange: Threshold
[0, 366]             1077           0          0              0              0              Threshold
[0, 369]             2749           0          0              0              0              Arrange: Threshold
[0, 370]             2749           0          0              0              0              Threshold
[0, 373]             463            0          0              0              0              Arrange: Threshold
[0, 374]             463            0          0              0              0              Threshold
[0, 378]             0              0          0              0              0              ArrangeBySelf
[0, 381]             0              0          0              0              0              ArrangeBySelf
[0, 383]             0              0          0              0              0              ArrangeByKey
[0, 385]             0              0          0              0              0              ArrangeByKey
[0, 389]             0              0          0              0              0              ArrangeBySelf
[0, 392]             0              0          0              0              0              ArrangeBySelf
[0, 394]             0              0          0              0              0              ArrangeByKey
[0, 397]             0              0          0              0              0              ArrangeByKey
[0, 400]             0              0          0              0              0              ArrangeByKey
[0, 408]             0              0          0              0              0              ArrangeBySelf
[0, 411]             902            0          0              0              0              ArrangeBySelf
[0, 414]             1              0          0              0              0              ArrangeBySelf
[0, 417]             190            0          0              0              0              ArrangeBySelf
[0, 419]             1395           0          0              0              0              ArrangeByKey
[0, 422]             0              0          0              0              0              ArrangeBySelf
[0, 424]             1              0          0              0              0              ArrangeByKey
[0, 426]             0              0          0              0              0              ArrangeByKey
[0, 429]             0              0          0              0              0              ArrangeBySelf
[0, 432]             0              0          0              0              0              ArrangeBySelf
[0, 435]             0              0          0              0              0              ArrangeBySelf
[0, 437]             0              0          0              0              0              ArrangeByKey
[0, 440]             0              0          0              0              0              ArrangeBySelf
[0, 443]             0              0          0              0              0              ArrangeBySelf
[0, 445]             0              0          0              0              0              ArrangeByKey
[0, 448]             0              0          0              0              0              ArrangeBySelf
[0, 452]             103            0          0              0              0              ArrangeBySelf
[0, 454]             1351           0          0              0              0              ArrangeByKey
[0, 456]             1351           0          0              0              0              ArrangeByKey
[0, 458]             1351           0          0              0              0              ArrangeByKey
[0, 461]             1336           0          0              0              0              Arrange: Threshold
[0, 462]             1336           0          0              0              0              Threshold
[0, 466]             100            0          0              0              0              Arrange: Threshold
[0, 467]             100            0          0              0              0              Threshold
[0, 473]             1236           0          0              0              0              Arrange: Threshold
[0, 474]             1236           0          0              0              0              Threshold
[0, 476]             1248           0          0              0              0              ArrangeByKey
[0, 479]             1294           0          0              0              0              Arrange: Threshold
[0, 480]             1294           0          0              0              0              Threshold
[0, 484]             120            0          0              0              0              Arrange: Threshold
[0, 485]             120            0          0              0              0              Threshold
[0, 491]             1174           0          0              0              0              Arrange: Threshold
[0, 492]             1174           0          0              0              0              Threshold
[0, 494]             1248           0          0              0              0              ArrangeByKey
[0, 497]             1345           0          0              0              0              Arrange: Threshold
[0, 498]             1345           0          0              0              0              Threshold
[0, 502]             97             0          0              0              0              Arrange: Threshold
[0, 503]             97             0          0              0              0              Threshold
[0, 509]             1248           0          0              0              0              Arrange: Threshold
[0, 510]             1248           0          0              0              0              Threshold
[0, 512]             1248           0          0              0              0              ArrangeByKey
[0, 514]             1248           0          0              0              0              ArrangeByKey
[0, 518]             2749           0          0              0              0              ArrangeBySelf
[0, 520]             4424           0          0              0              0              ArrangeByKey
[0, 522]             3242           0          0              0              0              ArrangeByKey
[0, 525]             1351           0          0              0              0              ArrangeBySelf
[0, 527]             1351           0          0              0              0              ArrangeByKey
[0, 529]             3240           0          0              0              0              ArrangeByKey
[0, 531]             1351           0          0              0              0              ArrangeByKey
[0, 535]             1351           0          0              0              0              ArrangeBySelf
[0, 537]             1351           0          0              0              0              ArrangeByKey
[0, 539]             3240           0          0              0              0              ArrangeByKey
[0, 541]             1351           0          0              0              0              ArrangeByKey
[0, 545]             572            0          0              0              0              ArrangeBySelf
[0, 547]             17093          0          0              0              0              ArrangeByKey
[0, 549]             4424           0          0              0              0              ArrangeByKey
[0, 551]             572            0          0              0              0              ArrangeByKey
[0, 553]             572            0          0              0              0              ArrangeByKey
[0, 556]             17093          0          0              0              0              ArrangeByKey
[0, 558]             915            0          0              0              0              ArrangeByKey
[0, 561]             1647           0          0              0              0              ArrangeByKey
[0, 563]             1647           0          0              0              0              ArrangeByKey
[0, 565]             7554           0          0              0              0              ArrangeByKey
[0, 568]             7554           0          0              0              0              ArrangeByKey
[0, 570]             7554           0          0              0              0              ArrangeByKey
[0, 572]             5299           0          0              0              0              ArrangeByKey
[0, 575]             608            0          0              0              0              ArrangeByKey
[0, 577]             608            0          0              0              0              ArrangeByKey
[0, 579]             608            0          0              0              0              ArrangeByKey
[0, 581]             608            0          0              0              0              ArrangeByKey
[0, 584]             811            0          0              0              0              ArrangeByKey
[0, 586]             811            0          0              0              0              ArrangeByKey
[0, 588]             811            0          0              0              0              ArrangeByKey
[0, 591]             280            0          0              0              0              ArrangeByKey
[0, 593]             280            0          0              0              0              ArrangeByKey
[0, 595]             280            0          0              0              0              ArrangeByKey
[0, 598]             151            0          0              0              0              ArrangeByKey
[0, 600]             151            0          0              0              0              ArrangeByKey
[0, 602]             3111           0          0              0              0              ArrangeByKey
[0, 605]             3111           0          0              0              0              ArrangeByKey
[0, 607]             479            0          0              0              0              ArrangeByKey
[0, 610]             638            0          0              0              0              ArrangeByKey
[0, 612]             638            0          0              0              0              ArrangeByKey
[0, 614]             638            0          0              0              0              ArrangeByKey
[0, 616]             638            0          0              0              0              ArrangeByKey
[0, 619]             1843           0          0              0              0              ArrangeByKey
[0, 621]             1843           0          0              0              0              ArrangeByKey
[0, 623]             1843           0          0              0              0              ArrangeByKey
[0, 625]             1843           0          0              0              0              ArrangeByKey
[0, 628]             1541           0          0              0              0              Arrange: Threshold
[0, 629]             1541           0          0              0              0              Threshold
[0, 632]             618            0          0              0              0              Arrange: Threshold
[0, 633]             618            0          0              0              0              Threshold
[0, 642]             50             0          0              0              0              Arrange: Threshold
[0, 643]             50             0          0              0              0              Threshold
[0, 646]             133            0          0              0              0              Arrange: Threshold
[0, 647]             133            0          0              0              0              Threshold
[0, 650]             2657           0          0              0              0              Arrange: Threshold
[0, 651]             2657           0          0              0              0              Threshold
[0, 654]             1879           0          0              0              0              Arrange: Threshold
[0, 655]             1879           0          0              0              0              Threshold
[0, 658]             825            0          0              0              0              Arrange: Threshold
[0, 659]             825            0          0              0              0              Threshold
[0, 662]             652            0          0              0              0              Arrange: Threshold
[0, 663]             652            0          0              0              0              Threshold
[0, 666]             1178           0          0              0              0              Arrange: Threshold
[0, 667]             1178           0          0              0              0              Threshold
[0, 670]             990            0          0              0              0              Arrange: Threshold
[0, 671]             990            0          0              0              0              Threshold
[0, 674]             574            0          0              0              0              Arrange: Threshold
[0, 675]             574            0          0              0              0              Threshold
[0, 678]             0              0          0              0              0              Arrange: Threshold
[0, 679]             0              0          0              0              0              Threshold
[0, 682]             130            0          0              0              0              Arrange: Threshold
[0, 683]             130            0          0              0              0              Threshold
[0, 686]             2689           0          0              0              0              Arrange: Threshold
[0, 687]             2689           0          0              0              0              Threshold
[0, 690]             4807           0          0              0              0              Arrange: Threshold
[0, 691]             4807           0          0              0              0              Threshold
[0, 694]             494            0          0              0              0              Arrange: Threshold
[0, 695]             494            0          0              0              0              Threshold
[0, 698]             261            0          0              0              0              Arrange: Threshold
[0, 699]             261            0          0              0              0              Threshold
[0, 702]             23             0          0              0              0              ArrangeByKey
[0, 704]             62             0          0              0              0              ArrangeByKey
[0, 705, 6]          302            7          375            375            0              ArrangeByKey
[0, 705, 12]         272            5          305            305            0              Arrange: Threshold
[0, 705, 13]         264            5          293            293            0              Threshold
[0, 710]             0              0          0              0              0              ArrangeBySelf
[0, 712]             1351           0          0              0              0              ArrangeByKey
[0, 717]             17             0          0              0              0              ArrangeBySelf
[0, 719]             302            0          0              0              0              ArrangeByKey
[0, 723]             134            0          0              0              0              ArrangeBySelf
[0, 727]             0              0          0              0              0              Arrange: Threshold
[0, 728]             0              0          0              0              0              Threshold
[0, 731]             28             0          0              0              0              Arrange: Threshold
[0, 732]             28             0          0              0              0              Threshold
[0, 737]             320            0          0              0              0              Arrange: Threshold
[0, 738]             320            0          0              0              0              Threshold
[0, 741]             0              0          0              0              0              Arrange: Threshold
[0, 742]             0              0          0              0              0              Threshold
[0, 745]             1178           0          0              0              0              Arrange: Threshold
[0, 746]             1178           0          0              0              0              Threshold
[0, 749]             133            0          0              0              0              ArrangeByKey
[0, 750, 5]          232            7          441            441            0              ArrangeByKey
[0, 750, 9]          276            5          121            121            0              Arrange: Threshold
[0, 750, 10]         276            5          121            121            0              Threshold
[0, 755]             600            0          0              0              0              Arrange: Threshold
[0, 756]             600            0          0              0              0              Threshold
[0, 759]             280            0          0              0              0              Arrange: Threshold
[0, 760]             280            0          0              0              0              Threshold
[0, 764]             1211           0          0              0              0              ArrangeBySelf
[0, 766]             62             0          0              0              0              ArrangeByKey
[0, 768]             23             0          0              0              0              ArrangeByKey
[0, 769, 7]          7063           8          13280          13280          0              ArrangeByKey
[0, 769, 9]          5446           7          11563          11563          0              ArrangeByKey
[0, 769, 12]         5323           6          7086           7086           0              Arrange: Threshold
[0, 769, 13]         5323           6          7086           7086           0              Threshold
[0, 769, 17]         290            8          254            254            0              Arrange: Threshold
[0, 769, 18]         290            8          254            254            0              Threshold
[0, 769, 24]         5092           5          6641           6641           0              Arrange: Threshold
[0, 769, 25]         5092           5          6641           6641           0              Threshold
[0, 769, 28]         70             8          44             44             0              ArrangeByKey
[0, 769, 31]         73             8          56             56             0              Arrange: Threshold
[0, 769, 32]         73             8          56             56             0              Threshold
[0, 769, 36]         18             9          13             13             0              Arrange: Threshold
[0, 769, 37]         18             9          13             13             0              Threshold
[0, 769, 43]         47             8          33             33             0              Arrange: Threshold
[0, 769, 44]         47             8          33             33             0              Threshold
[0, 769, 49]         6310           6          13228          13228          0              Arrange: Threshold
[0, 769, 50]         6306           6          13218          13218          0              Threshold
[0, 773]             160            0          0              0              0              ArrangeBySelf
[0, 775]             10             0          0              0              0              ArrangeByKey
[0, 777]             10             0          0              0              0              ArrangeByKey
[0, 779]             10             0          0              0              0              ArrangeByKey
[0, 781]             10             0          0              0              0              ArrangeByKey
[0, 782, 7]          811            1          0              0              0              ArrangeByKey
[0, 782, 9]          457            1          0              0              0              ArrangeByKey
[0, 782, 11]         811            1          0              0              0              ArrangeByKey
[0, 782, 13]         17             2          0              0              0              ArrangeByKey
[0, 782, 17]         619            1          0              0              0              Arrange: Threshold
[0, 782, 18]         619            1          0              0              0              Threshold
[0, 787]             596            0          0              0              0              Arrange: Threshold
[0, 788]             596            0          0              0              0              Threshold
[0, 791]             619            0          0              0              0              Arrange: Threshold
[0, 792]             619            0          0              0              0              Threshold
[0, 795]             133            0          0              0              0              ArrangeByKey
[0, 797]             34             0          0              0              0              ArrangeByKey
[0, 799]             172            0          0              0              0              ArrangeByKey
[0, 801]             1397           0          0              0              0              ArrangeByKey
[0, 803]             9              0          0              0              0              ArrangeByKey
[0, 806]             596            0          0              0              0              ArrangeBySelf
[0, 808]             282            0          0              0              0              ArrangeByKey
[0, 810]             16699          0          0              0              0              ArrangeByKey
[0, 812]             5072           0          0              0              0              ArrangeByKey
[0, 814]             2104           0          0              0              0              ArrangeByKey
[0, 816]             18156          0          0              0              0              ArrangeByKey
[0, 818]             1103           0          0              0              0              ArrangeByKey
[0, 820]             4424           0          0              0              0              ArrangeByKey
[0, 822]             1157           0          0              0              0              ArrangeByKey
[0, 824]             2749           0          0              0              0              ArrangeByKey
[0, 826]             2739           0          0              0              0              ArrangeByKey
[0, 828]             2739           0          0              0              0              ArrangeByKey
[0, 830]             6452           0          0              0              0              ArrangeByKey
[0, 832]             1536           0          0              0              0              ArrangeByKey
[0, 834]             4305           0          0              0              0              ArrangeByKey
[0, 836]             666            0          0              0              0              ArrangeByKey
[0, 838]             457            0          0              0              0              ArrangeByKey
[0, 840]             457            0          0              0              0              ArrangeByKey
[0, 843]             1157           0          0              0              0              ArrangeBySelf
[0, 845]             900            0          0              0              0              ArrangeByKey
[0, 847]             2531           0          0              0              0              ArrangeByKey
[0, 849]             687            0          0              0              0              ArrangeByKey
[0, 851]             1436           0          0              0              0              ArrangeByKey
[0, 853]             81             0          0              0              0              ArrangeByKey
[0, 855]             278            0          0              0              0              ArrangeByKey
[0, 857]             600            0          0              0              0              ArrangeByKey
[0, 859]             427            0          0              0              0              ArrangeByKey
[0, 861]             138            0          0              0              0              ArrangeByKey
[0, 863]             132            0          0              0              0              ArrangeByKey
[0, 865]             1496           0          0              0              0              ArrangeByKey
[0, 867]             761            0          0              0              0              ArrangeByKey
[0, 870]             572            0          0              0              0              ArrangeBySelf
[0, 872]             4424           0          0              0              0              ArrangeByKey
[0, 874]             572            0          0              0              0              ArrangeByKey
[0, 876]             1351           0          0              0              0              ArrangeByKey
[0, 877, 52]         49             248        240            240            0              ArrangeBySelf
[0, 877, 57]         287            244        1497           1497           0              ArrangeBySelf
[0, 877, 59]         96             246        435            435            0              ArrangeByKey
[0, 877, 61]         635957         235        3493460        3493460        0              ArrangeByKey
[0, 877, 63]         470            242        1489           1489           0              ArrangeByKey
[0, 877, 65]         15836          241        84356          84356          0              ArrangeByKey
[0, 877, 67]         27212          242        89532          89532          0              ArrangeByKey
[0, 877, 69]         58313          241        165919         165919         0              ArrangeByKey
[0, 877, 71]         2630           242        13586          13586          0              ArrangeByKey
[0, 877, 74]         69             246        227            227            0              ArrangeByKey
[0, 877, 76]         229            244        860            860            0              ArrangeByKey
[0, 877, 78]         11049          242        46857          46857          0              ArrangeByKey
[0, 877, 80]         15625          241        75721          75721          0              ArrangeByKey
[0, 877, 82]         678648         241        1985515        1985515        0              ArrangeByKey
[0, 877, 84]         1              248        177            177            0              ArrangeByKey
[0, 877, 86]         0              249        0              0              0              ArrangeByKey
[0, 877, 89]         1113           244        5830           5830           0              ArrangeByKey
[0, 877, 92]         377            245        1813           1813           0              ArrangeByKey
[0, 877, 94]         10108          241        50849          50849          0              ArrangeByKey
[0, 877, 96]         181771         240        993580         993580         0              ArrangeByKey
[0, 877, 100]        4225           243        22456          22456          0              ArrangeBySelf
[0, 877, 102]        249            244        1261           1261           0              ArrangeByKey
[0, 877, 104]        1012           242        5515           5515           0              ArrangeByKey
[0, 877, 106]        1219           243        6148           6148           0              ArrangeByKey
[0, 877, 108]        2322           242        11928          11928          0              ArrangeByKey
[0, 877, 111]        653            244        3303           3303           0              ArrangeByKey
[0, 877, 113]        596            244        3032           3032           0              ArrangeByKey
[0, 877, 115]        596            244        3032           3032           0              ArrangeByKey
[0, 877, 117]        150672         237        782303         782303         0              ArrangeByKey
[0, 877, 119]        16691          240        95364          95364          0              ArrangeByKey
[0, 877, 121]        16691          240        95364          95364          0              ArrangeByKey
[0, 877, 123]        31531          238        179565         179565         0              ArrangeByKey
[0, 877, 126]        1479           243        8912           8912           0              ArrangeByKey
[0, 877, 128]        1097           244        5932           5932           0              ArrangeByKey
[0, 877, 131]        2619           242        13088          13088          0              ArrangeByKey
[0, 877, 134]        93             245        428            428            0              ArrangeByKey
[0, 877, 136]        2258           243        10925          10925          0              ArrangeByKey
[0, 877, 138]        146895         241        693706         693706         0              ArrangeByKey
[0, 877, 141]        617307         238        3294910        3294910        0              ArrangeBySelf
[0, 877, 144]        157849         238        820625         820625         0              ArrangeByKey
[0, 877, 146]        157849         238        820625         820625         0              ArrangeByKey
[0, 877, 148]        242053         238        1393459        1393459        0              ArrangeByKey
[0, 877, 150]        65714          239        317838         317838         0              ArrangeByKey
[0, 877, 154]        22510          238        123864         123864         0              ArrangeBySelf
[0, 877, 156]        1047           242        5497           5497           0              ArrangeByKey
[0, 877, 159]        561            243        3027           3027           0              ArrangeBySelf
[0, 877, 161]        871            243        4906           4906           0              ArrangeByKey
[0, 877, 164]        1421           245        7772           7772           0              ArrangeByKey
[0, 877, 167]        189            246        1073           1073           0              ArrangeByKey
[0, 877, 169]        10835          241        43806          43806          0              ArrangeByKey
[0, 877, 173]        5669           242        32266          32266          0              ArrangeBySelf
[0, 877, 177]        478            246        2550           2550           0              ArrangeBySelf
[0, 877, 182]        59             246        260            260            0              ArrangeBySelf
[0, 877, 185]        104            246        502            502            0              ArrangeByKey
[0, 877, 187]        50             246        198            198            0              ArrangeByKey
[0, 877, 191]        46             246        169            169            0              ArrangeByKey
[0, 877, 195]        61             246        250            250            0              ArrangeBySelf
[0, 877, 199]        287            244        1497           1497           0              ArrangeBySelf
[0, 877, 204]        4225           243        22456          22456          0              ArrangeByKey
[0, 877, 207]        141            246        729            729            0              ArrangeBySelf
[0, 877, 210]        59             247        256            256            0              ArrangeBySelf
[0, 877, 217]        2353           241        13424          13424          0              Arrange: Threshold
[0, 877, 218]        287            243        1497           1497           0              Threshold
[0, 877, 222]        2519           240        12627          12627          0              Arrange: Threshold
[0, 877, 223]        2495           241        12775          12775          0              Threshold
[0, 877, 226]        946            243        3175           3175           0              Arrange: Threshold
[0, 877, 227]        946            243        3175           3175           0              Threshold
[0, 877, 232]        11340          239        61775          61775          0              Arrange: Threshold
[0, 877, 233]        1379           242        7380           7380           0              Threshold
[0, 877, 236]        241429         239        1314329        1314329        0              Arrange: Threshold
[0, 877, 237]        220643         237        1138376        1138376        0              Threshold
[0, 877, 246]        183            246        924            924            0              Arrange: Threshold
[0, 877, 247]        49             247        240            240            0              Threshold
[0, 877, 250]        9226           241        46494          46494          0              Arrange: Threshold
[0, 877, 251]        4940           242        26308          26308          0              Threshold
[0, 877, 262]        1098193        236        5986825        5986825        0              Arrange: Threshold
[0, 877, 263]        617307         237        3294910        3294910        0              Threshold
[0, 887]             6306           0          0              0              0              Arrange: Threshold
[0, 888]             6306           0          0              0              0              Threshold
[0, 893]             0              0          0              0              0              Consolidate
[0, 898]             1178           0          0              0              0              Arrange: Threshold
[0, 899]             1178           0          0              0              0              Threshold
[0, 904]             0              0          0              0              0              Consolidate
[0, 909]             141            0          0              0              0              Arrange: Threshold
[0, 910]             141            0          0              0              0              Threshold
[0, 915]             0              0          0              0              0              Consolidate
[0, 920]             276            0          0              0              0              Arrange: Threshold
[0, 921]             276            0          0              0              0              Threshold
[0, 926]             0              0          0              0              0              Consolidate
[0, 931]             280            0          0              0              0              Arrange: Threshold
[0, 932]             280            0          0              0              0              Threshold
[0, 937]             0              0          0              0              0              Consolidate
[0, 942]             264            0          0              0              0              Arrange: Threshold
[0, 943]             264            0          0              0              0              Threshold
[0, 948]             0              0          0              0              0              Consolidate
[0, 953]             619            0          0              0              0              Arrange: Threshold
[0, 954]             619            0          0              0              0              Threshold
[0, 959]             0              0          0              0              0              Consolidate
[0, 964]             596            0          0              0              0              Arrange: Threshold
[0, 965]             596            0          0              0              0              Threshold
[0, 970]             0              0          0              0              0              Consolidate
[0, 975]             619            0          0              0              0              Arrange: Threshold
[0, 976]             619            0          0              0              0              Threshold
[0, 981]             0              0          0              0              0              Consolidate
[0, 986]             0              0          0              0              0              Arrange: Threshold
[0, 987]             0              0          0              0              0              Threshold
[0, 992]             0              0          0              0              0              Consolidate
[0, 997]             28             0          0              0              0              Arrange: Threshold
[0, 998]             28             0          0              0              0              Threshold
[0, 1003]            0              0          0              0              0              Consolidate
[0, 1008]            49             0          0              0              0              Arrange: Threshold
[0, 1009]            49             0          0              0              0              Threshold
[0, 1014]            0              0          0              0              0              Consolidate
[0, 1019]            2495           0          0              0              0              Arrange: Threshold
[0, 1020]            2495           0          0              0              0              Threshold
[0, 1025]            0              0          0              0              0              Consolidate
[0, 1030]            617307         0          0              0              0              Arrange: Threshold
[0, 1031]            617307         0          0              0              0              Threshold
[0, 1036]            0              0          0              0              0              Consolidate
[0, 1041]            220643         0          0              0              0              Arrange: Threshold
[0, 1042]            220643         0          0              0              0              Threshold
[0, 1047]            0              0          0              0              0              Consolidate
[0, 1052]            946            0          0              0              0              Arrange: Threshold
[0, 1053]            946            0          0              0              0              Threshold
[0, 1058]            0              0          0              0              0              Consolidate
[0, 1063]            1379           0          0              0              0              Arrange: Threshold
[0, 1064]            1379           0          0              0              0              Threshold
[0, 1069]            0              0          0              0              0              Consolidate
[0, 1074]            4940           0          0              0              0              Arrange: Threshold
[0, 1075]            4940           0          0              0              0              Threshold
[0, 1080]            0              0          0              0              0              Consolidate
[0, 1085]            287            0          0              0              0              Arrange: Threshold
[0, 1086]            287            0          0              0              0              Threshold
[0, 1091]            0              0          0              0              0              Consolidate
