addr                 batched_in     merges     merge_in       merge_out      dropped        name
[0, 3]               139            0          0              0              0              Arrange: Threshold
[0, 4]               139            0          0              0              0              Threshold
[0, 8]               67             0          0              0              0              Arrange: Threshold
[0, 9]               67             0          0              0              0              Threshold
[0, 13]              0              0          0              0              0              Arrange: Threshold
[0, 14]              0              0          0              0              0              Threshold
[0, 18]              1757           0          0              0              0              Arrange: Threshold
[0, 19]              1757           0          0              0              0              Threshold
[0, 23]              8              0          0              0              0              Arrange: Threshold
[0, 24]              8              0          0              0              0              Threshold
[0, 28]              2162           0          0              0              0              Arrange: Threshold
[0, 29]              2162           0          0              0              0              Threshold
[0, 33]              1565           0          0              0              0              Arrange: Threshold
[0, 34]              1565           0          0              0              0              Threshold
[0, 38]              1643           0          0              0              0              Arrange: Threshold
[0, 39]              1643           0          0              0              0              Threshold
[0, 43]              16994          0          0              0              0              Arrange: Threshold
[0, 44]              16994          0          0              0              0              Threshold
[0, 48]              1337           0          0              0              0              Arrange: Threshold
[0, 49]              1337           0          0              0              0              Threshold
[0, 53]              133            0          0              0              0              Arrange: Threshold
[0, 54]              133            0          0              0              0              Threshold
[0, 58]              10             0          0              0              0              Arrange: Threshold
[0, 59]              10             0          0              0              0              Threshold
[0, 63]              19             0          0              0              0              Arrange: Threshold
[0, 64]              19             0          0              0              0              Threshold
[0, 68]              39             0          0              0              0              Arrange: Threshold
[0, 69]              39             0          0              0              0              Threshold
[0, 73]              2139           0          0              0              0              Arrange: Threshold
[0, 74]              2139           0          0              0              0              Threshold
[0, 78]              769            0          0              0              0              Arrange: Threshold
[0, 79]              769            0          0              0              0              Threshold
[0, 83]              1588           0          0              0              0              Arrange: Threshold
[0, 84]              1588           0          0              0              0              Threshold
[0, 88]              5473           0          0              0              0              Arrange: Threshold
[0, 89]              5473           0          0              0              0              Threshold
[0, 93]              626            0          0              0              0              Arrange: Threshold
[0, 94]              626            0          0              0              0              Threshold
[0, 98]              598            0          0              0              0              Arrange: Threshold
[0, 99]              598            0          0              0              0              Threshold
[0, 103]             606            0          0              0              0              Arrange: Threshold
[0, 104]             606            0          0              0              0              Threshold
[0, 108]             1111           0          0              0              0              Arrange: Threshold
[0, 109]             1111           0          0              0              0              Threshold
[0, 113]             2757           0          0              0              0              Arrange: Threshold
[0, 114]             2757           0          0              0              0              Threshold
[0, 118]             1341           0          0              0              0              Arrange: Threshold
[0, 119]             1341           0          0              0              0              Threshold
[0, 123]             1417           0          0              0              0              Arrange: Threshold
[0, 124]             1417           0          0              0              0              Threshold
[0, 128]             674            0          0              0              0              Arrange: Threshold
[0, 129]             674            0          0              0              0              Threshold
[0, 133]             1854           0          0              0              0              Arrange: Threshold
[0, 134]             1854           0          0              0              0              Threshold
[0, 138]             146            0          0              0              0              Arrange: Threshold
[0, 139]             146            0          0              0              0              Threshold
[0, 143]             468            0          0              0              0              Arrange: Threshold
[0, 144]             468            0          0              0              0              Threshold
[0, 148]             814            0          0              0              0              Arrange: Threshold
[0, 149]             814            0          0              0              0              Threshold
[0, 153]             251            0          0              0              0              Arrange: Threshold
[0, 154]             251            0          0              0              0              Threshold
[0, 158]             929            0          0              0              0              Arrange: Threshold
[0, 159]             929            0          0              0              0              Threshold
[0, 215]             2139           0          0              0              0              Arrange: Threshold
[0, 216]             2139           0          0              0              0              Threshold
[0, 222]             162            0          0              0              0              Arrange: Threshold
[0, 223]             162            0          0              0              0              Threshold
[0, 226]             1648           0          0              0              0              Arrange: Threshold
[0, 227]             1648           0          0              0              0              Threshold
[0, 230]             622            0          0              0              0              Arrange: Threshold
[0, 231]             622            0          0              0              0              Threshold
[0, 234]             10             0          0              0              0              Arrange: Threshold
[0, 235]             10             0          0              0              0              Threshold
[0, 238]             608            0          0              0              0              Arrange: Threshold
[0, 239]             608            0          0              0              0              Threshold
[0, 242]             139            0          0              0              0              Arrange: Threshold
[0, 243]             139            0          0              0              0              Threshold
[0, 246]             281            0          0              0              0              Arrange: Threshold
[0, 247]             281            0          0              0              0              Threshold
[0, 250]             890            0          0              0              0              Arrange: Threshold
[0, 251]             890            0          0              0              0              Threshold
[0, 254]             5422           0          0              0              0              Arrange: Threshold
[0, 255]             5422           0          0              0              0              Threshold
[0, 258]             133            0          0              0              0              Arrange: Threshold
[0, 259]             133            0          0              0              0              Threshold
[0, 262]             658            0          0              0              0              Arrange: Threshold
[0, 263]             658            0          0              0              0              Threshold
[0, 268]             4455           0          0              0              0              Arrange: Threshold
[0, 269]             4455           0          0              0              0              Threshold
[0, 272]             591            0          0              0              0              Arrange: Threshold
[0, 273]             591            0          0              0              0              Threshold
[0, 276]             71             0          0              0              0              Arrange: Threshold
[0, 277]             71             0          0              0              0              Threshold
[0, 280]             825            0          0              0              0              Arrange: Threshold
[0, 281]             825            0          0              0              0              Threshold
[0, 284]             2751           0          0              0              0              Arrange: Threshold
[0, 285]             2751           0          0              0              0              Threshold
[0, 288]             577            0          0              0              0              Arrange: Threshold
[0, 289]             577            0          0              0              0              Threshold
[0, 295]             3152           0          0              0              0              Arrange: Threshold
[0, 296]             3152           0          0              0              0              Threshold
[0, 299]             1324           0          0              0              0              Arrange: Threshold
[0, 300]             1324           0          0              0              0              Threshold
[0, 305]             7507           0          0              0              0              Arrange: Threshold
[0, 306]             7507           0          0              0              0              Threshold
[0, 309]             1842           0          0              0              0              Arrange: Threshold
[0, 310]             1842           0          0              0              0              Threshold
[0, 313]             291            0          0              0              0              Arrange: Threshold
[0, 314]             291            0          0              0              0              Threshold
[0, 317]             19             0          0              0              0              Arrange: Threshold
[0, 318]             19             0          0              0              0              Threshold
[0, 333]             17180          0          0              0              0              Arrange: Threshold
[0, 334]             17180          0          0              0              0              Threshold
[0, 337]             1889           0          0              0              0              Arrange: Threshold
[0, 338]             1889           0          0              0              0              Threshold
[0, 341]             705            0          0              0              0              Arrange: Threshold
[0, 342]             705            0          0              0              0              Threshold
[0, 345]             130            0          0              0              0              Arrange: Threshold
[0, 346]             130            0          0              0              0              Threshold
[0, 353]             162            0          0              0              0              Arrange: Threshold
[0, 354]             162            0          0              0              0              Threshold
[0, 357]             824            0          0              0              0              Arrange: Threshold
[0, 358]             824            0          0              0              0              Threshold
[0, 361]             1298           0          0              0              0              Arrange: Threshold
[0, 362]             1298           0          0              0              0              Threshold
[0, 365]             1035           0          0              0              0              Arrange: Threshold
[0, 366]             1035           0          0              0              0              Threshold
[0, 369]             2698           0          0              0              0              Arrange: Threshold
[0, 370]             2698           0          0              0              0              Threshold
[0, 373]             482            0          0              0              0              Arrange: Threshold
[0, 374]             482            0          0              0              0              Threshold
[0, 378]             0              0          0              0              0              ArrangeBySelf
[0, 381]             0              0          0              0              0              ArrangeBySelf
[0, 383]             0              0          0              0              0              ArrangeByKey
[0, 385]             0              0          0              0              0              ArrangeByKey
[0, 389]             0              0          0              0              0              ArrangeBySelf
[0, 392]             0              0          0              0              0              ArrangeBySelf
[0, 394]             0              0          0              0              0              ArrangeByKey
[0, 397]             0              0          0              0              0              ArrangeByKey
[0, 400]             0              0          0              0              0              ArrangeByKey
[0, 408]             0              0          0              0              0              ArrangeBySelf
[0, 411]             857            0          0              0              0              ArrangeBySelf
[0, 414]             0              0          0              0              0              ArrangeBySelf
[0, 417]             215            0          0              0              0              ArrangeBySelf
[0, 419]             1306           0          0              0              0              ArrangeByKey
[0, 422]             0              0          0              0              0              ArrangeBySelf
[0, 424]             1              0          0              0              0              ArrangeByKey
[0, 426]             0              0          0              0              0              ArrangeByKey
[0, 429]             0              0          0              0              0              ArrangeBySelf
[0, 432]             0              0          0              0              0              ArrangeBySelf
[0, 435]             0              0          0              0              0              ArrangeBySelf
[0, 437]             0              0          0              0              0              ArrangeByKey
[0, 440]             0              0          0              0              0              ArrangeBySelf
[0, 443]             0              0          0              0              0              ArrangeBySelf
[0, 445]             0              0          0              0              0              ArrangeByKey
[0, 448]             0              0          0              0              0              ArrangeBySelf
[0, 452]             103            0          0              0              0              ArrangeBySelf
[0, 454]             1336           0          0              0              0              ArrangeByKey
[0, 456]             1336           0          0              0              0              ArrangeByKey
[0, 458]             1336           0          0              0              0              ArrangeByKey
[0, 461]             1298           0          0              0              0              Arrange: Threshold
[0, 462]             1298           0          0              0              0              Threshold
[0, 466]             108            0          0              0              0              Arrange: Threshold
[0, 467]             108            0          0              0              0              Threshold
[0, 473]             1190           0          0              0              0              Arrange: Threshold
[0, 474]             1190           0          0              0              0              Threshold
[0, 476]             1233           0          0              0              0              ArrangeByKey
[0, 479]             1417           0          0              0              0              Arrange: Threshold
[0, 480]             1417           0          0              0              0              Threshold
[0, 484]             125            0          0              0              0              Arrange: Threshold
[0, 485]             125            0          0              0              0              Threshold
[0, 491]             1292           0          0              0              0              Arrange: Threshold
[0, 492]             1292           0          0              0              0              Threshold
[0, 494]             1233           0          0              0              0              ArrangeByKey
[0, 497]             1324           0          0              0              0              Arrange: Threshold
[0, 498]             1324           0          0              0              0              Threshold
[0, 502]             102            0          0              0              0              Arrange: Threshold
[0, 503]             102            0          0              0              0              Threshold
[0, 509]             1222           0          0              0              0              Arrange: Threshold
[0, 510]             1222           0          0              0              0              Threshold
[0, 512]             1233           0          0              0              0              ArrangeByKey
[0, 514]             1233           0          0              0              0              ArrangeByKey
[0, 518]             2698           0          0              0              0              ArrangeBySelf
[0, 520]             4444           0          0              0              0              ArrangeByKey
[0, 522]             1811           0          0              0              0              ArrangeByKey
[0, 525]             1336           0          0              0              0              ArrangeBySelf
[0, 527]             1336           0          0              0              0              ArrangeByKey
[0, 529]             1809           0          0              0              0              ArrangeByKey
[0, 531]             1336           0          0              0              0              ArrangeByKey
[0, 535]             1336           0          0              0              0              ArrangeBySelf
[0, 537]             1336           0          0              0              0              ArrangeByKey
[0, 539]             1809           0          0              0              0              ArrangeByKey
[0, 541]             1336           0          0              0              0              ArrangeByKey
[0, 545]             608            0          0              0              0              ArrangeBySelf
[0, 547]             17143          0          0              0              0              ArrangeByKey
[0, 549]             4444           0          0              0              0              ArrangeByKey
[0, 551]             608            0          0              0              0              ArrangeByKey
[0, 553]             608            0          0              0              0              ArrangeByKey
[0, 556]             17143          0          0              0              0              ArrangeByKey
[0, 558]             932            0          0              0              0              ArrangeByKey
[0, 561]             1657           0          0              0              0              ArrangeByKey
[0, 563]             1657           0          0              0              0              ArrangeByKey
[0, 565]             7564           0          0              0              0              ArrangeByKey
[0, 568]             7564           0          0              0              0              ArrangeByKey
[0, 570]             7564           0          0              0              0              ArrangeByKey
[0, 572]             5298           0          0              0              0              ArrangeByKey
[0, 575]             609            0          0              0              0              ArrangeByKey
[0, 577]             609            0          0              0              0              ArrangeByKey
[0, 579]             609            0          0              0              0              ArrangeByKey
[0, 581]             609            0          0              0              0              ArrangeByKey
[0, 584]             839            0          0              0              0              ArrangeByKey
[0, 586]             839            0          0              0              0              ArrangeByKey
[0, 588]             839            0          0              0              0              ArrangeByKey
[0, 591]             258            0          0              0              0              ArrangeByKey
[0, 593]             258            0          0              0              0              ArrangeByKey
[0, 595]             258            0          0              0              0              ArrangeByKey
[0, 598]             138            0          0              0              0              ArrangeByKey
[0, 600]             138            0          0              0              0              ArrangeByKey
[0, 602]             3107           0          0              0              0              ArrangeByKey
[0, 605]             3107           0          0              0              0              ArrangeByKey
[0, 607]             455            0          0              0              0              ArrangeByKey
[0, 610]             657            0          0              0              0              ArrangeByKey
[0, 612]             657            0          0              0              0              ArrangeByKey
[0, 614]             657            0          0              0              0              ArrangeByKey
[0, 616]             657            0          0              0              0              ArrangeByKey
[0, 619]             1857           0          0              0              0              ArrangeByKey
[0, 621]             1857           0          0              0              0              ArrangeByKey
[0, 623]             1857           0          0              0              0              ArrangeByKey
[0, 625]             1857           0          0              0              0              ArrangeByKey
[0, 628]             1699           0          0              0              0              Arrange: Threshold
[0, 629]             1699           0          0              0              0              Threshold
[0, 632]             598            0          0              0              0              Arrange: Threshold
[0, 633]             598            0          0              0              0              Threshold
[0, 642]             42             0          0              0              0              Arrange: Threshold
[0, 643]             42             0          0              0              0              Threshold
[0, 646]             169            0          0              0              0              Arrange: Threshold
[0, 647]             169            0          0              0              0              Threshold
[0, 650]             2772           0          0              0              0              Arrange: Threshold
[0, 651]             2772           0          0              0              0              Threshold
[0, 654]             1841           0          0              0              0              Arrange: Threshold
[0, 655]             1841           0          0              0              0              Threshold
[0, 658]             814            0          0              0              0              Arrange: Threshold
[0, 659]             814            0          0              0              0              Threshold
[0, 662]             714            0          0              0              0              Arrange: Threshold
[0, 663]             714            0          0              0              0              Threshold
[0, 666]             1222           0          0              0              0              Arrange: Threshold
[0, 667]             1222           0          0              0              0              Threshold
[0, 670]             942            0          0              0              0              Arrange: Threshold
[0, 671]             942            0          0              0              0              Threshold
[0, 674]             607            0          0              0              0              Arrange: Threshold
[0, 675]             607            0          0              0              0              Threshold
[0, 678]             0              0          0              0              0              Arrange: Threshold
[0, 679]             0              0          0              0              0              Threshold
[0, 682]             116            0          0              0              0              Arrange: Threshold
[0, 683]             116            0          0              0              0              Threshold
[0, 686]             2676           0          0              0              0              Arrange: Threshold
[0, 687]             2676           0          0              0              0              Threshold
[0, 690]             4634           0          0              0              0              Arrange: Threshold
[0, 691]             4634           0          0              0              0              Threshold
[0, 694]             438            0          0              0              0              Arrange: Threshold
[0, 695]             438            0          0              0              0              Threshold
[0, 698]             294            0          0              0              0              Arrange: Threshold
[0, 699]             294            0          0              0              0              Threshold
[0, 702]             172            0          0              0              0              ArrangeByKey
[0, 704]             91             0          0              0              0              ArrangeByKey
[0, 705, 6]          253            8          286            286            0              ArrangeByKey
[0, 705, 12]         241            5          270            270            0              Arrange: Threshold
[0, 705, 13]         232            6          285            285            0              Threshold
[0, 710]             0              0          0              0              0              ArrangeBySelf
[0, 712]             1336           0          0              0              0              ArrangeByKey
[0, 717]             19             0          0              0              0              ArrangeBySelf
[0, 719]             253            0          0              0              0              ArrangeByKey
[0, 723]             133            0          0              0              0              ArrangeBySelf
[0, 727]             0              0          0              0              0              Arrange: Threshold
[0, 728]             0              0          0              0              0              Threshold
[0, 731]             29             0          0              0              0              Arrange: Threshold
[0, 732]             29             0          0              0              0              Threshold
[0, 737]             277            0          0              0              0              Arrange: Threshold
[0, 738]             277            0          0              0              0              Threshold
[0, 741]             0              0          0              0              0              Arrange: Threshold
[0, 742]             0              0          0              0              0              Threshold
[0, 745]             1222           0          0              0              0              Arrange: Threshold
[0, 746]             1222           0          0              0              0              Threshold
[0, 749]             133            0          0              0              0              ArrangeByKey
[0, 750, 5]          165            8          93             93             0              ArrangeByKey
[0, 750, 9]          266            5          194            194            0              Arrange: Threshold
[0, 750, 10]         266            5          194            194            0              Threshold
[0, 755]             557            0          0              0              0              Arrange: Threshold
[0, 756]             557            0          0              0              0              Threshold
[0, 759]             280            0          0              0              0              Arrange: Threshold
[0, 760]             280            0          0              0              0              Threshold
[0, 764]             1228           0          0              0              0              ArrangeBySelf
[0, 766]             91             0          0              0              0              ArrangeByKey
[0, 768]             172            0          0              0              0              ArrangeByKey
[0, 769, 7]          7952           8          14232          14232          0              ArrangeByKey
[0, 769, 9]          5450           5          11335          11335          0              ArrangeByKey
[0, 769, 12]         5402           5          6963           6963           0              Arrange: Threshold
[0, 769, 13]         5402           5          6963           6963           0              Threshold
[0, 769, 17]         269            8          234            234            0              Arrange: Threshold
[0, 769, 18]         269            8          234            234            0              Threshold
[0, 769, 24]         5058           5          6423           6423           0              Arrange: Threshold
[0, 769, 25]         5058           5          6423           6423           0              Threshold
[0, 769, 28]         65             9          65             65             0              ArrangeByKey
[0, 769, 31]         76             9          58             58             0              Arrange: Threshold
[0, 769, 32]         76             9          58             58             0              Threshold
[0, 769, 36]         19             10         16             16             0              Arrange: Threshold
[0, 769, 37]         19             10         16             16             0              Threshold
[0, 769, 43]         55             9          55             55             0              Arrange: Threshold
[0, 769, 44]         55             9          55             55             0              Threshold
[0, 769, 49]         6329           6          13083          13083          0              Arrange: Threshold
[0, 769, 50]         6321           6          13065          13065          0              Threshold
[0, 773]             162            0          0              0              0              ArrangeBySelf
[0, 775]             5              0          0              0              0              ArrangeByKey
[0, 777]             5              0          0              0              0              ArrangeByKey
[0, 779]             5              0          0              0              0              ArrangeByKey
[0, 781]             5              0          0              0              0              ArrangeByKey
[0, 782, 7]          756            1          0              0              0              ArrangeByKey
[0, 782, 9]          542            2          0              0              0              ArrangeByKey
[0, 782, 11]         756            1          0              0              0              ArrangeByKey
[0, 782, 13]         6              3          6              6              0              ArrangeByKey
[0, 782, 17]         582            1          0              0              0              Arrange: Threshold
[0, 782, 18]         582            1          0              0              0              Threshold
[0, 787]             573            0          0              0              0              Arrange: Threshold
[0, 788]             573            0          0              0              0              Threshold
[0, 791]             582            0          0              0              0              Arrange: Threshold
[0, 792]             582            0          0              0              0              Threshold
[0, 795]             133            0          0              0              0              ArrangeByKey
[0, 797]             31             0          0              0              0              ArrangeByKey
[0, 799]             364            0          0              0              0              ArrangeByKey
[0, 801]             1307           0          0              0              0              ArrangeByKey
[0, 803]             10             0          0              0              0              ArrangeByKey
[0, 806]             573            0          0              0              0              ArrangeBySelf
[0, 808]             270            0          0              0              0              ArrangeByKey
[0, 810]             16802          0          0              0              0              ArrangeByKey
[0, 812]             4697           0          0              0              0              ArrangeByKey
[0, 814]             1944           0          0              0              0              ArrangeByKey
[0, 816]             16449          0          0              0              0              ArrangeByKey
[0, 818]             1138           0          0              0              0              ArrangeByKey
[0, 820]             4444           0          0              0              0              ArrangeByKey
[0, 822]             1117           0          0              0              0              ArrangeByKey
[0, 824]             2698           0          0              0              0              ArrangeByKey
[0, 826]             2692           0          0              0              0              ArrangeByKey
[0, 828]             2692           0          0              0              0              ArrangeByKey
[0, 830]             6402           0          0              0              0              ArrangeByKey
[0, 832]             1454           0          0              0              0              ArrangeByKey
[0, 834]             4333           0          0              0              0              ArrangeByKey
[0, 836]             621            0          0              0              0              ArrangeByKey
[0, 838]             542            0          0              0              0              ArrangeByKey
[0, 840]             1421           0          0              0              0              ArrangeByKey
[0, 843]             1117           0          0              0              0              ArrangeBySelf
[0, 845]             928            0          0              0              0              ArrangeByKey
[0, 847]             2520           0          0              0              0              ArrangeByKey
[0, 849]             751            0          0              0              0              ArrangeByKey
[0, 851]             1331           0          0              0              0              ArrangeByKey
[0, 853]             82             0          0              0              0              ArrangeByKey
[0, 855]             286            0          0              0              0              ArrangeByKey
[0, 857]             600            0          0              0              0              ArrangeByKey
[0, 859]             419            0          0              0              0              ArrangeByKey
[0, 861]             165            0          0              0              0              ArrangeByKey
[0, 863]             154            0          0              0              0              ArrangeByKey
[0, 865]             1400           0          0              0              0              ArrangeByKey
[0, 867]             580            0          0              0              0              ArrangeByKey
[0, 870]             608            0          0              0              0              ArrangeBySelf
[0, 872]             4444           0          0              0              0              ArrangeByKey
[0, 874]             608            0          0              0              0              ArrangeByKey
[0, 876]             1336           0          0              0              0              ArrangeByKey
[0, 877, 52]         56             246        255            255            0              ArrangeBySelf
[0, 877, 57]         261            244        1395           1395           0              ArrangeBySelf
[0, 877, 59]         171            245        625            625            0              ArrangeByKey
[0, 877, 61]         633986         237        3430401        3430401        0              ArrangeByKey
[0, 877, 63]         719            242        1812           1812           0              ArrangeByKey
[0, 877, 65]         15704          240        83117          83117          0              ArrangeByKey
[0, 877, 67]         6817           244        14563          14563          0              ArrangeByKey
[0, 877, 69]         0              249        0              0              0              ArrangeByKey
[0, 877, 71]         4517           241        20235          20235          0              ArrangeByKey
[0, 877, 74]         56             247        303            303            0              ArrangeByKey
[0, 877, 76]         235            243        959            959            0              ArrangeByKey
[0, 877, 78]         6816           245        14557          14557          0              ArrangeByKey
[0, 877, 80]         44165          241        84135          84135          0              ArrangeByKey
[0, 877, 82]         13648          244        14820          14820          0              ArrangeByKey
[0, 877, 84]         0              249        0              0              0              ArrangeByKey
[0, 877, 86]         0              249        0              0              0              ArrangeByKey
[0, 877, 89]         1079           242        5740           5740           0              ArrangeByKey
[0, 877, 92]         522            244        2469           2469           0              ArrangeByKey
[0, 877, 94]         9782           239        47016          47016          0              ArrangeByKey
[0, 877, 96]         215452         241        1139399        1139399        0              ArrangeByKey
[0, 877, 100]        4347           242        22633          22633          0              ArrangeBySelf
[0, 877, 102]        265            245        1296           1296           0              ArrangeByKey
[0, 877, 104]        1051           244        6010           6010           0              ArrangeByKey
[0, 877, 106]        1660           243        9213           9213           0              ArrangeByKey
[0, 877, 108]        1337           243        7696           7696           0              ArrangeByKey
[0, 877, 111]        590            244        2849           2849           0              ArrangeByKey
[0, 877, 113]        622            242        3059           3059           0              ArrangeByKey
[0, 877, 115]        622            242        3059           3059           0              ArrangeByKey
[0, 877, 117]        157896         239        827443         827443         0              ArrangeByKey
[0, 877, 119]        15069          238        82943          82943          0              ArrangeByKey
[0, 877, 121]        15069          238        82943          82943          0              ArrangeByKey
[0, 877, 123]        10596          239        53774          53774          0              ArrangeByKey
[0, 877, 126]        1122           243        4506           4506           0              ArrangeByKey
[0, 877, 128]        1263           242        6032           6032           0              ArrangeByKey
[0, 877, 131]        2883           245        17999          17999          0              ArrangeByKey
[0, 877, 134]        122            245        554            554            0              ArrangeByKey
[0, 877, 136]        2508           243        13104          13104          0              ArrangeByKey
[0, 877, 138]        147850         241        687884         687884         0              ArrangeByKey
[0, 877, 141]        616839         238        3274053        3274053        0              ArrangeBySelf
[0, 877, 144]        146681         237        699484         699484         0              ArrangeByKey
[0, 877, 146]        146681         237        699484         699484         0              ArrangeByKey
[0, 877, 148]        13129          241        77012          77012          0              ArrangeByKey
[0, 877, 150]        1366           241        6516           6516           0              ArrangeByKey
[0, 877, 154]        21287          240        117332         117332         0              ArrangeBySelf
[0, 877, 156]        1074           243        4324           4324           0              ArrangeByKey
[0, 877, 159]        752            242        4086           4086           0              ArrangeBySelf
[0, 877, 161]        937            244        5200           5200           0              ArrangeByKey
[0, 877, 164]        1192           241        5796           5796           0              ArrangeByKey
[0, 877, 167]        163            246        850            850            0              ArrangeByKey
[0, 877, 169]        15730          242        63326          63326          0              ArrangeByKey
[0, 877, 173]        5249           241        26719          26719          0              ArrangeBySelf
[0, 877, 177]        381            244        2043           2043           0              ArrangeBySelf
[0, 877, 182]        64             245        261            261            0              ArrangeBySelf
[0, 877, 185]        100            246        416            416            0              ArrangeByKey
[0, 877, 187]        3376           243        9714           9714           0              ArrangeByKey
[0, 877, 191]        59             246        232            232            0              ArrangeByKey
[0, 877, 195]        56             245        226            226            0              ArrangeBySelf
[0, 877, 199]        261            244        1395           1395           0              ArrangeBySelf
[0, 877, 204]        4347           242        22633          22633          0              ArrangeByKey
[0, 877, 207]        113            245        580            580            0              ArrangeBySelf
[0, 877, 210]        117            246        609            609            0              ArrangeBySelf
[0, 877, 217]        1055           242        5834           5834           0              Arrange: Threshold
[0, 877, 218]        261            243        1395           1395           0              Threshold
[0, 877, 222]        2408           241        12415          12415          0              Arrange: Threshold
[0, 877, 223]        2393           241        12440          12440          0              Threshold
[0, 877, 226]        954            243        3576           3576           0              Arrange: Threshold
[0, 877, 227]        954            243        3576           3576           0              Threshold
[0, 877, 232]        11049          239        60601          60601          0              Arrange: Threshold
[0, 877, 233]        1313           242        6731           6731           0              Threshold
[0, 877, 236]        241261         237        1252140        1252140        0              Arrange: Threshold
[0, 877, 237]        220361         236        1153527        1153527        0              Threshold
[0, 877, 246]        358            245        1905           1905           0              Arrange: Threshold
[0, 877, 247]        56             245        255            255            0              Threshold
[0, 877, 250]        8986           238        44877          44877          0              Arrange: Threshold
[0, 877, 251]        4905           240        23861          23861          0              Threshold
[0, 877, 262]        1097547        235        6047374        6047374        0              Arrange: Threshold
[0, 877, 263]        616839         237        3274053        3274053        0              Threshold
[0, 887]             6321           0          0              0              0              Arrange: Threshold
[0, 888]             6321           0          0              0              0              Threshold
[0, 893]             0              0          0              0              0              Consolidate
[0, 898]             1222           0          0              0              0              Arrange: Threshold
[0, 899]             1222           0          0              0              0              Threshold
[0, 904]             0              0          0              0              0              Consolidate
[0, 909]             139            0          0              0              0              Arrange: Threshold
[0, 910]             139            0          0              0              0              Threshold
[0, 915]             0              0          0              0              0              Consolidate
[0, 920]             266            0          0              0              0              Arrange: Threshold
[0, 921]             266            0          0              0              0              Threshold
[0, 926]             0              0          0              0              0              Consolidate
[0, 931]             280            0          0              0              0              Arrange: Threshold
[0, 932]             280            0          0              0              0              Threshold
[0, 937]             0              0          0              0              0              Consolidate
[0, 942]             232            0          0              0              0              Arrange: Threshold
[0, 943]             232            0          0              0              0              Threshold
[0, 948]             0              0          0              0              0              Consolidate
[0, 953]             582            0          0              0              0              Arrange: Threshold
[0, 954]             582            0          0              0              0              Threshold
[0, 959]             0              0          0              0              0              Consolidate
[0, 964]             573            0          0              0              0              Arrange: Threshold
[0, 965]             573            0          0              0              0              Threshold
[0, 970]             0              0          0              0              0              Consolidate
[0, 975]             582            0          0              0              0              Arrange: Threshold
[0, 976]             582            0          0              0              0              Threshold
[0, 981]             0              0          0              0              0              Consolidate
[0, 986]             0              0          0              0              0              Arrange: Threshold
[0, 987]             0              0          0              0              0              Threshold
[0, 992]             0              0          0              0              0              Consolidate
[0, 997]             29             0          0              0              0              Arrange: Threshold
[0, 998]             29             0          0              0              0              Threshold
[0, 1003]            0              0          0              0              0              Consolidate
[0, 1008]            56             0          0              0              0              Arrange: Threshold
[0, 1009]            56             0          0              0              0              Threshold
[0, 1014]            0              0          0              0              0              Consolidate
[0, 1019]            2393           0          0              0              0              Arrange: Threshold
[0, 1020]            2393           0          0              0              0              Threshold
[0, 1025]            0              0          0              0              0              Consolidate
[0, 1030]            616839         0          0              0              0              Arrange: Threshold
[0, 1031]            616839         0          0              0              0              Threshold
[0, 1036]            0              0          0              0              0              Consolidate
[0, 1041]            220361         0          0              0              0              Arrange: Threshold
[0, 1042]            220361         0          0              0              0              Threshold
[0, 1047]            0              0          0              0              0              Consolidate
[0, 1052]            954            0          0              0              0              Arrange: Threshold
[0, 1053]            954            0          0              0              0              Threshold
[0, 1058]            0              0          0              0              0              Consolidate
[0, 1063]            1313           0          0              0              0              Arrange: Threshold
[0, 1064]            1313           0          0              0              0              Threshold
[0, 1069]            0              0          0              0              0              Consolidate
[0, 1074]            4905           0          0              0              0              Arrange: Threshold
[0, 1075]            4905           0          0              0              0              Threshold
[0, 1080]            0              0          0              0              0              Consolidate
[0, 1085]            261            0          0              0              0              Arrange: Threshold
[0, 1086]            261            0          0              0              0              Threshold
[0, 1091]            0              0          0              0              0              Consolidate
