addr                 batched_in     merges     merge_in       merge_out      dropped        name
[0, 3]               142            0          0              0              0              Arrange: Threshold
[0, 4]               142            0          0              0              0              Threshold
[0, 8]               78             0          0              0              0              Arrange: Threshold
[0, 9]               78             0          0              0              0              Threshold
[0, 13]              0              0          0              0              0              Arrange: Threshold
[0, 14]              0              0          0              0              0              Threshold
[0, 18]              1325           0          0              0              0              Arrange: Threshold
[0, 19]              1325           0          0              0              0              Threshold
[0, 23]              12             0          0              0              0              Arrange: Threshold
[0, 24]              12             0          0              0              0              Threshold
[0, 28]              2612           0          0              0              0              Arrange: Threshold
[0, 29]              2612           0          0              0              0              Threshold
[0, 33]              3042           0          0              0              0              Arrange: Threshold
[0, 34]              3042           0          0              0              0              Threshold
[0, 38]              1634           0          0              0              0              Arrange: Threshold
[0, 39]              1634           0          0              0              0              Threshold
[0, 43]              16983          0          0              0              0              Arrange: Threshold
[0, 44]              16983          0          0              0              0              Threshold
[0, 48]              1330           0          0              0              0              Arrange: Threshold
[0, 49]              1330           0          0              0              0              Threshold
[0, 53]              113            0          0              0              0              Arrange: Threshold
[0, 54]              113            0          0              0              0              Threshold
[0, 58]              10             0          0              0              0              Arrange: Threshold
[0, 59]              10             0          0              0              0              Threshold
[0, 63]              22             0          0              0              0              Arrange: Threshold
[0, 64]              22             0          0              0              0              Threshold
[0, 68]              39             0          0              0              0              Arrange: Threshold
[0, 69]              39             0          0              0              0              Threshold
[0, 73]              792            0          0              0              0              Arrange: Threshold
[0, 74]              792            0          0              0              0              Threshold
[0, 78]              769            0          0              0              0              Arrange: Threshold
[0, 79]              769            0          0              0              0              Threshold
[0, 83]              1606           0          0              0              0              Arrange: Threshold
[0, 84]              1606           0          0              0              0              Threshold
[0, 88]              5188           0          0              0              0              Arrange: Threshold
[0, 89]              5188           0          0              0              0              Threshold
[0, 93]              592            0          0              0              0              Arrange: Threshold
[0, 94]              592            0          0              0              0              Threshold
[0, 98]              600            0          0              0              0              Arrange: Threshold
[0, 99]              600            0          0              0              0              Threshold
[0, 103]             592            0          0              0              0              Arrange: Threshold
[0, 104]             592            0          0              0              0              Threshold
[0, 108]             1039           0          0              0              0              Arrange: Threshold
[0, 109]             1039           0          0              0              0              Threshold
[0, 113]             2873           0          0              0              0              Arrange: Threshold
[0, 114]             2873           0          0              0              0              Threshold
[0, 118]             1383           0          0              0              0              Arrange: Threshold
[0, 119]             1383           0          0              0              0              Threshold
[0, 123]             1342           0          0              0              0              Arrange: Threshold
[0, 124]             1342           0          0              0              0              Threshold
[0, 128]             617            0          0              0              0              Arrange: Threshold
[0, 129]             617            0          0              0              0              Threshold
[0, 133]             1848           0          0              0              0              Arrange: Threshold
[0, 134]             1848           0          0              0              0              Threshold
[0, 138]             124            0          0              0              0              Arrange: Threshold
[0, 139]             124            0          0              0              0              Threshold
[0, 143]             458            0          0              0              0              Arrange: Threshold
[0, 144]             458            0          0              0              0              Threshold
[0, 148]             793            0          0              0              0              Arrange: Threshold
[0, 149]             793            0          0              0              0              Threshold
[0, 153]             290            0          0              0              0              Arrange: Threshold
[0, 154]             290            0          0              0              0              Threshold
[0, 158]             948            0          0              0              0              Arrange: Threshold
[0, 159]             948            0          0              0              0              Threshold
[0, 215]             792            0          0              0              0              Arrange: Threshold
[0, 216]             792            0          0              0              0              Threshold
[0, 222]             145            0          0              0              0              Arrange: Threshold
[0, 223]             145            0          0              0              0              Threshold
[0, 226]             1621           0          0              0              0              Arrange: Threshold
[0, 227]             1621           0          0              0              0              Threshold
[0, 230]             657            0          0              0              0              Arrange: Threshold
[0, 231]             657            0          0              0              0              Threshold
[0, 234]             10             0          0              0              0              Arrange: Threshold
[0, 235]             10             0          0              0              0              Threshold
[0, 238]             624            0          0              0              0              Arrange: Threshold
[0, 239]             624            0          0              0              0              Threshold
[0, 242]             142            0          0              0              0              Arrange: Threshold
[0, 243]             142            0          0              0              0              Threshold
[0, 246]             270            0          0              0              0              Arrange: Threshold
[0, 247]             270            0          0              0              0              Threshold
[0, 250]             927            0          0              0              0              Arrange: Threshold
[0, 251]             927            0          0              0              0              Threshold
[0, 254]             5408           0          0              0              0              Arrange: Threshold
[0, 255]             5408           0          0              0              0              Threshold
[0, 258]             113            0          0              0              0              Arrange: Threshold
[0, 259]             113            0          0              0              0              Threshold
[0, 262]             703            0          0              0              0              Arrange: Threshold
[0, 263]             703            0          0              0              0              Threshold
[0, 268]             4257           0          0              0              0              Arrange: Threshold
[0, 269]             4257           0          0              0              0              Threshold
[0, 272]             579            0          0              0              0              Arrange: Threshold
[0, 273]             579            0          0              0              0              Threshold
[0, 276]             88             0          0              0              0              Arrange: Threshold
[0, 277]             88             0          0              0              0              Threshold
[0, 280]             819            0          0              0              0              Arrange: Threshold
[0, 281]             819            0          0              0              0              Threshold
[0, 284]             2707           0          0              0              0              Arrange: Threshold
[0, 285]             2707           0          0              0              0              Threshold
[0, 288]             683            0          0              0              0              Arrange: Threshold
[0, 289]             683            0          0              0              0              Threshold
[0, 295]             3202           0          0              0              0              Arrange: Threshold
[0, 296]             3202           0          0              0              0              Threshold
[0, 299]             1292           0          0              0              0              Arrange: Threshold
[0, 300]             1292           0          0              0              0              Threshold
[0, 305]             7630           0          0              0              0              Arrange: Threshold
[0, 306]             7630           0          0              0              0              Threshold
[0, 309]             1897           0          0              0              0              Arrange: Threshold
[0, 310]             1897           0          0              0              0              Threshold
[0, 313]             277            0          0              0              0              Arrange: Threshold
[0, 314]             277            0          0              0              0              Threshold
[0, 317]             22             0          0              0              0              Arrange: Threshold
[0, 318]             22             0          0              0              0              Threshold
[0, 333]             17318          0          0              0              0              Arrange: Threshold
[0, 334]             17318          0          0              0              0              Threshold
[0, 337]             1923           0          0              0              0              Arrange: Threshold
[0, 338]             1923           0          0              0              0              Threshold
[0, 341]             667            0          0              0              0              Arrange: Threshold
[0, 342]             667            0          0              0              0              Threshold
[0, 345]             138            0          0              0              0              Arrange: Threshold
[0, 346]             138            0          0              0              0              Threshold
[0, 353]             145            0          0              0              0              Arrange: Threshold
[0, 354]             145            0          0              0              0              Threshold
[0, 357]             814            0          0              0              0              Arrange: Threshold
[0, 358]             814            0          0              0              0              Threshold
[0, 361]             1248           0          0              0              0              Arrange: Threshold
[0, 362]             1248           0          0              0              0              Threshold
[0, 365]             1050           0          0              0              0              Arrange: Threshold
[0, 366]             1050           0          0              0              0              Threshold
[0, 369]             2737           0          0              0              0              Arrange: Threshold
[0, 370]             2737           0          0              0              0              Threshold
[0, 373]             457            0          0              0              0              Arrange: Threshold
[0, 374]             457            0          0              0              0              Threshold
[0, 378]             0              0          0              0              0              ArrangeBySelf
[0, 381]             0              0          0              0              0              ArrangeBySelf
[0, 383]             0              0          0              0              0              ArrangeByKey
[0, 385]             0              0          0              0              0              ArrangeByKey
[0, 389]             0              0          0              0              0              ArrangeBySelf
[0, 392]             0              0          0              0              0              ArrangeBySelf
[0, 394]             0              0          0              0              0              ArrangeByKey
[0, 397]             0              0          0              0              0              ArrangeByKey
[0, 400]             0              0          0              0              0              ArrangeByKey
[0, 408]             0              0          0              0              0              ArrangeBySelf
[0, 411]             875            0          0              0              0              ArrangeBySelf
[0, 414]             1              0          0              0              0              ArrangeBySelf
[0, 417]             192            0          0              0              0              ArrangeBySelf
[0, 419]             1117           0          0              0              0              ArrangeByKey
[0, 422]             0              0          0              0              0              ArrangeBySelf
[0, 424]             0              0          0              0              0              ArrangeByKey
[0, 426]             0              0          0              0              0              ArrangeByKey
[0, 429]             0              0          0              0              0              ArrangeBySelf
[0, 432]             0              0          0              0              0              ArrangeBySelf
[0, 435]             0              0          0              0              0              ArrangeBySelf
[0, 437]             0              0          0              0              0              ArrangeByKey
[0, 440]             0              0          0              0              0              ArrangeBySelf
[0, 443]             0              0          0              0              0              ArrangeBySelf
[0, 445]             0              0          0              0              0              ArrangeByKey
[0, 448]             0              0          0              0              0              ArrangeBySelf
[0, 452]             110            0          0              0              0              ArrangeBySelf
[0, 454]             1309           0          0              0              0              ArrangeByKey
[0, 456]             1309           0          0              0              0              ArrangeByKey
[0, 458]             1309           0          0              0              0              ArrangeByKey
[0, 461]             1248           0          0              0              0              Arrange: Threshold
[0, 462]             1248           0          0              0              0              Threshold
[0, 466]             110            0          0              0              0              Arrange: Threshold
[0, 467]             110            0          0              0              0              Threshold
[0, 473]             1138           0          0              0              0              Arrange: Threshold
[0, 474]             1138           0          0              0              0              Threshold
[0, 476]             1199           0          0              0              0              ArrangeByKey
[0, 479]             1342           0          0              0              0              Arrange: Threshold
[0, 480]             1342           0          0              0              0              Threshold
[0, 484]             108            0          0              0              0              Arrange: Threshold
[0, 485]             108            0          0              0              0              Threshold
[0, 491]             1234           0          0              0              0              Arrange: Threshold
[0, 492]             1234           0          0              0              0              Threshold
[0, 494]             1199           0          0              0              0              ArrangeByKey
[0, 497]             1292           0          0              0              0              Arrange: Threshold
[0, 498]             1292           0          0              0              0              Threshold
[0, 502]             86             0          0              0              0              Arrange: Threshold
[0, 503]             86             0          0              0              0              Threshold
[0, 509]             1206           0          0              0              0              Arrange: Threshold
[0, 510]             1206           0          0              0              0              Threshold
[0, 512]             1199           0          0              0              0              ArrangeByKey
[0, 514]             1199           0          0              0              0              ArrangeByKey
[0, 518]             2737           0          0              0              0              ArrangeBySelf
[0, 520]             4469           0          0              0              0              ArrangeByKey
[0, 522]             1747           0          0              0              0              ArrangeByKey
[0, 525]             1309           0          0              0              0              ArrangeBySelf
[0, 527]             1309           0          0              0              0              ArrangeByKey
[0, 529]             1746           0          0              0              0              ArrangeByKey
[0, 531]             1309           0          0              0              0              ArrangeByKey
[0, 535]             1309           0          0              0              0              ArrangeBySelf
[0, 537]             1309           0          0              0              0              ArrangeByKey
[0, 539]             1746           0          0              0              0              ArrangeByKey
[0, 541]             1309           0          0              0              0              ArrangeByKey
[0, 545]             624            0          0              0              0              ArrangeBySelf
[0, 547]             17165          0          0              0              0              ArrangeByKey
[0, 549]             4469           0          0              0              0              ArrangeByKey
[0, 551]             624            0          0              0              0              ArrangeByKey
[0, 553]             624            0          0              0              0              ArrangeByKey
[0, 556]             17165          0          0              0              0              ArrangeByKey
[0, 558]             919            0          0              0              0              ArrangeByKey
[0, 561]             1643           0          0              0              0              ArrangeByKey
[0, 563]             1643           0          0              0              0              ArrangeByKey
[0, 565]             7550           0          0              0              0              ArrangeByKey
[0, 568]             7550           0          0              0              0              ArrangeByKey
[0, 570]             7550           0          0              0              0              ArrangeByKey
[0, 572]             5298           0          0              0              0              ArrangeByKey
[0, 575]             609            0          0              0              0              ArrangeByKey
[0, 577]             609            0          0              0              0              ArrangeByKey
[0, 579]             609            0          0              0              0              ArrangeByKey
[0, 581]             609            0          0              0              0              ArrangeByKey
[0, 584]             822            0          0              0              0              ArrangeByKey
[0, 586]             822            0          0              0              0              ArrangeByKey
[0, 588]             822            0          0              0              0              ArrangeByKey
[0, 591]             261            0          0              0              0              ArrangeByKey
[0, 593]             261            0          0              0              0              ArrangeByKey
[0, 595]             261            0          0              0              0              ArrangeByKey
[0, 598]             143            0          0              0              0              ArrangeByKey
[0, 600]             143            0          0              0              0              ArrangeByKey
[0, 602]             3144           0          0              0              0              ArrangeByKey
[0, 605]             3144           0          0              0              0              ArrangeByKey
[0, 607]             459            0          0              0              0              ArrangeByKey
[0, 610]             711            0          0              0              0              ArrangeByKey
[0, 612]             711            0          0              0              0              ArrangeByKey
[0, 614]             711            0          0              0              0              ArrangeByKey
[0, 616]             711            0          0              0              0              ArrangeByKey
[0, 619]             1831           0          0              0              0              ArrangeByKey
[0, 621]             1831           0          0              0              0              ArrangeByKey
[0, 623]             1831           0          0              0              0              ArrangeByKey
[0, 625]             1831           0          0              0              0              ArrangeByKey
[0, 628]             1944           0          0              0              0              Arrange: Threshold
[0, 629]             1944           0          0              0              0              Threshold
[0, 632]             626            0          0              0              0              Arrange: Threshold
[0, 633]             626            0          0              0              0              Threshold
[0, 642]             47             0          0              0              0              Arrange: Threshold
[0, 643]             47             0          0              0              0              Threshold
[0, 646]             133            0          0              0              0              Arrange: Threshold
[0, 647]             133            0          0              0              0              Threshold
[0, 650]             2747           0          0              0              0              Arrange: Threshold
[0, 651]             2747           0          0              0              0              Threshold
[0, 654]             1887           0          0              0              0              Arrange: Threshold
[0, 655]             1887           0          0              0              0              Threshold
[0, 658]             861            0          0              0              0              Arrange: Threshold
[0, 659]             861            0          0              0              0              Threshold
[0, 662]             646            0          0              0              0              Arrange: Threshold
[0, 663]             646            0          0              0              0              Threshold
[0, 666]             1197           0          0              0              0              Arrange: Threshold
[0, 667]             1197           0          0              0              0              Threshold
[0, 670]             888            0          0              0              0              Arrange: Threshold
[0, 671]             888            0          0              0              0              Threshold
[0, 674]             649            0          0              0              0              Arrange: Threshold
[0, 675]             649            0          0              0              0              Threshold
[0, 678]             0              0          0              0              0              Arrange: Threshold
[0, 679]             0              0          0              0              0              Threshold
[0, 682]             99             0          0              0              0              Arrange: Threshold
[0, 683]             99             0          0              0              0              Threshold
[0, 686]             2684           0          0              0              0              Arrange: Threshold
[0, 687]             2684           0          0              0              0              Threshold
[0, 690]             4815           0          0              0              0              Arrange: Threshold
[0, 691]             4815           0          0              0              0              Threshold
[0, 694]             490            0          0              0              0              Arrange: Threshold
[0, 695]             490            0          0              0              0              Threshold
[0, 698]             280            0          0              0              0              Arrange: Threshold
[0, 699]             280            0          0              0              0              Threshold
[0, 702]             37             0          0              0              0              ArrangeByKey
[0, 704]             28             0          0              0              0              ArrangeByKey
[0, 705, 6]          230            7          325            325            0              ArrangeByKey
[0, 705, 12]         255            6          339            339            0              Arrange: Threshold
[0, 705, 13]         250            6          330            330            0              Threshold
[0, 710]             0              0          0              0              0              ArrangeBySelf
[0, 712]             1309           0          0              0              0              ArrangeByKey
[0, 717]             22             0          0              0              0              ArrangeBySelf
[0, 719]             230            0          0              0              0              ArrangeByKey
[0, 723]             113            0          0              0              0              ArrangeBySelf
[0, 727]             0              0          0              0              0              Arrange: Threshold
[0, 728]             0              0          0              0              0              Threshold
[0, 731]             31             0          0              0              0              Arrange: Threshold
[0, 732]             31             0          0              0              0              Threshold
[0, 737]             317            0          0              0              0              Arrange: Threshold
[0, 738]             317            0          0              0              0              Threshold
[0, 741]             0              0          0              0              0              Arrange: Threshold
[0, 742]             0              0          0              0              0              Threshold
[0, 745]             1197           0          0              0              0              Arrange: Threshold
[0, 746]             1197           0          0              0              0              Threshold
[0, 749]             112            0          0              0              0              ArrangeByKey
[0, 750, 5]          38             9          28             28             0              ArrangeByKey
[0, 750, 9]          222            8          333            333            0              Arrange: Threshold
[0, 750, 10]         222            8          333            333            0              Threshold
[0, 755]             602            0          0              0              0              Arrange: Threshold
[0, 756]             602            0          0              0              0              Threshold
[0, 759]             285            0          0              0              0              Arrange: Threshold
[0, 760]             285            0          0              0              0              Threshold
[0, 764]             1163           0          0              0              0              ArrangeBySelf
[0, 766]             28             0          0              0              0              ArrangeByKey
[0, 768]             37             0          0              0              0              ArrangeByKey
[0, 769, 7]          4626           7          4818           4818           0              ArrangeByKey
[0, 769, 9]          5433           6          7188           7188           0              ArrangeByKey
[0, 769, 12]         5387           5          6962           6962           0              Arrange: Threshold
[0, 769, 13]         5387           5          6962           6962           0              Threshold
[0, 769, 17]         267            8          212            212            0              Arrange: Threshold
[0, 769, 18]         267            8          212            212            0              Threshold
[0, 769, 24]         5090           6          6631           6631           0              Arrange: Threshold
[0, 769, 25]         5090           6          6631           6631           0              Threshold
[0, 769, 28]         71             8          51             51             0              ArrangeByKey
[0, 769, 31]         67             9          46             46             0              Arrange: Threshold
[0, 769, 32]         67             9          46             46             0              Threshold
[0, 769, 36]         17             10         17             17             0              Arrange: Threshold
[0, 769, 37]         17             10         17             17             0              Threshold
[0, 769, 43]         47             8          31             31             0              Arrange: Threshold
[0, 769, 44]         46             8          31             31             0              Threshold
[0, 769, 49]         6328           7          13294          13294          0              Arrange: Threshold
[0, 769, 50]         6326           7          13289          13289          0              Threshold
[0, 773]             145            0          0              0              0              ArrangeBySelf
[0, 775]             6              0          0              0              0              ArrangeByKey
[0, 777]             6              0          0              0              0              ArrangeByKey
[0, 779]             6              0          0              0              0              ArrangeByKey
[0, 781]             6              0          0              0              0              ArrangeByKey
[0, 782, 7]          673            0          0              0              0              ArrangeByKey
[0, 782, 9]          351            2          0              0              0              ArrangeByKey
[0, 782, 11]         673            0          0              0              0              ArrangeByKey
[0, 782, 13]         8              1          0              0              0              ArrangeByKey
[0, 782, 17]         623            1          0              0              0              Arrange: Threshold
[0, 782, 18]         623            1          0              0              0              Threshold
[0, 787]             537            0          0              0              0              Arrange: Threshold
[0, 788]             537            0          0              0              0              Threshold
[0, 791]             623            0          0              0              0              Arrange: Threshold
[0, 792]             623            0          0              0              0              Threshold
[0, 795]             112            0          0              0              0              ArrangeByKey
[0, 797]             30             0          0              0              0              ArrangeByKey
[0, 799]             252            0          0              0              0              ArrangeByKey
[0, 801]             1347           0          0              0              0              ArrangeByKey
[0, 803]             10             0          0              0              0              ArrangeByKey
[0, 806]             537            0          0              0              0              ArrangeBySelf
[0, 808]             218            0          0              0              0              ArrangeByKey
[0, 810]             16876          0          0              0              0              ArrangeByKey
[0, 812]             4224           0          0              0              0              ArrangeByKey
[0, 814]             1812           0          0              0              0              ArrangeByKey
[0, 816]             14958          0          0              0              0              ArrangeByKey
[0, 818]             1108           0          0              0              0              ArrangeByKey
[0, 820]             4469           0          0              0              0              ArrangeByKey
[0, 822]             1114           0          0              0              0              ArrangeByKey
[0, 824]             2737           0          0              0              0              ArrangeByKey
[0, 826]             2730           0          0              0              0              ArrangeByKey
[0, 828]             2730           0          0              0              0              ArrangeByKey
[0, 830]             6436           0          0              0              0              ArrangeByKey
[0, 832]             1421           0          0              0              0              ArrangeByKey
[0, 834]             4365           0          0              0              0              ArrangeByKey
[0, 836]             530            0          0              0              0              ArrangeByKey
[0, 838]             351            0          0              0              0              ArrangeByKey
[0, 840]             333            0          0              0              0              ArrangeByKey
[0, 843]             1114           0          0              0              0              ArrangeBySelf
[0, 845]             940            0          0              0              0              ArrangeByKey
[0, 847]             2564           0          0              0              0              ArrangeByKey
[0, 849]             714            0          0              0              0              ArrangeByKey
[0, 851]             1155           0          0              0              0              ArrangeByKey
[0, 853]             56             0          0              0              0              ArrangeByKey
[0, 855]             241            0          0              0              0              ArrangeByKey
[0, 857]             600            0          0              0              0              ArrangeByKey
[0, 859]             335            0          0              0              0              ArrangeByKey
[0, 861]             122            0          0              0              0              ArrangeByKey
[0, 863]             119            0          0              0              0              ArrangeByKey
[0, 865]             1195           0          0              0              0              ArrangeByKey
[0, 867]             554            0          0              0              0              ArrangeByKey
[0, 870]             624            0          0              0              0              ArrangeBySelf
[0, 872]             4469           0          0              0              0              ArrangeByKey
[0, 874]             624            0          0              0              0              ArrangeByKey
[0, 876]             1309           0          0              0              0              ArrangeByKey
[0, 877, 52]         48             248        234            234            0              ArrangeBySelf
[0, 877, 57]         247            246        1365           1365           0              ArrangeBySelf
[0, 877, 59]         297            243        614            614            0              ArrangeByKey
[0, 877, 61]         599968         234        2901740        2901740        0              ArrangeByKey
[0, 877, 63]         411            245        1496           1496           0              ArrangeByKey
[0, 877, 65]         15805          241        81031          81031          0              ArrangeByKey
[0, 877, 67]         233            245        532            532            0              ArrangeByKey
[0, 877, 69]         1              248        82             82             0              ArrangeByKey
[0, 877, 71]         4784           242        26760          26760          0              ArrangeByKey
[0, 877, 74]         54             246        220            220            0              ArrangeByKey
[0, 877, 76]         346            245        1810           1810           0              ArrangeByKey
[0, 877, 78]         231            247        528            528            0              ArrangeByKey
[0, 877, 80]         78474          242        432033         432033         0              ArrangeByKey
[0, 877, 82]         572            245        1151           1151           0              ArrangeByKey
[0, 877, 84]         0              249        0              0              0              ArrangeByKey
[0, 877, 86]         0              249        0              0              0              ArrangeByKey
[0, 877, 89]         1056           244        5824           5824           0              ArrangeByKey
[0, 877, 92]         496            245        2361           2361           0              ArrangeByKey
[0, 877, 94]         9450           239        47629          47629          0              ArrangeByKey
[0, 877, 96]         205051         240        1052694        1052694        0              ArrangeByKey
[0, 877, 100]        4265           239        21723          21723          0              ArrangeBySelf
[0, 877, 102]        256            245        1322           1322           0              ArrangeByKey
[0, 877, 104]        1035           241        5287           5287           0              ArrangeByKey
[0, 877, 106]        4219           243        18622          18622          0              ArrangeByKey
[0, 877, 108]        2496           241        11351          11351          0              ArrangeByKey
[0, 877, 111]        566            244        2925           2925           0              ArrangeByKey
[0, 877, 113]        639            244        3213           3213           0              ArrangeByKey
[0, 877, 115]        639            244        3213           3213           0              ArrangeByKey
[0, 877, 117]        134108         239        750806         750806         0              ArrangeByKey
[0, 877, 119]        17724          240        96609          96609          0              ArrangeByKey
[0, 877, 121]        17724          240        96609          96609          0              ArrangeByKey
[0, 877, 123]        10172          240        51339          51339          0              ArrangeByKey
[0, 877, 126]        812            243        4677           4677           0              ArrangeByKey
[0, 877, 128]        1414           243        7226           7226           0              ArrangeByKey
[0, 877, 131]        2435           244        11849          11849          0              ArrangeByKey
[0, 877, 134]        20             247        56             56             0              ArrangeByKey
[0, 877, 136]        1712           243        8995           8995           0              ArrangeByKey
[0, 877, 138]        147435         241        696075         696075         0              ArrangeByKey
[0, 877, 141]        617255         238        3289981        3289981        0              ArrangeBySelf
[0, 877, 144]        143428         238        717486         717486         0              ArrangeByKey
[0, 877, 146]        143428         238        717486         717486         0              ArrangeByKey
[0, 877, 148]        11533          239        67491          67491          0              ArrangeByKey
[0, 877, 150]        6444           243        34281          34281          0              ArrangeByKey
[0, 877, 154]        21094          238        117344         117344         0              ArrangeBySelf
[0, 877, 156]        559            244        2767           2767           0              ArrangeByKey
[0, 877, 159]        904            243        5407           5407           0              ArrangeBySelf
[0, 877, 161]        910            244        4802           4802           0              ArrangeByKey
[0, 877, 164]        1491           245        7981           7981           0              ArrangeByKey
[0, 877, 167]        206            246        1116           1116           0              ArrangeByKey
[0, 877, 169]        47293          241        225411         225411         0              ArrangeByKey
[0, 877, 173]        5245           240        27385          27385          0              ArrangeBySelf
[0, 877, 177]        354            245        1729           1729           0              ArrangeBySelf
[0, 877, 182]        63             246        268            268            0              ArrangeBySelf
[0, 877, 185]        170            244        427            427            0              ArrangeByKey
[0, 877, 187]        45             246        206            206            0              ArrangeByKey
[0, 877, 191]        59             246        232            232            0              ArrangeByKey
[0, 877, 195]        49             246        207            207            0              ArrangeBySelf
[0, 877, 199]        247            246        1365           1365           0              ArrangeBySelf
[0, 877, 204]        4265           239        21723          21723          0              ArrangeByKey
[0, 877, 207]        123            245        633            633            0              ArrangeBySelf
[0, 877, 210]        59             246        296            296            0              ArrangeBySelf
[0, 877, 217]        1509           243        9701           9701           0              Arrange: Threshold
[0, 877, 218]        247            245        1365           1365           0              Threshold
[0, 877, 222]        2416           241        12723          12723          0              Arrange: Threshold
[0, 877, 223]        2392           241        12587          12587          0              Threshold
[0, 877, 226]        977            242        3402           3402           0              Arrange: Threshold
[0, 877, 227]        977            242        3402           3402           0              Threshold
[0, 877, 232]        9749           240        54328          54328          0              Arrange: Threshold
[0, 877, 233]        1307           241        6713           6713           0              Threshold
[0, 877, 236]        241628         238        1314604        1314604        0              Arrange: Threshold
[0, 877, 237]        220830         238        1150506        1150506        0              Threshold
[0, 877, 246]        100            246        519            519            0              Arrange: Threshold
[0, 877, 247]        48             247        234            234            0              Threshold
[0, 877, 250]        9231           241        47645          47645          0              Arrange: Threshold
[0, 877, 251]        4966           241        25715          25715          0              Threshold
[0, 877, 262]        1099026        237        6282417        6282417        0              Arrange: Threshold
[0, 877, 263]        617255         238        3289981        3289981        0              Threshold
[0, 887]             6326           0          0              0              0              Arrange: Threshold
[0, 888]             6326           0          0              0              0              Threshold
[0, 893]             0              0          0              0              0              Consolidate
[0, 898]             1197           0          0              0              0              Arrange: Threshold
[0, 899]             1197           0          0              0              0              Threshold
[0, 904]             0              0          0              0              0              Consolidate
[0, 909]             142            0          0              0              0              Arrange: Threshold
[0, 910]             142            0          0              0              0              Threshold
[0, 915]             0              0          0              0              0              Consolidate
[0, 920]             222            0          0              0              0              Arrange: Threshold
[0, 921]             222            0          0              0              0              Threshold
[0, 926]             0              0          0              0              0              Consolidate
[0, 931]             285            0          0              0              0              Arrange: Threshold
[0, 932]             285            0          0              0              0              Threshold
[0, 937]             0              0          0              0              0              Consolidate
[0, 942]             250            0          0              0              0              Arrange: Threshold
[0, 943]             250            0          0              0              0              Threshold
[0, 948]             0              0          0              0              0              Consolidate
[0, 953]             623            0          0              0              0              Arrange: Threshold
[0, 954]             623            0          0              0              0              Threshold
[0, 959]             0              0          0              0              0              Consolidate
[0, 964]             537            0          0              0              0              Arrange: Threshold
[0, 965]             537            0          0              0              0              Threshold
[0, 970]             0              0          0              0              0              Consolidate
[0, 975]             623            0          0              0              0              Arrange: Threshold
[0, 976]             623            0          0              0              0              Threshold
[0, 981]             0              0          0              0              0              Consolidate
[0, 986]             0              0          0              0              0              Arrange: Threshold
[0, 987]             0              0          0              0              0              Threshold
[0, 992]             0              0          0              0              0              Consolidate
[0, 997]             31             0          0              0              0              Arrange: Threshold
[0, 998]             31             0          0              0              0              Threshold
[0, 1003]            0              0          0              0              0              Consolidate
[0, 1008]            48             0          0              0              0              Arrange: Threshold
[0, 1009]            48             0          0              0              0              Threshold
[0, 1014]            0              0          0              0              0              Consolidate
[0, 1019]            2392           0          0              0              0              Arrange: Threshold
[0, 1020]            2392           0          0              0              0              Threshold
[0, 1025]            0              0          0              0              0              Consolidate
[0, 1030]            617255         0          0              0              0              Arrange: Threshold
[0, 1031]            617255         0          0              0              0              Threshold
[0, 1036]            0              0          0              0              0              Consolidate
[0, 1041]            220830         0          0              0              0              Arrange: Threshold
[0, 1042]            220830         0          0              0              0              Threshold
[0, 1047]            0              0          0              0              0              Consolidate
[0, 1052]            977            0          0              0              0              Arrange: Threshold
[0, 1053]            977            0          0              0              0              Threshold
[0, 1058]            0              0          0              0              0              Consolidate
[0, 1063]            1307           0          0              0              0              Arrange: Threshold
[0, 1064]            1307           0          0              0              0              Threshold
[0, 1069]            0              0          0              0              0              Consolidate
[0, 1074]            4966           0          0              0              0              Arrange: Threshold
[0, 1075]            4966           0          0              0              0              Threshold
[0, 1080]            0              0          0              0              0              Consolidate
[0, 1085]            247            0          0              0              0              Arrange: Threshold
[0, 1086]            247            0          0              0              0              Threshold
[0, 1091]            0              0          0              0              0              Consolidate
