addr                 batched_in     merges     merge_in       merge_out      dropped        name
[0, 3]               131            0          0              0              0              Arrange: Threshold
[0, 4]               131            0          0              0              0              Threshold
[0, 8]               67             0          0              0              0              Arrange: Threshold
[0, 9]               67             0          0              0              0              Threshold
[0, 13]              0              0          0              0              0              Arrange: Threshold
[0, 14]              0              0          0              0              0              Threshold
[0, 18]              1544           0          0              0              0              Arrange: Threshold
[0, 19]              1544           0          0              0              0              Threshold
[0, 23]              8              0          0              0              0              Arrange: Threshold
[0, 24]              8              0          0              0              0              Threshold
[0, 28]              2113           0          0              0              0              Arrange: Threshold
[0, 29]              2113           0          0              0              0              Threshold
[0, 33]              1778           0          0              0              0              Arrange: Threshold
[0, 34]              1778           0          0              0              0              Threshold
[0, 38]              1663           0          0              0              0              Arrange: Threshold
[0, 39]              1663           0          0              0              0              Threshold
[0, 43]              16831          0          0              0              0              Arrange: Threshold
[0, 44]              16831          0          0              0              0              Threshold
[0, 48]              1338           0          0              0              0              Arrange: Threshold
[0, 49]              1338           0          0              0              0              Threshold
[0, 53]              149            0          0              0              0              Arrange: Threshold
[0, 54]              149            0          0              0              0              Threshold
[0, 58]              10             0          0              0              0              Arrange: Threshold
[0, 59]              10             0          0              0              0              Threshold
[0, 63]              22             0          0              0              0              Arrange: Threshold
[0, 64]              22             0          0              0              0              Threshold
[0, 68]              39             0          0              0              0              Arrange: Threshold
[0, 69]              39             0          0              0              0              Threshold
[0, 73]              1768           0          0              0              0              Arrange: Threshold
[0, 74]              1768           0          0              0              0              Threshold
[0, 78]              762            0          0              0              0              Arrange: Threshold
[0, 79]              762            0          0              0              0              Threshold
[0, 83]              1685           0          0              0              0              Arrange: Threshold
[0, 84]              1685           0          0              0              0              Threshold
[0, 88]              5340           0          0              0              0              Arrange: Threshold
[0, 89]              5340           0          0              0              0              Threshold
[0, 93]              621            0          0              0              0              Arrange: Threshold
[0, 94]              621            0          0              0              0              Threshold
[0, 98]              618            0          0              0              0              Arrange: Threshold
[0, 99]              618            0          0              0              0              Threshold
[0, 103]             603            0          0              0              0              Arrange: Threshold
[0, 104]             603            0          0              0              0              Threshold
[0, 108]             1087           0          0              0              0              Arrange: Threshold
[0, 109]             1087           0          0              0              0              Threshold
[0, 113]             2772           0          0              0              0              Arrange: Threshold
[0, 114]             2772           0          0              0              0              Threshold
[0, 118]             1279           0          0              0              0              Arrange: Threshold
[0, 119]             1279           0          0              0              0              Threshold
[0, 123]             1346           0          0              0              0              Arrange: Threshold
[0, 124]             1346           0          0              0              0              Threshold
[0, 128]             651            0          0              0              0              Arrange: Threshold
[0, 129]             651            0          0              0              0              Threshold
[0, 133]             1881           0          0              0              0              Arrange: Threshold
[0, 134]             1881           0          0              0              0              Threshold
[0, 138]             151            0          0              0              0              Arrange: Threshold
[0, 139]             151            0          0              0              0              Threshold
[0, 143]             470            0          0              0              0              Arrange: Threshold
[0, 144]             470            0          0              0              0              Threshold
[0, 148]             779            0          0              0              0              Arrange: Threshold
[0, 149]             779            0          0              0              0              Threshold
[0, 153]             272            0          0              0              0              Arrange: Threshold
[0, 154]             272            0          0              0              0              Threshold
[0, 158]             916            0          0              0              0              Arrange: Threshold
[0, 159]             916            0          0              0              0              Threshold
[0, 215]             1768           0          0              0              0              Arrange: Threshold
[0, 216]             1768           0          0              0              0              Threshold
[0, 222]             181            0          0              0              0              Arrange: Threshold
[0, 223]             181            0          0              0              0              Threshold
[0, 226]             1604           0          0              0              0              Arrange: Threshold
[0, 227]             1604           0          0              0              0              Threshold
[0, 230]             618            0          0              0              0              Arrange: Threshold
[0, 231]             618            0          0              0              0              Threshold
[0, 234]             10             0          0              0              0              Arrange: Threshold
[0, 235]             10             0          0              0              0              Threshold
[0, 238]             605            0          0              0              0              Arrange: Threshold
[0, 239]             605            0          0              0              0              Threshold
[0, 242]             131            0          0              0              0              Arrange: Threshold
[0, 243]             131            0          0              0              0              Threshold
[0, 246]             302            0          0              0              0              Arrange: Threshold
[0, 247]             302            0          0              0              0              Threshold
[0, 250]             960            0          0              0              0              Arrange: Threshold
[0, 251]             960            0          0              0              0              Threshold
[0, 254]             5347           0          0              0              0              Arrange: Threshold
[0, 255]             5347           0          0              0              0              Threshold
[0, 258]             149            0          0              0              0              Arrange: Threshold
[0, 259]             149            0          0              0              0              Threshold
[0, 262]             670            0          0              0              0              Arrange: Threshold
[0, 263]             670            0          0              0              0              Threshold
[0, 268]             4274           0          0              0              0              Arrange: Threshold
[0, 269]             4274           0          0              0              0              Threshold
[0, 272]             595            0          0              0              0              Arrange: Threshold
[0, 273]             595            0          0              0              0              Threshold
[0, 276]             65             0          0              0              0              Arrange: Threshold
[0, 277]             65             0          0              0              0              Threshold
[0, 280]             801            0          0              0              0              Arrange: Threshold
[0, 281]             801            0          0              0              0              Threshold
[0, 284]             2754           0          0              0              0              Arrange: Threshold
[0, 285]             2754           0          0              0              0              Threshold
[0, 288]             627            0          0              0              0              Arrange: Threshold
[0, 289]             627            0          0              0              0              Threshold
[0, 295]             3123           0          0              0              0              Arrange: Threshold
[0, 296]             3123           0          0              0              0              Threshold
[0, 299]             1307           0          0              0              0              Arrange: Threshold
[0, 300]             1307           0          0              0              0              Threshold
[0, 305]             7459           0          0              0              0              Arrange: Threshold
[0, 306]             7459           0          0              0              0              Threshold
[0, 309]             1874           0          0              0              0              Arrange: Threshold
[0, 310]             1874           0          0              0              0              Threshold
[0, 313]             289            0          0              0              0              Arrange: Threshold
[0, 314]             289            0          0              0              0              Threshold
[0, 317]             22             0          0              0              0              Arrange: Threshold
[0, 318]             22             0          0              0              0              Threshold
[0, 333]             17087          0          0              0              0              Arrange: Threshold
[0, 334]             17087          0          0              0              0              Threshold
[0, 337]             1871           0          0              0              0              Arrange: Threshold
[0, 338]             1871           0          0              0              0              Threshold
[0, 341]             668            0          0              0              0              Arrange: Threshold
[0, 342]             668            0          0              0              0              Threshold
[0, 345]             145            0          0              0              0              Arrange: Threshold
[0, 346]             145            0          0              0              0              Threshold
[0, 353]             181            0          0              0              0              Arrange: Threshold
[0, 354]             181            0          0              0              0              Threshold
[0, 357]             821            0          0              0              0              Arrange: Threshold
[0, 358]             821            0          0              0              0              Threshold
[0, 361]             1341           0          0              0              0              Arrange: Threshold
[0, 362]             1341           0          0              0              0              Threshold
[0, 365]             1036           0          0              0              0              Arrange: Threshold
[0, 366]             1036           0          0              0              0              Threshold
[0, 369]             2725           0          0              0              0              Arrange: Threshold
[0, 370]             2725           0          0              0              0              Threshold
[0, 373]             471            0          0              0              0              Arrange: Threshold
[0, 374]             471            0          0              0              0              Threshold
[0, 378]             0              0          0              0              0              ArrangeBySelf
[0, 381]             0              0          0              0              0              ArrangeBySelf
[0, 383]             0              0          0              0              0              ArrangeByKey
[0, 385]             0              0          0              0              0              ArrangeByKey
[0, 389]             0              0          0              0              0              ArrangeBySelf
[0, 392]             0              0          0              0              0              ArrangeBySelf
[0, 394]             0              0          0              0              0              ArrangeByKey
[0, 397]             0              0          0              0              0              ArrangeByKey
[0, 400]             0              0          0              0              0              ArrangeByKey
[0, 408]             0              0          0              0              0              ArrangeBySelf
[0, 411]             853            0          0              0              0              ArrangeBySelf
[0, 414]             1              0          0              0              0              ArrangeBySelf
[0, 417]             195            0          0              0              0              ArrangeBySelf
[0, 419]             1581           0          0              0              0              ArrangeByKey
[0, 422]             0              0          0              0              0              ArrangeBySelf
[0, 424]             0              0          0              0              0              ArrangeByKey
[0, 426]             0              0          0              0              0              ArrangeByKey
[0, 429]             0              0          0              0              0              ArrangeBySelf
[0, 432]             0              0          0              0              0              ArrangeBySelf
[0, 435]             0              0          0              0              0              ArrangeBySelf
[0, 437]             0              0          0              0              0              ArrangeByKey
[0, 440]             0              0          0              0              0              ArrangeBySelf
[0, 443]             0              0          0              0              0              ArrangeBySelf
[0, 445]             0              0          0              0              0              ArrangeByKey
[0, 448]             0              0          0              0              0              ArrangeBySelf
[0, 452]             109            0          0              0              0              ArrangeBySelf
[0, 454]             1292           0          0              0              0              ArrangeByKey
[0, 456]             1292           0          0              0              0              ArrangeByKey
[0, 458]             1292           0          0              0              0              ArrangeByKey
[0, 461]             1341           0          0              0              0              Arrange: Threshold
[0, 462]             1341           0          0              0              0              Threshold
[0, 466]             109            0          0              0              0              Arrange: Threshold
[0, 467]             109            0          0              0              0              Threshold
[0, 473]             1232           0          0              0              0              Arrange: Threshold
[0, 474]             1232           0          0              0              0              Threshold
[0, 476]             1183           0          0              0              0              ArrangeByKey
[0, 479]             1346           0          0              0              0              Arrange: Threshold
[0, 480]             1346           0          0              0              0              Threshold
[0, 484]             118            0          0              0              0              Arrange: Threshold
[0, 485]             118            0          0              0              0              Threshold
[0, 491]             1228           0          0              0              0              Arrange: Threshold
[0, 492]             1228           0          0              0              0              Threshold
[0, 494]             1183           0          0              0              0              ArrangeByKey
[0, 497]             1307           0          0              0              0              Arrange: Threshold
[0, 498]             1307           0          0              0              0              Threshold
[0, 502]             110            0          0              0              0              Arrange: Threshold
[0, 503]             110            0          0              0              0              Threshold
[0, 509]             1197           0          0              0              0              Arrange: Threshold
[0, 510]             1197           0          0              0              0              Threshold
[0, 512]             1183           0          0              0              0              ArrangeByKey
[0, 514]             1183           0          0              0              0              ArrangeByKey
[0, 518]             2725           0          0              0              0              ArrangeBySelf
[0, 520]             4359           0          0              0              0              ArrangeByKey
[0, 522]             2557           0          0              0              0              ArrangeByKey
[0, 525]             1292           0          0              0              0              ArrangeBySelf
[0, 527]             1292           0          0              0              0              ArrangeByKey
[0, 529]             2555           0          0              0              0              ArrangeByKey
[0, 531]             1292           0          0              0              0              ArrangeByKey
[0, 535]             1292           0          0              0              0              ArrangeBySelf
[0, 537]             1292           0          0              0              0              ArrangeByKey
[0, 539]             2555           0          0              0              0              ArrangeByKey
[0, 541]             1292           0          0              0              0              ArrangeByKey
[0, 545]             605            0          0              0              0              ArrangeBySelf
[0, 547]             17145          0          0              0              0              ArrangeByKey
[0, 549]             4359           0          0              0              0              ArrangeByKey
[0, 551]             605            0          0              0              0              ArrangeByKey
[0, 553]             605            0          0              0              0              ArrangeByKey
[0, 556]             17145          0          0              0              0              ArrangeByKey
[0, 558]             899            0          0              0              0              ArrangeByKey
[0, 561]             1659           0          0              0              0              ArrangeByKey
[0, 563]             1659           0          0              0              0              ArrangeByKey
[0, 565]             7565           0          0              0              0              ArrangeByKey
[0, 568]             7565           0          0              0              0              ArrangeByKey
[0, 570]             7565           0          0              0              0              ArrangeByKey
[0, 572]             5297           0          0              0              0              ArrangeByKey
[0, 575]             609            0          0              0              0              ArrangeByKey
[0, 577]             609            0          0              0              0              ArrangeByKey
[0, 579]             609            0          0              0              0              ArrangeByKey
[0, 581]             609            0          0              0              0              ArrangeByKey
[0, 584]             805            0          0              0              0              ArrangeByKey
[0, 586]             805            0          0              0              0              ArrangeByKey
[0, 588]             805            0          0              0              0              ArrangeByKey
[0, 591]             308            0          0              0              0              ArrangeByKey
[0, 593]             308            0          0              0              0              ArrangeByKey
[0, 595]             308            0          0              0              0              ArrangeByKey
[0, 598]             157            0          0              0              0              ArrangeByKey
[0, 600]             157            0          0              0              0              ArrangeByKey
[0, 602]             3209           0          0              0              0              ArrangeByKey
[0, 605]             3209           0          0              0              0              ArrangeByKey
[0, 607]             498            0          0              0              0              ArrangeByKey
[0, 610]             684            0          0              0              0              ArrangeByKey
[0, 612]             684            0          0              0              0              ArrangeByKey
[0, 614]             684            0          0              0              0              ArrangeByKey
[0, 616]             684            0          0              0              0              ArrangeByKey
[0, 619]             1870           0          0              0              0              ArrangeByKey
[0, 621]             1870           0          0              0              0              ArrangeByKey
[0, 623]             1870           0          0              0              0              ArrangeByKey
[0, 625]             1870           0          0              0              0              ArrangeByKey
[0, 628]             1628           0          0              0              0              Arrange: Threshold
[0, 629]             1628           0          0              0              0              Threshold
[0, 632]             585            0          0              0              0              Arrange: Threshold
[0, 633]             585            0          0              0              0              Threshold
[0, 642]             49             0          0              0              0              Arrange: Threshold
[0, 643]             49             0          0              0              0              Threshold
[0, 646]             143            0          0              0              0              Arrange: Threshold
[0, 647]             143            0          0              0              0              Threshold
[0, 650]             2689           0          0              0              0              Arrange: Threshold
[0, 651]             2689           0          0              0              0              Threshold
[0, 654]             1785           0          0              0              0              Arrange: Threshold
[0, 655]             1785           0          0              0              0              Threshold
[0, 658]             790            0          0              0              0              Arrange: Threshold
[0, 659]             790            0          0              0              0              Threshold
[0, 662]             679            0          0              0              0              Arrange: Threshold
[0, 663]             679            0          0              0              0              Threshold
[0, 666]             1197           0          0              0              0              Arrange: Threshold
[0, 667]             1197           0          0              0              0              Threshold
[0, 670]             947            0          0              0              0              Arrange: Threshold
[0, 671]             947            0          0              0              0              Threshold
[0, 674]             584            0          0              0              0              Arrange: Threshold
[0, 675]             584            0          0              0              0              Threshold
[0, 678]             0              0          0              0              0              Arrange: Threshold
[0, 679]             0              0          0              0              0              Threshold
[0, 682]             126            0          0              0              0              Arrange: Threshold
[0, 683]             126            0          0              0              0              Threshold
[0, 686]             2809           0          0              0              0              Arrange: Threshold
[0, 687]             2809           0          0              0              0              Threshold
[0, 690]             4773           0          0              0              0              Arrange: Threshold
[0, 691]             4773           0          0              0              0              Threshold
[0, 694]             468            0          0              0              0              Arrange: Threshold
[0, 695]             468            0          0              0              0              Threshold
[0, 698]             297            0          0              0              0              Arrange: Threshold
[0, 699]             297            0          0              0              0              Threshold
[0, 702]             51             0          0              0              0              ArrangeByKey
[0, 704]             69             0          0              0              0              ArrangeByKey
[0, 705, 6]          254            8          451            451            0              ArrangeByKey
[0, 705, 12]         264            7          316            316            0              Arrange: Threshold
[0, 705, 13]         256            7          307            307            0              Threshold
[0, 710]             0              0          0              0              0              ArrangeBySelf
[0, 712]             1292           0          0              0              0              ArrangeByKey
[0, 717]             22             0          0              0              0              ArrangeBySelf
[0, 719]             254            0          0              0              0              ArrangeByKey
[0, 723]             149            0          0              0              0              ArrangeBySelf
[0, 727]             0              0          0              0              0              Arrange: Threshold
[0, 728]             0              0          0              0              0              Threshold
[0, 731]             22             0          0              0              0              Arrange: Threshold
[0, 732]             22             0          0              0              0              Threshold
[0, 737]             303            0          0              0              0              Arrange: Threshold
[0, 738]             303            0          0              0              0              Threshold
[0, 741]             0              0          0              0              0              Arrange: Threshold
[0, 742]             0              0          0              0              0              Threshold
[0, 745]             1197           0          0              0              0              Arrange: Threshold
[0, 746]             1197           0          0              0              0              Threshold
[0, 749]             149            0          0              0              0              ArrangeByKey
[0, 750, 5]          85             9          69             69             0              ArrangeByKey
[0, 750, 9]          261            6          251            251            0              Arrange: Threshold
[0, 750, 10]         261            6          251            251            0              Threshold
[0, 755]             595            0          0              0              0              Arrange: Threshold
[0, 756]             595            0          0              0              0              Threshold
[0, 759]             292            0          0              0              0              Arrange: Threshold
[0, 760]             292            0          0              0              0              Threshold
[0, 764]             1147           0          0              0              0              ArrangeBySelf
[0, 766]             69             0          0              0              0              ArrangeByKey
[0, 768]             51             0          0              0              0              ArrangeByKey
[0, 769, 7]          5538           7          6401           6401           0              ArrangeByKey
[0, 769, 9]          5347           5          6975           6975           0              ArrangeByKey
[0, 769, 12]         5401           5          7171           7171           0              Arrange: Threshold
[0, 769, 13]         5401           5          7171           7171           0              Threshold
[0, 769, 17]         245            7          207            207            0              Arrange: Threshold
[0, 769, 18]         245            7          207            207            0              Threshold
[0, 769, 24]         5151           4          6620           6620           0              Arrange: Threshold
[0, 769, 25]         5151           4          6620           6620           0              Threshold
[0, 769, 28]         60             9          40             40             0              ArrangeByKey
[0, 769, 31]         87             9          87             87             0              Arrange: Threshold
[0, 769, 32]         87             9          87             87             0              Threshold
[0, 769, 36]         23             10         23             23             0              Arrange: Threshold
[0, 769, 37]         23             10         23             23             0              Threshold
[0, 769, 43]         54             9          31             31             0              Arrange: Threshold
[0, 769, 44]         53             9          31             31             0              Threshold
[0, 769, 49]         6396           5          13198          13198          0              Arrange: Threshold
[0, 769, 50]         6390           5          13184          13184          0              Threshold
[0, 773]             181            0          0              0              0              ArrangeBySelf
[0, 775]             14             0          0              0              0              ArrangeByKey
[0, 777]             14             0          0              0              0              ArrangeByKey
[0, 779]             14             0          0              0              0              ArrangeByKey
[0, 781]             14             0          0              0              0              ArrangeByKey
[0, 782, 7]          798            1          0              0              0              ArrangeByKey
[0, 782, 9]          509            1          1              1              0              ArrangeByKey
[0, 782, 11]         798            1          0              0              0              ArrangeByKey
[0, 782, 13]         25             2          0              0              0              ArrangeByKey
[0, 782, 17]         620            1          0              0              0              Arrange: Threshold
[0, 782, 18]         620            1          0              0              0              Threshold
[0, 787]             593            0          0              0              0              Arrange: Threshold
[0, 788]             593            0          0              0              0              Threshold
[0, 791]             620            0          0              0              0              Arrange: Threshold
[0, 792]             620            0          0              0              0              Threshold
[0, 795]             149            0          0              0              0              ArrangeByKey
[0, 797]             43             0          0              0              0              ArrangeByKey
[0, 799]             392            0          0              0              0              ArrangeByKey
[0, 801]             1339           0          0              0              0              ArrangeByKey
[0, 803]             10             0          0              0              0              ArrangeByKey
[0, 806]             593            0          0              0              0              ArrangeBySelf
[0, 808]             210            0          0              0              0              ArrangeByKey
[0, 810]             16846          0          0              0              0              ArrangeByKey
[0, 812]             4161           0          0              0              0              ArrangeByKey
[0, 814]             1399           0          0              0              0              ArrangeByKey
[0, 816]             14281          0          0              0              0              ArrangeByKey
[0, 818]             1029           0          0              0              0              ArrangeByKey
[0, 820]             4359           0          0              0              0              ArrangeByKey
[0, 822]             1094           0          0              0              0              ArrangeByKey
[0, 824]             2725           0          0              0              0              ArrangeByKey
[0, 826]             2721           0          0              0              0              ArrangeByKey
[0, 828]             2721           0          0              0              0              ArrangeByKey
[0, 830]             6236           0          0              0              0              ArrangeByKey
[0, 832]             1406           0          0              0              0              ArrangeByKey
[0, 834]             4255           0          0              0              0              ArrangeByKey
[0, 836]             454            0          0              0              0              ArrangeByKey
[0, 838]             509            0          0              0              0              ArrangeByKey
[0, 840]             636            0          0              0              0              ArrangeByKey
[0, 843]             1094           0          0              0              0              ArrangeBySelf
[0, 845]             909            0          0              0              0              ArrangeByKey
[0, 847]             2540           0          0              0              0              ArrangeByKey
[0, 849]             580            0          0              0              0              ArrangeByKey
[0, 851]             1080           0          0              0              0              ArrangeByKey
[0, 853]             95             0          0              0              0              ArrangeByKey
[0, 855]             334            0          0              0              0              ArrangeByKey
[0, 857]             600            0          0              0              0              ArrangeByKey
[0, 859]             467            0          0              0              0              ArrangeByKey
[0, 861]             94             0          0              0              0              ArrangeByKey
[0, 863]             94             0          0              0              0              ArrangeByKey
[0, 865]             1126           0          0              0              0              ArrangeByKey
[0, 867]             543            0          0              0              0              ArrangeByKey
[0, 870]             605            0          0              0              0              ArrangeBySelf
[0, 872]             4359           0          0              0              0              ArrangeByKey
[0, 874]             605            0          0              0              0              ArrangeByKey
[0, 876]             1292           0          0              0              0              ArrangeByKey
[0, 877, 52]         66             247        297            297            0              ArrangeBySelf
[0, 877, 57]         249            246        1372           1372           0              ArrangeBySelf
[0, 877, 59]         846            247        1175           1175           0              ArrangeByKey
[0, 877, 61]         641665         238        3528227        3528227        0              ArrangeByKey
[0, 877, 63]         421            244        1438           1438           0              ArrangeByKey
[0, 877, 65]         16016          240        84251          84251          0              ArrangeByKey
[0, 877, 67]         14594          241        62595          62595          0              ArrangeByKey
[0, 877, 69]         104            245        206            206            0              ArrangeByKey
[0, 877, 71]         3584           242        17552          17552          0              ArrangeByKey
[0, 877, 74]         73             246        292            292            0              ArrangeByKey
[0, 877, 76]         266            244        1077           1077           0              ArrangeByKey
[0, 877, 78]         11084          242        46522          46522          0              ArrangeByKey
[0, 877, 80]         34175          239        137143         137143         0              ArrangeByKey
[0, 877, 82]         82287          239        380569         380569         0              ArrangeByKey
[0, 877, 84]         76             246        243            243            0              ArrangeByKey
[0, 877, 86]         0              249        0              0              0              ArrangeByKey
[0, 877, 89]         1053           243        5512           5512           0              ArrangeByKey
[0, 877, 92]         339            245        1732           1732           0              ArrangeByKey
[0, 877, 94]         10418          240        52018          52018          0              ArrangeByKey
[0, 877, 96]         243819         240        1191032        1191032        0              ArrangeByKey
[0, 877, 100]        4220           242        22261          22261          0              ArrangeBySelf
[0, 877, 102]        252            245        1299           1299           0              ArrangeByKey
[0, 877, 104]        995            244        5371           5371           0              ArrangeByKey
[0, 877, 106]        4109           242        22317          22317          0              ArrangeByKey
[0, 877, 108]        1013           242        5053           5053           0              ArrangeByKey
[0, 877, 111]        575            244        2834           2834           0              ArrangeByKey
[0, 877, 113]        589            243        3017           3017           0              ArrangeByKey
[0, 877, 115]        589            243        3017           3017           0              ArrangeByKey
[0, 877, 117]        142056         239        777590         777590         0              ArrangeByKey
[0, 877, 119]        15593          237        89203          89203          0              ArrangeByKey
[0, 877, 121]        15593          237        89203          89203          0              ArrangeByKey
[0, 877, 123]        13281          241        82009          82009          0              ArrangeByKey
[0, 877, 126]        1092           243        5747           5747           0              ArrangeByKey
[0, 877, 128]        1278           243        6077           6077           0              ArrangeByKey
[0, 877, 131]        2492           243        12608          12608          0              ArrangeByKey
[0, 877, 134]        76             245        327            327            0              ArrangeByKey
[0, 877, 136]        1844           244        8617           8617           0              ArrangeByKey
[0, 877, 138]        147474         242        712814         712814         0              ArrangeByKey
[0, 877, 141]        616964         236        3271544        3271544        0              ArrangeBySelf
[0, 877, 144]        146233         237        700353         700353         0              ArrangeByKey
[0, 877, 146]        146233         237        700353         700353         0              ArrangeByKey
[0, 877, 148]        98405          240        535531         535531         0              ArrangeByKey
[0, 877, 150]        13127          240        70331          70331          0              ArrangeByKey
[0, 877, 154]        20515          237        113416         113416         0              ArrangeBySelf
[0, 877, 156]        914            244        4943           4943           0              ArrangeByKey
[0, 877, 159]        938            244        5611           5611           0              ArrangeBySelf
[0, 877, 161]        861            243        4740           4740           0              ArrangeByKey
[0, 877, 164]        1355           245        7102           7102           0              ArrangeByKey
[0, 877, 167]        187            246        1080           1080           0              ArrangeByKey
[0, 877, 169]        15571          243        46817          46817          0              ArrangeByKey
[0, 877, 173]        5242           241        27006          27006          0              ArrangeBySelf
[0, 877, 177]        352            244        1696           1696           0              ArrangeBySelf
[0, 877, 182]        85             246        494            494            0              ArrangeBySelf
[0, 877, 185]        133            245        609            609            0              ArrangeByKey
[0, 877, 187]        680            246        3502           3502           0              ArrangeByKey
[0, 877, 191]        51             246        215            215            0              ArrangeByKey
[0, 877, 195]        61             244        231            231            0              ArrangeBySelf
[0, 877, 199]        249            246        1372           1372           0              ArrangeBySelf
[0, 877, 204]        4220           242        22261          22261          0              ArrangeByKey
[0, 877, 207]        134            246        696            696            0              ArrangeBySelf
[0, 877, 210]        57             246        246            246            0              ArrangeBySelf
[0, 877, 217]        1680           242        10156          10156          0              Arrange: Threshold
[0, 877, 218]        249            245        1372           1372           0              Threshold
[0, 877, 222]        2471           241        13048          13048          0              Arrange: Threshold
[0, 877, 223]        2451           241        12951          12951          0              Threshold
[0, 877, 226]        955            244        3775           3775           0              Arrange: Threshold
[0, 877, 227]        955            244        3775           3775           0              Threshold
[0, 877, 232]        9883           240        55367          55367          0              Arrange: Threshold
[0, 877, 233]        1312           241        6870           6870           0              Threshold
[0, 877, 236]        241380         237        1312352        1312352        0              Arrange: Threshold
[0, 877, 237]        220570         236        1131465        1131465        0              Threshold
[0, 877, 246]        347            243        1694           1694           0              Arrange: Threshold
[0, 877, 247]        66             246        297            297            0              Threshold
[0, 877, 250]        9158           241        45532          45532          0              Arrange: Threshold
[0, 877, 251]        4922           242        24627          24627          0              Threshold
[0, 877, 262]        1096452        235        6038045        6038045        0              Arrange: Threshold
[0, 877, 263]        616964         235        3271544        3271544        0              Threshold
[0, 887]             6390           0          0              0              0              Arrange: Threshold
[0, 888]             6390           0          0              0              0              Threshold
[0, 893]             0              0          0              0              0              Consolidate
[0, 898]             1197           0          0              0              0              Arrange: Threshold
[0, 899]             1197           0          0              0              0              Threshold
[0, 904]             0              0          0              0              0              Consolidate
[0, 909]             131            0          0              0              0              Arrange: Threshold
[0, 910]             131            0          0              0              0              Threshold
[0, 915]             0              0          0              0              0              Consolidate
[0, 920]             261            0          0              0              0              Arrange: Threshold
[0, 921]             261            0          0              0              0              Threshold
[0, 926]             0              0          0              0              0              Consolidate
[0, 931]             292            0          0              0              0              Arrange: Threshold
[0, 932]             292            0          0              0              0              Threshold
[0, 937]             0              0          0              0              0              Consolidate
[0, 942]             256            0          0              0              0              Arrange: Threshold
[0, 943]             256            0          0              0              0              Threshold
[0, 948]             0              0          0              0              0              Consolidate
[0, 953]             620            0          0              0              0              Arrange: Threshold
[0, 954]             620            0          0              0              0              Threshold
[0, 959]             0              0          0              0              0              Consolidate
[0, 964]             593            0          0              0              0              Arrange: Threshold
[0, 965]             593            0          0              0              0              Threshold
[0, 970]             0              0          0              0              0              Consolidate
[0, 975]             620            0          0              0              0              Arrange: Threshold
[0, 976]             620            0          0              0              0              Threshold
[0, 981]             0              0          0              0              0              Consolidate
[0, 986]             0              0          0              0              0              Arrange: Threshold
[0, 987]             0              0          0              0              0              Threshold
[0, 992]             0              0          0              0              0              Consolidate
[0, 997]             22             0          0              0              0              Arrange: Threshold
[0, 998]             22             0          0              0              0              Threshold
[0, 1003]            0              0          0              0              0              Consolidate
[0, 1008]            66             0          0              0              0              Arrange: Threshold
[0, 1009]            66             0          0              0              0              Threshold
[0, 1014]            0              0          0              0              0              Consolidate
[0, 1019]            2451           0          0              0              0              Arrange: Threshold
[0, 1020]            2451           0          0              0              0              Threshold
[0, 1025]            0              0          0              0              0              Consolidate
[0, 1030]            616964         0          0              0              0              Arrange: Threshold
[0, 1031]            616964         0          0              0              0              Threshold
[0, 1036]            0              0          0              0              0              Consolidate
[0, 1041]            220570         0          0              0              0              Arrange: Threshold
[0, 1042]            220570         0          0              0              0              Threshold
[0, 1047]            0              0          0              0              0              Consolidate
[0, 1052]            955            0          0              0              0              Arrange: Threshold
[0, 1053]            955            0          0              0              0              Threshold
[0, 1058]            0              0          0              0              0              Consolidate
[0, 1063]            1312           0          0              0              0              Arrange: Threshold
[0, 1064]            1312           0          0              0              0              Threshold
[0, 1069]            0              0          0              0              0              Consolidate
[0, 1074]            4922           0          0              0              0              Arrange: Threshold
[0, 1075]            4922           0          0              0              0              Threshold
[0, 1080]            0              0          0              0              0              Consolidate
[0, 1085]            249            0          0              0              0              Arrange: Threshold
[0, 1086]            249            0          0              0              0              Threshold
[0, 1091]            0              0          0              0              0              Consolidate
