addr                 batched_in     merges     merge_in       merge_out      dropped        name
[0, 3]               106            0          0              0              0              Arrange: Threshold
[0, 4]               106            0          0              0              0              Threshold
[0, 8]               79             0          0              0              0              Arrange: Threshold
[0, 9]               79             0          0              0              0              Threshold
[0, 13]              0              0          0              0              0              Arrange: Threshold
[0, 14]              0              0          0              0              0              Threshold
[0, 18]              1340           0          0              0              0              Arrange: Threshold
[0, 19]              1340           0          0              0              0              Threshold
[0, 23]              7              0          0              0              0              Arrange: Threshold
[0, 24]              7              0          0              0              0              Threshold
[0, 28]              2602           0          0              0              0              Arrange: Threshold
[0, 29]              2602           0          0              0              0              Threshold
[0, 33]              2811           0          0              0              0              Arrange: Threshold
[0, 34]              2811           0          0              0              0              Threshold
[0, 38]              1735           0          0              0              0              Arrange: Threshold
[0, 39]              1735           0          0              0              0              Threshold
[0, 43]              16662          0          0              0              0              Arrange: Threshold
[0, 44]              16662          0          0              0              0              Threshold
[0, 48]              1361           0          0              0              0              Arrange: Threshold
[0, 49]              1361           0          0              0              0              Threshold
[0, 53]              135            0          0              0              0              Arrange: Threshold
[0, 54]              135            0          0              0              0              Threshold
[0, 58]              9              0          0              0              0              Arrange: Threshold
[0, 59]              9              0          0              0              0              Threshold
[0, 63]              19             0          0              0              0              Arrange: Threshold
[0, 64]              19             0          0              0              0              Threshold
[0, 68]              40             0          0              0              0              Arrange: Threshold
[0, 69]              40             0          0              0              0              Threshold
[0, 73]              836            0          0              0              0              Arrange: Threshold
[0, 74]              836            0          0              0              0              Threshold
[0, 78]              779            0          0              0              0              Arrange: Threshold
[0, 79]              779            0          0              0              0              Threshold
[0, 83]              1656           0          0              0              0              Arrange: Threshold
[0, 84]              1656           0          0              0              0              Threshold
[0, 88]              5313           0          0              0              0              Arrange: Threshold
[0, 89]              5313           0          0              0              0              Threshold
[0, 93]              573            0          0              0              0              Arrange: Threshold
[0, 94]              573            0          0              0              0              Threshold
[0, 98]              593            0          0              0              0              Arrange: Threshold
[0, 99]              593            0          0              0              0              Threshold
[0, 103]             600            0          0              0              0              Arrange: Threshold
[0, 104]             600            0          0              0              0              Threshold
[0, 108]             1059           0          0              0              0              Arrange: Threshold
[0, 109]             1059           0          0              0              0              Threshold
[0, 113]             2762           0          0              0              0              Arrange: Threshold
[0, 114]             2762           0          0              0              0              Threshold
[0, 118]             1305           0          0              0              0              Arrange: Threshold
[0, 119]             1305           0          0              0              0              Threshold
[0, 123]             1290           0          0              0              0              Arrange: Threshold
[0, 124]             1290           0          0              0              0              Threshold
[0, 128]             644            0          0              0              0              Arrange: Threshold
[0, 129]             644            0          0              0              0              Threshold
[0, 133]             1832           0          0              0              0              Arrange: Threshold
[0, 134]             1832           0          0              0              0              Threshold
[0, 138]             135            0          0              0              0              Arrange: Threshold
[0, 139]             135            0          0              0              0              Threshold
[0, 143]             481            0          0              0              0              Arrange: Threshold
[0, 144]             481            0          0              0              0              Threshold
[0, 148]             828            0          0              0              0              Arrange: Threshold
[0, 149]             828            0          0              0              0              Threshold
[0, 153]             281            0          0              0              0              Arrange: Threshold
[0, 154]             281            0          0              0              0              Threshold
[0, 158]             939            0          0              0              0              Arrange: Threshold
[0, 159]             939            0          0              0              0              Threshold
[0, 215]             836            0          0              0              0              Arrange: Threshold
[0, 216]             836            0          0              0              0              Threshold
[0, 222]             163            0          0              0              0              Arrange: Threshold
[0, 223]             163            0          0              0              0              Threshold
[0, 226]             1706           0          0              0              0              Arrange: Threshold
[0, 227]             1706           0          0              0              0              Threshold
[0, 230]             638            0          0              0              0              Arrange: Threshold
[0, 231]             638            0          0              0              0              Threshold
[0, 234]             9              0          0              0              0              Arrange: Threshold
[0, 235]             9              0          0              0              0              Threshold
[0, 238]             594            0          0              0              0              Arrange: Threshold
[0, 239]             594            0          0              0              0              Threshold
[0, 242]             106            0          0              0              0              Arrange: Threshold
[0, 243]             106            0          0              0              0              Threshold
[0, 246]             294            0          0              0              0              Arrange: Threshold
[0, 247]             294            0          0              0              0              Threshold
[0, 250]             948            0          0              0              0              Arrange: Threshold
[0, 251]             948            0          0              0              0              Threshold
[0, 254]             5291           0          0              0              0              Arrange: Threshold
[0, 255]             5291           0          0              0              0              Threshold
[0, 258]             135            0          0              0              0              Arrange: Threshold
[0, 259]             135            0          0              0              0              Threshold
[0, 262]             651            0          0              0              0              Arrange: Threshold
[0, 263]             651            0          0              0              0              Threshold
[0, 268]             4430           0          0              0              0              Arrange: Threshold
[0, 269]             4430           0          0              0              0              Threshold
[0, 272]             575            0          0              0              0              Arrange: Threshold
[0, 273]             575            0          0              0              0              Threshold
[0, 276]             89             0          0              0              0              Arrange: Threshold
[0, 277]             89             0          0              0              0              Threshold
[0, 280]             884            0          0              0              0              Arrange: Threshold
[0, 281]             884            0          0              0              0              Threshold
[0, 284]             2725           0          0              0              0              Arrange: Threshold
[0, 285]             2725           0          0              0              0              Threshold
[0, 288]             636            0          0              0              0              Arrange: Threshold
[0, 289]             636            0          0              0              0              Threshold
[0, 295]             3269           0          0              0              0              Arrange: Threshold
[0, 296]             3269           0          0              0              0              Threshold
[0, 299]             1355           0          0              0              0              Arrange: Threshold
[0, 300]             1355           0          0              0              0              Threshold
[0, 305]             7401           0          0              0              0              Arrange: Threshold
[0, 306]             7401           0          0              0              0              Threshold
[0, 309]             1866           0          0              0              0              Arrange: Threshold
[0, 310]             1866           0          0              0              0              Threshold
[0, 313]             262            0          0              0              0              Arrange: Threshold
[0, 314]             262            0          0              0              0              Threshold
[0, 317]             19             0          0              0              0              Arrange: Threshold
[0, 318]             19             0          0              0              0              Threshold
[0, 333]             17014          0          0              0              0              Arrange: Threshold
[0, 334]             17014          0          0              0              0              Threshold
[0, 337]             1870           0          0              0              0              Arrange: Threshold
[0, 338]             1870           0          0              0              0              Threshold
[0, 341]             689            0          0              0              0              Arrange: Threshold
[0, 342]             689            0          0              0              0              Threshold
[0, 345]             157            0          0              0              0              Arrange: Threshold
[0, 346]             157            0          0              0              0              Threshold
[0, 353]             163            0          0              0              0              Arrange: Threshold
[0, 354]             163            0          0              0              0              Threshold
[0, 357]             809            0          0              0              0              Arrange: Threshold
[0, 358]             809            0          0              0              0              Threshold
[0, 361]             1303           0          0              0              0              Arrange: Threshold
[0, 362]             1303           0          0              0              0              Threshold
[0, 365]             1060           0          0              0              0              Arrange: Threshold
[0, 366]             1060           0          0              0              0              Threshold
[0, 369]             2753           0          0              0              0              Arrange: Threshold
[0, 370]             2753           0          0              0              0              Threshold
[0, 373]             492            0          0              0              0              Arrange: Threshold
[0, 374]             492            0          0              0              0              Threshold
[0, 378]             0              0          0              0              0              ArrangeBySelf
[0, 381]             0              0          0              0              0              ArrangeBySelf
[0, 383]             0              0          0              0              0              ArrangeByKey
[0, 385]             0              0          0              0              0              ArrangeByKey
[0, 389]             1              0          0              0              0              ArrangeBySelf
[0, 392]             1              0          0              0              0              ArrangeBySelf
[0, 394]             0              0          0              0              0              ArrangeByKey
[0, 397]             0              0          0              0              0              ArrangeByKey
[0, 400]             0              0          0              0              0              ArrangeByKey
[0, 408]             0              0          0              0              0              ArrangeBySelf
[0, 411]             883            0          0              0              0              ArrangeBySelf
[0, 414]             2              0          0              0              0              ArrangeBySelf
[0, 417]             182            0          0              0              0              ArrangeBySelf
[0, 419]             1599           0          0              0              0              ArrangeByKey
[0, 422]             0              0          0              0              0              ArrangeBySelf
[0, 424]             1              0          0              0              0              ArrangeByKey
[0, 426]             0              0          0              0              0              ArrangeByKey
[0, 429]             0              0          0              0              0              ArrangeBySelf
[0, 432]             0              0          0              0              0              ArrangeBySelf
[0, 435]             0              0          0              0              0              ArrangeBySelf
[0, 437]             0              0          0              0              0              ArrangeByKey
[0, 440]             0              0          0              0              0              ArrangeBySelf
[0, 443]             0              0          0              0              0              ArrangeBySelf
[0, 445]             0              0          0              0              0              ArrangeByKey
[0, 448]             0              0          0              0              0              ArrangeBySelf
[0, 452]             99             0          0              0              0              ArrangeBySelf
[0, 454]             1303           0          0              0              0              ArrangeByKey
[0, 456]             1303           0          0              0              0              ArrangeByKey
[0, 458]             1303           0          0              0              0              ArrangeByKey
[0, 461]             1303           0          0              0              0              Arrange: Threshold
[0, 462]             1303           0          0              0              0              Threshold
[0, 466]             100            0          0              0              0              Arrange: Threshold
[0, 467]             100            0          0              0              0              Threshold
[0, 473]             1203           0          0              0              0              Arrange: Threshold
[0, 474]             1203           0          0              0              0              Threshold
[0, 476]             1204           0          0              0              0              ArrangeByKey
[0, 479]             1290           0          0              0              0              Arrange: Threshold
[0, 480]             1290           0          0              0              0              Threshold
[0, 484]             106            0          0              0              0              Arrange: Threshold
[0, 485]             106            0          0              0              0              Threshold
[0, 491]             1184           0          0              0              0              Arrange: Threshold
[0, 492]             1184           0          0              0              0              Threshold
[0, 494]             1204           0          0              0              0              ArrangeByKey
[0, 497]             1355           0          0              0              0              Arrange: Threshold
[0, 498]             1355           0          0              0              0              Threshold
[0, 502]             98             0          0              0              0              Arrange: Threshold
[0, 503]             98             0          0              0              0              Threshold
[0, 509]             1257           0          0              0              0              Arrange: Threshold
[0, 510]             1257           0          0              0              0              Threshold
[0, 512]             1204           0          0              0              0              ArrangeByKey
[0, 514]             1204           0          0              0              0              ArrangeByKey
[0, 518]             2753           0          0              0              0              ArrangeBySelf
[0, 520]             4464           0          0              0              0              ArrangeByKey
[0, 522]             2156           0          0              0              0              ArrangeByKey
[0, 525]             1303           0          0              0              0              ArrangeBySelf
[0, 527]             1303           0          0              0              0              ArrangeByKey
[0, 529]             2153           0          0              0              0              ArrangeByKey
[0, 531]             1303           0          0              0              0              ArrangeByKey
[0, 535]             1303           0          0              0              0              ArrangeBySelf
[0, 537]             1303           0          0              0              0              ArrangeByKey
[0, 539]             2153           0          0              0              0              ArrangeByKey
[0, 541]             1303           0          0              0              0              ArrangeByKey
[0, 545]             594            0          0              0              0              ArrangeBySelf
[0, 547]             17172          0          0              0              0              ArrangeByKey
[0, 549]             4464           0          0              0              0              ArrangeByKey
[0, 551]             594            0          0              0              0              ArrangeByKey
[0, 553]             594            0          0              0              0              ArrangeByKey
[0, 556]             17172          0          0              0              0              ArrangeByKey
[0, 558]             941            0          0              0              0              ArrangeByKey
[0, 561]             1651           0          0              0              0              ArrangeByKey
[0, 563]             1651           0          0              0              0              ArrangeByKey
[0, 565]             7558           0          0              0              0              ArrangeByKey
[0, 568]             7558           0          0              0              0              ArrangeByKey
[0, 570]             7558           0          0              0              0              ArrangeByKey
[0, 572]             5299           0          0              0              0              ArrangeByKey
[0, 575]             608            0          0              0              0              ArrangeByKey
[0, 577]             608            0          0              0              0              ArrangeByKey
[0, 579]             608            0          0              0              0              ArrangeByKey
[0, 581]             608            0          0              0              0              ArrangeByKey
[0, 584]             815            0          0              0              0              ArrangeByKey
[0, 586]             815            0          0              0              0              ArrangeByKey
[0, 588]             815            0          0              0              0              ArrangeByKey
[0, 591]             269            0          0              0              0              ArrangeByKey
[0, 593]             269            0          0              0              0              ArrangeByKey
[0, 595]             269            0          0              0              0              ArrangeByKey
[0, 598]             123            0          0              0              0              ArrangeByKey
[0, 600]             123            0          0              0              0              ArrangeByKey
[0, 602]             3126           0          0              0              0              ArrangeByKey
[0, 605]             3126           0          0              0              0              ArrangeByKey
[0, 607]             448            0          0              0              0              ArrangeByKey
[0, 610]             697            0          0              0              0              ArrangeByKey
[0, 612]             697            0          0              0              0              ArrangeByKey
[0, 614]             697            0          0              0              0              ArrangeByKey
[0, 616]             697            0          0              0              0              ArrangeByKey
[0, 619]             1858           0          0              0              0              ArrangeByKey
[0, 621]             1858           0          0              0              0              ArrangeByKey
[0, 623]             1858           0          0              0              0              ArrangeByKey
[0, 625]             1858           0          0              0              0              ArrangeByKey
[0, 628]             1747           0          0              0              0              Arrange: Threshold
[0, 629]             1747           0          0              0              0              Threshold
[0, 632]             580            0          0              0              0              Arrange: Threshold
[0, 633]             580            0          0              0              0              Threshold
[0, 642]             48             0          0              0              0              Arrange: Threshold
[0, 643]             48             0          0              0              0              Threshold
[0, 646]             149            0          0              0              0              Arrange: Threshold
[0, 647]             149            0          0              0              0              Threshold
[0, 650]             2655           0          0              0              0              Arrange: Threshold
[0, 651]             2655           0          0              0              0              Threshold
[0, 654]             1912           0          0              0              0              Arrange: Threshold
[0, 655]             1912           0          0              0              0              Threshold
[0, 658]             833            0          0              0              0              Arrange: Threshold
[0, 659]             833            0          0              0              0              Threshold
[0, 662]             698            0          0              0              0              Arrange: Threshold
[0, 663]             698            0          0              0              0              Threshold
[0, 666]             1202           0          0              0              0              Arrange: Threshold
[0, 667]             1202           0          0              0              0              Threshold
[0, 670]             900            0          0              0              0              Arrange: Threshold
[0, 671]             900            0          0              0              0              Threshold
[0, 674]             595            0          0              0              0              Arrange: Threshold
[0, 675]             595            0          0              0              0              Threshold
[0, 678]             0              0          0              0              0              Arrange: Threshold
[0, 679]             0              0          0              0              0              Threshold
[0, 682]             129            0          0              0              0              Arrange: Threshold
[0, 683]             129            0          0              0              0              Threshold
[0, 686]             2752           0          0              0              0              Arrange: Threshold
[0, 687]             2752           0          0              0              0              Threshold
[0, 690]             4671           0          0              0              0              Arrange: Threshold
[0, 691]             4671           0          0              0              0              Threshold
[0, 694]             449            0          0              0              0              Arrange: Threshold
[0, 695]             449            0          0              0              0              Threshold
[0, 698]             284            0          0              0              0              Arrange: Threshold
[0, 699]             284            0          0              0              0              Threshold
[0, 702]             140            0          0              0              0              ArrangeByKey
[0, 704]             166            0          0              0              0              ArrangeByKey
[0, 705, 6]          243            6          400            400            0              ArrangeByKey
[0, 705, 12]         277            6          308            308            0              Arrange: Threshold
[0, 705, 13]         273            6          304            304            0              Threshold
[0, 710]             0              0          0              0              0              ArrangeBySelf
[0, 712]             1303           0          0              0              0              ArrangeByKey
[0, 717]             19             0          0              0              0              ArrangeBySelf
[0, 719]             243            0          0              0              0              ArrangeByKey
[0, 723]             135            0          0              0              0              ArrangeBySelf
[0, 727]             0              0          0              0              0              Arrange: Threshold
[0, 728]             0              0          0              0              0              Threshold
[0, 731]             34             0          0              0              0              Arrange: Threshold
[0, 732]             34             0          0              0              0              Threshold
[0, 737]             304            0          0              0              0              Arrange: Threshold
[0, 738]             304            0          0              0              0              Threshold
[0, 741]             0              0          0              0              0              Arrange: Threshold
[0, 742]             0              0          0              0              0              Threshold
[0, 745]             1202           0          0              0              0              Arrange: Threshold
[0, 746]             1202           0          0              0              0              Threshold
[0, 749]             135            0          0              0              0              ArrangeByKey
[0, 750, 5]          265            8          173            173            0              ArrangeByKey
[0, 750, 9]          278            4          1              1              0              Arrange: Threshold
[0, 750, 10]         278            4          1              1              0              Threshold
[0, 755]             546            0          0              0              0              Arrange: Threshold
[0, 756]             546            0          0              0              0              Threshold
[0, 759]             242            0          0              0              0              Arrange: Threshold
[0, 760]             242            0          0              0              0              Threshold
[0, 764]             1252           0          0              0              0              ArrangeBySelf
[0, 766]             166            0          0              0              0              ArrangeByKey
[0, 768]             140            0          0              0              0              ArrangeByKey
[0, 769, 7]          6659           8          16929          16929          0              ArrangeByKey
[0, 769, 9]          5518           7          11724          11724          0              ArrangeByKey
[0, 769, 12]         5345           4          6954           6954           0              Arrange: Threshold
[0, 769, 13]         5345           4          6954           6954           0              Threshold
[0, 769, 17]         284            7          225            225            0              Arrange: Threshold
[0, 769, 18]         284            7          225            225            0              Threshold
[0, 769, 24]         5209           4          6591           6591           0              Arrange: Threshold
[0, 769, 25]         5209           4          6591           6591           0              Threshold
[0, 769, 28]         59             9          59             59             0              ArrangeByKey
[0, 769, 31]         72             9          61             61             0              Arrange: Threshold
[0, 769, 32]         72             9          61             61             0              Threshold
[0, 769, 36]         20             10         16             16             0              Arrange: Threshold
[0, 769, 37]         20             10         16             16             0              Threshold
[0, 769, 43]         67             8          43             43             0              Arrange: Threshold
[0, 769, 44]         64             9          43             43             0              Threshold
[0, 769, 49]         6468           5          13377          13377          0              Arrange: Threshold
[0, 769, 50]         6464           5          13368          13368          0              Threshold
[0, 773]             163            0          0              0              0              ArrangeBySelf
[0, 775]             9              0          0              0              0              ArrangeByKey
[0, 777]             9              0          0              0              0              ArrangeByKey
[0, 779]             9              0          0              0              0              ArrangeByKey
[0, 781]             9              0          0              0              0              ArrangeByKey
[0, 782, 7]          755            1          0              0              0              ArrangeByKey
[0, 782, 9]          1719           1          0              0              0              ArrangeByKey
[0, 782, 11]         755            1          0              0              0              ArrangeByKey
[0, 782, 13]         73             2          0              0              0              ArrangeByKey
[0, 782, 17]         568            0          0              0              0              Arrange: Threshold
[0, 782, 18]         568            0          0              0              0              Threshold
[0, 787]             617            0          0              0              0              Arrange: Threshold
[0, 788]             617            0          0              0              0              Threshold
[0, 791]             568            0          0              0              0              Arrange: Threshold
[0, 792]             568            0          0              0              0              Threshold
[0, 795]             135            0          0              0              0              ArrangeByKey
[0, 797]             39             0          0              0              0              ArrangeByKey
[0, 799]             224            0          0              0              0              ArrangeByKey
[0, 801]             1337           0          0              0              0              ArrangeByKey
[0, 803]             9              0          0              0              0              ArrangeByKey
[0, 806]             617            0          0              0              0              ArrangeBySelf
[0, 808]             382            0          0              0              0              ArrangeByKey
[0, 810]             16785          0          0              0              0              ArrangeByKey
[0, 812]             5063           0          0              0              0              ArrangeByKey
[0, 814]             1882           0          0              0              0              ArrangeByKey
[0, 816]             16001          0          0              0              0              ArrangeByKey
[0, 818]             1117           0          0              0              0              ArrangeByKey
[0, 820]             4464           0          0              0              0              ArrangeByKey
[0, 822]             1118           0          0              0              0              ArrangeByKey
[0, 824]             2753           0          0              0              0              ArrangeByKey
[0, 826]             2746           0          0              0              0              ArrangeByKey
[0, 828]             2746           0          0              0              0              ArrangeByKey
[0, 830]             6386           0          0              0              0              ArrangeByKey
[0, 832]             1491           0          0              0              0              ArrangeByKey
[0, 834]             4386           0          0              0              0              ArrangeByKey
[0, 836]             542            0          0              0              0              ArrangeByKey
[0, 838]             1719           0          0              0              0              ArrangeByKey
[0, 840]             961            0          0              0              0              ArrangeByKey
[0, 843]             1118           0          0              0              0              ArrangeBySelf
[0, 845]             918            0          0              0              0              ArrangeByKey
[0, 847]             2625           0          0              0              0              ArrangeByKey
[0, 849]             685            0          0              0              0              ArrangeByKey
[0, 851]             1236           0          0              0              0              ArrangeByKey
[0, 853]             72             0          0              0              0              ArrangeByKey
[0, 855]             275            0          0              0              0              ArrangeByKey
[0, 857]             600            0          0              0              0              ArrangeByKey
[0, 859]             382            0          0              0              0              ArrangeByKey
[0, 861]             48             0          0              0              0              ArrangeByKey
[0, 863]             47             0          0              0              0              ArrangeByKey
[0, 865]             1287           0          0              0              0              ArrangeByKey
[0, 867]             516            0          0              0              0              ArrangeByKey
[0, 870]             594            0          0              0              0              ArrangeBySelf
[0, 872]             4464           0          0              0              0              ArrangeByKey
[0, 874]             594            0          0              0              0              ArrangeByKey
[0, 876]             1303           0          0              0              0              ArrangeByKey
[0, 877, 52]         62             247        284            284            0              ArrangeBySelf
[0, 877, 57]         281            245        1485           1485           0              ArrangeBySelf
[0, 877, 59]         555            244        710            710            0              ArrangeByKey
[0, 877, 61]         612825         235        3006819        3006819        0              ArrangeByKey
[0, 877, 63]         434            244        1621           1621           0              ArrangeByKey
[0, 877, 65]         16124          238        82670          82670          0              ArrangeByKey
[0, 877, 67]         144            247        254            254            0              ArrangeByKey
[0, 877, 69]         12             247        49             49             0              ArrangeByKey
[0, 877, 71]         4132           243        20151          20151          0              ArrangeByKey
[0, 877, 74]         51             246        236            236            0              ArrangeByKey
[0, 877, 76]         199            244        707            707            0              ArrangeByKey
[0, 877, 78]         144            248        254            254            0              ArrangeByKey
[0, 877, 80]         67789          241        280610         280610         0              ArrangeByKey
[0, 877, 82]         202            247        407            407            0              ArrangeByKey
[0, 877, 84]         13             247        48             48             0              ArrangeByKey
[0, 877, 86]         0              249        0              0              0              ArrangeByKey
[0, 877, 89]         1131           243        5919           5919           0              ArrangeByKey
[0, 877, 92]         315            244        1349           1349           0              ArrangeByKey
[0, 877, 94]         10063          240        54375          54375          0              ArrangeByKey
[0, 877, 96]         212280         239        1039477        1039477        0              ArrangeByKey
[0, 877, 100]        4282           242        21858          21858          0              ArrangeBySelf
[0, 877, 102]        284            243        1361           1361           0              ArrangeByKey
[0, 877, 104]        988            244        5350           5350           0              ArrangeByKey
[0, 877, 106]        1135           243        5914           5914           0              ArrangeByKey
[0, 877, 108]        4254           242        20394          20394          0              ArrangeByKey
[0, 877, 111]        505            243        2548           2548           0              ArrangeByKey
[0, 877, 113]        591            244        3046           3046           0              ArrangeByKey
[0, 877, 115]        591            244        3046           3046           0              ArrangeByKey
[0, 877, 117]        167363         238        899504         899504         0              ArrangeByKey
[0, 877, 119]        16031          240        92606          92606          0              ArrangeByKey
[0, 877, 121]        16031          240        92606          92606          0              ArrangeByKey
[0, 877, 123]        8259           242        44563          44563          0              ArrangeByKey
[0, 877, 126]        1116           244        6016           6016           0              ArrangeByKey
[0, 877, 128]        1349           243        6431           6431           0              ArrangeByKey
[0, 877, 131]        2278           242        11607          11607          0              ArrangeByKey
[0, 877, 134]        40             246        147            147            0              ArrangeByKey
[0, 877, 136]        2080           242        10449          10449          0              ArrangeByKey
[0, 877, 138]        146869         241        692408         692408         0              ArrangeByKey
[0, 877, 141]        617200         236        3274529        3274529        0              ArrangeBySelf
[0, 877, 144]        131227         238        650891         650891         0              ArrangeByKey
[0, 877, 146]        131227         238        650891         650891         0              ArrangeByKey
[0, 877, 148]        8897           242        47030          47030          0              ArrangeByKey
[0, 877, 150]        66213          239        296185         296185         0              ArrangeByKey
[0, 877, 154]        21125          239        117193         117193         0              ArrangeBySelf
[0, 877, 156]        751            245        4303           4303           0              ArrangeByKey
[0, 877, 159]        472            244        2685           2685           0              ArrangeBySelf
[0, 877, 161]        844            245        4821           4821           0              ArrangeByKey
[0, 877, 164]        1352           243        6708           6708           0              ArrangeByKey
[0, 877, 167]        212            246        1188           1188           0              ArrangeByKey
[0, 877, 169]        13534          237        52181          52181          0              ArrangeByKey
[0, 877, 173]        4555           241        24355          24355          0              ArrangeBySelf
[0, 877, 177]        330            245        1496           1496           0              ArrangeBySelf
[0, 877, 182]        53             245        253            253            0              ArrangeBySelf
[0, 877, 185]        84             247        406            406            0              ArrangeByKey
[0, 877, 187]        3373           243        12970          12970          0              ArrangeByKey
[0, 877, 191]        50             246        202            202            0              ArrangeByKey
[0, 877, 195]        54             246        220            220            0              ArrangeBySelf
[0, 877, 199]        281            245        1485           1485           0              ArrangeBySelf
[0, 877, 204]        4282           242        21858          21858          0              ArrangeByKey
[0, 877, 207]        144            246        748            748            0              ArrangeBySelf
[0, 877, 210]        66             245        320            320            0              ArrangeBySelf
[0, 877, 217]        2110           243        12941          12941          0              Arrange: Threshold
[0, 877, 218]        281            244        1485           1485           0              Threshold
[0, 877, 222]        2466           242        12392          12392          0              Arrange: Threshold
[0, 877, 223]        2437           243        12576          12576          0              Threshold
[0, 877, 226]        945            244        3543           3543           0              Arrange: Threshold
[0, 877, 227]        945            244        3543           3543           0              Threshold
[0, 877, 232]        10881          240        60628          60628          0              Arrange: Threshold
[0, 877, 233]        1395           241        7314           7314           0              Threshold
[0, 877, 236]        241035         239        1310806        1310806        0              Arrange: Threshold
[0, 877, 237]        220346         236        1152649        1152649        0              Threshold
[0, 877, 246]        290            245        1510           1510           0              Arrange: Threshold
[0, 877, 247]        62             246        284            284            0              Threshold
[0, 877, 250]        9234           239        47291          47291          0              Arrange: Threshold
[0, 877, 251]        4924           241        23591          23591          0              Threshold
[0, 877, 262]        1096116        233        6036663        6036663        0              Arrange: Threshold
[0, 877, 263]        617200         235        3274529        3274529        0              Threshold
[0, 887]             6464           0          0              0              0              Arrange: Threshold
[0, 888]             6464           0          0              0              0              Threshold
[0, 893]             0              0          0              0              0              Consolidate
[0, 898]             1202           0          0              0              0              Arrange: Threshold
[0, 899]             1202           0          0              0              0              Threshold
[0, 904]             0              0          0              0              0              Consolidate
[0, 909]             106            0          0              0              0              Arrange: Threshold
[0, 910]             106            0          0              0              0              Threshold
[0, 915]             0              0          0              0              0              Consolidate
[0, 920]             278            0          0              0              0              Arrange: Threshold
[0, 921]             278            0          0              0              0              Threshold
[0, 926]             0              0          0              0              0              Consolidate
[0, 931]             242            0          0              0              0              Arrange: Threshold
[0, 932]             242            0          0              0              0              Threshold
[0, 937]             0              0          0              0              0              Consolidate
[0, 942]             273            0          0              0              0              Arrange: Threshold
[0, 943]             273            0          0              0              0              Threshold
[0, 948]             0              0          0              0              0              Consolidate
[0, 953]             568            0          0              0              0              Arrange: Threshold
[0, 954]             568            0          0              0              0              Threshold
[0, 959]             0              0          0              0              0              Consolidate
[0, 964]             617            0          0              0              0              Arrange: Threshold
[0, 965]             617            0          0              0              0              Threshold
[0, 970]             0              0          0              0              0              Consolidate
[0, 975]             568            0          0              0              0              Arrange: Threshold
[0, 976]             568            0          0              0              0              Threshold
[0, 981]             0              0          0              0              0              Consolidate
[0, 986]             0              0          0              0              0              Arrange: Threshold
[0, 987]             0              0          0              0              0              Threshold
[0, 992]             0              0          0              0              0              Consolidate
[0, 997]             34             0          0              0              0              Arrange: Threshold
[0, 998]             34             0          0              0              0              Threshold
[0, 1003]            0              0          0              0              0              Consolidate
[0, 1008]            62             0          0              0              0              Arrange: Threshold
[0, 1009]            62             0          0              0              0              Threshold
[0, 1014]            0              0          0              0              0              Consolidate
[0, 1019]            2437           0          0              0              0              Arrange: Threshold
[0, 1020]            2437           0          0              0              0              Threshold
[0, 1025]            0              0          0              0              0              Consolidate
[0, 1030]            617200         0          0              0              0              Arrange: Threshold
[0, 1031]            617200         0          0              0              0              Threshold
[0, 1036]            0              0          0              0              0              Consolidate
[0, 1041]            220346         0          0              0              0              Arrange: Threshold
[0, 1042]            220346         0          0              0              0              Threshold
[0, 1047]            0              0          0              0              0              Consolidate
[0, 1052]            945            0          0              0              0              Arrange: Threshold
[0, 1053]            945            0          0              0              0              Threshold
[0, 1058]            0              0          0              0              0              Consolidate
[0, 1063]            1395           0          0              0              0              Arrange: Threshold
[0, 1064]            1395           0          0              0              0              Threshold
[0, 1069]            0              0          0              0              0              Consolidate
[0, 1074]            4924           0          0              0              0              Arrange: Threshold
[0, 1075]            4924           0          0              0              0              Threshold
[0, 1080]            0              0          0              0              0              Consolidate
[0, 1085]            281            0          0              0              0              Arrange: Threshold
[0, 1086]            281            0          0              0              0              Threshold
[0, 1091]            0              0          0              0              0              Consolidate
