addr                 batched_in     merges     merge_in       merge_out      dropped        name
[0, 3]               147            0          0              0              0              Arrange: Threshold
[0, 4]               147            0          0              0              0              Threshold
[0, 8]               76             0          0              0              0              Arrange: Threshold
[0, 9]               76             0          0              0              0              Threshold
[0, 13]              0              0          0              0              0              Arrange: Threshold
[0, 14]              0              0          0              0              0              Threshold
[0, 18]              1262           0          0              0              0              Arrange: Threshold
[0, 19]              1262           0          0              0              0              Threshold
[0, 23]              9              0          0              0              0              Arrange: Threshold
[0, 24]              9              0          0              0              0              Threshold
[0, 28]              3533           0          0              0              0              Arrange: Threshold
[0, 29]              3533           0          0              0              0              Threshold
[0, 33]              5094           0          0              0              0              Arrange: Threshold
[0, 34]              5094           0          0              0              0              Threshold
[0, 38]              1716           0          0              0              0              Arrange: Threshold
[0, 39]              1716           0          0              0              0              Threshold
[0, 43]              16780          0          0              0              0              Arrange: Threshold
[0, 44]              16780          0          0              0              0              Threshold
[0, 48]              1336           0          0              0              0              Arrange: Threshold
[0, 49]              1336           0          0              0              0              Threshold
[0, 53]              126            0          0              0              0              Arrange: Threshold
[0, 54]              126            0          0              0              0              Threshold
[0, 58]              9              0          0              0              0              Arrange: Threshold
[0, 59]              9              0          0              0              0              Threshold
[0, 63]              28             0          0              0              0              Arrange: Threshold
[0, 64]              28             0          0              0              0              Threshold
[0, 68]              40             0          0              0              0              Arrange: Threshold
[0, 69]              40             0          0              0              0              Threshold
[0, 73]              962            0          0              0              0              Arrange: Threshold
[0, 74]              962            0          0              0              0              Threshold
[0, 78]              763            0          0              0              0              Arrange: Threshold
[0, 79]              763            0          0              0              0              Threshold
[0, 83]              1625           0          0              0              0              Arrange: Threshold
[0, 84]              1625           0          0              0              0              Threshold
[0, 88]              5326           0          0              0              0              Arrange: Threshold
[0, 89]              5326           0          0              0              0              Threshold
[0, 93]              551            0          0              0              0              Arrange: Threshold
[0, 94]              551            0          0              0              0              Threshold
[0, 98]              623            0          0              0              0              Arrange: Threshold
[0, 99]              623            0          0              0              0              Threshold
[0, 103]             594            0          0              0              0              Arrange: Threshold
[0, 104]             594            0          0              0              0              Threshold
[0, 108]             1067           0          0              0              0              Arrange: Threshold
[0, 109]             1067           0          0              0              0              Threshold
[0, 113]             2701           0          0              0              0              Arrange: Threshold
[0, 114]             2701           0          0              0              0              Threshold
[0, 118]             1313           0          0              0              0              Arrange: Threshold
[0, 119]             1313           0          0              0              0              Threshold
[0, 123]             1291           0          0              0              0              Arrange: Threshold
[0, 124]             1291           0          0              0              0              Threshold
[0, 128]             647            0          0              0              0              Arrange: Threshold
[0, 129]             647            0          0              0              0              Threshold
[0, 133]             1906           0          0              0              0              Arrange: Threshold
[0, 134]             1906           0          0              0              0              Threshold
[0, 138]             123            0          0              0              0              Arrange: Threshold
[0, 139]             123            0          0              0              0              Threshold
[0, 143]             460            0          0              0              0              Arrange: Threshold
[0, 144]             460            0          0              0              0              Threshold
[0, 148]             798            0          0              0              0              Arrange: Threshold
[0, 149]             798            0          0              0              0              Threshold
[0, 153]             268            0          0              0              0              Arrange: Threshold
[0, 154]             268            0          0              0              0              Threshold
[0, 158]             897            0          0              0              0              Arrange: Threshold
[0, 159]             897            0          0              0              0              Threshold
[0, 215]             962            0          0              0              0              Arrange: Threshold
[0, 216]             962            0          0              0              0              Threshold
[0, 222]             163            0          0              0              0              Arrange: Threshold
[0, 223]             163            0          0              0              0              Threshold
[0, 226]             1627           0          0              0              0              Arrange: Threshold
[0, 227]             1627           0          0              0              0              Threshold
[0, 230]             585            0          0              0              0              Arrange: Threshold
[0, 231]             585            0          0              0              0              Threshold
[0, 234]             9              0          0              0              0              Arrange: Threshold
[0, 235]             9              0          0              0              0              Threshold
[0, 238]             609            0          0              0              0              Arrange: Threshold
[0, 239]             609            0          0              0              0              Threshold
[0, 242]             147            0          0              0              0              Arrange: Threshold
[0, 243]             147            0          0              0              0              Threshold
[0, 246]             268            0          0              0              0              Arrange: Threshold
[0, 247]             268            0          0              0              0              Threshold
[0, 250]             936            0          0              0              0              Arrange: Threshold
[0, 251]             936            0          0              0              0              Threshold
[0, 254]             5329           0          0              0              0              Arrange: Threshold
[0, 255]             5329           0          0              0              0              Threshold
[0, 258]             126            0          0              0              0              Arrange: Threshold
[0, 259]             126            0          0              0              0              Threshold
[0, 262]             663            0          0              0              0              Arrange: Threshold
[0, 263]             663            0          0              0              0              Threshold
[0, 268]             4485           0          0              0              0              Arrange: Threshold
[0, 269]             4485           0          0              0              0              Threshold
[0, 272]             593            0          0              0              0              Arrange: Threshold
[0, 273]             593            0          0              0              0              Threshold
[0, 276]             79             0          0              0              0              Arrange: Threshold
[0, 277]             79             0          0              0              0              Threshold
[0, 280]             808            0          0              0              0              Arrange: Threshold
[0, 281]             808            0          0              0              0              Threshold
[0, 284]             2756           0          0              0              0              Arrange: Threshold
[0, 285]             2756           0          0              0              0              Threshold
[0, 288]             607            0          0              0              0              Arrange: Threshold
[0, 289]             607            0          0              0              0              Threshold
[0, 295]             3087           0          0              0              0              Arrange: Threshold
[0, 296]             3087           0          0              0              0              Threshold
[0, 299]             1336           0          0              0              0              Arrange: Threshold
[0, 300]             1336           0          0              0              0              Threshold
[0, 305]             7594           0          0              0              0              Arrange: Threshold
[0, 306]             7594           0          0              0              0              Threshold
[0, 309]             1852           0          0              0              0              Arrange: Threshold
[0, 310]             1852           0          0              0              0              Threshold
[0, 313]             298            0          0              0              0              Arrange: Threshold
[0, 314]             298            0          0              0              0              Threshold
[0, 317]             28             0          0              0              0              Arrange: Threshold
[0, 318]             28             0          0              0              0              Threshold
[0, 333]             16841          0          0              0              0              Arrange: Threshold
[0, 334]             16841          0          0              0              0              Threshold
[0, 337]             1888           0          0              0              0              Arrange: Threshold
[0, 338]             1888           0          0              0              0              Threshold
[0, 341]             677            0          0              0              0              Arrange: Threshold
[0, 342]             677            0          0              0              0              Threshold
[0, 345]             153            0          0              0              0              Arrange: Threshold
[0, 346]             153            0          0              0              0              Threshold
[0, 353]             163            0          0              0              0              Arrange: Threshold
[0, 354]             163            0          0              0              0              Threshold
[0, 357]             851            0          0              0              0              Arrange: Threshold
[0, 358]             851            0          0              0              0              Threshold
[0, 361]             1294           0          0              0              0              Arrange: Threshold
[0, 362]             1294           0          0              0              0              Threshold
[0, 365]             1055           0          0              0              0              Arrange: Threshold
[0, 366]             1055           0          0              0              0              Threshold
[0, 369]             2755           0          0              0              0              Arrange: Threshold
[0, 370]             2755           0          0              0              0              Threshold
[0, 373]             442            0          0              0              0              Arrange: Threshold
[0, 374]             442            0          0              0              0              Threshold
[0, 378]             0              0          0              0              0              ArrangeBySelf
[0, 381]             0              0          0              0              0              ArrangeBySelf
[0, 383]             0              0          0              0              0              ArrangeByKey
[0, 385]             0              0          0              0              0              ArrangeByKey
[0, 389]             0              0          0              0              0              ArrangeBySelf
[0, 392]             0              0          0              0              0              ArrangeBySelf
[0, 394]             0              0          0              0              0              ArrangeByKey
[0, 397]             0              0          0              0              0              ArrangeByKey
[0, 400]             0              0          0              0              0              ArrangeByKey
[0, 408]             0              0          0              0              0              ArrangeBySelf
[0, 411]             840            0          0              0              0              ArrangeBySelf
[0, 414]             2              0          0              0              0              ArrangeBySelf
[0, 417]             181            0          0              0              0              ArrangeBySelf
[0, 419]             1270           0          0              0              0              ArrangeByKey
[0, 422]             0              0          0              0              0              ArrangeBySelf
[0, 424]             0              0          0              0              0              ArrangeByKey
[0, 426]             0              0          0              0              0              ArrangeByKey
[0, 429]             0              0          0              0              0              ArrangeBySelf
[0, 432]             0              0          0              0              0              ArrangeBySelf
[0, 435]             0              0          0              0              0              ArrangeBySelf
[0, 437]             0              0          0              0              0              ArrangeByKey
[0, 440]             0              0          0              0              0              ArrangeBySelf
[0, 443]             0              0          0              0              0              ArrangeBySelf
[0, 445]             0              0          0              0              0              ArrangeByKey
[0, 448]             0              0          0              0              0              ArrangeBySelf
[0, 452]             115            0          0              0              0              ArrangeBySelf
[0, 454]             1283           0          0              0              0              ArrangeByKey
[0, 456]             1283           0          0              0              0              ArrangeByKey
[0, 458]             1283           0          0              0              0              ArrangeByKey
[0, 461]             1294           0          0              0              0              Arrange: Threshold
[0, 462]             1294           0          0              0              0              Threshold
[0, 466]             111            0          0              0              0              Arrange: Threshold
[0, 467]             111            0          0              0              0              Threshold
[0, 473]             1183           0          0              0              0              Arrange: Threshold
[0, 474]             1183           0          0              0              0              Threshold
[0, 476]             1168           0          0              0              0              ArrangeByKey
[0, 479]             1291           0          0              0              0              Arrange: Threshold
[0, 480]             1291           0          0              0              0              Threshold
[0, 484]             90             0          0              0              0              Arrange: Threshold
[0, 485]             90             0          0              0              0              Threshold
[0, 491]             1201           0          0              0              0              Arrange: Threshold
[0, 492]             1201           0          0              0              0              Threshold
[0, 494]             1168           0          0              0              0              ArrangeByKey
[0, 497]             1336           0          0              0              0              Arrange: Threshold
[0, 498]             1336           0          0              0              0              Threshold
[0, 502]             109            0          0              0              0              Arrange: Threshold
[0, 503]             109            0          0              0              0              Threshold
[0, 509]             1227           0          0              0              0              Arrange: Threshold
[0, 510]             1227           0          0              0              0              Threshold
[0, 512]             1168           0          0              0              0              ArrangeByKey
[0, 514]             1168           0          0              0              0              ArrangeByKey
[0, 518]             2755           0          0              0              0              ArrangeBySelf
[0, 520]             4422           0          0              0              0              ArrangeByKey
[0, 522]             2082           0          0              0              0              ArrangeByKey
[0, 525]             1283           0          0              0              0              ArrangeBySelf
[0, 527]             1283           0          0              0              0              ArrangeByKey
[0, 529]             2079           0          0              0              0              ArrangeByKey
[0, 531]             1283           0          0              0              0              ArrangeByKey
[0, 535]             1283           0          0              0              0              ArrangeBySelf
[0, 537]             1283           0          0              0              0              ArrangeByKey
[0, 539]             2079           0          0              0              0              ArrangeByKey
[0, 541]             1283           0          0              0              0              ArrangeByKey
[0, 545]             609            0          0              0              0              ArrangeBySelf
[0, 547]             17145          0          0              0              0              ArrangeByKey
[0, 549]             4422           0          0              0              0              ArrangeByKey
[0, 551]             609            0          0              0              0              ArrangeByKey
[0, 553]             609            0          0              0              0              ArrangeByKey
[0, 556]             17145          0          0              0              0              ArrangeByKey
[0, 558]             936            0          0              0              0              ArrangeByKey
[0, 561]             1635           0          0              0              0              ArrangeByKey
[0, 563]             1635           0          0              0              0              ArrangeByKey
[0, 565]             7541           0          0              0              0              ArrangeByKey
[0, 568]             7541           0          0              0              0              ArrangeByKey
[0, 570]             7541           0          0              0              0              ArrangeByKey
[0, 572]             5298           0          0              0              0              ArrangeByKey
[0, 575]             608            0          0              0              0              ArrangeByKey
[0, 577]             608            0          0              0              0              ArrangeByKey
[0, 579]             608            0          0              0              0              ArrangeByKey
[0, 581]             608            0          0              0              0              ArrangeByKey
[0, 584]             841            0          0              0              0              ArrangeByKey
[0, 586]             841            0          0              0              0              ArrangeByKey
[0, 588]             841            0          0              0              0              ArrangeByKey
[0, 591]             264            0          0              0              0              ArrangeByKey
[0, 593]             264            0          0              0              0              ArrangeByKey
[0, 595]             264            0          0              0              0              ArrangeByKey
[0, 598]             136            0          0              0              0              ArrangeByKey
[0, 600]             136            0          0              0              0              ArrangeByKey
[0, 602]             3141           0          0              0              0              ArrangeByKey
[0, 605]             3141           0          0              0              0              ArrangeByKey
[0, 607]             446            0          0              0              0              ArrangeByKey
[0, 610]             658            0          0              0              0              ArrangeByKey
[0, 612]             658            0          0              0              0              ArrangeByKey
[0, 614]             658            0          0              0              0              ArrangeByKey
[0, 616]             658            0          0              0              0              ArrangeByKey
[0, 619]             1901           0          0              0              0              ArrangeByKey
[0, 621]             1901           0          0              0              0              ArrangeByKey
[0, 623]             1901           0          0              0              0              ArrangeByKey
[0, 625]             1901           0          0              0              0              ArrangeByKey
[0, 628]             1672           0          0              0              0              Arrange: Threshold
[0, 629]             1672           0          0              0              0              Threshold
[0, 632]             623            0          0              0              0              Arrange: Threshold
[0, 633]             623            0          0              0              0              Threshold
[0, 642]             49             0          0              0              0              Arrange: Threshold
[0, 643]             49             0          0              0              0              Threshold
[0, 646]             163            0          0              0              0              Arrange: Threshold
[0, 647]             163            0          0              0              0              Threshold
[0, 650]             2689           0          0              0              0              Arrange: Threshold
[0, 651]             2689           0          0              0              0              Threshold
[0, 654]             1839           0          0              0              0              Arrange: Threshold
[0, 655]             1839           0          0              0              0              Threshold
[0, 658]             829            0          0              0              0              Arrange: Threshold
[0, 659]             829            0          0              0              0              Threshold
[0, 662]             634            0          0              0              0              Arrange: Threshold
[0, 663]             634            0          0              0              0              Threshold
[0, 666]             1237           0          0              0              0              Arrange: Threshold
[0, 667]             1237           0          0              0              0              Threshold
[0, 670]             1011           0          0              0              0              Arrange: Threshold
[0, 671]             1011           0          0              0              0              Threshold
[0, 674]             606            0          0              0              0              Arrange: Threshold
[0, 675]             606            0          0              0              0              Threshold
[0, 678]             0              0          0              0              0              Arrange: Threshold
[0, 679]             0              0          0              0              0              Threshold
[0, 682]             151            0          0              0              0              Arrange: Threshold
[0, 683]             151            0          0              0              0              Threshold
[0, 686]             2749           0          0              0              0              Arrange: Threshold
[0, 687]             2749           0          0              0              0              Threshold
[0, 690]             4798           0          0              0              0              Arrange: Threshold
[0, 691]             4798           0          0              0              0              Threshold
[0, 694]             434            0          0              0              0              Arrange: Threshold
[0, 695]             434            0          0              0              0              Threshold
[0, 698]             275            0          0              0              0              Arrange: Threshold
[0, 699]             275            0          0              0              0              Threshold
[0, 702]             75             0          0              0              0              ArrangeByKey
[0, 704]             57             0          0              0              0              ArrangeByKey
[0, 705, 6]          276            6          432            432            0              ArrangeByKey
[0, 705, 12]         267            7          308            308            0              Arrange: Threshold
[0, 705, 13]         260            7          371            371            0              Threshold
[0, 710]             0              0          0              0              0              ArrangeBySelf
[0, 712]             1283           0          0              0              0              ArrangeByKey
[0, 717]             28             0          0              0              0              ArrangeBySelf
[0, 719]             276            0          0              0              0              ArrangeByKey
[0, 723]             126            0          0              0              0              ArrangeBySelf
[0, 727]             0              0          0              0              0              Arrange: Threshold
[0, 728]             0              0          0              0              0              Threshold
[0, 731]             32             0          0              0              0              Arrange: Threshold
[0, 732]             32             0          0              0              0              Threshold
[0, 737]             306            0          0              0              0              Arrange: Threshold
[0, 738]             306            0          0              0              0              Threshold
[0, 741]             0              0          0              0              0              Arrange: Threshold
[0, 742]             0              0          0              0              0              Threshold
[0, 745]             1237           0          0              0              0              Arrange: Threshold
[0, 746]             1237           0          0              0              0              Threshold
[0, 749]             126            0          0              0              0              ArrangeByKey
[0, 750, 5]          67             9          57             57             0              ArrangeByKey
[0, 750, 9]          302            5          39             39             0              Arrange: Threshold
[0, 750, 10]         302            5          39             39             0              Threshold
[0, 755]             574            0          0              0              0              Arrange: Threshold
[0, 756]             574            0          0              0              0              Threshold
[0, 759]             268            0          0              0              0              Arrange: Threshold
[0, 760]             268            0          0              0              0              Threshold
[0, 764]             1188           0          0              0              0              ArrangeBySelf
[0, 766]             57             0          0              0              0              ArrangeByKey
[0, 768]             75             0          0              0              0              ArrangeByKey
[0, 769, 7]          5480           7          6657           6657           0              ArrangeByKey
[0, 769, 9]          5334           4          6919           6919           0              ArrangeByKey
[0, 769, 12]         5477           6          11622          11622          0              Arrange: Threshold
[0, 769, 13]         5477           6          11622          11622          0              Threshold
[0, 769, 17]         266            7          224            224            0              Arrange: Threshold
[0, 769, 18]         266            7          224            224            0              Threshold
[0, 769, 24]         5044           5          6574           6574           0              Arrange: Threshold
[0, 769, 25]         5044           5          6574           6574           0              Threshold
[0, 769, 28]         55             9          41             41             0              ArrangeByKey
[0, 769, 31]         54             8          40             40             0              Arrange: Threshold
[0, 769, 32]         54             8          40             40             0              Threshold
[0, 769, 36]         13             10         13             13             0              Arrange: Threshold
[0, 769, 37]         13             10         13             13             0              Threshold
[0, 769, 43]         50             9          50             50             0              Arrange: Threshold
[0, 769, 44]         47             9          34             34             0              Threshold
[0, 769, 49]         6325           6          13253          13253          0              Arrange: Threshold
[0, 769, 50]         6317           6          13232          13232          0              Threshold
[0, 773]             163            0          0              0              0              ArrangeBySelf
[0, 775]             10             0          0              0              0              ArrangeByKey
[0, 777]             10             0          0              0              0              ArrangeByKey
[0, 779]             10             0          0              0              0              ArrangeByKey
[0, 781]             10             0          0              0              0              ArrangeByKey
[0, 782, 7]          778            1          0              0              0              ArrangeByKey
[0, 782, 9]          361            1          1              1              0              ArrangeByKey
[0, 782, 11]         778            1          0              0              0              ArrangeByKey
[0, 782, 13]         17             2          0              0              0              ArrangeByKey
[0, 782, 17]         597            1          0              0              0              Arrange: Threshold
[0, 782, 18]         597            1          0              0              0              Threshold
[0, 787]             632            0          0              0              0              Arrange: Threshold
[0, 788]             632            0          0              0              0              Threshold
[0, 791]             597            0          0              0              0              Arrange: Threshold
[0, 792]             597            0          0              0              0              Threshold
[0, 795]             126            0          0              0              0              ArrangeByKey
[0, 797]             33             0          0              0              0              ArrangeByKey
[0, 799]             257            0          0              0              0              ArrangeByKey
[0, 801]             1334           0          0              0              0              ArrangeByKey
[0, 803]             9              0          0              0              0              ArrangeByKey
[0, 806]             632            0          0              0              0              ArrangeBySelf
[0, 808]             208            0          0              0              0              ArrangeByKey
[0, 810]             16805          0          0              0              0              ArrangeByKey
[0, 812]             4478           0          0              0              0              ArrangeByKey
[0, 814]             1743           0          0              0              0              ArrangeByKey
[0, 816]             16335          0          0              0              0              ArrangeByKey
[0, 818]             1058           0          0              0              0              ArrangeByKey
[0, 820]             4422           0          0              0              0              ArrangeByKey
[0, 822]             1100           0          0              0              0              ArrangeByKey
[0, 824]             2755           0          0              0              0              ArrangeByKey
[0, 826]             2746           0          0              0              0              ArrangeByKey
[0, 828]             2746           0          0              0              0              ArrangeByKey
[0, 830]             6406           0          0              0              0              ArrangeByKey
[0, 832]             1455           0          0              0              0              ArrangeByKey
[0, 834]             4400           0          0              0              0              ArrangeByKey
[0, 836]             596            0          0              0              0              ArrangeByKey
[0, 838]             361            0          0              0              0              ArrangeByKey
[0, 840]             412            0          0              0              0              ArrangeByKey
[0, 843]             1100           0          0              0              0              ArrangeBySelf
[0, 845]             832            0          0              0              0              ArrangeByKey
[0, 847]             2530           0          0              0              0              ArrangeByKey
[0, 849]             713            0          0              0              0              ArrangeByKey
[0, 851]             1302           0          0              0              0              ArrangeByKey
[0, 853]             74             0          0              0              0              ArrangeByKey
[0, 855]             558            0          0              0              0              ArrangeByKey
[0, 857]             600            0          0              0              0              ArrangeByKey
[0, 859]             918            0          0              0              0              ArrangeByKey
[0, 861]             85             0          0              0              0              ArrangeByKey
[0, 863]             85             0          0              0              0              ArrangeByKey
[0, 865]             1477           0          0              0              0              ArrangeByKey
[0, 867]             536            0          0              0              0              ArrangeByKey
[0, 870]             609            0          0              0              0              ArrangeBySelf
[0, 872]             4422           0          0              0              0              ArrangeByKey
[0, 874]             609            0          0              0              0              ArrangeByKey
[0, 876]             1283           0          0              0              0              ArrangeByKey
[0, 877, 52]         47             248        238            238            0              ArrangeBySelf
[0, 877, 57]         258            245        1362           1362           0              ArrangeBySelf
[0, 877, 59]         213            246        625            625            0              ArrangeByKey
[0, 877, 61]         585238         236        3098705        3098705        0              ArrangeByKey
[0, 877, 63]         438            244        1492           1492           0              ArrangeByKey
[0, 877, 65]         15825          240        82286          82286          0              ArrangeByKey
[0, 877, 67]         28669          243        132301         132301         0              ArrangeByKey
[0, 877, 69]         86579          243        329918         329918         0              ArrangeByKey
[0, 877, 71]         51949          238        216433         216433         0              ArrangeByKey
[0, 877, 74]         51             247        220            220            0              ArrangeByKey
[0, 877, 76]         289            245        1365           1365           0              ArrangeByKey
[0, 877, 78]         11225          244        43169          43169          0              ArrangeByKey
[0, 877, 80]         95432          239        440734         440734         0              ArrangeByKey
[0, 877, 82]         693675         242        2941426        2941426        0              ArrangeByKey
[0, 877, 84]         526            245        1121           1121           0              ArrangeByKey
[0, 877, 86]         404            245        659            659            0              ArrangeByKey
[0, 877, 89]         1083           244        6019           6019           0              ArrangeByKey
[0, 877, 92]         533            244        2175           2175           0              ArrangeByKey
[0, 877, 94]         10332          240        51913          51913          0              ArrangeByKey
[0, 877, 96]         256157         237        1178798        1178798        0              ArrangeByKey
[0, 877, 100]        4224           241        21681          21681          0              ArrangeBySelf
[0, 877, 102]        271            246        1419           1419           0              ArrangeByKey
[0, 877, 104]        1005           244        5559           5559           0              ArrangeByKey
[0, 877, 106]        1813           242        9393           9393           0              ArrangeByKey
[0, 877, 108]        1932           243        9897           9897           0              ArrangeByKey
[0, 877, 111]        551            246        2951           2951           0              ArrangeByKey
[0, 877, 113]        595            243        2934           2934           0              ArrangeByKey
[0, 877, 115]        595            243        2934           2934           0              ArrangeByKey
[0, 877, 117]        120836         239        673153         673153         0              ArrangeByKey
[0, 877, 119]        15418          238        86074          86074          0              ArrangeByKey
[0, 877, 121]        15418          238        86074          86074          0              ArrangeByKey
[0, 877, 123]        10241          241        53817          53817          0              ArrangeByKey
[0, 877, 126]        1027           244        5737           5737           0              ArrangeByKey
[0, 877, 128]        1444           242        6861           6861           0              ArrangeByKey
[0, 877, 131]        2674           244        13816          13816          0              ArrangeByKey
[0, 877, 134]        34             246        153            153            0              ArrangeByKey
[0, 877, 136]        1708           243        8210           8210           0              ArrangeByKey
[0, 877, 138]        147521         242        713852         713852         0              ArrangeByKey
[0, 877, 141]        617178         236        3291987        3291987        0              ArrangeBySelf
[0, 877, 144]        155535         237        775827         775827         0              ArrangeByKey
[0, 877, 146]        155535         237        775827         775827         0              ArrangeByKey
[0, 877, 148]        12397          240        67947          67947          0              ArrangeByKey
[0, 877, 150]        15602          240        79853          79853          0              ArrangeByKey
[0, 877, 154]        22354          237        123521         123521         0              ArrangeBySelf
[0, 877, 156]        795            245        4576           4576           0              ArrangeByKey
[0, 877, 159]        605            243        3250           3250           0              ArrangeBySelf
[0, 877, 161]        863            244        5012           5012           0              ArrangeByKey
[0, 877, 164]        1380           244        7859           7859           0              ArrangeByKey
[0, 877, 167]        188            245        1025           1025           0              ArrangeByKey
[0, 877, 169]        10830          243        46153          46153          0              ArrangeByKey
[0, 877, 173]        4904           242        26434          26434          0              ArrangeBySelf
[0, 877, 177]        332            245        1664           1664           0              ArrangeBySelf
[0, 877, 182]        54             247        261            261            0              ArrangeBySelf
[0, 877, 185]        88             247        421            421            0              ArrangeByKey
[0, 877, 187]        45             247        187            187            0              ArrangeByKey
[0, 877, 191]        59             247        243            243            0              ArrangeByKey
[0, 877, 195]        59             247        255            255            0              ArrangeBySelf
[0, 877, 199]        258            245        1362           1362           0              ArrangeBySelf
[0, 877, 204]        4224           241        21681          21681          0              ArrangeByKey
[0, 877, 207]        141            246        735            735            0              ArrangeBySelf
[0, 877, 210]        63             246        288            288            0              ArrangeBySelf
[0, 877, 217]        1815           241        10673          10673          0              Arrange: Threshold
[0, 877, 218]        258            244        1362           1362           0              Threshold
[0, 877, 222]        2457           241        13050          13050          0              Arrange: Threshold
[0, 877, 223]        2438           241        12947          12947          0              Threshold
[0, 877, 226]        982            243        3700           3700           0              Arrange: Threshold
[0, 877, 227]        982            243        3700           3700           0              Threshold
[0, 877, 232]        10374          240        57741          57741          0              Arrange: Threshold
[0, 877, 233]        1373           242        7096           7096           0              Threshold
[0, 877, 236]        240979         237        1257837        1257837        0              Arrange: Threshold
[0, 877, 237]        220275         236        1143243        1143243        0              Threshold
[0, 877, 246]        204            246        1262           1262           0              Arrange: Threshold
[0, 877, 247]        47             247        238            238            0              Threshold
[0, 877, 250]        9067           240        46808          46808          0              Arrange: Threshold
[0, 877, 251]        4893           240        24209          24209          0              Threshold
[0, 877, 262]        1097466        234        6000223        6000223        0              Arrange: Threshold
[0, 877, 263]        617178         235        3291987        3291987        0              Threshold
[0, 887]             6317           0          0              0              0              Arrange: Threshold
[0, 888]             6317           0          0              0              0              Threshold
[0, 893]             0              0          0              0              0              Consolidate
[0, 898]             1237           0          0              0              0              Arrange: Threshold
[0, 899]             1237           0          0              0              0              Threshold
[0, 904]             0              0          0              0              0              Consolidate
[0, 909]             147            0          0              0              0              Arrange: Threshold
[0, 910]             147            0          0              0              0              Threshold
[0, 915]             0              0          0              0              0              Consolidate
[0, 920]             302            0          0              0              0              Arrange: Threshold
[0, 921]             302            0          0              0              0              Threshold
[0, 926]             0              0          0              0              0              Consolidate
[0, 931]             268            0          0              0              0              Arrange: Threshold
[0, 932]             268            0          0              0              0              Threshold
[0, 937]             0              0          0              0              0              Consolidate
[0, 942]             260            0          0              0              0              Arrange: Threshold
[0, 943]             260            0          0              0              0              Threshold
[0, 948]             0              0          0              0              0              Consolidate
[0, 953]             597            0          0              0              0              Arrange: Threshold
[0, 954]             597            0          0              0              0              Threshold
[0, 959]             0              0          0              0              0              Consolidate
[0, 964]             632            0          0              0              0              Arrange: Threshold
[0, 965]             632            0          0              0              0              Threshold
[0, 970]             0              0          0              0              0              Consolidate
[0, 975]             597            0          0              0              0              Arrange: Threshold
[0, 976]             597            0          0              0              0              Threshold
[0, 981]             0              0          0              0              0              Consolidate
[0, 986]             0              0          0              0              0              Arrange: Threshold
[0, 987]             0              0          0              0              0              Threshold
[0, 992]             0              0          0              0              0              Consolidate
[0, 997]             32             0          0              0              0              Arrange: Threshold
[0, 998]             32             0          0              0              0              Threshold
[0, 1003]            0              0          0              0              0              Consolidate
[0, 1008]            47             0          0              0              0              Arrange: Threshold
[0, 1009]            47             0          0              0              0              Threshold
[0, 1014]            0              0          0              0              0              Consolidate
[0, 1019]            2438           0          0              0              0              Arrange: Threshold
[0, 1020]            2438           0          0              0              0              Threshold
[0, 1025]            0              0          0              0              0              Consolidate
[0, 1030]            617178         0          0              0              0              Arrange: Threshold
[0, 1031]            617178         0          0              0              0              Threshold
[0, 1036]            0              0          0              0              0              Consolidate
[0, 1041]            220275         0          0              0              0              Arrange: Threshold
[0, 1042]            220275         0          0              0              0              Threshold
[0, 1047]            0              0          0              0              0              Consolidate
[0, 1052]            982            0          0              0              0              Arrange: Threshold
[0, 1053]            982            0          0              0              0              Threshold
[0, 1058]            0              0          0              0              0              Consolidate
[0, 1063]            1373           0          0              0              0              Arrange: Threshold
[0, 1064]            1373           0          0              0              0              Threshold
[0, 1069]            0              0          0              0              0              Consolidate
[0, 1074]            4893           0          0              0              0              Arrange: Threshold
[0, 1075]            4893           0          0              0              0              Threshold
[0, 1080]            0              0          0              0              0              Consolidate
[0, 1085]            258            0          0              0              0              Arrange: Threshold
[0, 1086]            258            0          0              0              0              Threshold
[0, 1091]            0              0          0              0              0              Consolidate
