addr                 batched_in     merges     merge_in       merge_out      dropped        name
[0, 3]               139            0          0              0              0              Arrange: Threshold
[0, 4]               139            0          0              0              0              Threshold
[0, 8]               62             0          0              0              0              Arrange: Threshold
[0, 9]               62             0          0              0              0              Threshold
[0, 13]              0              0          0              0              0              Arrange: Threshold
[0, 14]              0              0          0              0              0              Threshold
[0, 18]              1052           0          0              0              0              Arrange: Threshold
[0, 19]              1052           0          0              0              0              Threshold
[0, 23]              13             0          0              0              0              Arrange: Threshold
[0, 24]              13             0          0              0              0              Threshold
[0, 28]              2021           0          0              0              0              Arrange: Threshold
[0, 29]              2021           0          0              0              0              Threshold
[0, 33]              1731           0          0              0              0              Arrange: Threshold
[0, 34]              1731           0          0              0              0              Threshold
[0, 38]              1698           0          0              0              0              Arrange: Threshold
[0, 39]              1698           0          0              0              0              Threshold
[0, 43]              16623          0          0              0              0              Arrange: Threshold
[0, 44]              16623          0          0              0              0              Threshold
[0, 48]              1361           0          0              0              0              Arrange: Threshold
[0, 49]              1361           0          0              0              0              Threshold
[0, 53]              128            0          0              0              0              Arrange: Threshold
[0, 54]              128            0          0              0              0              Threshold
[0, 58]              9              0          0              0              0              Arrange: Threshold
[0, 59]              9              0          0              0              0              Threshold
[0, 63]              23             0          0              0              0              Arrange: Threshold
[0, 64]              23             0          0              0              0              Threshold
[0, 68]              41             0          0              0              0              Arrange: Threshold
[0, 69]              41             0          0              0              0              Threshold
[0, 73]              604            0          0              0              0              Arrange: Threshold
[0, 74]              604            0          0              0              0              Threshold
[0, 78]              801            0          0              0              0              Arrange: Threshold
[0, 79]              801            0          0              0              0              Threshold
[0, 83]              1666           0          0              0              0              Arrange: Threshold
[0, 84]              1666           0          0              0              0              Threshold
[0, 88]              5189           0          0              0              0              Arrange: Threshold
[0, 89]              5189           0          0              0              0              Threshold
[0, 93]              657            0          0              0              0              Arrange: Threshold
[0, 94]              657            0          0              0              0              Threshold
[0, 98]              583            0          0              0              0              Arrange: Threshold
[0, 99]              583            0          0              0              0              Threshold
[0, 103]             603            0          0              0              0              Arrange: Threshold
[0, 104]             603            0          0              0              0              Threshold
[0, 108]             1113           0          0              0              0              Arrange: Threshold
[0, 109]             1113           0          0              0              0              Threshold
[0, 113]             2763           0          0              0              0              Arrange: Threshold
[0, 114]             2763           0          0              0              0              Threshold
[0, 118]             1325           0          0              0              0              Arrange: Threshold
[0, 119]             1325           0          0              0              0              Threshold
[0, 123]             1321           0          0              0              0              Arrange: Threshold
[0, 124]             1321           0          0              0              0              Threshold
[0, 128]             623            0          0              0              0              Arrange: Threshold
[0, 129]             623            0          0              0              0              Threshold
[0, 133]             1859           0          0              0              0              Arrange: Threshold
[0, 134]             1859           0          0              0              0              Threshold
[0, 138]             126            0          0              0              0              Arrange: Threshold
[0, 139]             126            0          0              0              0              Threshold
[0, 143]             449            0          0              0              0              Arrange: Threshold
[0, 144]             449            0          0              0              0              Threshold
[0, 148]             861            0          0              0              0              Arrange: Threshold
[0, 149]             861            0          0              0              0              Threshold
[0, 153]             270            0          0              0              0              Arrange: Threshold
[0, 154]             270            0          0              0              0              Threshold
[0, 158]             938            0          0              0              0              Arrange: Threshold
[0, 159]             938            0          0              0              0              Threshold
[0, 215]             604            0          0              0              0              Arrange: Threshold
[0, 216]             604            0          0              0              0              Threshold
[0, 222]             160            0          0              0              0              Arrange: Threshold
[0, 223]             160            0          0              0              0              Threshold
[0, 226]             1668           0          0              0              0              Arrange: Threshold
[0, 227]             1668           0          0              0              0              Threshold
[0, 230]             609            0          0              0              0              Arrange: Threshold
[0, 231]             609            0          0              0              0              Threshold
[0, 234]             9              0          0              0              0              Arrange: Threshold
[0, 235]             9              0          0              0              0              Threshold
[0, 238]             591            0          0              0              0              Arrange: Threshold
[0, 239]             591            0          0              0              0              Threshold
[0, 242]             139            0          0              0              0              Arrange: Threshold
[0, 243]             139            0          0              0              0              Threshold
[0, 246]             283            0          0              0              0              Arrange: Threshold
[0, 247]             283            0          0              0              0              Threshold
[0, 250]             937            0          0              0              0              Arrange: Threshold
[0, 251]             937            0          0              0              0              Threshold
[0, 254]             5338           0          0              0              0              Arrange: Threshold
[0, 255]             5338           0          0              0              0              Threshold
[0, 258]             128            0          0              0              0              Arrange: Threshold
[0, 259]             128            0          0              0              0              Threshold
[0, 262]             693            0          0              0              0              Arrange: Threshold
[0, 263]             693            0          0              0              0              Threshold
[0, 268]             4406           0          0              0              0              Arrange: Threshold
[0, 269]             4406           0          0              0              0              Threshold
[0, 272]             599            0          0              0              0              Arrange: Threshold
[0, 273]             599            0          0              0              0              Threshold
[0, 276]             73             0          0              0              0              Arrange: Threshold
[0, 277]             73             0          0              0              0              Threshold
[0, 280]             727            0          0              0              0              Arrange: Threshold
[0, 281]             727            0          0              0              0              Threshold
[0, 284]             2546           0          0              0              0              Arrange: Threshold
[0, 285]             2546           0          0              0              0              Threshold
[0, 288]             609            0          0              0              0              Arrange: Threshold
[0, 289]             609            0          0              0              0              Threshold
[0, 295]             3182           0          0              0              0              Arrange: Threshold
[0, 296]             3182           0          0              0              0              Threshold
[0, 299]             1347           0          0              0              0              Arrange: Threshold
[0, 300]             1347           0          0              0              0              Threshold
[0, 305]             7553           0          0              0              0              Arrange: Threshold
[0, 306]             7553           0          0              0              0              Threshold
[0, 309]             1878           0          0              0              0              Arrange: Threshold
[0, 310]             1878           0          0              0              0              Threshold
[0, 313]             269            0          0              0              0              Arrange: Threshold
[0, 314]             269            0          0              0              0              Threshold
[0, 317]             23             0          0              0              0              Arrange: Threshold
[0, 318]             23             0          0              0              0              Threshold
[0, 333]             16932          0          0              0              0              Arrange: Threshold
[0, 334]             16932          0          0              0              0              Threshold
[0, 337]             1891           0          0              0              0              Arrange: Threshold
[0, 338]             1891           0          0              0              0              Threshold
[0, 341]             696            0          0              0              0              Arrange: Threshold
[0, 342]             696            0          0              0              0              Threshold
[0, 345]             117            0          0              0              0              Arrange: Threshold
[0, 346]             117            0          0              0              0              Threshold
[0, 353]             160            0          0              0              0              Arrange: Threshold
[0, 354]             160            0          0              0              0              Threshold
[0, 357]             828            0          0              0              0              Arrange: Threshold
[0, 358]             828            0          0              0              0              Threshold
[0, 361]             1355           0          0              0              0              Arrange: Threshold
[0, 362]             1355           0          0              0              0              Threshold
[0, 365]             1061           0          0              0              0              Arrange: Threshold
[0, 366]             1061           0          0              0              0              Threshold
[0, 369]             2746           0          0              0              0              Arrange: Threshold
[0, 370]             2746           0          0              0              0              Threshold
[0, 373]             462            0          0              0              0              Arrange: Threshold
[0, 374]             462            0          0              0              0              Threshold
[0, 378]             0              0          0              0              0              ArrangeBySelf
[0, 381]             0              0          0              0              0              ArrangeBySelf
[0, 383]             0              0          0              0              0              ArrangeByKey
[0, 385]             0              0          0              0              0              ArrangeByKey
[0, 389]             0              0          0              0              0              ArrangeBySelf
[0, 392]             0              0          0              0              0              ArrangeBySelf
[0, 394]             0              0          0              0              0              ArrangeByKey
[0, 397]             0              0          0              0              0              ArrangeByKey
[0, 400]             0              0          0              0              0              ArrangeByKey
[0, 408]             0              0          0              0              0              ArrangeBySelf
[0, 411]             884            0          0              0              0              ArrangeBySelf
[0, 414]             0              0          0              0              0              ArrangeBySelf
[0, 417]             175            0          0              0              0              ArrangeBySelf
[0, 419]             1135           0          0              0              0              ArrangeByKey
[0, 422]             0              0          0              0              0              ArrangeBySelf
[0, 424]             0              0          0              0              0              ArrangeByKey
[0, 426]             0              0          0              0              0              ArrangeByKey
[0, 429]             0              0          0              0              0              ArrangeBySelf
[0, 432]             0              0          0              0              0              ArrangeBySelf
[0, 435]             0              0          0              0              0              ArrangeBySelf
[0, 437]             0              0          0              0              0              ArrangeByKey
[0, 440]             0              0          0              0              0              ArrangeBySelf
[0, 443]             0              0          0              0              0              ArrangeBySelf
[0, 445]             0              0          0              0              0              ArrangeByKey
[0, 448]             0              0          0              0              0              ArrangeBySelf
[0, 452]             111            0          0              0              0              ArrangeBySelf
[0, 454]             1330           0          0              0              0              ArrangeByKey
[0, 456]             1330           0          0              0              0              ArrangeByKey
[0, 458]             1330           0          0              0              0              ArrangeByKey
[0, 461]             1355           0          0              0              0              Arrange: Threshold
[0, 462]             1355           0          0              0              0              Threshold
[0, 466]             116            0          0              0              0              Arrange: Threshold
[0, 467]             116            0          0              0              0              Threshold
[0, 473]             1239           0          0              0              0              Arrange: Threshold
[0, 474]             1239           0          0              0              0              Threshold
[0, 476]             1219           0          0              0              0              ArrangeByKey
[0, 479]             1321           0          0              0              0              Arrange: Threshold
[0, 480]             1321           0          0              0              0              Threshold
[0, 484]             110            0          0              0              0              Arrange: Threshold
[0, 485]             110            0          0              0              0              Threshold
[0, 491]             1211           0          0              0              0              Arrange: Threshold
[0, 492]             1211           0          0              0              0              Threshold
[0, 494]             1219           0          0              0              0              ArrangeByKey
[0, 497]             1347           0          0              0              0              Arrange: Threshold
[0, 498]             1347           0          0              0              0              Threshold
[0, 502]             121            0          0              0              0              Arrange: Threshold
[0, 503]             121            0          0              0              0              Threshold
[0, 509]             1226           0          0              0              0              Arrange: Threshold
[0, 510]             1226           0          0              0              0              Threshold
[0, 512]             1219           0          0              0              0              ArrangeByKey
[0, 514]             1219           0          0              0              0              ArrangeByKey
[0, 518]             2746           0          0              0              0              ArrangeBySelf
[0, 520]             4367           0          0              0              0              ArrangeByKey
[0, 522]             3135           0          0              0              0              ArrangeByKey
[0, 525]             1330           0          0              0              0              ArrangeBySelf
[0, 527]             1330           0          0              0              0              ArrangeByKey
[0, 529]             3134           0          0              0              0              ArrangeByKey
[0, 531]             1330           0          0              0              0              ArrangeByKey
[0, 535]             1330           0          0              0              0              ArrangeBySelf
[0, 537]             1330           0          0              0              0              ArrangeByKey
[0, 539]             3134           0          0              0              0              ArrangeByKey
[0, 541]             1330           0          0              0              0              ArrangeByKey
[0, 545]             591            0          0              0              0              ArrangeBySelf
[0, 547]             17149          0          0              0              0              ArrangeByKey
[0, 549]             4367           0          0              0              0              ArrangeByKey
[0, 551]             591            0          0              0              0              ArrangeByKey
[0, 553]             591            0          0              0              0              ArrangeByKey
[0, 556]             17149          0          0              0              0              ArrangeByKey
[0, 558]             941            0          0              0              0              ArrangeByKey
[0, 561]             1661           0          0              0              0              ArrangeByKey
[0, 563]             1661           0          0              0              0              ArrangeByKey
[0, 565]             7569           0          0              0              0              ArrangeByKey
[0, 568]             7569           0          0              0              0              ArrangeByKey
[0, 570]             7569           0          0              0              0              ArrangeByKey
[0, 572]             5299           0          0              0              0              ArrangeByKey
[0, 575]             609            0          0              0              0              ArrangeByKey
[0, 577]             609            0          0              0              0              ArrangeByKey
[0, 579]             609            0          0              0              0              ArrangeByKey
[0, 581]             609            0          0              0              0              ArrangeByKey
[0, 584]             828            0          0              0              0              ArrangeByKey
[0, 586]             828            0          0              0              0              ArrangeByKey
[0, 588]             828            0          0              0              0              ArrangeByKey
[0, 591]             293            0          0              0              0              ArrangeByKey
[0, 593]             293            0          0              0              0              ArrangeByKey
[0, 595]             293            0          0              0              0              ArrangeByKey
[0, 598]             148            0          0              0              0              ArrangeByKey
[0, 600]             148            0          0              0              0              ArrangeByKey
[0, 602]             3151           0          0              0              0              ArrangeByKey
[0, 605]             3151           0          0              0              0              ArrangeByKey
[0, 607]             465            0          0              0              0              ArrangeByKey
[0, 610]             695            0          0              0              0              ArrangeByKey
[0, 612]             695            0          0              0              0              ArrangeByKey
[0, 614]             695            0          0              0              0              ArrangeByKey
[0, 616]             695            0          0              0              0              ArrangeByKey
[0, 619]             1843           0          0              0              0              ArrangeByKey
[0, 621]             1843           0          0              0              0              ArrangeByKey
[0, 623]             1843           0          0              0              0              ArrangeByKey
[0, 625]             1843           0          0              0              0              ArrangeByKey
[0, 628]             1616           0          0              0              0              Arrange: Threshold
[0, 629]             1616           0          0              0              0              Threshold
[0, 632]             566            0          0              0              0              Arrange: Threshold
[0, 633]             566            0          0              0              0              Threshold
[0, 642]             1123           0          0              0              0              Arrange: Threshold
[0, 643]             1123           0          0              0              0              Threshold
[0, 646]             153            0          0              0              0              Arrange: Threshold
[0, 647]             153            0          0              0              0              Threshold
[0, 650]             2704           0          0              0              0              Arrange: Threshold
[0, 651]             2704           0          0              0              0              Threshold
[0, 654]             1893           0          0              0              0              Arrange: Threshold
[0, 655]             1893           0          0              0              0              Threshold
[0, 658]             800            0          0              0              0              Arrange: Threshold
[0, 659]             800            0          0              0              0              Threshold
[0, 662]             612            0          0              0              0              Arrange: Threshold
[0, 663]             612            0          0              0              0              Threshold
[0, 666]             1145           0          0              0              0              Arrange: Threshold
[0, 667]             1145           0          0              0              0              Threshold
[0, 670]             841            0          0              0              0              Arrange: Threshold
[0, 671]             841            0          0              0              0              Threshold
[0, 674]             668            0          0              0              0              Arrange: Threshold
[0, 675]             668            0          0              0              0              Threshold
[0, 678]             0              0          0              0              0              Arrange: Threshold
[0, 679]             0              0          0              0              0              Threshold
[0, 682]             152            0          0              0              0              Arrange: Threshold
[0, 683]             152            0          0              0              0              Threshold
[0, 686]             2694           0          0              0              0              Arrange: Threshold
[0, 687]             2694           0          0              0              0              Threshold
[0, 690]             4590           0          0              0              0              Arrange: Threshold
[0, 691]             4590           0          0              0              0              Threshold
[0, 694]             478            0          0              0              0              Arrange: Threshold
[0, 695]             478            0          0              0              0              Threshold
[0, 698]             276            0          0              0              0              Arrange: Threshold
[0, 699]             276            0          0              0              0              Threshold
[0, 702]             65             0          0              0              0              ArrangeByKey
[0, 704]             67             0          0              0              0              ArrangeByKey
[0, 705, 6]          219            8          348            348            0              ArrangeByKey
[0, 705, 12]         245            6          174            174            0              Arrange: Threshold
[0, 705, 13]         242            7          363            363            0              Threshold
[0, 710]             0              0          0              0              0              ArrangeBySelf
[0, 712]             1330           0          0              0              0              ArrangeByKey
[0, 717]             23             0          0              0              0              ArrangeBySelf
[0, 719]             219            0          0              0              0              ArrangeByKey
[0, 723]             128            0          0              0              0              ArrangeBySelf
[0, 727]             0              0          0              0              0              Arrange: Threshold
[0, 728]             0              0          0              0              0              Threshold
[0, 731]             30             0          0              0              0              Arrange: Threshold
[0, 732]             30             0          0              0              0              Threshold
[0, 737]             1360           0          0              0              0              Arrange: Threshold
[0, 738]             1360           0          0              0              0              Threshold
[0, 741]             0              0          0              0              0              Arrange: Threshold
[0, 742]             0              0          0              0              0              Threshold
[0, 745]             1145           0          0              0              0              Arrange: Threshold
[0, 746]             1145           0          0              0              0              Threshold
[0, 749]             128            0          0              0              0              ArrangeByKey
[0, 750, 5]          115            9          134            134            0              ArrangeByKey
[0, 750, 9]          278            5          58             58             0              Arrange: Threshold
[0, 750, 10]         278            5          58             58             0              Threshold
[0, 755]             1643           0          0              0              0              Arrange: Threshold
[0, 756]             1643           0          0              0              0              Threshold
[0, 759]             283            0          0              0              0              Arrange: Threshold
[0, 760]             283            0          0              0              0              Threshold
[0, 764]             1237           0          0              0              0              ArrangeBySelf
[0, 766]             67             0          0              0              0              ArrangeByKey
[0, 768]             65             0          0              0              0              ArrangeByKey
[0, 769, 7]          6417           9          10965          10965          0              ArrangeByKey
[0, 769, 9]          5392           7          11548          11548          0              ArrangeByKey
[0, 769, 12]         5479           4          6988           6988           0              Arrange: Threshold
[0, 769, 13]         5479           4          6988           6988           0              Threshold
[0, 769, 17]         252            8          211            211            0              Arrange: Threshold
[0, 769, 18]         252            8          211            211            0              Threshold
[0, 769, 24]         5192           6          6739           6739           0              Arrange: Threshold
[0, 769, 25]         5192           6          6739           6739           0              Threshold
[0, 769, 28]         67             9          67             67             0              ArrangeByKey
[0, 769, 31]         66             9          66             66             0              Arrange: Threshold
[0, 769, 32]         66             9          66             66             0              Threshold
[0, 769, 36]         13             10         0              0              0              Arrange: Threshold
[0, 769, 37]         13             10         0              0              0              Threshold
[0, 769, 43]         59             8          41             41             0              Arrange: Threshold
[0, 769, 44]         58             8          41             41             0              Threshold
[0, 769, 49]         6390           7          13430          13430          0              Arrange: Threshold
[0, 769, 50]         6387           7          13422          13422          0              Threshold
[0, 773]             160            0          0              0              0              ArrangeBySelf
[0, 775]             10             0          0              0              0              ArrangeByKey
[0, 777]             10             0          0              0              0              ArrangeByKey
[0, 779]             10             0          0              0              0              ArrangeByKey
[0, 781]             10             0          0              0              0              ArrangeByKey
[0, 782, 7]          727            1          0              0              0              ArrangeByKey
[0, 782, 9]          752            1          0              0              0              ArrangeByKey
[0, 782, 11]         727            1          0              0              0              ArrangeByKey
[0, 782, 13]         13             2          0              0              0              ArrangeByKey
[0, 782, 17]         1665           1          0              0              0              Arrange: Threshold
[0, 782, 18]         1662           1          0              0              0              Threshold
[0, 787]             1669           0          0              0              0              Arrange: Threshold
[0, 788]             1669           0          0              0              0              Threshold
[0, 791]             590            0          0              0              0              Arrange: Threshold
[0, 792]             590            0          0              0              0              Threshold
[0, 795]             128            0          0              0              0              ArrangeByKey
[0, 797]             25             0          0              0              0              ArrangeByKey
[0, 799]             356            0          0              0              0              ArrangeByKey
[0, 801]             1398           0          0              0              0              ArrangeByKey
[0, 803]             9              0          0              0              0              ArrangeByKey
[0, 806]             1669           0          0              0              0              ArrangeBySelf
[0, 808]             318            0          0              0              0              ArrangeByKey
[0, 810]             16740          0          0              0              0              ArrangeByKey
[0, 812]             4807           0          0              0              0              ArrangeByKey
[0, 814]             2073           0          0              0              0              ArrangeByKey
[0, 816]             17265          0          0              0              0              ArrangeByKey
[0, 818]             1030           0          0              0              0              ArrangeByKey
[0, 820]             4367           0          0              0              0              ArrangeByKey
[0, 822]             1153           0          0              0              0              ArrangeByKey
[0, 824]             2746           0          0              0              0              ArrangeByKey
[0, 826]             2741           0          0              0              0              ArrangeByKey
[0, 828]             2741           0          0              0              0              ArrangeByKey
[0, 830]             6337           0          0              0              0              ArrangeByKey
[0, 832]             1415           0          0              0              0              ArrangeByKey
[0, 834]             4370           0          0              0              0              ArrangeByKey
[0, 836]             599            0          0              0              0              ArrangeByKey
[0, 838]             752            0          0              0              0              ArrangeByKey
[0, 840]             1509           0          0              0              0              ArrangeByKey
[0, 843]             1153           0          0              0              0              ArrangeBySelf
[0, 845]             925            0          0              0              0              ArrangeByKey
[0, 847]             2540           0          0              0              0              ArrangeByKey
[0, 849]             659            0          0              0              0              ArrangeByKey
[0, 851]             1414           0          0              0              0              ArrangeByKey
[0, 853]             69             0          0              0              0              ArrangeByKey
[0, 855]             342            0          0              0              0              ArrangeByKey
[0, 857]             600            0          0              0              0              ArrangeByKey
[0, 859]             454            0          0              0              0              ArrangeByKey
[0, 861]             148            0          0              0              0              ArrangeByKey
[0, 863]             142            0          0              0              0              ArrangeByKey
[0, 865]             1490           0          0              0              0              ArrangeByKey
[0, 867]             548            0          0              0              0              ArrangeByKey
[0, 870]             591            0          0              0              0              ArrangeBySelf
[0, 872]             4367           0          0              0              0              ArrangeByKey
[0, 874]             591            0          0              0              0              ArrangeByKey
[0, 876]             1330           0          0              0              0              ArrangeByKey
[0, 877, 52]         51             247        227            227            0              ArrangeBySelf
[0, 877, 57]         263            246        1479           1479           0              ArrangeBySelf
[0, 877, 59]         106            246        397            397            0              ArrangeByKey
[0, 877, 61]         564298         237        2929434        2929434        0              ArrangeByKey
[0, 877, 63]         422            244        1497           1497           0              ArrangeByKey
[0, 877, 65]         15483          242        79805          79805          0              ArrangeByKey
[0, 877, 67]         42778          242        162592         162592         0              ArrangeByKey
[0, 877, 69]         47             246        58             58             0              ArrangeByKey
[0, 877, 71]         4212           242        21039          21039          0              ArrangeByKey
[0, 877, 74]         36             246        128            128            0              ArrangeByKey
[0, 877, 76]         483            244        2051           2051           0              ArrangeByKey
[0, 877, 78]         6940           240        30131          30131          0              ArrangeByKey
[0, 877, 80]         226569         238        986508         986508         0              ArrangeByKey
[0, 877, 82]         11402          241        50893          50893          0              ArrangeByKey
[0, 877, 84]         363            245        984            984            0              ArrangeByKey
[0, 877, 86]         1016           244        3685           3685           0              ArrangeByKey
[0, 877, 89]         1114           242        5834           5834           0              ArrangeByKey
[0, 877, 92]         569            245        2835           2835           0              ArrangeByKey
[0, 877, 94]         9589           240        46754          46754          0              ArrangeByKey
[0, 877, 96]         224593         237        1139128        1139128        0              ArrangeByKey
[0, 877, 100]        4199           242        21460          21460          0              ArrangeBySelf
[0, 877, 102]        252            243        1243           1243           0              ArrangeByKey
[0, 877, 104]        995            243        5327           5327           0              ArrangeByKey
[0, 877, 106]        3336           242        18725          18725          0              ArrangeByKey
[0, 877, 108]        1536           243        8699           8699           0              ArrangeByKey
[0, 877, 111]        696            245        3772           3772           0              ArrangeByKey
[0, 877, 113]        632            243        3185           3185           0              ArrangeByKey
[0, 877, 115]        632            243        3185           3185           0              ArrangeByKey
[0, 877, 117]        161761         240        857756         857756         0              ArrangeByKey
[0, 877, 119]        15491          240        87513          87513          0              ArrangeByKey
[0, 877, 121]        15491          240        87513          87513          0              ArrangeByKey
[0, 877, 123]        9410           241        50045          50045          0              ArrangeByKey
[0, 877, 126]        1366           244        8325           8325           0              ArrangeByKey
[0, 877, 128]        1261           242        6138           6138           0              ArrangeByKey
[0, 877, 131]        2498           243        12418          12418          0              ArrangeByKey
[0, 877, 134]        91             246        371            371            0              ArrangeByKey
[0, 877, 136]        1982           242        9002           9002           0              ArrangeByKey
[0, 877, 138]        147147         242        711533         711533         0              ArrangeByKey
[0, 877, 141]        617230         237        3293925        3293925        0              ArrangeBySelf
[0, 877, 144]        150458         239        764611         764611         0              ArrangeByKey
[0, 877, 146]        150458         239        764611         764611         0              ArrangeByKey
[0, 877, 148]        10630          241        55307          55307          0              ArrangeByKey
[0, 877, 150]        64964          242        422078         422078         0              ArrangeByKey
[0, 877, 154]        20809          236        113944         113944         0              ArrangeBySelf
[0, 877, 156]        952            244        5125           5125           0              ArrangeByKey
[0, 877, 159]        856            244        5243           5243           0              ArrangeBySelf
[0, 877, 161]        878            245        5069           5069           0              ArrangeByKey
[0, 877, 164]        1271           242        5999           5999           0              ArrangeByKey
[0, 877, 167]        185            245        889            889            0              ArrangeByKey
[0, 877, 169]        17736          240        73557          73557          0              ArrangeByKey
[0, 877, 173]        4873           241        26170          26170          0              ArrangeBySelf
[0, 877, 177]        364            245        1704           1704           0              ArrangeBySelf
[0, 877, 182]        58             246        268            268            0              ArrangeBySelf
[0, 877, 185]        185            245        447            447            0              ArrangeByKey
[0, 877, 187]        62             246        240            240            0              ArrangeByKey
[0, 877, 191]        51             245        198            198            0              ArrangeByKey
[0, 877, 195]        60             246        236            236            0              ArrangeBySelf
[0, 877, 199]        263            246        1479           1479           0              ArrangeBySelf
[0, 877, 204]        4199           242        21460          21460          0              ArrangeByKey
[0, 877, 207]        117            246        606            606            0              ArrangeBySelf
[0, 877, 210]        73             245        351            351            0              ArrangeBySelf
[0, 877, 217]        1722           243        10886          10886          0              Arrange: Threshold
[0, 877, 218]        263            245        1479           1479           0              Threshold
[0, 877, 222]        2336           244        12529          12529          0              Arrange: Threshold
[0, 877, 223]        2318           244        12431          12431          0              Threshold
[0, 877, 226]        949            243        3747           3747           0              Arrange: Threshold
[0, 877, 227]        949            243        3747           3747           0              Threshold
[0, 877, 232]        11211          241        62040          62040          0              Arrange: Threshold
[0, 877, 233]        1395           242        7601           7601           0              Threshold
[0, 877, 236]        241335         237        1303677        1303677        0              Arrange: Threshold
[0, 877, 237]        220656         237        1156894        1156894        0              Threshold
[0, 877, 246]        204            247        1229           1229           0              Arrange: Threshold
[0, 877, 247]        51             246        227            227            0              Threshold
[0, 877, 250]        9068           241        45744          45744          0              Arrange: Threshold
[0, 877, 251]        4878           239        24760          24760          0              Threshold
[0, 877, 262]        1098469        236        6360702        6360702        0              Arrange: Threshold
[0, 877, 263]        617230         236        3293925        3293925        0              Threshold
[0, 887]             6387           0          0              0              0              Arrange: Threshold
[0, 888]             6387           0          0              0              0              Threshold
[0, 893]             0              0          0              0              0              Consolidate
[0, 898]             1145           0          0              0              0              Arrange: Threshold
[0, 899]             1145           0          0              0              0              Threshold
[0, 904]             0              0          0              0              0              Consolidate
[0, 909]             139            0          0              0              0              Arrange: Threshold
[0, 910]             139            0          0              0              0              Threshold
[0, 915]             0              0          0              0              0              Consolidate
[0, 920]             278            0          0              0              0              Arrange: Threshold
[0, 921]             278            0          0              0              0              Threshold
[0, 926]             0              0          0              0              0              Consolidate
[0, 931]             283            0          0              0              0              Arrange: Threshold
[0, 932]             283            0          0              0              0              Threshold
[0, 937]             0              0          0              0              0              Consolidate
[0, 942]             242            0          0              0              0              Arrange: Threshold
[0, 943]             242            0          0              0              0              Threshold
[0, 948]             0              0          0              0              0              Consolidate
[0, 953]             1662           0          0              0              0              Arrange: Threshold
[0, 954]             1662           0          0              0              0              Threshold
[0, 959]             0              0          0              0              0              Consolidate
[0, 964]             1669           0          0              0              0              Arrange: Threshold
[0, 965]             1669           0          0              0              0              Threshold
[0, 970]             0              0          0              0              0              Consolidate
[0, 975]             590            0          0              0              0              Arrange: Threshold
[0, 976]             590            0          0              0              0              Threshold
[0, 981]             0              0          0              0              0              Consolidate
[0, 986]             0              0          0              0              0              Arrange: Threshold
[0, 987]             0              0          0              0              0              Threshold
[0, 992]             0              0          0              0              0              Consolidate
[0, 997]             30             0          0              0              0              Arrange: Threshold
[0, 998]             30             0          0              0              0              Threshold
[0, 1003]            0              0          0              0              0              Consolidate
[0, 1008]            51             0          0              0              0              Arrange: Threshold
[0, 1009]            51             0          0              0              0              Threshold
[0, 1014]            0              0          0              0              0              Consolidate
[0, 1019]            2318           0          0              0              0              Arrange: Threshold
[0, 1020]            2318           0          0              0              0              Threshold
[0, 1025]            0              0          0              0              0              Consolidate
[0, 1030]            617230         0          0              0              0              Arrange: Threshold
[0, 1031]            617230         0          0              0              0              Threshold
[0, 1036]            0              0          0              0              0              Consolidate
[0, 1041]            220656         0          0              0              0              Arrange: Threshold
[0, 1042]            220656         0          0              0              0              Threshold
[0, 1047]            0              0          0              0              0              Consolidate
[0, 1052]            949            0          0              0              0              Arrange: Threshold
[0, 1053]            949            0          0              0              0              Threshold
[0, 1058]            0              0          0              0              0              Consolidate
[0, 1063]            1395           0          0              0              0              Arrange: Threshold
[0, 1064]            1395           0          0              0              0              Threshold
[0, 1069]            0              0          0              0              0              Consolidate
[0, 1074]            4878           0          0              0              0              Arrange: Threshold
[0, 1075]            4878           0          0              0              0              Threshold
[0, 1080]            0              0          0              0              0              Consolidate
[0, 1085]            263            0          0              0              0              Arrange: Threshold
[0, 1086]            263            0          0              0              0              Threshold
[0, 1091]            0              0          0              0              0              Consolidate
