addr                 batched_in     merges     merge_in       merge_out      dropped        name
[0, 3]               123            0          0              0              0              Arrange: Threshold
[0, 4]               123            0          0              0              0              Threshold
[0, 8]               71             0          0              0              0              Arrange: Threshold
[0, 9]               71             0          0              0              0              Threshold
[0, 13]              0              0          0              0              0              Arrange: Threshold
[0, 14]              0              0          0              0              0              Threshold
[0, 18]              1121           0          0              0              0              Arrange: Threshold
[0, 19]              1121           0          0              0              0              Threshold
[0, 23]              7              0          0              0              0              Arrange: Threshold
[0, 24]              7              0          0              0              0              Threshold
[0, 28]              2078           0          0              0              0              Arrange: Threshold
[0, 29]              2078           0          0              0              0              Threshold
[0, 33]              1723           0          0              0              0              Arrange: Threshold
[0, 34]              1723           0          0              0              0              Threshold
[0, 38]              1660           0          0              0              0              Arrange: Threshold
[0, 39]              1660           0          0              0              0              Threshold
[0, 43]              16772          0          0              0              0              Arrange: Threshold
[0, 44]              16772          0          0              0              0              Threshold
[0, 48]              1381           0          0              0              0              Arrange: Threshold
[0, 49]              1381           0          0              0              0              Threshold
[0, 53]              128            0          0              0              0              Arrange: Threshold
[0, 54]              128            0          0              0              0              Threshold
[0, 58]              10             0          0              0              0              Arrange: Threshold
[0, 59]              10             0          0              0              0              Threshold
[0, 63]              20             0          0              0              0              Arrange: Threshold
[0, 64]              20             0          0              0              0              Threshold
[0, 68]              39             0          0              0              0              Arrange: Threshold
[0, 69]              39             0          0              0              0              Threshold
[0, 73]              647            0          0              0              0              Arrange: Threshold
[0, 74]              647            0          0              0              0              Threshold
[0, 78]              783            0          0              0              0              Arrange: Threshold
[0, 79]              783            0          0              0              0              Threshold
[0, 83]              1607           0          0              0              0              Arrange: Threshold
[0, 84]              1607           0          0              0              0              Threshold
[0, 88]              5399           0          0              0              0              Arrange: Threshold
[0, 89]              5399           0          0              0              0              Threshold
[0, 93]              645            0          0              0              0              Arrange: Threshold
[0, 94]              645            0          0              0              0              Threshold
[0, 98]              574            0          0              0              0              Arrange: Threshold
[0, 99]              574            0          0              0              0              Threshold
[0, 103]             615            0          0              0              0              Arrange: Threshold
[0, 104]             615            0          0              0              0              Threshold
[0, 108]             1072           0          0              0              0              Arrange: Threshold
[0, 109]             1072           0          0              0              0              Threshold
[0, 113]             2765           0          0              0              0              Arrange: Threshold
[0, 114]             2765           0          0              0              0              Threshold
[0, 118]             1262           0          0              0              0              Arrange: Threshold
[0, 119]             1262           0          0              0              0              Threshold
[0, 123]             1336           0          0              0              0              Arrange: Threshold
[0, 124]             1336           0          0              0              0              Threshold
[0, 128]             737            0          0              0              0              Arrange: Threshold
[0, 129]             737            0          0              0              0              Threshold
[0, 133]             1840           0          0              0              0              Arrange: Threshold
[0, 134]             1840           0          0              0              0              Threshold
[0, 138]             137            0          0              0              0              Arrange: Threshold
[0, 139]             137            0          0              0              0              Threshold
[0, 143]             432            0          0              0              0              Arrange: Threshold
[0, 144]             432            0          0              0              0              Threshold
[0, 148]             853            0          0              0              0              Arrange: Threshold
[0, 149]             853            0          0              0              0              Threshold
[0, 153]             289            0          0              0              0              Arrange: Threshold
[0, 154]             289            0          0              0              0              Threshold
[0, 158]             944            0          0              0              0              Arrange: Threshold
[0, 159]             944            0          0              0              0              Threshold
[0, 215]             647            0          0              0              0              Arrange: Threshold
[0, 216]             647            0          0              0              0              Threshold
[0, 222]             158            0          0              0              0              Arrange: Threshold
[0, 223]             158            0          0              0              0              Threshold
[0, 226]             1578           0          0              0              0              Arrange: Threshold
[0, 227]             1578           0          0              0              0              Threshold
[0, 230]             609            0          0              0              0              Arrange: Threshold
[0, 231]             609            0          0              0              0              Threshold
[0, 234]             10             0          0              0              0              Arrange: Threshold
[0, 235]             10             0          0              0              0              Threshold
[0, 238]             594            0          0              0              0              Arrange: Threshold
[0, 239]             594            0          0              0              0              Threshold
[0, 242]             123            0          0              0              0              Arrange: Threshold
[0, 243]             123            0          0              0              0              Threshold
[0, 246]             281            0          0              0              0              Arrange: Threshold
[0, 247]             281            0          0              0              0              Threshold
[0, 250]             933            0          0              0              0              Arrange: Threshold
[0, 251]             933            0          0              0              0              Threshold
[0, 254]             5230           0          0              0              0              Arrange: Threshold
[0, 255]             5230           0          0              0              0              Threshold
[0, 258]             128            0          0              0              0              Arrange: Threshold
[0, 259]             128            0          0              0              0              Threshold
[0, 262]             680            0          0              0              0              Arrange: Threshold
[0, 263]             680            0          0              0              0              Threshold
[0, 268]             4475           0          0              0              0              Arrange: Threshold
[0, 269]             4475           0          0              0              0              Threshold
[0, 272]             584            0          0              0              0              Arrange: Threshold
[0, 273]             584            0          0              0              0              Threshold
[0, 276]             78             0          0              0              0              Arrange: Threshold
[0, 277]             78             0          0              0              0              Threshold
[0, 280]             826            0          0              0              0              Arrange: Threshold
[0, 281]             826            0          0              0              0              Threshold
[0, 284]             2611           0          0              0              0              Arrange: Threshold
[0, 285]             2611           0          0              0              0              Threshold
[0, 288]             602            0          0              0              0              Arrange: Threshold
[0, 289]             602            0          0              0              0              Threshold
[0, 295]             3095           0          0              0              0              Arrange: Threshold
[0, 296]             3095           0          0              0              0              Threshold
[0, 299]             1330           0          0              0              0              Arrange: Threshold
[0, 300]             1330           0          0              0              0              Threshold
[0, 305]             7572           0          0              0              0              Arrange: Threshold
[0, 306]             7572           0          0              0              0              Threshold
[0, 309]             1929           0          0              0              0              Arrange: Threshold
[0, 310]             1929           0          0              0              0              Threshold
[0, 313]             267            0          0              0              0              Arrange: Threshold
[0, 314]             267            0          0              0              0              Threshold
[0, 317]             20             0          0              0              0              Arrange: Threshold
[0, 318]             20             0          0              0              0              Threshold
[0, 333]             17230          0          0              0              0              Arrange: Threshold
[0, 334]             17230          0          0              0              0              Threshold
[0, 337]             1838           0          0              0              0              Arrange: Threshold
[0, 338]             1838           0          0              0              0              Threshold
[0, 341]             696            0          0              0              0              Arrange: Threshold
[0, 342]             696            0          0              0              0              Threshold
[0, 345]             153            0          0              0              0              Arrange: Threshold
[0, 346]             153            0          0              0              0              Threshold
[0, 353]             158            0          0              0              0              Arrange: Threshold
[0, 354]             158            0          0              0              0              Threshold
[0, 357]             807            0          0              0              0              Arrange: Threshold
[0, 358]             807            0          0              0              0              Threshold
[0, 361]             1277           0          0              0              0              Arrange: Threshold
[0, 362]             1277           0          0              0              0              Threshold
[0, 365]             1052           0          0              0              0              Arrange: Threshold
[0, 366]             1052           0          0              0              0              Threshold
[0, 369]             2676           0          0              0              0              Arrange: Threshold
[0, 370]             2676           0          0              0              0              Threshold
[0, 373]             478            0          0              0              0              Arrange: Threshold
[0, 374]             478            0          0              0              0              Threshold
[0, 378]             0              0          0              0              0              ArrangeBySelf
[0, 381]             0              0          0              0              0              ArrangeBySelf
[0, 383]             0              0          0              0              0              ArrangeByKey
[0, 385]             0              0          0              0              0              ArrangeByKey
[0, 389]             0              0          0              0              0              ArrangeBySelf
[0, 392]             0              0          0              0              0              ArrangeBySelf
[0, 394]             0              0          0              0              0              ArrangeByKey
[0, 397]             0              0          0              0              0              ArrangeByKey
[0, 400]             0              0          0              0              0              ArrangeByKey
[0, 408]             0              0          0              0              0              ArrangeBySelf
[0, 411]             859            0          0              0              0              ArrangeBySelf
[0, 414]             0              0          0              0              0              ArrangeBySelf
[0, 417]             194            0          0              0              0              ArrangeBySelf
[0, 419]             1381           0          0              0              0              ArrangeByKey
[0, 422]             0              0          0              0              0              ArrangeBySelf
[0, 424]             1              0          0              0              0              ArrangeByKey
[0, 426]             0              0          0              0              0              ArrangeByKey
[0, 429]             0              0          0              0              0              ArrangeBySelf
[0, 432]             0              0          0              0              0              ArrangeBySelf
[0, 435]             0              0          0              0              0              ArrangeBySelf
[0, 437]             0              0          0              0              0              ArrangeByKey
[0, 440]             0              0          0              0              0              ArrangeBySelf
[0, 443]             0              0          0              0              0              ArrangeBySelf
[0, 445]             0              0          0              0              0              ArrangeByKey
[0, 448]             0              0          0              0              0              ArrangeBySelf
[0, 452]             105            0          0              0              0              ArrangeBySelf
[0, 454]             1324           0          0              0              0              ArrangeByKey
[0, 456]             1324           0          0              0              0              ArrangeByKey
[0, 458]             1324           0          0              0              0              ArrangeByKey
[0, 461]             1277           0          0              0              0              Arrange: Threshold
[0, 462]             1277           0          0              0              0              Threshold
[0, 466]             102            0          0              0              0              Arrange: Threshold
[0, 467]             102            0          0              0              0              Threshold
[0, 473]             1175           0          0              0              0              Arrange: Threshold
[0, 474]             1175           0          0              0              0              Threshold
[0, 476]             1219           0          0              0              0              ArrangeByKey
[0, 479]             1336           0          0              0              0              Arrange: Threshold
[0, 480]             1336           0          0              0              0              Threshold
[0, 484]             121            0          0              0              0              Arrange: Threshold
[0, 485]             121            0          0              0              0              Threshold
[0, 491]             1215           0          0              0              0              Arrange: Threshold
[0, 492]             1215           0          0              0              0              Threshold
[0, 494]             1219           0          0              0              0              ArrangeByKey
[0, 497]             1330           0          0              0              0              Arrange: Threshold
[0, 498]             1330           0          0              0              0              Threshold
[0, 502]             106            0          0              0              0              Arrange: Threshold
[0, 503]             106            0          0              0              0              Threshold
[0, 509]             1224           0          0              0              0              Arrange: Threshold
[0, 510]             1224           0          0              0              0              Threshold
[0, 512]             1219           0          0              0              0              ArrangeByKey
[0, 514]             1219           0          0              0              0              ArrangeByKey
[0, 518]             2676           0          0              0              0              ArrangeBySelf
[0, 520]             4364           0          0              0              0              ArrangeByKey
[0, 522]             2194           0          0              0              0              ArrangeByKey
[0, 525]             1324           0          0              0              0              ArrangeBySelf
[0, 527]             1324           0          0              0              0              ArrangeByKey
[0, 529]             2190           0          0              0              0              ArrangeByKey
[0, 531]             1324           0          0              0              0              ArrangeByKey
[0, 535]             1324           0          0              0              0              ArrangeBySelf
[0, 537]             1324           0          0              0              0              ArrangeByKey
[0, 539]             2190           0          0              0              0              ArrangeByKey
[0, 541]             1324           0          0              0              0              ArrangeByKey
[0, 545]             594            0          0              0              0              ArrangeBySelf
[0, 547]             17078          0          0              0              0              ArrangeByKey
[0, 549]             4364           0          0              0              0              ArrangeByKey
[0, 551]             594            0          0              0              0              ArrangeByKey
[0, 553]             594            0          0              0              0              ArrangeByKey
[0, 556]             17078          0          0              0              0              ArrangeByKey
[0, 558]             895            0          0              0              0              ArrangeByKey
[0, 561]             1644           0          0              0              0              ArrangeByKey
[0, 563]             1644           0          0              0              0              ArrangeByKey
[0, 565]             7551           0          0              0              0              ArrangeByKey
[0, 568]             7551           0          0              0              0              ArrangeByKey
[0, 570]             7551           0          0              0              0              ArrangeByKey
[0, 572]             5298           0          0              0              0              ArrangeByKey
[0, 575]             609            0          0              0              0              ArrangeByKey
[0, 577]             609            0          0              0              0              ArrangeByKey
[0, 579]             609            0          0              0              0              ArrangeByKey
[0, 581]             609            0          0              0              0              ArrangeByKey
[0, 584]             821            0          0              0              0              ArrangeByKey
[0, 586]             821            0          0              0              0              ArrangeByKey
[0, 588]             821            0          0              0              0              ArrangeByKey
[0, 591]             292            0          0              0              0              ArrangeByKey
[0, 593]             292            0          0              0              0              ArrangeByKey
[0, 595]             292            0          0              0              0              ArrangeByKey
[0, 598]             169            0          0              0              0              ArrangeByKey
[0, 600]             169            0          0              0              0              ArrangeByKey
[0, 602]             3155           0          0              0              0              ArrangeByKey
[0, 605]             3155           0          0              0              0              ArrangeByKey
[0, 607]             473            0          0              0              0              ArrangeByKey
[0, 610]             681            0          0              0              0              ArrangeByKey
[0, 612]             681            0          0              0              0              ArrangeByKey
[0, 614]             681            0          0              0              0              ArrangeByKey
[0, 616]             681            0          0              0              0              ArrangeByKey
[0, 619]             1832           0          0              0              0              ArrangeByKey
[0, 621]             1832           0          0              0              0              ArrangeByKey
[0, 623]             1832           0          0              0              0              ArrangeByKey
[0, 625]             1832           0          0              0              0              ArrangeByKey
[0, 628]             1620           0          0              0              0              Arrange: Threshold
[0, 629]             1620           0          0              0              0              Threshold
[0, 632]             611            0          0              0              0              Arrange: Threshold
[0, 633]             611            0          0              0              0              Threshold
[0, 642]             419            0          0              0              0              Arrange: Threshold
[0, 643]             419            0          0              0              0              Threshold
[0, 646]             169            0          0              0              0              Arrange: Threshold
[0, 647]             169            0          0              0              0              Threshold
[0, 650]             2755           0          0              0              0              Arrange: Threshold
[0, 651]             2755           0          0              0              0              Threshold
[0, 654]             1914           0          0              0              0              Arrange: Threshold
[0, 655]             1914           0          0              0              0              Threshold
[0, 658]             823            0          0              0              0              Arrange: Threshold
[0, 659]             823            0          0              0              0              Threshold
[0, 662]             737            0          0              0              0              Arrange: Threshold
[0, 663]             737            0          0              0              0              Threshold
[0, 666]             1261           0          0              0              0              Arrange: Threshold
[0, 667]             1261           0          0              0              0              Threshold
[0, 670]             863            0          0              0              0              Arrange: Threshold
[0, 671]             863            0          0              0              0              Threshold
[0, 674]             653            0          0              0              0              Arrange: Threshold
[0, 675]             653            0          0              0              0              Threshold
[0, 678]             0              0          0              0              0              Arrange: Threshold
[0, 679]             0              0          0              0              0              Threshold
[0, 682]             117            0          0              0              0              Arrange: Threshold
[0, 683]             117            0          0              0              0              Threshold
[0, 686]             2759           0          0              0              0              Arrange: Threshold
[0, 687]             2759           0          0              0              0              Threshold
[0, 690]             4834           0          0              0              0              Arrange: Threshold
[0, 691]             4834           0          0              0              0              Threshold
[0, 694]             459            0          0              0              0              Arrange: Threshold
[0, 695]             459            0          0              0              0              Threshold
[0, 698]             274            0          0              0              0              Arrange: Threshold
[0, 699]             274            0          0              0              0              Threshold
[0, 702]             36             0          0              0              0              ArrangeByKey
[0, 704]             64             0          0              0              0              ArrangeByKey
[0, 705, 6]          278            7          322            322            0              ArrangeByKey
[0, 705, 12]         263            7          336            336            0              Arrange: Threshold
[0, 705, 13]         262            7          335            335            0              Threshold
[0, 710]             0              0          0              0              0              ArrangeBySelf
[0, 712]             1324           0          0              0              0              ArrangeByKey
[0, 717]             20             0          0              0              0              ArrangeBySelf
[0, 719]             278            0          0              0              0              ArrangeByKey
[0, 723]             128            0          0              0              0              ArrangeBySelf
[0, 727]             0              0          0              0              0              Arrange: Threshold
[0, 728]             0              0          0              0              0              Threshold
[0, 731]             29             0          0              0              0              Arrange: Threshold
[0, 732]             29             0          0              0              0              Threshold
[0, 737]             692            0          0              0              0              Arrange: Threshold
[0, 738]             692            0          0              0              0              Threshold
[0, 741]             0              0          0              0              0              Arrange: Threshold
[0, 742]             0              0          0              0              0              Threshold
[0, 745]             1261           0          0              0              0              Arrange: Threshold
[0, 746]             1261           0          0              0              0              Threshold
[0, 749]             128            0          0              0              0              ArrangeByKey
[0, 750, 5]          133            9          179            179            0              ArrangeByKey
[0, 750, 9]          257            7          330            330            0              Arrange: Threshold
[0, 750, 10]         257            7          330            330            0              Threshold
[0, 755]             944            0          0              0              0              Arrange: Threshold
[0, 756]             944            0          0              0              0              Threshold
[0, 759]             252            0          0              0              0              Arrange: Threshold
[0, 760]             252            0          0              0              0              Threshold
[0, 764]             1197           0          0              0              0              ArrangeBySelf
[0, 766]             64             0          0              0              0              ArrangeByKey
[0, 768]             36             0          0              0              0              ArrangeByKey
[0, 769, 7]          6305           6          5399           5399           0              ArrangeByKey
[0, 769, 9]          5360           6          7103           7103           0              ArrangeByKey
[0, 769, 12]         5361           5          6964           6964           0              Arrange: Threshold
[0, 769, 13]         5361           5          6964           6964           0              Threshold
[0, 769, 17]         254            8          218            218            0              Arrange: Threshold
[0, 769, 18]         254            8          218            218            0              Threshold
[0, 769, 24]         5146           5          6558           6558           0              Arrange: Threshold
[0, 769, 25]         5146           5          6558           6558           0              Threshold
[0, 769, 28]         74             8          49             49             0              ArrangeByKey
[0, 769, 31]         79             8          58             58             0              Arrange: Threshold
[0, 769, 32]         79             8          58             58             0              Threshold
[0, 769, 36]         20             10         16             16             0              Arrange: Threshold
[0, 769, 37]         20             10         16             16             0              Threshold
[0, 769, 43]         63             9          60             60             0              Arrange: Threshold
[0, 769, 44]         62             9          60             60             0              Threshold
[0, 769, 49]         6465           6          13441          13441          0              Arrange: Threshold
[0, 769, 50]         6463           6          13435          13435          0              Threshold
[0, 773]             158            0          0              0              0              ArrangeBySelf
[0, 775]             8              0          0              0              0              ArrangeByKey
[0, 777]             8              0          0              0              0              ArrangeByKey
[0, 779]             8              0          0              0              0              ArrangeByKey
[0, 781]             8              0          0              0              0              ArrangeByKey
[0, 782, 7]          773            0          0              0              0              ArrangeByKey
[0, 782, 9]          423            1          0              0              0              ArrangeByKey
[0, 782, 11]         773            0          0              0              0              ArrangeByKey
[0, 782, 13]         9              2          0              0              0              ArrangeByKey
[0, 782, 17]         964            0          0              0              0              Arrange: Threshold
[0, 782, 18]         964            0          0              0              0              Threshold
[0, 787]             966            0          0              0              0              Arrange: Threshold
[0, 788]             966            0          0              0              0              Threshold
[0, 791]             600            0          0              0              0              Arrange: Threshold
[0, 792]             600            0          0              0              0              Threshold
[0, 795]             128            0          0              0              0              ArrangeByKey
[0, 797]             28             0          0              0              0              ArrangeByKey
[0, 799]             570            0          0              0              0              ArrangeByKey
[0, 801]             1342           0          0              0              0              ArrangeByKey
[0, 803]             10             0          0              0              0              ArrangeByKey
[0, 806]             966            0          0              0              0              ArrangeBySelf
[0, 808]             333            0          0              0              0              ArrangeByKey
[0, 810]             16848          0          0              0              0              ArrangeByKey
[0, 812]             4638           0          0              0              0              ArrangeByKey
[0, 814]             1890           0          0              0              0              ArrangeByKey
[0, 816]             17360          0          0              0              0              ArrangeByKey
[0, 818]             1094           0          0              0              0              ArrangeByKey
[0, 820]             4364           0          0              0              0              ArrangeByKey
[0, 822]             1128           0          0              0              0              ArrangeByKey
[0, 824]             2676           0          0              0              0              ArrangeByKey
[0, 826]             2669           0          0              0              0              ArrangeByKey
[0, 828]             2669           0          0              0              0              ArrangeByKey
[0, 830]             6300           0          0              0              0              ArrangeByKey
[0, 832]             1477           0          0              0              0              ArrangeByKey
[0, 834]             4341           0          0              0              0              ArrangeByKey
[0, 836]             614            0          0              0              0              ArrangeByKey
[0, 838]             423            0          0              0              0              ArrangeByKey
[0, 840]             517            0          0              0              0              ArrangeByKey
[0, 843]             1128           0          0              0              0              ArrangeBySelf
[0, 845]             1078           0          0              0              0              ArrangeByKey
[0, 847]             2549           0          0              0              0              ArrangeByKey
[0, 849]             648            0          0              0              0              ArrangeByKey
[0, 851]             1684           0          0              0              0              ArrangeByKey
[0, 853]             92             0          0              0              0              ArrangeByKey
[0, 855]             480            0          0              0              0              ArrangeByKey
[0, 857]             600            0          0              0              0              ArrangeByKey
[0, 859]             762            0          0              0              0              ArrangeByKey
[0, 861]             187            0          0              0              0              ArrangeByKey
[0, 863]             187            0          0              0              0              ArrangeByKey
[0, 865]             1723           0          0              0              0              ArrangeByKey
[0, 867]             796            0          0              0              0              ArrangeByKey
[0, 870]             594            0          0              0              0              ArrangeBySelf
[0, 872]             4364           0          0              0              0              ArrangeByKey
[0, 874]             594            0          0              0              0              ArrangeByKey
[0, 876]             1324           0          0              0              0              ArrangeByKey
[0, 877, 52]         54             247        228            228            0              ArrangeBySelf
[0, 877, 57]         279            246        1516           1516           0              ArrangeBySelf
[0, 877, 59]         103            245        347            347            0              ArrangeByKey
[0, 877, 61]         574813         236        2874810        2874810        0              ArrangeByKey
[0, 877, 63]         414            243        1366           1366           0              ArrangeByKey
[0, 877, 65]         16017          240        81419          81419          0              ArrangeByKey
[0, 877, 67]         110            245        416            416            0              ArrangeByKey
[0, 877, 69]         34             246        116            116            0              ArrangeByKey
[0, 877, 71]         73934          241        388225         388225         0              ArrangeByKey
[0, 877, 74]         36             246        138            138            0              ArrangeByKey
[0, 877, 76]         245            243        848            848            0              ArrangeByKey
[0, 877, 78]         107            246        382            382            0              ArrangeByKey
[0, 877, 80]         150167         241        804893         804893         0              ArrangeByKey
[0, 877, 82]         335            245        1408           1408           0              ArrangeByKey
[0, 877, 84]         223            245        789            789            0              ArrangeByKey
[0, 877, 86]         199217         241        754342         754342         0              ArrangeByKey
[0, 877, 89]         1088           245        6048           6048           0              ArrangeByKey
[0, 877, 92]         446            243        2051           2051           0              ArrangeByKey
[0, 877, 94]         10441          241        52158          52158          0              ArrangeByKey
[0, 877, 96]         237173         239        1225241        1225241        0              ArrangeByKey
[0, 877, 100]        4262           242        22226          22226          0              ArrangeBySelf
[0, 877, 102]        252            246        1316           1316           0              ArrangeByKey
[0, 877, 104]        983            244        5314           5314           0              ArrangeByKey
[0, 877, 106]        7881           241        42717          42717          0              ArrangeByKey
[0, 877, 108]        10393          242        64770          64770          0              ArrangeByKey
[0, 877, 111]        624            244        3054           3054           0              ArrangeByKey
[0, 877, 113]        587            244        3034           3034           0              ArrangeByKey
[0, 877, 115]        587            244        3034           3034           0              ArrangeByKey
[0, 877, 117]        180889         239        998676         998676         0              ArrangeByKey
[0, 877, 119]        13494          242        79077          79077          0              ArrangeByKey
[0, 877, 121]        13494          242        79077          79077          0              ArrangeByKey
[0, 877, 123]        12257          243        77359          77359          0              ArrangeByKey
[0, 877, 126]        2334           243        11803          11803          0              ArrangeByKey
[0, 877, 128]        1072           245        6003           6003           0              ArrangeByKey
[0, 877, 131]        2675           243        13871          13871          0              ArrangeByKey
[0, 877, 134]        93             247        448            448            0              ArrangeByKey
[0, 877, 136]        2030           243        9676           9676           0              ArrangeByKey
[0, 877, 138]        147130         242        711782         711782         0              ArrangeByKey
[0, 877, 141]        616698         239        3286865        3286865        0              ArrangeBySelf
[0, 877, 144]        126767         237        680947         680947         0              ArrangeByKey
[0, 877, 146]        126767         237        680947         680947         0              ArrangeByKey
[0, 877, 148]        100968         241        522581         522581         0              ArrangeByKey
[0, 877, 150]        11498          241        67755          67755          0              ArrangeByKey
[0, 877, 154]        20233          239        112908         112908         0              ArrangeBySelf
[0, 877, 156]        2099           243        10696          10696          0              ArrangeByKey
[0, 877, 159]        1477           242        8538           8538           0              ArrangeBySelf
[0, 877, 161]        851            245        4916           4916           0              ArrangeByKey
[0, 877, 164]        1265           242        5490           5490           0              ArrangeByKey
[0, 877, 167]        195            245        1098           1098           0              ArrangeByKey
[0, 877, 169]        16748          238        65816          65816          0              ArrangeByKey
[0, 877, 173]        5312           239        27068          27068          0              ArrangeBySelf
[0, 877, 177]        369            244        1966           1966           0              ArrangeBySelf
[0, 877, 182]        55             246        255            255            0              ArrangeBySelf
[0, 877, 185]        82             247        389            389            0              ArrangeByKey
[0, 877, 187]        6884           242        22791          22791          0              ArrangeByKey
[0, 877, 191]        49             246        203            203            0              ArrangeByKey
[0, 877, 195]        56             246        239            239            0              ArrangeBySelf
[0, 877, 199]        279            246        1516           1516           0              ArrangeBySelf
[0, 877, 204]        4262           242        22226          22226          0              ArrangeByKey
[0, 877, 207]        132            246        653            653            0              ArrangeBySelf
[0, 877, 210]        82             245        368            368            0              ArrangeBySelf
[0, 877, 217]        2273           242        12926          12926          0              Arrange: Threshold
[0, 877, 218]        279            245        1516           1516           0              Threshold
[0, 877, 222]        2294           243        12378          12378          0              Arrange: Threshold
[0, 877, 223]        2277           243        12304          12304          0              Threshold
[0, 877, 226]        954            244        3564           3564           0              Arrange: Threshold
[0, 877, 227]        954            244        3564           3564           0              Threshold
[0, 877, 232]        11130          238        60572          60572          0              Arrange: Threshold
[0, 877, 233]        1350           241        6930           6930           0              Threshold
[0, 877, 236]        241126         240        1313025        1313025        0              Arrange: Threshold
[0, 877, 237]        220368         239        1142289        1142289        0              Threshold
[0, 877, 246]        385            245        2117           2117           0              Arrange: Threshold
[0, 877, 247]        54             246        228            228            0              Threshold
[0, 877, 250]        9098           241        46676          46676          0              Arrange: Threshold
[0, 877, 251]        4910           242        24193          24193          0              Threshold
[0, 877, 262]        1096700        235        5969141        5969141        0              Arrange: Threshold
[0, 877, 263]        616698         238        3286865        3286865        0              Threshold
[0, 887]             6463           0          0              0              0              Arrange: Threshold
[0, 888]             6463           0          0              0              0              Threshold
[0, 893]             0              0          0              0              0              Consolidate
[0, 898]             1261           0          0              0              0              Arrange: Threshold
[0, 899]             1261           0          0              0              0              Threshold
[0, 904]             0              0          0              0              0              Consolidate
[0, 909]             123            0          0              0              0              Arrange: Threshold
[0, 910]             123            0          0              0              0              Threshold
[0, 915]             0              0          0              0              0              Consolidate
[0, 920]             257            0          0              0              0              Arrange: Threshold
[0, 921]             257            0          0              0              0              Threshold
[0, 926]             0              0          0              0              0              Consolidate
[0, 931]             252            0          0              0              0              Arrange: Threshold
[0, 932]             252            0          0              0              0              Threshold
[0, 937]             0              0          0              0              0              Consolidate
[0, 942]             262            0          0              0              0              Arrange: Threshold
[0, 943]             262            0          0              0              0              Threshold
[0, 948]             0              0          0              0              0              Consolidate
[0, 953]             964            0          0              0              0              Arrange: Threshold
[0, 954]             964            0          0              0              0              Threshold
[0, 959]             0              0          0              0              0              Consolidate
[0, 964]             966            0          0              0              0              Arrange: Threshold
[0, 965]             966            0          0              0              0              Threshold
[0, 970]             0              0          0              0              0              Consolidate
[0, 975]             600            0          0              0              0              Arrange: Threshold
[0, 976]             600            0          0              0              0              Threshold
[0, 981]             0              0          0              0              0              Consolidate
[0, 986]             0              0          0              0              0              Arrange: Threshold
[0, 987]             0              0          0              0              0              Threshold
[0, 992]             0              0          0              0              0              Consolidate
[0, 997]             29             0          0              0              0              Arrange: Threshold
[0, 998]             29             0          0              0              0              Threshold
[0, 1003]            0              0          0              0              0              Consolidate
[0, 1008]            54             0          0              0              0              Arrange: Threshold
[0, 1009]            54             0          0              0              0              Threshold
[0, 1014]            0              0          0              0              0              Consolidate
[0, 1019]            2277           0          0              0              0              Arrange: Threshold
[0, 1020]            2277           0          0              0              0              Threshold
[0, 1025]            0              0          0              0              0              Consolidate
[0, 1030]            616698         0          0              0              0              Arrange: Threshold
[0, 1031]            616698         0          0              0              0              Threshold
[0, 1036]            0              0          0              0              0              Consolidate
[0, 1041]            220368         0          0              0              0              Arrange: Threshold
[0, 1042]            220368         0          0              0              0              Threshold
[0, 1047]            0              0          0              0              0              Consolidate
[0, 1052]            954            0          0              0              0              Arrange: Threshold
[0, 1053]            954            0          0              0              0              Threshold
[0, 1058]            0              0          0              0              0              Consolidate
[0, 1063]            1350           0          0              0              0              Arrange: Threshold
[0, 1064]            1350           0          0              0              0              Threshold
[0, 1069]            0              0          0              0              0              Consolidate
[0, 1074]            4910           0          0              0              0              Arrange: Threshold
[0, 1075]            4910           0          0              0              0              Threshold
[0, 1080]            0              0          0              0              0              Consolidate
[0, 1085]            279            0          0              0              0              Arrange: Threshold
[0, 1086]            279            0          0              0              0              Threshold
[0, 1091]            0              0          0              0              0              Consolidate
