addr                 activations  total_active_ms  name
[0]                  248456       8677.690         Dataflow
[0, 1]               1            0.000            Input
[0, 2]               2            0.247            FlatMap
[0, 3]               7            0.078            Arrange: Threshold
[0, 4]               4            0.066            Threshold
[0, 5]               3            0.008            AsCollection
[0, 6]               1            0.002            Input
[0, 7]               2            0.226            FlatMap
[0, 8]               7            0.058            Arrange: Threshold
[0, 9]               4            0.045            Threshold
[0, 10]              3            0.008            AsCollection
[0, 11]              1            0.000            Input
[0, 12]              1            0.001            FlatMap
[0, 13]              3            0.007            Arrange: Threshold
[0, 14]              2            0.007            Threshold
[0, 15]              1            0.001            AsCollection
[0, 16]              1            0.000            Input
[0, 17]              2            0.415            FlatMap
[0, 18]              6            0.295            Arrange: Threshold
[0, 19]              4            0.474            Threshold
[0, 20]              3            0.034            AsCollection
[0, 21]              1            0.000            Input
[0, 22]              2            0.285            FlatMap
[0, 23]              6            0.047            Arrange: Threshold
[0, 24]              4            0.018            Threshold
[0, 25]              3            0.005            AsCollection
[0, 26]              1            0.000            Input
[0, 27]              2            0.198            FlatMap
[0, 28]              6            0.524            Arrange: Threshold
[0, 29]              4            1.029            Threshold
[0, 30]              3            0.068            AsCollection
[0, 31]              1            0.000            Input
[0, 32]              2            0.413            FlatMap
[0, 33]              6            0.752            Arrange: Threshold
[0, 34]              4            1.362            Threshold
[0, 35]              3            0.074            AsCollection
[0, 36]              1            0.000            Input
[0, 37]              2            0.268            FlatMap
[0, 38]              9            0.310            Arrange: Threshold
[0, 39]              4            0.496            Threshold
[0, 40]              3            0.050            AsCollection
[0, 41]              1            0.000            Input
[0, 42]              2            0.888            FlatMap
[0, 43]              8            3.005            Arrange: Threshold
[0, 44]              4            5.655            Threshold
[0, 45]              3            0.335            AsCollection
[0, 46]              1            0.000            Input
[0, 47]              2            0.095            FlatMap
[0, 48]              8            0.229            Arrange: Threshold
[0, 49]              4            0.517            Threshold
[0, 50]              3            0.041            AsCollection
[0, 51]              1            0.000            Input
[0, 52]              2            0.088            FlatMap
[0, 53]              7            0.070            Arrange: Threshold
[0, 54]              4            0.059            Threshold
[0, 55]              3            0.006            AsCollection
[0, 56]              1            0.000            Input
[0, 57]              2            0.261            FlatMap
[0, 58]              7            0.041            Arrange: Threshold
[0, 59]              4            0.021            Threshold
[0, 60]              3            0.008            AsCollection
[0, 61]              1            0.000            Input
[0, 62]              2            0.032            FlatMap
[0, 63]              7            0.029            Arrange: Threshold
[0, 64]              4            0.120            Threshold
[0, 65]              3            0.004            AsCollection
[0, 66]              1            0.000            Input
[0, 67]              2            0.250            FlatMap
[0, 68]              6            0.059            Arrange: Threshold
[0, 69]              4            0.031            Threshold
[0, 70]              3            0.006            AsCollection
[0, 71]              1            0.000            Input
[0, 72]              2            0.301            FlatMap
[0, 73]              7            0.143            Arrange: Threshold
[0, 74]              4            0.349            Threshold
[0, 75]              3            0.021            AsCollection
[0, 76]              1            0.000            Input
[0, 77]              2            0.301            FlatMap
[0, 78]              7            0.126            Arrange: Threshold
[0, 79]              4            0.296            Threshold
[0, 80]              3            0.017            AsCollection
[0, 81]              1            0.000            Input
[0, 82]              2            0.392            FlatMap
[0, 83]              7            0.336            Arrange: Threshold
[0, 84]              4            0.661            Threshold
[0, 85]              3            0.068            AsCollection
[0, 86]              1            0.000            Input
[0, 87]              2            0.474            FlatMap
[0, 88]              7            1.213            Arrange: Threshold
[0, 89]              4            2.025            Threshold
[0, 90]              3            0.190            AsCollection
[0, 91]              1            0.000            Input
[0, 92]              2            0.134            FlatMap
[0, 93]              6            0.141            Arrange: Threshold
[0, 94]              4            0.261            Threshold
[0, 95]              3            0.026            AsCollection
[0, 96]              1            0.000            Input
[0, 97]              2            0.374            FlatMap
[0, 98]              6            0.365            Arrange: Threshold
[0, 99]              4            0.250            Threshold
[0, 100]             3            0.016            AsCollection
[0, 101]             1            0.000            Input
[0, 102]             2            0.270            FlatMap
[0, 103]             6            0.129            Arrange: Threshold
[0, 104]             4            0.266            Threshold
[0, 105]             3            0.018            AsCollection
[0, 106]             1            0.000            Input
[0, 107]             2            0.315            FlatMap
[0, 108]             7            0.231            Arrange: Threshold
[0, 109]             4            0.383            Threshold
[0, 110]             3            0.086            AsCollection
[0, 111]             1            0.000            Input
[0, 112]             2            0.280            FlatMap
[0, 113]             6            0.559            Arrange: Threshold
[0, 114]             4            1.144            Threshold
[0, 115]             3            0.264            AsCollection
[0, 116]             1            0.000            Input
[0, 117]             2            0.227            FlatMap
[0, 118]             7            0.315            Arrange: Threshold
[0, 119]             4            0.501            Threshold
[0, 120]             3            0.091            AsCollection
[0, 121]             1            0.000            Input
[0, 122]             2            0.396            FlatMap
[0, 123]             7            0.234            Arrange: Threshold
[0, 124]             4            0.469            Threshold
[0, 125]             3            0.127            AsCollection
[0, 126]             1            0.001            Input
[0, 127]             2            0.321            FlatMap
[0, 128]             7            0.178            Arrange: Threshold
[0, 129]             4            0.283            Threshold
[0, 130]             3            0.051            AsCollection
[0, 131]             1            0.000            Input
[0, 132]             2            0.244            FlatMap
[0, 133]             6            0.442            Arrange: Threshold
[0, 134]             4            0.633            Threshold
[0, 135]             3            0.186            AsCollection
[0, 136]             1            0.000            Input
[0, 137]             2            0.223            FlatMap
[0, 138]             7            0.070            Arrange: Threshold
[0, 139]             4            0.077            Threshold
[0, 140]             3            0.016            AsCollection
[0, 141]             1            0.000            Input
[0, 142]             2            0.366            FlatMap
[0, 143]             6            0.126            Arrange: Threshold
[0, 144]             4            0.185            Threshold
[0, 145]             3            0.030            AsCollection
[0, 146]             1            0.000            Input
[0, 147]             2            0.204            FlatMap
[0, 148]             6            0.189            Arrange: Threshold
[0, 149]             4            0.313            Threshold
[0, 150]             3            0.043            AsCollection
[0, 151]             1            0.000            Input
[0, 152]             2            0.273            FlatMap
[0, 153]             6            0.086            Arrange: Threshold
[0, 154]             4            0.110            Threshold
[0, 155]             3            0.013            AsCollection
[0, 156]             1            0.000            Input
[0, 157]             2            0.337            FlatMap
[0, 158]             6            0.185            Arrange: Threshold
[0, 159]             4            0.342            Threshold
[0, 160]             3            0.023            AsCollection
[0, 161]             3            0.009            FlatMap
[0, 162]             3            0.008            FlatMap
[0, 163]             3            0.022            FlatMap
[0, 164]             3            0.018            FlatMap
[0, 165]             3            0.007            FlatMap
[0, 166]             3            0.006            FlatMap
[0, 167]             3            0.008            FlatMap
[0, 168]             3            0.012            FlatMap
[0, 169]             3            0.015            FlatMap
[0, 170]             3            0.013            FlatMap
[0, 171]             3            0.010            FlatMap
[0, 172]             3            0.010            FlatMap
[0, 173]             3            0.010            FlatMap
[0, 174]             3            0.005            FlatMap
[0, 175]             3            0.005            FlatMap
[0, 176]             3            0.005            FlatMap
[0, 177]             3            0.028            FlatMap
[0, 178]             3            0.033            FlatMap
[0, 179]             3            0.025            FlatMap
[0, 180]             3            0.028            FlatMap
[0, 181]             3            0.010            FlatMap
[0, 182]             3            0.010            FlatMap
[0, 183]             3            0.010            FlatMap
[0, 184]             3            0.015            FlatMap
[0, 185]             3            0.018            FlatMap
[0, 186]             3            0.016            FlatMap
[0, 187]             3            0.052            FlatMap
[0, 188]             3            0.031            FlatMap
[0, 189]             3            0.028            FlatMap
[0, 190]             3            0.040            FlatMap
[0, 191]             3            0.023            FlatMap
[0, 192]             3            0.013            FlatMap
[0, 193]             3            0.014            FlatMap
[0, 194]             3            0.009            FlatMap
[0, 195]             3            0.009            FlatMap
[0, 196]             3            0.012            FlatMap
[0, 197]             3            0.009            FlatMap
[0, 198]             3            0.013            FlatMap
[0, 199]             3            0.011            FlatMap
[0, 200]             3            0.010            FlatMap
[0, 201]             3            0.009            FlatMap
[0, 202]             3            0.055            FlatMap
[0, 203]             3            0.055            FlatMap
[0, 204]             3            0.056            FlatMap
[0, 205]             3            0.020            FlatMap
[0, 206]             3            0.021            FlatMap
[0, 207]             3            0.022            FlatMap
[0, 208]             3            0.011            FlatMap
[0, 209]             3            0.012            FlatMap
[0, 210]             3            0.005            FlatMap
[0, 211]             3            0.006            FlatMap
[0, 212]             3            0.004            FlatMap
[0, 213]             3            0.006            FlatMap
[0, 214]             3            0.036            FlatMap
[0, 215]             4            0.073            Arrange: Threshold
[0, 216]             4            0.305            Threshold
[0, 217]             3            0.029            AsCollection
[0, 218]             4            0.007            Concatenate
[0, 219]             4            0.006            Concatenate
[0, 220]             4            0.010            Concatenate
[0, 221]             4            0.045            FlatMap
[0, 222]             6            0.034            Arrange: Threshold
[0, 223]             4            0.076            Threshold
[0, 224]             3            0.132            AsCollection
[0, 225]             3            0.091            FlatMap
[0, 226]             5            0.292            Arrange: Threshold
[0, 227]             4            0.571            Threshold
[0, 228]             3            0.032            AsCollection
[0, 229]             3            0.126            FlatMap
[0, 230]             5            0.131            Arrange: Threshold
[0, 231]             4            0.212            Threshold
[0, 232]             3            0.016            AsCollection
[0, 233]             3            0.022            FlatMap
[0, 234]             5            0.012            Arrange: Threshold
[0, 235]             4            0.017            Threshold
[0, 236]             3            0.005            AsCollection
[0, 237]             3            0.127            FlatMap
[0, 238]             5            0.119            Arrange: Threshold
[0, 239]             4            0.210            Threshold
[0, 240]             3            0.024            AsCollection
[0, 241]             3            0.025            FlatMap
[0, 242]             4            0.013            Arrange: Threshold
[0, 243]             4            0.066            Threshold
[0, 244]             3            0.007            AsCollection
[0, 245]             3            0.176            FlatMap
[0, 246]             5            0.085            Arrange: Threshold
[0, 247]             4            0.114            Threshold
[0, 248]             3            0.008            AsCollection
[0, 249]             3            0.177            FlatMap
[0, 250]             5            0.152            Arrange: Threshold
[0, 251]             4            0.337            Threshold
[0, 252]             3            0.022            AsCollection
[0, 253]             3            0.294            FlatMap
[0, 254]             5            0.871            Arrange: Threshold
[0, 255]             4            1.765            Threshold
[0, 256]             3            0.113            AsCollection
[0, 257]             3            0.022            FlatMap
[0, 258]             5            0.023            Arrange: Threshold
[0, 259]             4            0.060            Threshold
[0, 260]             3            0.013            AsCollection
[0, 261]             3            0.089            FlatMap
[0, 262]             5            0.132            Arrange: Threshold
[0, 263]             4            0.243            Threshold
[0, 264]             3            0.018            AsCollection
[0, 265]             3            0.010            Concatenate
[0, 266]             3            0.008            Concatenate
[0, 267]             3            0.223            FlatMap
[0, 268]             5            0.868            Arrange: Threshold
[0, 269]             4            1.374            Threshold
[0, 270]             3            0.145            AsCollection
[0, 271]             3            0.148            FlatMap
[0, 272]             5            0.143            Arrange: Threshold
[0, 273]             4            0.239            Threshold
[0, 274]             3            0.014            AsCollection
[0, 275]             3            0.064            FlatMap
[0, 276]             5            0.057            Arrange: Threshold
[0, 277]             4            0.043            Threshold
[0, 278]             3            0.005            AsCollection
[0, 279]             3            0.257            FlatMap
[0, 280]             5            0.220            Arrange: Threshold
[0, 281]             4            0.316            Threshold
[0, 282]             3            0.020            AsCollection
[0, 283]             3            0.288            FlatMap
[0, 284]             5            0.471            Arrange: Threshold
[0, 285]             4            0.901            Threshold
[0, 286]             3            0.048            AsCollection
[0, 287]             3            0.156            FlatMap
[0, 288]             5            0.172            Arrange: Threshold
[0, 289]             4            0.228            Threshold
[0, 290]             3            0.014            AsCollection
[0, 291]             3            0.005            Concatenate
[0, 292]             3            0.009            Concatenate
[0, 293]             3            0.005            Concatenate
[0, 294]             3            0.410            FlatMap
[0, 295]             5            0.601            Arrange: Threshold
[0, 296]             4            1.095            Threshold
[0, 297]             3            0.068            AsCollection
[0, 298]             3            0.254            FlatMap
[0, 299]             5            0.253            Arrange: Threshold
[0, 300]             4            0.494            Threshold
[0, 301]             3            0.047            AsCollection
[0, 302]             3            0.015            Concatenate
[0, 303]             3            0.009            Concatenate
[0, 304]             3            0.569            FlatMap
[0, 305]             5            1.365            Arrange: Threshold
[0, 306]             4            2.445            Threshold
[0, 307]             3            0.155            AsCollection
[0, 308]             3            0.172            FlatMap
[0, 309]             5            0.320            Arrange: Threshold
[0, 310]             4            0.649            Threshold
[0, 311]             3            0.039            AsCollection
[0, 312]             3            0.157            FlatMap
[0, 313]             5            0.106            Arrange: Threshold
[0, 314]             4            0.114            Threshold
[0, 315]             3            0.009            AsCollection
[0, 316]             3            0.018            FlatMap
[0, 317]             5            0.014            Arrange: Threshold
[0, 318]             4            0.022            Threshold
[0, 319]             3            0.010            AsCollection
[0, 320]             3            0.006            Concatenate
[0, 321]             3            0.009            Concatenate
[0, 322]             3            0.007            Concatenate
[0, 323]             3            0.005            Concatenate
[0, 324]             3            0.013            Concatenate
[0, 325]             3            0.007            Concatenate
[0, 326]             3            0.007            Concatenate
[0, 327]             3            0.009            Concatenate
[0, 328]             3            0.009            Concatenate
[0, 329]             3            0.012            Concatenate
[0, 330]             3            0.015            Concatenate
[0, 331]             3            0.011            Concatenate
[0, 332]             3            0.782            FlatMap
[0, 333]             4            2.748            Arrange: Threshold
[0, 334]             4            5.012            Threshold
[0, 335]             3            0.521            AsCollection
[0, 336]             3            0.122            FlatMap
[0, 337]             5            0.303            Arrange: Threshold
[0, 338]             4            0.659            Threshold
[0, 339]             3            0.037            AsCollection
[0, 340]             3            0.089            FlatMap
[0, 341]             5            0.128            Arrange: Threshold
[0, 342]             4            0.234            Threshold
[0, 343]             3            0.016            AsCollection
[0, 344]             3            0.058            FlatMap
[0, 345]             5            0.073            Arrange: Threshold
[0, 346]             4            0.065            Threshold
[0, 347]             3            0.006            AsCollection
[0, 348]             3            0.006            Concatenate
[0, 349]             4            0.007            Concatenate
[0, 350]             4            0.006            Concatenate
[0, 351]             4            0.007            Concatenate
[0, 352]             4            0.167            FlatMap
[0, 353]             6            0.120            Arrange: Threshold
[0, 354]             4            0.071            Threshold
[0, 355]             3            0.013            AsCollection
[0, 356]             3            0.158            FlatMap
[0, 357]             5            0.140            Arrange: Threshold
[0, 358]             4            0.288            Threshold
[0, 359]             3            0.018            AsCollection
[0, 360]             3            0.160            FlatMap
[0, 361]             5            0.234            Arrange: Threshold
[0, 362]             4            0.502            Threshold
[0, 363]             3            0.044            AsCollection
[0, 364]             3            0.185            FlatMap
[0, 365]             5            0.196            Arrange: Threshold
[0, 366]             4            0.369            Threshold
[0, 367]             3            0.022            AsCollection
[0, 368]             3            0.180            FlatMap
[0, 369]             5            0.357            Arrange: Threshold
[0, 370]             4            0.765            Threshold
[0, 371]             3            0.050            AsCollection
[0, 372]             3            0.086            FlatMap
[0, 373]             5            0.101            Arrange: Threshold
[0, 374]             4            0.175            Threshold
[0, 375]             3            0.012            AsCollection
[0, 376]             3            0.004            FlatMap
[0, 377]             1            0.001            FlatMap
[0, 378]             3            0.007            ArrangeBySelf
[0, 379]             3            0.004            FlatMap
[0, 380]             1            0.001            FlatMap
[0, 381]             3            0.006            ArrangeBySelf
[0, 382]             2            0.010            Join
[0, 383]             3            0.008            ArrangeByKey
[0, 384]             3            0.022            FlatMap
[0, 385]             5            0.010            ArrangeByKey
[0, 386]             3            0.012            Join
[0, 387]             3            0.004            FlatMap
[0, 388]             1            0.001            FlatMap
[0, 389]             3            0.006            ArrangeBySelf
[0, 390]             3            0.003            FlatMap
[0, 391]             1            0.001            FlatMap
[0, 392]             3            0.005            ArrangeBySelf
[0, 393]             2            0.009            Join
[0, 394]             3            0.006            ArrangeByKey
[0, 395]             3            0.008            Join
[0, 396]             3            0.019            FlatMap
[0, 397]             4            0.006            ArrangeByKey
[0, 398]             2            0.007            Join
[0, 399]             3            0.020            FlatMap
[0, 400]             5            0.007            ArrangeByKey
[0, 401]             2            0.011            Join
[0, 402]             3            0.010            FlatMap
[0, 403]             3            0.005            FlatMap
[0, 404]             3            0.005            FlatMap
[0, 405]             3            0.008            FlatMap
[0, 406]             3            0.008            FlatMap
[0, 407]             3            0.023            FlatMap
[0, 408]             4            0.018            ArrangeBySelf
[0, 409]             3            0.019            FlatMap
[0, 410]             3            0.063            FlatMap
[0, 411]             5            0.116            ArrangeBySelf
[0, 412]             3            0.018            FlatMap
[0, 413]             1            0.001            FlatMap
[0, 414]             3            0.012            ArrangeBySelf
[0, 415]             3            0.011            FlatMap
[0, 416]             3            0.029            FlatMap
[0, 417]             5            0.086            ArrangeBySelf
[0, 418]             3            0.109            FlatMap
[0, 419]             5            0.229            ArrangeByKey
[0, 420]             1            0.001            FlatMap
[0, 421]             1            0.000            FlatMap
[0, 422]             2            0.006            ArrangeBySelf
[0, 423]             5            0.026            Join
[0, 424]             3            0.006            ArrangeByKey
[0, 425]             5            0.021            Join
[0, 426]             3            0.007            ArrangeByKey
[0, 427]             7            0.046            Join
[0, 428]             3            0.018            FlatMap
[0, 429]             4            0.012            ArrangeBySelf
[0, 430]             6            0.027            Join
[0, 431]             3            0.015            FlatMap
[0, 432]             4            0.008            ArrangeBySelf
[0, 433]             6            0.043            Join
[0, 434]             3            0.016            FlatMap
[0, 435]             4            0.008            ArrangeBySelf
[0, 436]             5            0.020            Join
[0, 437]             2            0.005            ArrangeByKey
[0, 438]             6            0.040            Join
[0, 439]             3            0.019            FlatMap
[0, 440]             3            0.050            ArrangeBySelf
[0, 441]             6            0.021            Join
[0, 442]             3            0.024            FlatMap
[0, 443]             3            0.007            ArrangeBySelf
[0, 444]             5            0.016            Join
[0, 445]             2            0.005            ArrangeByKey
[0, 446]             4            0.018            Join
[0, 447]             3            0.028            FlatMap
[0, 448]             4            0.009            ArrangeBySelf
[0, 449]             5            0.015            Join
[0, 450]             3            0.009            FlatMap
[0, 451]             3            0.078            FlatMap
[0, 452]             5            0.039            ArrangeBySelf
[0, 453]             3            0.090            FlatMap
[0, 454]             5            0.205            ArrangeByKey
[0, 455]             3            0.174            FlatMap
[0, 456]             5            0.214            ArrangeByKey
[0, 457]             3            0.100            FlatMap
[0, 458]             5            0.190            ArrangeByKey
[0, 459]             3            0.056            AsCollection
[0, 460]             3            0.103            FlatMap
[0, 461]             5            0.222            Arrange: Threshold
[0, 462]             4            0.428            Threshold
[0, 463]             3            0.026            AsCollection
[0, 464]             6            0.042            Join
[0, 465]             3            0.057            FlatMap
[0, 466]             5            0.064            Arrange: Threshold
[0, 467]             4            0.060            Threshold
[0, 468]             3            0.006            AsCollection
[0, 469]             3            0.004            FlatMap
[0, 470]             3            0.006            Concatenate
[0, 471]             3            0.014            FlatMap
[0, 472]             3            0.048            FlatMap
[0, 473]             4            0.123            Arrange: Threshold
[0, 474]             4            0.378            Threshold
[0, 475]             3            0.104            AsCollection
[0, 476]             5            0.200            ArrangeByKey
[0, 477]             3            0.053            AsCollection
[0, 478]             3            0.101            FlatMap
[0, 479]             5            0.207            Arrange: Threshold
[0, 480]             4            0.369            Threshold
[0, 481]             3            0.022            AsCollection
[0, 482]             5            0.047            Join
[0, 483]             3            0.053            FlatMap
[0, 484]             6            0.061            Arrange: Threshold
[0, 485]             4            0.042            Threshold
[0, 486]             3            0.004            AsCollection
[0, 487]             3            0.007            FlatMap
[0, 488]             3            0.005            Concatenate
[0, 489]             3            0.015            FlatMap
[0, 490]             3            0.055            FlatMap
[0, 491]             7            0.123            Arrange: Threshold
[0, 492]             4            0.352            Threshold
[0, 493]             3            0.127            AsCollection
[0, 494]             5            0.210            ArrangeByKey
[0, 495]             3            0.062            AsCollection
[0, 496]             3            0.093            FlatMap
[0, 497]             5            0.216            Arrange: Threshold
[0, 498]             4            0.425            Threshold
[0, 499]             3            0.029            AsCollection
[0, 500]             6            0.050            Join
[0, 501]             3            0.053            FlatMap
[0, 502]             5            0.058            Arrange: Threshold
[0, 503]             4            0.048            Threshold
[0, 504]             3            0.005            AsCollection
[0, 505]             3            0.005            FlatMap
[0, 506]             3            0.004            Concatenate
[0, 507]             3            0.012            FlatMap
[0, 508]             3            0.042            FlatMap
[0, 509]             4            0.115            Arrange: Threshold
[0, 510]             4            0.409            Threshold
[0, 511]             3            0.113            AsCollection
[0, 512]             5            0.195            ArrangeByKey
[0, 513]             6            0.260            Join
[0, 514]             9            0.096            ArrangeByKey
[0, 515]             6            0.295            Join
[0, 516]             3            0.030            FlatMap
[0, 517]             3            0.067            FlatMap
[0, 518]             4            0.203            ArrangeBySelf
[0, 519]             3            0.192            FlatMap
[0, 520]             5            0.706            ArrangeByKey
[0, 521]             6            0.610            Join
[0, 522]             5            0.248            ArrangeByKey
[0, 523]             3            0.020            FlatMap
[0, 524]             3            0.092            FlatMap
[0, 525]             5            0.167            ArrangeBySelf
[0, 526]             3            0.201            FlatMap
[0, 527]             5            0.226            ArrangeByKey
[0, 528]             6            0.189            Join
[0, 529]             4            0.130            ArrangeByKey
[0, 530]             7            0.253            Join
[0, 531]             4            0.086            ArrangeByKey
[0, 532]             6            0.223            Join
[0, 533]             3            0.021            FlatMap
[0, 534]             3            0.165            FlatMap
[0, 535]             5            0.169            ArrangeBySelf
[0, 536]             3            0.107            FlatMap
[0, 537]             5            0.210            ArrangeByKey
[0, 538]             7            0.179            Join
[0, 539]             4            0.107            ArrangeByKey
[0, 540]             7            0.243            Join
[0, 541]             4            0.097            ArrangeByKey
[0, 542]             6            0.221            Join
[0, 543]             3            0.010            FlatMap
[0, 544]             3            0.038            FlatMap
[0, 545]             4            0.035            ArrangeBySelf
[0, 546]             3            0.537            FlatMap
[0, 547]             5            3.025            ArrangeByKey
[0, 548]             3            0.184            FlatMap
[0, 549]             5            0.686            ArrangeByKey
[0, 550]             5            0.168            Join
[0, 551]             5            0.045            ArrangeByKey
[0, 552]             6            0.140            Join
[0, 553]             4            0.044            ArrangeByKey
[0, 554]             6            0.123            Join
[0, 555]             3            0.534            FlatMap
[0, 556]             5            2.921            ArrangeByKey
[0, 557]             3            0.081            FlatMap
[0, 558]             5            0.203            ArrangeByKey
[0, 559]             6            0.252            Join
[0, 560]             3            0.099            FlatMap
[0, 561]             5            0.266            ArrangeByKey
[0, 562]             6            0.334            Join
[0, 563]             4            0.186            ArrangeByKey
[0, 564]             3            0.277            FlatMap
[0, 565]             5            1.195            ArrangeByKey
[0, 566]             6            0.378            Join
[0, 567]             3            0.328            FlatMap
[0, 568]             5            1.214            ArrangeByKey
[0, 569]             6            1.429            Join
[0, 570]             4            0.852            ArrangeByKey
[0, 571]             3            0.206            FlatMap
[0, 572]             5            0.835            ArrangeByKey
[0, 573]             6            1.125            Join
[0, 574]             3            0.117            FlatMap
[0, 575]             5            0.122            ArrangeByKey
[0, 576]             6            0.149            Join
[0, 577]             4            0.060            ArrangeByKey
[0, 578]             6            0.173            Join
[0, 579]             4            0.060            ArrangeByKey
[0, 580]             3            0.203            FlatMap
[0, 581]             5            0.122            ArrangeByKey
[0, 582]             7            0.186            Join
[0, 583]             3            0.203            FlatMap
[0, 584]             5            0.148            ArrangeByKey
[0, 585]             6            0.212            Join
[0, 586]             4            0.082            ArrangeByKey
[0, 587]             3            0.186            FlatMap
[0, 588]             5            0.140            ArrangeByKey
[0, 589]             6            0.222            Join
[0, 590]             3            0.226            FlatMap
[0, 591]             5            0.091            ArrangeByKey
[0, 592]             6            0.100            Join
[0, 593]             4            0.033            ArrangeByKey
[0, 594]             3            0.265            FlatMap
[0, 595]             5            0.088            ArrangeByKey
[0, 596]             6            0.090            Join
[0, 597]             3            0.148            FlatMap
[0, 598]             5            0.074            ArrangeByKey
[0, 599]             6            0.078            Join
[0, 600]             4            0.029            ArrangeByKey
[0, 601]             3            0.359            FlatMap
[0, 602]             5            0.529            ArrangeByKey
[0, 603]             6            0.067            Join
[0, 604]             6            0.626            Join
[0, 605]             4            0.309            ArrangeByKey
[0, 606]             3            0.170            FlatMap
[0, 607]             5            0.121            ArrangeByKey
[0, 608]             6            0.141            Join
[0, 609]             3            0.146            FlatMap
[0, 610]             5            0.120            ArrangeByKey
[0, 611]             6            0.181            Join
[0, 612]             5            0.061            ArrangeByKey
[0, 613]             3            0.175            FlatMap
[0, 614]             5            0.125            ArrangeByKey
[0, 615]             6            0.191            Join
[0, 616]             4            0.058            ArrangeByKey
[0, 617]             7            0.193            Join
[0, 618]             3            0.275            FlatMap
[0, 619]             5            0.282            ArrangeByKey
[0, 620]             7            0.471            Join
[0, 621]             6            0.171            ArrangeByKey
[0, 622]             6            0.416            Join
[0, 623]             5            0.178            ArrangeByKey
[0, 624]             3            0.232            FlatMap
[0, 625]             5            0.296            ArrangeByKey
[0, 626]             7            0.403            Join
[0, 627]             3            0.173            FlatMap
[0, 628]             5            0.326            Arrange: Threshold
[0, 629]             4            0.496            Threshold
[0, 630]             3            0.040            AsCollection
[0, 631]             3            0.106            FlatMap
[0, 632]             5            0.121            Arrange: Threshold
[0, 633]             4            0.196            Threshold
[0, 634]             3            0.013            AsCollection
[0, 635]             1            0.002            Concatenate
[0, 636]             1            0.001            Concatenate
[0, 637]             1            0.001            Concatenate
[0, 638]             3            0.006            Concatenate
[0, 639]             3            0.006            Concatenate
[0, 640]             3            0.005            Concatenate
[0, 641]             3            0.041            FlatMap
[0, 642]             9            0.039            Arrange: Threshold
[0, 643]             4            0.035            Threshold
[0, 644]             3            0.005            AsCollection
[0, 645]             3            0.081            FlatMap
[0, 646]             6            0.083            Arrange: Threshold
[0, 647]             4            0.073            Threshold
[0, 648]             3            0.012            AsCollection
[0, 649]             3            0.143            FlatMap
[0, 650]             7            0.415            Arrange: Threshold
[0, 651]             4            0.845            Threshold
[0, 652]             3            0.058            AsCollection
[0, 653]             3            0.178            FlatMap
[0, 654]             8            0.368            Arrange: Threshold
[0, 655]             4            0.643            Threshold
[0, 656]             3            0.048            AsCollection
[0, 657]             3            0.130            FlatMap
[0, 658]             6            0.158            Arrange: Threshold
[0, 659]             4            0.256            Threshold
[0, 660]             3            0.019            AsCollection
[0, 661]             3            0.110            FlatMap
[0, 662]             8            0.141            Arrange: Threshold
[0, 663]             4            0.228            Threshold
[0, 664]             3            0.016            AsCollection
[0, 665]             3            0.139            FlatMap
[0, 666]             5            0.266            Arrange: Threshold
[0, 667]             4            0.464            Threshold
[0, 668]             3            0.047            AsCollection
[0, 669]             3            0.109            FlatMap
[0, 670]             5            0.148            Arrange: Threshold
[0, 671]             4            0.273            Threshold
[0, 672]             3            0.018            AsCollection
[0, 673]             3            0.105            FlatMap
[0, 674]             9            0.143            Arrange: Threshold
[0, 675]             4            0.217            Threshold
[0, 676]             3            0.016            AsCollection
[0, 677]             1            0.001            FlatMap
[0, 678]             2            0.049            Arrange: Threshold
[0, 679]             2            0.007            Threshold
[0, 680]             1            0.001            AsCollection
[0, 681]             3            0.038            FlatMap
[0, 682]             5            0.039            Arrange: Threshold
[0, 683]             4            0.071            Threshold
[0, 684]             3            0.008            AsCollection
[0, 685]             3            0.139            FlatMap
[0, 686]             11           0.435            Arrange: Threshold
[0, 687]             4            0.833            Threshold
[0, 688]             3            0.083            AsCollection
[0, 689]             3            0.242            FlatMap
[0, 690]             7            0.919            Arrange: Threshold
[0, 691]             4            1.523            Threshold
[0, 692]             3            0.102            AsCollection
[0, 693]             3            0.107            FlatMap
[0, 694]             8            0.111            Arrange: Threshold
[0, 695]             4            0.177            Threshold
[0, 696]             3            0.014            AsCollection
[0, 697]             3            0.087            FlatMap
[0, 698]             7            0.083            Arrange: Threshold
[0, 699]             4            0.094            Threshold
[0, 700]             3            0.008            AsCollection
[0, 701]             3            0.079            FlatMap
[0, 702]             5            0.027            ArrangeByKey
[0, 703]             3            0.073            FlatMap
[0, 704]             5            0.705            ArrangeByKey
[0, 705]             162          7.491            Iterative
[0, 705, 1]          3            0.009            FlatMap
[0, 705, 2]          3            0.006            FlatMap
[0, 705, 3]          3            0.005            Enter
[0, 705, 4]          21           0.028            Feedback
[0, 705, 5]          21           0.453            FlatMap
[0, 705, 6]          49           0.263            ArrangeByKey
[0, 705, 7]          30           0.142            Join
[0, 705, 8]          30           0.199            Join
[0, 705, 9]          9            0.015            Concatenate
[0, 705, 10]         11           0.015            Concatenate
[0, 705, 11]         11           0.209            FlatMap
[0, 705, 12]         42           0.220            Arrange: Threshold
[0, 705, 13]         26           0.326            Threshold
[0, 705, 14]         21           0.048            AsCollection
[0, 705, 15]         21           0.028            ResultsIn
[0, 706]             25           0.038            Leave
[0, 707]             1            0.001            FlatMap
[0, 708]             1            0.001            FlatMap
[0, 709]             1            0.008            FlatMap
[0, 710]             2            0.006            ArrangeBySelf
[0, 711]             3            0.141            FlatMap
[0, 712]             5            0.227            ArrangeByKey
[0, 713]             5            0.025            Join
[0, 714]             3            0.008            FlatMap
[0, 715]             3            0.007            FlatMap
[0, 716]             3            0.022            FlatMap
[0, 717]             5            0.015            ArrangeBySelf
[0, 718]             21           0.413            FlatMap
[0, 719]             34           0.202            ArrangeByKey
[0, 720]             7            0.036            Join
[0, 721]             3            0.007            FlatMap
[0, 722]             3            0.030            FlatMap
[0, 723]             5            0.014            ArrangeBySelf
[0, 724]             7            0.062            Join
[0, 725]             3            0.019            FlatMap
[0, 726]             1            0.001            FlatMap
[0, 727]             3            0.005            Arrange: Threshold
[0, 728]             2            0.006            Threshold
[0, 729]             1            0.001            AsCollection
[0, 730]             3            0.028            FlatMap
[0, 731]             4            0.024            Arrange: Threshold
[0, 732]             4            0.030            Threshold
[0, 733]             3            0.007            AsCollection
[0, 734]             3            0.004            Concatenate
[0, 735]             5            0.007            Concatenate
[0, 736]             5            0.132            FlatMap
[0, 737]             14           0.098            Arrange: Threshold
[0, 738]             4            0.109            Threshold
[0, 739]             3            0.010            AsCollection
[0, 740]             1            0.001            FlatMap
[0, 741]             2            0.005            Arrange: Threshold
[0, 742]             2            0.005            Threshold
[0, 743]             1            0.000            AsCollection
[0, 744]             3            0.070            FlatMap
[0, 745]             4            0.096            Arrange: Threshold
[0, 746]             4            0.428            Threshold
[0, 747]             3            0.026            AsCollection
[0, 748]             3            0.053            FlatMap
[0, 749]             5            0.060            ArrangeByKey
[0, 750]             116          8.383            Iterative
[0, 750, 1]          3            0.006            Enter
[0, 750, 2]          3            0.006            FlatMap
[0, 750, 3]          19           0.024            Feedback
[0, 750, 4]          19           0.368            FlatMap
[0, 750, 5]          54           1.634            ArrangeByKey
[0, 750, 6]          29           0.323            Join
[0, 750, 7]          9            0.012            Concatenate
[0, 750, 8]          9            0.250            FlatMap
[0, 750, 9]          35           0.182            Arrange: Threshold
[0, 750, 10]         25           0.292            Threshold
[0, 750, 11]         19           0.036            AsCollection
[0, 750, 12]         19           0.015            ResultsIn
[0, 751]             26           0.026            Leave
[0, 752]             19           0.025            FlatMap
[0, 753]             21           0.018            Concatenate
[0, 754]             21           0.342            FlatMap
[0, 755]             52           0.133            Arrange: Threshold
[0, 756]             4            0.204            Threshold
[0, 757]             3            0.018            AsCollection
[0, 758]             19           0.306            FlatMap
[0, 759]             31           0.094            Arrange: Threshold
[0, 760]             4            0.127            Threshold
[0, 761]             3            0.010            AsCollection
[0, 762]             3            0.015            FlatMap
[0, 763]             3            0.136            FlatMap
[0, 764]             5            0.239            ArrangeBySelf
[0, 765]             3            0.101            FlatMap
[0, 766]             5            0.698            ArrangeByKey
[0, 767]             3            0.060            FlatMap
[0, 768]             5            0.032            ArrangeByKey
[0, 769]             718          49.130           Iterative
[0, 769, 1]          3            0.006            FlatMap
[0, 769, 2]          3            0.040            Enter
[0, 769, 3]          3            0.009            FlatMap
[0, 769, 4]          3            0.007            FlatMap
[0, 769, 5]          23           0.036            Feedback
[0, 769, 6]          23           0.999            FlatMap
[0, 769, 7]          60           1.535            ArrangeByKey
[0, 769, 8]          33           7.423            Join
[0, 769, 9]          43           1.393            ArrangeByKey
[0, 769, 10]         21           0.264            AsCollection
[0, 769, 11]         21           1.176            FlatMap
[0, 769, 12]         53           1.399            Arrange: Threshold
[0, 769, 13]         29           4.063            Threshold
[0, 769, 14]         21           0.195            AsCollection
[0, 769, 15]         33           1.168            Join
[0, 769, 16]         13           0.230            FlatMap
[0, 769, 17]         33           0.201            Arrange: Threshold
[0, 769, 18]         23           0.234            Threshold
[0, 769, 19]         13           0.025            AsCollection
[0, 769, 20]         13           0.030            FlatMap
[0, 769, 21]         23           0.034            Concatenate
[0, 769, 22]         23           0.129            FlatMap
[0, 769, 23]         23           1.013            FlatMap
[0, 769, 24]         63           1.400            Arrange: Threshold
[0, 769, 25]         27           3.163            Threshold
[0, 769, 26]         21           0.129            AsCollection
[0, 769, 27]         33           0.564            Join
[0, 769, 28]         22           0.107            ArrangeByKey
[0, 769, 29]         9            0.016            AsCollection
[0, 769, 30]         9            0.146            FlatMap
[0, 769, 31]         28           0.119            Arrange: Threshold
[0, 769, 32]         20           0.134            Threshold
[0, 769, 33]         9            0.014            AsCollection
[0, 769, 34]         23           0.121            Join
[0, 769, 35]         7            0.078            FlatMap
[0, 769, 36]         22           0.083            Arrange: Threshold
[0, 769, 37]         18           0.138            Threshold
[0, 769, 38]         7            0.009            AsCollection
[0, 769, 39]         7            0.010            FlatMap
[0, 769, 40]         9            0.012            Concatenate
[0, 769, 41]         9            0.013            FlatMap
[0, 769, 42]         9            0.182            FlatMap
[0, 769, 43]         26           0.101            Arrange: Threshold
[0, 769, 44]         18           0.116            Threshold
[0, 769, 45]         7            0.008            AsCollection
[0, 769, 46]         24           0.030            Concatenate
[0, 769, 47]         26           0.025            Concatenate
[0, 769, 48]         26           0.624            FlatMap
[0, 769, 49]         70           0.869            Arrange: Threshold
[0, 769, 50]         29           4.852            Threshold
[0, 769, 51]         23           0.253            AsCollection
[0, 769, 52]         23           0.046            ResultsIn
[0, 770]             29           0.111            Leave
[0, 771]             3            0.007            FlatMap
[0, 772]             3            0.027            FlatMap
[0, 773]             5            0.019            ArrangeBySelf
[0, 774]             3            0.038            FlatMap
[0, 775]             5            0.014            ArrangeByKey
[0, 776]             7            0.060            Join
[0, 777]             6            0.013            ArrangeByKey
[0, 778]             3            0.030            FlatMap
[0, 779]             5            0.013            ArrangeByKey
[0, 780]             7            0.069            Join
[0, 781]             6            0.019            ArrangeByKey
[0, 782]             161          7.774            Iterative
[0, 782, 1]          3            0.008            FlatMap
[0, 782, 2]          3            0.007            FlatMap
[0, 782, 3]          3            0.007            Enter
[0, 782, 4]          3            0.004            FlatMap
[0, 782, 5]          7            0.010            Feedback
[0, 782, 6]          7            0.210            FlatMap
[0, 782, 7]          13           0.170            ArrangeByKey
[0, 782, 8]          12           0.301            Join
[0, 782, 9]          14           1.741            ArrangeByKey
[0, 782, 10]         9            1.166            Join
[0, 782, 11]         15           0.158            ArrangeByKey
[0, 782, 12]         11           0.121            Join
[0, 782, 13]         8            0.166            ArrangeByKey
[0, 782, 14]         8            0.120            Join
[0, 782, 15]         5            0.008            Concatenate
[0, 782, 16]         5            0.159            FlatMap
[0, 782, 17]         15           0.077            Arrange: Threshold
[0, 782, 18]         9            0.249            Threshold
[0, 782, 19]         7            0.030            AsCollection
[0, 782, 20]         7            0.009            ResultsIn
[0, 783]             7            0.021            Leave
[0, 784]             7            0.021            FlatMap
[0, 785]             7            0.014            FlatMap
[0, 786]             7            0.124            FlatMap
[0, 787]             13           0.090            Arrange: Threshold
[0, 788]             4            0.219            Threshold
[0, 789]             3            0.020            AsCollection
[0, 790]             7            0.109            FlatMap
[0, 791]             13           0.060            Arrange: Threshold
[0, 792]             4            0.215            Threshold
[0, 793]             3            0.015            AsCollection
[0, 794]             3            0.056            FlatMap
[0, 795]             5            0.067            ArrangeByKey
[0, 796]             3            0.041            FlatMap
[0, 797]             5            0.030            ArrangeByKey
[0, 798]             3            0.094            FlatMap
[0, 799]             6            0.726            ArrangeByKey
[0, 800]             3            0.163            FlatMap
[0, 801]             5            0.221            ArrangeByKey
[0, 802]             3            0.047            FlatMap
[0, 803]             4            0.019            ArrangeByKey
[0, 804]             3            0.013            FlatMap
[0, 805]             3            0.039            FlatMap
[0, 806]             4            0.042            ArrangeBySelf
[0, 807]             3            0.071            FlatMap
[0, 808]             6            0.097            ArrangeByKey
[0, 809]             3            0.657            FlatMap
[0, 810]             5            2.741            ArrangeByKey
[0, 811]             3            0.196            FlatMap
[0, 812]             6            0.919            ArrangeByKey
[0, 813]             3            0.153            FlatMap
[0, 814]             5            0.363            ArrangeByKey
[0, 815]             3            0.545            FlatMap
[0, 816]             5            3.459            ArrangeByKey
[0, 817]             3            0.116            FlatMap
[0, 818]             5            0.177            ArrangeByKey
[0, 819]             3            0.252            FlatMap
[0, 820]             5            0.631            ArrangeByKey
[0, 821]             3            0.107            FlatMap
[0, 822]             6            0.204            ArrangeByKey
[0, 823]             3            0.164            FlatMap
[0, 824]             5            0.470            ArrangeByKey
[0, 825]             3            0.193            FlatMap
[0, 826]             5            0.449            ArrangeByKey
[0, 827]             3            0.192            FlatMap
[0, 828]             6            0.432            ArrangeByKey
[0, 829]             23           1.010            FlatMap
[0, 830]             52           1.672            ArrangeByKey
[0, 831]             3            0.161            FlatMap
[0, 832]             5            0.318            ArrangeByKey
[0, 833]             3            0.206            FlatMap
[0, 834]             5            0.749            ArrangeByKey
[0, 835]             3            0.120            FlatMap
[0, 836]             6            0.155            ArrangeByKey
[0, 837]             3            0.100            FlatMap
[0, 838]             4            1.638            ArrangeByKey
[0, 839]             3            0.114            FlatMap
[0, 840]             5            0.242            ArrangeByKey
[0, 841]             3            0.019            FlatMap
[0, 842]             3            0.117            FlatMap
[0, 843]             6            0.168            ArrangeBySelf
[0, 844]             3            0.091            FlatMap
[0, 845]             10           0.160            ArrangeByKey
[0, 846]             3            0.180            FlatMap
[0, 847]             5            0.412            ArrangeByKey
[0, 848]             3            0.139            FlatMap
[0, 849]             6            0.130            ArrangeByKey
[0, 850]             3            0.150            FlatMap
[0, 851]             7            0.231            ArrangeByKey
[0, 852]             3            0.116            FlatMap
[0, 853]             5            0.050            ArrangeByKey
[0, 854]             3            0.092            FlatMap
[0, 855]             7            0.104            ArrangeByKey
[0, 856]             3            0.120            FlatMap
[0, 857]             5            0.122            ArrangeByKey
[0, 858]             3            0.075            FlatMap
[0, 859]             7            0.137            ArrangeByKey
[0, 860]             3            0.083            FlatMap
[0, 861]             14           0.081            ArrangeByKey
[0, 862]             3            0.063            FlatMap
[0, 863]             13           0.072            ArrangeByKey
[0, 864]             3            0.137            FlatMap
[0, 865]             7            0.332            ArrangeByKey
[0, 866]             3            0.101            FlatMap
[0, 867]             7            0.125            ArrangeByKey
[0, 868]             3            0.013            FlatMap
[0, 869]             3            0.041            FlatMap
[0, 870]             4            0.040            ArrangeBySelf
[0, 871]             3            0.189            FlatMap
[0, 872]             5            0.722            ArrangeByKey
[0, 873]             7            0.150            Join
[0, 874]             6            0.081            ArrangeByKey
[0, 875]             3            0.148            FlatMap
[0, 876]             5            0.224            ArrangeByKey
[0, 877]             236340       7647.987         Iterative
[0, 877, 1]          3            0.006            FlatMap
[0, 877, 2]          3            0.006            FlatMap
[0, 877, 3]          3            0.018            FlatMap
[0, 877, 4]          3            0.006            FlatMap
[0, 877, 5]          3            0.005            FlatMap
[0, 877, 6]          1            0.001            Enter
[0, 877, 7]          3            0.004            FlatMap
[0, 877, 8]          3            0.005            FlatMap
[0, 877, 9]          3            0.008            FlatMap
[0, 877, 10]         3            0.005            FlatMap
[0, 877, 11]         3            0.006            FlatMap
[0, 877, 12]         3            0.007            FlatMap
[0, 877, 13]         3            0.005            FlatMap
[0, 877, 14]         3            0.005            FlatMap
[0, 877, 15]         3            0.004            FlatMap
[0, 877, 16]         3            0.004            FlatMap
[0, 877, 17]         3            0.009            FlatMap
[0, 877, 18]         3            0.006            FlatMap
[0, 877, 19]         3            0.017            FlatMap
[0, 877, 20]         3            0.005            FlatMap
[0, 877, 21]         3            0.004            FlatMap
[0, 877, 22]         3            0.004            FlatMap
[0, 877, 23]         3            0.007            FlatMap
[0, 877, 24]         3            0.005            FlatMap
[0, 877, 25]         3            0.006            FlatMap
[0, 877, 26]         3            0.006            FlatMap
[0, 877, 27]         3            0.004            FlatMap
[0, 877, 28]         1            0.000            Enter
[0, 877, 29]         3            0.005            FlatMap
[0, 877, 30]         3            0.005            FlatMap
[0, 877, 31]         3            0.006            FlatMap
[0, 877, 32]         3            0.004            FlatMap
[0, 877, 33]         3            0.004            FlatMap
[0, 877, 34]         3            0.006            FlatMap
[0, 877, 35]         3            0.004            FlatMap
[0, 877, 36]         3            0.004            FlatMap
[0, 877, 37]         3            0.006            FlatMap
[0, 877, 38]         3            0.007            FlatMap
[0, 877, 39]         3            0.006            FlatMap
[0, 877, 40]         3            0.004            FlatMap
[0, 877, 41]         3            0.005            FlatMap
[0, 877, 42]         231          0.430            Feedback
[0, 877, 43]         419          0.772            Feedback
[0, 877, 44]         205          0.329            Feedback
[0, 877, 45]         313          0.419            Feedback
[0, 877, 46]         323          0.429            Feedback
[0, 877, 47]         453          6.608            Feedback
[0, 877, 48]         339          0.473            Feedback
[0, 877, 49]         65           0.093            Feedback
[0, 877, 50]         65           0.131            FlatMap
[0, 877, 51]         65           0.958            FlatMap
[0, 877, 52]         1203         1.623            ArrangeBySelf
[0, 877, 53]         316          1.482            Join
[0, 877, 54]         316          1.020            Join
[0, 877, 55]         231          0.449            FlatMap
[0, 877, 56]         231          4.952            FlatMap
[0, 877, 57]         1044         2.128            ArrangeBySelf
[0, 877, 58]         472          3.177            Join
[0, 877, 59]         531          1.448            ArrangeByKey
[0, 877, 60]         453          39.906           FlatMap
[0, 877, 61]         3060         111.045          ArrangeByKey
[0, 877, 62]         923          5.461            Join
[0, 877, 63]         520          1.765            ArrangeByKey
[0, 877, 64]         950          5.889            Join
[0, 877, 65]         1056         9.262            ArrangeByKey
[0, 877, 66]         579          18.399           Join
[0, 877, 67]         1143         5.050            ArrangeByKey
[0, 877, 68]         525          9.839            Join
[0, 877, 69]         1306         1.561            ArrangeByKey
[0, 877, 70]         257          1.886            Join
[0, 877, 71]         1122         7.288            ArrangeByKey
[0, 877, 72]         559          8.484            Join
[0, 877, 73]         472          2.190            Join
[0, 877, 74]         629          1.228            ArrangeByKey
[0, 877, 75]         926          5.031            Join
[0, 877, 76]         502          1.098            ArrangeByKey
[0, 877, 77]         339          9.611            FlatMap
[0, 877, 78]         1682         4.671            ArrangeByKey
[0, 877, 79]         781          5.565            Join
[0, 877, 80]         1688         20.999           ArrangeByKey
[0, 877, 81]         613          49.255           Join
[0, 877, 82]         1296         1.774            ArrangeByKey
[0, 877, 83]         271          1.976            Join
[0, 877, 84]         1567         1.929            ArrangeByKey
[0, 877, 85]         254          1.563            Join
[0, 877, 86]         757          1.569            ArrangeByKey
[0, 877, 87]         264          1.868            Join
[0, 877, 88]         472          6.337            Join
[0, 877, 89]         1307         2.419            ArrangeByKey
[0, 877, 90]         1032         17.249           Join
[0, 877, 91]         472          4.186            Join
[0, 877, 92]         1029         1.788            ArrangeByKey
[0, 877, 93]         984          18.904           Join
[0, 877, 94]         795          5.564            ArrangeByKey
[0, 877, 95]         419          24.718           FlatMap
[0, 877, 96]         2537         43.520           ArrangeByKey
[0, 877, 97]         1190         80.947           Join
[0, 877, 98]         472          2.726            Join
[0, 877, 99]         229          6.600            FlatMap
[0, 877, 100]        1413         4.402            ArrangeBySelf
[0, 877, 101]        557          6.588            Join
[0, 877, 102]        964          1.566            ArrangeByKey
[0, 877, 103]        557          8.718            Join
[0, 877, 104]        1061         1.378            ArrangeByKey
[0, 877, 105]        1042         9.420            Join
[0, 877, 106]        744          2.164            ArrangeByKey
[0, 877, 107]        980          11.310           Join
[0, 877, 108]        992          2.163            ArrangeByKey
[0, 877, 109]        499          3.065            Join
[0, 877, 110]        557          8.497            Join
[0, 877, 111]        1089         1.891            ArrangeByKey
[0, 877, 112]        557          7.548            Join
[0, 877, 113]        1015         1.269            ArrangeByKey
[0, 877, 114]        557          6.738            Join
[0, 877, 115]        1033         1.114            ArrangeByKey
[0, 877, 116]        1079         34.490           Join
[0, 877, 117]        995          28.488           ArrangeByKey
[0, 877, 118]        636          33.278           Join
[0, 877, 119]        1323         14.057           ArrangeByKey
[0, 877, 120]        1155         20.533           Join
[0, 877, 121]        1655         3.167            ArrangeByKey
[0, 877, 122]        1156         24.582           Join
[0, 877, 123]        1557         8.001            ArrangeByKey
[0, 877, 124]        622          11.384           Join
[0, 877, 125]        313          8.815            FlatMap
[0, 877, 126]        1315         3.037            ArrangeByKey
[0, 877, 127]        552          8.549            Join
[0, 877, 128]        1634         2.841            ArrangeByKey
[0, 877, 129]        534          4.851            Join
[0, 877, 130]        323          8.014            FlatMap
[0, 877, 131]        2076         3.991            ArrangeByKey
[0, 877, 132]        1247         102.493          Join
[0, 877, 133]        472          3.139            Join
[0, 877, 134]        803          1.296            ArrangeByKey
[0, 877, 135]        297          2.725            Join
[0, 877, 136]        755          1.992            ArrangeByKey
[0, 877, 137]        469          9.850            Join
[0, 877, 138]        2144         25.134           ArrangeByKey
[0, 877, 139]        453          6.212            FlatMap
[0, 877, 140]        453          20.128           FlatMap
[0, 877, 141]        2664         40.727           ArrangeBySelf
[0, 877, 142]        1199         430.181          Join
[0, 877, 143]        636          79.996           Join
[0, 877, 144]        1789         31.558           ArrangeByKey
[0, 877, 145]        1154         56.164           Join
[0, 877, 146]        2454         16.970           ArrangeByKey
[0, 877, 147]        1159         76.687           Join
[0, 877, 148]        2256         9.669            ArrangeByKey
[0, 877, 149]        625          23.489           Join
[0, 877, 150]        1654         5.970            ArrangeByKey
[0, 877, 151]        555          7.375            Join
[0, 877, 152]        453          7.618            FlatMap
[0, 877, 153]        453          33.913           FlatMap
[0, 877, 154]        3825         32.099           ArrangeBySelf
[0, 877, 155]        557          8.731            Join
[0, 877, 156]        1454         2.292            ArrangeByKey
[0, 877, 157]        1029         9.628            Join
[0, 877, 158]        285          4.116            FlatMap
[0, 877, 159]        1499         2.950            ArrangeBySelf
[0, 877, 160]        533          7.756            Join
[0, 877, 161]        1370         2.675            ArrangeByKey
[0, 877, 162]        842          3.838            Join
[0, 877, 163]        552          8.695            Join
[0, 877, 164]        1947         2.371            ArrangeByKey
[0, 877, 165]        529          3.611            Join
[0, 877, 166]        472          2.926            Join
[0, 877, 167]        976          1.495            ArrangeByKey
[0, 877, 168]        963          13.438           Join
[0, 877, 169]        1109         4.931            ArrangeByKey
[0, 877, 170]        1142         13.155           Join
[0, 877, 171]        1156         13.502           Join
[0, 877, 172]        419          17.064           FlatMap
[0, 877, 173]        2434         7.450            ArrangeBySelf
[0, 877, 174]        622          6.195            Join
[0, 877, 175]        472          1.722            Join
[0, 877, 176]        121          2.010            FlatMap
[0, 877, 177]        1066         1.512            ArrangeBySelf
[0, 877, 178]        437          2.185            Join
[0, 877, 179]        316          1.410            Join
[0, 877, 180]        472          1.531            Join
[0, 877, 181]        49           0.726            FlatMap
[0, 877, 182]        748          1.136            ArrangeBySelf
[0, 877, 183]        330          1.567            Join
[0, 877, 184]        472          2.334            Join
[0, 877, 185]        747          1.165            ArrangeByKey
[0, 877, 186]        205          4.052            FlatMap
[0, 877, 187]        1703         1.429            ArrangeByKey
[0, 877, 188]        623          3.154            Join
[0, 877, 189]        842          4.233            Join
[0, 877, 190]        472          2.038            Join
[0, 877, 191]        531          1.165            ArrangeByKey
[0, 877, 192]        939          138.641          Join
[0, 877, 193]        472          1.546            Join
[0, 877, 194]        29           0.373            FlatMap
[0, 877, 195]        526          1.042            ArrangeBySelf
[0, 877, 196]        318          1.404            Join
[0, 877, 197]        231          0.505            FlatMap
[0, 877, 198]        231          4.981            FlatMap
[0, 877, 199]        1126         1.480            ArrangeBySelf
[0, 877, 200]        472          2.261            Join
[0, 877, 201]        472          1.590            Join
[0, 877, 202]        472          1.129            Join
[0, 877, 203]        472          7.594            Join
[0, 877, 204]        1674         3.763            ArrangeByKey
[0, 877, 205]        557          4.738            Join
[0, 877, 206]        141          1.986            FlatMap
[0, 877, 207]        1018         1.325            ArrangeBySelf
[0, 877, 208]        392          2.139            Join
[0, 877, 209]        141          1.844            FlatMap
[0, 877, 210]        1099         1.344            ArrangeBySelf
[0, 877, 211]        355          1.792            Join
[0, 877, 212]        398          0.583            Concatenate
[0, 877, 213]        678          0.643            Concatenate
[0, 877, 214]        774          0.579            Concatenate
[0, 877, 215]        774          0.547            Concatenate
[0, 877, 216]        774          19.687           FlatMap
[0, 877, 217]        3673         6.122            Arrange: Threshold
[0, 877, 218]        575          6.825            Threshold
[0, 877, 219]        333          0.567            AsCollection
[0, 877, 220]        402          0.571            Concatenate
[0, 877, 221]        402          8.154            FlatMap
[0, 877, 222]        2420         3.974            Arrange: Threshold
[0, 877, 223]        562          7.085            Threshold
[0, 877, 224]        323          0.861            AsCollection
[0, 877, 225]        59           0.654            FlatMap
[0, 877, 226]        1088         1.730            Arrange: Threshold
[0, 877, 227]        449          3.821            Threshold
[0, 877, 228]        205          0.463            AsCollection
[0, 877, 229]        665          0.738            Concatenate
[0, 877, 230]        761          0.655            Concatenate
[0, 877, 231]        761          22.479           FlatMap
[0, 877, 232]        3756         9.860            Arrange: Threshold
[0, 877, 233]        663          21.632           Threshold
[0, 877, 234]        435          0.752            AsCollection
[0, 877, 235]        347          14.999           FlatMap
[0, 877, 236]        3566         41.647           Arrange: Threshold
[0, 877, 237]        649          320.656          Threshold
[0, 877, 238]        419          7.635            AsCollection
[0, 877, 239]        243          0.319            Concatenate
[0, 877, 240]        243          0.241            Concatenate
[0, 877, 241]        282          0.281            Concatenate
[0, 877, 242]        304          0.310            Concatenate
[0, 877, 243]        414          0.380            Concatenate
[0, 877, 244]        414          0.333            Concatenate
[0, 877, 245]        414          6.272            FlatMap
[0, 877, 246]        3482         3.307            Arrange: Threshold
[0, 877, 247]        528          3.646            Threshold
[0, 877, 248]        293          0.344            AsCollection
[0, 877, 249]        229          7.729            FlatMap
[0, 877, 250]        1505         4.173            Arrange: Threshold
[0, 877, 251]        599          13.627           Threshold
[0, 877, 252]        365          0.822            AsCollection
[0, 877, 253]        472          0.742            Concatenate
[0, 877, 254]        1124         1.275            Concatenate
[0, 877, 255]        1351         1.249            Concatenate
[0, 877, 256]        1540         2.119            Concatenate
[0, 877, 257]        1778         1.983            Concatenate
[0, 877, 258]        2076         2.184            Concatenate
[0, 877, 259]        2120         1.916            Concatenate
[0, 877, 260]        2233         1.930            Concatenate
[0, 877, 261]        2233         153.997          FlatMap
[0, 877, 262]        15245        279.345          Arrange: Threshold
[0, 877, 263]        659          1431.671         Threshold
[0, 877, 264]        457          14.632           AsCollection
[0, 877, 265]        231          0.299            ResultsIn
[0, 877, 266]        419          2.298            ResultsIn
[0, 877, 267]        339          0.373            ResultsIn
[0, 877, 268]        65           0.077            ResultsIn
[0, 877, 269]        205          0.272            ResultsIn
[0, 877, 270]        453          1.862            ResultsIn
[0, 877, 271]        313          0.345            ResultsIn
[0, 877, 272]        323          0.373            ResultsIn
[0, 878]             622          0.543            Leave
[0, 879]             1309         1.708            Leave
[0, 880]             956          0.621            Leave
[0, 881]             706          0.562            Leave
[0, 882]             1217         0.672            Leave
[0, 883]             1804         3.287            Leave
[0, 884]             948          0.633            Leave
[0, 885]             639          0.373            Leave
[0, 886]             23           0.471            FlatMap
[0, 887]             46           1.116            Arrange: Threshold
[0, 888]             4            1.546            Threshold
[0, 889]             3            0.086            AsCollection
[0, 890]             3            0.030            FlatMap
[0, 891]             3            0.030            FlatMap
[0, 892]             3            0.053            FlatMap
[0, 893]             54           0.012            Consolidate
[0, 894]             1            0.001            AsCollection
[0, 895]             2            0.004            InspectBatch
[0, 896]             2            0.002            Probe
[0, 897]             3            0.059            FlatMap
[0, 898]             4            0.127            Arrange: Threshold
[0, 899]             4            0.433            Threshold
[0, 900]             3            0.028            AsCollection
[0, 901]             3            0.015            FlatMap
[0, 902]             3            0.014            FlatMap
[0, 903]             3            0.049            FlatMap
[0, 904]             5            0.009            Consolidate
[0, 905]             1            0.001            AsCollection
[0, 906]             2            0.003            InspectBatch
[0, 907]             2            0.002            Probe
[0, 908]             3            0.030            FlatMap
[0, 909]             5            0.030            Arrange: Threshold
[0, 910]             4            0.060            Threshold
[0, 911]             3            0.007            AsCollection
[0, 912]             3            0.005            FlatMap
[0, 913]             3            0.005            FlatMap
[0, 914]             3            0.065            FlatMap
[0, 915]             6            0.012            Consolidate
[0, 916]             1            0.001            AsCollection
[0, 917]             2            0.003            InspectBatch
[0, 918]             2            0.001            Probe
[0, 919]             19           0.194            FlatMap
[0, 920]             35           0.070            Arrange: Threshold
[0, 921]             4            0.099            Threshold
[0, 922]             3            0.009            AsCollection
[0, 923]             3            0.006            FlatMap
[0, 924]             3            0.005            FlatMap
[0, 925]             3            0.034            FlatMap
[0, 926]             5            0.006            Consolidate
[0, 927]             1            0.001            AsCollection
[0, 928]             2            0.002            InspectBatch
[0, 929]             2            0.001            Probe
[0, 930]             3            0.035            FlatMap
[0, 931]             6            0.073            Arrange: Threshold
[0, 932]             4            0.105            Threshold
[0, 933]             3            0.007            AsCollection
[0, 934]             3            0.005            FlatMap
[0, 935]             3            0.004            FlatMap
[0, 936]             3            0.029            FlatMap
[0, 937]             4            0.005            Consolidate
[0, 938]             1            0.009            AsCollection
[0, 939]             2            0.003            InspectBatch
[0, 940]             2            0.002            Probe
[0, 941]             21           0.242            FlatMap
[0, 942]             40           0.064            Arrange: Threshold
[0, 943]             4            0.095            Threshold
[0, 944]             3            0.007            AsCollection
[0, 945]             3            0.006            FlatMap
[0, 946]             3            0.009            FlatMap
[0, 947]             3            0.033            FlatMap
[0, 948]             6            0.008            Consolidate
[0, 949]             1            0.001            AsCollection
[0, 950]             2            0.003            InspectBatch
[0, 951]             2            0.001            Probe
[0, 952]             7            0.080            FlatMap
[0, 953]             13           0.082            Arrange: Threshold
[0, 954]             4            0.178            Threshold
[0, 955]             3            0.011            AsCollection
[0, 956]             3            0.009            FlatMap
[0, 957]             3            0.007            FlatMap
[0, 958]             3            0.035            FlatMap
[0, 959]             4            0.007            Consolidate
[0, 960]             1            0.001            AsCollection
[0, 961]             2            0.002            InspectBatch
[0, 962]             2            0.001            Probe
[0, 963]             3            0.036            FlatMap
[0, 964]             4            0.034            Arrange: Threshold
[0, 965]             4            0.163            Threshold
[0, 966]             3            0.012            AsCollection
[0, 967]             3            0.007            FlatMap
[0, 968]             3            0.006            FlatMap
[0, 969]             3            0.031            FlatMap
[0, 970]             5            0.004            Consolidate
[0, 971]             1            0.001            AsCollection
[0, 972]             2            0.003            InspectBatch
[0, 973]             2            0.001            Probe
[0, 974]             3            0.050            FlatMap
[0, 975]             4            0.032            Arrange: Threshold
[0, 976]             4            0.161            Threshold
[0, 977]             3            0.032            AsCollection
[0, 978]             3            0.006            FlatMap
[0, 979]             3            0.006            FlatMap
[0, 980]             3            0.029            FlatMap
[0, 981]             5            0.004            Consolidate
[0, 982]             1            0.001            AsCollection
[0, 983]             2            0.003            InspectBatch
[0, 984]             2            0.001            Probe
[0, 985]             1            0.001            FlatMap
[0, 986]             2            0.006            Arrange: Threshold
[0, 987]             2            0.006            Threshold
[0, 988]             1            0.001            AsCollection
[0, 989]             1            0.001            FlatMap
[0, 990]             1            0.000            FlatMap
[0, 991]             1            0.000            FlatMap
[0, 992]             3            0.004            Consolidate
[0, 993]             1            0.001            AsCollection
[0, 994]             2            0.002            InspectBatch
[0, 995]             2            0.001            Probe
[0, 996]             3            0.033            FlatMap
[0, 997]             4            0.013            Arrange: Threshold
[0, 998]             4            0.027            Threshold
[0, 999]             3            0.005            AsCollection
[0, 1000]            3            0.005            FlatMap
[0, 1001]            3            0.004            FlatMap
[0, 1002]            3            0.025            FlatMap
[0, 1003]            5            0.008            Consolidate
[0, 1004]            1            0.001            AsCollection
[0, 1005]            2            0.003            InspectBatch
[0, 1006]            2            0.001            Probe
[0, 1007]            65           0.837            FlatMap
[0, 1008]            1114         0.589            Arrange: Threshold
[0, 1009]            4            0.038            Threshold
[0, 1010]            3            0.006            AsCollection
[0, 1011]            3            0.006            FlatMap
[0, 1012]            3            0.004            FlatMap
[0, 1013]            3            0.028            FlatMap
[0, 1014]            4            0.008            Consolidate
[0, 1015]            1            0.001            AsCollection
[0, 1016]            2            0.017            InspectBatch
[0, 1017]            2            0.001            Probe
[0, 1018]            323          5.552            FlatMap
[0, 1019]            1826         1.293            Arrange: Threshold
[0, 1020]            4            0.382            Threshold
[0, 1021]            3            0.029            AsCollection
[0, 1022]            3            0.014            FlatMap
[0, 1023]            3            0.012            FlatMap
[0, 1024]            3            0.034            FlatMap
[0, 1025]            4            0.004            Consolidate
[0, 1026]            1            0.000            AsCollection
[0, 1027]            2            0.002            InspectBatch
[0, 1028]            2            0.000            Probe
[0, 1029]            453          18.259           FlatMap
[0, 1030]            2907         112.563          Arrange: Threshold
[0, 1031]            4            129.009          Threshold
[0, 1032]            3            9.681            AsCollection
[0, 1033]            3            11.054           FlatMap
[0, 1034]            3            2.953            FlatMap
[0, 1035]            3            4.207            FlatMap
[0, 1036]            4            0.009            Consolidate
[0, 1037]            1            0.001            AsCollection
[0, 1038]            2            0.002            InspectBatch
[0, 1039]            2            0.008            Probe
[0, 1040]            419          12.945           FlatMap
[0, 1041]            2281         42.114           Arrange: Threshold
[0, 1042]            4            49.593           Threshold
[0, 1043]            3            2.413            AsCollection
[0, 1044]            3            1.164            FlatMap
[0, 1045]            3            0.813            FlatMap
[0, 1046]            3            1.359            FlatMap
[0, 1047]            5            0.005            Consolidate
[0, 1048]            1            0.001            AsCollection
[0, 1049]            2            0.003            InspectBatch
[0, 1050]            2            0.001            Probe
[0, 1051]            205          3.785            FlatMap
[0, 1052]            1594         0.796            Arrange: Threshold
[0, 1053]            4            0.155            Threshold
[0, 1054]            3            0.012            AsCollection
[0, 1055]            3            0.017            FlatMap
[0, 1056]            3            0.006            FlatMap
[0, 1057]            3            0.021            FlatMap
[0, 1058]            5            0.004            Consolidate
[0, 1059]            1            0.001            AsCollection
[0, 1060]            2            0.002            InspectBatch
[0, 1061]            2            0.001            Probe
[0, 1062]            313          6.336            FlatMap
[0, 1063]            1295         0.872            Arrange: Threshold
[0, 1064]            4            0.204            Threshold
[0, 1065]            3            0.016            AsCollection
[0, 1066]            3            0.008            FlatMap
[0, 1067]            3            0.011            FlatMap
[0, 1068]            3            0.025            FlatMap
[0, 1069]            8            0.004            Consolidate
[0, 1070]            1            0.001            AsCollection
[0, 1071]            2            0.002            InspectBatch
[0, 1072]            2            0.011            Probe
[0, 1073]            339          6.854            FlatMap
[0, 1074]            1516         1.294            Arrange: Threshold
[0, 1075]            4            0.734            Threshold
[0, 1076]            3            0.051            AsCollection
[0, 1077]            3            0.048            FlatMap
[0, 1078]            3            0.021            FlatMap
[0, 1079]            3            0.041            FlatMap
[0, 1080]            9            0.005            Consolidate
[0, 1081]            1            0.002            AsCollection
[0, 1082]            2            0.003            InspectBatch
[0, 1083]            2            0.001            Probe
[0, 1084]            231          4.467            FlatMap
[0, 1085]            1114         0.636            Arrange: Threshold
[0, 1086]            4            0.055            Threshold
[0, 1087]            3            0.006            AsCollection
[0, 1088]            3            0.004            FlatMap
[0, 1089]            3            0.005            FlatMap
[0, 1090]            3            0.017            FlatMap
[0, 1091]            9            0.012            Consolidate
[0, 1092]            1            0.001            AsCollection
[0, 1093]            2            0.010            InspectBatch
[0, 1094]            2            0.009            Probe
