addr                 activations  total_active_ms  name
[0]                  187803       8899.209         Dataflow
[0, 1]               1            0.000            Input
[0, 2]               2            0.218            FlatMap
[0, 3]               7            0.076            Arrange: Threshold
[0, 4]               4            0.068            Threshold
[0, 5]               3            0.008            AsCollection
[0, 6]               1            0.000            Input
[0, 7]               2            0.179            FlatMap
[0, 8]               6            0.058            Arrange: Threshold
[0, 9]               4            0.041            Threshold
[0, 10]              3            0.009            AsCollection
[0, 11]              1            0.000            Input
[0, 12]              1            0.001            FlatMap
[0, 13]              3            0.009            Arrange: Threshold
[0, 14]              2            0.006            Threshold
[0, 15]              1            0.001            AsCollection
[0, 16]              1            0.000            Input
[0, 17]              2            0.492            FlatMap
[0, 18]              6            0.279            Arrange: Threshold
[0, 19]              4            0.414            Threshold
[0, 20]              3            0.033            AsCollection
[0, 21]              1            0.000            Input
[0, 22]              2            0.295            FlatMap
[0, 23]              7            0.067            Arrange: Threshold
[0, 24]              4            0.016            Threshold
[0, 25]              3            0.005            AsCollection
[0, 26]              1            0.000            Input
[0, 27]              2            0.245            FlatMap
[0, 28]              7            0.445            Arrange: Threshold
[0, 29]              4            0.919            Threshold
[0, 30]              3            0.057            AsCollection
[0, 31]              1            0.000            Input
[0, 32]              2            0.366            FlatMap
[0, 33]              6            1.948            Arrange: Threshold
[0, 34]              4            2.819            Threshold
[0, 35]              3            0.178            AsCollection
[0, 36]              1            0.000            Input
[0, 37]              2            0.275            FlatMap
[0, 38]              9            0.301            Arrange: Threshold
[0, 39]              4            0.609            Threshold
[0, 40]              3            0.064            AsCollection
[0, 41]              1            0.000            Input
[0, 42]              2            0.958            FlatMap
[0, 43]              8            2.899            Arrange: Threshold
[0, 44]              4            5.536            Threshold
[0, 45]              3            0.350            AsCollection
[0, 46]              1            0.000            Input
[0, 47]              2            0.131            FlatMap
[0, 48]              8            0.209            Arrange: Threshold
[0, 49]              4            0.419            Threshold
[0, 50]              3            0.033            AsCollection
[0, 51]              1            0.001            Input
[0, 52]              2            0.097            FlatMap
[0, 53]              7            0.063            Arrange: Threshold
[0, 54]              4            0.051            Threshold
[0, 55]              3            0.006            AsCollection
[0, 56]              1            0.000            Input
[0, 57]              2            0.230            FlatMap
[0, 58]              6            0.051            Arrange: Threshold
[0, 59]              4            0.024            Threshold
[0, 60]              3            0.007            AsCollection
[0, 61]              1            0.000            Input
[0, 62]              2            0.105            FlatMap
[0, 63]              6            0.025            Arrange: Threshold
[0, 64]              4            0.019            Threshold
[0, 65]              3            0.004            AsCollection
[0, 66]              1            0.000            Input
[0, 67]              2            0.208            FlatMap
[0, 68]              6            0.043            Arrange: Threshold
[0, 69]              4            0.030            Threshold
[0, 70]              3            0.005            AsCollection
[0, 71]              1            0.000            Input
[0, 72]              2            0.268            FlatMap
[0, 73]              6            0.144            Arrange: Threshold
[0, 74]              4            0.343            Threshold
[0, 75]              3            0.025            AsCollection
[0, 76]              1            0.000            Input
[0, 77]              2            0.249            FlatMap
[0, 78]              7            0.162            Arrange: Threshold
[0, 79]              4            0.265            Threshold
[0, 80]              3            0.020            AsCollection
[0, 81]              1            0.000            Input
[0, 82]              2            0.265            FlatMap
[0, 83]              7            0.365            Arrange: Threshold
[0, 84]              4            0.561            Threshold
[0, 85]              3            0.076            AsCollection
[0, 86]              1            0.000            Input
[0, 87]              2            0.510            FlatMap
[0, 88]              6            1.085            Arrange: Threshold
[0, 89]              4            1.812            Threshold
[0, 90]              3            0.245            AsCollection
[0, 91]              1            0.000            Input
[0, 92]              2            0.284            FlatMap
[0, 93]              6            0.168            Arrange: Threshold
[0, 94]              4            0.221            Threshold
[0, 95]              3            0.031            AsCollection
[0, 96]              1            0.000            Input
[0, 97]              2            0.265            FlatMap
[0, 98]              6            0.362            Arrange: Threshold
[0, 99]              4            0.216            Threshold
[0, 100]             3            0.013            AsCollection
[0, 101]             1            0.000            Input
[0, 102]             2            0.183            FlatMap
[0, 103]             6            0.118            Arrange: Threshold
[0, 104]             4            0.209            Threshold
[0, 105]             3            0.017            AsCollection
[0, 106]             1            0.000            Input
[0, 107]             2            0.380            FlatMap
[0, 108]             7            0.252            Arrange: Threshold
[0, 109]             4            0.372            Threshold
[0, 110]             3            0.040            AsCollection
[0, 111]             1            0.000            Input
[0, 112]             2            0.581            FlatMap
[0, 113]             6            0.629            Arrange: Threshold
[0, 114]             4            1.070            Threshold
[0, 115]             3            0.188            AsCollection
[0, 116]             1            0.000            Input
[0, 117]             2            0.220            FlatMap
[0, 118]             7            0.291            Arrange: Threshold
[0, 119]             4            0.514            Threshold
[0, 120]             3            0.062            AsCollection
[0, 121]             1            0.000            Input
[0, 122]             2            0.221            FlatMap
[0, 123]             7            0.221            Arrange: Threshold
[0, 124]             4            0.427            Threshold
[0, 125]             3            0.084            AsCollection
[0, 126]             1            0.000            Input
[0, 127]             2            0.337            FlatMap
[0, 128]             7            0.177            Arrange: Threshold
[0, 129]             4            0.267            Threshold
[0, 130]             3            0.050            AsCollection
[0, 131]             1            0.000            Input
[0, 132]             2            0.560            FlatMap
[0, 133]             6            0.411            Arrange: Threshold
[0, 134]             4            0.683            Threshold
[0, 135]             3            0.108            AsCollection
[0, 136]             1            0.000            Input
[0, 137]             2            0.138            FlatMap
[0, 138]             6            0.092            Arrange: Threshold
[0, 139]             4            0.066            Threshold
[0, 140]             3            0.012            AsCollection
[0, 141]             1            0.000            Input
[0, 142]             2            0.254            FlatMap
[0, 143]             6            0.132            Arrange: Threshold
[0, 144]             4            0.188            Threshold
[0, 145]             3            0.020            AsCollection
[0, 146]             1            0.001            Input
[0, 147]             2            0.375            FlatMap
[0, 148]             7            0.183            Arrange: Threshold
[0, 149]             4            0.279            Threshold
[0, 150]             3            0.028            AsCollection
[0, 151]             1            0.000            Input
[0, 152]             2            0.345            FlatMap
[0, 153]             6            0.100            Arrange: Threshold
[0, 154]             4            0.118            Threshold
[0, 155]             3            0.017            AsCollection
[0, 156]             1            0.001            Input
[0, 157]             2            0.171            FlatMap
[0, 158]             6            0.201            Arrange: Threshold
[0, 159]             4            0.334            Threshold
[0, 160]             3            0.043            AsCollection
[0, 161]             3            0.005            FlatMap
[0, 162]             3            0.013            FlatMap
[0, 163]             3            0.016            FlatMap
[0, 164]             3            0.013            FlatMap
[0, 165]             3            0.012            FlatMap
[0, 166]             3            0.006            FlatMap
[0, 167]             3            0.007            FlatMap
[0, 168]             3            0.011            FlatMap
[0, 169]             3            0.011            FlatMap
[0, 170]             3            0.011            FlatMap
[0, 171]             3            0.007            FlatMap
[0, 172]             3            0.008            FlatMap
[0, 173]             3            0.008            FlatMap
[0, 174]             3            0.009            FlatMap
[0, 175]             3            0.009            FlatMap
[0, 176]             3            0.013            FlatMap
[0, 177]             3            0.028            FlatMap
[0, 178]             3            0.021            FlatMap
[0, 179]             3            0.026            FlatMap
[0, 180]             3            0.025            FlatMap
[0, 181]             3            0.010            FlatMap
[0, 182]             3            0.010            FlatMap
[0, 183]             3            0.011            FlatMap
[0, 184]             3            0.009            FlatMap
[0, 185]             3            0.023            FlatMap
[0, 186]             3            0.020            FlatMap
[0, 187]             3            0.034            FlatMap
[0, 188]             3            0.032            FlatMap
[0, 189]             3            0.035            FlatMap
[0, 190]             3            0.037            FlatMap
[0, 191]             3            0.015            FlatMap
[0, 192]             3            0.015            FlatMap
[0, 193]             3            0.013            FlatMap
[0, 194]             3            0.008            FlatMap
[0, 195]             3            0.008            FlatMap
[0, 196]             3            0.008            FlatMap
[0, 197]             3            0.008            FlatMap
[0, 198]             3            0.014            FlatMap
[0, 199]             3            0.018            FlatMap
[0, 200]             3            0.009            FlatMap
[0, 201]             3            0.010            FlatMap
[0, 202]             3            0.064            FlatMap
[0, 203]             3            0.057            FlatMap
[0, 204]             3            0.061            FlatMap
[0, 205]             3            0.019            FlatMap
[0, 206]             3            0.018            FlatMap
[0, 207]             3            0.023            FlatMap
[0, 208]             3            0.011            FlatMap
[0, 209]             3            0.012            FlatMap
[0, 210]             3            0.005            FlatMap
[0, 211]             3            0.007            FlatMap
[0, 212]             3            0.004            FlatMap
[0, 213]             3            0.009            FlatMap
[0, 214]             3            0.036            FlatMap
[0, 215]             4            0.072            Arrange: Threshold
[0, 216]             4            0.310            Threshold
[0, 217]             3            0.023            AsCollection
[0, 218]             4            0.016            Concatenate
[0, 219]             4            0.006            Concatenate
[0, 220]             4            0.010            Concatenate
[0, 221]             4            0.045            FlatMap
[0, 222]             7            0.040            Arrange: Threshold
[0, 223]             4            0.077            Threshold
[0, 224]             3            0.008            AsCollection
[0, 225]             3            0.094            FlatMap
[0, 226]             5            0.302            Arrange: Threshold
[0, 227]             4            0.564            Threshold
[0, 228]             3            0.035            AsCollection
[0, 229]             3            0.086            FlatMap
[0, 230]             5            0.111            Arrange: Threshold
[0, 231]             4            0.221            Threshold
[0, 232]             3            0.014            AsCollection
[0, 233]             3            0.024            FlatMap
[0, 234]             6            0.012            Arrange: Threshold
[0, 235]             4            0.018            Threshold
[0, 236]             3            0.005            AsCollection
[0, 237]             3            0.070            FlatMap
[0, 238]             5            0.105            Arrange: Threshold
[0, 239]             4            0.224            Threshold
[0, 240]             3            0.016            AsCollection
[0, 241]             3            0.026            FlatMap
[0, 242]             4            0.017            Arrange: Threshold
[0, 243]             4            0.086            Threshold
[0, 244]             3            0.007            AsCollection
[0, 245]             3            0.071            FlatMap
[0, 246]             5            0.104            Arrange: Threshold
[0, 247]             4            0.119            Threshold
[0, 248]             3            0.009            AsCollection
[0, 249]             3            0.086            FlatMap
[0, 250]             5            0.143            Arrange: Threshold
[0, 251]             4            0.317            Threshold
[0, 252]             3            0.020            AsCollection
[0, 253]             3            0.243            FlatMap
[0, 254]             5            0.901            Arrange: Threshold
[0, 255]             4            1.688            Threshold
[0, 256]             3            0.099            AsCollection
[0, 257]             3            0.045            FlatMap
[0, 258]             6            0.029            Arrange: Threshold
[0, 259]             4            0.054            Threshold
[0, 260]             3            0.014            AsCollection
[0, 261]             3            0.082            FlatMap
[0, 262]             5            0.132            Arrange: Threshold
[0, 263]             4            0.226            Threshold
[0, 264]             3            0.015            AsCollection
[0, 265]             3            0.010            Concatenate
[0, 266]             3            0.008            Concatenate
[0, 267]             3            0.228            FlatMap
[0, 268]             5            0.911            Arrange: Threshold
[0, 269]             4            1.326            Threshold
[0, 270]             3            0.124            AsCollection
[0, 271]             3            0.163            FlatMap
[0, 272]             5            0.151            Arrange: Threshold
[0, 273]             4            0.225            Threshold
[0, 274]             3            0.015            AsCollection
[0, 275]             3            0.040            FlatMap
[0, 276]             5            0.030            Arrange: Threshold
[0, 277]             4            0.043            Threshold
[0, 278]             3            0.005            AsCollection
[0, 279]             3            0.224            FlatMap
[0, 280]             5            0.182            Arrange: Threshold
[0, 281]             4            0.308            Threshold
[0, 282]             3            0.021            AsCollection
[0, 283]             3            0.272            FlatMap
[0, 284]             5            0.558            Arrange: Threshold
[0, 285]             4            0.853            Threshold
[0, 286]             3            0.051            AsCollection
[0, 287]             3            0.141            FlatMap
[0, 288]             5            0.139            Arrange: Threshold
[0, 289]             4            0.199            Threshold
[0, 290]             3            0.014            AsCollection
[0, 291]             3            0.012            Concatenate
[0, 292]             3            0.009            Concatenate
[0, 293]             3            0.007            Concatenate
[0, 294]             3            0.368            FlatMap
[0, 295]             5            0.647            Arrange: Threshold
[0, 296]             4            1.022            Threshold
[0, 297]             3            0.070            AsCollection
[0, 298]             3            0.191            FlatMap
[0, 299]             5            0.238            Arrange: Threshold
[0, 300]             4            0.454            Threshold
[0, 301]             3            0.034            AsCollection
[0, 302]             3            0.013            Concatenate
[0, 303]             3            0.011            Concatenate
[0, 304]             3            0.503            FlatMap
[0, 305]             5            1.467            Arrange: Threshold
[0, 306]             4            2.361            Threshold
[0, 307]             3            0.158            AsCollection
[0, 308]             3            0.192            FlatMap
[0, 309]             5            0.282            Arrange: Threshold
[0, 310]             4            0.550            Threshold
[0, 311]             3            0.044            AsCollection
[0, 312]             3            0.160            FlatMap
[0, 313]             5            0.081            Arrange: Threshold
[0, 314]             4            0.111            Threshold
[0, 315]             3            0.008            AsCollection
[0, 316]             3            0.017            FlatMap
[0, 317]             6            0.013            Arrange: Threshold
[0, 318]             4            0.171            Threshold
[0, 319]             3            0.007            AsCollection
[0, 320]             3            0.005            Concatenate
[0, 321]             3            0.006            Concatenate
[0, 322]             3            0.007            Concatenate
[0, 323]             3            0.010            Concatenate
[0, 324]             3            0.014            Concatenate
[0, 325]             3            0.010            Concatenate
[0, 326]             3            0.011            Concatenate
[0, 327]             3            0.009            Concatenate
[0, 328]             3            0.013            Concatenate
[0, 329]             3            0.009            Concatenate
[0, 330]             3            0.020            Concatenate
[0, 331]             3            0.013            Concatenate
[0, 332]             3            0.836            FlatMap
[0, 333]             5            2.840            Arrange: Threshold
[0, 334]             4            5.012            Threshold
[0, 335]             3            0.482            AsCollection
[0, 336]             3            0.124            FlatMap
[0, 337]             5            0.281            Arrange: Threshold
[0, 338]             4            0.584            Threshold
[0, 339]             3            0.034            AsCollection
[0, 340]             3            0.075            FlatMap
[0, 341]             5            0.129            Arrange: Threshold
[0, 342]             4            0.211            Threshold
[0, 343]             3            0.014            AsCollection
[0, 344]             3            0.072            FlatMap
[0, 345]             5            0.060            Arrange: Threshold
[0, 346]             4            0.064            Threshold
[0, 347]             3            0.005            AsCollection
[0, 348]             3            0.006            Concatenate
[0, 349]             4            0.006            Concatenate
[0, 350]             4            0.007            Concatenate
[0, 351]             4            0.006            Concatenate
[0, 352]             4            0.166            FlatMap
[0, 353]             7            0.102            Arrange: Threshold
[0, 354]             4            0.071            Threshold
[0, 355]             3            0.009            AsCollection
[0, 356]             3            0.146            FlatMap
[0, 357]             5            0.135            Arrange: Threshold
[0, 358]             4            0.276            Threshold
[0, 359]             3            0.018            AsCollection
[0, 360]             3            0.158            FlatMap
[0, 361]             5            0.186            Arrange: Threshold
[0, 362]             4            0.420            Threshold
[0, 363]             3            0.038            AsCollection
[0, 364]             3            0.154            FlatMap
[0, 365]             5            0.166            Arrange: Threshold
[0, 366]             4            0.357            Threshold
[0, 367]             3            0.023            AsCollection
[0, 368]             3            0.198            FlatMap
[0, 369]             5            0.363            Arrange: Threshold
[0, 370]             4            0.846            Threshold
[0, 371]             3            0.053            AsCollection
[0, 372]             3            0.105            FlatMap
[0, 373]             5            0.102            Arrange: Threshold
[0, 374]             4            0.182            Threshold
[0, 375]             3            0.011            AsCollection
[0, 376]             3            0.004            FlatMap
[0, 377]             1            0.001            FlatMap
[0, 378]             3            0.006            ArrangeBySelf
[0, 379]             3            0.004            FlatMap
[0, 380]             1            0.000            FlatMap
[0, 381]             3            0.004            ArrangeBySelf
[0, 382]             2            0.011            Join
[0, 383]             3            0.010            ArrangeByKey
[0, 384]             3            0.020            FlatMap
[0, 385]             5            0.011            ArrangeByKey
[0, 386]             3            0.016            Join
[0, 387]             3            0.007            FlatMap
[0, 388]             1            0.001            FlatMap
[0, 389]             3            0.004            ArrangeBySelf
[0, 390]             3            0.003            FlatMap
[0, 391]             1            0.001            FlatMap
[0, 392]             3            0.015            ArrangeBySelf
[0, 393]             2            0.008            Join
[0, 394]             3            0.006            ArrangeByKey
[0, 395]             3            0.009            Join
[0, 396]             3            0.004            FlatMap
[0, 397]             3            0.006            ArrangeByKey
[0, 398]             2            0.011            Join
[0, 399]             3            0.021            FlatMap
[0, 400]             5            0.009            ArrangeByKey
[0, 401]             2            0.007            Join
[0, 402]             3            0.006            FlatMap
[0, 403]             3            0.010            FlatMap
[0, 404]             3            0.005            FlatMap
[0, 405]             3            0.007            FlatMap
[0, 406]             3            0.006            FlatMap
[0, 407]             1            0.000            FlatMap
[0, 408]             3            0.007            ArrangeBySelf
[0, 409]             3            0.018            FlatMap
[0, 410]             3            0.062            FlatMap
[0, 411]             6            0.109            ArrangeBySelf
[0, 412]             3            0.010            FlatMap
[0, 413]             3            0.028            FlatMap
[0, 414]             4            0.007            ArrangeBySelf
[0, 415]             3            0.011            FlatMap
[0, 416]             3            0.032            FlatMap
[0, 417]             6            0.030            ArrangeBySelf
[0, 418]             3            0.105            FlatMap
[0, 419]             5            0.218            ArrangeByKey
[0, 420]             1            0.001            FlatMap
[0, 421]             1            0.000            FlatMap
[0, 422]             2            0.006            ArrangeBySelf
[0, 423]             5            0.025            Join
[0, 424]             4            0.012            ArrangeByKey
[0, 425]             4            0.020            Join
[0, 426]             2            0.007            ArrangeByKey
[0, 427]             3            0.013            Join
[0, 428]             1            0.000            FlatMap
[0, 429]             4            0.008            ArrangeBySelf
[0, 430]             5            0.026            Join
[0, 431]             1            0.001            FlatMap
[0, 432]             4            0.005            ArrangeBySelf
[0, 433]             5            0.027            Join
[0, 434]             1            0.001            FlatMap
[0, 435]             4            0.007            ArrangeBySelf
[0, 436]             3            0.013            Join
[0, 437]             3            0.006            ArrangeByKey
[0, 438]             3            0.011            Join
[0, 439]             1            0.001            FlatMap
[0, 440]             2            0.007            ArrangeBySelf
[0, 441]             3            0.010            Join
[0, 442]             1            0.001            FlatMap
[0, 443]             2            0.004            ArrangeBySelf
[0, 444]             3            0.013            Join
[0, 445]             2            0.006            ArrangeByKey
[0, 446]             2            0.011            Join
[0, 447]             1            0.001            FlatMap
[0, 448]             3            0.007            ArrangeBySelf
[0, 449]             3            0.011            Join
[0, 450]             3            0.011            FlatMap
[0, 451]             3            0.033            FlatMap
[0, 452]             6            0.043            ArrangeBySelf
[0, 453]             3            0.084            FlatMap
[0, 454]             5            0.196            ArrangeByKey
[0, 455]             3            0.141            FlatMap
[0, 456]             5            0.222            ArrangeByKey
[0, 457]             3            0.139            FlatMap
[0, 458]             5            0.203            ArrangeByKey
[0, 459]             3            0.049            AsCollection
[0, 460]             3            0.100            FlatMap
[0, 461]             5            0.207            Arrange: Threshold
[0, 462]             4            0.396            Threshold
[0, 463]             3            0.024            AsCollection
[0, 464]             6            0.051            Join
[0, 465]             3            0.058            FlatMap
[0, 466]             5            0.062            Arrange: Threshold
[0, 467]             4            0.044            Threshold
[0, 468]             3            0.006            AsCollection
[0, 469]             3            0.005            FlatMap
[0, 470]             3            0.006            Concatenate
[0, 471]             3            0.013            FlatMap
[0, 472]             3            0.048            FlatMap
[0, 473]             4            0.105            Arrange: Threshold
[0, 474]             4            0.343            Threshold
[0, 475]             3            0.139            AsCollection
[0, 476]             5            0.216            ArrangeByKey
[0, 477]             3            0.055            AsCollection
[0, 478]             3            0.165            FlatMap
[0, 479]             5            0.238            Arrange: Threshold
[0, 480]             4            0.417            Threshold
[0, 481]             3            0.022            AsCollection
[0, 482]             5            0.049            Join
[0, 483]             3            0.109            FlatMap
[0, 484]             5            0.058            Arrange: Threshold
[0, 485]             4            0.048            Threshold
[0, 486]             3            0.006            AsCollection
[0, 487]             3            0.005            FlatMap
[0, 488]             3            0.005            Concatenate
[0, 489]             3            0.013            FlatMap
[0, 490]             3            0.061            FlatMap
[0, 491]             6            0.110            Arrange: Threshold
[0, 492]             4            0.362            Threshold
[0, 493]             3            0.121            AsCollection
[0, 494]             5            0.218            ArrangeByKey
[0, 495]             3            0.058            AsCollection
[0, 496]             3            0.090            FlatMap
[0, 497]             5            0.228            Arrange: Threshold
[0, 498]             4            0.407            Threshold
[0, 499]             3            0.025            AsCollection
[0, 500]             6            0.045            Join
[0, 501]             3            0.052            FlatMap
[0, 502]             5            0.068            Arrange: Threshold
[0, 503]             4            0.052            Threshold
[0, 504]             3            0.005            AsCollection
[0, 505]             3            0.005            FlatMap
[0, 506]             3            0.004            Concatenate
[0, 507]             3            0.012            FlatMap
[0, 508]             3            0.041            FlatMap
[0, 509]             4            0.110            Arrange: Threshold
[0, 510]             4            0.384            Threshold
[0, 511]             3            0.141            AsCollection
[0, 512]             5            0.188            ArrangeByKey
[0, 513]             7            0.258            Join
[0, 514]             10           0.092            ArrangeByKey
[0, 515]             6            0.268            Join
[0, 516]             3            0.040            FlatMap
[0, 517]             3            0.079            FlatMap
[0, 518]             4            0.198            ArrangeBySelf
[0, 519]             3            0.247            FlatMap
[0, 520]             5            0.665            ArrangeByKey
[0, 521]             6            0.615            Join
[0, 522]             5            0.390            ArrangeByKey
[0, 523]             3            0.017            FlatMap
[0, 524]             3            0.163            FlatMap
[0, 525]             5            0.177            ArrangeBySelf
[0, 526]             3            0.165            FlatMap
[0, 527]             5            0.236            ArrangeByKey
[0, 528]             6            0.241            Join
[0, 529]             4            0.213            ArrangeByKey
[0, 530]             7            0.247            Join
[0, 531]             4            0.109            ArrangeByKey
[0, 532]             6            0.280            Join
[0, 533]             3            0.025            FlatMap
[0, 534]             3            0.166            FlatMap
[0, 535]             5            0.157            ArrangeBySelf
[0, 536]             3            0.163            FlatMap
[0, 537]             5            0.214            ArrangeByKey
[0, 538]             7            0.229            Join
[0, 539]             4            0.191            ArrangeByKey
[0, 540]             7            0.229            Join
[0, 541]             4            0.096            ArrangeByKey
[0, 542]             6            0.273            Join
[0, 543]             3            0.013            FlatMap
[0, 544]             3            0.042            FlatMap
[0, 545]             4            0.039            ArrangeBySelf
[0, 546]             3            0.596            FlatMap
[0, 547]             5            3.028            ArrangeByKey
[0, 548]             3            0.248            FlatMap
[0, 549]             5            0.700            ArrangeByKey
[0, 550]             5            0.175            Join
[0, 551]             5            0.060            ArrangeByKey
[0, 552]             6            0.155            Join
[0, 553]             4            0.061            ArrangeByKey
[0, 554]             6            0.149            Join
[0, 555]             3            0.503            FlatMap
[0, 556]             5            3.857            ArrangeByKey
[0, 557]             3            0.145            FlatMap
[0, 558]             5            0.206            ArrangeByKey
[0, 559]             6            0.244            Join
[0, 560]             3            0.177            FlatMap
[0, 561]             5            0.282            ArrangeByKey
[0, 562]             6            0.319            Join
[0, 563]             4            0.161            ArrangeByKey
[0, 564]             3            0.317            FlatMap
[0, 565]             5            1.245            ArrangeByKey
[0, 566]             6            0.382            Join
[0, 567]             3            0.339            FlatMap
[0, 568]             5            1.226            ArrangeByKey
[0, 569]             6            1.461            Join
[0, 570]             4            0.812            ArrangeByKey
[0, 571]             3            0.228            FlatMap
[0, 572]             5            0.795            ArrangeByKey
[0, 573]             6            1.157            Join
[0, 574]             3            0.087            FlatMap
[0, 575]             5            0.160            ArrangeByKey
[0, 576]             6            0.159            Join
[0, 577]             4            0.069            ArrangeByKey
[0, 578]             6            0.162            Join
[0, 579]             4            0.057            ArrangeByKey
[0, 580]             3            0.204            FlatMap
[0, 581]             5            0.134            ArrangeByKey
[0, 582]             7            0.202            Join
[0, 583]             3            0.242            FlatMap
[0, 584]             5            0.150            ArrangeByKey
[0, 585]             6            0.206            Join
[0, 586]             4            0.058            ArrangeByKey
[0, 587]             3            0.208            FlatMap
[0, 588]             5            0.149            ArrangeByKey
[0, 589]             6            0.217            Join
[0, 590]             3            0.246            FlatMap
[0, 591]             5            0.103            ArrangeByKey
[0, 592]             6            0.100            Join
[0, 593]             4            0.027            ArrangeByKey
[0, 594]             3            0.252            FlatMap
[0, 595]             5            0.125            ArrangeByKey
[0, 596]             6            0.104            Join
[0, 597]             3            0.136            FlatMap
[0, 598]             5            0.087            ArrangeByKey
[0, 599]             6            0.086            Join
[0, 600]             4            0.022            ArrangeByKey
[0, 601]             3            0.322            FlatMap
[0, 602]             5            0.536            ArrangeByKey
[0, 603]             6            0.065            Join
[0, 604]             6            0.637            Join
[0, 605]             4            0.320            ArrangeByKey
[0, 606]             3            0.220            FlatMap
[0, 607]             5            0.127            ArrangeByKey
[0, 608]             6            0.160            Join
[0, 609]             3            0.122            FlatMap
[0, 610]             5            0.131            ArrangeByKey
[0, 611]             6            0.229            Join
[0, 612]             5            0.059            ArrangeByKey
[0, 613]             3            0.197            FlatMap
[0, 614]             5            0.136            ArrangeByKey
[0, 615]             6            0.190            Join
[0, 616]             4            0.064            ArrangeByKey
[0, 617]             7            0.177            Join
[0, 618]             3            0.316            FlatMap
[0, 619]             5            0.300            ArrangeByKey
[0, 620]             7            0.462            Join
[0, 621]             6            0.174            ArrangeByKey
[0, 622]             6            0.468            Join
[0, 623]             4            0.181            ArrangeByKey
[0, 624]             3            0.184            FlatMap
[0, 625]             5            0.305            ArrangeByKey
[0, 626]             7            0.421            Join
[0, 627]             3            0.128            FlatMap
[0, 628]             5            0.289            Arrange: Threshold
[0, 629]             4            0.496            Threshold
[0, 630]             3            0.044            AsCollection
[0, 631]             3            0.101            FlatMap
[0, 632]             5            0.120            Arrange: Threshold
[0, 633]             4            0.194            Threshold
[0, 634]             3            0.013            AsCollection
[0, 635]             1            0.001            Concatenate
[0, 636]             1            0.001            Concatenate
[0, 637]             1            0.001            Concatenate
[0, 638]             3            0.005            Concatenate
[0, 639]             3            0.005            Concatenate
[0, 640]             3            0.004            Concatenate
[0, 641]             3            0.129            FlatMap
[0, 642]             9            0.037            Arrange: Threshold
[0, 643]             4            0.030            Threshold
[0, 644]             3            0.005            AsCollection
[0, 645]             3            0.073            FlatMap
[0, 646]             5            0.070            Arrange: Threshold
[0, 647]             4            0.084            Threshold
[0, 648]             3            0.008            AsCollection
[0, 649]             3            0.141            FlatMap
[0, 650]             7            0.450            Arrange: Threshold
[0, 651]             4            0.832            Threshold
[0, 652]             3            0.057            AsCollection
[0, 653]             3            0.155            FlatMap
[0, 654]             7            0.360            Arrange: Threshold
[0, 655]             4            0.591            Threshold
[0, 656]             3            0.042            AsCollection
[0, 657]             3            0.081            FlatMap
[0, 658]             5            0.144            Arrange: Threshold
[0, 659]             4            0.237            Threshold
[0, 660]             3            0.016            AsCollection
[0, 661]             3            0.121            FlatMap
[0, 662]             7            0.140            Arrange: Threshold
[0, 663]             4            0.240            Threshold
[0, 664]             3            0.017            AsCollection
[0, 665]             3            0.107            FlatMap
[0, 666]             5            0.280            Arrange: Threshold
[0, 667]             4            0.453            Threshold
[0, 668]             3            0.054            AsCollection
[0, 669]             3            0.090            FlatMap
[0, 670]             5            0.212            Arrange: Threshold
[0, 671]             4            0.393            Threshold
[0, 672]             3            0.023            AsCollection
[0, 673]             3            0.091            FlatMap
[0, 674]             8            0.151            Arrange: Threshold
[0, 675]             4            0.233            Threshold
[0, 676]             3            0.015            AsCollection
[0, 677]             1            0.000            FlatMap
[0, 678]             2            0.005            Arrange: Threshold
[0, 679]             2            0.006            Threshold
[0, 680]             1            0.000            AsCollection
[0, 681]             3            0.028            FlatMap
[0, 682]             5            0.039            Arrange: Threshold
[0, 683]             4            0.065            Threshold
[0, 684]             3            0.007            AsCollection
[0, 685]             3            0.143            FlatMap
[0, 686]             9            0.467            Arrange: Threshold
[0, 687]             4            0.864            Threshold
[0, 688]             3            0.051            AsCollection
[0, 689]             3            0.438            FlatMap
[0, 690]             6            0.969            Arrange: Threshold
[0, 691]             4            1.419            Threshold
[0, 692]             3            0.086            AsCollection
[0, 693]             3            0.114            FlatMap
[0, 694]             7            0.105            Arrange: Threshold
[0, 695]             4            0.145            Threshold
[0, 696]             3            0.015            AsCollection
[0, 697]             3            0.072            FlatMap
[0, 698]             7            0.099            Arrange: Threshold
[0, 699]             4            0.110            Threshold
[0, 700]             3            0.009            AsCollection
[0, 701]             3            0.088            FlatMap
[0, 702]             5            0.043            ArrangeByKey
[0, 703]             3            0.104            FlatMap
[0, 704]             5            0.048            ArrangeByKey
[0, 705]             349          8.325            Iterative
[0, 705, 1]          3            0.008            FlatMap
[0, 705, 2]          3            0.007            FlatMap
[0, 705, 3]          3            0.005            Enter
[0, 705, 4]          19           0.027            Feedback
[0, 705, 5]          19           0.476            FlatMap
[0, 705, 6]          65           0.287            ArrangeByKey
[0, 705, 7]          28           0.182            Join
[0, 705, 8]          28           0.191            Join
[0, 705, 9]          15           0.024            Concatenate
[0, 705, 10]         17           0.022            Concatenate
[0, 705, 11]         17           0.396            FlatMap
[0, 705, 12]         48           0.225            Arrange: Threshold
[0, 705, 13]         28           0.357            Threshold
[0, 705, 14]         19           0.038            AsCollection
[0, 705, 15]         19           0.018            ResultsIn
[0, 706]             28           0.038            Leave
[0, 707]             1            0.001            FlatMap
[0, 708]             1            0.001            FlatMap
[0, 709]             1            0.001            FlatMap
[0, 710]             2            0.014            ArrangeBySelf
[0, 711]             3            0.108            FlatMap
[0, 712]             5            0.228            ArrangeByKey
[0, 713]             5            0.023            Join
[0, 714]             3            0.009            FlatMap
[0, 715]             3            0.006            FlatMap
[0, 716]             3            0.018            FlatMap
[0, 717]             5            0.035            ArrangeBySelf
[0, 718]             19           0.400            FlatMap
[0, 719]             38           0.185            ArrangeByKey
[0, 720]             7            0.039            Join
[0, 721]             3            0.007            FlatMap
[0, 722]             3            0.016            FlatMap
[0, 723]             5            0.015            ArrangeBySelf
[0, 724]             7            0.055            Join
[0, 725]             3            0.015            FlatMap
[0, 726]             1            0.001            FlatMap
[0, 727]             3            0.004            Arrange: Threshold
[0, 728]             2            0.005            Threshold
[0, 729]             1            0.001            AsCollection
[0, 730]             3            0.039            FlatMap
[0, 731]             5            0.026            Arrange: Threshold
[0, 732]             4            0.032            Threshold
[0, 733]             3            0.006            AsCollection
[0, 734]             3            0.004            Concatenate
[0, 735]             5            0.006            Concatenate
[0, 736]             5            0.094            FlatMap
[0, 737]             16           0.072            Arrange: Threshold
[0, 738]             4            0.095            Threshold
[0, 739]             3            0.008            AsCollection
[0, 740]             1            0.001            FlatMap
[0, 741]             2            0.004            Arrange: Threshold
[0, 742]             2            0.005            Threshold
[0, 743]             1            0.001            AsCollection
[0, 744]             3            0.062            FlatMap
[0, 745]             4            0.110            Arrange: Threshold
[0, 746]             4            0.404            Threshold
[0, 747]             3            0.041            AsCollection
[0, 748]             3            0.052            FlatMap
[0, 749]             6            0.073            ArrangeByKey
[0, 750]             353          5.945            Iterative
[0, 750, 1]          3            0.010            Enter
[0, 750, 2]          3            0.006            FlatMap
[0, 750, 3]          17           0.025            Feedback
[0, 750, 4]          17           0.395            FlatMap
[0, 750, 5]          76           0.188            ArrangeByKey
[0, 750, 6]          20           0.182            Join
[0, 750, 7]          7            0.013            Concatenate
[0, 750, 8]          7            0.128            FlatMap
[0, 750, 9]          40           0.212            Arrange: Threshold
[0, 750, 10]         27           0.290            Threshold
[0, 750, 11]         17           0.039            AsCollection
[0, 750, 12]         17           0.016            ResultsIn
[0, 751]             32           0.031            Leave
[0, 752]             17           0.029            FlatMap
[0, 753]             19           0.024            Concatenate
[0, 754]             19           0.318            FlatMap
[0, 755]             61           0.162            Arrange: Threshold
[0, 756]             4            0.203            Threshold
[0, 757]             3            0.013            AsCollection
[0, 758]             17           0.304            FlatMap
[0, 759]             41           0.110            Arrange: Threshold
[0, 760]             4            0.093            Threshold
[0, 761]             3            0.009            AsCollection
[0, 762]             3            0.017            FlatMap
[0, 763]             3            0.122            FlatMap
[0, 764]             5            0.208            ArrangeBySelf
[0, 765]             3            0.101            FlatMap
[0, 766]             5            0.049            ArrangeByKey
[0, 767]             3            0.105            FlatMap
[0, 768]             5            0.038            ArrangeByKey
[0, 769]             1146         46.147           Iterative
[0, 769, 1]          3            0.009            FlatMap
[0, 769, 2]          3            0.046            Enter
[0, 769, 3]          3            0.007            FlatMap
[0, 769, 4]          3            0.010            FlatMap
[0, 769, 5]          23           0.035            Feedback
[0, 769, 6]          23           1.071            FlatMap
[0, 769, 7]          69           1.509            ArrangeByKey
[0, 769, 8]          39           1.098            Join
[0, 769, 9]          59           1.295            ArrangeByKey
[0, 769, 10]         23           0.268            AsCollection
[0, 769, 11]         23           1.285            FlatMap
[0, 769, 12]         47           1.287            Arrange: Threshold
[0, 769, 13]         29           4.451            Threshold
[0, 769, 14]         21           0.163            AsCollection
[0, 769, 15]         36           0.812            Join
[0, 769, 16]         15           0.332            FlatMap
[0, 769, 17]         38           0.173            Arrange: Threshold
[0, 769, 18]         22           0.273            Threshold
[0, 769, 19]         11           0.034            AsCollection
[0, 769, 20]         11           0.022            FlatMap
[0, 769, 21]         25           0.032            Concatenate
[0, 769, 22]         25           0.119            FlatMap
[0, 769, 23]         25           1.126            FlatMap
[0, 769, 24]         79           1.355            Arrange: Threshold
[0, 769, 25]         27           3.222            Threshold
[0, 769, 26]         21           0.126            AsCollection
[0, 769, 27]         39           1.047            Join
[0, 769, 28]         29           0.114            ArrangeByKey
[0, 769, 29]         9            0.012            AsCollection
[0, 769, 30]         9            0.176            FlatMap
[0, 769, 31]         36           0.122            Arrange: Threshold
[0, 769, 32]         20           0.137            Threshold
[0, 769, 33]         9            0.013            AsCollection
[0, 769, 34]         24           0.133            Join
[0, 769, 35]         5            0.067            FlatMap
[0, 769, 36]         29           0.064            Arrange: Threshold
[0, 769, 37]         18           0.126            Threshold
[0, 769, 38]         7            0.010            AsCollection
[0, 769, 39]         7            0.013            FlatMap
[0, 769, 40]         10           0.014            Concatenate
[0, 769, 41]         10           0.014            FlatMap
[0, 769, 42]         10           0.199            FlatMap
[0, 769, 43]         41           0.098            Arrange: Threshold
[0, 769, 44]         21           0.133            Threshold
[0, 769, 45]         9            0.012            AsCollection
[0, 769, 46]         25           0.029            Concatenate
[0, 769, 47]         27           0.029            Concatenate
[0, 769, 48]         27           0.656            FlatMap
[0, 769, 49]         67           0.906            Arrange: Threshold
[0, 769, 50]         29           4.757            Threshold
[0, 769, 51]         23           0.195            AsCollection
[0, 769, 52]         23           0.038            ResultsIn
[0, 770]             32           0.117            Leave
[0, 771]             3            0.010            FlatMap
[0, 772]             3            0.021            FlatMap
[0, 773]             5            0.022            ArrangeBySelf
[0, 774]             3            0.049            FlatMap
[0, 775]             5            0.018            ArrangeByKey
[0, 776]             7            0.066            Join
[0, 777]             6            0.023            ArrangeByKey
[0, 778]             3            0.025            FlatMap
[0, 779]             5            0.031            ArrangeByKey
[0, 780]             7            0.061            Join
[0, 781]             6            0.010            ArrangeByKey
[0, 782]             246          5.772            Iterative
[0, 782, 1]          3            0.007            FlatMap
[0, 782, 2]          3            0.008            FlatMap
[0, 782, 3]          3            0.009            Enter
[0, 782, 4]          3            0.004            FlatMap
[0, 782, 5]          5            0.008            Feedback
[0, 782, 6]          5            0.174            FlatMap
[0, 782, 7]          15           0.198            ArrangeByKey
[0, 782, 8]          15           0.350            Join
[0, 782, 9]          14           0.137            ArrangeByKey
[0, 782, 10]         12           0.216            Join
[0, 782, 11]         18           0.160            ArrangeByKey
[0, 782, 12]         12           0.144            Join
[0, 782, 13]         9            0.035            ArrangeByKey
[0, 782, 14]         9            0.049            Join
[0, 782, 15]         5            0.008            Concatenate
[0, 782, 16]         5            0.101            FlatMap
[0, 782, 17]         37           0.075            Arrange: Threshold
[0, 782, 18]         8            0.227            Threshold
[0, 782, 19]         5            0.020            AsCollection
[0, 782, 20]         5            0.006            ResultsIn
[0, 783]             7            0.015            Leave
[0, 784]             5            0.022            FlatMap
[0, 785]             5            0.011            FlatMap
[0, 786]             5            0.121            FlatMap
[0, 787]             10           0.115            Arrange: Threshold
[0, 788]             4            0.216            Threshold
[0, 789]             3            0.021            AsCollection
[0, 790]             5            0.077            FlatMap
[0, 791]             12           0.061            Arrange: Threshold
[0, 792]             4            0.211            Threshold
[0, 793]             3            0.015            AsCollection
[0, 794]             3            0.084            FlatMap
[0, 795]             5            0.065            ArrangeByKey
[0, 796]             3            0.050            FlatMap
[0, 797]             5            0.044            ArrangeByKey
[0, 798]             3            0.117            FlatMap
[0, 799]             7            0.159            ArrangeByKey
[0, 800]             3            0.167            FlatMap
[0, 801]             5            0.241            ArrangeByKey
[0, 802]             3            0.029            FlatMap
[0, 803]             4            0.020            ArrangeByKey
[0, 804]             3            0.025            FlatMap
[0, 805]             3            0.030            FlatMap
[0, 806]             5            0.060            ArrangeBySelf
[0, 807]             3            0.094            FlatMap
[0, 808]             7            0.131            ArrangeByKey
[0, 809]             3            0.680            FlatMap
[0, 810]             5            2.793            ArrangeByKey
[0, 811]             3            0.214            FlatMap
[0, 812]             7            1.072            ArrangeByKey
[0, 813]             3            0.192            FlatMap
[0, 814]             5            0.494            ArrangeByKey
[0, 815]             3            0.598            FlatMap
[0, 816]             5            3.330            ArrangeByKey
[0, 817]             3            0.136            FlatMap
[0, 818]             5            0.211            ArrangeByKey
[0, 819]             3            0.294            FlatMap
[0, 820]             5            0.652            ArrangeByKey
[0, 821]             3            0.084            FlatMap
[0, 822]             7            0.194            ArrangeByKey
[0, 823]             3            0.182            FlatMap
[0, 824]             5            0.432            ArrangeByKey
[0, 825]             3            0.145            FlatMap
[0, 826]             6            0.455            ArrangeByKey
[0, 827]             3            0.140            FlatMap
[0, 828]             6            0.455            ArrangeByKey
[0, 829]             23           1.117            FlatMap
[0, 830]             55           1.858            ArrangeByKey
[0, 831]             3            0.150            FlatMap
[0, 832]             5            0.303            ArrangeByKey
[0, 833]             3            0.410            FlatMap
[0, 834]             5            0.797            ArrangeByKey
[0, 835]             3            0.116            FlatMap
[0, 836]             6            0.193            ArrangeByKey
[0, 837]             3            0.097            FlatMap
[0, 838]             5            0.099            ArrangeByKey
[0, 839]             3            0.103            FlatMap
[0, 840]             5            0.143            ArrangeByKey
[0, 841]             3            0.013            FlatMap
[0, 842]             3            0.062            FlatMap
[0, 843]             7            0.170            ArrangeBySelf
[0, 844]             3            0.116            FlatMap
[0, 845]             9            0.175            ArrangeByKey
[0, 846]             3            0.190            FlatMap
[0, 847]             5            0.409            ArrangeByKey
[0, 848]             3            0.117            FlatMap
[0, 849]             6            0.169            ArrangeByKey
[0, 850]             3            0.133            FlatMap
[0, 851]             7            0.250            ArrangeByKey
[0, 852]             3            0.075            FlatMap
[0, 853]             5            0.050            ArrangeByKey
[0, 854]             3            0.083            FlatMap
[0, 855]             7            0.116            ArrangeByKey
[0, 856]             3            0.090            FlatMap
[0, 857]             5            0.125            ArrangeByKey
[0, 858]             3            0.083            FlatMap
[0, 859]             8            0.122            ArrangeByKey
[0, 860]             3            0.091            FlatMap
[0, 861]             11           0.070            ArrangeByKey
[0, 862]             3            0.071            FlatMap
[0, 863]             11           0.063            ArrangeByKey
[0, 864]             3            0.107            FlatMap
[0, 865]             8            0.330            ArrangeByKey
[0, 866]             3            0.077            FlatMap
[0, 867]             8            0.130            ArrangeByKey
[0, 868]             3            0.018            FlatMap
[0, 869]             3            0.036            FlatMap
[0, 870]             4            0.041            ArrangeBySelf
[0, 871]             3            0.218            FlatMap
[0, 872]             5            0.698            ArrangeByKey
[0, 873]             7            0.213            Join
[0, 874]             6            0.052            ArrangeByKey
[0, 875]             3            0.144            FlatMap
[0, 876]             5            0.200            ArrangeByKey
[0, 877]             178430       7838.546         Iterative
[0, 877, 1]          3            0.007            FlatMap
[0, 877, 2]          3            0.005            FlatMap
[0, 877, 3]          3            0.008            FlatMap
[0, 877, 4]          3            0.008            FlatMap
[0, 877, 5]          3            0.005            FlatMap
[0, 877, 6]          1            0.001            Enter
[0, 877, 7]          3            0.008            FlatMap
[0, 877, 8]          3            0.006            FlatMap
[0, 877, 9]          3            0.007            FlatMap
[0, 877, 10]         3            0.006            FlatMap
[0, 877, 11]         3            0.008            FlatMap
[0, 877, 12]         3            0.007            FlatMap
[0, 877, 13]         3            0.006            FlatMap
[0, 877, 14]         3            0.005            FlatMap
[0, 877, 15]         3            0.005            FlatMap
[0, 877, 16]         3            0.005            FlatMap
[0, 877, 17]         3            0.005            FlatMap
[0, 877, 18]         3            0.010            FlatMap
[0, 877, 19]         3            0.006            FlatMap
[0, 877, 20]         3            0.006            FlatMap
[0, 877, 21]         3            0.005            FlatMap
[0, 877, 22]         3            0.005            FlatMap
[0, 877, 23]         3            0.007            FlatMap
[0, 877, 24]         3            0.005            FlatMap
[0, 877, 25]         3            0.010            FlatMap
[0, 877, 26]         3            0.006            FlatMap
[0, 877, 27]         3            0.005            FlatMap
[0, 877, 28]         1            0.001            Enter
[0, 877, 29]         3            0.006            FlatMap
[0, 877, 30]         3            0.005            FlatMap
[0, 877, 31]         3            0.006            FlatMap
[0, 877, 32]         3            0.004            FlatMap
[0, 877, 33]         3            0.004            FlatMap
[0, 877, 34]         3            0.005            FlatMap
[0, 877, 35]         3            0.009            FlatMap
[0, 877, 36]         3            0.007            FlatMap
[0, 877, 37]         3            0.005            FlatMap
[0, 877, 38]         3            0.008            FlatMap
[0, 877, 39]         3            0.007            FlatMap
[0, 877, 40]         3            0.005            FlatMap
[0, 877, 41]         3            0.006            FlatMap
[0, 877, 42]         207          0.401            Feedback
[0, 877, 43]         413          0.869            Feedback
[0, 877, 44]         217          0.348            Feedback
[0, 877, 45]         315          0.440            Feedback
[0, 877, 46]         329          0.460            Feedback
[0, 877, 47]         455          7.683            Feedback
[0, 877, 48]         345          0.424            Feedback
[0, 877, 49]         79           0.127            Feedback
[0, 877, 50]         79           0.177            FlatMap
[0, 877, 51]         79           0.984            FlatMap
[0, 877, 52]         948          1.523            ArrangeBySelf
[0, 877, 53]         328          1.623            Join
[0, 877, 54]         328          1.131            Join
[0, 877, 55]         207          0.409            FlatMap
[0, 877, 56]         207          4.881            FlatMap
[0, 877, 57]         857          2.290            ArrangeBySelf
[0, 877, 58]         438          2.859            Join
[0, 877, 59]         494          1.561            ArrangeByKey
[0, 877, 60]         455          45.313           FlatMap
[0, 877, 61]         2193         97.839           ArrangeByKey
[0, 877, 62]         908          5.529            Join
[0, 877, 63]         511          1.686            ArrangeByKey
[0, 877, 64]         971          18.532           Join
[0, 877, 65]         1092         10.413           ArrangeByKey
[0, 877, 66]         609          21.684           Join
[0, 877, 67]         976          2.683            ArrangeByKey
[0, 877, 68]         281          2.187            Join
[0, 877, 69]         1169         1.517            ArrangeByKey
[0, 877, 70]         260          1.847            Join
[0, 877, 71]         1014         3.465            ArrangeByKey
[0, 877, 72]         516          5.615            Join
[0, 877, 73]         438          2.362            Join
[0, 877, 74]         538          1.444            ArrangeByKey
[0, 877, 75]         918          5.326            Join
[0, 877, 76]         487          1.345            ArrangeByKey
[0, 877, 77]         345          9.409            FlatMap
[0, 877, 78]         1316         1.945            ArrangeByKey
[0, 877, 79]         546          3.851            Join
[0, 877, 80]         1523         1.904            ArrangeByKey
[0, 877, 81]         334          3.936            Join
[0, 877, 82]         1974         2.139            ArrangeByKey
[0, 877, 83]         282          2.149            Join
[0, 877, 84]         1317         1.508            ArrangeByKey
[0, 877, 85]         262          1.780            Join
[0, 877, 86]         743          1.536            ArrangeByKey
[0, 877, 87]         254          1.725            Join
[0, 877, 88]         438          6.242            Join
[0, 877, 89]         988          2.550            ArrangeByKey
[0, 877, 90]         1009         15.558           Join
[0, 877, 91]         438          4.637            Join
[0, 877, 92]         785          1.808            ArrangeByKey
[0, 877, 93]         970          14.847           Join
[0, 877, 94]         754          6.068            ArrangeByKey
[0, 877, 95]         413          28.614           FlatMap
[0, 877, 96]         1872         46.963           ArrangeByKey
[0, 877, 97]         1186         86.618           Join
[0, 877, 98]         438          2.559            Join
[0, 877, 99]         207          6.308            FlatMap
[0, 877, 100]        1081         4.663            ArrangeBySelf
[0, 877, 101]        570          7.190            Join
[0, 877, 102]        802          1.733            ArrangeByKey
[0, 877, 103]        570          10.009           Join
[0, 877, 104]        896          1.583            ArrangeByKey
[0, 877, 105]        1039         12.022           Join
[0, 877, 106]        729          2.328            ArrangeByKey
[0, 877, 107]        1013         13.932           Join
[0, 877, 108]        943          2.780            ArrangeByKey
[0, 877, 109]        563          4.602            Join
[0, 877, 110]        570          9.482            Join
[0, 877, 111]        935          2.097            ArrangeByKey
[0, 877, 112]        570          8.470            Join
[0, 877, 113]        853          1.521            ArrangeByKey
[0, 877, 114]        570          7.173            Join
[0, 877, 115]        863          1.460            ArrangeByKey
[0, 877, 116]        1092         33.980           Join
[0, 877, 117]        946          34.447           ArrangeByKey
[0, 877, 118]        670          40.320           Join
[0, 877, 119]        1231         15.144           ArrangeByKey
[0, 877, 120]        1179         22.735           Join
[0, 877, 121]        1402         3.350            ArrangeByKey
[0, 877, 122]        1175         26.595           Join
[0, 877, 123]        1430         10.190           ArrangeByKey
[0, 877, 124]        648          13.257           Join
[0, 877, 125]        315          9.932            FlatMap
[0, 877, 126]        1131         3.011            ArrangeByKey
[0, 877, 127]        536          8.545            Join
[0, 877, 128]        1230         3.253            ArrangeByKey
[0, 877, 129]        549          5.418            Join
[0, 877, 130]        329          9.750            FlatMap
[0, 877, 131]        1695         3.789            ArrangeByKey
[0, 877, 132]        1249         118.130          Join
[0, 877, 133]        438          2.760            Join
[0, 877, 134]        634          1.290            ArrangeByKey
[0, 877, 135]        292          2.292            Join
[0, 877, 136]        646          2.133            ArrangeByKey
[0, 877, 137]        485          11.577           Join
[0, 877, 138]        1952         29.460           ArrangeByKey
[0, 877, 139]        455          7.379            FlatMap
[0, 877, 140]        455          25.166           FlatMap
[0, 877, 141]        1798         50.000           ArrangeBySelf
[0, 877, 142]        1188         462.014          Join
[0, 877, 143]        670          83.706           Join
[0, 877, 144]        1533         43.687           ArrangeByKey
[0, 877, 145]        1176         73.111           Join
[0, 877, 146]        2020         22.735           ArrangeByKey
[0, 877, 147]        1178         96.108           Join
[0, 877, 148]        1888         39.130           ArrangeByKey
[0, 877, 149]        652          51.034           Join
[0, 877, 150]        1301         7.844            ArrangeByKey
[0, 877, 151]        581          9.411            Join
[0, 877, 152]        455          8.653            FlatMap
[0, 877, 153]        455          35.795           FlatMap
[0, 877, 154]        2634         28.282           ArrangeBySelf
[0, 877, 155]        570          10.504           Join
[0, 877, 156]        1207         2.494            ArrangeByKey
[0, 877, 157]        1024         11.083           Join
[0, 877, 158]        313          6.509            FlatMap
[0, 877, 159]        1153         2.512            ArrangeBySelf
[0, 877, 160]        501          8.584            Join
[0, 877, 161]        1223         2.634            ArrangeByKey
[0, 877, 162]        853          4.447            Join
[0, 877, 163]        536          9.443            Join
[0, 877, 164]        1467         2.772            ArrangeByKey
[0, 877, 165]        555          4.291            Join
[0, 877, 166]        438          3.441            Join
[0, 877, 167]        730          1.706            ArrangeByKey
[0, 877, 168]        968          14.043           Join
[0, 877, 169]        932          4.291            ArrangeByKey
[0, 877, 170]        1131         9.358            Join
[0, 877, 171]        1175         13.687           Join
[0, 877, 172]        419          17.011           FlatMap
[0, 877, 173]        2077         9.506            ArrangeBySelf
[0, 877, 174]        650          6.819            Join
[0, 877, 175]        438          2.297            Join
[0, 877, 176]        115          2.073            FlatMap
[0, 877, 177]        801          1.752            ArrangeBySelf
[0, 877, 178]        443          2.466            Join
[0, 877, 179]        328          1.502            Join
[0, 877, 180]        438          1.684            Join
[0, 877, 181]        63           1.109            FlatMap
[0, 877, 182]        608          1.173            ArrangeBySelf
[0, 877, 183]        333          1.750            Join
[0, 877, 184]        438          2.773            Join
[0, 877, 185]        611          1.221            ArrangeByKey
[0, 877, 186]        217          4.613            FlatMap
[0, 877, 187]        1461         2.854            ArrangeByKey
[0, 877, 188]        756          5.384            Join
[0, 877, 189]        853          5.040            Join
[0, 877, 190]        438          2.071            Join
[0, 877, 191]        456          1.137            ArrangeByKey
[0, 877, 192]        924          115.603          Join
[0, 877, 193]        438          1.609            Join
[0, 877, 194]        25           0.453            FlatMap
[0, 877, 195]        457          1.031            ArrangeBySelf
[0, 877, 196]        311          1.414            Join
[0, 877, 197]        207          0.371            FlatMap
[0, 877, 198]        207          4.312            FlatMap
[0, 877, 199]        912          1.312            ArrangeBySelf
[0, 877, 200]        438          2.459            Join
[0, 877, 201]        438          1.593            Join
[0, 877, 202]        438          1.162            Join
[0, 877, 203]        438          8.449            Join
[0, 877, 204]        1222         4.226            ArrangeByKey
[0, 877, 205]        567          5.139            Join
[0, 877, 206]        149          2.154            FlatMap
[0, 877, 207]        810          1.423            ArrangeBySelf
[0, 877, 208]        397          2.319            Join
[0, 877, 209]        149          2.442            FlatMap
[0, 877, 210]        960          1.605            ArrangeBySelf
[0, 877, 211]        372          2.091            Join
[0, 877, 212]        437          0.593            Concatenate
[0, 877, 213]        723          0.755            Concatenate
[0, 877, 214]        807          0.731            Concatenate
[0, 877, 215]        807          0.651            Concatenate
[0, 877, 216]        807          22.928           FlatMap
[0, 877, 217]        2953         7.156            Arrange: Threshold
[0, 877, 218]        590          7.536            Threshold
[0, 877, 219]        357          1.686            AsCollection
[0, 877, 220]        409          0.635            Concatenate
[0, 877, 221]        409          10.437           FlatMap
[0, 877, 222]        1933         4.365            Arrange: Threshold
[0, 877, 223]        575          7.861            Threshold
[0, 877, 224]        329          0.757            AsCollection
[0, 877, 225]        55           0.756            FlatMap
[0, 877, 226]        924          1.853            Arrange: Threshold
[0, 877, 227]        460          4.084            Threshold
[0, 877, 228]        217          0.471            AsCollection
[0, 877, 229]        707          0.775            Concatenate
[0, 877, 230]        791          0.644            Concatenate
[0, 877, 231]        791          26.827           FlatMap
[0, 877, 232]        2987         9.637            Arrange: Threshold
[0, 877, 233]        653          18.587           Threshold
[0, 877, 234]        431          0.772            AsCollection
[0, 877, 235]        444          15.516           FlatMap
[0, 877, 236]        3106         50.719           Arrange: Threshold
[0, 877, 237]        651          368.184          Threshold
[0, 877, 238]        417          9.643            AsCollection
[0, 877, 239]        271          0.434            Concatenate
[0, 877, 240]        273          0.373            Concatenate
[0, 877, 241]        322          0.427            Concatenate
[0, 877, 242]        335          0.407            Concatenate
[0, 877, 243]        465          0.494            Concatenate
[0, 877, 244]        465          0.453            Concatenate
[0, 877, 245]        465          7.726            FlatMap
[0, 877, 246]        2510         2.091            Arrange: Threshold
[0, 877, 247]        385          2.850            Threshold
[0, 877, 248]        141          0.238            AsCollection
[0, 877, 249]        227          8.907            FlatMap
[0, 877, 250]        1330         4.535            Arrange: Threshold
[0, 877, 251]        590          14.617           Threshold
[0, 877, 252]        369          0.792            AsCollection
[0, 877, 253]        472          0.769            Concatenate
[0, 877, 254]        1150         1.319            Concatenate
[0, 877, 255]        1436         1.309            Concatenate
[0, 877, 256]        1602         2.302            Concatenate
[0, 877, 257]        1831         2.231            Concatenate
[0, 877, 258]        2159         2.273            Concatenate
[0, 877, 259]        2287         2.199            Concatenate
[0, 877, 260]        2379         2.237            Concatenate
[0, 877, 261]        2379         170.646          FlatMap
[0, 877, 262]        12141        322.313          Arrange: Threshold
[0, 877, 263]        667          1605.065         Threshold
[0, 877, 264]        461          16.375           AsCollection
[0, 877, 265]        207          0.291            ResultsIn
[0, 877, 266]        413          2.570            ResultsIn
[0, 877, 267]        345          0.418            ResultsIn
[0, 877, 268]        79           0.114            ResultsIn
[0, 877, 269]        217          0.284            ResultsIn
[0, 877, 270]        455          2.263            ResultsIn
[0, 877, 271]        315          0.360            ResultsIn
[0, 877, 272]        329          0.418            ResultsIn
[0, 878]             491          0.475            Leave
[0, 879]             913          1.844            Leave
[0, 880]             789          0.650            Leave
[0, 881]             583          0.556            Leave
[0, 882]             954          0.689            Leave
[0, 883]             1250         3.204            Leave
[0, 884]             805          0.599            Leave
[0, 885]             494          0.342            Leave
[0, 886]             23           0.454            FlatMap
[0, 887]             53           1.221            Arrange: Threshold
[0, 888]             4            2.166            Threshold
[0, 889]             3            0.105            AsCollection
[0, 890]             3            0.042            FlatMap
[0, 891]             3            0.054            FlatMap
[0, 892]             3            0.096            FlatMap
[0, 893]             5            0.005            Consolidate
[0, 894]             1            0.001            AsCollection
[0, 895]             2            0.002            InspectBatch
[0, 896]             2            0.001            Probe
[0, 897]             3            0.062            FlatMap
[0, 898]             4            0.125            Arrange: Threshold
[0, 899]             4            0.388            Threshold
[0, 900]             3            0.036            AsCollection
[0, 901]             3            0.019            FlatMap
[0, 902]             3            0.013            FlatMap
[0, 903]             3            0.044            FlatMap
[0, 904]             5            0.009            Consolidate
[0, 905]             1            0.001            AsCollection
[0, 906]             2            0.003            InspectBatch
[0, 907]             2            0.002            Probe
[0, 908]             3            0.021            FlatMap
[0, 909]             6            0.057            Arrange: Threshold
[0, 910]             4            0.078            Threshold
[0, 911]             3            0.007            AsCollection
[0, 912]             3            0.005            FlatMap
[0, 913]             3            0.006            FlatMap
[0, 914]             3            0.037            FlatMap
[0, 915]             6            0.012            Consolidate
[0, 916]             1            0.001            AsCollection
[0, 917]             2            0.003            InspectBatch
[0, 918]             2            0.002            Probe
[0, 919]             17           0.226            FlatMap
[0, 920]             51           0.077            Arrange: Threshold
[0, 921]             4            0.104            Threshold
[0, 922]             3            0.008            AsCollection
[0, 923]             3            0.005            FlatMap
[0, 924]             3            0.005            FlatMap
[0, 925]             3            0.026            FlatMap
[0, 926]             4            0.005            Consolidate
[0, 927]             1            0.000            AsCollection
[0, 928]             2            0.002            InspectBatch
[0, 929]             2            0.001            Probe
[0, 930]             3            0.040            FlatMap
[0, 931]             4            0.020            Arrange: Threshold
[0, 932]             4            0.108            Threshold
[0, 933]             3            0.008            AsCollection
[0, 934]             3            0.009            FlatMap
[0, 935]             3            0.005            FlatMap
[0, 936]             3            0.015            FlatMap
[0, 937]             4            0.005            Consolidate
[0, 938]             1            0.001            AsCollection
[0, 939]             2            0.010            InspectBatch
[0, 940]             2            0.002            Probe
[0, 941]             19           0.286            FlatMap
[0, 942]             46           0.075            Arrange: Threshold
[0, 943]             4            0.093            Threshold
[0, 944]             3            0.008            AsCollection
[0, 945]             3            0.006            FlatMap
[0, 946]             3            0.005            FlatMap
[0, 947]             3            0.037            FlatMap
[0, 948]             6            0.006            Consolidate
[0, 949]             1            0.000            AsCollection
[0, 950]             2            0.002            InspectBatch
[0, 951]             2            0.001            Probe
[0, 952]             5            0.073            FlatMap
[0, 953]             13           0.063            Arrange: Threshold
[0, 954]             4            0.222            Threshold
[0, 955]             3            0.015            AsCollection
[0, 956]             3            0.010            FlatMap
[0, 957]             3            0.011            FlatMap
[0, 958]             3            0.039            FlatMap
[0, 959]             7            0.009            Consolidate
[0, 960]             1            0.001            AsCollection
[0, 961]             2            0.002            InspectBatch
[0, 962]             2            0.001            Probe
[0, 963]             3            0.029            FlatMap
[0, 964]             7            0.044            Arrange: Threshold
[0, 965]             4            0.213            Threshold
[0, 966]             3            0.015            AsCollection
[0, 967]             3            0.007            FlatMap
[0, 968]             3            0.007            FlatMap
[0, 969]             3            0.034            FlatMap
[0, 970]             6            0.007            Consolidate
[0, 971]             1            0.001            AsCollection
[0, 972]             2            0.003            InspectBatch
[0, 973]             2            0.001            Probe
[0, 974]             3            0.049            FlatMap
[0, 975]             7            0.040            Arrange: Threshold
[0, 976]             4            0.261            Threshold
[0, 977]             3            0.012            AsCollection
[0, 978]             3            0.014            FlatMap
[0, 979]             3            0.008            FlatMap
[0, 980]             3            0.032            FlatMap
[0, 981]             7            0.005            Consolidate
[0, 982]             1            0.001            AsCollection
[0, 983]             2            0.002            InspectBatch
[0, 984]             2            0.001            Probe
[0, 985]             1            0.001            FlatMap
[0, 986]             2            0.005            Arrange: Threshold
[0, 987]             2            0.006            Threshold
[0, 988]             1            0.000            AsCollection
[0, 989]             1            0.001            FlatMap
[0, 990]             1            0.001            FlatMap
[0, 991]             1            0.000            FlatMap
[0, 992]             3            0.006            Consolidate
[0, 993]             1            0.000            AsCollection
[0, 994]             2            0.002            InspectBatch
[0, 995]             2            0.002            Probe
[0, 996]             3            0.032            FlatMap
[0, 997]             4            0.013            Arrange: Threshold
[0, 998]             4            0.032            Threshold
[0, 999]             3            0.006            AsCollection
[0, 1000]            3            0.005            FlatMap
[0, 1001]            3            0.004            FlatMap
[0, 1002]            3            0.028            FlatMap
[0, 1003]            5            0.009            Consolidate
[0, 1004]            1            0.000            AsCollection
[0, 1005]            2            0.002            InspectBatch
[0, 1006]            2            0.005            Probe
[0, 1007]            79           1.056            FlatMap
[0, 1008]            762          0.562            Arrange: Threshold
[0, 1009]            4            0.044            Threshold
[0, 1010]            3            0.005            AsCollection
[0, 1011]            3            0.004            FlatMap
[0, 1012]            3            0.005            FlatMap
[0, 1013]            3            0.039            FlatMap
[0, 1014]            4            0.009            Consolidate
[0, 1015]            1            0.001            AsCollection
[0, 1016]            2            0.002            InspectBatch
[0, 1017]            2            0.010            Probe
[0, 1018]            329          6.598            FlatMap
[0, 1019]            1392         1.252            Arrange: Threshold
[0, 1020]            4            0.393            Threshold
[0, 1021]            3            0.028            AsCollection
[0, 1022]            3            0.013            FlatMap
[0, 1023]            3            0.012            FlatMap
[0, 1024]            3            0.030            FlatMap
[0, 1025]            4            0.004            Consolidate
[0, 1026]            1            0.001            AsCollection
[0, 1027]            2            0.002            InspectBatch
[0, 1028]            2            0.000            Probe
[0, 1029]            455          21.907           FlatMap
[0, 1030]            2012         128.971          Arrange: Threshold
[0, 1031]            4            124.093          Threshold
[0, 1032]            3            9.011            AsCollection
[0, 1033]            3            13.281           FlatMap
[0, 1034]            3            3.087            FlatMap
[0, 1035]            3            5.138            FlatMap
[0, 1036]            4            0.012            Consolidate
[0, 1037]            1            0.001            AsCollection
[0, 1038]            2            0.002            InspectBatch
[0, 1039]            2            0.006            Probe
[0, 1040]            413          14.669           FlatMap
[0, 1041]            1540         50.199           Arrange: Threshold
[0, 1042]            4            48.552           Threshold
[0, 1043]            3            5.266            AsCollection
[0, 1044]            3            1.570            FlatMap
[0, 1045]            3            0.870            FlatMap
[0, 1046]            3            1.603            FlatMap
[0, 1047]            6            0.004            Consolidate
[0, 1048]            1            0.001            AsCollection
[0, 1049]            2            0.002            InspectBatch
[0, 1050]            2            0.000            Probe
[0, 1051]            217          3.957            FlatMap
[0, 1052]            1253         0.839            Arrange: Threshold
[0, 1053]            4            0.157            Threshold
[0, 1054]            3            0.022            AsCollection
[0, 1055]            3            0.006            FlatMap
[0, 1056]            3            0.017            FlatMap
[0, 1057]            3            0.024            FlatMap
[0, 1058]            9            2.178            Consolidate
[0, 1059]            1            0.001            AsCollection
[0, 1060]            2            0.007            InspectBatch
[0, 1061]            2            0.001            Probe
[0, 1062]            315          7.536            FlatMap
[0, 1063]            1055         0.953            Arrange: Threshold
[0, 1064]            4            0.208            Threshold
[0, 1065]            3            0.018            AsCollection
[0, 1066]            3            0.012            FlatMap
[0, 1067]            3            0.008            FlatMap
[0, 1068]            3            0.024            FlatMap
[0, 1069]            9            0.004            Consolidate
[0, 1070]            1            0.001            AsCollection
[0, 1071]            2            0.002            InspectBatch
[0, 1072]            2            0.007            Probe
[0, 1073]            345          6.947            FlatMap
[0, 1074]            1267         1.420            Arrange: Threshold
[0, 1075]            4            0.709            Threshold
[0, 1076]            3            0.071            AsCollection
[0, 1077]            3            0.027            FlatMap
[0, 1078]            3            0.023            FlatMap
[0, 1079]            3            0.045            FlatMap
[0, 1080]            10           0.006            Consolidate
[0, 1081]            1            0.001            AsCollection
[0, 1082]            2            0.002            InspectBatch
[0, 1083]            2            0.001            Probe
[0, 1084]            207          4.444            FlatMap
[0, 1085]            878          0.786            Arrange: Threshold
[0, 1086]            4            0.051            Threshold
[0, 1087]            3            0.005            AsCollection
[0, 1088]            3            0.003            FlatMap
[0, 1089]            3            0.005            FlatMap
[0, 1090]            3            0.015            FlatMap
[0, 1091]            11           0.005            Consolidate
[0, 1092]            1            0.001            AsCollection
[0, 1093]            2            0.011            InspectBatch
[0, 1094]            2            0.001            Probe
