addr                 activations  total_active_ms  name
[0]                  259985       8601.362         Dataflow
[0, 1]               1            0.000            Input
[0, 2]               2            0.392            FlatMap
[0, 3]               7            0.064            Arrange: Threshold
[0, 4]               4            0.065            Threshold
[0, 5]               3            0.009            AsCollection
[0, 6]               1            0.000            Input
[0, 7]               2            0.280            FlatMap
[0, 8]               6            0.047            Arrange: Threshold
[0, 9]               4            0.045            Threshold
[0, 10]              3            0.007            AsCollection
[0, 11]              1            0.000            Input
[0, 12]              1            0.001            FlatMap
[0, 13]              3            0.008            Arrange: Threshold
[0, 14]              2            0.007            Threshold
[0, 15]              1            0.001            AsCollection
[0, 16]              1            0.000            Input
[0, 17]              2            0.357            FlatMap
[0, 18]              7            0.306            Arrange: Threshold
[0, 19]              4            0.567            Threshold
[0, 20]              3            0.032            AsCollection
[0, 21]              1            0.000            Input
[0, 22]              2            0.285            FlatMap
[0, 23]              7            0.023            Arrange: Threshold
[0, 24]              4            0.019            Threshold
[0, 25]              3            0.005            AsCollection
[0, 26]              1            0.000            Input
[0, 27]              2            0.335            FlatMap
[0, 28]              6            0.344            Arrange: Threshold
[0, 29]              4            0.752            Threshold
[0, 30]              3            0.045            AsCollection
[0, 31]              1            0.000            Input
[0, 32]              2            0.481            FlatMap
[0, 33]              7            0.393            Arrange: Threshold
[0, 34]              4            0.637            Threshold
[0, 35]              3            0.046            AsCollection
[0, 36]              1            0.000            Input
[0, 37]              2            0.212            FlatMap
[0, 38]              9            0.529            Arrange: Threshold
[0, 39]              4            0.523            Threshold
[0, 40]              3            0.051            AsCollection
[0, 41]              1            0.000            Input
[0, 42]              2            1.100            FlatMap
[0, 43]              8            2.694            Arrange: Threshold
[0, 44]              4            5.543            Threshold
[0, 45]              3            0.338            AsCollection
[0, 46]              1            0.000            Input
[0, 47]              2            0.109            FlatMap
[0, 48]              8            0.229            Arrange: Threshold
[0, 49]              4            0.475            Threshold
[0, 50]              3            0.035            AsCollection
[0, 51]              1            0.000            Input
[0, 52]              2            0.246            FlatMap
[0, 53]              8            0.062            Arrange: Threshold
[0, 54]              4            0.062            Threshold
[0, 55]              3            0.008            AsCollection
[0, 56]              1            0.000            Input
[0, 57]              2            0.208            FlatMap
[0, 58]              7            0.055            Arrange: Threshold
[0, 59]              4            0.019            Threshold
[0, 60]              3            0.003            AsCollection
[0, 61]              1            0.000            Input
[0, 62]              2            0.033            FlatMap
[0, 63]              7            0.024            Arrange: Threshold
[0, 64]              4            0.024            Threshold
[0, 65]              3            0.004            AsCollection
[0, 66]              1            0.000            Input
[0, 67]              2            0.222            FlatMap
[0, 68]              6            0.050            Arrange: Threshold
[0, 69]              4            0.029            Threshold
[0, 70]              3            0.005            AsCollection
[0, 71]              1            0.000            Input
[0, 72]              2            0.250            FlatMap
[0, 73]              7            0.283            Arrange: Threshold
[0, 74]              4            0.617            Threshold
[0, 75]              3            0.039            AsCollection
[0, 76]              1            0.000            Input
[0, 77]              2            0.405            FlatMap
[0, 78]              6            0.132            Arrange: Threshold
[0, 79]              4            0.294            Threshold
[0, 80]              3            0.018            AsCollection
[0, 81]              1            0.000            Input
[0, 82]              2            0.477            FlatMap
[0, 83]              7            0.320            Arrange: Threshold
[0, 84]              4            0.693            Threshold
[0, 85]              3            0.062            AsCollection
[0, 86]              1            0.000            Input
[0, 87]              2            0.612            FlatMap
[0, 88]              6            1.094            Arrange: Threshold
[0, 89]              4            1.912            Threshold
[0, 90]              3            0.168            AsCollection
[0, 91]              1            0.000            Input
[0, 92]              2            0.177            FlatMap
[0, 93]              6            0.146            Arrange: Threshold
[0, 94]              4            0.225            Threshold
[0, 95]              3            0.026            AsCollection
[0, 96]              1            0.000            Input
[0, 97]              2            0.580            FlatMap
[0, 98]              6            0.363            Arrange: Threshold
[0, 99]              4            0.257            Threshold
[0, 100]             3            0.013            AsCollection
[0, 101]             1            0.000            Input
[0, 102]             2            0.266            FlatMap
[0, 103]             6            0.116            Arrange: Threshold
[0, 104]             4            0.268            Threshold
[0, 105]             3            0.021            AsCollection
[0, 106]             1            0.001            Input
[0, 107]             2            0.418            FlatMap
[0, 108]             7            0.265            Arrange: Threshold
[0, 109]             4            0.409            Threshold
[0, 110]             3            0.050            AsCollection
[0, 111]             1            0.000            Input
[0, 112]             2            0.536            FlatMap
[0, 113]             6            0.614            Arrange: Threshold
[0, 114]             4            1.135            Threshold
[0, 115]             3            0.168            AsCollection
[0, 116]             1            0.000            Input
[0, 117]             2            0.194            FlatMap
[0, 118]             7            0.350            Arrange: Threshold
[0, 119]             4            0.516            Threshold
[0, 120]             3            0.048            AsCollection
[0, 121]             1            0.000            Input
[0, 122]             2            0.360            FlatMap
[0, 123]             7            0.223            Arrange: Threshold
[0, 124]             4            0.441            Threshold
[0, 125]             3            0.046            AsCollection
[0, 126]             1            0.000            Input
[0, 127]             2            0.571            FlatMap
[0, 128]             7            0.168            Arrange: Threshold
[0, 129]             4            0.266            Threshold
[0, 130]             3            0.049            AsCollection
[0, 131]             1            0.000            Input
[0, 132]             2            0.435            FlatMap
[0, 133]             6            0.483            Arrange: Threshold
[0, 134]             4            0.751            Threshold
[0, 135]             3            0.140            AsCollection
[0, 136]             1            0.001            Input
[0, 137]             2            0.089            FlatMap
[0, 138]             7            0.073            Arrange: Threshold
[0, 139]             4            0.067            Threshold
[0, 140]             3            0.016            AsCollection
[0, 141]             1            0.000            Input
[0, 142]             2            0.238            FlatMap
[0, 143]             6            0.129            Arrange: Threshold
[0, 144]             4            0.174            Threshold
[0, 145]             3            0.033            AsCollection
[0, 146]             1            0.000            Input
[0, 147]             2            0.349            FlatMap
[0, 148]             7            0.197            Arrange: Threshold
[0, 149]             4            0.292            Threshold
[0, 150]             3            0.024            AsCollection
[0, 151]             1            0.000            Input
[0, 152]             2            0.273            FlatMap
[0, 153]             6            0.087            Arrange: Threshold
[0, 154]             4            0.110            Threshold
[0, 155]             3            0.020            AsCollection
[0, 156]             1            0.000            Input
[0, 157]             2            0.228            FlatMap
[0, 158]             6            0.203            Arrange: Threshold
[0, 159]             4            0.311            Threshold
[0, 160]             3            0.020            AsCollection
[0, 161]             3            0.007            FlatMap
[0, 162]             3            0.005            FlatMap
[0, 163]             3            0.026            FlatMap
[0, 164]             3            0.020            FlatMap
[0, 165]             3            0.008            FlatMap
[0, 166]             3            0.007            FlatMap
[0, 167]             3            0.007            FlatMap
[0, 168]             3            0.012            FlatMap
[0, 169]             3            0.011            FlatMap
[0, 170]             3            0.013            FlatMap
[0, 171]             3            0.008            FlatMap
[0, 172]             3            0.008            FlatMap
[0, 173]             3            0.008            FlatMap
[0, 174]             3            0.005            FlatMap
[0, 175]             3            0.008            FlatMap
[0, 176]             3            0.008            FlatMap
[0, 177]             3            0.029            FlatMap
[0, 178]             3            0.039            FlatMap
[0, 179]             3            0.022            FlatMap
[0, 180]             3            0.026            FlatMap
[0, 181]             3            0.011            FlatMap
[0, 182]             3            0.012            FlatMap
[0, 183]             3            0.011            FlatMap
[0, 184]             3            0.010            FlatMap
[0, 185]             3            0.019            FlatMap
[0, 186]             3            0.016            FlatMap
[0, 187]             3            0.035            FlatMap
[0, 188]             3            0.030            FlatMap
[0, 189]             3            0.031            FlatMap
[0, 190]             3            0.030            FlatMap
[0, 191]             3            0.014            FlatMap
[0, 192]             3            0.014            FlatMap
[0, 193]             3            0.022            FlatMap
[0, 194]             3            0.010            FlatMap
[0, 195]             3            0.009            FlatMap
[0, 196]             3            0.009            FlatMap
[0, 197]             3            0.009            FlatMap
[0, 198]             3            0.011            FlatMap
[0, 199]             3            0.012            FlatMap
[0, 200]             3            0.012            FlatMap
[0, 201]             3            0.008            FlatMap
[0, 202]             3            0.057            FlatMap
[0, 203]             3            0.054            FlatMap
[0, 204]             3            0.062            FlatMap
[0, 205]             3            0.023            FlatMap
[0, 206]             3            0.023            FlatMap
[0, 207]             3            0.022            FlatMap
[0, 208]             3            0.014            FlatMap
[0, 209]             3            0.029            FlatMap
[0, 210]             3            0.005            FlatMap
[0, 211]             3            0.006            FlatMap
[0, 212]             3            0.005            FlatMap
[0, 213]             3            0.007            FlatMap
[0, 214]             3            0.053            FlatMap
[0, 215]             4            0.154            Arrange: Threshold
[0, 216]             4            0.507            Threshold
[0, 217]             3            0.036            AsCollection
[0, 218]             4            0.009            Concatenate
[0, 219]             4            0.005            Concatenate
[0, 220]             4            0.011            Concatenate
[0, 221]             4            0.064            FlatMap
[0, 222]             7            0.035            Arrange: Threshold
[0, 223]             4            0.069            Threshold
[0, 224]             3            0.007            AsCollection
[0, 225]             3            0.086            FlatMap
[0, 226]             5            0.291            Arrange: Threshold
[0, 227]             4            0.528            Threshold
[0, 228]             3            0.030            AsCollection
[0, 229]             3            0.076            FlatMap
[0, 230]             5            0.117            Arrange: Threshold
[0, 231]             4            0.220            Threshold
[0, 232]             3            0.016            AsCollection
[0, 233]             3            0.060            FlatMap
[0, 234]             6            0.023            Arrange: Threshold
[0, 235]             4            0.016            Threshold
[0, 236]             3            0.005            AsCollection
[0, 237]             3            0.075            FlatMap
[0, 238]             5            0.116            Arrange: Threshold
[0, 239]             4            0.191            Threshold
[0, 240]             3            0.015            AsCollection
[0, 241]             3            0.019            FlatMap
[0, 242]             4            0.043            Arrange: Threshold
[0, 243]             4            0.052            Threshold
[0, 244]             3            0.018            AsCollection
[0, 245]             3            0.077            FlatMap
[0, 246]             5            0.097            Arrange: Threshold
[0, 247]             4            0.121            Threshold
[0, 248]             3            0.017            AsCollection
[0, 249]             3            0.096            FlatMap
[0, 250]             5            0.164            Arrange: Threshold
[0, 251]             4            0.303            Threshold
[0, 252]             3            0.036            AsCollection
[0, 253]             3            0.275            FlatMap
[0, 254]             5            0.844            Arrange: Threshold
[0, 255]             4            1.734            Threshold
[0, 256]             3            0.102            AsCollection
[0, 257]             3            0.029            FlatMap
[0, 258]             6            0.020            Arrange: Threshold
[0, 259]             4            0.062            Threshold
[0, 260]             3            0.013            AsCollection
[0, 261]             3            0.129            FlatMap
[0, 262]             5            0.135            Arrange: Threshold
[0, 263]             4            0.233            Threshold
[0, 264]             3            0.015            AsCollection
[0, 265]             3            0.009            Concatenate
[0, 266]             3            0.007            Concatenate
[0, 267]             3            0.238            FlatMap
[0, 268]             5            0.695            Arrange: Threshold
[0, 269]             4            1.333            Threshold
[0, 270]             3            0.109            AsCollection
[0, 271]             3            0.094            FlatMap
[0, 272]             5            0.116            Arrange: Threshold
[0, 273]             4            0.199            Threshold
[0, 274]             3            0.013            AsCollection
[0, 275]             3            0.043            FlatMap
[0, 276]             5            0.027            Arrange: Threshold
[0, 277]             4            0.034            Threshold
[0, 278]             3            0.005            AsCollection
[0, 279]             3            0.125            FlatMap
[0, 280]             5            0.135            Arrange: Threshold
[0, 281]             4            0.252            Threshold
[0, 282]             3            0.017            AsCollection
[0, 283]             3            0.192            FlatMap
[0, 284]             5            0.420            Arrange: Threshold
[0, 285]             4            0.865            Threshold
[0, 286]             3            0.061            AsCollection
[0, 287]             3            0.119            FlatMap
[0, 288]             5            0.124            Arrange: Threshold
[0, 289]             4            0.208            Threshold
[0, 290]             3            0.017            AsCollection
[0, 291]             3            0.005            Concatenate
[0, 292]             3            0.006            Concatenate
[0, 293]             3            0.006            Concatenate
[0, 294]             3            0.215            FlatMap
[0, 295]             5            0.513            Arrange: Threshold
[0, 296]             4            0.968            Threshold
[0, 297]             3            0.065            AsCollection
[0, 298]             3            0.117            FlatMap
[0, 299]             5            0.228            Arrange: Threshold
[0, 300]             4            0.409            Threshold
[0, 301]             3            0.034            AsCollection
[0, 302]             3            0.012            Concatenate
[0, 303]             3            0.009            Concatenate
[0, 304]             3            0.327            FlatMap
[0, 305]             5            1.475            Arrange: Threshold
[0, 306]             4            2.371            Threshold
[0, 307]             3            0.165            AsCollection
[0, 308]             3            0.186            FlatMap
[0, 309]             5            0.337            Arrange: Threshold
[0, 310]             4            0.569            Threshold
[0, 311]             3            0.040            AsCollection
[0, 312]             3            0.131            FlatMap
[0, 313]             5            0.108            Arrange: Threshold
[0, 314]             4            0.103            Threshold
[0, 315]             3            0.009            AsCollection
[0, 316]             3            0.024            FlatMap
[0, 317]             6            0.014            Arrange: Threshold
[0, 318]             4            0.024            Threshold
[0, 319]             3            0.005            AsCollection
[0, 320]             3            0.006            Concatenate
[0, 321]             3            0.005            Concatenate
[0, 322]             3            0.025            Concatenate
[0, 323]             3            0.005            Concatenate
[0, 324]             3            0.006            Concatenate
[0, 325]             3            0.012            Concatenate
[0, 326]             3            0.018            Concatenate
[0, 327]             3            0.015            Concatenate
[0, 328]             3            0.009            Concatenate
[0, 329]             3            0.032            Concatenate
[0, 330]             3            0.017            Concatenate
[0, 331]             3            0.015            Concatenate
[0, 332]             3            1.146            FlatMap
[0, 333]             5            3.016            Arrange: Threshold
[0, 334]             4            4.932            Threshold
[0, 335]             3            0.497            AsCollection
[0, 336]             3            0.226            FlatMap
[0, 337]             5            0.336            Arrange: Threshold
[0, 338]             4            0.601            Threshold
[0, 339]             3            0.036            AsCollection
[0, 340]             3            0.219            FlatMap
[0, 341]             5            0.152            Arrange: Threshold
[0, 342]             4            0.213            Threshold
[0, 343]             3            0.014            AsCollection
[0, 344]             3            0.091            FlatMap
[0, 345]             5            0.255            Arrange: Threshold
[0, 346]             4            0.063            Threshold
[0, 347]             3            0.007            AsCollection
[0, 348]             3            0.007            Concatenate
[0, 349]             4            0.007            Concatenate
[0, 350]             4            0.006            Concatenate
[0, 351]             4            0.006            Concatenate
[0, 352]             4            0.178            FlatMap
[0, 353]             7            0.106            Arrange: Threshold
[0, 354]             4            0.102            Threshold
[0, 355]             3            0.008            AsCollection
[0, 356]             3            0.223            FlatMap
[0, 357]             5            0.149            Arrange: Threshold
[0, 358]             4            0.276            Threshold
[0, 359]             3            0.022            AsCollection
[0, 360]             3            0.165            FlatMap
[0, 361]             5            0.219            Arrange: Threshold
[0, 362]             4            0.430            Threshold
[0, 363]             3            0.045            AsCollection
[0, 364]             3            0.219            FlatMap
[0, 365]             5            0.183            Arrange: Threshold
[0, 366]             4            0.330            Threshold
[0, 367]             3            0.022            AsCollection
[0, 368]             3            0.179            FlatMap
[0, 369]             5            0.389            Arrange: Threshold
[0, 370]             4            0.836            Threshold
[0, 371]             3            0.051            AsCollection
[0, 372]             3            0.135            FlatMap
[0, 373]             5            0.101            Arrange: Threshold
[0, 374]             4            0.158            Threshold
[0, 375]             3            0.011            AsCollection
[0, 376]             3            0.003            FlatMap
[0, 377]             1            0.001            FlatMap
[0, 378]             3            0.008            ArrangeBySelf
[0, 379]             3            0.004            FlatMap
[0, 380]             1            0.001            FlatMap
[0, 381]             3            0.006            ArrangeBySelf
[0, 382]             2            0.009            Join
[0, 383]             3            0.009            ArrangeByKey
[0, 384]             3            0.025            FlatMap
[0, 385]             6            0.013            ArrangeByKey
[0, 386]             3            0.014            Join
[0, 387]             3            0.003            FlatMap
[0, 388]             1            0.001            FlatMap
[0, 389]             3            0.005            ArrangeBySelf
[0, 390]             3            0.004            FlatMap
[0, 391]             1            0.000            FlatMap
[0, 392]             3            0.006            ArrangeBySelf
[0, 393]             2            0.009            Join
[0, 394]             3            0.005            ArrangeByKey
[0, 395]             3            0.010            Join
[0, 396]             3            0.004            FlatMap
[0, 397]             3            0.006            ArrangeByKey
[0, 398]             2            0.013            Join
[0, 399]             3            0.030            FlatMap
[0, 400]             6            0.009            ArrangeByKey
[0, 401]             2            0.008            Join
[0, 402]             3            0.006            FlatMap
[0, 403]             3            0.007            FlatMap
[0, 404]             3            0.016            FlatMap
[0, 405]             3            0.007            FlatMap
[0, 406]             3            0.013            FlatMap
[0, 407]             1            0.001            FlatMap
[0, 408]             3            0.008            ArrangeBySelf
[0, 409]             3            0.019            FlatMap
[0, 410]             3            0.066            FlatMap
[0, 411]             7            0.112            ArrangeBySelf
[0, 412]             3            0.010            FlatMap
[0, 413]             1            0.001            FlatMap
[0, 414]             4            0.021            ArrangeBySelf
[0, 415]             3            0.012            FlatMap
[0, 416]             3            0.027            FlatMap
[0, 417]             6            0.032            ArrangeBySelf
[0, 418]             3            0.106            FlatMap
[0, 419]             5            0.310            ArrangeByKey
[0, 420]             1            0.001            FlatMap
[0, 421]             1            0.001            FlatMap
[0, 422]             2            0.006            ArrangeBySelf
[0, 423]             5            0.031            Join
[0, 424]             3            0.008            ArrangeByKey
[0, 425]             3            0.014            Join
[0, 426]             3            0.009            ArrangeByKey
[0, 427]             5            0.023            Join
[0, 428]             1            0.001            FlatMap
[0, 429]             7            0.007            ArrangeBySelf
[0, 430]             5            0.023            Join
[0, 431]             1            0.001            FlatMap
[0, 432]             8            0.007            ArrangeBySelf
[0, 433]             5            0.027            Join
[0, 434]             1            0.001            FlatMap
[0, 435]             7            0.007            ArrangeBySelf
[0, 436]             3            0.013            Join
[0, 437]             2            0.006            ArrangeByKey
[0, 438]             3            0.012            Join
[0, 439]             1            0.001            FlatMap
[0, 440]             3            0.009            ArrangeBySelf
[0, 441]             3            0.010            Join
[0, 442]             1            0.001            FlatMap
[0, 443]             3            0.012            ArrangeBySelf
[0, 444]             3            0.014            Join
[0, 445]             2            0.005            ArrangeByKey
[0, 446]             2            0.006            Join
[0, 447]             1            0.001            FlatMap
[0, 448]             3            0.006            ArrangeBySelf
[0, 449]             3            0.011            Join
[0, 450]             3            0.011            FlatMap
[0, 451]             3            0.033            FlatMap
[0, 452]             6            0.029            ArrangeBySelf
[0, 453]             3            0.093            FlatMap
[0, 454]             5            0.196            ArrangeByKey
[0, 455]             3            0.187            FlatMap
[0, 456]             5            0.219            ArrangeByKey
[0, 457]             3            0.103            FlatMap
[0, 458]             5            0.202            ArrangeByKey
[0, 459]             3            0.054            AsCollection
[0, 460]             3            0.121            FlatMap
[0, 461]             5            0.213            Arrange: Threshold
[0, 462]             4            0.409            Threshold
[0, 463]             3            0.026            AsCollection
[0, 464]             6            0.040            Join
[0, 465]             3            0.074            FlatMap
[0, 466]             5            0.060            Arrange: Threshold
[0, 467]             4            0.047            Threshold
[0, 468]             3            0.005            AsCollection
[0, 469]             3            0.004            FlatMap
[0, 470]             3            0.004            Concatenate
[0, 471]             3            0.015            FlatMap
[0, 472]             3            0.056            FlatMap
[0, 473]             4            0.121            Arrange: Threshold
[0, 474]             4            0.381            Threshold
[0, 475]             3            0.104            AsCollection
[0, 476]             5            0.186            ArrangeByKey
[0, 477]             3            0.062            AsCollection
[0, 478]             3            0.103            FlatMap
[0, 479]             5            0.196            Arrange: Threshold
[0, 480]             4            0.413            Threshold
[0, 481]             3            0.024            AsCollection
[0, 482]             6            0.069            Join
[0, 483]             3            0.094            FlatMap
[0, 484]             8            0.069            Arrange: Threshold
[0, 485]             4            0.054            Threshold
[0, 486]             3            0.005            AsCollection
[0, 487]             3            0.004            FlatMap
[0, 488]             4            0.006            Concatenate
[0, 489]             4            0.014            FlatMap
[0, 490]             4            0.078            FlatMap
[0, 491]             7            0.130            Arrange: Threshold
[0, 492]             4            0.357            Threshold
[0, 493]             3            0.127            AsCollection
[0, 494]             5            0.198            ArrangeByKey
[0, 495]             3            0.060            AsCollection
[0, 496]             3            0.106            FlatMap
[0, 497]             5            0.196            Arrange: Threshold
[0, 498]             4            0.392            Threshold
[0, 499]             3            0.024            AsCollection
[0, 500]             6            0.043            Join
[0, 501]             3            0.071            FlatMap
[0, 502]             5            0.061            Arrange: Threshold
[0, 503]             4            0.045            Threshold
[0, 504]             3            0.005            AsCollection
[0, 505]             3            0.005            FlatMap
[0, 506]             3            0.005            Concatenate
[0, 507]             3            0.019            FlatMap
[0, 508]             3            0.042            FlatMap
[0, 509]             4            0.126            Arrange: Threshold
[0, 510]             4            0.376            Threshold
[0, 511]             3            0.157            AsCollection
[0, 512]             5            0.194            ArrangeByKey
[0, 513]             7            0.275            Join
[0, 514]             8            0.110            ArrangeByKey
[0, 515]             6            0.281            Join
[0, 516]             3            0.029            FlatMap
[0, 517]             3            0.076            FlatMap
[0, 518]             4            0.192            ArrangeBySelf
[0, 519]             3            0.178            FlatMap
[0, 520]             5            0.670            ArrangeByKey
[0, 521]             6            0.638            Join
[0, 522]             5            0.433            ArrangeByKey
[0, 523]             3            0.016            FlatMap
[0, 524]             3            0.103            FlatMap
[0, 525]             5            0.173            ArrangeBySelf
[0, 526]             3            0.202            FlatMap
[0, 527]             5            0.216            ArrangeByKey
[0, 528]             6            0.236            Join
[0, 529]             4            0.196            ArrangeByKey
[0, 530]             7            0.230            Join
[0, 531]             4            0.098            ArrangeByKey
[0, 532]             6            0.295            Join
[0, 533]             3            0.033            FlatMap
[0, 534]             3            0.172            FlatMap
[0, 535]             5            0.155            ArrangeBySelf
[0, 536]             3            0.110            FlatMap
[0, 537]             5            0.206            ArrangeByKey
[0, 538]             7            0.228            Join
[0, 539]             4            0.204            ArrangeByKey
[0, 540]             7            0.243            Join
[0, 541]             4            0.087            ArrangeByKey
[0, 542]             6            0.284            Join
[0, 543]             3            0.013            FlatMap
[0, 544]             3            0.034            FlatMap
[0, 545]             4            0.055            ArrangeBySelf
[0, 546]             3            0.593            FlatMap
[0, 547]             5            3.003            ArrangeByKey
[0, 548]             3            0.208            FlatMap
[0, 549]             5            0.712            ArrangeByKey
[0, 550]             6            0.173            Join
[0, 551]             19           0.045            ArrangeByKey
[0, 552]             6            0.156            Join
[0, 553]             4            0.048            ArrangeByKey
[0, 554]             6            0.141            Join
[0, 555]             3            0.520            FlatMap
[0, 556]             5            3.000            ArrangeByKey
[0, 557]             3            0.109            FlatMap
[0, 558]             5            0.156            ArrangeByKey
[0, 559]             6            0.257            Join
[0, 560]             3            0.129            FlatMap
[0, 561]             5            0.324            ArrangeByKey
[0, 562]             6            0.335            Join
[0, 563]             4            0.159            ArrangeByKey
[0, 564]             3            0.290            FlatMap
[0, 565]             5            1.324            ArrangeByKey
[0, 566]             6            0.364            Join
[0, 567]             3            0.313            FlatMap
[0, 568]             5            1.326            ArrangeByKey
[0, 569]             6            1.440            Join
[0, 570]             4            0.775            ArrangeByKey
[0, 571]             3            0.257            FlatMap
[0, 572]             5            0.807            ArrangeByKey
[0, 573]             6            1.128            Join
[0, 574]             3            0.093            FlatMap
[0, 575]             5            0.135            ArrangeByKey
[0, 576]             6            0.158            Join
[0, 577]             4            0.056            ArrangeByKey
[0, 578]             6            0.182            Join
[0, 579]             4            0.055            ArrangeByKey
[0, 580]             3            0.087            FlatMap
[0, 581]             5            0.138            ArrangeByKey
[0, 582]             7            0.168            Join
[0, 583]             3            0.095            FlatMap
[0, 584]             5            0.136            ArrangeByKey
[0, 585]             6            0.193            Join
[0, 586]             4            0.070            ArrangeByKey
[0, 587]             3            0.104            FlatMap
[0, 588]             5            0.141            ArrangeByKey
[0, 589]             6            0.197            Join
[0, 590]             3            0.086            FlatMap
[0, 591]             5            0.087            ArrangeByKey
[0, 592]             6            0.104            Join
[0, 593]             4            0.031            ArrangeByKey
[0, 594]             3            0.074            FlatMap
[0, 595]             5            0.089            ArrangeByKey
[0, 596]             6            0.093            Join
[0, 597]             3            0.066            FlatMap
[0, 598]             5            0.073            ArrangeByKey
[0, 599]             6            0.095            Join
[0, 600]             4            0.030            ArrangeByKey
[0, 601]             3            0.191            FlatMap
[0, 602]             5            0.526            ArrangeByKey
[0, 603]             6            0.081            Join
[0, 604]             6            0.654            Join
[0, 605]             5            0.316            ArrangeByKey
[0, 606]             3            0.095            FlatMap
[0, 607]             5            0.110            ArrangeByKey
[0, 608]             6            0.154            Join
[0, 609]             3            0.105            FlatMap
[0, 610]             5            0.141            ArrangeByKey
[0, 611]             6            0.194            Join
[0, 612]             5            0.067            ArrangeByKey
[0, 613]             3            0.100            FlatMap
[0, 614]             5            0.126            ArrangeByKey
[0, 615]             6            0.170            Join
[0, 616]             4            0.071            ArrangeByKey
[0, 617]             7            0.197            Join
[0, 618]             3            0.141            FlatMap
[0, 619]             5            0.296            ArrangeByKey
[0, 620]             7            0.434            Join
[0, 621]             19           0.180            ArrangeByKey
[0, 622]             6            0.428            Join
[0, 623]             5            0.170            ArrangeByKey
[0, 624]             3            0.251            FlatMap
[0, 625]             5            0.278            ArrangeByKey
[0, 626]             7            0.407            Join
[0, 627]             3            0.131            FlatMap
[0, 628]             5            0.253            Arrange: Threshold
[0, 629]             4            0.519            Threshold
[0, 630]             3            0.043            AsCollection
[0, 631]             3            0.107            FlatMap
[0, 632]             5            0.128            Arrange: Threshold
[0, 633]             4            0.207            Threshold
[0, 634]             3            0.013            AsCollection
[0, 635]             1            0.002            Concatenate
[0, 636]             1            0.001            Concatenate
[0, 637]             1            0.001            Concatenate
[0, 638]             3            0.015            Concatenate
[0, 639]             3            0.005            Concatenate
[0, 640]             3            0.005            Concatenate
[0, 641]             3            0.123            FlatMap
[0, 642]             12           0.024            Arrange: Threshold
[0, 643]             4            0.030            Threshold
[0, 644]             3            0.004            AsCollection
[0, 645]             3            0.080            FlatMap
[0, 646]             5            0.059            Arrange: Threshold
[0, 647]             4            0.080            Threshold
[0, 648]             3            0.008            AsCollection
[0, 649]             3            0.151            FlatMap
[0, 650]             7            0.412            Arrange: Threshold
[0, 651]             4            0.806            Threshold
[0, 652]             3            0.056            AsCollection
[0, 653]             3            0.160            FlatMap
[0, 654]             7            0.325            Arrange: Threshold
[0, 655]             4            0.583            Threshold
[0, 656]             3            0.051            AsCollection
[0, 657]             3            0.094            FlatMap
[0, 658]             6            0.144            Arrange: Threshold
[0, 659]             4            0.264            Threshold
[0, 660]             3            0.017            AsCollection
[0, 661]             3            0.129            FlatMap
[0, 662]             8            0.141            Arrange: Threshold
[0, 663]             4            0.226            Threshold
[0, 664]             3            0.016            AsCollection
[0, 665]             3            0.168            FlatMap
[0, 666]             5            0.232            Arrange: Threshold
[0, 667]             4            0.438            Threshold
[0, 668]             3            0.061            AsCollection
[0, 669]             3            0.114            FlatMap
[0, 670]             6            0.157            Arrange: Threshold
[0, 671]             4            0.307            Threshold
[0, 672]             3            0.022            AsCollection
[0, 673]             3            0.101            FlatMap
[0, 674]             8            0.154            Arrange: Threshold
[0, 675]             4            0.203            Threshold
[0, 676]             3            0.015            AsCollection
[0, 677]             1            0.010            FlatMap
[0, 678]             2            0.012            Arrange: Threshold
[0, 679]             2            0.009            Threshold
[0, 680]             1            0.002            AsCollection
[0, 681]             3            0.040            FlatMap
[0, 682]             6            0.039            Arrange: Threshold
[0, 683]             4            0.055            Threshold
[0, 684]             3            0.008            AsCollection
[0, 685]             3            0.165            FlatMap
[0, 686]             10           0.421            Arrange: Threshold
[0, 687]             4            0.863            Threshold
[0, 688]             3            0.053            AsCollection
[0, 689]             3            0.279            FlatMap
[0, 690]             7            0.966            Arrange: Threshold
[0, 691]             4            1.529            Threshold
[0, 692]             3            0.102            AsCollection
[0, 693]             3            0.088            FlatMap
[0, 694]             7            0.122            Arrange: Threshold
[0, 695]             4            0.167            Threshold
[0, 696]             3            0.019            AsCollection
[0, 697]             3            0.074            FlatMap
[0, 698]             8            0.082            Arrange: Threshold
[0, 699]             4            0.117            Threshold
[0, 700]             3            0.009            AsCollection
[0, 701]             3            0.105            FlatMap
[0, 702]             5            0.050            ArrangeByKey
[0, 703]             3            0.088            FlatMap
[0, 704]             5            0.052            ArrangeByKey
[0, 705]             325          8.474            Iterative
[0, 705, 1]          3            0.007            FlatMap
[0, 705, 2]          3            0.005            FlatMap
[0, 705, 3]          3            0.007            Enter
[0, 705, 4]          21           0.027            Feedback
[0, 705, 5]          21           0.415            FlatMap
[0, 705, 6]          64           0.283            ArrangeByKey
[0, 705, 7]          29           0.159            Join
[0, 705, 8]          29           0.210            Join
[0, 705, 9]          11           0.016            Concatenate
[0, 705, 10]         13           0.020            Concatenate
[0, 705, 11]         13           0.327            FlatMap
[0, 705, 12]         51           0.221            Arrange: Threshold
[0, 705, 13]         30           0.345            Threshold
[0, 705, 14]         21           0.040            AsCollection
[0, 705, 15]         21           0.020            ResultsIn
[0, 706]             28           0.033            Leave
[0, 707]             1            0.001            FlatMap
[0, 708]             1            0.001            FlatMap
[0, 709]             1            0.001            FlatMap
[0, 710]             2            0.005            ArrangeBySelf
[0, 711]             3            0.130            FlatMap
[0, 712]             5            0.219            ArrangeByKey
[0, 713]             5            0.021            Join
[0, 714]             3            0.011            FlatMap
[0, 715]             3            0.007            FlatMap
[0, 716]             3            0.024            FlatMap
[0, 717]             9            0.018            ArrangeBySelf
[0, 718]             21           0.453            FlatMap
[0, 719]             39           0.165            ArrangeByKey
[0, 720]             7            0.039            Join
[0, 721]             3            0.009            FlatMap
[0, 722]             3            0.032            FlatMap
[0, 723]             9            0.030            ArrangeBySelf
[0, 724]             7            0.057            Join
[0, 725]             3            0.020            FlatMap
[0, 726]             1            0.001            FlatMap
[0, 727]             3            0.005            Arrange: Threshold
[0, 728]             2            0.007            Threshold
[0, 729]             1            0.001            AsCollection
[0, 730]             3            0.036            FlatMap
[0, 731]             4            0.020            Arrange: Threshold
[0, 732]             4            0.030            Threshold
[0, 733]             3            0.007            AsCollection
[0, 734]             3            0.006            Concatenate
[0, 735]             5            0.008            Concatenate
[0, 736]             5            0.182            FlatMap
[0, 737]             15           0.076            Arrange: Threshold
[0, 738]             4            0.109            Threshold
[0, 739]             3            0.009            AsCollection
[0, 740]             1            0.009            FlatMap
[0, 741]             2            0.005            Arrange: Threshold
[0, 742]             2            0.006            Threshold
[0, 743]             1            0.001            AsCollection
[0, 744]             3            0.068            FlatMap
[0, 745]             4            0.129            Arrange: Threshold
[0, 746]             4            0.401            Threshold
[0, 747]             3            0.044            AsCollection
[0, 748]             3            0.073            FlatMap
[0, 749]             7            0.063            ArrangeByKey
[0, 750]             383          6.555            Iterative
[0, 750, 1]          3            0.006            Enter
[0, 750, 2]          3            0.005            FlatMap
[0, 750, 3]          17           0.022            Feedback
[0, 750, 4]          17           0.299            FlatMap
[0, 750, 5]          65           0.180            ArrangeByKey
[0, 750, 6]          21           0.164            Join
[0, 750, 7]          9            0.014            Concatenate
[0, 750, 8]          9            0.182            FlatMap
[0, 750, 9]          69           0.180            Arrange: Threshold
[0, 750, 10]         26           0.279            Threshold
[0, 750, 11]         17           0.041            AsCollection
[0, 750, 12]         17           0.015            ResultsIn
[0, 751]             29           0.032            Leave
[0, 752]             17           0.028            FlatMap
[0, 753]             19           0.017            Concatenate
[0, 754]             19           0.362            FlatMap
[0, 755]             58           0.170            Arrange: Threshold
[0, 756]             4            0.190            Threshold
[0, 757]             3            0.016            AsCollection
[0, 758]             17           0.268            FlatMap
[0, 759]             40           0.102            Arrange: Threshold
[0, 760]             4            0.103            Threshold
[0, 761]             3            0.009            AsCollection
[0, 762]             3            0.014            FlatMap
[0, 763]             3            0.132            FlatMap
[0, 764]             5            0.214            ArrangeBySelf
[0, 765]             3            0.117            FlatMap
[0, 766]             5            0.051            ArrangeByKey
[0, 767]             3            0.092            FlatMap
[0, 768]             5            0.048            ArrangeByKey
[0, 769]             1248         45.134           Iterative
[0, 769, 1]          3            0.006            FlatMap
[0, 769, 2]          3            0.040            Enter
[0, 769, 3]          3            0.007            FlatMap
[0, 769, 4]          3            0.006            FlatMap
[0, 769, 5]          25           0.040            Feedback
[0, 769, 6]          25           1.141            FlatMap
[0, 769, 7]          53           1.481            ArrangeByKey
[0, 769, 8]          34           0.852            Join
[0, 769, 9]          64           1.278            ArrangeByKey
[0, 769, 10]         21           0.265            AsCollection
[0, 769, 11]         21           1.213            FlatMap
[0, 769, 12]         48           1.367            Arrange: Threshold
[0, 769, 13]         30           3.368            Threshold
[0, 769, 14]         23           0.156            AsCollection
[0, 769, 15]         33           0.823            Join
[0, 769, 16]         11           0.250            FlatMap
[0, 769, 17]         41           0.156            Arrange: Threshold
[0, 769, 18]         25           0.240            Threshold
[0, 769, 19]         13           0.021            AsCollection
[0, 769, 20]         13           0.022            FlatMap
[0, 769, 21]         28           0.036            Concatenate
[0, 769, 22]         28           0.134            FlatMap
[0, 769, 23]         28           1.173            FlatMap
[0, 769, 24]         58           1.392            Arrange: Threshold
[0, 769, 25]         29           3.187            Threshold
[0, 769, 26]         23           0.129            AsCollection
[0, 769, 27]         34           0.469            Join
[0, 769, 28]         27           0.096            ArrangeByKey
[0, 769, 29]         7            0.014            AsCollection
[0, 769, 30]         7            0.138            FlatMap
[0, 769, 31]         34           0.119            Arrange: Threshold
[0, 769, 32]         20           0.153            Threshold
[0, 769, 33]         9            0.013            AsCollection
[0, 769, 34]         22           0.113            Join
[0, 769, 35]         7            0.140            FlatMap
[0, 769, 36]         26           0.064            Arrange: Threshold
[0, 769, 37]         20           0.108            Threshold
[0, 769, 38]         7            0.009            AsCollection
[0, 769, 39]         7            0.044            FlatMap
[0, 769, 40]         11           0.015            Concatenate
[0, 769, 41]         11           0.014            FlatMap
[0, 769, 42]         11           0.245            FlatMap
[0, 769, 43]         32           0.100            Arrange: Threshold
[0, 769, 44]         20           0.150            Threshold
[0, 769, 45]         7            0.010            AsCollection
[0, 769, 46]         26           0.035            Concatenate
[0, 769, 47]         28           0.035            Concatenate
[0, 769, 48]         28           0.623            FlatMap
[0, 769, 49]         58           0.858            Arrange: Threshold
[0, 769, 50]         30           4.572            Threshold
[0, 769, 51]         25           0.214            AsCollection
[0, 769, 52]         25           0.047            ResultsIn
[0, 770]             30           0.107            Leave
[0, 771]             3            0.008            FlatMap
[0, 772]             3            0.025            FlatMap
[0, 773]             9            0.025            ArrangeBySelf
[0, 774]             3            0.027            FlatMap
[0, 775]             5            0.037            ArrangeByKey
[0, 776]             7            0.068            Join
[0, 777]             6            0.012            ArrangeByKey
[0, 778]             3            0.043            FlatMap
[0, 779]             5            0.021            ArrangeByKey
[0, 780]             7            0.082            Join
[0, 781]             7            0.018            ArrangeByKey
[0, 782]             277          5.658            Iterative
[0, 782, 1]          3            0.010            FlatMap
[0, 782, 2]          3            0.007            FlatMap
[0, 782, 3]          3            0.011            Enter
[0, 782, 4]          3            0.006            FlatMap
[0, 782, 5]          5            0.007            Feedback
[0, 782, 6]          5            0.139            FlatMap
[0, 782, 7]          16           0.175            ArrangeByKey
[0, 782, 8]          13           0.300            Join
[0, 782, 9]          17           0.151            ArrangeByKey
[0, 782, 10]         12           0.243            Join
[0, 782, 11]         18           0.152            ArrangeByKey
[0, 782, 12]         12           0.125            Join
[0, 782, 13]         9            0.036            ArrangeByKey
[0, 782, 14]         9            0.049            Join
[0, 782, 15]         5            0.008            Concatenate
[0, 782, 16]         5            0.068            FlatMap
[0, 782, 17]         41           0.082            Arrange: Threshold
[0, 782, 18]         8            0.241            Threshold
[0, 782, 19]         5            0.022            AsCollection
[0, 782, 20]         5            0.007            ResultsIn
[0, 783]             7            0.014            Leave
[0, 784]             5            0.015            FlatMap
[0, 785]             5            0.016            FlatMap
[0, 786]             5            0.093            FlatMap
[0, 787]             11           0.093            Arrange: Threshold
[0, 788]             4            0.190            Threshold
[0, 789]             3            0.020            AsCollection
[0, 790]             5            0.082            FlatMap
[0, 791]             11           0.072            Arrange: Threshold
[0, 792]             4            0.208            Threshold
[0, 793]             3            0.015            AsCollection
[0, 794]             3            0.132            FlatMap
[0, 795]             5            0.074            ArrangeByKey
[0, 796]             3            0.047            FlatMap
[0, 797]             5            0.043            ArrangeByKey
[0, 798]             3            0.104            FlatMap
[0, 799]             7            0.103            ArrangeByKey
[0, 800]             3            0.140            FlatMap
[0, 801]             5            0.282            ArrangeByKey
[0, 802]             3            0.035            FlatMap
[0, 803]             5            0.034            ArrangeByKey
[0, 804]             3            0.011            FlatMap
[0, 805]             3            0.032            FlatMap
[0, 806]             5            0.055            ArrangeBySelf
[0, 807]             3            0.082            FlatMap
[0, 808]             7            0.082            ArrangeByKey
[0, 809]             3            0.674            FlatMap
[0, 810]             5            2.661            ArrangeByKey
[0, 811]             3            0.285            FlatMap
[0, 812]             7            0.895            ArrangeByKey
[0, 813]             3            0.169            FlatMap
[0, 814]             6            0.350            ArrangeByKey
[0, 815]             3            0.579            FlatMap
[0, 816]             7            2.696            ArrangeByKey
[0, 817]             3            0.116            FlatMap
[0, 818]             6            0.177            ArrangeByKey
[0, 819]             3            0.223            FlatMap
[0, 820]             6            0.641            ArrangeByKey
[0, 821]             3            0.128            FlatMap
[0, 822]             13           0.185            ArrangeByKey
[0, 823]             3            0.183            FlatMap
[0, 824]             6            0.501            ArrangeByKey
[0, 825]             3            0.175            FlatMap
[0, 826]             7            0.466            ArrangeByKey
[0, 827]             3            0.145            FlatMap
[0, 828]             7            0.467            ArrangeByKey
[0, 829]             25           1.112            FlatMap
[0, 830]             40           1.678            ArrangeByKey
[0, 831]             3            0.170            FlatMap
[0, 832]             5            0.319            ArrangeByKey
[0, 833]             3            0.208            FlatMap
[0, 834]             5            0.780            ArrangeByKey
[0, 835]             3            0.104            FlatMap
[0, 836]             7            0.141            ArrangeByKey
[0, 837]             3            0.091            FlatMap
[0, 838]             5            0.101            ArrangeByKey
[0, 839]             3            0.139            FlatMap
[0, 840]             6            0.148            ArrangeByKey
[0, 841]             3            0.021            FlatMap
[0, 842]             3            0.136            FlatMap
[0, 843]             14           0.155            ArrangeBySelf
[0, 844]             3            0.113            FlatMap
[0, 845]             9            0.176            ArrangeByKey
[0, 846]             3            0.157            FlatMap
[0, 847]             6            0.426            ArrangeByKey
[0, 848]             3            0.102            FlatMap
[0, 849]             7            0.132            ArrangeByKey
[0, 850]             3            0.158            FlatMap
[0, 851]             7            0.230            ArrangeByKey
[0, 852]             3            0.071            FlatMap
[0, 853]             6            0.056            ArrangeByKey
[0, 854]             3            0.101            FlatMap
[0, 855]             7            0.112            ArrangeByKey
[0, 856]             3            0.070            FlatMap
[0, 857]             6            0.140            ArrangeByKey
[0, 858]             3            0.084            FlatMap
[0, 859]             7            0.160            ArrangeByKey
[0, 860]             3            0.072            FlatMap
[0, 861]             11           0.065            ArrangeByKey
[0, 862]             3            0.059            FlatMap
[0, 863]             9            0.055            ArrangeByKey
[0, 864]             3            0.160            FlatMap
[0, 865]             7            0.226            ArrangeByKey
[0, 866]             3            0.121            FlatMap
[0, 867]             8            0.125            ArrangeByKey
[0, 868]             3            0.011            FlatMap
[0, 869]             3            0.043            FlatMap
[0, 870]             6            0.041            ArrangeBySelf
[0, 871]             3            0.237            FlatMap
[0, 872]             6            0.685            ArrangeByKey
[0, 873]             7            0.155            Join
[0, 874]             8            0.059            ArrangeByKey
[0, 875]             3            0.133            FlatMap
[0, 876]             6            0.217            ArrangeByKey
[0, 877]             246502       7562.312         Iterative
[0, 877, 1]          3            0.006            FlatMap
[0, 877, 2]          3            0.007            FlatMap
[0, 877, 3]          3            0.006            FlatMap
[0, 877, 4]          3            0.007            FlatMap
[0, 877, 5]          3            0.006            FlatMap
[0, 877, 6]          1            0.002            Enter
[0, 877, 7]          3            0.009            FlatMap
[0, 877, 8]          3            0.007            FlatMap
[0, 877, 9]          3            0.012            FlatMap
[0, 877, 10]         3            0.009            FlatMap
[0, 877, 11]         3            0.007            FlatMap
[0, 877, 12]         3            0.007            FlatMap
[0, 877, 13]         3            0.043            FlatMap
[0, 877, 14]         3            0.006            FlatMap
[0, 877, 15]         3            0.005            FlatMap
[0, 877, 16]         3            0.005            FlatMap
[0, 877, 17]         3            0.005            FlatMap
[0, 877, 18]         3            0.007            FlatMap
[0, 877, 19]         3            0.005            FlatMap
[0, 877, 20]         3            0.007            FlatMap
[0, 877, 21]         3            0.005            FlatMap
[0, 877, 22]         3            0.005            FlatMap
[0, 877, 23]         3            0.008            FlatMap
[0, 877, 24]         3            0.005            FlatMap
[0, 877, 25]         3            0.006            FlatMap
[0, 877, 26]         3            0.008            FlatMap
[0, 877, 27]         3            0.005            FlatMap
[0, 877, 28]         1            0.001            Enter
[0, 877, 29]         3            0.005            FlatMap
[0, 877, 30]         3            0.006            FlatMap
[0, 877, 31]         3            0.006            FlatMap
[0, 877, 32]         3            0.006            FlatMap
[0, 877, 33]         3            0.004            FlatMap
[0, 877, 34]         3            0.011            FlatMap
[0, 877, 35]         3            0.041            FlatMap
[0, 877, 36]         3            0.006            FlatMap
[0, 877, 37]         3            0.005            FlatMap
[0, 877, 38]         3            0.011            FlatMap
[0, 877, 39]         3            0.008            FlatMap
[0, 877, 40]         3            0.005            FlatMap
[0, 877, 41]         3            0.006            FlatMap
[0, 877, 42]         201          0.376            Feedback
[0, 877, 43]         421          0.832            Feedback
[0, 877, 44]         213          0.342            Feedback
[0, 877, 45]         315          0.434            Feedback
[0, 877, 46]         325          0.439            Feedback
[0, 877, 47]         449          7.056            Feedback
[0, 877, 48]         335          0.407            Feedback
[0, 877, 49]         93           0.142            Feedback
[0, 877, 50]         93           0.166            FlatMap
[0, 877, 51]         93           1.282            FlatMap
[0, 877, 52]         1119         1.573            ArrangeBySelf
[0, 877, 53]         338          1.635            Join
[0, 877, 54]         338          1.125            Join
[0, 877, 55]         201          0.576            FlatMap
[0, 877, 56]         201          3.993            FlatMap
[0, 877, 57]         1080         2.177            ArrangeBySelf
[0, 877, 58]         442          2.721            Join
[0, 877, 59]         563          1.457            ArrangeByKey
[0, 877, 60]         449          39.814           FlatMap
[0, 877, 61]         3307         99.852           ArrangeByKey
[0, 877, 62]         938          5.800            Join
[0, 877, 63]         527          1.961            ArrangeByKey
[0, 877, 64]         959          14.825           Join
[0, 877, 65]         1149         9.045            ArrangeByKey
[0, 877, 66]         580          19.239           Join
[0, 877, 67]         1164         7.665            ArrangeByKey
[0, 877, 68]         589          13.025           Join
[0, 877, 69]         1268         1.751            ArrangeByKey
[0, 877, 70]         283          2.431            Join
[0, 877, 71]         1108         3.260            ArrangeByKey
[0, 877, 72]         531          4.997            Join
[0, 877, 73]         442          2.344            Join
[0, 877, 74]         650          1.340            ArrangeByKey
[0, 877, 75]         970          5.906            Join
[0, 877, 76]         560          1.443            ArrangeByKey
[0, 877, 77]         335          8.585            FlatMap
[0, 877, 78]         1900         5.697            ArrangeByKey
[0, 877, 79]         894          18.882           Join
[0, 877, 80]         1534         5.635            ArrangeByKey
[0, 877, 81]         593          17.255           Join
[0, 877, 82]         1517         14.900           ArrangeByKey
[0, 877, 83]         587          29.643           Join
[0, 877, 84]         1374         1.597            ArrangeByKey
[0, 877, 85]         278          2.051            Join
[0, 877, 86]         792          1.424            ArrangeByKey
[0, 877, 87]         254          2.066            Join
[0, 877, 88]         442          6.373            Join
[0, 877, 89]         1390         2.380            ArrangeByKey
[0, 877, 90]         1043         16.486           Join
[0, 877, 91]         442          4.183            Join
[0, 877, 92]         1084         1.829            ArrangeByKey
[0, 877, 93]         983          9.717            Join
[0, 877, 94]         797          5.814            ArrangeByKey
[0, 877, 95]         421          24.096           FlatMap
[0, 877, 96]         2647         48.053           ArrangeByKey
[0, 877, 97]         1198         97.246           Join
[0, 877, 98]         442          2.445            Join
[0, 877, 99]         199          5.588            FlatMap
[0, 877, 100]        1528         4.615            ArrangeBySelf
[0, 877, 101]        563          7.776            Join
[0, 877, 102]        1077         1.720            ArrangeByKey
[0, 877, 103]        563          9.032            Join
[0, 877, 104]        1160         1.457            ArrangeByKey
[0, 877, 105]        1054         11.057           Join
[0, 877, 106]        813          2.579            ArrangeByKey
[0, 877, 107]        1008         13.663           Join
[0, 877, 108]        1017         2.292            ArrangeByKey
[0, 877, 109]        505          3.495            Join
[0, 877, 110]        563          8.369            Join
[0, 877, 111]        1186         1.840            ArrangeByKey
[0, 877, 112]        563          6.967            Join
[0, 877, 113]        1120         1.419            ArrangeByKey
[0, 877, 114]        563          6.740            Join
[0, 877, 115]        1145         1.326            ArrangeByKey
[0, 877, 116]        1090         30.730           Join
[0, 877, 117]        1051         23.488           ArrangeByKey
[0, 877, 118]        631          30.674           Join
[0, 877, 119]        1353         13.718           ArrangeByKey
[0, 877, 120]        1163         19.440           Join
[0, 877, 121]        1642         3.072            ArrangeByKey
[0, 877, 122]        1167         24.065           Join
[0, 877, 123]        1533         9.520            ArrangeByKey
[0, 877, 124]        640          13.710           Join
[0, 877, 125]        315          8.722            FlatMap
[0, 877, 126]        1380         2.754            ArrangeByKey
[0, 877, 127]        533          7.884            Join
[0, 877, 128]        1752         2.965            ArrangeByKey
[0, 877, 129]        528          4.810            Join
[0, 877, 130]        325          8.446            FlatMap
[0, 877, 131]        2085         3.707            ArrangeByKey
[0, 877, 132]        1260         46.400           Join
[0, 877, 133]        442          2.989            Join
[0, 877, 134]        860          1.619            ArrangeByKey
[0, 877, 135]        349          3.782            Join
[0, 877, 136]        771          2.135            ArrangeByKey
[0, 877, 137]        511          11.314           Join
[0, 877, 138]        2256         25.586           ArrangeByKey
[0, 877, 139]        449          6.085            FlatMap
[0, 877, 140]        449          18.631           FlatMap
[0, 877, 141]        2865         38.400           ArrangeBySelf
[0, 877, 142]        1194         420.890          Join
[0, 877, 143]        631          64.141           Join
[0, 877, 144]        1814         28.444           ArrangeByKey
[0, 877, 145]        1159         46.418           Join
[0, 877, 146]        2531         14.927           ArrangeByKey
[0, 877, 147]        1167         66.172           Join
[0, 877, 148]        2297         28.878           ArrangeByKey
[0, 877, 149]        639          45.006           Join
[0, 877, 150]        1548         7.218            ArrangeByKey
[0, 877, 151]        561          7.851            Join
[0, 877, 152]        449          7.478            FlatMap
[0, 877, 153]        449          34.145           FlatMap
[0, 877, 154]        4211         29.873           ArrangeBySelf
[0, 877, 155]        563          8.735            Join
[0, 877, 156]        1718         2.410            ArrangeByKey
[0, 877, 157]        1048         10.886           Join
[0, 877, 158]        341          5.518            FlatMap
[0, 877, 159]        1701         2.922            ArrangeBySelf
[0, 877, 160]        508          7.640            Join
[0, 877, 161]        1336         2.373            ArrangeByKey
[0, 877, 162]        881          4.367            Join
[0, 877, 163]        533          8.647            Join
[0, 877, 164]        2116         2.780            ArrangeByKey
[0, 877, 165]        548          3.998            Join
[0, 877, 166]        442          3.597            Join
[0, 877, 167]        1055         1.592            ArrangeByKey
[0, 877, 168]        1006         12.424           Join
[0, 877, 169]        1257         3.716            ArrangeByKey
[0, 877, 170]        1189         10.255           Join
[0, 877, 171]        1167         11.466           Join
[0, 877, 172]        431          16.992           FlatMap
[0, 877, 173]        2535         8.624            ArrangeBySelf
[0, 877, 174]        640          6.813            Join
[0, 877, 175]        442          1.644            Join
[0, 877, 176]        123          2.050            FlatMap
[0, 877, 177]        1163         1.660            ArrangeBySelf
[0, 877, 178]        450          2.324            Join
[0, 877, 179]        338          1.510            Join
[0, 877, 180]        442          1.547            Join
[0, 877, 181]        63           1.022            FlatMap
[0, 877, 182]        807          1.485            ArrangeBySelf
[0, 877, 183]        361          1.899            Join
[0, 877, 184]        442          2.541            Join
[0, 877, 185]        813          1.242            ArrangeByKey
[0, 877, 186]        213          4.187            FlatMap
[0, 877, 187]        1676         2.207            ArrangeByKey
[0, 877, 188]        791          4.298            Join
[0, 877, 189]        881          4.536            Join
[0, 877, 190]        442          1.678            Join
[0, 877, 191]        539          1.101            ArrangeByKey
[0, 877, 192]        952          125.264          Join
[0, 877, 193]        442          1.374            Join
[0, 877, 194]        19           0.264            FlatMap
[0, 877, 195]        541          1.020            ArrangeBySelf
[0, 877, 196]        319          1.460            Join
[0, 877, 197]        201          0.365            FlatMap
[0, 877, 198]        201          3.955            FlatMap
[0, 877, 199]        1170         1.421            ArrangeBySelf
[0, 877, 200]        442          2.284            Join
[0, 877, 201]        442          1.573            Join
[0, 877, 202]        442          1.094            Join
[0, 877, 203]        442          6.974            Join
[0, 877, 204]        1824         4.016            ArrangeByKey
[0, 877, 205]        563          4.788            Join
[0, 877, 206]        151          2.049            FlatMap
[0, 877, 207]        1166         1.563            ArrangeBySelf
[0, 877, 208]        400          2.309            Join
[0, 877, 209]        151          2.129            FlatMap
[0, 877, 210]        1171         1.367            ArrangeBySelf
[0, 877, 211]        328          1.847            Join
[0, 877, 212]        432          0.622            Concatenate
[0, 877, 213]        747          0.757            Concatenate
[0, 877, 214]        833          0.656            Concatenate
[0, 877, 215]        833          0.643            Concatenate
[0, 877, 216]        833          21.532           FlatMap
[0, 877, 217]        3685         7.357            Arrange: Threshold
[0, 877, 218]        568          6.730            Threshold
[0, 877, 219]        329          0.539            AsCollection
[0, 877, 220]        410          0.580            Concatenate
[0, 877, 221]        410          9.017            FlatMap
[0, 877, 222]        2689         4.037            Arrange: Threshold
[0, 877, 223]        568          7.424            Threshold
[0, 877, 224]        325          0.736            AsCollection
[0, 877, 225]        203          3.771            FlatMap
[0, 877, 226]        1259         1.854            Arrange: Threshold
[0, 877, 227]        459          3.876            Threshold
[0, 877, 228]        213          0.529            AsCollection
[0, 877, 229]        719          0.725            Concatenate
[0, 877, 230]        805          0.576            Concatenate
[0, 877, 231]        805          24.455           FlatMap
[0, 877, 232]        3642         9.197            Arrange: Threshold
[0, 877, 233]        645          17.414           Threshold
[0, 877, 234]        419          0.684            AsCollection
[0, 877, 235]        437          17.778           FlatMap
[0, 877, 236]        3861         41.426           Arrange: Threshold
[0, 877, 237]        651          309.016          Threshold
[0, 877, 238]        423          7.443            AsCollection
[0, 877, 239]        283          0.389            Concatenate
[0, 877, 240]        287          0.345            Concatenate
[0, 877, 241]        345          0.403            Concatenate
[0, 877, 242]        364          0.353            Concatenate
[0, 877, 243]        440          0.425            Concatenate
[0, 877, 244]        440          0.373            Concatenate
[0, 877, 245]        440          6.638            FlatMap
[0, 877, 246]        3699         2.614            Arrange: Threshold
[0, 877, 247]        495          3.607            Threshold
[0, 877, 248]        255          0.334            AsCollection
[0, 877, 249]        259          7.501            FlatMap
[0, 877, 250]        1568         4.299            Arrange: Threshold
[0, 877, 251]        593          12.799           Threshold
[0, 877, 252]        361          0.764            AsCollection
[0, 877, 253]        484          0.767            Concatenate
[0, 877, 254]        1156         1.367            Concatenate
[0, 877, 255]        1385         1.316            Concatenate
[0, 877, 256]        1573         1.678            Concatenate
[0, 877, 257]        1817         1.639            Concatenate
[0, 877, 258]        2122         1.682            Concatenate
[0, 877, 259]        2302         1.729            Concatenate
[0, 877, 260]        2414         1.658            Concatenate
[0, 877, 261]        2414         129.315          FlatMap
[0, 877, 262]        16300        267.392          Arrange: Threshold
[0, 877, 263]        680          1356.360         Threshold
[0, 877, 264]        455          13.103           AsCollection
[0, 877, 265]        201          0.239            ResultsIn
[0, 877, 266]        421          2.257            ResultsIn
[0, 877, 267]        335          0.382            ResultsIn
[0, 877, 268]        93           0.115            ResultsIn
[0, 877, 269]        213          0.301            ResultsIn
[0, 877, 270]        449          1.805            ResultsIn
[0, 877, 271]        315          0.329            ResultsIn
[0, 877, 272]        325          0.378            ResultsIn
[0, 878]             660          0.534            Leave
[0, 879]             1389         1.780            Leave
[0, 880]             948          0.645            Leave
[0, 881]             713          0.582            Leave
[0, 882]             1262         0.717            Leave
[0, 883]             1937         3.260            Leave
[0, 884]             1108         0.632            Leave
[0, 885]             608          0.384            Leave
[0, 886]             25           0.490            FlatMap
[0, 887]             41           1.105            Arrange: Threshold
[0, 888]             4            2.147            Threshold
[0, 889]             3            0.121            AsCollection
[0, 890]             3            0.051            FlatMap
[0, 891]             3            0.054            FlatMap
[0, 892]             3            0.094            FlatMap
[0, 893]             13           0.009            Consolidate
[0, 894]             1            0.001            AsCollection
[0, 895]             2            0.003            InspectBatch
[0, 896]             2            0.002            Probe
[0, 897]             3            0.069            FlatMap
[0, 898]             4            0.123            Arrange: Threshold
[0, 899]             4            0.391            Threshold
[0, 900]             3            0.026            AsCollection
[0, 901]             3            0.021            FlatMap
[0, 902]             3            0.017            FlatMap
[0, 903]             3            0.043            FlatMap
[0, 904]             5            0.010            Consolidate
[0, 905]             1            0.001            AsCollection
[0, 906]             2            0.003            InspectBatch
[0, 907]             2            0.002            Probe
[0, 908]             3            0.033            FlatMap
[0, 909]             9            0.033            Arrange: Threshold
[0, 910]             4            0.053            Threshold
[0, 911]             3            0.008            AsCollection
[0, 912]             3            0.009            FlatMap
[0, 913]             3            0.006            FlatMap
[0, 914]             3            0.028            FlatMap
[0, 915]             17           0.018            Consolidate
[0, 916]             1            0.001            AsCollection
[0, 917]             2            0.004            InspectBatch
[0, 918]             2            0.002            Probe
[0, 919]             17           0.207            FlatMap
[0, 920]             46           0.058            Arrange: Threshold
[0, 921]             4            0.111            Threshold
[0, 922]             3            0.009            AsCollection
[0, 923]             3            0.007            FlatMap
[0, 924]             3            0.006            FlatMap
[0, 925]             3            0.040            FlatMap
[0, 926]             6            0.008            Consolidate
[0, 927]             1            0.001            AsCollection
[0, 928]             2            0.003            InspectBatch
[0, 929]             2            0.002            Probe
[0, 930]             3            0.054            FlatMap
[0, 931]             6            0.033            Arrange: Threshold
[0, 932]             4            0.087            Threshold
[0, 933]             3            0.009            AsCollection
[0, 934]             3            0.006            FlatMap
[0, 935]             3            0.006            FlatMap
[0, 936]             3            0.038            FlatMap
[0, 937]             4            0.006            Consolidate
[0, 938]             1            0.001            AsCollection
[0, 939]             2            0.004            InspectBatch
[0, 940]             2            0.002            Probe
[0, 941]             21           0.276            FlatMap
[0, 942]             48           0.071            Arrange: Threshold
[0, 943]             4            0.088            Threshold
[0, 944]             3            0.009            AsCollection
[0, 945]             3            0.008            FlatMap
[0, 946]             3            0.006            FlatMap
[0, 947]             3            0.045            FlatMap
[0, 948]             6            0.011            Consolidate
[0, 949]             1            0.001            AsCollection
[0, 950]             2            0.003            InspectBatch
[0, 951]             2            0.001            Probe
[0, 952]             5            0.065            FlatMap
[0, 953]             12           0.075            Arrange: Threshold
[0, 954]             4            0.188            Threshold
[0, 955]             3            0.013            AsCollection
[0, 956]             3            0.009            FlatMap
[0, 957]             3            0.007            FlatMap
[0, 958]             3            0.022            FlatMap
[0, 959]             8            0.008            Consolidate
[0, 960]             1            0.001            AsCollection
[0, 961]             2            0.003            InspectBatch
[0, 962]             2            0.001            Probe
[0, 963]             3            0.039            FlatMap
[0, 964]             8            0.043            Arrange: Threshold
[0, 965]             4            0.189            Threshold
[0, 966]             3            0.014            AsCollection
[0, 967]             3            0.009            FlatMap
[0, 968]             3            0.007            FlatMap
[0, 969]             3            0.033            FlatMap
[0, 970]             7            0.006            Consolidate
[0, 971]             1            0.001            AsCollection
[0, 972]             2            0.004            InspectBatch
[0, 973]             2            0.001            Probe
[0, 974]             3            0.036            FlatMap
[0, 975]             7            0.054            Arrange: Threshold
[0, 976]             4            0.191            Threshold
[0, 977]             3            0.014            AsCollection
[0, 978]             3            0.007            FlatMap
[0, 979]             3            0.007            FlatMap
[0, 980]             3            0.045            FlatMap
[0, 981]             9            0.006            Consolidate
[0, 982]             1            0.001            AsCollection
[0, 983]             2            0.005            InspectBatch
[0, 984]             2            0.001            Probe
[0, 985]             1            0.001            FlatMap
[0, 986]             2            0.006            Arrange: Threshold
[0, 987]             2            0.008            Threshold
[0, 988]             1            0.001            AsCollection
[0, 989]             1            0.001            FlatMap
[0, 990]             1            0.001            FlatMap
[0, 991]             1            0.000            FlatMap
[0, 992]             3            0.005            Consolidate
[0, 993]             1            0.001            AsCollection
[0, 994]             2            0.002            InspectBatch
[0, 995]             2            0.001            Probe
[0, 996]             3            0.030            FlatMap
[0, 997]             4            0.012            Arrange: Threshold
[0, 998]             4            0.024            Threshold
[0, 999]             3            0.005            AsCollection
[0, 1000]            3            0.005            FlatMap
[0, 1001]            3            0.010            FlatMap
[0, 1002]            3            0.035            FlatMap
[0, 1003]            5            0.008            Consolidate
[0, 1004]            1            0.001            AsCollection
[0, 1005]            2            0.003            InspectBatch
[0, 1006]            2            0.001            Probe
[0, 1007]            93           1.260            FlatMap
[0, 1008]            996          0.622            Arrange: Threshold
[0, 1009]            4            0.064            Threshold
[0, 1010]            3            0.007            AsCollection
[0, 1011]            3            0.008            FlatMap
[0, 1012]            3            0.008            FlatMap
[0, 1013]            3            0.063            FlatMap
[0, 1014]            4            0.009            Consolidate
[0, 1015]            1            0.000            AsCollection
[0, 1016]            2            0.005            InspectBatch
[0, 1017]            2            0.001            Probe
[0, 1018]            325          5.803            FlatMap
[0, 1019]            1814         1.253            Arrange: Threshold
[0, 1020]            4            0.380            Threshold
[0, 1021]            3            0.030            AsCollection
[0, 1022]            3            0.015            FlatMap
[0, 1023]            3            0.022            FlatMap
[0, 1024]            3            0.062            FlatMap
[0, 1025]            4            0.006            Consolidate
[0, 1026]            1            0.001            AsCollection
[0, 1027]            2            0.003            InspectBatch
[0, 1028]            2            0.001            Probe
[0, 1029]            449          18.036           FlatMap
[0, 1030]            3260         125.754          Arrange: Threshold
[0, 1031]            4            123.868          Threshold
[0, 1032]            3            9.348            AsCollection
[0, 1033]            3            12.206           FlatMap
[0, 1034]            3            3.275            FlatMap
[0, 1035]            3            4.498            FlatMap
[0, 1036]            4            0.025            Consolidate
[0, 1037]            1            0.001            AsCollection
[0, 1038]            2            0.003            InspectBatch
[0, 1039]            2            0.054            Probe
[0, 1040]            421          12.594           FlatMap
[0, 1041]            2378         43.276           Arrange: Threshold
[0, 1042]            4            45.959           Threshold
[0, 1043]            3            5.138            AsCollection
[0, 1044]            3            1.863            FlatMap
[0, 1045]            3            1.125            FlatMap
[0, 1046]            3            1.644            FlatMap
[0, 1047]            33           0.060            Consolidate
[0, 1048]            1            0.001            AsCollection
[0, 1049]            2            0.005            InspectBatch
[0, 1050]            2            0.001            Probe
[0, 1051]            213          3.482            FlatMap
[0, 1052]            1512         0.901            Arrange: Threshold
[0, 1053]            4            0.216            Threshold
[0, 1054]            3            0.013            AsCollection
[0, 1055]            3            0.008            FlatMap
[0, 1056]            3            0.006            FlatMap
[0, 1057]            3            0.054            FlatMap
[0, 1058]            34           0.050            Consolidate
[0, 1059]            1            0.001            AsCollection
[0, 1060]            2            0.002            InspectBatch
[0, 1061]            2            0.003            Probe
[0, 1062]            315          6.911            FlatMap
[0, 1063]            1337         0.934            Arrange: Threshold
[0, 1064]            4            0.362            Threshold
[0, 1065]            3            0.018            AsCollection
[0, 1066]            3            0.008            FlatMap
[0, 1067]            3            0.009            FlatMap
[0, 1068]            3            0.156            FlatMap
[0, 1069]            35           0.035            Consolidate
[0, 1070]            1            0.001            AsCollection
[0, 1071]            2            0.003            InspectBatch
[0, 1072]            2            0.043            Probe
[0, 1073]            335          6.632            FlatMap
[0, 1074]            1717         1.488            Arrange: Threshold
[0, 1075]            4            0.841            Threshold
[0, 1076]            3            0.057            AsCollection
[0, 1077]            3            0.052            FlatMap
[0, 1078]            3            0.240            FlatMap
[0, 1079]            3            0.192            FlatMap
[0, 1080]            38           0.029            Consolidate
[0, 1081]            1            0.001            AsCollection
[0, 1082]            2            0.003            InspectBatch
[0, 1083]            2            0.001            Probe
[0, 1084]            201          4.009            FlatMap
[0, 1085]            1139         0.717            Arrange: Threshold
[0, 1086]            4            0.085            Threshold
[0, 1087]            3            0.006            AsCollection
[0, 1088]            3            0.027            FlatMap
[0, 1089]            3            0.027            FlatMap
[0, 1090]            3            0.054            FlatMap
[0, 1091]            38           0.024            Consolidate
[0, 1092]            1            0.001            AsCollection
[0, 1093]            2            0.032            InspectBatch
[0, 1094]            2            0.001            Probe
