addr                 activations  total_active_ms  name
[0]                  273424       8593.230         Dataflow
[0, 1]               1            0.000            Input
[0, 2]               2            0.280            FlatMap
[0, 3]               7            0.072            Arrange: Threshold
[0, 4]               4            0.065            Threshold
[0, 5]               3            0.014            AsCollection
[0, 6]               1            0.000            Input
[0, 7]               2            0.356            FlatMap
[0, 8]               7            0.045            Arrange: Threshold
[0, 9]               4            0.041            Threshold
[0, 10]              3            0.007            AsCollection
[0, 11]              1            0.000            Input
[0, 12]              1            0.001            FlatMap
[0, 13]              3            0.094            Arrange: Threshold
[0, 14]              2            0.007            Threshold
[0, 15]              1            0.001            AsCollection
[0, 16]              1            0.000            Input
[0, 17]              2            0.297            FlatMap
[0, 18]              7            0.358            Arrange: Threshold
[0, 19]              4            0.498            Threshold
[0, 20]              3            0.039            AsCollection
[0, 21]              1            0.000            Input
[0, 22]              2            0.214            FlatMap
[0, 23]              7            0.030            Arrange: Threshold
[0, 24]              4            0.025            Threshold
[0, 25]              3            0.006            AsCollection
[0, 26]              1            0.000            Input
[0, 27]              2            0.287            FlatMap
[0, 28]              7            0.530            Arrange: Threshold
[0, 29]              4            0.990            Threshold
[0, 30]              3            0.061            AsCollection
[0, 31]              1            0.000            Input
[0, 32]              2            0.444            FlatMap
[0, 33]              7            1.719            Arrange: Threshold
[0, 34]              4            2.963            Threshold
[0, 35]              3            0.206            AsCollection
[0, 36]              1            0.000            Input
[0, 37]              2            0.222            FlatMap
[0, 38]              9            0.304            Arrange: Threshold
[0, 39]              4            0.519            Threshold
[0, 40]              3            0.054            AsCollection
[0, 41]              1            0.000            Input
[0, 42]              2            1.037            FlatMap
[0, 43]              8            2.641            Arrange: Threshold
[0, 44]              4            5.702            Threshold
[0, 45]              3            0.356            AsCollection
[0, 46]              1            0.000            Input
[0, 47]              2            0.177            FlatMap
[0, 48]              9            0.228            Arrange: Threshold
[0, 49]              4            0.500            Threshold
[0, 50]              3            0.047            AsCollection
[0, 51]              1            0.000            Input
[0, 52]              2            0.270            FlatMap
[0, 53]              7            0.062            Arrange: Threshold
[0, 54]              4            0.060            Threshold
[0, 55]              3            0.006            AsCollection
[0, 56]              1            0.000            Input
[0, 57]              2            0.226            FlatMap
[0, 58]              7            0.026            Arrange: Threshold
[0, 59]              4            0.016            Threshold
[0, 60]              3            0.007            AsCollection
[0, 61]              1            0.000            Input
[0, 62]              2            0.064            FlatMap
[0, 63]              7            0.017            Arrange: Threshold
[0, 64]              4            0.016            Threshold
[0, 65]              3            0.003            AsCollection
[0, 66]              1            0.000            Input
[0, 67]              2            0.237            FlatMap
[0, 68]              7            0.051            Arrange: Threshold
[0, 69]              4            0.031            Threshold
[0, 70]              3            0.005            AsCollection
[0, 71]              1            0.000            Input
[0, 72]              2            0.367            FlatMap
[0, 73]              7            0.141            Arrange: Threshold
[0, 74]              4            0.340            Threshold
[0, 75]              3            0.027            AsCollection
[0, 76]              1            0.000            Input
[0, 77]              2            0.465            FlatMap
[0, 78]              7            0.119            Arrange: Threshold
[0, 79]              4            0.294            Threshold
[0, 80]              3            0.016            AsCollection
[0, 81]              1            0.001            Input
[0, 82]              2            0.457            FlatMap
[0, 83]              7            0.407            Arrange: Threshold
[0, 84]              4            0.635            Threshold
[0, 85]              3            0.075            AsCollection
[0, 86]              1            0.000            Input
[0, 87]              2            0.648            FlatMap
[0, 88]              7            1.174            Arrange: Threshold
[0, 89]              4            1.949            Threshold
[0, 90]              3            0.174            AsCollection
[0, 91]              1            0.000            Input
[0, 92]              2            0.250            FlatMap
[0, 93]              7            0.146            Arrange: Threshold
[0, 94]              4            0.229            Threshold
[0, 95]              3            0.026            AsCollection
[0, 96]              1            0.000            Input
[0, 97]              2            0.511            FlatMap
[0, 98]              7            0.350            Arrange: Threshold
[0, 99]              4            0.260            Threshold
[0, 100]             3            0.015            AsCollection
[0, 101]             1            0.000            Input
[0, 102]             2            0.332            FlatMap
[0, 103]             7            0.126            Arrange: Threshold
[0, 104]             4            0.237            Threshold
[0, 105]             3            0.023            AsCollection
[0, 106]             1            0.000            Input
[0, 107]             2            0.361            FlatMap
[0, 108]             7            0.276            Arrange: Threshold
[0, 109]             4            0.441            Threshold
[0, 110]             3            0.066            AsCollection
[0, 111]             1            0.000            Input
[0, 112]             2            0.514            FlatMap
[0, 113]             7            0.808            Arrange: Threshold
[0, 114]             4            1.004            Threshold
[0, 115]             3            0.205            AsCollection
[0, 116]             1            0.000            Input
[0, 117]             2            0.350            FlatMap
[0, 118]             7            0.303            Arrange: Threshold
[0, 119]             4            0.521            Threshold
[0, 120]             3            0.061            AsCollection
[0, 121]             1            0.000            Input
[0, 122]             2            0.331            FlatMap
[0, 123]             7            0.234            Arrange: Threshold
[0, 124]             4            0.455            Threshold
[0, 125]             3            0.061            AsCollection
[0, 126]             1            0.000            Input
[0, 127]             2            0.266            FlatMap
[0, 128]             7            0.167            Arrange: Threshold
[0, 129]             4            0.278            Threshold
[0, 130]             3            0.032            AsCollection
[0, 131]             1            0.000            Input
[0, 132]             2            0.410            FlatMap
[0, 133]             6            0.361            Arrange: Threshold
[0, 134]             4            0.701            Threshold
[0, 135]             3            0.123            AsCollection
[0, 136]             1            0.001            Input
[0, 137]             2            0.187            FlatMap
[0, 138]             7            0.068            Arrange: Threshold
[0, 139]             4            0.061            Threshold
[0, 140]             3            0.013            AsCollection
[0, 141]             1            0.001            Input
[0, 142]             2            0.295            FlatMap
[0, 143]             6            0.114            Arrange: Threshold
[0, 144]             4            0.190            Threshold
[0, 145]             3            0.021            AsCollection
[0, 146]             1            0.000            Input
[0, 147]             2            0.297            FlatMap
[0, 148]             7            0.167            Arrange: Threshold
[0, 149]             4            0.311            Threshold
[0, 150]             3            0.031            AsCollection
[0, 151]             1            0.000            Input
[0, 152]             2            0.320            FlatMap
[0, 153]             6            0.089            Arrange: Threshold
[0, 154]             4            0.112            Threshold
[0, 155]             3            0.022            AsCollection
[0, 156]             1            0.000            Input
[0, 157]             2            0.248            FlatMap
[0, 158]             6            0.178            Arrange: Threshold
[0, 159]             4            0.326            Threshold
[0, 160]             3            0.033            AsCollection
[0, 161]             3            0.006            FlatMap
[0, 162]             3            0.009            FlatMap
[0, 163]             3            0.022            FlatMap
[0, 164]             3            0.016            FlatMap
[0, 165]             3            0.007            FlatMap
[0, 166]             3            0.007            FlatMap
[0, 167]             3            0.007            FlatMap
[0, 168]             3            0.013            FlatMap
[0, 169]             3            0.012            FlatMap
[0, 170]             3            0.012            FlatMap
[0, 171]             3            0.009            FlatMap
[0, 172]             3            0.012            FlatMap
[0, 173]             3            0.009            FlatMap
[0, 174]             3            0.010            FlatMap
[0, 175]             3            0.005            FlatMap
[0, 176]             3            0.005            FlatMap
[0, 177]             3            0.029            FlatMap
[0, 178]             3            0.025            FlatMap
[0, 179]             3            0.023            FlatMap
[0, 180]             3            0.031            FlatMap
[0, 181]             3            0.011            FlatMap
[0, 182]             3            0.014            FlatMap
[0, 183]             3            0.014            FlatMap
[0, 184]             3            0.010            FlatMap
[0, 185]             3            0.019            FlatMap
[0, 186]             3            0.018            FlatMap
[0, 187]             3            0.037            FlatMap
[0, 188]             3            0.035            FlatMap
[0, 189]             3            0.036            FlatMap
[0, 190]             3            0.036            FlatMap
[0, 191]             3            0.015            FlatMap
[0, 192]             3            0.015            FlatMap
[0, 193]             3            0.015            FlatMap
[0, 194]             3            0.010            FlatMap
[0, 195]             3            0.009            FlatMap
[0, 196]             3            0.009            FlatMap
[0, 197]             3            0.011            FlatMap
[0, 198]             3            0.015            FlatMap
[0, 199]             3            0.010            FlatMap
[0, 200]             3            0.010            FlatMap
[0, 201]             3            0.011            FlatMap
[0, 202]             3            0.065            FlatMap
[0, 203]             3            0.058            FlatMap
[0, 204]             3            0.061            FlatMap
[0, 205]             3            0.024            FlatMap
[0, 206]             3            0.023            FlatMap
[0, 207]             3            0.022            FlatMap
[0, 208]             3            0.010            FlatMap
[0, 209]             3            0.025            FlatMap
[0, 210]             3            0.006            FlatMap
[0, 211]             3            0.006            FlatMap
[0, 212]             3            0.005            FlatMap
[0, 213]             3            0.015            FlatMap
[0, 214]             3            0.034            FlatMap
[0, 215]             4            0.076            Arrange: Threshold
[0, 216]             4            0.296            Threshold
[0, 217]             3            0.028            AsCollection
[0, 218]             4            0.008            Concatenate
[0, 219]             4            0.006            Concatenate
[0, 220]             4            0.011            Concatenate
[0, 221]             4            0.049            FlatMap
[0, 222]             6            0.037            Arrange: Threshold
[0, 223]             4            0.068            Threshold
[0, 224]             3            0.006            AsCollection
[0, 225]             3            0.091            FlatMap
[0, 226]             5            0.282            Arrange: Threshold
[0, 227]             4            0.550            Threshold
[0, 228]             3            0.035            AsCollection
[0, 229]             3            0.080            FlatMap
[0, 230]             5            0.120            Arrange: Threshold
[0, 231]             4            0.199            Threshold
[0, 232]             3            0.014            AsCollection
[0, 233]             3            0.020            FlatMap
[0, 234]             5            0.061            Arrange: Threshold
[0, 235]             4            0.016            Threshold
[0, 236]             3            0.004            AsCollection
[0, 237]             3            0.100            FlatMap
[0, 238]             5            0.132            Arrange: Threshold
[0, 239]             4            0.209            Threshold
[0, 240]             3            0.014            AsCollection
[0, 241]             3            0.023            FlatMap
[0, 242]             4            0.027            Arrange: Threshold
[0, 243]             4            0.060            Threshold
[0, 244]             3            0.007            AsCollection
[0, 245]             3            0.068            FlatMap
[0, 246]             5            0.083            Arrange: Threshold
[0, 247]             4            0.106            Threshold
[0, 248]             3            0.008            AsCollection
[0, 249]             3            0.088            FlatMap
[0, 250]             5            0.149            Arrange: Threshold
[0, 251]             4            0.293            Threshold
[0, 252]             3            0.024            AsCollection
[0, 253]             3            0.213            FlatMap
[0, 254]             5            0.886            Arrange: Threshold
[0, 255]             4            1.728            Threshold
[0, 256]             3            0.101            AsCollection
[0, 257]             3            0.021            FlatMap
[0, 258]             5            0.017            Arrange: Threshold
[0, 259]             4            0.063            Threshold
[0, 260]             3            0.012            AsCollection
[0, 261]             3            0.083            FlatMap
[0, 262]             5            0.141            Arrange: Threshold
[0, 263]             4            0.229            Threshold
[0, 264]             3            0.015            AsCollection
[0, 265]             3            0.009            Concatenate
[0, 266]             3            0.007            Concatenate
[0, 267]             3            0.432            FlatMap
[0, 268]             5            0.743            Arrange: Threshold
[0, 269]             4            1.352            Threshold
[0, 270]             3            0.133            AsCollection
[0, 271]             3            0.109            FlatMap
[0, 272]             5            0.145            Arrange: Threshold
[0, 273]             4            0.207            Threshold
[0, 274]             3            0.015            AsCollection
[0, 275]             3            0.056            FlatMap
[0, 276]             5            0.064            Arrange: Threshold
[0, 277]             4            0.041            Threshold
[0, 278]             3            0.007            AsCollection
[0, 279]             3            0.140            FlatMap
[0, 280]             5            0.167            Arrange: Threshold
[0, 281]             4            0.250            Threshold
[0, 282]             3            0.020            AsCollection
[0, 283]             3            0.245            FlatMap
[0, 284]             5            0.476            Arrange: Threshold
[0, 285]             4            0.878            Threshold
[0, 286]             3            0.061            AsCollection
[0, 287]             3            0.227            FlatMap
[0, 288]             5            0.167            Arrange: Threshold
[0, 289]             4            0.213            Threshold
[0, 290]             3            0.014            AsCollection
[0, 291]             3            0.005            Concatenate
[0, 292]             3            0.012            Concatenate
[0, 293]             3            0.006            Concatenate
[0, 294]             3            0.401            FlatMap
[0, 295]             5            0.575            Arrange: Threshold
[0, 296]             4            0.986            Threshold
[0, 297]             3            0.061            AsCollection
[0, 298]             3            0.171            FlatMap
[0, 299]             5            0.247            Arrange: Threshold
[0, 300]             4            0.406            Threshold
[0, 301]             3            0.040            AsCollection
[0, 302]             3            0.008            Concatenate
[0, 303]             3            0.009            Concatenate
[0, 304]             3            0.575            FlatMap
[0, 305]             5            1.445            Arrange: Threshold
[0, 306]             4            2.380            Threshold
[0, 307]             3            0.168            AsCollection
[0, 308]             3            0.128            FlatMap
[0, 309]             5            0.288            Arrange: Threshold
[0, 310]             4            0.568            Threshold
[0, 311]             3            0.041            AsCollection
[0, 312]             3            0.146            FlatMap
[0, 313]             5            0.092            Arrange: Threshold
[0, 314]             4            0.104            Threshold
[0, 315]             3            0.008            AsCollection
[0, 316]             3            0.028            FlatMap
[0, 317]             5            0.015            Arrange: Threshold
[0, 318]             4            0.015            Threshold
[0, 319]             3            0.007            AsCollection
[0, 320]             3            0.005            Concatenate
[0, 321]             3            0.005            Concatenate
[0, 322]             3            0.005            Concatenate
[0, 323]             3            0.005            Concatenate
[0, 324]             3            0.015            Concatenate
[0, 325]             3            0.019            Concatenate
[0, 326]             3            0.010            Concatenate
[0, 327]             3            0.009            Concatenate
[0, 328]             3            0.010            Concatenate
[0, 329]             3            0.012            Concatenate
[0, 330]             3            0.015            Concatenate
[0, 331]             3            0.012            Concatenate
[0, 332]             3            0.846            FlatMap
[0, 333]             4            2.929            Arrange: Threshold
[0, 334]             4            4.996            Threshold
[0, 335]             3            0.438            AsCollection
[0, 336]             3            0.139            FlatMap
[0, 337]             5            0.273            Arrange: Threshold
[0, 338]             4            0.594            Threshold
[0, 339]             3            0.036            AsCollection
[0, 340]             3            0.091            FlatMap
[0, 341]             5            0.119            Arrange: Threshold
[0, 342]             4            0.210            Threshold
[0, 343]             3            0.015            AsCollection
[0, 344]             3            0.065            FlatMap
[0, 345]             5            0.068            Arrange: Threshold
[0, 346]             4            0.068            Threshold
[0, 347]             3            0.007            AsCollection
[0, 348]             3            0.005            Concatenate
[0, 349]             4            0.006            Concatenate
[0, 350]             4            0.006            Concatenate
[0, 351]             4            0.006            Concatenate
[0, 352]             4            0.118            FlatMap
[0, 353]             6            0.113            Arrange: Threshold
[0, 354]             4            0.069            Threshold
[0, 355]             3            0.014            AsCollection
[0, 356]             3            0.195            FlatMap
[0, 357]             5            0.149            Arrange: Threshold
[0, 358]             4            0.278            Threshold
[0, 359]             3            0.017            AsCollection
[0, 360]             3            0.144            FlatMap
[0, 361]             5            0.202            Arrange: Threshold
[0, 362]             4            0.406            Threshold
[0, 363]             3            0.038            AsCollection
[0, 364]             3            0.121            FlatMap
[0, 365]             5            0.176            Arrange: Threshold
[0, 366]             4            0.337            Threshold
[0, 367]             3            0.021            AsCollection
[0, 368]             3            0.189            FlatMap
[0, 369]             5            0.425            Arrange: Threshold
[0, 370]             4            0.838            Threshold
[0, 371]             3            0.050            AsCollection
[0, 372]             3            0.175            FlatMap
[0, 373]             5            0.100            Arrange: Threshold
[0, 374]             4            0.155            Threshold
[0, 375]             3            0.012            AsCollection
[0, 376]             3            0.005            FlatMap
[0, 377]             1            0.001            FlatMap
[0, 378]             3            0.008            ArrangeBySelf
[0, 379]             3            0.006            FlatMap
[0, 380]             1            0.001            FlatMap
[0, 381]             3            0.006            ArrangeBySelf
[0, 382]             2            0.009            Join
[0, 383]             3            0.009            ArrangeByKey
[0, 384]             3            0.022            FlatMap
[0, 385]             6            0.015            ArrangeByKey
[0, 386]             3            0.015            Join
[0, 387]             3            0.004            FlatMap
[0, 388]             1            0.001            FlatMap
[0, 389]             3            0.005            ArrangeBySelf
[0, 390]             3            0.005            FlatMap
[0, 391]             1            0.001            FlatMap
[0, 392]             3            0.005            ArrangeBySelf
[0, 393]             2            0.008            Join
[0, 394]             3            0.006            ArrangeByKey
[0, 395]             3            0.010            Join
[0, 396]             3            0.005            FlatMap
[0, 397]             3            0.007            ArrangeByKey
[0, 398]             2            0.007            Join
[0, 399]             3            0.070            FlatMap
[0, 400]             6            0.010            ArrangeByKey
[0, 401]             2            0.007            Join
[0, 402]             3            0.006            FlatMap
[0, 403]             3            0.007            FlatMap
[0, 404]             3            0.007            FlatMap
[0, 405]             3            0.008            FlatMap
[0, 406]             3            0.013            FlatMap
[0, 407]             1            0.001            FlatMap
[0, 408]             3            0.008            ArrangeBySelf
[0, 409]             3            0.016            FlatMap
[0, 410]             3            0.047            FlatMap
[0, 411]             5            0.123            ArrangeBySelf
[0, 412]             3            0.012            FlatMap
[0, 413]             3            0.025            FlatMap
[0, 414]             4            0.008            ArrangeBySelf
[0, 415]             3            0.013            FlatMap
[0, 416]             3            0.030            FlatMap
[0, 417]             5            0.029            ArrangeBySelf
[0, 418]             3            0.097            FlatMap
[0, 419]             5            0.237            ArrangeByKey
[0, 420]             1            0.001            FlatMap
[0, 421]             1            0.001            FlatMap
[0, 422]             2            0.008            ArrangeBySelf
[0, 423]             5            0.028            Join
[0, 424]             4            0.014            ArrangeByKey
[0, 425]             5            0.025            Join
[0, 426]             3            0.009            ArrangeByKey
[0, 427]             3            0.014            Join
[0, 428]             1            0.001            FlatMap
[0, 429]             8            0.010            ArrangeBySelf
[0, 430]             5            0.022            Join
[0, 431]             1            0.001            FlatMap
[0, 432]             7            0.006            ArrangeBySelf
[0, 433]             5            0.022            Join
[0, 434]             1            0.001            FlatMap
[0, 435]             8            0.006            ArrangeBySelf
[0, 436]             3            0.013            Join
[0, 437]             2            0.006            ArrangeByKey
[0, 438]             3            0.012            Join
[0, 439]             1            0.001            FlatMap
[0, 440]             2            0.005            ArrangeBySelf
[0, 441]             3            0.018            Join
[0, 442]             1            0.001            FlatMap
[0, 443]             2            0.005            ArrangeBySelf
[0, 444]             3            0.013            Join
[0, 445]             2            0.005            ArrangeByKey
[0, 446]             2            0.008            Join
[0, 447]             1            0.001            FlatMap
[0, 448]             2            0.006            ArrangeBySelf
[0, 449]             3            0.014            Join
[0, 450]             3            0.012            FlatMap
[0, 451]             3            0.043            FlatMap
[0, 452]             5            0.031            ArrangeBySelf
[0, 453]             3            0.085            FlatMap
[0, 454]             5            0.231            ArrangeByKey
[0, 455]             3            0.109            FlatMap
[0, 456]             5            0.218            ArrangeByKey
[0, 457]             3            0.103            FlatMap
[0, 458]             5            0.231            ArrangeByKey
[0, 459]             3            0.055            AsCollection
[0, 460]             3            0.142            FlatMap
[0, 461]             5            0.210            Arrange: Threshold
[0, 462]             4            0.405            Threshold
[0, 463]             3            0.023            AsCollection
[0, 464]             6            0.052            Join
[0, 465]             3            0.056            FlatMap
[0, 466]             5            0.045            Arrange: Threshold
[0, 467]             4            0.040            Threshold
[0, 468]             3            0.004            AsCollection
[0, 469]             3            0.007            FlatMap
[0, 470]             3            0.005            Concatenate
[0, 471]             3            0.016            FlatMap
[0, 472]             3            0.050            FlatMap
[0, 473]             4            0.125            Arrange: Threshold
[0, 474]             4            0.366            Threshold
[0, 475]             3            0.102            AsCollection
[0, 476]             5            0.200            ArrangeByKey
[0, 477]             3            0.058            AsCollection
[0, 478]             3            0.102            FlatMap
[0, 479]             5            0.209            Arrange: Threshold
[0, 480]             4            0.421            Threshold
[0, 481]             3            0.023            AsCollection
[0, 482]             6            0.044            Join
[0, 483]             3            0.075            FlatMap
[0, 484]             8            0.081            Arrange: Threshold
[0, 485]             4            0.081            Threshold
[0, 486]             3            0.005            AsCollection
[0, 487]             3            0.005            FlatMap
[0, 488]             4            0.009            Concatenate
[0, 489]             4            0.013            FlatMap
[0, 490]             4            0.064            FlatMap
[0, 491]             7            0.116            Arrange: Threshold
[0, 492]             4            0.362            Threshold
[0, 493]             3            0.104            AsCollection
[0, 494]             5            0.210            ArrangeByKey
[0, 495]             3            0.055            AsCollection
[0, 496]             3            0.104            FlatMap
[0, 497]             5            0.210            Arrange: Threshold
[0, 498]             4            0.402            Threshold
[0, 499]             3            0.024            AsCollection
[0, 500]             6            0.042            Join
[0, 501]             3            0.067            FlatMap
[0, 502]             5            0.065            Arrange: Threshold
[0, 503]             4            0.050            Threshold
[0, 504]             3            0.005            AsCollection
[0, 505]             3            0.004            FlatMap
[0, 506]             3            0.004            Concatenate
[0, 507]             3            0.012            FlatMap
[0, 508]             3            0.042            FlatMap
[0, 509]             4            0.123            Arrange: Threshold
[0, 510]             4            0.363            Threshold
[0, 511]             3            0.119            AsCollection
[0, 512]             5            0.230            ArrangeByKey
[0, 513]             7            0.283            Join
[0, 514]             12           0.139            ArrangeByKey
[0, 515]             6            0.252            Join
[0, 516]             3            0.035            FlatMap
[0, 517]             3            0.072            FlatMap
[0, 518]             4            0.215            ArrangeBySelf
[0, 519]             3            0.206            FlatMap
[0, 520]             5            0.759            ArrangeByKey
[0, 521]             6            0.627            Join
[0, 522]             5            0.409            ArrangeByKey
[0, 523]             3            0.020            FlatMap
[0, 524]             3            0.105            FlatMap
[0, 525]             5            0.159            ArrangeBySelf
[0, 526]             3            0.167            FlatMap
[0, 527]             5            0.240            ArrangeByKey
[0, 528]             6            0.224            Join
[0, 529]             4            0.196            ArrangeByKey
[0, 530]             7            0.245            Join
[0, 531]             4            0.092            ArrangeByKey
[0, 532]             6            0.291            Join
[0, 533]             3            0.022            FlatMap
[0, 534]             3            0.171            FlatMap
[0, 535]             5            0.196            ArrangeBySelf
[0, 536]             3            0.115            FlatMap
[0, 537]             5            0.214            ArrangeByKey
[0, 538]             7            0.221            Join
[0, 539]             4            0.194            ArrangeByKey
[0, 540]             7            0.229            Join
[0, 541]             4            0.099            ArrangeByKey
[0, 542]             6            0.266            Join
[0, 543]             3            0.011            FlatMap
[0, 544]             3            0.026            FlatMap
[0, 545]             4            0.036            ArrangeBySelf
[0, 546]             3            0.533            FlatMap
[0, 547]             5            3.106            ArrangeByKey
[0, 548]             3            0.230            FlatMap
[0, 549]             5            0.713            ArrangeByKey
[0, 550]             6            0.175            Join
[0, 551]             20           0.048            ArrangeByKey
[0, 552]             6            0.152            Join
[0, 553]             4            0.045            ArrangeByKey
[0, 554]             6            0.136            Join
[0, 555]             3            0.571            FlatMap
[0, 556]             5            2.975            ArrangeByKey
[0, 557]             3            0.113            FlatMap
[0, 558]             5            0.146            ArrangeByKey
[0, 559]             6            0.251            Join
[0, 560]             3            0.138            FlatMap
[0, 561]             5            0.300            ArrangeByKey
[0, 562]             6            0.343            Join
[0, 563]             4            0.174            ArrangeByKey
[0, 564]             3            0.330            FlatMap
[0, 565]             5            1.281            ArrangeByKey
[0, 566]             6            0.361            Join
[0, 567]             3            0.285            FlatMap
[0, 568]             5            1.362            ArrangeByKey
[0, 569]             6            1.421            Join
[0, 570]             4            0.816            ArrangeByKey
[0, 571]             3            0.233            FlatMap
[0, 572]             5            0.825            ArrangeByKey
[0, 573]             6            1.124            Join
[0, 574]             3            0.117            FlatMap
[0, 575]             5            0.118            ArrangeByKey
[0, 576]             6            0.175            Join
[0, 577]             4            0.056            ArrangeByKey
[0, 578]             6            0.177            Join
[0, 579]             4            0.059            ArrangeByKey
[0, 580]             3            0.093            FlatMap
[0, 581]             5            0.110            ArrangeByKey
[0, 582]             7            0.177            Join
[0, 583]             3            0.095            FlatMap
[0, 584]             5            0.136            ArrangeByKey
[0, 585]             6            0.199            Join
[0, 586]             4            0.077            ArrangeByKey
[0, 587]             3            0.095            FlatMap
[0, 588]             5            0.129            ArrangeByKey
[0, 589]             6            0.208            Join
[0, 590]             3            0.070            FlatMap
[0, 591]             5            0.076            ArrangeByKey
[0, 592]             6            0.102            Join
[0, 593]             4            0.026            ArrangeByKey
[0, 594]             3            0.072            FlatMap
[0, 595]             5            0.078            ArrangeByKey
[0, 596]             6            0.081            Join
[0, 597]             3            0.072            FlatMap
[0, 598]             5            0.066            ArrangeByKey
[0, 599]             6            0.078            Join
[0, 600]             4            0.017            ArrangeByKey
[0, 601]             3            0.199            FlatMap
[0, 602]             5            0.532            ArrangeByKey
[0, 603]             6            0.075            Join
[0, 604]             6            0.686            Join
[0, 605]             5            0.316            ArrangeByKey
[0, 606]             3            0.082            FlatMap
[0, 607]             5            0.104            ArrangeByKey
[0, 608]             6            0.157            Join
[0, 609]             3            0.090            FlatMap
[0, 610]             5            0.114            ArrangeByKey
[0, 611]             6            0.229            Join
[0, 612]             5            0.056            ArrangeByKey
[0, 613]             3            0.108            FlatMap
[0, 614]             5            0.123            ArrangeByKey
[0, 615]             6            0.178            Join
[0, 616]             4            0.066            ArrangeByKey
[0, 617]             7            0.188            Join
[0, 618]             3            0.110            FlatMap
[0, 619]             5            0.281            ArrangeByKey
[0, 620]             7            0.460            Join
[0, 621]             17           0.179            ArrangeByKey
[0, 622]             6            0.433            Join
[0, 623]             5            0.180            ArrangeByKey
[0, 624]             3            0.127            FlatMap
[0, 625]             5            0.292            ArrangeByKey
[0, 626]             7            0.400            Join
[0, 627]             3            0.144            FlatMap
[0, 628]             5            0.314            Arrange: Threshold
[0, 629]             4            0.532            Threshold
[0, 630]             3            0.038            AsCollection
[0, 631]             3            0.104            FlatMap
[0, 632]             5            0.121            Arrange: Threshold
[0, 633]             4            0.206            Threshold
[0, 634]             3            0.013            AsCollection
[0, 635]             1            0.001            Concatenate
[0, 636]             1            0.001            Concatenate
[0, 637]             1            0.001            Concatenate
[0, 638]             3            0.005            Concatenate
[0, 639]             3            0.005            Concatenate
[0, 640]             3            0.004            Concatenate
[0, 641]             3            0.037            FlatMap
[0, 642]             12           0.026            Arrange: Threshold
[0, 643]             4            0.035            Threshold
[0, 644]             3            0.005            AsCollection
[0, 645]             3            0.072            FlatMap
[0, 646]             6            0.064            Arrange: Threshold
[0, 647]             4            0.069            Threshold
[0, 648]             3            0.008            AsCollection
[0, 649]             3            0.146            FlatMap
[0, 650]             7            0.416            Arrange: Threshold
[0, 651]             4            0.849            Threshold
[0, 652]             3            0.055            AsCollection
[0, 653]             3            0.172            FlatMap
[0, 654]             8            0.399            Arrange: Threshold
[0, 655]             4            0.623            Threshold
[0, 656]             3            0.060            AsCollection
[0, 657]             3            0.099            FlatMap
[0, 658]             6            0.167            Arrange: Threshold
[0, 659]             4            0.289            Threshold
[0, 660]             3            0.019            AsCollection
[0, 661]             3            0.115            FlatMap
[0, 662]             8            0.157            Arrange: Threshold
[0, 663]             4            0.216            Threshold
[0, 664]             3            0.016            AsCollection
[0, 665]             3            0.138            FlatMap
[0, 666]             5            0.268            Arrange: Threshold
[0, 667]             4            0.459            Threshold
[0, 668]             3            0.058            AsCollection
[0, 669]             3            0.102            FlatMap
[0, 670]             5            0.163            Arrange: Threshold
[0, 671]             4            0.304            Threshold
[0, 672]             3            0.023            AsCollection
[0, 673]             3            0.122            FlatMap
[0, 674]             8            0.153            Arrange: Threshold
[0, 675]             4            0.212            Threshold
[0, 676]             3            0.014            AsCollection
[0, 677]             1            0.002            FlatMap
[0, 678]             2            0.006            Arrange: Threshold
[0, 679]             2            0.048            Threshold
[0, 680]             1            0.002            AsCollection
[0, 681]             3            0.032            FlatMap
[0, 682]             5            0.036            Arrange: Threshold
[0, 683]             4            0.085            Threshold
[0, 684]             3            0.007            AsCollection
[0, 685]             3            0.162            FlatMap
[0, 686]             10           0.423            Arrange: Threshold
[0, 687]             4            0.855            Threshold
[0, 688]             3            0.053            AsCollection
[0, 689]             3            0.222            FlatMap
[0, 690]             7            0.935            Arrange: Threshold
[0, 691]             4            1.502            Threshold
[0, 692]             3            0.096            AsCollection
[0, 693]             3            0.104            FlatMap
[0, 694]             8            0.122            Arrange: Threshold
[0, 695]             4            0.180            Threshold
[0, 696]             3            0.013            AsCollection
[0, 697]             3            0.081            FlatMap
[0, 698]             8            0.087            Arrange: Threshold
[0, 699]             4            0.110            Threshold
[0, 700]             3            0.010            AsCollection
[0, 701]             3            0.077            FlatMap
[0, 702]             5            0.062            ArrangeByKey
[0, 703]             3            0.152            FlatMap
[0, 704]             5            0.056            ArrangeByKey
[0, 705]             328          9.115            Iterative
[0, 705, 1]          3            0.007            FlatMap
[0, 705, 2]          3            0.006            FlatMap
[0, 705, 3]          3            0.006            Enter
[0, 705, 4]          23           0.029            Feedback
[0, 705, 5]          23           0.532            FlatMap
[0, 705, 6]          67           0.320            ArrangeByKey
[0, 705, 7]          30           0.166            Join
[0, 705, 8]          30           0.214            Join
[0, 705, 9]          11           0.019            Concatenate
[0, 705, 10]         13           0.019            Concatenate
[0, 705, 11]         13           0.301            FlatMap
[0, 705, 12]         53           0.227            Arrange: Threshold
[0, 705, 13]         32           0.343            Threshold
[0, 705, 14]         23           0.042            AsCollection
[0, 705, 15]         23           0.020            ResultsIn
[0, 706]             31           0.038            Leave
[0, 707]             1            0.001            FlatMap
[0, 708]             1            0.001            FlatMap
[0, 709]             1            0.001            FlatMap
[0, 710]             2            0.005            ArrangeBySelf
[0, 711]             3            0.118            FlatMap
[0, 712]             5            0.222            ArrangeByKey
[0, 713]             5            0.025            Join
[0, 714]             3            0.011            FlatMap
[0, 715]             3            0.006            FlatMap
[0, 716]             3            0.033            FlatMap
[0, 717]             9            0.017            ArrangeBySelf
[0, 718]             23           0.488            FlatMap
[0, 719]             44           0.209            ArrangeByKey
[0, 720]             7            0.037            Join
[0, 721]             3            0.006            FlatMap
[0, 722]             3            0.031            FlatMap
[0, 723]             9            0.020            ArrangeBySelf
[0, 724]             7            0.064            Join
[0, 725]             3            0.016            FlatMap
[0, 726]             1            0.001            FlatMap
[0, 727]             3            0.005            Arrange: Threshold
[0, 728]             2            0.007            Threshold
[0, 729]             1            0.001            AsCollection
[0, 730]             3            0.048            FlatMap
[0, 731]             4            0.018            Arrange: Threshold
[0, 732]             4            0.025            Threshold
[0, 733]             3            0.006            AsCollection
[0, 734]             3            0.007            Concatenate
[0, 735]             5            0.008            Concatenate
[0, 736]             5            0.148            FlatMap
[0, 737]             14           0.072            Arrange: Threshold
[0, 738]             4            0.096            Threshold
[0, 739]             3            0.006            AsCollection
[0, 740]             1            0.001            FlatMap
[0, 741]             2            0.005            Arrange: Threshold
[0, 742]             2            0.007            Threshold
[0, 743]             1            0.001            AsCollection
[0, 744]             3            0.073            FlatMap
[0, 745]             4            0.124            Arrange: Threshold
[0, 746]             4            0.424            Threshold
[0, 747]             3            0.026            AsCollection
[0, 748]             3            0.048            FlatMap
[0, 749]             5            0.053            ArrangeByKey
[0, 750]             467          5.897            Iterative
[0, 750, 1]          3            0.005            Enter
[0, 750, 2]          3            0.005            FlatMap
[0, 750, 3]          19           0.026            Feedback
[0, 750, 4]          19           0.382            FlatMap
[0, 750, 5]          63           0.119            ArrangeByKey
[0, 750, 6]          20           0.155            Join
[0, 750, 7]          7            0.012            Concatenate
[0, 750, 8]          7            0.138            FlatMap
[0, 750, 9]          65           0.191            Arrange: Threshold
[0, 750, 10]         28           0.307            Threshold
[0, 750, 11]         19           0.043            AsCollection
[0, 750, 12]         19           0.019            ResultsIn
[0, 751]             37           0.032            Leave
[0, 752]             19           0.028            FlatMap
[0, 753]             21           0.021            Concatenate
[0, 754]             21           0.354            FlatMap
[0, 755]             63           0.158            Arrange: Threshold
[0, 756]             4            0.171            Threshold
[0, 757]             3            0.031            AsCollection
[0, 758]             19           0.355            FlatMap
[0, 759]             45           0.102            Arrange: Threshold
[0, 760]             4            0.105            Threshold
[0, 761]             3            0.008            AsCollection
[0, 762]             3            0.016            FlatMap
[0, 763]             3            0.135            FlatMap
[0, 764]             5            0.236            ArrangeBySelf
[0, 765]             3            0.067            FlatMap
[0, 766]             5            0.045            ArrangeByKey
[0, 767]             3            0.101            FlatMap
[0, 768]             5            0.059            ArrangeByKey
[0, 769]             1162         44.778           Iterative
[0, 769, 1]          3            0.005            FlatMap
[0, 769, 2]          3            0.033            Enter
[0, 769, 3]          3            0.007            FlatMap
[0, 769, 4]          3            0.005            FlatMap
[0, 769, 5]          23           0.036            Feedback
[0, 769, 6]          23           1.107            FlatMap
[0, 769, 7]          67           1.652            ArrangeByKey
[0, 769, 8]          37           0.681            Join
[0, 769, 9]          57           1.326            ArrangeByKey
[0, 769, 10]         23           0.245            AsCollection
[0, 769, 11]         23           1.173            FlatMap
[0, 769, 12]         45           1.346            Arrange: Threshold
[0, 769, 13]         32           3.357            Threshold
[0, 769, 14]         21           0.142            AsCollection
[0, 769, 15]         35           1.248            Join
[0, 769, 16]         15           0.253            FlatMap
[0, 769, 17]         39           0.176            Arrange: Threshold
[0, 769, 18]         23           0.243            Threshold
[0, 769, 19]         11           0.021            AsCollection
[0, 769, 20]         11           0.022            FlatMap
[0, 769, 21]         25           0.033            Concatenate
[0, 769, 22]         25           0.121            FlatMap
[0, 769, 23]         25           0.993            FlatMap
[0, 769, 24]         69           1.351            Arrange: Threshold
[0, 769, 25]         30           3.139            Threshold
[0, 769, 26]         21           0.135            AsCollection
[0, 769, 27]         37           0.844            Join
[0, 769, 28]         27           0.136            ArrangeByKey
[0, 769, 29]         9            0.014            AsCollection
[0, 769, 30]         9            0.151            FlatMap
[0, 769, 31]         32           0.115            Arrange: Threshold
[0, 769, 32]         19           0.167            Threshold
[0, 769, 33]         7            0.012            AsCollection
[0, 769, 34]         24           0.124            Join
[0, 769, 35]         5            0.090            FlatMap
[0, 769, 36]         24           0.060            Arrange: Threshold
[0, 769, 37]         19           0.110            Threshold
[0, 769, 38]         7            0.008            AsCollection
[0, 769, 39]         7            0.015            FlatMap
[0, 769, 40]         7            0.011            Concatenate
[0, 769, 41]         7            0.012            FlatMap
[0, 769, 42]         7            0.138            FlatMap
[0, 769, 43]         25           0.126            Arrange: Threshold
[0, 769, 44]         22           0.157            Threshold
[0, 769, 45]         9            0.012            AsCollection
[0, 769, 46]         25           0.032            Concatenate
[0, 769, 47]         27           0.030            Concatenate
[0, 769, 48]         27           0.588            FlatMap
[0, 769, 49]         101          0.852            Arrange: Threshold
[0, 769, 50]         30           4.548            Threshold
[0, 769, 51]         23           0.223            AsCollection
[0, 769, 52]         23           0.035            ResultsIn
[0, 770]             38           0.114            Leave
[0, 771]             3            0.006            FlatMap
[0, 772]             3            0.019            FlatMap
[0, 773]             10           0.033            ArrangeBySelf
[0, 774]             3            0.040            FlatMap
[0, 775]             5            0.020            ArrangeByKey
[0, 776]             7            0.076            Join
[0, 777]             6            0.014            ArrangeByKey
[0, 778]             3            0.033            FlatMap
[0, 779]             5            0.022            ArrangeByKey
[0, 780]             7            0.057            Join
[0, 781]             6            0.019            ArrangeByKey
[0, 782]             211          5.663            Iterative
[0, 782, 1]          3            0.007            FlatMap
[0, 782, 2]          3            0.007            FlatMap
[0, 782, 3]          3            0.007            Enter
[0, 782, 4]          3            0.005            FlatMap
[0, 782, 5]          7            0.009            Feedback
[0, 782, 6]          7            0.162            FlatMap
[0, 782, 7]          15           0.186            ArrangeByKey
[0, 782, 8]          12           0.365            Join
[0, 782, 9]          14           0.135            ArrangeByKey
[0, 782, 10]         12           0.234            Join
[0, 782, 11]         18           0.150            ArrangeByKey
[0, 782, 12]         12           0.096            Join
[0, 782, 13]         11           0.046            ArrangeByKey
[0, 782, 14]         9            0.051            Join
[0, 782, 15]         5            0.007            Concatenate
[0, 782, 16]         5            0.063            FlatMap
[0, 782, 17]         19           0.084            Arrange: Threshold
[0, 782, 18]         10           0.223            Threshold
[0, 782, 19]         7            0.034            AsCollection
[0, 782, 20]         7            0.009            ResultsIn
[0, 783]             7            0.014            Leave
[0, 784]             7            0.018            FlatMap
[0, 785]             7            0.017            FlatMap
[0, 786]             7            0.134            FlatMap
[0, 787]             13           0.091            Arrange: Threshold
[0, 788]             4            0.216            Threshold
[0, 789]             3            0.017            AsCollection
[0, 790]             7            0.091            FlatMap
[0, 791]             13           0.078            Arrange: Threshold
[0, 792]             4            0.191            Threshold
[0, 793]             3            0.014            AsCollection
[0, 794]             3            0.068            FlatMap
[0, 795]             5            0.058            ArrangeByKey
[0, 796]             3            0.044            FlatMap
[0, 797]             5            0.043            ArrangeByKey
[0, 798]             3            0.114            FlatMap
[0, 799]             7            0.094            ArrangeByKey
[0, 800]             3            0.172            FlatMap
[0, 801]             5            0.241            ArrangeByKey
[0, 802]             3            0.031            FlatMap
[0, 803]             4            0.022            ArrangeByKey
[0, 804]             3            0.010            FlatMap
[0, 805]             3            0.029            FlatMap
[0, 806]             5            0.050            ArrangeBySelf
[0, 807]             3            0.103            FlatMap
[0, 808]             7            0.114            ArrangeByKey
[0, 809]             3            0.632            FlatMap
[0, 810]             5            2.595            ArrangeByKey
[0, 811]             3            0.238            FlatMap
[0, 812]             7            0.942            ArrangeByKey
[0, 813]             3            0.182            FlatMap
[0, 814]             6            0.363            ArrangeByKey
[0, 815]             3            0.545            FlatMap
[0, 816]             5            2.846            ArrangeByKey
[0, 817]             3            0.102            FlatMap
[0, 818]             6            0.194            ArrangeByKey
[0, 819]             3            0.267            FlatMap
[0, 820]             6            0.708            ArrangeByKey
[0, 821]             3            0.102            FlatMap
[0, 822]             7            0.236            ArrangeByKey
[0, 823]             3            0.215            FlatMap
[0, 824]             6            0.492            ArrangeByKey
[0, 825]             3            0.166            FlatMap
[0, 826]             6            0.466            ArrangeByKey
[0, 827]             3            0.140            FlatMap
[0, 828]             7            0.434            ArrangeByKey
[0, 829]             23           1.132            FlatMap
[0, 830]             52           1.737            ArrangeByKey
[0, 831]             3            0.161            FlatMap
[0, 832]             5            0.356            ArrangeByKey
[0, 833]             3            0.401            FlatMap
[0, 834]             5            0.801            ArrangeByKey
[0, 835]             3            0.102            FlatMap
[0, 836]             7            0.152            ArrangeByKey
[0, 837]             3            0.091            FlatMap
[0, 838]             5            0.097            ArrangeByKey
[0, 839]             3            0.171            FlatMap
[0, 840]             5            0.092            ArrangeByKey
[0, 841]             3            0.015            FlatMap
[0, 842]             3            0.083            FlatMap
[0, 843]             7            0.172            ArrangeBySelf
[0, 844]             3            0.136            FlatMap
[0, 845]             9            0.177            ArrangeByKey
[0, 846]             3            0.163            FlatMap
[0, 847]             5            0.474            ArrangeByKey
[0, 848]             3            0.106            FlatMap
[0, 849]             7            0.155            ArrangeByKey
[0, 850]             3            0.132            FlatMap
[0, 851]             7            0.244            ArrangeByKey
[0, 852]             3            0.082            FlatMap
[0, 853]             5            0.077            ArrangeByKey
[0, 854]             3            0.085            FlatMap
[0, 855]             6            0.108            ArrangeByKey
[0, 856]             3            0.096            FlatMap
[0, 857]             6            0.128            ArrangeByKey
[0, 858]             3            0.101            FlatMap
[0, 859]             8            0.129            ArrangeByKey
[0, 860]             3            0.090            FlatMap
[0, 861]             12           0.068            ArrangeByKey
[0, 862]             3            0.067            FlatMap
[0, 863]             12           0.062            ArrangeByKey
[0, 864]             3            0.128            FlatMap
[0, 865]             8            0.241            ArrangeByKey
[0, 866]             3            0.110            FlatMap
[0, 867]             8            0.147            ArrangeByKey
[0, 868]             3            0.011            FlatMap
[0, 869]             3            0.031            FlatMap
[0, 870]             6            0.039            ArrangeBySelf
[0, 871]             3            0.228            FlatMap
[0, 872]             6            0.676            ArrangeByKey
[0, 873]             7            0.162            Join
[0, 874]             8            0.062            ArrangeByKey
[0, 875]             3            0.127            FlatMap
[0, 876]             6            0.208            ArrangeByKey
[0, 877]             259955       7556.315         Iterative
[0, 877, 1]          3            0.006            FlatMap
[0, 877, 2]          3            0.007            FlatMap
[0, 877, 3]          3            0.006            FlatMap
[0, 877, 4]          3            0.006            FlatMap
[0, 877, 5]          3            0.009            FlatMap
[0, 877, 6]          1            0.001            Enter
[0, 877, 7]          3            0.004            FlatMap
[0, 877, 8]          3            0.006            FlatMap
[0, 877, 9]          3            0.006            FlatMap
[0, 877, 10]         3            0.005            FlatMap
[0, 877, 11]         3            0.008            FlatMap
[0, 877, 12]         3            0.005            FlatMap
[0, 877, 13]         3            0.007            FlatMap
[0, 877, 14]         3            0.009            FlatMap
[0, 877, 15]         3            0.005            FlatMap
[0, 877, 16]         3            0.005            FlatMap
[0, 877, 17]         3            0.005            FlatMap
[0, 877, 18]         3            0.006            FlatMap
[0, 877, 19]         3            0.005            FlatMap
[0, 877, 20]         3            0.007            FlatMap
[0, 877, 21]         3            0.009            FlatMap
[0, 877, 22]         3            0.003            FlatMap
[0, 877, 23]         3            0.012            FlatMap
[0, 877, 24]         3            0.004            FlatMap
[0, 877, 25]         3            0.006            FlatMap
[0, 877, 26]         3            0.007            FlatMap
[0, 877, 27]         3            0.005            FlatMap
[0, 877, 28]         1            0.001            Enter
[0, 877, 29]         3            0.006            FlatMap
[0, 877, 30]         3            0.005            FlatMap
[0, 877, 31]         3            0.006            FlatMap
[0, 877, 32]         3            0.005            FlatMap
[0, 877, 33]         3            0.013            FlatMap
[0, 877, 34]         3            0.006            FlatMap
[0, 877, 35]         3            0.005            FlatMap
[0, 877, 36]         3            0.006            FlatMap
[0, 877, 37]         3            0.004            FlatMap
[0, 877, 38]         3            0.010            FlatMap
[0, 877, 39]         3            0.008            FlatMap
[0, 877, 40]         3            0.005            FlatMap
[0, 877, 41]         3            0.004            FlatMap
[0, 877, 42]         199          0.469            Feedback
[0, 877, 43]         419          0.863            Feedback
[0, 877, 44]         213          0.344            Feedback
[0, 877, 45]         309          0.459            Feedback
[0, 877, 46]         337          0.452            Feedback
[0, 877, 47]         445          6.340            Feedback
[0, 877, 48]         353          0.484            Feedback
[0, 877, 49]         73           0.116            Feedback
[0, 877, 50]         73           0.164            FlatMap
[0, 877, 51]         73           1.269            FlatMap
[0, 877, 52]         1111         1.502            ArrangeBySelf
[0, 877, 53]         319          1.592            Join
[0, 877, 54]         319          1.080            Join
[0, 877, 55]         199          0.467            FlatMap
[0, 877, 56]         199          4.471            FlatMap
[0, 877, 57]         1152         2.554            ArrangeBySelf
[0, 877, 58]         450          2.766            Join
[0, 877, 59]         539          1.458            ArrangeByKey
[0, 877, 60]         445          37.271           FlatMap
[0, 877, 61]         3704         101.661          ArrangeByKey
[0, 877, 62]         903          5.092            Join
[0, 877, 63]         515          1.588            ArrangeByKey
[0, 877, 64]         941          18.742           Join
[0, 877, 65]         1078         9.334            ArrangeByKey
[0, 877, 66]         549          17.266           Join
[0, 877, 67]         1183         8.886            ArrangeByKey
[0, 877, 68]         596          13.114           Join
[0, 877, 69]         1268         1.753            ArrangeByKey
[0, 877, 70]         315          3.126            Join
[0, 877, 71]         1094         3.164            ArrangeByKey
[0, 877, 72]         530          5.323            Join
[0, 877, 73]         450          2.499            Join
[0, 877, 74]         635          1.185            ArrangeByKey
[0, 877, 75]         939          4.430            Join
[0, 877, 76]         511          1.225            ArrangeByKey
[0, 877, 77]         353          9.499            FlatMap
[0, 877, 78]         1891         8.294            ArrangeByKey
[0, 877, 79]         896          25.885           Join
[0, 877, 80]         1542         7.883            ArrangeByKey
[0, 877, 81]         572          21.995           Join
[0, 877, 82]         1477         30.341           ArrangeByKey
[0, 877, 83]         588          47.245           Join
[0, 877, 84]         1303         1.480            ArrangeByKey
[0, 877, 85]         296          2.250            Join
[0, 877, 86]         786          1.370            ArrangeByKey
[0, 877, 87]         254          1.960            Join
[0, 877, 88]         450          5.549            Join
[0, 877, 89]         1408         2.290            ArrangeByKey
[0, 877, 90]         1024         17.865           Join
[0, 877, 91]         450          4.158            Join
[0, 877, 92]         1099         1.946            ArrangeByKey
[0, 877, 93]         986          16.311           Join
[0, 877, 94]         809          6.028            ArrangeByKey
[0, 877, 95]         419          23.460           FlatMap
[0, 877, 96]         2928         41.965           ArrangeByKey
[0, 877, 97]         1187         85.759           Join
[0, 877, 98]         450          2.374            Join
[0, 877, 99]         197          5.418            FlatMap
[0, 877, 100]        1553         4.342            ArrangeBySelf
[0, 877, 101]        567          6.449            Join
[0, 877, 102]        903          1.608            ArrangeByKey
[0, 877, 103]        567          8.745            Join
[0, 877, 104]        1005         1.521            ArrangeByKey
[0, 877, 105]        1042         8.788            Join
[0, 877, 106]        731          1.848            ArrangeByKey
[0, 877, 107]        986          11.605           Join
[0, 877, 108]        956          2.688            ArrangeByKey
[0, 877, 109]        522          4.712            Join
[0, 877, 110]        567          9.613            Join
[0, 877, 111]        1066         1.749            ArrangeByKey
[0, 877, 112]        567          7.759            Join
[0, 877, 113]        984          1.278            ArrangeByKey
[0, 877, 114]        567          7.969            Join
[0, 877, 115]        994          1.265            ArrangeByKey
[0, 877, 116]        1062         36.883           Join
[0, 877, 117]        972          25.099           ArrangeByKey
[0, 877, 118]        594          29.316           Join
[0, 877, 119]        1238         13.292           ArrangeByKey
[0, 877, 120]        1149         18.065           Join
[0, 877, 121]        1779         3.191            ArrangeByKey
[0, 877, 122]        1150         20.330           Join
[0, 877, 123]        1655         8.462            ArrangeByKey
[0, 877, 124]        623          11.056           Join
[0, 877, 125]        309          8.655            FlatMap
[0, 877, 126]        1453         2.860            ArrangeByKey
[0, 877, 127]        541          7.637            Join
[0, 877, 128]        1658         2.899            ArrangeByKey
[0, 877, 129]        540          4.914            Join
[0, 877, 130]        337          8.385            FlatMap
[0, 877, 131]        2066         4.340            ArrangeByKey
[0, 877, 132]        1245         66.173           Join
[0, 877, 133]        450          2.590            Join
[0, 877, 134]        842          1.177            ArrangeByKey
[0, 877, 135]        283          2.550            Join
[0, 877, 136]        747          2.105            ArrangeByKey
[0, 877, 137]        471          8.979            Join
[0, 877, 138]        2205         23.517           ArrangeByKey
[0, 877, 139]        445          5.717            FlatMap
[0, 877, 140]        445          18.156           FlatMap
[0, 877, 141]        3166         37.227           ArrangeBySelf
[0, 877, 142]        1192         393.271          Join
[0, 877, 143]        594          64.188           Join
[0, 877, 144]        1663         30.962           ArrangeByKey
[0, 877, 145]        1146         51.884           Join
[0, 877, 146]        2584         15.438           ArrangeByKey
[0, 877, 147]        1152         71.603           Join
[0, 877, 148]        2478         11.024           ArrangeByKey
[0, 877, 149]        624          23.145           Join
[0, 877, 150]        1648         7.396            ArrangeByKey
[0, 877, 151]        597          9.814            Join
[0, 877, 152]        445          7.332            FlatMap
[0, 877, 153]        445          33.564           FlatMap
[0, 877, 154]        4631         30.752           ArrangeBySelf
[0, 877, 155]        567          9.563            Join
[0, 877, 156]        1571         2.219            ArrangeByKey
[0, 877, 157]        1021         9.618            Join
[0, 877, 158]        279          4.433            FlatMap
[0, 877, 159]        1440         2.359            ArrangeBySelf
[0, 877, 160]        509          7.775            Join
[0, 877, 161]        1236         2.395            ArrangeByKey
[0, 877, 162]        860          3.851            Join
[0, 877, 163]        541          8.314            Join
[0, 877, 164]        2001         2.393            ArrangeByKey
[0, 877, 165]        530          3.879            Join
[0, 877, 166]        450          3.381            Join
[0, 877, 167]        1050         1.681            ArrangeByKey
[0, 877, 168]        980          8.807            Join
[0, 877, 169]        1119         4.268            ArrangeByKey
[0, 877, 170]        1193         107.650          Join
[0, 877, 171]        1150         10.898           Join
[0, 877, 172]        407          13.137           FlatMap
[0, 877, 173]        2725         8.626            ArrangeBySelf
[0, 877, 174]        628          7.349            Join
[0, 877, 175]        450          1.734            Join
[0, 877, 176]        107          1.784            FlatMap
[0, 877, 177]        1168         1.652            ArrangeBySelf
[0, 877, 178]        450          2.391            Join
[0, 877, 179]        319          1.510            Join
[0, 877, 180]        450          1.600            Join
[0, 877, 181]        41           0.714            FlatMap
[0, 877, 182]        770          1.250            ArrangeBySelf
[0, 877, 183]        341          1.740            Join
[0, 877, 184]        450          2.258            Join
[0, 877, 185]        775          1.223            ArrangeByKey
[0, 877, 186]        213          4.074            FlatMap
[0, 877, 187]        1445         1.346            ArrangeByKey
[0, 877, 188]        635          3.179            Join
[0, 877, 189]        860          4.503            Join
[0, 877, 190]        450          1.652            Join
[0, 877, 191]        525          1.076            ArrangeByKey
[0, 877, 192]        925          101.910          Join
[0, 877, 193]        450          1.540            Join
[0, 877, 194]        19           0.243            FlatMap
[0, 877, 195]        533          1.054            ArrangeBySelf
[0, 877, 196]        309          1.374            Join
[0, 877, 197]        199          0.415            FlatMap
[0, 877, 198]        199          3.984            FlatMap
[0, 877, 199]        1250         1.544            ArrangeBySelf
[0, 877, 200]        450          2.514            Join
[0, 877, 201]        450          1.558            Join
[0, 877, 202]        450          1.076            Join
[0, 877, 203]        450          7.064            Join
[0, 877, 204]        1851         3.997            ArrangeByKey
[0, 877, 205]        567          4.667            Join
[0, 877, 206]        153          2.124            FlatMap
[0, 877, 207]        1103         1.337            ArrangeBySelf
[0, 877, 208]        402          2.308            Join
[0, 877, 209]        153          2.013            FlatMap
[0, 877, 210]        1062         1.317            ArrangeBySelf
[0, 877, 211]        344          2.082            Join
[0, 877, 212]        397          0.642            Concatenate
[0, 877, 213]        681          0.780            Concatenate
[0, 877, 214]        765          0.691            Concatenate
[0, 877, 215]        765          0.664            Concatenate
[0, 877, 216]        765          19.802           FlatMap
[0, 877, 217]        3689         7.053            Arrange: Threshold
[0, 877, 218]        599          7.471            Threshold
[0, 877, 219]        363          0.525            AsCollection
[0, 877, 220]        409          0.583            Concatenate
[0, 877, 221]        409          8.347            FlatMap
[0, 877, 222]        2383         4.151            Arrange: Threshold
[0, 877, 223]        573          6.936            Threshold
[0, 877, 224]        337          0.781            AsCollection
[0, 877, 225]        145          2.139            FlatMap
[0, 877, 226]        1119         1.759            Arrange: Threshold
[0, 877, 227]        443          3.650            Threshold
[0, 877, 228]        213          0.481            AsCollection
[0, 877, 229]        671          0.815            Concatenate
[0, 877, 230]        755          0.619            Concatenate
[0, 877, 231]        755          22.144           FlatMap
[0, 877, 232]        3714         11.653           Arrange: Threshold
[0, 877, 233]        665          19.763           Threshold
[0, 877, 234]        437          0.711            AsCollection
[0, 877, 235]        568          132.646          FlatMap
[0, 877, 236]        3186         40.301           Arrange: Threshold
[0, 877, 237]        655          284.774          Threshold
[0, 877, 238]        423          7.690            AsCollection
[0, 877, 239]        265          0.399            Concatenate
[0, 877, 240]        267          0.345            Concatenate
[0, 877, 241]        316          0.379            Concatenate
[0, 877, 242]        329          0.368            Concatenate
[0, 877, 243]        421          0.451            Concatenate
[0, 877, 244]        421          0.397            Concatenate
[0, 877, 245]        421          6.079            FlatMap
[0, 877, 246]        3548         2.229            Arrange: Threshold
[0, 877, 247]        447          3.108            Threshold
[0, 877, 248]        205          0.286            AsCollection
[0, 877, 249]        203          5.723            FlatMap
[0, 877, 250]        1588         4.569            Arrange: Threshold
[0, 877, 251]        599          13.110           Threshold
[0, 877, 252]        369          0.992            AsCollection
[0, 877, 253]        476          0.805            Concatenate
[0, 877, 254]        1144         1.452            Concatenate
[0, 877, 255]        1395         1.406            Concatenate
[0, 877, 256]        1576         1.878            Concatenate
[0, 877, 257]        1831         1.807            Concatenate
[0, 877, 258]        2171         1.824            Concatenate
[0, 877, 259]        2207         1.741            Concatenate
[0, 877, 260]        2306         1.665            Concatenate
[0, 877, 261]        2306         134.529          FlatMap
[0, 877, 262]        15909        269.290          Arrange: Threshold
[0, 877, 263]        674          1306.741         Threshold
[0, 877, 264]        459          12.840           AsCollection
[0, 877, 265]        199          0.249            ResultsIn
[0, 877, 266]        419          2.283            ResultsIn
[0, 877, 267]        353          0.429            ResultsIn
[0, 877, 268]        73           0.113            ResultsIn
[0, 877, 269]        213          0.299            ResultsIn
[0, 877, 270]        445          1.744            ResultsIn
[0, 877, 271]        309          0.356            ResultsIn
[0, 877, 272]        337          0.389            ResultsIn
[0, 878]             663          0.525            Leave
[0, 879]             1591         1.790            Leave
[0, 880]             799          0.583            Leave
[0, 881]             756          0.574            Leave
[0, 882]             1190         0.679            Leave
[0, 883]             2205         3.114            Leave
[0, 884]             1070         0.638            Leave
[0, 885]             647          0.355            Leave
[0, 886]             23           0.449            FlatMap
[0, 887]             55           1.126            Arrange: Threshold
[0, 888]             4            2.126            Threshold
[0, 889]             3            0.114            AsCollection
[0, 890]             3            0.053            FlatMap
[0, 891]             3            0.049            FlatMap
[0, 892]             3            0.100            FlatMap
[0, 893]             8            0.008            Consolidate
[0, 894]             1            0.001            AsCollection
[0, 895]             2            0.002            InspectBatch
[0, 896]             2            0.002            Probe
[0, 897]             3            0.069            FlatMap
[0, 898]             4            0.100            Arrange: Threshold
[0, 899]             4            0.418            Threshold
[0, 900]             3            0.027            AsCollection
[0, 901]             3            0.017            FlatMap
[0, 902]             3            0.013            FlatMap
[0, 903]             3            0.039            FlatMap
[0, 904]             5            0.011            Consolidate
[0, 905]             1            0.001            AsCollection
[0, 906]             2            0.003            InspectBatch
[0, 907]             2            0.002            Probe
[0, 908]             3            0.017            FlatMap
[0, 909]             6            0.027            Arrange: Threshold
[0, 910]             4            0.055            Threshold
[0, 911]             3            0.006            AsCollection
[0, 912]             3            0.006            FlatMap
[0, 913]             3            0.005            FlatMap
[0, 914]             3            0.035            FlatMap
[0, 915]             17           0.016            Consolidate
[0, 916]             1            0.001            AsCollection
[0, 917]             2            0.003            InspectBatch
[0, 918]             2            0.002            Probe
[0, 919]             19           0.257            FlatMap
[0, 920]             49           0.064            Arrange: Threshold
[0, 921]             4            0.082            Threshold
[0, 922]             3            0.007            AsCollection
[0, 923]             3            0.007            FlatMap
[0, 924]             3            0.008            FlatMap
[0, 925]             3            0.020            FlatMap
[0, 926]             4            0.008            Consolidate
[0, 927]             1            0.001            AsCollection
[0, 928]             2            0.003            InspectBatch
[0, 929]             2            0.002            Probe
[0, 930]             3            0.027            FlatMap
[0, 931]             4            0.019            Arrange: Threshold
[0, 932]             4            0.085            Threshold
[0, 933]             3            0.016            AsCollection
[0, 934]             3            0.004            FlatMap
[0, 935]             3            0.004            FlatMap
[0, 936]             3            0.020            FlatMap
[0, 937]             4            0.005            Consolidate
[0, 938]             1            0.001            AsCollection
[0, 939]             2            0.002            InspectBatch
[0, 940]             2            0.001            Probe
[0, 941]             23           0.296            FlatMap
[0, 942]             51           0.072            Arrange: Threshold
[0, 943]             4            0.102            Threshold
[0, 944]             3            0.008            AsCollection
[0, 945]             3            0.006            FlatMap
[0, 946]             3            0.006            FlatMap
[0, 947]             3            0.041            FlatMap
[0, 948]             6            0.009            Consolidate
[0, 949]             1            0.001            AsCollection
[0, 950]             2            0.003            InspectBatch
[0, 951]             2            0.002            Probe
[0, 952]             7            0.098            FlatMap
[0, 953]             13           0.065            Arrange: Threshold
[0, 954]             4            0.205            Threshold
[0, 955]             3            0.016            AsCollection
[0, 956]             3            0.008            FlatMap
[0, 957]             3            0.008            FlatMap
[0, 958]             3            0.020            FlatMap
[0, 959]             8            0.017            Consolidate
[0, 960]             1            0.001            AsCollection
[0, 961]             2            0.003            InspectBatch
[0, 962]             2            0.002            Probe
[0, 963]             3            0.037            FlatMap
[0, 964]             8            0.050            Arrange: Threshold
[0, 965]             4            0.202            Threshold
[0, 966]             3            0.016            AsCollection
[0, 967]             3            0.009            FlatMap
[0, 968]             3            0.009            FlatMap
[0, 969]             3            0.024            FlatMap
[0, 970]             7            0.007            Consolidate
[0, 971]             1            0.001            AsCollection
[0, 972]             2            0.003            InspectBatch
[0, 973]             2            0.001            Probe
[0, 974]             3            0.037            FlatMap
[0, 975]             8            0.036            Arrange: Threshold
[0, 976]             4            0.193            Threshold
[0, 977]             3            0.014            AsCollection
[0, 978]             3            0.008            FlatMap
[0, 979]             3            0.007            FlatMap
[0, 980]             3            0.024            FlatMap
[0, 981]             9            0.009            Consolidate
[0, 982]             1            0.000            AsCollection
[0, 983]             2            0.002            InspectBatch
[0, 984]             2            0.001            Probe
[0, 985]             1            0.001            FlatMap
[0, 986]             2            0.005            Arrange: Threshold
[0, 987]             2            0.006            Threshold
[0, 988]             1            0.001            AsCollection
[0, 989]             1            0.001            FlatMap
[0, 990]             1            0.001            FlatMap
[0, 991]             1            0.001            FlatMap
[0, 992]             3            0.006            Consolidate
[0, 993]             1            0.000            AsCollection
[0, 994]             2            0.003            InspectBatch
[0, 995]             2            0.001            Probe
[0, 996]             3            0.024            FlatMap
[0, 997]             5            0.011            Arrange: Threshold
[0, 998]             4            0.023            Threshold
[0, 999]             3            0.006            AsCollection
[0, 1000]            3            0.004            FlatMap
[0, 1001]            3            0.004            FlatMap
[0, 1002]            3            0.026            FlatMap
[0, 1003]            5            0.008            Consolidate
[0, 1004]            1            0.001            AsCollection
[0, 1005]            2            0.002            InspectBatch
[0, 1006]            2            0.001            Probe
[0, 1007]            73           1.034            FlatMap
[0, 1008]            1002         0.629            Arrange: Threshold
[0, 1009]            4            0.063            Threshold
[0, 1010]            3            0.004            AsCollection
[0, 1011]            3            0.004            FlatMap
[0, 1012]            3            0.006            FlatMap
[0, 1013]            3            0.027            FlatMap
[0, 1014]            4            0.006            Consolidate
[0, 1015]            1            0.001            AsCollection
[0, 1016]            2            0.003            InspectBatch
[0, 1017]            2            0.002            Probe
[0, 1018]            337          5.667            FlatMap
[0, 1019]            1795         1.549            Arrange: Threshold
[0, 1020]            4            0.394            Threshold
[0, 1021]            3            0.029            AsCollection
[0, 1022]            3            0.014            FlatMap
[0, 1023]            3            0.012            FlatMap
[0, 1024]            3            0.073            FlatMap
[0, 1025]            4            0.004            Consolidate
[0, 1026]            1            0.000            AsCollection
[0, 1027]            2            0.003            InspectBatch
[0, 1028]            2            0.001            Probe
[0, 1029]            445          17.709           FlatMap
[0, 1030]            3537         110.301          Arrange: Threshold
[0, 1031]            4            124.065          Threshold
[0, 1032]            3            7.932            AsCollection
[0, 1033]            3            18.015           FlatMap
[0, 1034]            3            3.232            FlatMap
[0, 1035]            3            4.776            FlatMap
[0, 1036]            4            0.010            Consolidate
[0, 1037]            1            0.001            AsCollection
[0, 1038]            2            0.003            InspectBatch
[0, 1039]            2            0.050            Probe
[0, 1040]            419          12.309           FlatMap
[0, 1041]            2665         45.893           Arrange: Threshold
[0, 1042]            4            48.408           Threshold
[0, 1043]            3            2.516            AsCollection
[0, 1044]            3            1.620            FlatMap
[0, 1045]            3            0.828            FlatMap
[0, 1046]            3            1.985            FlatMap
[0, 1047]            5            0.005            Consolidate
[0, 1048]            1            0.001            AsCollection
[0, 1049]            2            0.004            InspectBatch
[0, 1050]            2            0.001            Probe
[0, 1051]            213          3.406            FlatMap
[0, 1052]            1331         0.755            Arrange: Threshold
[0, 1053]            4            0.165            Threshold
[0, 1054]            3            0.030            AsCollection
[0, 1055]            3            0.013            FlatMap
[0, 1056]            3            0.006            FlatMap
[0, 1057]            3            0.025            FlatMap
[0, 1058]            7            0.004            Consolidate
[0, 1059]            1            0.001            AsCollection
[0, 1060]            2            0.003            InspectBatch
[0, 1061]            2            0.001            Probe
[0, 1062]            309          6.438            FlatMap
[0, 1063]            1464         0.985            Arrange: Threshold
[0, 1064]            4            0.222            Threshold
[0, 1065]            3            0.014            AsCollection
[0, 1066]            3            0.007            FlatMap
[0, 1067]            3            0.008            FlatMap
[0, 1068]            3            0.038            FlatMap
[0, 1069]            9            0.005            Consolidate
[0, 1070]            1            0.001            AsCollection
[0, 1071]            2            0.002            InspectBatch
[0, 1072]            2            0.045            Probe
[0, 1073]            353          7.543            FlatMap
[0, 1074]            1603         1.467            Arrange: Threshold
[0, 1075]            4            0.704            Threshold
[0, 1076]            3            0.111            AsCollection
[0, 1077]            3            0.039            FlatMap
[0, 1078]            3            0.020            FlatMap
[0, 1079]            3            0.061            FlatMap
[0, 1080]            10           0.005            Consolidate
[0, 1081]            1            0.001            AsCollection
[0, 1082]            2            0.003            InspectBatch
[0, 1083]            2            0.001            Probe
[0, 1084]            199          3.905            FlatMap
[0, 1085]            1192         0.825            Arrange: Threshold
[0, 1086]            4            0.056            Threshold
[0, 1087]            3            0.005            AsCollection
[0, 1088]            3            0.004            FlatMap
[0, 1089]            3            0.008            FlatMap
[0, 1090]            3            0.028            FlatMap
[0, 1091]            10           2.570            Consolidate
[0, 1092]            1            0.001            AsCollection
[0, 1093]            2            0.043            InspectBatch
[0, 1094]            2            0.000            Probe
