addr                 activations  total_active_ms  name
[0]                  147655       9112.935         Dataflow
[0, 1]               1            0.000            Input
[0, 2]               2            0.220            FlatMap
[0, 3]               7            0.071            Arrange: Threshold
[0, 4]               4            0.072            Threshold
[0, 5]               3            0.009            AsCollection
[0, 6]               1            0.000            Input
[0, 7]               2            0.179            FlatMap
[0, 8]               6            0.060            Arrange: Threshold
[0, 9]               4            0.057            Threshold
[0, 10]              3            0.011            AsCollection
[0, 11]              1            0.000            Input
[0, 12]              1            0.001            FlatMap
[0, 13]              3            0.010            Arrange: Threshold
[0, 14]              2            0.008            Threshold
[0, 15]              1            0.001            AsCollection
[0, 16]              1            0.000            Input
[0, 17]              2            0.488            FlatMap
[0, 18]              7            0.296            Arrange: Threshold
[0, 19]              4            0.482            Threshold
[0, 20]              3            0.030            AsCollection
[0, 21]              1            0.000            Input
[0, 22]              2            0.256            FlatMap
[0, 23]              7            0.060            Arrange: Threshold
[0, 24]              4            0.017            Threshold
[0, 25]              3            0.005            AsCollection
[0, 26]              1            0.000            Input
[0, 27]              2            0.236            FlatMap
[0, 28]              7            0.501            Arrange: Threshold
[0, 29]              4            0.992            Threshold
[0, 30]              3            0.059            AsCollection
[0, 31]              1            0.000            Input
[0, 32]              2            0.379            FlatMap
[0, 33]              7            1.863            Arrange: Threshold
[0, 34]              4            2.810            Threshold
[0, 35]              3            0.181            AsCollection
[0, 36]              1            0.000            Input
[0, 37]              2            0.308            FlatMap
[0, 38]              9            0.309            Arrange: Threshold
[0, 39]              4            0.632            Threshold
[0, 40]              3            0.058            AsCollection
[0, 41]              1            0.000            Input
[0, 42]              2            0.938            FlatMap
[0, 43]              8            2.867            Arrange: Threshold
[0, 44]              4            5.445            Threshold
[0, 45]              3            0.348            AsCollection
[0, 46]              1            0.000            Input
[0, 47]              2            0.100            FlatMap
[0, 48]              8            0.212            Arrange: Threshold
[0, 49]              4            0.430            Threshold
[0, 50]              3            0.033            AsCollection
[0, 51]              1            0.000            Input
[0, 52]              2            0.137            FlatMap
[0, 53]              7            0.067            Arrange: Threshold
[0, 54]              4            0.054            Threshold
[0, 55]              3            0.006            AsCollection
[0, 56]              1            0.000            Input
[0, 57]              2            0.205            FlatMap
[0, 58]              7            0.041            Arrange: Threshold
[0, 59]              4            0.017            Threshold
[0, 60]              3            0.004            AsCollection
[0, 61]              1            0.000            Input
[0, 62]              2            0.084            FlatMap
[0, 63]              6            0.023            Arrange: Threshold
[0, 64]              4            0.024            Threshold
[0, 65]              3            0.011            AsCollection
[0, 66]              1            0.000            Input
[0, 67]              2            0.175            FlatMap
[0, 68]              6            0.039            Arrange: Threshold
[0, 69]              4            0.030            Threshold
[0, 70]              3            0.005            AsCollection
[0, 71]              1            0.000            Input
[0, 72]              2            0.253            FlatMap
[0, 73]              7            0.183            Arrange: Threshold
[0, 74]              4            0.370            Threshold
[0, 75]              3            0.022            AsCollection
[0, 76]              1            0.000            Input
[0, 77]              2            0.285            FlatMap
[0, 78]              7            0.135            Arrange: Threshold
[0, 79]              4            0.279            Threshold
[0, 80]              3            0.020            AsCollection
[0, 81]              1            0.000            Input
[0, 82]              2            0.288            FlatMap
[0, 83]              7            0.370            Arrange: Threshold
[0, 84]              4            0.578            Threshold
[0, 85]              3            0.068            AsCollection
[0, 86]              1            0.000            Input
[0, 87]              2            0.518            FlatMap
[0, 88]              7            1.114            Arrange: Threshold
[0, 89]              4            1.836            Threshold
[0, 90]              3            0.170            AsCollection
[0, 91]              1            0.000            Input
[0, 92]              2            0.153            FlatMap
[0, 93]              6            0.139            Arrange: Threshold
[0, 94]              4            0.223            Threshold
[0, 95]              3            0.027            AsCollection
[0, 96]              1            0.000            Input
[0, 97]              2            0.367            FlatMap
[0, 98]              6            0.368            Arrange: Threshold
[0, 99]              4            0.211            Threshold
[0, 100]             3            0.014            AsCollection
[0, 101]             1            0.000            Input
[0, 102]             2            0.187            FlatMap
[0, 103]             6            0.122            Arrange: Threshold
[0, 104]             4            0.215            Threshold
[0, 105]             3            0.018            AsCollection
[0, 106]             1            0.000            Input
[0, 107]             2            0.466            FlatMap
[0, 108]             7            0.252            Arrange: Threshold
[0, 109]             4            0.412            Threshold
[0, 110]             3            0.087            AsCollection
[0, 111]             1            0.000            Input
[0, 112]             2            0.434            FlatMap
[0, 113]             6            0.596            Arrange: Threshold
[0, 114]             4            1.018            Threshold
[0, 115]             3            0.108            AsCollection
[0, 116]             1            0.000            Input
[0, 117]             2            0.177            FlatMap
[0, 118]             7            0.282            Arrange: Threshold
[0, 119]             4            0.534            Threshold
[0, 120]             3            0.054            AsCollection
[0, 121]             1            0.000            Input
[0, 122]             2            0.295            FlatMap
[0, 123]             7            0.219            Arrange: Threshold
[0, 124]             4            0.446            Threshold
[0, 125]             3            0.055            AsCollection
[0, 126]             1            0.001            Input
[0, 127]             2            0.479            FlatMap
[0, 128]             7            0.184            Arrange: Threshold
[0, 129]             4            0.248            Threshold
[0, 130]             3            0.038            AsCollection
[0, 131]             1            0.000            Input
[0, 132]             2            0.367            FlatMap
[0, 133]             6            0.387            Arrange: Threshold
[0, 134]             4            0.696            Threshold
[0, 135]             3            0.109            AsCollection
[0, 136]             1            0.000            Input
[0, 137]             2            0.083            FlatMap
[0, 138]             7            0.070            Arrange: Threshold
[0, 139]             4            0.075            Threshold
[0, 140]             3            0.011            AsCollection
[0, 141]             1            0.000            Input
[0, 142]             2            0.349            FlatMap
[0, 143]             6            0.133            Arrange: Threshold
[0, 144]             4            0.175            Threshold
[0, 145]             3            0.028            AsCollection
[0, 146]             1            0.000            Input
[0, 147]             2            0.454            FlatMap
[0, 148]             7            0.197            Arrange: Threshold
[0, 149]             4            0.280            Threshold
[0, 150]             3            0.038            AsCollection
[0, 151]             1            0.001            Input
[0, 152]             2            0.132            FlatMap
[0, 153]             6            0.091            Arrange: Threshold
[0, 154]             4            0.113            Threshold
[0, 155]             3            0.016            AsCollection
[0, 156]             1            0.000            Input
[0, 157]             2            0.246            FlatMap
[0, 158]             6            0.224            Arrange: Threshold
[0, 159]             4            0.333            Threshold
[0, 160]             3            0.032            AsCollection
[0, 161]             3            0.007            FlatMap
[0, 162]             3            0.006            FlatMap
[0, 163]             3            0.017            FlatMap
[0, 164]             3            0.021            FlatMap
[0, 165]             3            0.012            FlatMap
[0, 166]             3            0.014            FlatMap
[0, 167]             3            0.011            FlatMap
[0, 168]             3            0.020            FlatMap
[0, 169]             3            0.012            FlatMap
[0, 170]             3            0.011            FlatMap
[0, 171]             3            0.008            FlatMap
[0, 172]             3            0.009            FlatMap
[0, 173]             3            0.007            FlatMap
[0, 174]             3            0.005            FlatMap
[0, 175]             3            0.005            FlatMap
[0, 176]             3            0.005            FlatMap
[0, 177]             3            0.028            FlatMap
[0, 178]             3            0.053            FlatMap
[0, 179]             3            0.023            FlatMap
[0, 180]             3            0.023            FlatMap
[0, 181]             3            0.011            FlatMap
[0, 182]             3            0.013            FlatMap
[0, 183]             3            0.011            FlatMap
[0, 184]             3            0.009            FlatMap
[0, 185]             3            0.019            FlatMap
[0, 186]             3            0.018            FlatMap
[0, 187]             3            0.036            FlatMap
[0, 188]             3            0.030            FlatMap
[0, 189]             3            0.036            FlatMap
[0, 190]             3            0.032            FlatMap
[0, 191]             3            0.016            FlatMap
[0, 192]             3            0.015            FlatMap
[0, 193]             3            0.015            FlatMap
[0, 194]             3            0.009            FlatMap
[0, 195]             3            0.013            FlatMap
[0, 196]             3            0.009            FlatMap
[0, 197]             3            0.009            FlatMap
[0, 198]             3            0.018            FlatMap
[0, 199]             3            0.010            FlatMap
[0, 200]             3            0.011            FlatMap
[0, 201]             3            0.009            FlatMap
[0, 202]             3            0.062            FlatMap
[0, 203]             3            0.058            FlatMap
[0, 204]             3            0.059            FlatMap
[0, 205]             3            0.020            FlatMap
[0, 206]             3            0.021            FlatMap
[0, 207]             3            0.020            FlatMap
[0, 208]             3            0.010            FlatMap
[0, 209]             3            0.012            FlatMap
[0, 210]             3            0.006            FlatMap
[0, 211]             3            0.006            FlatMap
[0, 212]             3            0.005            FlatMap
[0, 213]             3            0.009            FlatMap
[0, 214]             3            0.044            FlatMap
[0, 215]             4            0.104            Arrange: Threshold
[0, 216]             4            0.319            Threshold
[0, 217]             3            0.026            AsCollection
[0, 218]             4            0.007            Concatenate
[0, 219]             4            0.005            Concatenate
[0, 220]             4            0.011            Concatenate
[0, 221]             4            0.046            FlatMap
[0, 222]             7            0.043            Arrange: Threshold
[0, 223]             4            0.073            Threshold
[0, 224]             3            0.008            AsCollection
[0, 225]             3            0.094            FlatMap
[0, 226]             5            0.287            Arrange: Threshold
[0, 227]             4            0.554            Threshold
[0, 228]             3            0.040            AsCollection
[0, 229]             3            0.081            FlatMap
[0, 230]             5            0.117            Arrange: Threshold
[0, 231]             4            0.224            Threshold
[0, 232]             3            0.014            AsCollection
[0, 233]             3            0.024            FlatMap
[0, 234]             6            0.029            Arrange: Threshold
[0, 235]             4            0.017            Threshold
[0, 236]             3            0.004            AsCollection
[0, 237]             3            0.079            FlatMap
[0, 238]             5            0.104            Arrange: Threshold
[0, 239]             4            0.225            Threshold
[0, 240]             3            0.016            AsCollection
[0, 241]             3            0.031            FlatMap
[0, 242]             4            0.015            Arrange: Threshold
[0, 243]             4            0.070            Threshold
[0, 244]             3            0.007            AsCollection
[0, 245]             3            0.067            FlatMap
[0, 246]             5            0.098            Arrange: Threshold
[0, 247]             4            0.104            Threshold
[0, 248]             3            0.008            AsCollection
[0, 249]             3            0.086            FlatMap
[0, 250]             5            0.144            Arrange: Threshold
[0, 251]             4            0.341            Threshold
[0, 252]             3            0.019            AsCollection
[0, 253]             3            0.221            FlatMap
[0, 254]             5            0.876            Arrange: Threshold
[0, 255]             4            1.728            Threshold
[0, 256]             3            0.098            AsCollection
[0, 257]             3            0.030            FlatMap
[0, 258]             6            0.019            Arrange: Threshold
[0, 259]             4            0.048            Threshold
[0, 260]             3            0.013            AsCollection
[0, 261]             3            0.078            FlatMap
[0, 262]             5            0.133            Arrange: Threshold
[0, 263]             4            0.230            Threshold
[0, 264]             3            0.015            AsCollection
[0, 265]             3            0.009            Concatenate
[0, 266]             3            0.006            Concatenate
[0, 267]             3            0.192            FlatMap
[0, 268]             5            0.924            Arrange: Threshold
[0, 269]             4            1.342            Threshold
[0, 270]             3            0.121            AsCollection
[0, 271]             3            0.155            FlatMap
[0, 272]             5            0.149            Arrange: Threshold
[0, 273]             4            0.224            Threshold
[0, 274]             3            0.018            AsCollection
[0, 275]             3            0.087            FlatMap
[0, 276]             5            0.044            Arrange: Threshold
[0, 277]             4            0.043            Threshold
[0, 278]             3            0.006            AsCollection
[0, 279]             3            0.233            FlatMap
[0, 280]             5            0.164            Arrange: Threshold
[0, 281]             4            0.289            Threshold
[0, 282]             3            0.017            AsCollection
[0, 283]             3            0.362            FlatMap
[0, 284]             5            0.531            Arrange: Threshold
[0, 285]             4            0.923            Threshold
[0, 286]             3            0.063            AsCollection
[0, 287]             3            0.194            FlatMap
[0, 288]             5            0.143            Arrange: Threshold
[0, 289]             4            0.205            Threshold
[0, 290]             3            0.014            AsCollection
[0, 291]             3            0.006            Concatenate
[0, 292]             3            0.005            Concatenate
[0, 293]             3            0.007            Concatenate
[0, 294]             3            0.300            FlatMap
[0, 295]             5            0.575            Arrange: Threshold
[0, 296]             4            0.993            Threshold
[0, 297]             3            0.063            AsCollection
[0, 298]             3            0.217            FlatMap
[0, 299]             5            0.259            Arrange: Threshold
[0, 300]             4            0.459            Threshold
[0, 301]             3            0.050            AsCollection
[0, 302]             3            0.010            Concatenate
[0, 303]             3            0.009            Concatenate
[0, 304]             3            0.452            FlatMap
[0, 305]             5            1.593            Arrange: Threshold
[0, 306]             4            2.417            Threshold
[0, 307]             3            0.183            AsCollection
[0, 308]             3            0.167            FlatMap
[0, 309]             5            0.300            Arrange: Threshold
[0, 310]             4            0.556            Threshold
[0, 311]             3            0.037            AsCollection
[0, 312]             3            0.109            FlatMap
[0, 313]             5            0.090            Arrange: Threshold
[0, 314]             4            0.116            Threshold
[0, 315]             3            0.016            AsCollection
[0, 316]             3            0.077            FlatMap
[0, 317]             6            0.012            Arrange: Threshold
[0, 318]             4            0.022            Threshold
[0, 319]             3            0.007            AsCollection
[0, 320]             3            0.006            Concatenate
[0, 321]             3            0.007            Concatenate
[0, 322]             3            0.006            Concatenate
[0, 323]             3            0.013            Concatenate
[0, 324]             3            0.011            Concatenate
[0, 325]             3            0.011            Concatenate
[0, 326]             3            0.014            Concatenate
[0, 327]             3            0.009            Concatenate
[0, 328]             3            0.009            Concatenate
[0, 329]             3            0.009            Concatenate
[0, 330]             3            0.023            Concatenate
[0, 331]             3            0.019            Concatenate
[0, 332]             3            0.792            FlatMap
[0, 333]             5            2.900            Arrange: Threshold
[0, 334]             4            4.946            Threshold
[0, 335]             3            0.533            AsCollection
[0, 336]             3            0.102            FlatMap
[0, 337]             5            0.260            Arrange: Threshold
[0, 338]             4            0.593            Threshold
[0, 339]             3            0.037            AsCollection
[0, 340]             3            0.107            FlatMap
[0, 341]             5            0.127            Arrange: Threshold
[0, 342]             4            0.222            Threshold
[0, 343]             3            0.015            AsCollection
[0, 344]             3            0.061            FlatMap
[0, 345]             5            0.067            Arrange: Threshold
[0, 346]             4            0.073            Threshold
[0, 347]             3            0.006            AsCollection
[0, 348]             3            0.006            Concatenate
[0, 349]             4            0.006            Concatenate
[0, 350]             4            0.006            Concatenate
[0, 351]             4            0.007            Concatenate
[0, 352]             4            0.169            FlatMap
[0, 353]             7            0.098            Arrange: Threshold
[0, 354]             4            0.158            Threshold
[0, 355]             3            0.014            AsCollection
[0, 356]             3            0.133            FlatMap
[0, 357]             5            0.139            Arrange: Threshold
[0, 358]             4            0.263            Threshold
[0, 359]             3            0.017            AsCollection
[0, 360]             3            0.182            FlatMap
[0, 361]             5            0.227            Arrange: Threshold
[0, 362]             4            0.444            Threshold
[0, 363]             3            0.042            AsCollection
[0, 364]             3            0.185            FlatMap
[0, 365]             5            0.187            Arrange: Threshold
[0, 366]             4            0.334            Threshold
[0, 367]             3            0.021            AsCollection
[0, 368]             3            0.136            FlatMap
[0, 369]             5            0.371            Arrange: Threshold
[0, 370]             4            0.834            Threshold
[0, 371]             3            0.054            AsCollection
[0, 372]             3            0.107            FlatMap
[0, 373]             5            0.104            Arrange: Threshold
[0, 374]             4            0.164            Threshold
[0, 375]             3            0.012            AsCollection
[0, 376]             3            0.004            FlatMap
[0, 377]             1            0.000            FlatMap
[0, 378]             3            0.008            ArrangeBySelf
[0, 379]             3            0.004            FlatMap
[0, 380]             1            0.001            FlatMap
[0, 381]             3            0.006            ArrangeBySelf
[0, 382]             2            0.012            Join
[0, 383]             2            0.008            ArrangeByKey
[0, 384]             3            0.020            FlatMap
[0, 385]             5            0.013            ArrangeByKey
[0, 386]             3            0.012            Join
[0, 387]             3            0.004            FlatMap
[0, 388]             1            0.001            FlatMap
[0, 389]             3            0.005            ArrangeBySelf
[0, 390]             3            0.005            FlatMap
[0, 391]             1            0.001            FlatMap
[0, 392]             3            0.005            ArrangeBySelf
[0, 393]             2            0.016            Join
[0, 394]             2            0.005            ArrangeByKey
[0, 395]             3            0.009            Join
[0, 396]             3            0.004            FlatMap
[0, 397]             3            0.006            ArrangeByKey
[0, 398]             2            0.006            Join
[0, 399]             3            0.022            FlatMap
[0, 400]             5            0.009            ArrangeByKey
[0, 401]             2            0.007            Join
[0, 402]             3            0.006            FlatMap
[0, 403]             3            0.012            FlatMap
[0, 404]             3            0.005            FlatMap
[0, 405]             3            0.006            FlatMap
[0, 406]             3            0.010            FlatMap
[0, 407]             1            0.000            FlatMap
[0, 408]             3            0.026            ArrangeBySelf
[0, 409]             3            0.019            FlatMap
[0, 410]             3            0.063            FlatMap
[0, 411]             6            0.118            ArrangeBySelf
[0, 412]             3            0.010            FlatMap
[0, 413]             1            0.001            FlatMap
[0, 414]             4            0.025            ArrangeBySelf
[0, 415]             3            0.014            FlatMap
[0, 416]             3            0.033            FlatMap
[0, 417]             6            0.033            ArrangeBySelf
[0, 418]             3            0.088            FlatMap
[0, 419]             5            0.176            ArrangeByKey
[0, 420]             1            0.001            FlatMap
[0, 421]             1            0.000            FlatMap
[0, 422]             2            0.005            ArrangeBySelf
[0, 423]             5            0.026            Join
[0, 424]             3            0.009            ArrangeByKey
[0, 425]             3            0.016            Join
[0, 426]             2            0.010            ArrangeByKey
[0, 427]             5            0.022            Join
[0, 428]             1            0.001            FlatMap
[0, 429]             4            0.009            ArrangeBySelf
[0, 430]             5            0.025            Join
[0, 431]             1            0.001            FlatMap
[0, 432]             4            0.014            ArrangeBySelf
[0, 433]             5            0.019            Join
[0, 434]             1            0.001            FlatMap
[0, 435]             4            0.006            ArrangeBySelf
[0, 436]             3            0.013            Join
[0, 437]             2            0.006            ArrangeByKey
[0, 438]             3            0.011            Join
[0, 439]             1            0.001            FlatMap
[0, 440]             2            0.006            ArrangeBySelf
[0, 441]             3            0.010            Join
[0, 442]             1            0.001            FlatMap
[0, 443]             2            0.004            ArrangeBySelf
[0, 444]             3            0.011            Join
[0, 445]             2            0.004            ArrangeByKey
[0, 446]             2            0.007            Join
[0, 447]             1            0.001            FlatMap
[0, 448]             2            0.004            ArrangeBySelf
[0, 449]             3            0.010            Join
[0, 450]             3            0.011            FlatMap
[0, 451]             3            0.040            FlatMap
[0, 452]             6            0.031            ArrangeBySelf
[0, 453]             3            0.080            FlatMap
[0, 454]             5            0.196            ArrangeByKey
[0, 455]             3            0.192            FlatMap
[0, 456]             5            0.200            ArrangeByKey
[0, 457]             3            0.091            FlatMap
[0, 458]             5            0.228            ArrangeByKey
[0, 459]             3            0.053            AsCollection
[0, 460]             3            0.118            FlatMap
[0, 461]             5            0.228            Arrange: Threshold
[0, 462]             3            0.407            Threshold
[0, 463]             3            0.026            AsCollection
[0, 464]             6            0.045            Join
[0, 465]             3            0.067            FlatMap
[0, 466]             5            0.061            Arrange: Threshold
[0, 467]             3            0.044            Threshold
[0, 468]             3            0.008            AsCollection
[0, 469]             3            0.004            FlatMap
[0, 470]             3            0.005            Concatenate
[0, 471]             3            0.022            FlatMap
[0, 472]             3            0.058            FlatMap
[0, 473]             3            0.124            Arrange: Threshold
[0, 474]             3            0.419            Threshold
[0, 475]             3            0.121            AsCollection
[0, 476]             4            0.215            ArrangeByKey
[0, 477]             3            0.060            AsCollection
[0, 478]             3            0.107            FlatMap
[0, 479]             5            0.208            Arrange: Threshold
[0, 480]             4            0.411            Threshold
[0, 481]             3            0.027            AsCollection
[0, 482]             5            0.064            Join
[0, 483]             3            0.062            FlatMap
[0, 484]             7            0.068            Arrange: Threshold
[0, 485]             4            0.048            Threshold
[0, 486]             3            0.006            AsCollection
[0, 487]             3            0.005            FlatMap
[0, 488]             4            0.007            Concatenate
[0, 489]             4            0.016            FlatMap
[0, 490]             4            0.068            FlatMap
[0, 491]             5            0.123            Arrange: Threshold
[0, 492]             3            0.371            Threshold
[0, 493]             3            0.141            AsCollection
[0, 494]             4            0.200            ArrangeByKey
[0, 495]             3            0.058            AsCollection
[0, 496]             3            0.102            FlatMap
[0, 497]             5            0.205            Arrange: Threshold
[0, 498]             3            0.409            Threshold
[0, 499]             3            0.026            AsCollection
[0, 500]             6            0.045            Join
[0, 501]             3            0.067            FlatMap
[0, 502]             5            0.065            Arrange: Threshold
[0, 503]             3            0.047            Threshold
[0, 504]             3            0.006            AsCollection
[0, 505]             3            0.004            FlatMap
[0, 506]             3            0.005            Concatenate
[0, 507]             3            0.011            FlatMap
[0, 508]             3            0.041            FlatMap
[0, 509]             3            0.122            Arrange: Threshold
[0, 510]             3            0.388            Threshold
[0, 511]             3            0.116            AsCollection
[0, 512]             4            0.211            ArrangeByKey
[0, 513]             4            0.295            Join
[0, 514]             3            0.102            ArrangeByKey
[0, 515]             4            0.276            Join
[0, 516]             3            0.038            FlatMap
[0, 517]             3            0.060            FlatMap
[0, 518]             4            0.216            ArrangeBySelf
[0, 519]             3            0.208            FlatMap
[0, 520]             5            0.696            ArrangeByKey
[0, 521]             6            0.637            Join
[0, 522]             4            2.677            ArrangeByKey
[0, 523]             3            0.017            FlatMap
[0, 524]             3            0.094            FlatMap
[0, 525]             5            0.176            ArrangeBySelf
[0, 526]             3            0.207            FlatMap
[0, 527]             5            0.210            ArrangeByKey
[0, 528]             5            1.143            Join
[0, 529]             3            1.202            ArrangeByKey
[0, 530]             7            0.259            Join
[0, 531]             4            0.099            ArrangeByKey
[0, 532]             4            0.987            Join
[0, 533]             3            0.024            FlatMap
[0, 534]             3            0.129            FlatMap
[0, 535]             5            0.187            ArrangeBySelf
[0, 536]             3            0.093            FlatMap
[0, 537]             5            0.237            ArrangeByKey
[0, 538]             6            0.945            Join
[0, 539]             3            1.105            ArrangeByKey
[0, 540]             7            0.265            Join
[0, 541]             4            0.102            ArrangeByKey
[0, 542]             4            0.906            Join
[0, 543]             3            0.012            FlatMap
[0, 544]             3            0.028            FlatMap
[0, 545]             4            0.035            ArrangeBySelf
[0, 546]             3            0.553            FlatMap
[0, 547]             5            3.053            ArrangeByKey
[0, 548]             3            0.189            FlatMap
[0, 549]             5            0.746            ArrangeByKey
[0, 550]             5            0.170            Join
[0, 551]             6            0.050            ArrangeByKey
[0, 552]             6            0.151            Join
[0, 553]             4            0.051            ArrangeByKey
[0, 554]             5            0.137            Join
[0, 555]             3            0.458            FlatMap
[0, 556]             5            3.068            ArrangeByKey
[0, 557]             3            0.096            FlatMap
[0, 558]             5            0.146            ArrangeByKey
[0, 559]             6            0.265            Join
[0, 560]             3            0.107            FlatMap
[0, 561]             5            0.253            ArrangeByKey
[0, 562]             6            0.337            Join
[0, 563]             4            0.159            ArrangeByKey
[0, 564]             3            0.291            FlatMap
[0, 565]             5            1.216            ArrangeByKey
[0, 566]             5            0.371            Join
[0, 567]             3            0.281            FlatMap
[0, 568]             5            1.342            ArrangeByKey
[0, 569]             6            1.462            Join
[0, 570]             4            0.666            ArrangeByKey
[0, 571]             3            0.228            FlatMap
[0, 572]             5            0.833            ArrangeByKey
[0, 573]             5            1.101            Join
[0, 574]             3            0.077            FlatMap
[0, 575]             5            0.147            ArrangeByKey
[0, 576]             6            0.162            Join
[0, 577]             4            0.048            ArrangeByKey
[0, 578]             5            0.171            Join
[0, 579]             3            0.072            ArrangeByKey
[0, 580]             3            0.072            FlatMap
[0, 581]             5            0.115            ArrangeByKey
[0, 582]             6            0.156            Join
[0, 583]             3            0.213            FlatMap
[0, 584]             5            0.151            ArrangeByKey
[0, 585]             6            0.212            Join
[0, 586]             4            0.068            ArrangeByKey
[0, 587]             3            0.113            FlatMap
[0, 588]             5            0.141            ArrangeByKey
[0, 589]             5            0.192            Join
[0, 590]             3            0.062            FlatMap
[0, 591]             5            0.085            ArrangeByKey
[0, 592]             6            0.119            Join
[0, 593]             4            0.029            ArrangeByKey
[0, 594]             3            0.069            FlatMap
[0, 595]             5            0.104            ArrangeByKey
[0, 596]             5            0.087            Join
[0, 597]             3            0.126            FlatMap
[0, 598]             5            0.072            ArrangeByKey
[0, 599]             6            0.094            Join
[0, 600]             4            0.027            ArrangeByKey
[0, 601]             3            0.319            FlatMap
[0, 602]             5            0.535            ArrangeByKey
[0, 603]             5            0.070            Join
[0, 604]             6            0.587            Join
[0, 605]             4            0.289            ArrangeByKey
[0, 606]             3            0.198            FlatMap
[0, 607]             5            0.119            ArrangeByKey
[0, 608]             5            0.140            Join
[0, 609]             3            0.190            FlatMap
[0, 610]             5            0.138            ArrangeByKey
[0, 611]             6            0.188            Join
[0, 612]             4            0.059            ArrangeByKey
[0, 613]             3            0.203            FlatMap
[0, 614]             5            0.119            ArrangeByKey
[0, 615]             5            0.154            Join
[0, 616]             3            0.051            ArrangeByKey
[0, 617]             6            0.152            Join
[0, 618]             3            0.298            FlatMap
[0, 619]             5            0.309            ArrangeByKey
[0, 620]             7            0.471            Join
[0, 621]             10           0.161            ArrangeByKey
[0, 622]             5            0.389            Join
[0, 623]             3            0.144            ArrangeByKey
[0, 624]             3            0.227            FlatMap
[0, 625]             5            0.311            ArrangeByKey
[0, 626]             6            0.348            Join
[0, 627]             3            0.116            FlatMap
[0, 628]             4            0.263            Arrange: Threshold
[0, 629]             3            0.514            Threshold
[0, 630]             3            0.037            AsCollection
[0, 631]             3            0.090            FlatMap
[0, 632]             4            0.120            Arrange: Threshold
[0, 633]             3            0.190            Threshold
[0, 634]             3            0.015            AsCollection
[0, 635]             1            0.001            Concatenate
[0, 636]             1            0.001            Concatenate
[0, 637]             1            0.001            Concatenate
[0, 638]             3            0.006            Concatenate
[0, 639]             3            0.005            Concatenate
[0, 640]             3            0.004            Concatenate
[0, 641]             3            0.214            FlatMap
[0, 642]             8            0.024            Arrange: Threshold
[0, 643]             3            0.029            Threshold
[0, 644]             3            0.005            AsCollection
[0, 645]             3            0.070            FlatMap
[0, 646]             3            0.062            Arrange: Threshold
[0, 647]             3            0.061            Threshold
[0, 648]             3            0.007            AsCollection
[0, 649]             3            0.392            FlatMap
[0, 650]             4            0.416            Arrange: Threshold
[0, 651]             3            0.935            Threshold
[0, 652]             3            0.057            AsCollection
[0, 653]             3            0.124            FlatMap
[0, 654]             4            0.339            Arrange: Threshold
[0, 655]             3            0.584            Threshold
[0, 656]             3            0.045            AsCollection
[0, 657]             3            0.097            FlatMap
[0, 658]             4            0.201            Arrange: Threshold
[0, 659]             3            0.265            Threshold
[0, 660]             3            0.017            AsCollection
[0, 661]             3            0.067            FlatMap
[0, 662]             4            0.137            Arrange: Threshold
[0, 663]             3            0.219            Threshold
[0, 664]             3            0.016            AsCollection
[0, 665]             3            0.151            FlatMap
[0, 666]             3            0.267            Arrange: Threshold
[0, 667]             3            0.435            Threshold
[0, 668]             3            0.059            AsCollection
[0, 669]             3            0.090            FlatMap
[0, 670]             4            0.200            Arrange: Threshold
[0, 671]             3            0.318            Threshold
[0, 672]             3            0.027            AsCollection
[0, 673]             3            0.052            FlatMap
[0, 674]             4            0.147            Arrange: Threshold
[0, 675]             3            0.215            Threshold
[0, 676]             3            0.014            AsCollection
[0, 677]             1            0.001            FlatMap
[0, 678]             2            0.006            Arrange: Threshold
[0, 679]             2            0.006            Threshold
[0, 680]             1            0.001            AsCollection
[0, 681]             3            0.034            FlatMap
[0, 682]             5            0.046            Arrange: Threshold
[0, 683]             4            0.056            Threshold
[0, 684]             3            0.007            AsCollection
[0, 685]             3            0.399            FlatMap
[0, 686]             4            0.437            Arrange: Threshold
[0, 687]             3            0.795            Threshold
[0, 688]             3            0.054            AsCollection
[0, 689]             3            0.251            FlatMap
[0, 690]             4            0.832            Arrange: Threshold
[0, 691]             3            1.469            Threshold
[0, 692]             3            0.098            AsCollection
[0, 693]             3            0.112            FlatMap
[0, 694]             4            0.108            Arrange: Threshold
[0, 695]             3            0.143            Threshold
[0, 696]             3            0.018            AsCollection
[0, 697]             3            0.074            FlatMap
[0, 698]             4            0.089            Arrange: Threshold
[0, 699]             3            0.101            Threshold
[0, 700]             3            0.011            AsCollection
[0, 701]             3            0.122            FlatMap
[0, 702]             5            0.055            ArrangeByKey
[0, 703]             3            0.095            FlatMap
[0, 704]             5            0.049            ArrangeByKey
[0, 705]             198          7.874            Iterative
[0, 705, 1]          3            0.012            FlatMap
[0, 705, 2]          3            0.009            FlatMap
[0, 705, 3]          3            0.006            Enter
[0, 705, 4]          21           0.028            Feedback
[0, 705, 5]          21           0.510            FlatMap
[0, 705, 6]          53           0.301            ArrangeByKey
[0, 705, 7]          25           0.204            Join
[0, 705, 8]          25           0.188            Join
[0, 705, 9]          11           0.018            Concatenate
[0, 705, 10]         13           0.019            Concatenate
[0, 705, 11]         13           0.205            FlatMap
[0, 705, 12]         38           0.286            Arrange: Threshold
[0, 705, 13]         28           0.354            Threshold
[0, 705, 14]         21           0.051            AsCollection
[0, 705, 15]         21           0.018            ResultsIn
[0, 706]             26           0.035            Leave
[0, 707]             1            0.001            FlatMap
[0, 708]             1            0.001            FlatMap
[0, 709]             1            0.001            FlatMap
[0, 710]             2            0.004            ArrangeBySelf
[0, 711]             3            0.144            FlatMap
[0, 712]             5            0.238            ArrangeByKey
[0, 713]             5            0.026            Join
[0, 714]             3            0.009            FlatMap
[0, 715]             3            0.007            FlatMap
[0, 716]             3            0.023            FlatMap
[0, 717]             6            0.018            ArrangeBySelf
[0, 718]             21           0.516            FlatMap
[0, 719]             35           0.179            ArrangeByKey
[0, 720]             7            0.035            Join
[0, 721]             3            0.007            FlatMap
[0, 722]             3            0.022            FlatMap
[0, 723]             6            0.027            ArrangeBySelf
[0, 724]             7            0.056            Join
[0, 725]             3            0.016            FlatMap
[0, 726]             1            0.001            FlatMap
[0, 727]             2            0.004            Arrange: Threshold
[0, 728]             2            0.006            Threshold
[0, 729]             1            0.008            AsCollection
[0, 730]             3            0.032            FlatMap
[0, 731]             3            0.018            Arrange: Threshold
[0, 732]             3            0.025            Threshold
[0, 733]             3            0.006            AsCollection
[0, 734]             3            0.004            Concatenate
[0, 735]             5            0.008            Concatenate
[0, 736]             5            0.146            FlatMap
[0, 737]             8            0.262            Arrange: Threshold
[0, 738]             4            0.118            Threshold
[0, 739]             3            0.010            AsCollection
[0, 740]             1            0.001            FlatMap
[0, 741]             2            0.005            Arrange: Threshold
[0, 742]             2            0.006            Threshold
[0, 743]             1            0.001            AsCollection
[0, 744]             3            0.063            FlatMap
[0, 745]             3            0.126            Arrange: Threshold
[0, 746]             3            0.389            Threshold
[0, 747]             3            0.026            AsCollection
[0, 748]             3            0.047            FlatMap
[0, 749]             6            0.053            ArrangeByKey
[0, 750]             157          5.161            Iterative
[0, 750, 1]          3            0.006            Enter
[0, 750, 2]          3            0.006            FlatMap
[0, 750, 3]          19           0.027            Feedback
[0, 750, 4]          19           0.353            FlatMap
[0, 750, 5]          53           0.134            ArrangeByKey
[0, 750, 6]          19           0.142            Join
[0, 750, 7]          9            0.016            Concatenate
[0, 750, 8]          9            0.128            FlatMap
[0, 750, 9]          38           0.211            Arrange: Threshold
[0, 750, 10]         24           0.306            Threshold
[0, 750, 11]         19           0.049            AsCollection
[0, 750, 12]         19           0.018            ResultsIn
[0, 751]             24           0.030            Leave
[0, 752]             19           0.031            FlatMap
[0, 753]             21           0.020            Concatenate
[0, 754]             21           0.328            FlatMap
[0, 755]             52           0.167            Arrange: Threshold
[0, 756]             4            0.204            Threshold
[0, 757]             3            0.015            AsCollection
[0, 758]             19           0.295            FlatMap
[0, 759]             30           0.109            Arrange: Threshold
[0, 760]             4            0.103            Threshold
[0, 761]             3            0.009            AsCollection
[0, 762]             3            0.017            FlatMap
[0, 763]             3            0.131            FlatMap
[0, 764]             3            0.236            ArrangeBySelf
[0, 765]             3            0.133            FlatMap
[0, 766]             5            0.045            ArrangeByKey
[0, 767]             3            0.061            FlatMap
[0, 768]             5            0.044            ArrangeByKey
[0, 769]             1240         44.075           Iterative
[0, 769, 1]          3            0.006            FlatMap
[0, 769, 2]          3            0.031            Enter
[0, 769, 3]          3            0.007            FlatMap
[0, 769, 4]          3            0.009            FlatMap
[0, 769, 5]          25           0.036            Feedback
[0, 769, 6]          25           1.118            FlatMap
[0, 769, 7]          47           1.341            ArrangeByKey
[0, 769, 8]          33           0.745            Join
[0, 769, 9]          62           1.341            ArrangeByKey
[0, 769, 10]         21           0.252            AsCollection
[0, 769, 11]         21           1.262            FlatMap
[0, 769, 12]         59           1.393            Arrange: Threshold
[0, 769, 13]         31           3.781            Threshold
[0, 769, 14]         21           0.158            AsCollection
[0, 769, 15]         34           0.863            Join
[0, 769, 16]         13           0.245            FlatMap
[0, 769, 17]         39           0.187            Arrange: Threshold
[0, 769, 18]         21           0.240            Threshold
[0, 769, 19]         9            0.017            AsCollection
[0, 769, 20]         9            0.020            FlatMap
[0, 769, 21]         23           0.034            Concatenate
[0, 769, 22]         23           0.120            FlatMap
[0, 769, 23]         23           1.149            FlatMap
[0, 769, 24]         57           1.316            Arrange: Threshold
[0, 769, 25]         30           3.263            Threshold
[0, 769, 26]         23           0.148            AsCollection
[0, 769, 27]         33           0.705            Join
[0, 769, 28]         26           0.115            ArrangeByKey
[0, 769, 29]         9            0.014            AsCollection
[0, 769, 30]         9            0.165            FlatMap
[0, 769, 31]         34           0.113            Arrange: Threshold
[0, 769, 32]         20           0.161            Threshold
[0, 769, 33]         9            0.014            AsCollection
[0, 769, 34]         24           0.140            Join
[0, 769, 35]         7            0.100            FlatMap
[0, 769, 36]         28           0.074            Arrange: Threshold
[0, 769, 37]         20           0.115            Threshold
[0, 769, 38]         7            0.010            AsCollection
[0, 769, 39]         7            0.011            FlatMap
[0, 769, 40]         11           0.014            Concatenate
[0, 769, 41]         11           0.016            FlatMap
[0, 769, 42]         11           0.255            FlatMap
[0, 769, 43]         32           0.107            Arrange: Threshold
[0, 769, 44]         21           0.174            Threshold
[0, 769, 45]         9            0.011            AsCollection
[0, 769, 46]         27           0.029            Concatenate
[0, 769, 47]         29           0.032            Concatenate
[0, 769, 48]         29           0.667            FlatMap
[0, 769, 49]         86           0.811            Arrange: Threshold
[0, 769, 50]         30           4.676            Threshold
[0, 769, 51]         25           0.193            AsCollection
[0, 769, 52]         25           0.045            ResultsIn
[0, 770]             30           0.127            Leave
[0, 771]             3            0.009            FlatMap
[0, 772]             3            0.022            FlatMap
[0, 773]             6            0.032            ArrangeBySelf
[0, 774]             3            0.056            FlatMap
[0, 775]             5            0.020            ArrangeByKey
[0, 776]             7            0.065            Join
[0, 777]             5            0.017            ArrangeByKey
[0, 778]             3            0.040            FlatMap
[0, 779]             5            0.017            ArrangeByKey
[0, 780]             7            0.064            Join
[0, 781]             5            0.010            ArrangeByKey
[0, 782]             244          5.389            Iterative
[0, 782, 1]          3            0.008            FlatMap
[0, 782, 2]          3            0.007            FlatMap
[0, 782, 3]          3            0.006            Enter
[0, 782, 4]          3            0.004            FlatMap
[0, 782, 5]          5            0.008            Feedback
[0, 782, 6]          5            0.142            FlatMap
[0, 782, 7]          15           0.167            ArrangeByKey
[0, 782, 8]          12           0.330            Join
[0, 782, 9]          16           0.113            ArrangeByKey
[0, 782, 10]         10           0.177            Join
[0, 782, 11]         20           0.160            ArrangeByKey
[0, 782, 12]         11           0.121            Join
[0, 782, 13]         10           0.028            ArrangeByKey
[0, 782, 14]         8            0.048            Join
[0, 782, 15]         5            0.007            Concatenate
[0, 782, 16]         5            0.079            FlatMap
[0, 782, 17]         39           0.091            Arrange: Threshold
[0, 782, 18]         8            0.255            Threshold
[0, 782, 19]         5            0.029            AsCollection
[0, 782, 20]         5            0.006            ResultsIn
[0, 783]             7            0.018            Leave
[0, 784]             5            0.018            FlatMap
[0, 785]             5            0.019            FlatMap
[0, 786]             5            0.095            FlatMap
[0, 787]             11           0.109            Arrange: Threshold
[0, 788]             4            0.210            Threshold
[0, 789]             3            0.018            AsCollection
[0, 790]             5            0.078            FlatMap
[0, 791]             11           0.064            Arrange: Threshold
[0, 792]             4            0.219            Threshold
[0, 793]             3            0.015            AsCollection
[0, 794]             3            0.107            FlatMap
[0, 795]             5            0.055            ArrangeByKey
[0, 796]             3            0.044            FlatMap
[0, 797]             4            0.024            ArrangeByKey
[0, 798]             3            0.107            FlatMap
[0, 799]             3            0.248            ArrangeByKey
[0, 800]             3            0.151            FlatMap
[0, 801]             5            0.257            ArrangeByKey
[0, 802]             3            0.036            FlatMap
[0, 803]             5            0.031            ArrangeByKey
[0, 804]             3            0.008            FlatMap
[0, 805]             3            0.038            FlatMap
[0, 806]             5            0.050            ArrangeBySelf
[0, 807]             3            0.082            FlatMap
[0, 808]             3            0.105            ArrangeByKey
[0, 809]             3            0.681            FlatMap
[0, 810]             5            2.789            ArrangeByKey
[0, 811]             3            0.240            FlatMap
[0, 812]             3            1.010            ArrangeByKey
[0, 813]             3            0.162            FlatMap
[0, 814]             3            0.524            ArrangeByKey
[0, 815]             3            0.462            FlatMap
[0, 816]             5            3.854            ArrangeByKey
[0, 817]             3            0.121            FlatMap
[0, 818]             5            0.192            ArrangeByKey
[0, 819]             3            0.295            FlatMap
[0, 820]             5            0.709            ArrangeByKey
[0, 821]             3            0.068            FlatMap
[0, 822]             7            0.195            ArrangeByKey
[0, 823]             3            0.221            FlatMap
[0, 824]             5            0.457            ArrangeByKey
[0, 825]             3            0.172            FlatMap
[0, 826]             3            0.372            ArrangeByKey
[0, 827]             3            0.146            FlatMap
[0, 828]             3            0.428            ArrangeByKey
[0, 829]             25           1.212            FlatMap
[0, 830]             42           1.740            ArrangeByKey
[0, 831]             3            0.113            FlatMap
[0, 832]             5            0.324            ArrangeByKey
[0, 833]             3            0.390            FlatMap
[0, 834]             5            0.804            ArrangeByKey
[0, 835]             3            0.101            FlatMap
[0, 836]             3            0.193            ArrangeByKey
[0, 837]             3            0.126            FlatMap
[0, 838]             5            0.087            ArrangeByKey
[0, 839]             3            0.108            FlatMap
[0, 840]             5            0.106            ArrangeByKey
[0, 841]             3            0.018            FlatMap
[0, 842]             3            0.069            FlatMap
[0, 843]             7            0.148            ArrangeBySelf
[0, 844]             3            0.109            FlatMap
[0, 845]             4            0.189            ArrangeByKey
[0, 846]             3            0.183            FlatMap
[0, 847]             5            0.448            ArrangeByKey
[0, 848]             3            0.105            FlatMap
[0, 849]             4            0.144            ArrangeByKey
[0, 850]             3            0.129            FlatMap
[0, 851]             3            0.411            ArrangeByKey
[0, 852]             3            0.085            FlatMap
[0, 853]             5            0.045            ArrangeByKey
[0, 854]             3            0.092            FlatMap
[0, 855]             4            0.115            ArrangeByKey
[0, 856]             3            0.104            FlatMap
[0, 857]             5            0.123            ArrangeByKey
[0, 858]             3            0.107            FlatMap
[0, 859]             4            0.130            ArrangeByKey
[0, 860]             3            0.058            FlatMap
[0, 861]             4            0.138            ArrangeByKey
[0, 862]             3            0.054            FlatMap
[0, 863]             4            0.107            ArrangeByKey
[0, 864]             3            0.110            FlatMap
[0, 865]             4            0.548            ArrangeByKey
[0, 866]             3            0.062            FlatMap
[0, 867]             4            0.137            ArrangeByKey
[0, 868]             3            0.013            FlatMap
[0, 869]             3            0.037            FlatMap
[0, 870]             4            0.038            ArrangeBySelf
[0, 871]             3            0.234            FlatMap
[0, 872]             5            0.659            ArrangeByKey
[0, 873]             7            0.165            Join
[0, 874]             7            0.057            ArrangeByKey
[0, 875]             3            0.121            FlatMap
[0, 876]             5            0.225            ArrangeByKey
[0, 877]             139913       8118.631         Iterative
[0, 877, 1]          3            0.010            FlatMap
[0, 877, 2]          3            0.006            FlatMap
[0, 877, 3]          3            0.009            FlatMap
[0, 877, 4]          3            0.007            FlatMap
[0, 877, 5]          3            0.006            FlatMap
[0, 877, 6]          1            0.001            Enter
[0, 877, 7]          3            0.005            FlatMap
[0, 877, 8]          3            0.007            FlatMap
[0, 877, 9]          3            0.007            FlatMap
[0, 877, 10]         3            0.007            FlatMap
[0, 877, 11]         3            0.007            FlatMap
[0, 877, 12]         3            0.006            FlatMap
[0, 877, 13]         3            0.006            FlatMap
[0, 877, 14]         3            0.006            FlatMap
[0, 877, 15]         3            0.006            FlatMap
[0, 877, 16]         3            0.005            FlatMap
[0, 877, 17]         3            0.007            FlatMap
[0, 877, 18]         3            0.006            FlatMap
[0, 877, 19]         3            0.011            FlatMap
[0, 877, 20]         3            0.007            FlatMap
[0, 877, 21]         3            0.007            FlatMap
[0, 877, 22]         3            0.004            FlatMap
[0, 877, 23]         3            0.008            FlatMap
[0, 877, 24]         3            0.033            FlatMap
[0, 877, 25]         3            0.006            FlatMap
[0, 877, 26]         3            0.009            FlatMap
[0, 877, 27]         3            0.005            FlatMap
[0, 877, 28]         1            0.001            Enter
[0, 877, 29]         3            0.009            FlatMap
[0, 877, 30]         3            0.006            FlatMap
[0, 877, 31]         3            0.007            FlatMap
[0, 877, 32]         3            0.005            FlatMap
[0, 877, 33]         3            0.004            FlatMap
[0, 877, 34]         3            0.007            FlatMap
[0, 877, 35]         3            0.008            FlatMap
[0, 877, 36]         3            0.005            FlatMap
[0, 877, 37]         3            0.005            FlatMap
[0, 877, 38]         3            0.014            FlatMap
[0, 877, 39]         3            0.005            FlatMap
[0, 877, 40]         3            0.005            FlatMap
[0, 877, 41]         3            0.005            FlatMap
[0, 877, 42]         215          0.384            Feedback
[0, 877, 43]         413          0.821            Feedback
[0, 877, 44]         215          0.347            Feedback
[0, 877, 45]         319          0.392            Feedback
[0, 877, 46]         337          0.431            Feedback
[0, 877, 47]         451          8.526            Feedback
[0, 877, 48]         347          0.435            Feedback
[0, 877, 49]         89           0.142            Feedback
[0, 877, 50]         89           0.161            FlatMap
[0, 877, 51]         89           1.170            FlatMap
[0, 877, 52]         795          1.537            ArrangeBySelf
[0, 877, 53]         323          1.629            Join
[0, 877, 54]         322          1.119            Join
[0, 877, 55]         215          0.457            FlatMap
[0, 877, 56]         215          4.201            FlatMap
[0, 877, 57]         759          2.108            ArrangeBySelf
[0, 877, 58]         435          3.224            Join
[0, 877, 59]         476          1.497            ArrangeByKey
[0, 877, 60]         451          46.016           FlatMap
[0, 877, 61]         2117         138.159          ArrangeByKey
[0, 877, 62]         855          5.516            Join
[0, 877, 63]         471          1.936            ArrangeByKey
[0, 877, 64]         894          22.968           Join
[0, 877, 65]         992          10.232           ArrangeByKey
[0, 877, 66]         547          18.434           Join
[0, 877, 67]         986          14.746           ArrangeByKey
[0, 877, 68]         619          22.801           Join
[0, 877, 69]         936          6.034            ArrangeByKey
[0, 877, 70]         390          13.148           Join
[0, 877, 71]         955          3.160            ArrangeByKey
[0, 877, 72]         499          4.914            Join
[0, 877, 73]         435          2.490            Join
[0, 877, 74]         505          1.448            ArrangeByKey
[0, 877, 75]         866          5.024            Join
[0, 877, 76]         466          1.302            ArrangeByKey
[0, 877, 77]         347          9.814            FlatMap
[0, 877, 78]         1327         7.600            ArrangeByKey
[0, 877, 79]         861          25.661           Join
[0, 877, 80]         1290         26.303           ArrangeByKey
[0, 877, 81]         601          56.958           Join
[0, 877, 82]         1075         24.772           ArrangeByKey
[0, 877, 83]         594          39.271           Join
[0, 877, 84]         1021         1.596            ArrangeByKey
[0, 877, 85]         272          2.155            Join
[0, 877, 86]         723          1.394            ArrangeByKey
[0, 877, 87]         254          1.787            Join
[0, 877, 88]         435          6.707            Join
[0, 877, 89]         888          2.568            ArrangeByKey
[0, 877, 90]         944          21.200           Join
[0, 877, 91]         435          4.925            Join
[0, 877, 92]         700          1.638            ArrangeByKey
[0, 877, 93]         891          19.215           Join
[0, 877, 94]         710          5.627            ArrangeByKey
[0, 877, 95]         413          28.880           FlatMap
[0, 877, 96]         1643         45.195           ArrangeByKey
[0, 877, 97]         1171         103.721          Join
[0, 877, 98]         436          2.657            Join
[0, 877, 99]         215          6.808            FlatMap
[0, 877, 100]        943          4.359            ArrangeBySelf
[0, 877, 101]        528          6.445            Join
[0, 877, 102]        665          1.669            ArrangeByKey
[0, 877, 103]        528          8.278            Join
[0, 877, 104]        710          1.523            ArrangeByKey
[0, 877, 105]        968          12.411           Join
[0, 877, 106]        722          3.114            ArrangeByKey
[0, 877, 107]        986          16.961           Join
[0, 877, 108]        816          2.712            ArrangeByKey
[0, 877, 109]        546          4.775            Join
[0, 877, 110]        528          7.635            Join
[0, 877, 111]        741          1.971            ArrangeByKey
[0, 877, 112]        527          6.723            Join
[0, 877, 113]        675          1.361            ArrangeByKey
[0, 877, 114]        527          6.068            Join
[0, 877, 115]        674          1.332            ArrangeByKey
[0, 877, 116]        1013         45.559           Join
[0, 877, 117]        890          31.291           ArrangeByKey
[0, 877, 118]        592          33.289           Join
[0, 877, 119]        1120         12.917           ArrangeByKey
[0, 877, 120]        1119         19.705           Join
[0, 877, 121]        1228         3.067            ArrangeByKey
[0, 877, 122]        1109         25.845           Join
[0, 877, 123]        1285         8.426            ArrangeByKey
[0, 877, 124]        652          12.094           Join
[0, 877, 125]        319          8.364            FlatMap
[0, 877, 126]        1025         4.879            ArrangeByKey
[0, 877, 127]        568          12.676           Join
[0, 877, 128]        1055         2.932            ArrangeByKey
[0, 877, 129]        513          4.953            Join
[0, 877, 130]        337          9.476            FlatMap
[0, 877, 131]        1367         5.411            ArrangeByKey
[0, 877, 132]        1195         291.207          Join
[0, 877, 133]        435          3.477            Join
[0, 877, 134]        602          1.455            ArrangeByKey
[0, 877, 135]        301          2.907            Join
[0, 877, 136]        564          2.200            ArrangeByKey
[0, 877, 137]        466          10.898           Join
[0, 877, 138]        1653         29.327           ArrangeByKey
[0, 877, 139]        451          7.745            FlatMap
[0, 877, 140]        451          25.061           FlatMap
[0, 877, 141]        1696         50.971           ArrangeBySelf
[0, 877, 142]        1167         444.709          Join
[0, 877, 143]        592          72.175           Join
[0, 877, 144]        1357         30.712           ArrangeByKey
[0, 877, 145]        1119         53.452           Join
[0, 877, 146]        1780         16.080           ArrangeByKey
[0, 877, 147]        1109         70.223           Join
[0, 877, 148]        1849         10.595           ArrangeByKey
[0, 877, 149]        657          25.782           Join
[0, 877, 150]        1454         21.809           ArrangeByKey
[0, 877, 151]        583          48.258           Join
[0, 877, 152]        451          8.939            FlatMap
[0, 877, 153]        451          37.842           FlatMap
[0, 877, 154]        2411         36.092           ArrangeBySelf
[0, 877, 155]        528          9.500            Join
[0, 877, 156]        998          4.278            ArrangeByKey
[0, 877, 157]        958          10.756           Join
[0, 877, 158]        373          6.583            FlatMap
[0, 877, 159]        908          2.980            ArrangeBySelf
[0, 877, 160]        547          13.025           Join
[0, 877, 161]        976          2.524            ArrangeByKey
[0, 877, 162]        847          4.679            Join
[0, 877, 163]        567          14.124           Join
[0, 877, 164]        1227         2.358            ArrangeByKey
[0, 877, 165]        506          3.723            Join
[0, 877, 166]        435          3.414            Join
[0, 877, 167]        636          1.641            ArrangeByKey
[0, 877, 168]        888          13.443           Join
[0, 877, 169]        765          5.133            ArrangeByKey
[0, 877, 170]        1146         26.739           Join
[0, 877, 171]        1109         11.773           Join
[0, 877, 172]        421          15.050           FlatMap
[0, 877, 173]        2003         7.746            ArrangeBySelf
[0, 877, 174]        652          6.756            Join
[0, 877, 175]        435          1.876            Join
[0, 877, 176]        103          2.054            FlatMap
[0, 877, 177]        714          1.730            ArrangeBySelf
[0, 877, 178]        433          2.595            Join
[0, 877, 179]        323          1.587            Join
[0, 877, 180]        435          1.685            Join
[0, 877, 181]        55           0.793            FlatMap
[0, 877, 182]        559          1.114            ArrangeBySelf
[0, 877, 183]        326          1.648            Join
[0, 877, 184]        435          2.437            Join
[0, 877, 185]        561          1.221            ArrangeByKey
[0, 877, 186]        215          4.769            FlatMap
[0, 877, 187]        1046         1.992            ArrangeByKey
[0, 877, 188]        670          3.912            Join
[0, 877, 189]        847          5.151            Join
[0, 877, 190]        435          2.073            Join
[0, 877, 191]        444          1.057            ArrangeByKey
[0, 877, 192]        868          158.436          Join
[0, 877, 193]        435          1.574            Join
[0, 877, 194]        23           0.418            FlatMap
[0, 877, 195]        448          0.947            ArrangeBySelf
[0, 877, 196]        291          1.315            Join
[0, 877, 197]        215          0.366            FlatMap
[0, 877, 198]        215          3.948            FlatMap
[0, 877, 199]        783          1.441            ArrangeBySelf
[0, 877, 200]        435          2.498            Join
[0, 877, 201]        435          1.656            Join
[0, 877, 202]        435          1.199            Join
[0, 877, 203]        436          8.610            Join
[0, 877, 204]        1050         4.175            ArrangeByKey
[0, 877, 205]        531          4.890            Join
[0, 877, 206]        139          1.983            FlatMap
[0, 877, 207]        644          1.687            ArrangeBySelf
[0, 877, 208]        372          2.150            Join
[0, 877, 209]        139          2.157            FlatMap
[0, 877, 210]        722          1.399            ArrangeBySelf
[0, 877, 211]        339          1.989            Join
[0, 877, 212]        443          0.621            Concatenate
[0, 877, 213]        772          0.780            Concatenate
[0, 877, 214]        854          0.723            Concatenate
[0, 877, 215]        854          0.665            Concatenate
[0, 877, 216]        854          24.125           FlatMap
[0, 877, 217]        2747         6.135            Arrange: Threshold
[0, 877, 218]        589          7.454            Threshold
[0, 877, 219]        391          0.553            AsCollection
[0, 877, 220]        359          0.586            Concatenate
[0, 877, 221]        359          8.045            FlatMap
[0, 877, 222]        1324         4.018            Arrange: Threshold
[0, 877, 223]        567          7.534            Threshold
[0, 877, 224]        337          0.777            AsCollection
[0, 877, 225]        261          6.446            FlatMap
[0, 877, 226]        710          1.806            Arrange: Threshold
[0, 877, 227]        441          3.905            Threshold
[0, 877, 228]        215          0.512            AsCollection
[0, 877, 229]        757          0.784            Concatenate
[0, 877, 230]        839          0.673            Concatenate
[0, 877, 231]        839          25.325           FlatMap
[0, 877, 232]        2760         8.688            Arrange: Threshold
[0, 877, 233]        614          15.919           Threshold
[0, 877, 234]        413          0.726            AsCollection
[0, 877, 235]        649          39.128           FlatMap
[0, 877, 236]        2388         48.142           Arrange: Threshold
[0, 877, 237]        636          359.673          Threshold
[0, 877, 238]        417          9.603            AsCollection
[0, 877, 239]        285          0.466            Concatenate
[0, 877, 240]        289          0.359            Concatenate
[0, 877, 241]        325          0.412            Concatenate
[0, 877, 242]        333          0.400            Concatenate
[0, 877, 243]        425          0.444            Concatenate
[0, 877, 244]        425          0.411            Concatenate
[0, 877, 245]        425          6.848            FlatMap
[0, 877, 246]        2039         2.121            Arrange: Threshold
[0, 877, 247]        397          2.601            Threshold
[0, 877, 248]        157          0.249            AsCollection
[0, 877, 249]        225          6.769            FlatMap
[0, 877, 250]        1323         4.245            Arrange: Threshold
[0, 877, 251]        577          14.326           Threshold
[0, 877, 252]        365          0.749            AsCollection
[0, 877, 253]        464          0.786            Concatenate
[0, 877, 254]        1109         1.542            Concatenate
[0, 877, 255]        1386         1.503            Concatenate
[0, 877, 256]        1585         4.119            Concatenate
[0, 877, 257]        1816         3.871            Concatenate
[0, 877, 258]        2189         3.949            Concatenate
[0, 877, 259]        2271         3.903            Concatenate
[0, 877, 260]        2359         3.943            Concatenate
[0, 877, 261]        2359         348.108          FlatMap
[0, 877, 262]        9393         315.101          Arrange: Threshold
[0, 877, 263]        656          1594.601         Threshold
[0, 877, 264]        455          15.997           AsCollection
[0, 877, 265]        215          0.248            ResultsIn
[0, 877, 266]        413          2.488            ResultsIn
[0, 877, 267]        347          0.368            ResultsIn
[0, 877, 268]        89           0.122            ResultsIn
[0, 877, 269]        215          0.256            ResultsIn
[0, 877, 270]        451          2.147            ResultsIn
[0, 877, 271]        319          0.326            ResultsIn
[0, 877, 272]        337          0.396            ResultsIn
[0, 878]             495          0.473            Leave
[0, 879]             827          1.700            Leave
[0, 880]             592          0.547            Leave
[0, 881]             535          0.506            Leave
[0, 882]             771          0.601            Leave
[0, 883]             1242         3.112            Leave
[0, 884]             745          0.590            Leave
[0, 885]             421          0.328            Leave
[0, 886]             25           0.551            FlatMap
[0, 887]             41           1.068            Arrange: Threshold
[0, 888]             4            2.092            Threshold
[0, 889]             3            0.120            AsCollection
[0, 890]             3            0.051            FlatMap
[0, 891]             3            0.046            FlatMap
[0, 892]             3            0.106            FlatMap
[0, 893]             12           0.009            Consolidate
[0, 894]             1            0.002            AsCollection
[0, 895]             2            0.004            InspectBatch
[0, 896]             2            0.002            Probe
[0, 897]             3            0.072            FlatMap
[0, 898]             3            0.133            Arrange: Threshold
[0, 899]             3            0.386            Threshold
[0, 900]             3            0.023            AsCollection
[0, 901]             3            0.014            FlatMap
[0, 902]             3            0.012            FlatMap
[0, 903]             3            0.039            FlatMap
[0, 904]             4            0.009            Consolidate
[0, 905]             1            0.001            AsCollection
[0, 906]             2            0.003            InspectBatch
[0, 907]             2            0.002            Probe
[0, 908]             3            0.020            FlatMap
[0, 909]             6            0.085            Arrange: Threshold
[0, 910]             4            0.062            Threshold
[0, 911]             3            0.010            AsCollection
[0, 912]             3            0.006            FlatMap
[0, 913]             3            0.006            FlatMap
[0, 914]             3            0.022            FlatMap
[0, 915]             6            0.014            Consolidate
[0, 916]             1            0.001            AsCollection
[0, 917]             2            0.003            InspectBatch
[0, 918]             2            0.001            Probe
[0, 919]             19           0.242            FlatMap
[0, 920]             40           0.073            Arrange: Threshold
[0, 921]             4            0.098            Threshold
[0, 922]             3            0.008            AsCollection
[0, 923]             3            0.006            FlatMap
[0, 924]             3            0.006            FlatMap
[0, 925]             3            0.051            FlatMap
[0, 926]             6            0.009            Consolidate
[0, 927]             1            0.001            AsCollection
[0, 928]             2            0.003            InspectBatch
[0, 929]             2            0.002            Probe
[0, 930]             3            0.041            FlatMap
[0, 931]             6            0.036            Arrange: Threshold
[0, 932]             4            0.119            Threshold
[0, 933]             3            0.008            AsCollection
[0, 934]             3            0.006            FlatMap
[0, 935]             3            0.007            FlatMap
[0, 936]             3            0.047            FlatMap
[0, 937]             4            0.007            Consolidate
[0, 938]             1            0.001            AsCollection
[0, 939]             2            0.003            InspectBatch
[0, 940]             2            0.002            Probe
[0, 941]             21           0.284            FlatMap
[0, 942]             42           0.072            Arrange: Threshold
[0, 943]             4            0.097            Threshold
[0, 944]             3            0.007            AsCollection
[0, 945]             3            0.005            FlatMap
[0, 946]             3            0.005            FlatMap
[0, 947]             3            0.032            FlatMap
[0, 948]             6            0.009            Consolidate
[0, 949]             1            0.001            AsCollection
[0, 950]             2            0.003            InspectBatch
[0, 951]             2            0.001            Probe
[0, 952]             5            0.065            FlatMap
[0, 953]             12           0.075            Arrange: Threshold
[0, 954]             4            0.219            Threshold
[0, 955]             3            0.014            AsCollection
[0, 956]             3            0.009            FlatMap
[0, 957]             3            0.008            FlatMap
[0, 958]             3            0.045            FlatMap
[0, 959]             7            0.009            Consolidate
[0, 960]             1            0.001            AsCollection
[0, 961]             2            0.003            InspectBatch
[0, 962]             2            0.001            Probe
[0, 963]             3            0.037            FlatMap
[0, 964]             7            0.053            Arrange: Threshold
[0, 965]             4            0.210            Threshold
[0, 966]             3            0.015            AsCollection
[0, 967]             3            0.009            FlatMap
[0, 968]             3            0.007            FlatMap
[0, 969]             3            0.035            FlatMap
[0, 970]             7            0.007            Consolidate
[0, 971]             1            0.001            AsCollection
[0, 972]             2            0.004            InspectBatch
[0, 973]             2            0.001            Probe
[0, 974]             3            0.049            FlatMap
[0, 975]             7            0.043            Arrange: Threshold
[0, 976]             4            0.210            Threshold
[0, 977]             3            0.013            AsCollection
[0, 978]             3            0.015            FlatMap
[0, 979]             3            0.006            FlatMap
[0, 980]             3            0.035            FlatMap
[0, 981]             9            0.005            Consolidate
[0, 982]             1            0.001            AsCollection
[0, 983]             2            0.003            InspectBatch
[0, 984]             2            0.001            Probe
[0, 985]             1            0.001            FlatMap
[0, 986]             2            0.007            Arrange: Threshold
[0, 987]             2            0.006            Threshold
[0, 988]             1            0.000            AsCollection
[0, 989]             1            0.001            FlatMap
[0, 990]             1            0.001            FlatMap
[0, 991]             1            0.001            FlatMap
[0, 992]             2            0.005            Consolidate
[0, 993]             1            0.000            AsCollection
[0, 994]             2            0.002            InspectBatch
[0, 995]             2            0.002            Probe
[0, 996]             3            0.028            FlatMap
[0, 997]             3            0.017            Arrange: Threshold
[0, 998]             3            0.028            Threshold
[0, 999]             3            0.012            AsCollection
[0, 1000]            3            0.005            FlatMap
[0, 1001]            3            0.003            FlatMap
[0, 1002]            3            0.016            FlatMap
[0, 1003]            4            0.007            Consolidate
[0, 1004]            1            0.001            AsCollection
[0, 1005]            2            0.003            InspectBatch
[0, 1006]            2            0.001            Probe
[0, 1007]            89           1.544            FlatMap
[0, 1008]            683          0.531            Arrange: Threshold
[0, 1009]            4            0.051            Threshold
[0, 1010]            3            0.005            AsCollection
[0, 1011]            3            0.004            FlatMap
[0, 1012]            3            0.005            FlatMap
[0, 1013]            3            0.031            FlatMap
[0, 1014]            4            0.006            Consolidate
[0, 1015]            1            0.000            AsCollection
[0, 1016]            2            0.002            InspectBatch
[0, 1017]            2            0.001            Probe
[0, 1018]            337          6.145            FlatMap
[0, 1019]            1018         1.109            Arrange: Threshold
[0, 1020]            4            0.397            Threshold
[0, 1021]            3            0.029            AsCollection
[0, 1022]            3            0.015            FlatMap
[0, 1023]            3            0.013            FlatMap
[0, 1024]            3            0.031            FlatMap
[0, 1025]            4            0.004            Consolidate
[0, 1026]            1            0.001            AsCollection
[0, 1027]            2            0.002            InspectBatch
[0, 1028]            2            0.001            Probe
[0, 1029]            451          21.604           FlatMap
[0, 1030]            1837         131.657          Arrange: Threshold
[0, 1031]            4            117.161          Threshold
[0, 1032]            3            6.944            AsCollection
[0, 1033]            3            14.121           FlatMap
[0, 1034]            3            2.863            FlatMap
[0, 1035]            3            3.863            FlatMap
[0, 1036]            4            0.021            Consolidate
[0, 1037]            1            0.001            AsCollection
[0, 1038]            2            0.007            InspectBatch
[0, 1039]            2            0.016            Probe
[0, 1040]            413          14.248           FlatMap
[0, 1041]            1298         46.283           Arrange: Threshold
[0, 1042]            4            49.229           Threshold
[0, 1043]            3            3.900            AsCollection
[0, 1044]            3            1.447            FlatMap
[0, 1045]            3            0.939            FlatMap
[0, 1046]            3            1.613            FlatMap
[0, 1047]            49           0.012            Consolidate
[0, 1048]            1            0.001            AsCollection
[0, 1049]            2            0.002            InspectBatch
[0, 1050]            2            0.001            Probe
[0, 1051]            215          3.797            FlatMap
[0, 1052]            875          0.707            Arrange: Threshold
[0, 1053]            4            0.191            Threshold
[0, 1054]            3            0.014            AsCollection
[0, 1055]            3            0.009            FlatMap
[0, 1056]            3            0.009            FlatMap
[0, 1057]            3            0.023            FlatMap
[0, 1058]            49           0.011            Consolidate
[0, 1059]            1            0.001            AsCollection
[0, 1060]            2            0.002            InspectBatch
[0, 1061]            2            0.001            Probe
[0, 1062]            319          6.223            FlatMap
[0, 1063]            858          0.854            Arrange: Threshold
[0, 1064]            4            0.241            Threshold
[0, 1065]            3            0.018            AsCollection
[0, 1066]            3            0.009            FlatMap
[0, 1067]            3            0.010            FlatMap
[0, 1068]            3            0.033            FlatMap
[0, 1069]            49           0.014            Consolidate
[0, 1070]            1            0.000            AsCollection
[0, 1071]            2            0.002            InspectBatch
[0, 1072]            2            0.013            Probe
[0, 1073]            347          6.969            FlatMap
[0, 1074]            1029         1.539            Arrange: Threshold
[0, 1075]            4            0.901            Threshold
[0, 1076]            3            0.055            AsCollection
[0, 1077]            3            0.033            FlatMap
[0, 1078]            3            0.028            FlatMap
[0, 1079]            3            0.055            FlatMap
[0, 1080]            54           0.013            Consolidate
[0, 1081]            1            0.001            AsCollection
[0, 1082]            2            0.002            InspectBatch
[0, 1083]            2            0.001            Probe
[0, 1084]            215          3.787            FlatMap
[0, 1085]            729          0.693            Arrange: Threshold
[0, 1086]            4            0.075            Threshold
[0, 1087]            3            0.007            AsCollection
[0, 1088]            3            0.006            FlatMap
[0, 1089]            3            0.007            FlatMap
[0, 1090]            3            0.026            FlatMap
[0, 1091]            55           0.014            Consolidate
[0, 1092]            1            0.001            AsCollection
[0, 1093]            2            0.004            InspectBatch
[0, 1094]            2            0.001            Probe
