addr                 activations  total_active_ms  name
[0]                  282155       8501.294         Dataflow
[0, 1]               1            0.000            Input
[0, 2]               2            0.404            FlatMap
[0, 3]               7            0.062            Arrange: Threshold
[0, 4]               4            0.068            Threshold
[0, 5]               3            0.021            AsCollection
[0, 6]               1            0.000            Input
[0, 7]               2            0.234            FlatMap
[0, 8]               6            0.044            Arrange: Threshold
[0, 9]               4            0.040            Threshold
[0, 10]              3            0.007            AsCollection
[0, 11]              1            0.000            Input
[0, 12]              1            0.001            FlatMap
[0, 13]              3            0.017            Arrange: Threshold
[0, 14]              2            0.008            Threshold
[0, 15]              1            0.001            AsCollection
[0, 16]              1            0.000            Input
[0, 17]              2            0.374            FlatMap
[0, 18]              7            0.249            Arrange: Threshold
[0, 19]              4            0.378            Threshold
[0, 20]              3            0.035            AsCollection
[0, 21]              1            0.000            Input
[0, 22]              2            0.287            FlatMap
[0, 23]              8            0.050            Arrange: Threshold
[0, 24]              4            0.019            Threshold
[0, 25]              3            0.006            AsCollection
[0, 26]              1            0.000            Input
[0, 27]              2            0.341            FlatMap
[0, 28]              7            0.341            Arrange: Threshold
[0, 29]              4            0.735            Threshold
[0, 30]              3            0.046            AsCollection
[0, 31]              1            0.000            Input
[0, 32]              2            0.480            FlatMap
[0, 33]              7            0.362            Arrange: Threshold
[0, 34]              4            0.631            Threshold
[0, 35]              3            0.036            AsCollection
[0, 36]              1            0.000            Input
[0, 37]              2            0.213            FlatMap
[0, 38]              9            0.289            Arrange: Threshold
[0, 39]              4            0.493            Threshold
[0, 40]              3            0.059            AsCollection
[0, 41]              1            0.000            Input
[0, 42]              2            1.038            FlatMap
[0, 43]              8            2.748            Arrange: Threshold
[0, 44]              4            5.486            Threshold
[0, 45]              3            0.341            AsCollection
[0, 46]              1            0.000            Input
[0, 47]              2            0.104            FlatMap
[0, 48]              8            0.218            Arrange: Threshold
[0, 49]              4            0.502            Threshold
[0, 50]              3            0.045            AsCollection
[0, 51]              1            0.000            Input
[0, 52]              2            0.252            FlatMap
[0, 53]              6            0.060            Arrange: Threshold
[0, 54]              4            0.109            Threshold
[0, 55]              3            0.008            AsCollection
[0, 56]              1            0.000            Input
[0, 57]              2            0.172            FlatMap
[0, 58]              8            0.057            Arrange: Threshold
[0, 59]              4            0.021            Threshold
[0, 60]              3            0.004            AsCollection
[0, 61]              1            0.000            Input
[0, 62]              2            0.125            FlatMap
[0, 63]              6            0.021            Arrange: Threshold
[0, 64]              4            0.029            Threshold
[0, 65]              3            0.004            AsCollection
[0, 66]              1            0.000            Input
[0, 67]              2            0.194            FlatMap
[0, 68]              7            0.041            Arrange: Threshold
[0, 69]              4            0.036            Threshold
[0, 70]              3            0.007            AsCollection
[0, 71]              1            0.000            Input
[0, 72]              2            0.234            FlatMap
[0, 73]              7            0.131            Arrange: Threshold
[0, 74]              4            0.236            Threshold
[0, 75]              3            0.015            AsCollection
[0, 76]              1            0.000            Input
[0, 77]              2            0.276            FlatMap
[0, 78]              7            0.125            Arrange: Threshold
[0, 79]              4            0.283            Threshold
[0, 80]              3            0.018            AsCollection
[0, 81]              1            0.000            Input
[0, 82]              2            0.552            FlatMap
[0, 83]              7            0.343            Arrange: Threshold
[0, 84]              4            0.647            Threshold
[0, 85]              3            0.062            AsCollection
[0, 86]              1            0.000            Input
[0, 87]              2            0.705            FlatMap
[0, 88]              6            1.236            Arrange: Threshold
[0, 89]              4            1.923            Threshold
[0, 90]              3            0.189            AsCollection
[0, 91]              1            0.000            Input
[0, 92]              2            0.153            FlatMap
[0, 93]              7            0.155            Arrange: Threshold
[0, 94]              4            0.282            Threshold
[0, 95]              3            0.025            AsCollection
[0, 96]              1            0.000            Input
[0, 97]              2            0.475            FlatMap
[0, 98]              7            0.344            Arrange: Threshold
[0, 99]              4            0.253            Threshold
[0, 100]             3            0.017            AsCollection
[0, 101]             1            0.000            Input
[0, 102]             2            0.203            FlatMap
[0, 103]             7            0.127            Arrange: Threshold
[0, 104]             4            0.248            Threshold
[0, 105]             3            0.021            AsCollection
[0, 106]             1            0.000            Input
[0, 107]             2            0.411            FlatMap
[0, 108]             7            0.243            Arrange: Threshold
[0, 109]             4            0.395            Threshold
[0, 110]             3            0.039            AsCollection
[0, 111]             1            0.000            Input
[0, 112]             2            0.652            FlatMap
[0, 113]             6            0.603            Arrange: Threshold
[0, 114]             4            1.119            Threshold
[0, 115]             3            0.119            AsCollection
[0, 116]             1            0.000            Input
[0, 117]             2            0.264            FlatMap
[0, 118]             7            0.323            Arrange: Threshold
[0, 119]             4            0.518            Threshold
[0, 120]             3            0.058            AsCollection
[0, 121]             1            0.000            Input
[0, 122]             2            0.248            FlatMap
[0, 123]             7            0.219            Arrange: Threshold
[0, 124]             4            0.493            Threshold
[0, 125]             3            0.060            AsCollection
[0, 126]             1            0.000            Input
[0, 127]             2            0.484            FlatMap
[0, 128]             7            0.185            Arrange: Threshold
[0, 129]             4            0.282            Threshold
[0, 130]             3            0.032            AsCollection
[0, 131]             1            0.000            Input
[0, 132]             2            0.546            FlatMap
[0, 133]             6            0.627            Arrange: Threshold
[0, 134]             4            0.742            Threshold
[0, 135]             3            0.236            AsCollection
[0, 136]             1            0.000            Input
[0, 137]             2            0.173            FlatMap
[0, 138]             7            0.081            Arrange: Threshold
[0, 139]             4            0.080            Threshold
[0, 140]             3            0.010            AsCollection
[0, 141]             1            0.001            Input
[0, 142]             2            0.202            FlatMap
[0, 143]             7            0.119            Arrange: Threshold
[0, 144]             4            0.178            Threshold
[0, 145]             3            0.023            AsCollection
[0, 146]             1            0.000            Input
[0, 147]             2            0.270            FlatMap
[0, 148]             7            0.211            Arrange: Threshold
[0, 149]             4            0.354            Threshold
[0, 150]             3            0.041            AsCollection
[0, 151]             1            0.000            Input
[0, 152]             2            0.386            FlatMap
[0, 153]             6            0.093            Arrange: Threshold
[0, 154]             4            0.139            Threshold
[0, 155]             3            0.019            AsCollection
[0, 156]             1            0.001            Input
[0, 157]             2            0.198            FlatMap
[0, 158]             6            0.181            Arrange: Threshold
[0, 159]             4            0.365            Threshold
[0, 160]             3            0.025            AsCollection
[0, 161]             3            0.008            FlatMap
[0, 162]             3            0.006            FlatMap
[0, 163]             3            0.028            FlatMap
[0, 164]             3            0.023            FlatMap
[0, 165]             3            0.014            FlatMap
[0, 166]             3            0.007            FlatMap
[0, 167]             3            0.007            FlatMap
[0, 168]             3            0.013            FlatMap
[0, 169]             3            0.012            FlatMap
[0, 170]             3            0.012            FlatMap
[0, 171]             3            0.009            FlatMap
[0, 172]             3            0.008            FlatMap
[0, 173]             3            0.008            FlatMap
[0, 174]             3            0.010            FlatMap
[0, 175]             3            0.006            FlatMap
[0, 176]             3            0.006            FlatMap
[0, 177]             3            0.033            FlatMap
[0, 178]             3            0.025            FlatMap
[0, 179]             3            0.022            FlatMap
[0, 180]             3            0.025            FlatMap
[0, 181]             3            0.011            FlatMap
[0, 182]             3            0.011            FlatMap
[0, 183]             3            0.015            FlatMap
[0, 184]             3            0.011            FlatMap
[0, 185]             3            0.020            FlatMap
[0, 186]             3            0.016            FlatMap
[0, 187]             3            0.031            FlatMap
[0, 188]             3            0.030            FlatMap
[0, 189]             3            0.033            FlatMap
[0, 190]             3            0.032            FlatMap
[0, 191]             3            0.014            FlatMap
[0, 192]             3            0.023            FlatMap
[0, 193]             3            0.015            FlatMap
[0, 194]             3            0.010            FlatMap
[0, 195]             3            0.009            FlatMap
[0, 196]             3            0.009            FlatMap
[0, 197]             3            0.009            FlatMap
[0, 198]             3            0.011            FlatMap
[0, 199]             3            0.010            FlatMap
[0, 200]             3            0.015            FlatMap
[0, 201]             3            0.010            FlatMap
[0, 202]             3            0.061            FlatMap
[0, 203]             3            0.058            FlatMap
[0, 204]             3            0.070            FlatMap
[0, 205]             3            0.019            FlatMap
[0, 206]             3            0.021            FlatMap
[0, 207]             3            0.020            FlatMap
[0, 208]             3            0.012            FlatMap
[0, 209]             3            0.014            FlatMap
[0, 210]             3            0.006            FlatMap
[0, 211]             3            0.007            FlatMap
[0, 212]             3            0.005            FlatMap
[0, 213]             3            0.010            FlatMap
[0, 214]             3            0.042            FlatMap
[0, 215]             4            0.072            Arrange: Threshold
[0, 216]             4            0.207            Threshold
[0, 217]             3            0.027            AsCollection
[0, 218]             4            0.008            Concatenate
[0, 219]             4            0.006            Concatenate
[0, 220]             4            0.010            Concatenate
[0, 221]             4            0.043            FlatMap
[0, 222]             11           0.037            Arrange: Threshold
[0, 223]             4            0.065            Threshold
[0, 224]             3            0.009            AsCollection
[0, 225]             3            0.097            FlatMap
[0, 226]             5            0.303            Arrange: Threshold
[0, 227]             4            0.522            Threshold
[0, 228]             3            0.037            AsCollection
[0, 229]             3            0.108            FlatMap
[0, 230]             5            0.121            Arrange: Threshold
[0, 231]             4            0.211            Threshold
[0, 232]             3            0.014            AsCollection
[0, 233]             3            0.018            FlatMap
[0, 234]             10           0.014            Arrange: Threshold
[0, 235]             4            0.023            Threshold
[0, 236]             3            0.004            AsCollection
[0, 237]             3            0.075            FlatMap
[0, 238]             5            0.133            Arrange: Threshold
[0, 239]             4            0.209            Threshold
[0, 240]             3            0.015            AsCollection
[0, 241]             3            0.020            FlatMap
[0, 242]             4            0.016            Arrange: Threshold
[0, 243]             4            0.059            Threshold
[0, 244]             3            0.011            AsCollection
[0, 245]             3            0.069            FlatMap
[0, 246]             5            0.096            Arrange: Threshold
[0, 247]             4            0.109            Threshold
[0, 248]             3            0.010            AsCollection
[0, 249]             3            0.099            FlatMap
[0, 250]             5            0.165            Arrange: Threshold
[0, 251]             4            0.297            Threshold
[0, 252]             3            0.020            AsCollection
[0, 253]             3            0.269            FlatMap
[0, 254]             5            0.853            Arrange: Threshold
[0, 255]             4            1.693            Threshold
[0, 256]             3            0.101            AsCollection
[0, 257]             3            0.024            FlatMap
[0, 258]             12           0.061            Arrange: Threshold
[0, 259]             4            0.050            Threshold
[0, 260]             3            0.014            AsCollection
[0, 261]             3            0.115            FlatMap
[0, 262]             5            0.124            Arrange: Threshold
[0, 263]             4            0.230            Threshold
[0, 264]             3            0.017            AsCollection
[0, 265]             3            0.008            Concatenate
[0, 266]             3            0.007            Concatenate
[0, 267]             3            0.198            FlatMap
[0, 268]             5            0.744            Arrange: Threshold
[0, 269]             4            1.382            Threshold
[0, 270]             3            0.150            AsCollection
[0, 271]             3            0.082            FlatMap
[0, 272]             5            0.121            Arrange: Threshold
[0, 273]             4            0.198            Threshold
[0, 274]             3            0.014            AsCollection
[0, 275]             3            0.030            FlatMap
[0, 276]             5            0.044            Arrange: Threshold
[0, 277]             4            0.039            Threshold
[0, 278]             3            0.006            AsCollection
[0, 279]             3            0.093            FlatMap
[0, 280]             5            0.142            Arrange: Threshold
[0, 281]             4            0.262            Threshold
[0, 282]             3            0.018            AsCollection
[0, 283]             3            0.201            FlatMap
[0, 284]             5            0.398            Arrange: Threshold
[0, 285]             4            0.823            Threshold
[0, 286]             3            0.049            AsCollection
[0, 287]             3            0.224            FlatMap
[0, 288]             5            0.129            Arrange: Threshold
[0, 289]             4            0.202            Threshold
[0, 290]             3            0.017            AsCollection
[0, 291]             3            0.006            Concatenate
[0, 292]             3            0.005            Concatenate
[0, 293]             3            0.005            Concatenate
[0, 294]             3            0.201            FlatMap
[0, 295]             5            0.503            Arrange: Threshold
[0, 296]             4            0.965            Threshold
[0, 297]             3            0.063            AsCollection
[0, 298]             3            0.143            FlatMap
[0, 299]             5            0.228            Arrange: Threshold
[0, 300]             4            0.413            Threshold
[0, 301]             3            0.033            AsCollection
[0, 302]             3            0.011            Concatenate
[0, 303]             3            0.009            Concatenate
[0, 304]             3            0.314            FlatMap
[0, 305]             5            1.315            Arrange: Threshold
[0, 306]             4            2.382            Threshold
[0, 307]             3            0.198            AsCollection
[0, 308]             3            0.124            FlatMap
[0, 309]             5            0.300            Arrange: Threshold
[0, 310]             4            0.588            Threshold
[0, 311]             3            0.040            AsCollection
[0, 312]             3            0.101            FlatMap
[0, 313]             5            0.078            Arrange: Threshold
[0, 314]             4            0.104            Threshold
[0, 315]             3            0.008            AsCollection
[0, 316]             3            0.030            FlatMap
[0, 317]             14           0.012            Arrange: Threshold
[0, 318]             4            0.020            Threshold
[0, 319]             3            0.006            AsCollection
[0, 320]             3            0.006            Concatenate
[0, 321]             3            0.007            Concatenate
[0, 322]             3            0.009            Concatenate
[0, 323]             3            0.006            Concatenate
[0, 324]             3            0.019            Concatenate
[0, 325]             3            0.022            Concatenate
[0, 326]             3            0.010            Concatenate
[0, 327]             3            0.010            Concatenate
[0, 328]             3            0.010            Concatenate
[0, 329]             3            0.011            Concatenate
[0, 330]             3            0.022            Concatenate
[0, 331]             3            0.018            Concatenate
[0, 332]             3            0.688            FlatMap
[0, 333]             5            2.984            Arrange: Threshold
[0, 334]             4            4.954            Threshold
[0, 335]             3            0.529            AsCollection
[0, 336]             3            0.145            FlatMap
[0, 337]             5            0.494            Arrange: Threshold
[0, 338]             4            0.600            Threshold
[0, 339]             3            0.035            AsCollection
[0, 340]             3            0.113            FlatMap
[0, 341]             5            0.131            Arrange: Threshold
[0, 342]             4            0.220            Threshold
[0, 343]             3            0.016            AsCollection
[0, 344]             3            0.086            FlatMap
[0, 345]             5            0.072            Arrange: Threshold
[0, 346]             4            0.070            Threshold
[0, 347]             3            0.006            AsCollection
[0, 348]             3            0.006            Concatenate
[0, 349]             4            0.005            Concatenate
[0, 350]             4            0.007            Concatenate
[0, 351]             4            0.005            Concatenate
[0, 352]             4            0.182            FlatMap
[0, 353]             16           0.103            Arrange: Threshold
[0, 354]             4            0.072            Threshold
[0, 355]             3            0.014            AsCollection
[0, 356]             3            0.145            FlatMap
[0, 357]             5            0.150            Arrange: Threshold
[0, 358]             4            0.274            Threshold
[0, 359]             3            0.017            AsCollection
[0, 360]             3            0.165            FlatMap
[0, 361]             5            0.223            Arrange: Threshold
[0, 362]             4            0.415            Threshold
[0, 363]             3            0.036            AsCollection
[0, 364]             3            0.203            FlatMap
[0, 365]             5            0.207            Arrange: Threshold
[0, 366]             4            0.336            Threshold
[0, 367]             3            0.022            AsCollection
[0, 368]             3            0.293            FlatMap
[0, 369]             5            0.389            Arrange: Threshold
[0, 370]             4            0.819            Threshold
[0, 371]             3            0.050            AsCollection
[0, 372]             3            0.140            FlatMap
[0, 373]             6            0.116            Arrange: Threshold
[0, 374]             4            0.172            Threshold
[0, 375]             3            0.012            AsCollection
[0, 376]             3            0.004            FlatMap
[0, 377]             1            0.001            FlatMap
[0, 378]             3            0.007            ArrangeBySelf
[0, 379]             3            0.004            FlatMap
[0, 380]             1            0.001            FlatMap
[0, 381]             3            0.008            ArrangeBySelf
[0, 382]             2            0.009            Join
[0, 383]             3            0.010            ArrangeByKey
[0, 384]             3            0.032            FlatMap
[0, 385]             6            0.014            ArrangeByKey
[0, 386]             3            0.013            Join
[0, 387]             3            0.004            FlatMap
[0, 388]             1            0.001            FlatMap
[0, 389]             3            0.005            ArrangeBySelf
[0, 390]             3            0.005            FlatMap
[0, 391]             1            0.001            FlatMap
[0, 392]             3            0.007            ArrangeBySelf
[0, 393]             2            0.007            Join
[0, 394]             3            0.006            ArrangeByKey
[0, 395]             3            0.013            Join
[0, 396]             3            0.004            FlatMap
[0, 397]             3            0.006            ArrangeByKey
[0, 398]             2            0.008            Join
[0, 399]             3            0.020            FlatMap
[0, 400]             6            0.010            ArrangeByKey
[0, 401]             2            0.009            Join
[0, 402]             3            0.006            FlatMap
[0, 403]             3            0.006            FlatMap
[0, 404]             3            0.007            FlatMap
[0, 405]             3            0.008            FlatMap
[0, 406]             3            0.016            FlatMap
[0, 407]             3            0.026            FlatMap
[0, 408]             4            0.008            ArrangeBySelf
[0, 409]             3            0.019            FlatMap
[0, 410]             3            0.059            FlatMap
[0, 411]             23           0.130            ArrangeBySelf
[0, 412]             3            0.012            FlatMap
[0, 413]             1            0.001            FlatMap
[0, 414]             4            0.009            ArrangeBySelf
[0, 415]             3            0.015            FlatMap
[0, 416]             3            0.028            FlatMap
[0, 417]             16           0.040            ArrangeBySelf
[0, 418]             3            0.107            FlatMap
[0, 419]             5            0.244            ArrangeByKey
[0, 420]             1            0.001            FlatMap
[0, 421]             1            0.001            FlatMap
[0, 422]             2            0.006            ArrangeBySelf
[0, 423]             5            0.029            Join
[0, 424]             4            0.014            ArrangeByKey
[0, 425]             5            0.023            Join
[0, 426]             3            0.008            ArrangeByKey
[0, 427]             3            0.014            Join
[0, 428]             1            0.000            FlatMap
[0, 429]             7            0.008            ArrangeBySelf
[0, 430]             5            0.022            Join
[0, 431]             1            0.001            FlatMap
[0, 432]             8            0.008            ArrangeBySelf
[0, 433]             5            0.021            Join
[0, 434]             1            0.000            FlatMap
[0, 435]             8            0.006            ArrangeBySelf
[0, 436]             3            0.013            Join
[0, 437]             2            0.005            ArrangeByKey
[0, 438]             3            0.011            Join
[0, 439]             1            0.001            FlatMap
[0, 440]             2            0.007            ArrangeBySelf
[0, 441]             3            0.010            Join
[0, 442]             1            0.000            FlatMap
[0, 443]             2            0.004            ArrangeBySelf
[0, 444]             3            0.010            Join
[0, 445]             2            0.005            ArrangeByKey
[0, 446]             2            0.007            Join
[0, 447]             1            0.000            FlatMap
[0, 448]             3            0.006            ArrangeBySelf
[0, 449]             3            0.011            Join
[0, 450]             3            0.012            FlatMap
[0, 451]             3            0.035            FlatMap
[0, 452]             20           0.041            ArrangeBySelf
[0, 453]             3            0.106            FlatMap
[0, 454]             5            0.226            ArrangeByKey
[0, 455]             3            0.194            FlatMap
[0, 456]             6            0.244            ArrangeByKey
[0, 457]             3            0.095            FlatMap
[0, 458]             5            0.205            ArrangeByKey
[0, 459]             3            0.054            AsCollection
[0, 460]             3            0.172            FlatMap
[0, 461]             5            0.205            Arrange: Threshold
[0, 462]             4            0.395            Threshold
[0, 463]             3            0.027            AsCollection
[0, 464]             6            0.052            Join
[0, 465]             3            0.060            FlatMap
[0, 466]             5            0.057            Arrange: Threshold
[0, 467]             4            0.044            Threshold
[0, 468]             3            0.005            AsCollection
[0, 469]             3            0.005            FlatMap
[0, 470]             3            0.006            Concatenate
[0, 471]             3            0.015            FlatMap
[0, 472]             3            0.052            FlatMap
[0, 473]             4            0.127            Arrange: Threshold
[0, 474]             4            0.368            Threshold
[0, 475]             3            0.109            AsCollection
[0, 476]             5            0.193            ArrangeByKey
[0, 477]             3            0.053            AsCollection
[0, 478]             3            0.097            FlatMap
[0, 479]             5            0.233            Arrange: Threshold
[0, 480]             4            0.403            Threshold
[0, 481]             3            0.027            AsCollection
[0, 482]             6            0.045            Join
[0, 483]             3            0.080            FlatMap
[0, 484]             7            0.085            Arrange: Threshold
[0, 485]             4            0.055            Threshold
[0, 486]             3            0.005            AsCollection
[0, 487]             3            0.005            FlatMap
[0, 488]             4            0.007            Concatenate
[0, 489]             4            0.015            FlatMap
[0, 490]             4            0.074            FlatMap
[0, 491]             7            0.127            Arrange: Threshold
[0, 492]             4            0.358            Threshold
[0, 493]             3            0.117            AsCollection
[0, 494]             5            0.194            ArrangeByKey
[0, 495]             3            0.056            AsCollection
[0, 496]             3            0.095            FlatMap
[0, 497]             5            0.198            Arrange: Threshold
[0, 498]             4            0.403            Threshold
[0, 499]             3            0.027            AsCollection
[0, 500]             6            0.046            Join
[0, 501]             3            0.061            FlatMap
[0, 502]             5            0.050            Arrange: Threshold
[0, 503]             4            0.050            Threshold
[0, 504]             3            0.006            AsCollection
[0, 505]             3            0.004            FlatMap
[0, 506]             3            0.005            Concatenate
[0, 507]             3            0.013            FlatMap
[0, 508]             3            0.044            FlatMap
[0, 509]             4            0.127            Arrange: Threshold
[0, 510]             4            0.376            Threshold
[0, 511]             3            0.118            AsCollection
[0, 512]             5            0.199            ArrangeByKey
[0, 513]             6            0.289            Join
[0, 514]             9            0.113            ArrangeByKey
[0, 515]             6            0.270            Join
[0, 516]             3            0.025            FlatMap
[0, 517]             3            0.056            FlatMap
[0, 518]             4            0.182            ArrangeBySelf
[0, 519]             3            0.212            FlatMap
[0, 520]             5            0.709            ArrangeByKey
[0, 521]             6            0.610            Join
[0, 522]             5            0.397            ArrangeByKey
[0, 523]             3            0.021            FlatMap
[0, 524]             3            0.108            FlatMap
[0, 525]             5            0.163            ArrangeBySelf
[0, 526]             3            0.289            FlatMap
[0, 527]             6            0.259            ArrangeByKey
[0, 528]             6            0.232            Join
[0, 529]             4            0.195            ArrangeByKey
[0, 530]             7            0.251            Join
[0, 531]             4            0.085            ArrangeByKey
[0, 532]             6            0.288            Join
[0, 533]             3            0.028            FlatMap
[0, 534]             3            0.241            FlatMap
[0, 535]             6            0.194            ArrangeBySelf
[0, 536]             3            0.118            FlatMap
[0, 537]             5            0.191            ArrangeByKey
[0, 538]             7            0.219            Join
[0, 539]             4            0.193            ArrangeByKey
[0, 540]             7            0.251            Join
[0, 541]             4            0.109            ArrangeByKey
[0, 542]             6            0.254            Join
[0, 543]             3            0.011            FlatMap
[0, 544]             3            0.034            FlatMap
[0, 545]             4            0.037            ArrangeBySelf
[0, 546]             3            0.584            FlatMap
[0, 547]             5            2.960            ArrangeByKey
[0, 548]             3            0.242            FlatMap
[0, 549]             5            0.685            ArrangeByKey
[0, 550]             6            0.176            Join
[0, 551]             19           0.058            ArrangeByKey
[0, 552]             6            0.153            Join
[0, 553]             4            0.043            ArrangeByKey
[0, 554]             6            0.131            Join
[0, 555]             3            0.511            FlatMap
[0, 556]             5            2.983            ArrangeByKey
[0, 557]             3            0.089            FlatMap
[0, 558]             5            0.161            ArrangeByKey
[0, 559]             6            0.249            Join
[0, 560]             3            0.135            FlatMap
[0, 561]             5            0.307            ArrangeByKey
[0, 562]             6            0.326            Join
[0, 563]             4            0.163            ArrangeByKey
[0, 564]             3            0.311            FlatMap
[0, 565]             5            1.261            ArrangeByKey
[0, 566]             6            0.372            Join
[0, 567]             3            0.309            FlatMap
[0, 568]             5            1.291            ArrangeByKey
[0, 569]             6            1.444            Join
[0, 570]             4            0.813            ArrangeByKey
[0, 571]             3            0.242            FlatMap
[0, 572]             5            0.846            ArrangeByKey
[0, 573]             6            1.133            Join
[0, 574]             3            0.087            FlatMap
[0, 575]             5            0.121            ArrangeByKey
[0, 576]             6            0.161            Join
[0, 577]             4            0.056            ArrangeByKey
[0, 578]             6            0.173            Join
[0, 579]             4            0.056            ArrangeByKey
[0, 580]             3            0.081            FlatMap
[0, 581]             5            0.114            ArrangeByKey
[0, 582]             7            0.174            Join
[0, 583]             3            0.102            FlatMap
[0, 584]             5            0.149            ArrangeByKey
[0, 585]             6            0.191            Join
[0, 586]             4            0.087            ArrangeByKey
[0, 587]             3            0.095            FlatMap
[0, 588]             5            0.136            ArrangeByKey
[0, 589]             6            0.211            Join
[0, 590]             3            0.066            FlatMap
[0, 591]             5            0.085            ArrangeByKey
[0, 592]             6            0.102            Join
[0, 593]             4            0.025            ArrangeByKey
[0, 594]             3            0.091            FlatMap
[0, 595]             5            0.081            ArrangeByKey
[0, 596]             6            0.094            Join
[0, 597]             3            0.060            FlatMap
[0, 598]             5            0.074            ArrangeByKey
[0, 599]             6            0.084            Join
[0, 600]             4            0.032            ArrangeByKey
[0, 601]             3            0.216            FlatMap
[0, 602]             5            0.627            ArrangeByKey
[0, 603]             6            0.081            Join
[0, 604]             6            0.676            Join
[0, 605]             5            0.296            ArrangeByKey
[0, 606]             3            0.085            FlatMap
[0, 607]             5            0.109            ArrangeByKey
[0, 608]             6            0.161            Join
[0, 609]             3            0.141            FlatMap
[0, 610]             5            0.117            ArrangeByKey
[0, 611]             6            0.199            Join
[0, 612]             5            0.064            ArrangeByKey
[0, 613]             3            0.183            FlatMap
[0, 614]             5            0.124            ArrangeByKey
[0, 615]             6            0.184            Join
[0, 616]             4            0.069            ArrangeByKey
[0, 617]             7            0.196            Join
[0, 618]             3            0.149            FlatMap
[0, 619]             5            0.274            ArrangeByKey
[0, 620]             7            0.439            Join
[0, 621]             18           0.171            ArrangeByKey
[0, 622]             6            0.424            Join
[0, 623]             5            0.174            ArrangeByKey
[0, 624]             3            0.157            FlatMap
[0, 625]             5            0.273            ArrangeByKey
[0, 626]             7            0.412            Join
[0, 627]             3            0.147            FlatMap
[0, 628]             5            0.290            Arrange: Threshold
[0, 629]             4            0.487            Threshold
[0, 630]             3            0.041            AsCollection
[0, 631]             3            0.102            FlatMap
[0, 632]             5            0.129            Arrange: Threshold
[0, 633]             4            0.198            Threshold
[0, 634]             3            0.014            AsCollection
[0, 635]             1            0.001            Concatenate
[0, 636]             1            0.001            Concatenate
[0, 637]             1            0.001            Concatenate
[0, 638]             3            0.005            Concatenate
[0, 639]             3            0.004            Concatenate
[0, 640]             3            0.005            Concatenate
[0, 641]             3            0.037            FlatMap
[0, 642]             14           0.118            Arrange: Threshold
[0, 643]             4            0.117            Threshold
[0, 644]             3            0.009            AsCollection
[0, 645]             3            0.085            FlatMap
[0, 646]             5            0.085            Arrange: Threshold
[0, 647]             4            0.080            Threshold
[0, 648]             3            0.013            AsCollection
[0, 649]             3            0.156            FlatMap
[0, 650]             7            0.417            Arrange: Threshold
[0, 651]             4            0.948            Threshold
[0, 652]             3            0.060            AsCollection
[0, 653]             3            0.168            FlatMap
[0, 654]             7            0.377            Arrange: Threshold
[0, 655]             4            0.611            Threshold
[0, 656]             3            0.039            AsCollection
[0, 657]             3            0.108            FlatMap
[0, 658]             6            0.169            Arrange: Threshold
[0, 659]             4            0.266            Threshold
[0, 660]             3            0.019            AsCollection
[0, 661]             3            0.106            FlatMap
[0, 662]             8            0.162            Arrange: Threshold
[0, 663]             4            0.235            Threshold
[0, 664]             3            0.017            AsCollection
[0, 665]             3            0.144            FlatMap
[0, 666]             5            0.265            Arrange: Threshold
[0, 667]             4            0.458            Threshold
[0, 668]             3            0.051            AsCollection
[0, 669]             3            0.115            FlatMap
[0, 670]             5            0.146            Arrange: Threshold
[0, 671]             4            0.298            Threshold
[0, 672]             3            0.019            AsCollection
[0, 673]             3            0.136            FlatMap
[0, 674]             8            0.167            Arrange: Threshold
[0, 675]             4            0.223            Threshold
[0, 676]             3            0.015            AsCollection
[0, 677]             1            0.002            FlatMap
[0, 678]             2            0.005            Arrange: Threshold
[0, 679]             2            0.057            Threshold
[0, 680]             1            0.002            AsCollection
[0, 681]             3            0.044            FlatMap
[0, 682]             12           0.040            Arrange: Threshold
[0, 683]             4            0.055            Threshold
[0, 684]             3            0.007            AsCollection
[0, 685]             3            0.180            FlatMap
[0, 686]             9            0.413            Arrange: Threshold
[0, 687]             4            0.844            Threshold
[0, 688]             3            0.048            AsCollection
[0, 689]             3            0.251            FlatMap
[0, 690]             7            0.923            Arrange: Threshold
[0, 691]             4            1.550            Threshold
[0, 692]             3            0.113            AsCollection
[0, 693]             3            0.096            FlatMap
[0, 694]             7            0.123            Arrange: Threshold
[0, 695]             4            0.163            Threshold
[0, 696]             3            0.014            AsCollection
[0, 697]             3            0.094            FlatMap
[0, 698]             8            0.081            Arrange: Threshold
[0, 699]             4            0.116            Threshold
[0, 700]             3            0.009            AsCollection
[0, 701]             3            0.075            FlatMap
[0, 702]             6            0.046            ArrangeByKey
[0, 703]             3            0.144            FlatMap
[0, 704]             6            0.067            ArrangeByKey
[0, 705]             316          8.587            Iterative
[0, 705, 1]          3            0.009            FlatMap
[0, 705, 2]          3            0.007            FlatMap
[0, 705, 3]          3            0.016            Enter
[0, 705, 4]          21           0.027            Feedback
[0, 705, 5]          21           0.502            FlatMap
[0, 705, 6]          66           0.281            ArrangeByKey
[0, 705, 7]          27           0.150            Join
[0, 705, 8]          27           0.259            Join
[0, 705, 9]          13           0.020            Concatenate
[0, 705, 10]         15           0.020            Concatenate
[0, 705, 11]         15           0.514            FlatMap
[0, 705, 12]         50           0.209            Arrange: Threshold
[0, 705, 13]         28           0.348            Threshold
[0, 705, 14]         21           0.038            AsCollection
[0, 705, 15]         21           0.018            ResultsIn
[0, 706]             29           0.038            Leave
[0, 707]             1            0.001            FlatMap
[0, 708]             1            0.002            FlatMap
[0, 709]             1            0.001            FlatMap
[0, 710]             2            0.005            ArrangeBySelf
[0, 711]             3            0.141            FlatMap
[0, 712]             5            0.228            ArrangeByKey
[0, 713]             5            0.024            Join
[0, 714]             3            0.008            FlatMap
[0, 715]             3            0.007            FlatMap
[0, 716]             3            0.028            FlatMap
[0, 717]             9            0.017            ArrangeBySelf
[0, 718]             21           0.483            FlatMap
[0, 719]             42           0.186            ArrangeByKey
[0, 720]             7            0.043            Join
[0, 721]             3            0.007            FlatMap
[0, 722]             3            0.031            FlatMap
[0, 723]             9            0.033            ArrangeBySelf
[0, 724]             7            0.059            Join
[0, 725]             3            0.014            FlatMap
[0, 726]             1            0.002            FlatMap
[0, 727]             3            0.006            Arrange: Threshold
[0, 728]             2            0.007            Threshold
[0, 729]             1            0.001            AsCollection
[0, 730]             3            0.039            FlatMap
[0, 731]             4            0.019            Arrange: Threshold
[0, 732]             4            0.025            Threshold
[0, 733]             3            0.006            AsCollection
[0, 734]             3            0.005            Concatenate
[0, 735]             5            0.007            Concatenate
[0, 736]             5            0.165            FlatMap
[0, 737]             13           0.123            Arrange: Threshold
[0, 738]             4            0.211            Threshold
[0, 739]             3            0.015            AsCollection
[0, 740]             1            0.001            FlatMap
[0, 741]             2            0.003            Arrange: Threshold
[0, 742]             2            0.007            Threshold
[0, 743]             1            0.001            AsCollection
[0, 744]             3            0.067            FlatMap
[0, 745]             4            0.129            Arrange: Threshold
[0, 746]             4            0.388            Threshold
[0, 747]             3            0.026            AsCollection
[0, 748]             3            0.075            FlatMap
[0, 749]             15           0.066            ArrangeByKey
[0, 750]             269          5.929            Iterative
[0, 750, 1]          3            0.005            Enter
[0, 750, 2]          3            0.005            FlatMap
[0, 750, 3]          17           0.021            Feedback
[0, 750, 4]          17           0.289            FlatMap
[0, 750, 5]          63           0.172            ArrangeByKey
[0, 750, 6]          23           0.178            Join
[0, 750, 7]          11           0.017            Concatenate
[0, 750, 8]          11           0.271            FlatMap
[0, 750, 9]          60           0.179            Arrange: Threshold
[0, 750, 10]         25           0.308            Threshold
[0, 750, 11]         17           0.031            AsCollection
[0, 750, 12]         17           0.014            ResultsIn
[0, 751]             34           0.031            Leave
[0, 752]             17           0.025            FlatMap
[0, 753]             19           0.017            Concatenate
[0, 754]             19           0.346            FlatMap
[0, 755]             59           0.184            Arrange: Threshold
[0, 756]             4            0.259            Threshold
[0, 757]             3            0.018            AsCollection
[0, 758]             17           0.297            FlatMap
[0, 759]             44           0.095            Arrange: Threshold
[0, 760]             4            0.101            Threshold
[0, 761]             3            0.008            AsCollection
[0, 762]             3            0.016            FlatMap
[0, 763]             3            0.133            FlatMap
[0, 764]             5            0.208            ArrangeBySelf
[0, 765]             3            0.121            FlatMap
[0, 766]             6            0.055            ArrangeByKey
[0, 767]             3            0.114            FlatMap
[0, 768]             6            0.061            ArrangeByKey
[0, 769]             1182         45.195           Iterative
[0, 769, 1]          3            0.007            FlatMap
[0, 769, 2]          3            0.039            Enter
[0, 769, 3]          3            0.007            FlatMap
[0, 769, 4]          3            0.006            FlatMap
[0, 769, 5]          23           0.040            Feedback
[0, 769, 6]          23           1.153            FlatMap
[0, 769, 7]          64           1.598            ArrangeByKey
[0, 769, 8]          37           1.735            Join
[0, 769, 9]          53           1.225            ArrangeByKey
[0, 769, 10]         21           0.251            AsCollection
[0, 769, 11]         21           1.225            FlatMap
[0, 769, 12]         55           1.382            Arrange: Threshold
[0, 769, 13]         30           3.389            Threshold
[0, 769, 14]         21           0.161            AsCollection
[0, 769, 15]         31           0.923            Join
[0, 769, 16]         15           0.318            FlatMap
[0, 769, 17]         39           0.173            Arrange: Threshold
[0, 769, 18]         26           0.264            Threshold
[0, 769, 19]         17           0.044            AsCollection
[0, 769, 20]         17           0.029            FlatMap
[0, 769, 21]         25           0.036            Concatenate
[0, 769, 22]         25           0.164            FlatMap
[0, 769, 23]         25           1.028            FlatMap
[0, 769, 24]         67           1.358            Arrange: Threshold
[0, 769, 25]         28           3.274            Threshold
[0, 769, 26]         21           0.157            AsCollection
[0, 769, 27]         37           0.551            Join
[0, 769, 28]         28           0.115            ArrangeByKey
[0, 769, 29]         9            0.023            AsCollection
[0, 769, 30]         9            0.142            FlatMap
[0, 769, 31]         33           0.135            Arrange: Threshold
[0, 769, 32]         21           0.145            Threshold
[0, 769, 33]         9            0.014            AsCollection
[0, 769, 34]         23           0.148            Join
[0, 769, 35]         7            0.096            FlatMap
[0, 769, 36]         25           0.065            Arrange: Threshold
[0, 769, 37]         18           0.140            Threshold
[0, 769, 38]         5            0.008            AsCollection
[0, 769, 39]         5            0.017            FlatMap
[0, 769, 40]         10           0.012            Concatenate
[0, 769, 41]         10           0.017            FlatMap
[0, 769, 42]         10           0.192            FlatMap
[0, 769, 43]         31           0.128            Arrange: Threshold
[0, 769, 44]         21           0.141            Threshold
[0, 769, 45]         9            0.011            AsCollection
[0, 769, 46]         24           0.033            Concatenate
[0, 769, 47]         26           0.027            Concatenate
[0, 769, 48]         26           0.575            FlatMap
[0, 769, 49]         72           0.842            Arrange: Threshold
[0, 769, 50]         30           4.892            Threshold
[0, 769, 51]         23           0.241            AsCollection
[0, 769, 52]         23           0.036            ResultsIn
[0, 770]             36           0.119            Leave
[0, 771]             3            0.006            FlatMap
[0, 772]             3            0.026            FlatMap
[0, 773]             9            0.021            ArrangeBySelf
[0, 774]             3            0.040            FlatMap
[0, 775]             5            0.023            ArrangeByKey
[0, 776]             7            0.062            Join
[0, 777]             6            0.014            ArrangeByKey
[0, 778]             3            0.066            FlatMap
[0, 779]             5            0.019            ArrangeByKey
[0, 780]             7            0.068            Join
[0, 781]             6            0.011            ArrangeByKey
[0, 782]             219          5.991            Iterative
[0, 782, 1]          3            0.006            FlatMap
[0, 782, 2]          3            0.007            FlatMap
[0, 782, 3]          3            0.018            Enter
[0, 782, 4]          3            0.005            FlatMap
[0, 782, 5]          7            0.010            Feedback
[0, 782, 6]          7            0.187            FlatMap
[0, 782, 7]          14           0.173            ArrangeByKey
[0, 782, 8]          13           0.361            Join
[0, 782, 9]          12           0.148            ArrangeByKey
[0, 782, 10]         12           0.270            Join
[0, 782, 11]         17           0.200            ArrangeByKey
[0, 782, 12]         13           0.122            Join
[0, 782, 13]         9            0.026            ArrangeByKey
[0, 782, 14]         9            0.052            Join
[0, 782, 15]         5            0.008            Concatenate
[0, 782, 16]         5            0.111            FlatMap
[0, 782, 17]         31           0.121            Arrange: Threshold
[0, 782, 18]         9            0.330            Threshold
[0, 782, 19]         7            0.049            AsCollection
[0, 782, 20]         7            0.008            ResultsIn
[0, 783]             7            0.018            Leave
[0, 784]             7            0.019            FlatMap
[0, 785]             7            0.017            FlatMap
[0, 786]             7            0.173            FlatMap
[0, 787]             12           0.130            Arrange: Threshold
[0, 788]             4            0.307            Threshold
[0, 789]             3            0.026            AsCollection
[0, 790]             7            0.102            FlatMap
[0, 791]             13           0.070            Arrange: Threshold
[0, 792]             4            0.170            Threshold
[0, 793]             3            0.015            AsCollection
[0, 794]             3            0.142            FlatMap
[0, 795]             6            0.074            ArrangeByKey
[0, 796]             3            0.052            FlatMap
[0, 797]             5            0.033            ArrangeByKey
[0, 798]             3            0.097            FlatMap
[0, 799]             6            0.131            ArrangeByKey
[0, 800]             3            0.303            FlatMap
[0, 801]             6            0.222            ArrangeByKey
[0, 802]             3            0.049            FlatMap
[0, 803]             5            0.023            ArrangeByKey
[0, 804]             3            0.013            FlatMap
[0, 805]             3            0.040            FlatMap
[0, 806]             4            0.094            ArrangeBySelf
[0, 807]             3            0.082            FlatMap
[0, 808]             6            0.094            ArrangeByKey
[0, 809]             3            0.905            FlatMap
[0, 810]             6            2.654            ArrangeByKey
[0, 811]             3            0.275            FlatMap
[0, 812]             6            0.969            ArrangeByKey
[0, 813]             3            0.153            FlatMap
[0, 814]             5            0.412            ArrangeByKey
[0, 815]             3            0.497            FlatMap
[0, 816]             7            3.236            ArrangeByKey
[0, 817]             3            0.173            FlatMap
[0, 818]             6            0.188            ArrangeByKey
[0, 819]             3            0.264            FlatMap
[0, 820]             6            0.666            ArrangeByKey
[0, 821]             3            0.087            FlatMap
[0, 822]             20           0.203            ArrangeByKey
[0, 823]             3            0.184            FlatMap
[0, 824]             6            0.460            ArrangeByKey
[0, 825]             3            0.189            FlatMap
[0, 826]             6            0.400            ArrangeByKey
[0, 827]             3            0.149            FlatMap
[0, 828]             5            0.390            ArrangeByKey
[0, 829]             23           1.207            FlatMap
[0, 830]             51           1.695            ArrangeByKey
[0, 831]             3            0.127            FlatMap
[0, 832]             6            0.380            ArrangeByKey
[0, 833]             3            0.113            FlatMap
[0, 834]             7            0.889            ArrangeByKey
[0, 835]             3            0.102            FlatMap
[0, 836]             6            0.135            ArrangeByKey
[0, 837]             3            0.097            FlatMap
[0, 838]             5            0.094            ArrangeByKey
[0, 839]             3            0.107            FlatMap
[0, 840]             8            0.126            ArrangeByKey
[0, 841]             3            0.011            FlatMap
[0, 842]             3            0.094            FlatMap
[0, 843]             21           0.166            ArrangeBySelf
[0, 844]             3            0.141            FlatMap
[0, 845]             9            0.197            ArrangeByKey
[0, 846]             3            0.132            FlatMap
[0, 847]             10           0.419            ArrangeByKey
[0, 848]             3            0.119            FlatMap
[0, 849]             7            0.143            ArrangeByKey
[0, 850]             3            0.152            FlatMap
[0, 851]             7            0.300            ArrangeByKey
[0, 852]             3            0.085            FlatMap
[0, 853]             9            0.059            ArrangeByKey
[0, 854]             3            0.096            FlatMap
[0, 855]             6            0.125            ArrangeByKey
[0, 856]             3            0.098            FlatMap
[0, 857]             6            0.133            ArrangeByKey
[0, 858]             3            0.085            FlatMap
[0, 859]             7            0.192            ArrangeByKey
[0, 860]             3            0.091            FlatMap
[0, 861]             11           0.076            ArrangeByKey
[0, 862]             3            0.068            FlatMap
[0, 863]             11           0.122            ArrangeByKey
[0, 864]             3            0.141            FlatMap
[0, 865]             7            0.368            ArrangeByKey
[0, 866]             3            0.104            FlatMap
[0, 867]             7            0.158            ArrangeByKey
[0, 868]             3            0.011            FlatMap
[0, 869]             3            0.031            FlatMap
[0, 870]             6            0.042            ArrangeBySelf
[0, 871]             3            0.218            FlatMap
[0, 872]             6            0.721            ArrangeByKey
[0, 873]             7            0.158            Join
[0, 874]             8            0.061            ArrangeByKey
[0, 875]             3            0.114            FlatMap
[0, 876]             6            0.209            ArrangeByKey
[0, 877]             267420       7483.480         Iterative
[0, 877, 1]          3            0.007            FlatMap
[0, 877, 2]          3            0.006            FlatMap
[0, 877, 3]          3            0.008            FlatMap
[0, 877, 4]          3            0.006            FlatMap
[0, 877, 5]          3            0.015            FlatMap
[0, 877, 6]          1            0.001            Enter
[0, 877, 7]          3            0.007            FlatMap
[0, 877, 8]          3            0.007            FlatMap
[0, 877, 9]          3            0.006            FlatMap
[0, 877, 10]         3            0.008            FlatMap
[0, 877, 11]         3            0.007            FlatMap
[0, 877, 12]         3            0.005            FlatMap
[0, 877, 13]         3            0.007            FlatMap
[0, 877, 14]         3            0.005            FlatMap
[0, 877, 15]         3            0.005            FlatMap
[0, 877, 16]         3            0.006            FlatMap
[0, 877, 17]         3            0.006            FlatMap
[0, 877, 18]         3            0.005            FlatMap
[0, 877, 19]         3            0.005            FlatMap
[0, 877, 20]         3            0.006            FlatMap
[0, 877, 21]         3            0.007            FlatMap
[0, 877, 22]         3            0.005            FlatMap
[0, 877, 23]         3            0.013            FlatMap
[0, 877, 24]         3            0.005            FlatMap
[0, 877, 25]         3            0.006            FlatMap
[0, 877, 26]         3            0.006            FlatMap
[0, 877, 27]         3            0.005            FlatMap
[0, 877, 28]         1            0.001            Enter
[0, 877, 29]         3            0.005            FlatMap
[0, 877, 30]         3            0.007            FlatMap
[0, 877, 31]         3            0.005            FlatMap
[0, 877, 32]         3            0.005            FlatMap
[0, 877, 33]         3            0.005            FlatMap
[0, 877, 34]         3            0.006            FlatMap
[0, 877, 35]         3            0.006            FlatMap
[0, 877, 36]         3            0.005            FlatMap
[0, 877, 37]         3            0.005            FlatMap
[0, 877, 38]         3            0.008            FlatMap
[0, 877, 39]         3            0.010            FlatMap
[0, 877, 40]         3            0.005            FlatMap
[0, 877, 41]         3            0.005            FlatMap
[0, 877, 42]         209          0.327            Feedback
[0, 877, 43]         417          0.713            Feedback
[0, 877, 44]         211          0.290            Feedback
[0, 877, 45]         315          0.328            Feedback
[0, 877, 46]         323          0.362            Feedback
[0, 877, 47]         453          5.992            Feedback
[0, 877, 48]         339          0.339            Feedback
[0, 877, 49]         69           0.090            Feedback
[0, 877, 50]         69           0.117            FlatMap
[0, 877, 51]         69           0.912            FlatMap
[0, 877, 52]         1093         1.342            ArrangeBySelf
[0, 877, 53]         318          1.360            Join
[0, 877, 54]         317          0.909            Join
[0, 877, 55]         209          0.358            FlatMap
[0, 877, 56]         209          3.975            FlatMap
[0, 877, 57]         1069         1.983            ArrangeBySelf
[0, 877, 58]         454          2.450            Join
[0, 877, 59]         555          1.258            ArrangeByKey
[0, 877, 60]         453          35.580           FlatMap
[0, 877, 61]         4290         86.968           ArrangeByKey
[0, 877, 62]         924          4.567            Join
[0, 877, 63]         524          1.560            ArrangeByKey
[0, 877, 64]         967          13.322           Join
[0, 877, 65]         1147         8.912            ArrangeByKey
[0, 877, 66]         569          16.264           Join
[0, 877, 67]         1127         1.701            ArrangeByKey
[0, 877, 68]         316          2.512            Join
[0, 877, 69]         1409         1.609            ArrangeByKey
[0, 877, 70]         292          2.188            Join
[0, 877, 71]         1111         11.579           ArrangeByKey
[0, 877, 72]         607          20.489           Join
[0, 877, 73]         454          2.020            Join
[0, 877, 74]         670          1.016            ArrangeByKey
[0, 877, 75]         943          4.413            Join
[0, 877, 76]         513          1.084            ArrangeByKey
[0, 877, 77]         339          8.800            FlatMap
[0, 877, 78]         1899         1.552            ArrangeByKey
[0, 877, 79]         607          4.629            Join
[0, 877, 80]         1951         20.110           ArrangeByKey
[0, 877, 81]         602          47.494           Join
[0, 877, 82]         1386         1.958            ArrangeByKey
[0, 877, 83]         326          2.681            Join
[0, 877, 84]         1602         1.343            ArrangeByKey
[0, 877, 85]         300          2.112            Join
[0, 877, 86]         975          19.997           ArrangeByKey
[0, 877, 87]         568          40.816           Join
[0, 877, 88]         454          5.452            Join
[0, 877, 89]         1612         2.721            ArrangeByKey
[0, 877, 90]         1038         16.499           Join
[0, 877, 91]         454          3.905            Join
[0, 877, 92]         1234         1.595            ArrangeByKey
[0, 877, 93]         988          17.495           Join
[0, 877, 94]         822          6.058            ArrangeByKey
[0, 877, 95]         417          23.053           FlatMap
[0, 877, 96]         3051         46.643           ArrangeByKey
[0, 877, 97]         1198         84.606           Join
[0, 877, 98]         454          2.338            Join
[0, 877, 99]         209          6.471            FlatMap
[0, 877, 100]        1766         4.272            ArrangeBySelf
[0, 877, 101]        581          5.841            Join
[0, 877, 102]        1016         1.599            ArrangeByKey
[0, 877, 103]        581          7.262            Join
[0, 877, 104]        1152         1.388            ArrangeByKey
[0, 877, 105]        1059         8.193            Join
[0, 877, 106]        799          3.162            ArrangeByKey
[0, 877, 107]        1038         15.476           Join
[0, 877, 108]        1091         5.456            ArrangeByKey
[0, 877, 109]        590          6.192            Join
[0, 877, 110]        581          8.135            Join
[0, 877, 111]        1199         1.780            ArrangeByKey
[0, 877, 112]        581          7.831            Join
[0, 877, 113]        1129         1.233            ArrangeByKey
[0, 877, 114]        581          7.531            Join
[0, 877, 115]        1146         1.074            ArrangeByKey
[0, 877, 116]        1101         36.069           Join
[0, 877, 117]        1035         27.375           ArrangeByKey
[0, 877, 118]        630          30.859           Join
[0, 877, 119]        1348         12.155           ArrangeByKey
[0, 877, 120]        1141         16.888           Join
[0, 877, 121]        1811         2.583            ArrangeByKey
[0, 877, 122]        1143         19.495           Join
[0, 877, 123]        1663         10.244           ArrangeByKey
[0, 877, 124]        630          12.523           Join
[0, 877, 125]        315          8.544            FlatMap
[0, 877, 126]        1412         3.726            ArrangeByKey
[0, 877, 127]        566          7.489            Join
[0, 877, 128]        1766         2.732            ArrangeByKey
[0, 877, 129]        548          4.500            Join
[0, 877, 130]        323          8.238            FlatMap
[0, 877, 131]        2280         3.729            ArrangeByKey
[0, 877, 132]        1261         105.305          Join
[0, 877, 133]        454          2.823            Join
[0, 877, 134]        932          1.221            ArrangeByKey
[0, 877, 135]        337          3.006            Join
[0, 877, 136]        790          1.883            ArrangeByKey
[0, 877, 137]        488          13.320           Join
[0, 877, 138]        2235         24.813           ArrangeByKey
[0, 877, 139]        453          5.527            FlatMap
[0, 877, 140]        453          17.215           FlatMap
[0, 877, 141]        3602         34.261           ArrangeBySelf
[0, 877, 142]        1197         378.944          Join
[0, 877, 143]        630          67.532           Join
[0, 877, 144]        1928         23.848           ArrangeByKey
[0, 877, 145]        1140         41.224           Join
[0, 877, 146]        2904         11.897           ArrangeByKey
[0, 877, 147]        1143         55.392           Join
[0, 877, 148]        2469         27.128           ArrangeByKey
[0, 877, 149]        635          37.604           Join
[0, 877, 150]        1458         7.550            ArrangeByKey
[0, 877, 151]        554          6.950            Join
[0, 877, 152]        453          6.845            FlatMap
[0, 877, 153]        453          32.637           FlatMap
[0, 877, 154]        5325         29.073           ArrangeBySelf
[0, 877, 155]        581          8.628            Join
[0, 877, 156]        1911         3.298            ArrangeByKey
[0, 877, 157]        1044         8.359            Join
[0, 877, 158]        249          3.397            FlatMap
[0, 877, 159]        1712         3.350            ArrangeBySelf
[0, 877, 160]        560          10.253           Join
[0, 877, 161]        1394         2.273            ArrangeByKey
[0, 877, 162]        907          3.999            Join
[0, 877, 163]        566          8.155            Join
[0, 877, 164]        2168         2.149            ArrangeByKey
[0, 877, 165]        530          3.136            Join
[0, 877, 166]        454          3.081            Join
[0, 877, 167]        1164         1.428            ArrangeByKey
[0, 877, 168]        1001         9.374            Join
[0, 877, 169]        1275         3.522            ArrangeByKey
[0, 877, 170]        1159         8.391            Join
[0, 877, 171]        1143         10.171           Join
[0, 877, 172]        397          12.991           FlatMap
[0, 877, 173]        2689         8.545            ArrangeBySelf
[0, 877, 174]        634          5.749            Join
[0, 877, 175]        454          1.529            Join
[0, 877, 176]        121          1.991            FlatMap
[0, 877, 177]        1290         1.567            ArrangeBySelf
[0, 877, 178]        453          2.135            Join
[0, 877, 179]        318          1.265            Join
[0, 877, 180]        454          1.257            Join
[0, 877, 181]        61           1.027            FlatMap
[0, 877, 182]        796          0.869            ArrangeBySelf
[0, 877, 183]        330          1.442            Join
[0, 877, 184]        454          2.298            Join
[0, 877, 185]        808          0.962            ArrangeByKey
[0, 877, 186]        211          3.885            FlatMap
[0, 877, 187]        1839         3.790            ArrangeByKey
[0, 877, 188]        824          4.714            Join
[0, 877, 189]        907          4.968            Join
[0, 877, 190]        454          1.864            Join
[0, 877, 191]        533          0.831            ArrangeByKey
[0, 877, 192]        943          85.894           Join
[0, 877, 193]        454          1.184            Join
[0, 877, 194]        31           0.488            FlatMap
[0, 877, 195]        540          0.828            ArrangeBySelf
[0, 877, 196]        326          1.272            Join
[0, 877, 197]        209          0.289            FlatMap
[0, 877, 198]        209          3.722            FlatMap
[0, 877, 199]        1155         1.130            ArrangeBySelf
[0, 877, 200]        454          2.017            Join
[0, 877, 201]        454          1.436            Join
[0, 877, 202]        454          0.946            Join
[0, 877, 203]        454          7.240            Join
[0, 877, 204]        2074         4.024            ArrangeByKey
[0, 877, 205]        581          4.420            Join
[0, 877, 206]        137          1.770            FlatMap
[0, 877, 207]        1234         1.208            ArrangeBySelf
[0, 877, 208]        387          1.903            Join
[0, 877, 209]        137          1.618            FlatMap
[0, 877, 210]        1183         1.255            ArrangeBySelf
[0, 877, 211]        357          1.899            Join
[0, 877, 212]        412          0.508            Concatenate
[0, 877, 213]        770          0.614            Concatenate
[0, 877, 214]        872          0.516            Concatenate
[0, 877, 215]        872          0.492            Concatenate
[0, 877, 216]        872          22.082           FlatMap
[0, 877, 217]        3867         9.644            Arrange: Threshold
[0, 877, 218]        593          6.561            Threshold
[0, 877, 219]        363          0.454            AsCollection
[0, 877, 220]        418          0.464            Concatenate
[0, 877, 221]        418          8.293            FlatMap
[0, 877, 222]        2752         3.956            Arrange: Threshold
[0, 877, 223]        562          5.816            Threshold
[0, 877, 224]        323          0.549            AsCollection
[0, 877, 225]        51           0.575            FlatMap
[0, 877, 226]        1203         1.781            Arrange: Threshold
[0, 877, 227]        452          3.556            Threshold
[0, 877, 228]        211          0.425            AsCollection
[0, 877, 229]        757          0.609            Concatenate
[0, 877, 230]        859          0.525            Concatenate
[0, 877, 231]        859          26.413           FlatMap
[0, 877, 232]        3701         10.228           Arrange: Threshold
[0, 877, 233]        658          16.926           Threshold
[0, 877, 234]        431          0.626            AsCollection
[0, 877, 235]        359          11.718           FlatMap
[0, 877, 236]        3874         38.942           Arrange: Threshold
[0, 877, 237]        656          280.206          Threshold
[0, 877, 238]        419          6.963            AsCollection
[0, 877, 239]        261          0.336            Concatenate
[0, 877, 240]        267          0.283            Concatenate
[0, 877, 241]        308          0.277            Concatenate
[0, 877, 242]        332          0.275            Concatenate
[0, 877, 243]        440          0.331            Concatenate
[0, 877, 244]        440          0.304            Concatenate
[0, 877, 245]        440          5.842            FlatMap
[0, 877, 246]        3848         2.843            Arrange: Threshold
[0, 877, 247]        497          3.142            Threshold
[0, 877, 248]        261          0.273            AsCollection
[0, 877, 249]        373          18.293           FlatMap
[0, 877, 250]        1385         4.185            Arrange: Threshold
[0, 877, 251]        593          11.805           Threshold
[0, 877, 252]        367          0.662            AsCollection
[0, 877, 253]        804          0.880            Concatenate
[0, 877, 254]        1420         1.254            Concatenate
[0, 877, 255]        1740         1.303            Concatenate
[0, 877, 256]        1904         2.110            Concatenate
[0, 877, 257]        2145         2.053            Concatenate
[0, 877, 258]        2434         2.118            Concatenate
[0, 877, 259]        2629         2.161            Concatenate
[0, 877, 260]        2735         2.030            Concatenate
[0, 877, 261]        2735         186.778          FlatMap
[0, 877, 262]        16720        256.394          Arrange: Threshold
[0, 877, 263]        676          1253.893         Threshold
[0, 877, 264]        459          12.694           AsCollection
[0, 877, 265]        209          0.201            ResultsIn
[0, 877, 266]        417          2.103            ResultsIn
[0, 877, 267]        339          0.272            ResultsIn
[0, 877, 268]        69           0.075            ResultsIn
[0, 877, 269]        211          0.291            ResultsIn
[0, 877, 270]        453          1.577            ResultsIn
[0, 877, 271]        315          0.237            ResultsIn
[0, 877, 272]        323          0.268            ResultsIn
[0, 878]             644          0.450            Leave
[0, 879]             1718         1.452            Leave
[0, 880]             991          0.665            Leave
[0, 881]             741          0.456            Leave
[0, 882]             1377         0.604            Leave
[0, 883]             2667         2.634            Leave
[0, 884]             1232         0.562            Leave
[0, 885]             603          0.287            Leave
[0, 886]             23           0.460            FlatMap
[0, 887]             50           1.119            Arrange: Threshold
[0, 888]             4            2.187            Threshold
[0, 889]             3            0.116            AsCollection
[0, 890]             3            0.045            FlatMap
[0, 891]             3            0.039            FlatMap
[0, 892]             3            0.090            FlatMap
[0, 893]             5            0.017            Consolidate
[0, 894]             1            0.001            AsCollection
[0, 895]             2            0.003            InspectBatch
[0, 896]             2            0.002            Probe
[0, 897]             3            0.067            FlatMap
[0, 898]             4            0.121            Arrange: Threshold
[0, 899]             4            0.390            Threshold
[0, 900]             3            0.022            AsCollection
[0, 901]             3            0.013            FlatMap
[0, 902]             3            0.010            FlatMap
[0, 903]             3            0.055            FlatMap
[0, 904]             5            0.009            Consolidate
[0, 905]             1            0.001            AsCollection
[0, 906]             2            0.003            InspectBatch
[0, 907]             2            0.001            Probe
[0, 908]             3            0.028            FlatMap
[0, 909]             16           0.026            Arrange: Threshold
[0, 910]             4            0.057            Threshold
[0, 911]             3            0.007            AsCollection
[0, 912]             3            0.005            FlatMap
[0, 913]             3            0.006            FlatMap
[0, 914]             3            0.022            FlatMap
[0, 915]             17           0.017            Consolidate
[0, 916]             1            0.001            AsCollection
[0, 917]             2            0.004            InspectBatch
[0, 918]             2            0.002            Probe
[0, 919]             17           0.234            FlatMap
[0, 920]             44           0.056            Arrange: Threshold
[0, 921]             4            0.081            Threshold
[0, 922]             3            0.007            AsCollection
[0, 923]             3            0.006            FlatMap
[0, 924]             3            0.006            FlatMap
[0, 925]             3            0.031            FlatMap
[0, 926]             5            0.008            Consolidate
[0, 927]             1            0.001            AsCollection
[0, 928]             2            0.002            InspectBatch
[0, 929]             2            0.001            Probe
[0, 930]             3            0.022            FlatMap
[0, 931]             5            0.024            Arrange: Threshold
[0, 932]             4            0.136            Threshold
[0, 933]             3            0.009            AsCollection
[0, 934]             3            0.007            FlatMap
[0, 935]             3            0.008            FlatMap
[0, 936]             3            0.036            FlatMap
[0, 937]             4            0.005            Consolidate
[0, 938]             1            0.000            AsCollection
[0, 939]             2            0.003            InspectBatch
[0, 940]             2            0.001            Probe
[0, 941]             21           0.274            FlatMap
[0, 942]             47           0.059            Arrange: Threshold
[0, 943]             4            0.096            Threshold
[0, 944]             3            0.008            AsCollection
[0, 945]             3            0.007            FlatMap
[0, 946]             3            0.007            FlatMap
[0, 947]             3            0.027            FlatMap
[0, 948]             6            0.007            Consolidate
[0, 949]             1            0.001            AsCollection
[0, 950]             2            0.003            InspectBatch
[0, 951]             2            0.001            Probe
[0, 952]             7            0.098            FlatMap
[0, 953]             13           0.069            Arrange: Threshold
[0, 954]             4            0.267            Threshold
[0, 955]             3            0.018            AsCollection
[0, 956]             3            0.011            FlatMap
[0, 957]             3            0.012            FlatMap
[0, 958]             3            0.030            FlatMap
[0, 959]             6            0.008            Consolidate
[0, 960]             1            0.001            AsCollection
[0, 961]             2            0.003            InspectBatch
[0, 962]             2            0.002            Probe
[0, 963]             3            0.049            FlatMap
[0, 964]             7            0.061            Arrange: Threshold
[0, 965]             4            0.294            Threshold
[0, 966]             3            0.022            AsCollection
[0, 967]             3            0.011            FlatMap
[0, 968]             3            0.010            FlatMap
[0, 969]             3            0.029            FlatMap
[0, 970]             6            0.007            Consolidate
[0, 971]             1            0.001            AsCollection
[0, 972]             2            0.003            InspectBatch
[0, 973]             2            0.001            Probe
[0, 974]             3            0.037            FlatMap
[0, 975]             7            0.041            Arrange: Threshold
[0, 976]             4            0.175            Threshold
[0, 977]             3            0.012            AsCollection
[0, 978]             3            0.006            FlatMap
[0, 979]             3            0.006            FlatMap
[0, 980]             3            0.024            FlatMap
[0, 981]             8            0.006            Consolidate
[0, 982]             1            0.000            AsCollection
[0, 983]             2            0.004            InspectBatch
[0, 984]             2            0.001            Probe
[0, 985]             1            0.001            FlatMap
[0, 986]             2            0.004            Arrange: Threshold
[0, 987]             2            0.006            Threshold
[0, 988]             1            0.001            AsCollection
[0, 989]             1            0.001            FlatMap
[0, 990]             1            0.001            FlatMap
[0, 991]             1            0.000            FlatMap
[0, 992]             3            0.005            Consolidate
[0, 993]             1            0.000            AsCollection
[0, 994]             2            0.003            InspectBatch
[0, 995]             2            0.001            Probe
[0, 996]             3            0.033            FlatMap
[0, 997]             4            0.010            Arrange: Threshold
[0, 998]             4            0.025            Threshold
[0, 999]             3            0.007            AsCollection
[0, 1000]            3            0.004            FlatMap
[0, 1001]            3            0.012            FlatMap
[0, 1002]            3            0.033            FlatMap
[0, 1003]            5            0.008            Consolidate
[0, 1004]            1            0.001            AsCollection
[0, 1005]            2            0.002            InspectBatch
[0, 1006]            2            0.001            Probe
[0, 1007]            69           0.902            FlatMap
[0, 1008]            957          0.519            Arrange: Threshold
[0, 1009]            4            0.054            Threshold
[0, 1010]            3            0.004            AsCollection
[0, 1011]            3            0.004            FlatMap
[0, 1012]            3            0.004            FlatMap
[0, 1013]            3            0.040            FlatMap
[0, 1014]            4            0.006            Consolidate
[0, 1015]            1            0.001            AsCollection
[0, 1016]            2            0.003            InspectBatch
[0, 1017]            2            0.001            Probe
[0, 1018]            323          5.596            FlatMap
[0, 1019]            1974         1.087            Arrange: Threshold
[0, 1020]            4            0.346            Threshold
[0, 1021]            3            0.026            AsCollection
[0, 1022]            3            0.013            FlatMap
[0, 1023]            3            0.013            FlatMap
[0, 1024]            3            0.036            FlatMap
[0, 1025]            4            0.005            Consolidate
[0, 1026]            1            0.001            AsCollection
[0, 1027]            2            0.002            InspectBatch
[0, 1028]            2            0.000            Probe
[0, 1029]            453          16.579           FlatMap
[0, 1030]            4003         100.636          Arrange: Threshold
[0, 1031]            4            121.561          Threshold
[0, 1032]            3            6.950            AsCollection
[0, 1033]            3            11.287           FlatMap
[0, 1034]            3            2.713            FlatMap
[0, 1035]            3            3.875            FlatMap
[0, 1036]            4            0.013            Consolidate
[0, 1037]            1            0.000            AsCollection
[0, 1038]            2            0.003            InspectBatch
[0, 1039]            2            0.046            Probe
[0, 1040]            417          12.394           FlatMap
[0, 1041]            2718         37.820           Arrange: Threshold
[0, 1042]            4            48.124           Threshold
[0, 1043]            3            5.313            AsCollection
[0, 1044]            3            1.990            FlatMap
[0, 1045]            3            1.008            FlatMap
[0, 1046]            3            1.612            FlatMap
[0, 1047]            49           0.012            Consolidate
[0, 1048]            1            0.001            AsCollection
[0, 1049]            2            0.002            InspectBatch
[0, 1050]            2            0.001            Probe
[0, 1051]            211          3.721            FlatMap
[0, 1052]            1599         0.780            Arrange: Threshold
[0, 1053]            4            0.220            Threshold
[0, 1054]            3            0.015            AsCollection
[0, 1055]            3            0.008            FlatMap
[0, 1056]            3            0.006            FlatMap
[0, 1057]            3            0.067            FlatMap
[0, 1058]            49           0.011            Consolidate
[0, 1059]            1            0.001            AsCollection
[0, 1060]            2            0.002            InspectBatch
[0, 1061]            2            0.000            Probe
[0, 1062]            315          6.316            FlatMap
[0, 1063]            1453         0.797            Arrange: Threshold
[0, 1064]            4            0.326            Threshold
[0, 1065]            3            0.017            AsCollection
[0, 1066]            3            0.011            FlatMap
[0, 1067]            3            0.008            FlatMap
[0, 1068]            3            0.091            FlatMap
[0, 1069]            49           0.010            Consolidate
[0, 1070]            1            0.001            AsCollection
[0, 1071]            2            0.002            InspectBatch
[0, 1072]            2            0.044            Probe
[0, 1073]            339          7.030            FlatMap
[0, 1074]            2007         1.306            Arrange: Threshold
[0, 1075]            4            0.869            Threshold
[0, 1076]            3            0.060            AsCollection
[0, 1077]            3            0.034            FlatMap
[0, 1078]            3            0.025            FlatMap
[0, 1079]            3            0.093            FlatMap
[0, 1080]            54           0.013            Consolidate
[0, 1081]            1            0.001            AsCollection
[0, 1082]            2            0.002            InspectBatch
[0, 1083]            2            0.001            Probe
[0, 1084]            209          4.328            FlatMap
[0, 1085]            1190         0.592            Arrange: Threshold
[0, 1086]            4            0.084            Threshold
[0, 1087]            3            0.005            AsCollection
[0, 1088]            3            0.004            FlatMap
[0, 1089]            3            0.034            FlatMap
[0, 1090]            3            0.069            FlatMap
[0, 1091]            54           0.030            Consolidate
[0, 1092]            1            0.001            AsCollection
[0, 1093]            2            0.043            InspectBatch
[0, 1094]            2            0.000            Probe
