addr                 activations  total_active_ms  name
[0]                  218174       8735.394         Dataflow
[0, 1]               1            0.001            Input
[0, 2]               2            0.293            FlatMap
[0, 3]               7            0.068            Arrange: Threshold
[0, 4]               4            0.068            Threshold
[0, 5]               3            0.008            AsCollection
[0, 6]               1            0.000            Input
[0, 7]               2            0.325            FlatMap
[0, 8]               6            0.069            Arrange: Threshold
[0, 9]               4            0.049            Threshold
[0, 10]              3            0.008            AsCollection
[0, 11]              1            0.000            Input
[0, 12]              1            0.001            FlatMap
[0, 13]              3            0.009            Arrange: Threshold
[0, 14]              2            0.007            Threshold
[0, 15]              1            0.001            AsCollection
[0, 16]              1            0.000            Input
[0, 17]              2            0.290            FlatMap
[0, 18]              6            0.306            Arrange: Threshold
[0, 19]              4            0.443            Threshold
[0, 20]              3            0.040            AsCollection
[0, 21]              1            0.000            Input
[0, 22]              2            0.250            FlatMap
[0, 23]              8            0.060            Arrange: Threshold
[0, 24]              4            0.019            Threshold
[0, 25]              3            0.005            AsCollection
[0, 26]              1            0.000            Input
[0, 27]              2            0.282            FlatMap
[0, 28]              7            0.376            Arrange: Threshold
[0, 29]              4            0.784            Threshold
[0, 30]              3            0.052            AsCollection
[0, 31]              1            0.000            Input
[0, 32]              2            0.425            FlatMap
[0, 33]              7            1.399            Arrange: Threshold
[0, 34]              4            2.301            Threshold
[0, 35]              3            0.161            AsCollection
[0, 36]              1            0.000            Input
[0, 37]              2            0.202            FlatMap
[0, 38]              9            0.306            Arrange: Threshold
[0, 39]              4            0.532            Threshold
[0, 40]              3            0.190            AsCollection
[0, 41]              1            0.000            Input
[0, 42]              2            0.868            FlatMap
[0, 43]              8            2.806            Arrange: Threshold
[0, 44]              4            5.510            Threshold
[0, 45]              3            0.338            AsCollection
[0, 46]              1            0.000            Input
[0, 47]              2            0.127            FlatMap
[0, 48]              8            0.214            Arrange: Threshold
[0, 49]              4            0.432            Threshold
[0, 50]              3            0.032            AsCollection
[0, 51]              1            0.000            Input
[0, 52]              2            0.207            FlatMap
[0, 53]              7            0.064            Arrange: Threshold
[0, 54]              4            0.061            Threshold
[0, 55]              3            0.013            AsCollection
[0, 56]              1            0.000            Input
[0, 57]              2            0.198            FlatMap
[0, 58]              7            0.056            Arrange: Threshold
[0, 59]              4            0.018            Threshold
[0, 60]              3            0.003            AsCollection
[0, 61]              1            0.000            Input
[0, 62]              2            0.080            FlatMap
[0, 63]              7            0.023            Arrange: Threshold
[0, 64]              4            0.021            Threshold
[0, 65]              3            0.007            AsCollection
[0, 66]              1            0.000            Input
[0, 67]              2            0.205            FlatMap
[0, 68]              6            0.050            Arrange: Threshold
[0, 69]              4            0.031            Threshold
[0, 70]              3            0.005            AsCollection
[0, 71]              1            0.000            Input
[0, 72]              2            0.270            FlatMap
[0, 73]              7            0.143            Arrange: Threshold
[0, 74]              4            0.322            Threshold
[0, 75]              3            0.020            AsCollection
[0, 76]              1            0.000            Input
[0, 77]              2            0.295            FlatMap
[0, 78]              7            0.145            Arrange: Threshold
[0, 79]              4            0.284            Threshold
[0, 80]              3            0.021            AsCollection
[0, 81]              1            0.000            Input
[0, 82]              2            0.465            FlatMap
[0, 83]              7            0.340            Arrange: Threshold
[0, 84]              4            0.614            Threshold
[0, 85]              3            0.077            AsCollection
[0, 86]              1            0.000            Input
[0, 87]              2            0.593            FlatMap
[0, 88]              7            1.108            Arrange: Threshold
[0, 89]              4            1.834            Threshold
[0, 90]              3            0.180            AsCollection
[0, 91]              1            0.000            Input
[0, 92]              2            0.119            FlatMap
[0, 93]              6            0.148            Arrange: Threshold
[0, 94]              4            0.239            Threshold
[0, 95]              3            0.029            AsCollection
[0, 96]              1            0.000            Input
[0, 97]              2            0.484            FlatMap
[0, 98]              6            0.381            Arrange: Threshold
[0, 99]              4            0.236            Threshold
[0, 100]             3            0.020            AsCollection
[0, 101]             1            0.000            Input
[0, 102]             2            0.345            FlatMap
[0, 103]             6            0.130            Arrange: Threshold
[0, 104]             4            0.242            Threshold
[0, 105]             3            0.021            AsCollection
[0, 106]             1            0.000            Input
[0, 107]             2            0.453            FlatMap
[0, 108]             7            0.255            Arrange: Threshold
[0, 109]             4            0.379            Threshold
[0, 110]             3            0.046            AsCollection
[0, 111]             1            0.000            Input
[0, 112]             2            0.401            FlatMap
[0, 113]             6            0.592            Arrange: Threshold
[0, 114]             4            1.024            Threshold
[0, 115]             3            0.126            AsCollection
[0, 116]             1            0.000            Input
[0, 117]             2            0.344            FlatMap
[0, 118]             7            0.347            Arrange: Threshold
[0, 119]             4            0.471            Threshold
[0, 120]             3            0.060            AsCollection
[0, 121]             1            0.000            Input
[0, 122]             2            0.303            FlatMap
[0, 123]             7            0.218            Arrange: Threshold
[0, 124]             4            0.472            Threshold
[0, 125]             3            0.057            AsCollection
[0, 126]             1            0.000            Input
[0, 127]             2            0.413            FlatMap
[0, 128]             7            0.178            Arrange: Threshold
[0, 129]             4            0.276            Threshold
[0, 130]             3            0.053            AsCollection
[0, 131]             1            0.000            Input
[0, 132]             2            0.388            FlatMap
[0, 133]             6            0.569            Arrange: Threshold
[0, 134]             4            0.703            Threshold
[0, 135]             3            0.148            AsCollection
[0, 136]             1            0.000            Input
[0, 137]             2            0.184            FlatMap
[0, 138]             7            0.085            Arrange: Threshold
[0, 139]             4            0.089            Threshold
[0, 140]             3            0.010            AsCollection
[0, 141]             1            0.000            Input
[0, 142]             2            0.345            FlatMap
[0, 143]             6            0.156            Arrange: Threshold
[0, 144]             4            0.181            Threshold
[0, 145]             3            0.033            AsCollection
[0, 146]             1            0.000            Input
[0, 147]             2            0.329            FlatMap
[0, 148]             7            0.180            Arrange: Threshold
[0, 149]             4            0.322            Threshold
[0, 150]             3            0.035            AsCollection
[0, 151]             1            0.000            Input
[0, 152]             2            0.237            FlatMap
[0, 153]             6            0.094            Arrange: Threshold
[0, 154]             4            0.122            Threshold
[0, 155]             3            0.024            AsCollection
[0, 156]             1            0.000            Input
[0, 157]             2            0.254            FlatMap
[0, 158]             6            0.200            Arrange: Threshold
[0, 159]             4            0.350            Threshold
[0, 160]             3            0.030            AsCollection
[0, 161]             3            0.009            FlatMap
[0, 162]             3            0.007            FlatMap
[0, 163]             3            0.022            FlatMap
[0, 164]             3            0.021            FlatMap
[0, 165]             3            0.010            FlatMap
[0, 166]             3            0.007            FlatMap
[0, 167]             3            0.008            FlatMap
[0, 168]             3            0.012            FlatMap
[0, 169]             3            0.016            FlatMap
[0, 170]             3            0.012            FlatMap
[0, 171]             3            0.009            FlatMap
[0, 172]             3            0.009            FlatMap
[0, 173]             3            0.014            FlatMap
[0, 174]             3            0.010            FlatMap
[0, 175]             3            0.006            FlatMap
[0, 176]             3            0.006            FlatMap
[0, 177]             3            0.025            FlatMap
[0, 178]             3            0.028            FlatMap
[0, 179]             3            0.023            FlatMap
[0, 180]             3            0.023            FlatMap
[0, 181]             3            0.011            FlatMap
[0, 182]             3            0.011            FlatMap
[0, 183]             3            0.013            FlatMap
[0, 184]             3            0.010            FlatMap
[0, 185]             3            0.021            FlatMap
[0, 186]             3            0.017            FlatMap
[0, 187]             3            0.036            FlatMap
[0, 188]             3            0.030            FlatMap
[0, 189]             3            0.031            FlatMap
[0, 190]             3            0.034            FlatMap
[0, 191]             3            0.022            FlatMap
[0, 192]             3            0.015            FlatMap
[0, 193]             3            0.015            FlatMap
[0, 194]             3            0.010            FlatMap
[0, 195]             3            0.019            FlatMap
[0, 196]             3            0.010            FlatMap
[0, 197]             3            0.010            FlatMap
[0, 198]             3            0.014            FlatMap
[0, 199]             3            0.011            FlatMap
[0, 200]             3            0.011            FlatMap
[0, 201]             3            0.010            FlatMap
[0, 202]             3            0.064            FlatMap
[0, 203]             3            0.077            FlatMap
[0, 204]             3            0.058            FlatMap
[0, 205]             3            0.023            FlatMap
[0, 206]             3            0.024            FlatMap
[0, 207]             3            0.023            FlatMap
[0, 208]             3            0.020            FlatMap
[0, 209]             3            0.012            FlatMap
[0, 210]             3            0.012            FlatMap
[0, 211]             3            0.006            FlatMap
[0, 212]             3            0.006            FlatMap
[0, 213]             3            0.006            FlatMap
[0, 214]             3            0.039            FlatMap
[0, 215]             4            0.069            Arrange: Threshold
[0, 216]             4            0.300            Threshold
[0, 217]             3            0.029            AsCollection
[0, 218]             4            0.008            Concatenate
[0, 219]             4            0.006            Concatenate
[0, 220]             4            0.011            Concatenate
[0, 221]             4            0.047            FlatMap
[0, 222]             7            0.037            Arrange: Threshold
[0, 223]             4            0.073            Threshold
[0, 224]             3            0.008            AsCollection
[0, 225]             3            0.093            FlatMap
[0, 226]             5            0.301            Arrange: Threshold
[0, 227]             4            0.538            Threshold
[0, 228]             3            0.037            AsCollection
[0, 229]             3            0.076            FlatMap
[0, 230]             5            0.142            Arrange: Threshold
[0, 231]             4            0.222            Threshold
[0, 232]             3            0.016            AsCollection
[0, 233]             3            0.025            FlatMap
[0, 234]             6            0.027            Arrange: Threshold
[0, 235]             4            0.019            Threshold
[0, 236]             3            0.005            AsCollection
[0, 237]             3            0.128            FlatMap
[0, 238]             5            0.107            Arrange: Threshold
[0, 239]             4            0.204            Threshold
[0, 240]             3            0.031            AsCollection
[0, 241]             3            0.022            FlatMap
[0, 242]             4            0.015            Arrange: Threshold
[0, 243]             4            0.066            Threshold
[0, 244]             3            0.009            AsCollection
[0, 245]             3            0.109            FlatMap
[0, 246]             5            0.105            Arrange: Threshold
[0, 247]             4            0.125            Threshold
[0, 248]             3            0.009            AsCollection
[0, 249]             3            0.084            FlatMap
[0, 250]             5            0.145            Arrange: Threshold
[0, 251]             4            0.315            Threshold
[0, 252]             3            0.020            AsCollection
[0, 253]             3            0.212            FlatMap
[0, 254]             5            0.890            Arrange: Threshold
[0, 255]             4            1.721            Threshold
[0, 256]             3            0.111            AsCollection
[0, 257]             3            0.027            FlatMap
[0, 258]             6            0.018            Arrange: Threshold
[0, 259]             4            0.072            Threshold
[0, 260]             3            0.014            AsCollection
[0, 261]             3            0.085            FlatMap
[0, 262]             5            0.137            Arrange: Threshold
[0, 263]             4            0.229            Threshold
[0, 264]             3            0.019            AsCollection
[0, 265]             3            0.014            Concatenate
[0, 266]             3            0.007            Concatenate
[0, 267]             3            0.204            FlatMap
[0, 268]             5            0.707            Arrange: Threshold
[0, 269]             4            1.327            Threshold
[0, 270]             3            0.123            AsCollection
[0, 271]             3            0.068            FlatMap
[0, 272]             5            0.118            Arrange: Threshold
[0, 273]             4            0.208            Threshold
[0, 274]             3            0.014            AsCollection
[0, 275]             3            0.031            FlatMap
[0, 276]             5            0.032            Arrange: Threshold
[0, 277]             4            0.041            Threshold
[0, 278]             3            0.006            AsCollection
[0, 279]             3            0.088            FlatMap
[0, 280]             5            0.144            Arrange: Threshold
[0, 281]             4            0.290            Threshold
[0, 282]             3            0.019            AsCollection
[0, 283]             3            0.155            FlatMap
[0, 284]             5            1.243            Arrange: Threshold
[0, 285]             4            0.897            Threshold
[0, 286]             3            0.064            AsCollection
[0, 287]             3            0.108            FlatMap
[0, 288]             5            0.147            Arrange: Threshold
[0, 289]             4            0.220            Threshold
[0, 290]             3            0.014            AsCollection
[0, 291]             3            0.007            Concatenate
[0, 292]             3            0.008            Concatenate
[0, 293]             3            0.008            Concatenate
[0, 294]             3            0.251            FlatMap
[0, 295]             5            0.560            Arrange: Threshold
[0, 296]             4            1.058            Threshold
[0, 297]             3            0.069            AsCollection
[0, 298]             3            0.274            FlatMap
[0, 299]             5            0.276            Arrange: Threshold
[0, 300]             4            0.465            Threshold
[0, 301]             3            0.049            AsCollection
[0, 302]             3            0.015            Concatenate
[0, 303]             3            0.012            Concatenate
[0, 304]             3            0.538            FlatMap
[0, 305]             5            1.412            Arrange: Threshold
[0, 306]             4            2.429            Threshold
[0, 307]             3            0.180            AsCollection
[0, 308]             3            0.174            FlatMap
[0, 309]             5            0.295            Arrange: Threshold
[0, 310]             4            0.597            Threshold
[0, 311]             3            0.044            AsCollection
[0, 312]             3            0.122            FlatMap
[0, 313]             5            0.106            Arrange: Threshold
[0, 314]             4            0.110            Threshold
[0, 315]             3            0.008            AsCollection
[0, 316]             3            0.025            FlatMap
[0, 317]             6            0.013            Arrange: Threshold
[0, 318]             4            0.023            Threshold
[0, 319]             3            0.006            AsCollection
[0, 320]             3            0.007            Concatenate
[0, 321]             3            0.011            Concatenate
[0, 322]             3            0.007            Concatenate
[0, 323]             3            0.007            Concatenate
[0, 324]             3            0.025            Concatenate
[0, 325]             3            0.017            Concatenate
[0, 326]             3            0.016            Concatenate
[0, 327]             3            0.008            Concatenate
[0, 328]             3            0.010            Concatenate
[0, 329]             3            0.010            Concatenate
[0, 330]             3            0.020            Concatenate
[0, 331]             3            0.015            Concatenate
[0, 332]             3            1.252            FlatMap
[0, 333]             5            2.921            Arrange: Threshold
[0, 334]             4            5.029            Threshold
[0, 335]             3            0.519            AsCollection
[0, 336]             3            0.099            FlatMap
[0, 337]             5            0.288            Arrange: Threshold
[0, 338]             4            0.633            Threshold
[0, 339]             3            0.036            AsCollection
[0, 340]             3            0.074            FlatMap
[0, 341]             5            0.154            Arrange: Threshold
[0, 342]             4            0.243            Threshold
[0, 343]             3            0.017            AsCollection
[0, 344]             3            0.059            FlatMap
[0, 345]             5            0.068            Arrange: Threshold
[0, 346]             4            0.074            Threshold
[0, 347]             3            0.008            AsCollection
[0, 348]             3            0.006            Concatenate
[0, 349]             4            0.007            Concatenate
[0, 350]             4            0.006            Concatenate
[0, 351]             4            0.006            Concatenate
[0, 352]             4            0.206            FlatMap
[0, 353]             7            0.107            Arrange: Threshold
[0, 354]             4            0.076            Threshold
[0, 355]             3            0.147            AsCollection
[0, 356]             3            0.129            FlatMap
[0, 357]             5            0.142            Arrange: Threshold
[0, 358]             4            0.295            Threshold
[0, 359]             3            0.019            AsCollection
[0, 360]             3            0.174            FlatMap
[0, 361]             5            0.208            Arrange: Threshold
[0, 362]             4            0.480            Threshold
[0, 363]             3            0.054            AsCollection
[0, 364]             3            0.196            FlatMap
[0, 365]             5            0.177            Arrange: Threshold
[0, 366]             4            0.404            Threshold
[0, 367]             3            0.024            AsCollection
[0, 368]             3            0.172            FlatMap
[0, 369]             5            0.386            Arrange: Threshold
[0, 370]             4            0.838            Threshold
[0, 371]             3            0.043            AsCollection
[0, 372]             3            0.108            FlatMap
[0, 373]             5            0.110            Arrange: Threshold
[0, 374]             4            0.167            Threshold
[0, 375]             3            0.013            AsCollection
[0, 376]             3            0.004            FlatMap
[0, 377]             1            0.001            FlatMap
[0, 378]             3            0.008            ArrangeBySelf
[0, 379]             3            0.005            FlatMap
[0, 380]             1            0.001            FlatMap
[0, 381]             3            0.006            ArrangeBySelf
[0, 382]             2            0.013            Join
[0, 383]             3            0.010            ArrangeByKey
[0, 384]             3            0.028            FlatMap
[0, 385]             5            0.010            ArrangeByKey
[0, 386]             3            0.019            Join
[0, 387]             3            0.004            FlatMap
[0, 388]             1            0.002            FlatMap
[0, 389]             3            0.006            ArrangeBySelf
[0, 390]             3            0.004            FlatMap
[0, 391]             1            0.001            FlatMap
[0, 392]             3            0.005            ArrangeBySelf
[0, 393]             2            0.013            Join
[0, 394]             3            0.006            ArrangeByKey
[0, 395]             3            0.012            Join
[0, 396]             3            0.005            FlatMap
[0, 397]             3            0.006            ArrangeByKey
[0, 398]             2            0.008            Join
[0, 399]             3            0.020            FlatMap
[0, 400]             5            0.012            ArrangeByKey
[0, 401]             2            0.066            Join
[0, 402]             3            0.006            FlatMap
[0, 403]             3            0.020            FlatMap
[0, 404]             3            0.006            FlatMap
[0, 405]             3            0.008            FlatMap
[0, 406]             3            0.011            FlatMap
[0, 407]             3            0.021            FlatMap
[0, 408]             4            0.015            ArrangeBySelf
[0, 409]             3            0.019            FlatMap
[0, 410]             3            0.048            FlatMap
[0, 411]             6            0.107            ArrangeBySelf
[0, 412]             3            0.012            FlatMap
[0, 413]             3            0.019            FlatMap
[0, 414]             4            0.022            ArrangeBySelf
[0, 415]             3            0.014            FlatMap
[0, 416]             3            0.036            FlatMap
[0, 417]             6            0.034            ArrangeBySelf
[0, 418]             3            0.102            FlatMap
[0, 419]             5            0.211            ArrangeByKey
[0, 420]             1            0.002            FlatMap
[0, 421]             1            0.001            FlatMap
[0, 422]             2            0.006            ArrangeBySelf
[0, 423]             5            0.027            Join
[0, 424]             3            0.007            ArrangeByKey
[0, 425]             4            0.018            Join
[0, 426]             3            0.009            ArrangeByKey
[0, 427]             6            0.033            Join
[0, 428]             3            0.035            FlatMap
[0, 429]             3            0.012            ArrangeBySelf
[0, 430]             5            0.025            Join
[0, 431]             3            0.019            FlatMap
[0, 432]             4            0.028            ArrangeBySelf
[0, 433]             5            0.029            Join
[0, 434]             3            0.018            FlatMap
[0, 435]             4            0.008            ArrangeBySelf
[0, 436]             4            0.018            Join
[0, 437]             2            0.006            ArrangeByKey
[0, 438]             5            0.023            Join
[0, 439]             3            0.019            FlatMap
[0, 440]             3            0.011            ArrangeBySelf
[0, 441]             5            0.026            Join
[0, 442]             3            0.030            FlatMap
[0, 443]             3            0.017            ArrangeBySelf
[0, 444]             4            0.015            Join
[0, 445]             2            0.069            ArrangeByKey
[0, 446]             3            0.017            Join
[0, 447]             3            0.024            FlatMap
[0, 448]             3            0.023            ArrangeBySelf
[0, 449]             4            0.016            Join
[0, 450]             3            0.013            FlatMap
[0, 451]             3            0.031            FlatMap
[0, 452]             6            0.026            ArrangeBySelf
[0, 453]             3            0.096            FlatMap
[0, 454]             5            0.197            ArrangeByKey
[0, 455]             3            0.113            FlatMap
[0, 456]             5            0.208            ArrangeByKey
[0, 457]             3            0.160            FlatMap
[0, 458]             5            0.187            ArrangeByKey
[0, 459]             3            0.055            AsCollection
[0, 460]             3            0.095            FlatMap
[0, 461]             5            0.217            Arrange: Threshold
[0, 462]             4            0.408            Threshold
[0, 463]             3            0.032            AsCollection
[0, 464]             6            0.044            Join
[0, 465]             3            0.053            FlatMap
[0, 466]             5            0.054            Arrange: Threshold
[0, 467]             4            0.055            Threshold
[0, 468]             3            0.008            AsCollection
[0, 469]             3            0.007            FlatMap
[0, 470]             3            0.006            Concatenate
[0, 471]             3            0.014            FlatMap
[0, 472]             3            0.051            FlatMap
[0, 473]             4            0.109            Arrange: Threshold
[0, 474]             4            0.369            Threshold
[0, 475]             3            0.116            AsCollection
[0, 476]             5            0.205            ArrangeByKey
[0, 477]             3            0.058            AsCollection
[0, 478]             3            0.097            FlatMap
[0, 479]             5            0.208            Arrange: Threshold
[0, 480]             4            0.395            Threshold
[0, 481]             3            0.038            AsCollection
[0, 482]             5            0.045            Join
[0, 483]             3            0.060            FlatMap
[0, 484]             5            0.084            Arrange: Threshold
[0, 485]             4            0.046            Threshold
[0, 486]             3            0.005            AsCollection
[0, 487]             3            0.006            FlatMap
[0, 488]             3            0.005            Concatenate
[0, 489]             3            0.014            FlatMap
[0, 490]             3            0.049            FlatMap
[0, 491]             6            0.106            Arrange: Threshold
[0, 492]             4            0.344            Threshold
[0, 493]             3            0.133            AsCollection
[0, 494]             5            0.205            ArrangeByKey
[0, 495]             3            0.061            AsCollection
[0, 496]             3            0.088            FlatMap
[0, 497]             5            0.207            Arrange: Threshold
[0, 498]             4            0.411            Threshold
[0, 499]             3            0.025            AsCollection
[0, 500]             6            0.043            Join
[0, 501]             3            0.049            FlatMap
[0, 502]             5            0.060            Arrange: Threshold
[0, 503]             4            0.047            Threshold
[0, 504]             3            0.005            AsCollection
[0, 505]             3            0.004            FlatMap
[0, 506]             3            0.004            Concatenate
[0, 507]             3            0.014            FlatMap
[0, 508]             3            0.047            FlatMap
[0, 509]             4            0.110            Arrange: Threshold
[0, 510]             4            0.387            Threshold
[0, 511]             3            0.125            AsCollection
[0, 512]             5            0.238            ArrangeByKey
[0, 513]             6            0.255            Join
[0, 514]             8            0.104            ArrangeByKey
[0, 515]             6            0.290            Join
[0, 516]             3            0.028            FlatMap
[0, 517]             3            0.067            FlatMap
[0, 518]             4            0.163            ArrangeBySelf
[0, 519]             3            0.191            FlatMap
[0, 520]             5            0.699            ArrangeByKey
[0, 521]             6            0.595            Join
[0, 522]             5            0.318            ArrangeByKey
[0, 523]             3            0.018            FlatMap
[0, 524]             3            0.153            FlatMap
[0, 525]             5            0.161            ArrangeBySelf
[0, 526]             3            0.197            FlatMap
[0, 527]             5            0.209            ArrangeByKey
[0, 528]             6            0.217            Join
[0, 529]             4            0.149            ArrangeByKey
[0, 530]             7            0.255            Join
[0, 531]             4            0.085            ArrangeByKey
[0, 532]             6            0.259            Join
[0, 533]             3            0.029            FlatMap
[0, 534]             3            0.097            FlatMap
[0, 535]             5            0.162            ArrangeBySelf
[0, 536]             3            0.215            FlatMap
[0, 537]             5            0.194            ArrangeByKey
[0, 538]             7            0.201            Join
[0, 539]             4            0.130            ArrangeByKey
[0, 540]             7            0.225            Join
[0, 541]             4            0.084            ArrangeByKey
[0, 542]             6            0.255            Join
[0, 543]             3            0.014            FlatMap
[0, 544]             3            0.036            FlatMap
[0, 545]             4            0.035            ArrangeBySelf
[0, 546]             3            0.528            FlatMap
[0, 547]             5            3.017            ArrangeByKey
[0, 548]             3            0.244            FlatMap
[0, 549]             5            0.660            ArrangeByKey
[0, 550]             5            0.170            Join
[0, 551]             4            0.054            ArrangeByKey
[0, 552]             6            0.128            Join
[0, 553]             4            0.041            ArrangeByKey
[0, 554]             6            0.125            Join
[0, 555]             3            0.431            FlatMap
[0, 556]             5            3.055            ArrangeByKey
[0, 557]             3            0.188            FlatMap
[0, 558]             5            0.190            ArrangeByKey
[0, 559]             6            0.267            Join
[0, 560]             3            0.160            FlatMap
[0, 561]             5            0.283            ArrangeByKey
[0, 562]             6            0.329            Join
[0, 563]             4            0.171            ArrangeByKey
[0, 564]             3            0.391            FlatMap
[0, 565]             5            1.240            ArrangeByKey
[0, 566]             6            0.360            Join
[0, 567]             3            0.373            FlatMap
[0, 568]             5            1.148            ArrangeByKey
[0, 569]             6            1.447            Join
[0, 570]             4            0.775            ArrangeByKey
[0, 571]             3            0.333            FlatMap
[0, 572]             5            0.843            ArrangeByKey
[0, 573]             6            1.132            Join
[0, 574]             3            0.241            FlatMap
[0, 575]             5            0.132            ArrangeByKey
[0, 576]             6            0.154            Join
[0, 577]             4            0.049            ArrangeByKey
[0, 578]             6            0.159            Join
[0, 579]             4            0.057            ArrangeByKey
[0, 580]             3            0.243            FlatMap
[0, 581]             5            0.119            ArrangeByKey
[0, 582]             7            0.178            Join
[0, 583]             3            0.266            FlatMap
[0, 584]             5            0.143            ArrangeByKey
[0, 585]             6            0.198            Join
[0, 586]             4            0.075            ArrangeByKey
[0, 587]             3            0.240            FlatMap
[0, 588]             5            0.138            ArrangeByKey
[0, 589]             6            0.221            Join
[0, 590]             3            0.277            FlatMap
[0, 591]             5            0.090            ArrangeByKey
[0, 592]             6            0.093            Join
[0, 593]             4            0.024            ArrangeByKey
[0, 594]             3            0.176            FlatMap
[0, 595]             5            0.088            ArrangeByKey
[0, 596]             6            0.086            Join
[0, 597]             3            0.223            FlatMap
[0, 598]             5            0.081            ArrangeByKey
[0, 599]             6            0.082            Join
[0, 600]             4            0.019            ArrangeByKey
[0, 601]             3            0.321            FlatMap
[0, 602]             5            0.535            ArrangeByKey
[0, 603]             6            0.065            Join
[0, 604]             6            0.670            Join
[0, 605]             4            0.315            ArrangeByKey
[0, 606]             3            0.142            FlatMap
[0, 607]             5            0.114            ArrangeByKey
[0, 608]             6            0.153            Join
[0, 609]             3            0.186            FlatMap
[0, 610]             5            0.139            ArrangeByKey
[0, 611]             6            0.210            Join
[0, 612]             5            0.058            ArrangeByKey
[0, 613]             3            0.258            FlatMap
[0, 614]             5            0.130            ArrangeByKey
[0, 615]             6            0.164            Join
[0, 616]             5            0.059            ArrangeByKey
[0, 617]             7            0.196            Join
[0, 618]             3            0.214            FlatMap
[0, 619]             4            0.294            ArrangeByKey
[0, 620]             6            0.435            Join
[0, 621]             6            0.158            ArrangeByKey
[0, 622]             6            0.417            Join
[0, 623]             5            0.194            ArrangeByKey
[0, 624]             3            0.160            FlatMap
[0, 625]             4            0.303            ArrangeByKey
[0, 626]             7            0.399            Join
[0, 627]             3            0.135            FlatMap
[0, 628]             6            0.337            Arrange: Threshold
[0, 629]             4            0.554            Threshold
[0, 630]             3            0.054            AsCollection
[0, 631]             3            0.099            FlatMap
[0, 632]             6            0.114            Arrange: Threshold
[0, 633]             4            0.201            Threshold
[0, 634]             3            0.017            AsCollection
[0, 635]             1            0.001            Concatenate
[0, 636]             1            0.001            Concatenate
[0, 637]             1            0.009            Concatenate
[0, 638]             3            0.006            Concatenate
[0, 639]             3            0.004            Concatenate
[0, 640]             3            0.004            Concatenate
[0, 641]             3            0.058            FlatMap
[0, 642]             9            0.025            Arrange: Threshold
[0, 643]             4            0.032            Threshold
[0, 644]             3            0.004            AsCollection
[0, 645]             3            0.085            FlatMap
[0, 646]             6            0.088            Arrange: Threshold
[0, 647]             4            0.070            Threshold
[0, 648]             3            0.012            AsCollection
[0, 649]             3            0.125            FlatMap
[0, 650]             7            0.428            Arrange: Threshold
[0, 651]             4            0.820            Threshold
[0, 652]             3            0.054            AsCollection
[0, 653]             3            0.176            FlatMap
[0, 654]             8            0.363            Arrange: Threshold
[0, 655]             4            0.596            Threshold
[0, 656]             3            0.041            AsCollection
[0, 657]             3            0.106            FlatMap
[0, 658]             6            0.157            Arrange: Threshold
[0, 659]             4            0.260            Threshold
[0, 660]             3            0.020            AsCollection
[0, 661]             3            0.119            FlatMap
[0, 662]             8            0.142            Arrange: Threshold
[0, 663]             4            0.222            Threshold
[0, 664]             3            0.016            AsCollection
[0, 665]             3            0.136            FlatMap
[0, 666]             5            0.254            Arrange: Threshold
[0, 667]             4            0.437            Threshold
[0, 668]             3            0.066            AsCollection
[0, 669]             3            0.110            FlatMap
[0, 670]             5            0.154            Arrange: Threshold
[0, 671]             4            0.293            Threshold
[0, 672]             3            0.020            AsCollection
[0, 673]             3            0.085            FlatMap
[0, 674]             9            0.159            Arrange: Threshold
[0, 675]             4            0.203            Threshold
[0, 676]             3            0.023            AsCollection
[0, 677]             1            0.001            FlatMap
[0, 678]             2            0.007            Arrange: Threshold
[0, 679]             2            0.008            Threshold
[0, 680]             1            0.001            AsCollection
[0, 681]             3            0.044            FlatMap
[0, 682]             6            0.040            Arrange: Threshold
[0, 683]             4            0.063            Threshold
[0, 684]             3            0.007            AsCollection
[0, 685]             3            0.145            FlatMap
[0, 686]             11           0.448            Arrange: Threshold
[0, 687]             4            0.840            Threshold
[0, 688]             3            0.047            AsCollection
[0, 689]             3            0.257            FlatMap
[0, 690]             8            0.850            Arrange: Threshold
[0, 691]             4            1.566            Threshold
[0, 692]             3            0.098            AsCollection
[0, 693]             3            0.091            FlatMap
[0, 694]             8            0.123            Arrange: Threshold
[0, 695]             4            0.179            Threshold
[0, 696]             3            0.015            AsCollection
[0, 697]             3            0.067            FlatMap
[0, 698]             9            0.096            Arrange: Threshold
[0, 699]             4            0.097            Threshold
[0, 700]             3            0.008            AsCollection
[0, 701]             3            0.093            FlatMap
[0, 702]             5            0.074            ArrangeByKey
[0, 703]             3            0.087            FlatMap
[0, 704]             5            0.065            ArrangeByKey
[0, 705]             250          8.266            Iterative
[0, 705, 1]          3            0.008            FlatMap
[0, 705, 2]          3            0.005            FlatMap
[0, 705, 3]          3            0.009            Enter
[0, 705, 4]          19           0.029            Feedback
[0, 705, 5]          19           0.443            FlatMap
[0, 705, 6]          55           0.320            ArrangeByKey
[0, 705, 7]          29           0.173            Join
[0, 705, 8]          29           0.202            Join
[0, 705, 9]          17           0.024            Concatenate
[0, 705, 10]         19           0.023            Concatenate
[0, 705, 11]         19           0.369            FlatMap
[0, 705, 12]         48           0.209            Arrange: Threshold
[0, 705, 13]         28           0.323            Threshold
[0, 705, 14]         19           0.058            AsCollection
[0, 705, 15]         19           0.017            ResultsIn
[0, 706]             28           0.037            Leave
[0, 707]             1            0.002            FlatMap
[0, 708]             1            0.002            FlatMap
[0, 709]             1            0.001            FlatMap
[0, 710]             3            0.006            ArrangeBySelf
[0, 711]             3            0.182            FlatMap
[0, 712]             4            0.197            ArrangeByKey
[0, 713]             5            0.025            Join
[0, 714]             3            0.012            FlatMap
[0, 715]             3            0.006            FlatMap
[0, 716]             3            0.020            FlatMap
[0, 717]             5            0.078            ArrangeBySelf
[0, 718]             19           0.447            FlatMap
[0, 719]             40           0.195            ArrangeByKey
[0, 720]             7            0.047            Join
[0, 721]             3            0.007            FlatMap
[0, 722]             3            0.023            FlatMap
[0, 723]             5            0.015            ArrangeBySelf
[0, 724]             7            0.068            Join
[0, 725]             3            0.016            FlatMap
[0, 726]             1            0.001            FlatMap
[0, 727]             3            0.006            Arrange: Threshold
[0, 728]             2            0.009            Threshold
[0, 729]             1            0.001            AsCollection
[0, 730]             3            0.041            FlatMap
[0, 731]             4            0.023            Arrange: Threshold
[0, 732]             4            0.028            Threshold
[0, 733]             3            0.007            AsCollection
[0, 734]             3            0.005            Concatenate
[0, 735]             5            0.007            Concatenate
[0, 736]             5            0.149            FlatMap
[0, 737]             16           0.093            Arrange: Threshold
[0, 738]             4            0.108            Threshold
[0, 739]             3            0.017            AsCollection
[0, 740]             1            0.001            FlatMap
[0, 741]             3            0.005            Arrange: Threshold
[0, 742]             2            0.007            Threshold
[0, 743]             1            0.001            AsCollection
[0, 744]             3            0.076            FlatMap
[0, 745]             4            0.130            Arrange: Threshold
[0, 746]             4            0.418            Threshold
[0, 747]             3            0.029            AsCollection
[0, 748]             3            0.083            FlatMap
[0, 749]             6            0.050            ArrangeByKey
[0, 750]             249          6.607            Iterative
[0, 750, 1]          3            0.010            Enter
[0, 750, 2]          3            0.007            FlatMap
[0, 750, 3]          17           0.022            Feedback
[0, 750, 4]          17           0.373            FlatMap
[0, 750, 5]          68           0.241            ArrangeByKey
[0, 750, 6]          25           0.209            Join
[0, 750, 7]          15           0.019            Concatenate
[0, 750, 8]          15           0.385            FlatMap
[0, 750, 9]          38           0.161            Arrange: Threshold
[0, 750, 10]         26           0.262            Threshold
[0, 750, 11]         17           0.043            AsCollection
[0, 750, 12]         17           0.016            ResultsIn
[0, 751]             39           0.032            Leave
[0, 752]             17           0.025            FlatMap
[0, 753]             19           0.016            Concatenate
[0, 754]             19           0.326            FlatMap
[0, 755]             60           0.130            Arrange: Threshold
[0, 756]             4            0.193            Threshold
[0, 757]             3            0.018            AsCollection
[0, 758]             17           0.306            FlatMap
[0, 759]             43           0.093            Arrange: Threshold
[0, 760]             4            0.101            Threshold
[0, 761]             3            0.009            AsCollection
[0, 762]             3            0.020            FlatMap
[0, 763]             3            0.134            FlatMap
[0, 764]             5            0.209            ArrangeBySelf
[0, 765]             3            0.145            FlatMap
[0, 766]             5            0.070            ArrangeByKey
[0, 767]             3            0.059            FlatMap
[0, 768]             5            0.078            ArrangeByKey
[0, 769]             1063         45.261           Iterative
[0, 769, 1]          3            0.006            FlatMap
[0, 769, 2]          3            0.029            Enter
[0, 769, 3]          3            0.007            FlatMap
[0, 769, 4]          3            0.013            FlatMap
[0, 769, 5]          25           0.038            Feedback
[0, 769, 6]          25           1.098            FlatMap
[0, 769, 7]          56           1.526            ArrangeByKey
[0, 769, 8]          36           1.342            Join
[0, 769, 9]          61           1.385            ArrangeByKey
[0, 769, 10]         21           0.259            AsCollection
[0, 769, 11]         21           1.149            FlatMap
[0, 769, 12]         55           1.281            Arrange: Threshold
[0, 769, 13]         30           3.258            Threshold
[0, 769, 14]         21           0.154            AsCollection
[0, 769, 15]         34           0.885            Join
[0, 769, 16]         13           0.319            FlatMap
[0, 769, 17]         37           0.174            Arrange: Threshold
[0, 769, 18]         27           0.280            Threshold
[0, 769, 19]         15           0.024            AsCollection
[0, 769, 20]         15           0.027            FlatMap
[0, 769, 21]         26           0.035            Concatenate
[0, 769, 22]         26           0.123            FlatMap
[0, 769, 23]         26           1.056            FlatMap
[0, 769, 24]         60           1.419            Arrange: Threshold
[0, 769, 25]         29           3.236            Threshold
[0, 769, 26]         23           0.132            AsCollection
[0, 769, 27]         36           0.651            Join
[0, 769, 28]         27           0.150            ArrangeByKey
[0, 769, 29]         7            0.012            AsCollection
[0, 769, 30]         7            0.178            FlatMap
[0, 769, 31]         30           0.101            Arrange: Threshold
[0, 769, 32]         20           0.150            Threshold
[0, 769, 33]         9            0.012            AsCollection
[0, 769, 34]         22           0.129            Join
[0, 769, 35]         7            0.136            FlatMap
[0, 769, 36]         24           0.070            Arrange: Threshold
[0, 769, 37]         18           0.103            Threshold
[0, 769, 38]         7            0.011            AsCollection
[0, 769, 39]         7            0.012            FlatMap
[0, 769, 40]         9            0.013            Concatenate
[0, 769, 41]         9            0.014            FlatMap
[0, 769, 42]         9            0.170            FlatMap
[0, 769, 43]         31           0.105            Arrange: Threshold
[0, 769, 44]         21           0.133            Threshold
[0, 769, 45]         9            0.012            AsCollection
[0, 769, 46]         26           0.034            Concatenate
[0, 769, 47]         28           0.034            Concatenate
[0, 769, 48]         28           0.658            FlatMap
[0, 769, 49]         57           0.865            Arrange: Threshold
[0, 769, 50]         30           4.758            Threshold
[0, 769, 51]         25           0.231            AsCollection
[0, 769, 52]         25           0.041            ResultsIn
[0, 770]             29           0.101            Leave
[0, 771]             3            0.013            FlatMap
[0, 772]             3            0.021            FlatMap
[0, 773]             5            0.031            ArrangeBySelf
[0, 774]             3            0.041            FlatMap
[0, 775]             5            0.036            ArrangeByKey
[0, 776]             7            0.057            Join
[0, 777]             6            0.014            ArrangeByKey
[0, 778]             3            0.058            FlatMap
[0, 779]             5            0.034            ArrangeByKey
[0, 780]             7            0.054            Join
[0, 781]             6            0.017            ArrangeByKey
[0, 782]             280          5.598            Iterative
[0, 782, 1]          3            0.007            FlatMap
[0, 782, 2]          3            0.007            FlatMap
[0, 782, 3]          3            0.015            Enter
[0, 782, 4]          3            0.005            FlatMap
[0, 782, 5]          5            0.007            Feedback
[0, 782, 6]          5            0.145            FlatMap
[0, 782, 7]          14           0.184            ArrangeByKey
[0, 782, 8]          12           0.297            Join
[0, 782, 9]          16           0.203            ArrangeByKey
[0, 782, 10]         11           0.356            Join
[0, 782, 11]         16           0.149            ArrangeByKey
[0, 782, 12]         12           0.127            Join
[0, 782, 13]         11           0.036            ArrangeByKey
[0, 782, 14]         10           0.049            Join
[0, 782, 15]         5            0.008            Concatenate
[0, 782, 16]         5            0.126            FlatMap
[0, 782, 17]         37           0.075            Arrange: Threshold
[0, 782, 18]         8            0.229            Threshold
[0, 782, 19]         5            0.025            AsCollection
[0, 782, 20]         5            0.007            ResultsIn
[0, 783]             7            0.017            Leave
[0, 784]             5            0.021            FlatMap
[0, 785]             5            0.014            FlatMap
[0, 786]             5            0.102            FlatMap
[0, 787]             12           0.102            Arrange: Threshold
[0, 788]             4            0.198            Threshold
[0, 789]             3            0.019            AsCollection
[0, 790]             5            0.085            FlatMap
[0, 791]             11           0.063            Arrange: Threshold
[0, 792]             4            0.209            Threshold
[0, 793]             3            0.018            AsCollection
[0, 794]             3            0.082            FlatMap
[0, 795]             5            0.053            ArrangeByKey
[0, 796]             3            0.047            FlatMap
[0, 797]             5            0.034            ArrangeByKey
[0, 798]             3            0.116            FlatMap
[0, 799]             6            0.120            ArrangeByKey
[0, 800]             3            0.156            FlatMap
[0, 801]             5            0.242            ArrangeByKey
[0, 802]             3            0.034            FlatMap
[0, 803]             5            0.025            ArrangeByKey
[0, 804]             3            0.008            FlatMap
[0, 805]             3            0.042            FlatMap
[0, 806]             5            0.040            ArrangeBySelf
[0, 807]             3            0.101            FlatMap
[0, 808]             6            0.104            ArrangeByKey
[0, 809]             3            0.623            FlatMap
[0, 810]             5            2.755            ArrangeByKey
[0, 811]             3            0.246            FlatMap
[0, 812]             6            1.277            ArrangeByKey
[0, 813]             3            0.191            FlatMap
[0, 814]             5            0.507            ArrangeByKey
[0, 815]             3            0.500            FlatMap
[0, 816]             5            3.987            ArrangeByKey
[0, 817]             3            0.183            FlatMap
[0, 818]             5            0.156            ArrangeByKey
[0, 819]             3            0.291            FlatMap
[0, 820]             5            0.648            ArrangeByKey
[0, 821]             3            0.096            FlatMap
[0, 822]             7            0.193            ArrangeByKey
[0, 823]             3            0.243            FlatMap
[0, 824]             5            0.431            ArrangeByKey
[0, 825]             3            0.180            FlatMap
[0, 826]             6            0.432            ArrangeByKey
[0, 827]             3            0.139            FlatMap
[0, 828]             6            0.420            ArrangeByKey
[0, 829]             25           1.126            FlatMap
[0, 830]             44           1.830            ArrangeByKey
[0, 831]             3            0.118            FlatMap
[0, 832]             5            0.315            ArrangeByKey
[0, 833]             3            0.328            FlatMap
[0, 834]             5            0.783            ArrangeByKey
[0, 835]             3            0.106            FlatMap
[0, 836]             7            0.216            ArrangeByKey
[0, 837]             3            0.096            FlatMap
[0, 838]             5            0.132            ArrangeByKey
[0, 839]             3            0.114            FlatMap
[0, 840]             5            0.178            ArrangeByKey
[0, 841]             3            0.017            FlatMap
[0, 842]             3            0.072            FlatMap
[0, 843]             8            0.154            ArrangeBySelf
[0, 844]             3            0.111            FlatMap
[0, 845]             10           0.148            ArrangeByKey
[0, 846]             3            0.172            FlatMap
[0, 847]             5            0.432            ArrangeByKey
[0, 848]             3            0.096            FlatMap
[0, 849]             7            0.159            ArrangeByKey
[0, 850]             3            0.143            FlatMap
[0, 851]             7            0.213            ArrangeByKey
[0, 852]             3            0.074            FlatMap
[0, 853]             5            0.048            ArrangeByKey
[0, 854]             3            0.092            FlatMap
[0, 855]             7            0.113            ArrangeByKey
[0, 856]             3            0.119            FlatMap
[0, 857]             5            0.149            ArrangeByKey
[0, 858]             3            0.096            FlatMap
[0, 859]             7            0.142            ArrangeByKey
[0, 860]             3            0.078            FlatMap
[0, 861]             14           0.063            ArrangeByKey
[0, 862]             3            0.074            FlatMap
[0, 863]             13           0.069            ArrangeByKey
[0, 864]             3            0.137            FlatMap
[0, 865]             7            0.314            ArrangeByKey
[0, 866]             3            0.114            FlatMap
[0, 867]             7            0.125            ArrangeByKey
[0, 868]             3            0.011            FlatMap
[0, 869]             3            0.035            FlatMap
[0, 870]             4            0.037            ArrangeBySelf
[0, 871]             3            0.235            FlatMap
[0, 872]             5            0.697            ArrangeByKey
[0, 873]             6            0.160            Join
[0, 874]             6            0.045            ArrangeByKey
[0, 875]             3            0.153            FlatMap
[0, 876]             5            0.193            ArrangeByKey
[0, 877]             207398       7679.471         Iterative
[0, 877, 1]          3            0.011            FlatMap
[0, 877, 2]          3            0.006            FlatMap
[0, 877, 3]          3            0.012            FlatMap
[0, 877, 4]          3            0.015            FlatMap
[0, 877, 5]          3            0.008            FlatMap
[0, 877, 6]          1            0.002            Enter
[0, 877, 7]          3            0.004            FlatMap
[0, 877, 8]          3            0.006            FlatMap
[0, 877, 9]          3            0.007            FlatMap
[0, 877, 10]         3            0.008            FlatMap
[0, 877, 11]         3            0.012            FlatMap
[0, 877, 12]         3            0.008            FlatMap
[0, 877, 13]         3            0.012            FlatMap
[0, 877, 14]         3            0.006            FlatMap
[0, 877, 15]         3            0.018            FlatMap
[0, 877, 16]         3            0.005            FlatMap
[0, 877, 17]         3            0.005            FlatMap
[0, 877, 18]         3            0.006            FlatMap
[0, 877, 19]         3            0.005            FlatMap
[0, 877, 20]         3            0.006            FlatMap
[0, 877, 21]         3            0.006            FlatMap
[0, 877, 22]         3            0.004            FlatMap
[0, 877, 23]         3            0.008            FlatMap
[0, 877, 24]         3            0.005            FlatMap
[0, 877, 25]         3            0.007            FlatMap
[0, 877, 26]         3            0.006            FlatMap
[0, 877, 27]         3            0.006            FlatMap
[0, 877, 28]         1            0.000            Enter
[0, 877, 29]         3            0.006            FlatMap
[0, 877, 30]         3            0.006            FlatMap
[0, 877, 31]         3            0.006            FlatMap
[0, 877, 32]         3            0.004            FlatMap
[0, 877, 33]         3            0.004            FlatMap
[0, 877, 34]         3            0.005            FlatMap
[0, 877, 35]         3            0.004            FlatMap
[0, 877, 36]         3            0.006            FlatMap
[0, 877, 37]         3            0.005            FlatMap
[0, 877, 38]         3            0.008            FlatMap
[0, 877, 39]         3            0.006            FlatMap
[0, 877, 40]         3            0.005            FlatMap
[0, 877, 41]         3            0.004            FlatMap
[0, 877, 42]         207          0.596            Feedback
[0, 877, 43]         417          0.835            Feedback
[0, 877, 44]         223          0.354            Feedback
[0, 877, 45]         319          0.448            Feedback
[0, 877, 46]         325          0.451            Feedback
[0, 877, 47]         457          7.613            Feedback
[0, 877, 48]         345          0.450            Feedback
[0, 877, 49]         79           0.134            Feedback
[0, 877, 50]         79           0.154            FlatMap
[0, 877, 51]         79           1.220            FlatMap
[0, 877, 52]         998          1.424            ArrangeBySelf
[0, 877, 53]         326          1.603            Join
[0, 877, 54]         326          1.111            Join
[0, 877, 55]         207          0.465            FlatMap
[0, 877, 56]         207          4.699            FlatMap
[0, 877, 57]         945          2.265            ArrangeBySelf
[0, 877, 58]         448          2.711            Join
[0, 877, 59]         498          1.493            ArrangeByKey
[0, 877, 60]         457          43.250           FlatMap
[0, 877, 61]         2788         112.631          ArrangeByKey
[0, 877, 62]         916          5.616            Join
[0, 877, 63]         508          1.693            ArrangeByKey
[0, 877, 64]         958          32.968           Join
[0, 877, 65]         1102         8.852            ArrangeByKey
[0, 877, 66]         550          17.935           Join
[0, 877, 67]         988          2.564            ArrangeByKey
[0, 877, 68]         366          4.591            Join
[0, 877, 69]         1313         1.767            ArrangeByKey
[0, 877, 70]         264          2.033            Join
[0, 877, 71]         1057         3.102            ArrangeByKey
[0, 877, 72]         494          4.532            Join
[0, 877, 73]         448          2.604            Join
[0, 877, 74]         550          1.353            ArrangeByKey
[0, 877, 75]         948          5.303            Join
[0, 877, 76]         510          1.492            ArrangeByKey
[0, 877, 77]         345          10.040           FlatMap
[0, 877, 78]         1494         2.393            ArrangeByKey
[0, 877, 79]         671          4.229            Join
[0, 877, 80]         1592         17.086           ArrangeByKey
[0, 877, 81]         597          46.511           Join
[0, 877, 82]         1381         1.906            ArrangeByKey
[0, 877, 83]         280          2.014            Join
[0, 877, 84]         1437         1.431            ArrangeByKey
[0, 877, 85]         263          1.864            Join
[0, 877, 86]         764          1.442            ArrangeByKey
[0, 877, 87]         254          1.758            Join
[0, 877, 88]         448          6.948            Join
[0, 877, 89]         1031         2.416            ArrangeByKey
[0, 877, 90]         1022         18.647           Join
[0, 877, 91]         448          4.497            Join
[0, 877, 92]         817          1.765            ArrangeByKey
[0, 877, 93]         977          13.662           Join
[0, 877, 94]         769          5.941            ArrangeByKey
[0, 877, 95]         417          26.826           FlatMap
[0, 877, 96]         2357         42.731           ArrangeByKey
[0, 877, 97]         1201         90.926           Join
[0, 877, 98]         448          2.677            Join
[0, 877, 99]         207          6.571            FlatMap
[0, 877, 100]        1118         4.190            ArrangeBySelf
[0, 877, 101]        571          7.382            Join
[0, 877, 102]        822          2.786            ArrangeByKey
[0, 877, 103]        571          9.095            Join
[0, 877, 104]        921          1.460            ArrangeByKey
[0, 877, 105]        1046         9.102            Join
[0, 877, 106]        709          2.123            ArrangeByKey
[0, 877, 107]        984          13.330           Join
[0, 877, 108]        938          2.007            ArrangeByKey
[0, 877, 109]        506          3.471            Join
[0, 877, 110]        571          8.761            Join
[0, 877, 111]        963          1.937            ArrangeByKey
[0, 877, 112]        571          7.483            Join
[0, 877, 113]        893          1.354            ArrangeByKey
[0, 877, 114]        571          7.281            Join
[0, 877, 115]        900          1.238            ArrangeByKey
[0, 877, 116]        1090         43.209           Join
[0, 877, 117]        954          28.372           ArrangeByKey
[0, 877, 118]        580          31.811           Join
[0, 877, 119]        1219         14.913           ArrangeByKey
[0, 877, 120]        1166         21.700           Join
[0, 877, 121]        1538         3.567            ArrangeByKey
[0, 877, 122]        1161         26.983           Join
[0, 877, 123]        1459         8.547            ArrangeByKey
[0, 877, 124]        614          13.276           Join
[0, 877, 125]        319          10.016           FlatMap
[0, 877, 126]        1226         2.693            ArrangeByKey
[0, 877, 127]        529          7.927            Join
[0, 877, 128]        1349         3.121            ArrangeByKey
[0, 877, 129]        549          5.223            Join
[0, 877, 130]        325          9.306            FlatMap
[0, 877, 131]        1771         3.646            ArrangeByKey
[0, 877, 132]        1241         82.208           Join
[0, 877, 133]        448          2.742            Join
[0, 877, 134]        654          1.324            ArrangeByKey
[0, 877, 135]        270          2.162            Join
[0, 877, 136]        662          2.216            ArrangeByKey
[0, 877, 137]        469          11.447           Join
[0, 877, 138]        2064         28.306           ArrangeByKey
[0, 877, 139]        457          7.089            FlatMap
[0, 877, 140]        457          23.274           FlatMap
[0, 877, 141]        2232         45.768           ArrangeBySelf
[0, 877, 142]        1208         437.046          Join
[0, 877, 143]        580          69.559           Join
[0, 877, 144]        1524         33.790           ArrangeByKey
[0, 877, 145]        1161         57.922           Join
[0, 877, 146]        2266         17.423           ArrangeByKey
[0, 877, 147]        1162         79.852           Join
[0, 877, 148]        2128         11.343           ArrangeByKey
[0, 877, 149]        616          23.765           Join
[0, 877, 150]        1602         5.975            ArrangeByKey
[0, 877, 151]        568          6.774            Join
[0, 877, 152]        457          7.960            FlatMap
[0, 877, 153]        457          35.439           FlatMap
[0, 877, 154]        3229         30.448           ArrangeBySelf
[0, 877, 155]        571          9.214            Join
[0, 877, 156]        1347         2.243            ArrangeByKey
[0, 877, 157]        1032         10.120           Join
[0, 877, 158]        259          3.959            FlatMap
[0, 877, 159]        1222         2.555            ArrangeBySelf
[0, 877, 160]        508          7.882            Join
[0, 877, 161]        1191         2.391            ArrangeByKey
[0, 877, 162]        842          4.309            Join
[0, 877, 163]        529          8.512            Join
[0, 877, 164]        1643         2.560            ArrangeByKey
[0, 877, 165]        559          4.131            Join
[0, 877, 166]        448          3.496            Join
[0, 877, 167]        752          1.660            ArrangeByKey
[0, 877, 168]        981          11.499           Join
[0, 877, 169]        1020         3.680            ArrangeByKey
[0, 877, 170]        1167         23.923           Join
[0, 877, 171]        1161         13.264           Join
[0, 877, 172]        431          17.708           FlatMap
[0, 877, 173]        2383         7.938            ArrangeBySelf
[0, 877, 174]        621          6.624            Join
[0, 877, 175]        448          1.786            Join
[0, 877, 176]        107          1.920            FlatMap
[0, 877, 177]        813          1.693            ArrangeBySelf
[0, 877, 178]        452          2.523            Join
[0, 877, 179]        326          1.534            Join
[0, 877, 180]        448          1.611            Join
[0, 877, 181]        67           1.127            FlatMap
[0, 877, 182]        618          1.264            ArrangeBySelf
[0, 877, 183]        341          1.739            Join
[0, 877, 184]        448          2.668            Join
[0, 877, 185]        623          1.201            ArrangeByKey
[0, 877, 186]        223          4.176            FlatMap
[0, 877, 187]        1519         3.666            ArrangeByKey
[0, 877, 188]        781          4.650            Join
[0, 877, 189]        842          4.761            Join
[0, 877, 190]        448          1.956            Join
[0, 877, 191]        457          1.029            ArrangeByKey
[0, 877, 192]        924          121.855          Join
[0, 877, 193]        448          1.720            Join
[0, 877, 194]        29           0.406            FlatMap
[0, 877, 195]        459          0.978            ArrangeBySelf
[0, 877, 196]        315          1.503            Join
[0, 877, 197]        207          0.405            FlatMap
[0, 877, 198]        207          4.834            FlatMap
[0, 877, 199]        1019         1.437            ArrangeBySelf
[0, 877, 200]        448          2.298            Join
[0, 877, 201]        448          1.539            Join
[0, 877, 202]        448          1.133            Join
[0, 877, 203]        448          8.170            Join
[0, 877, 204]        1263         3.939            ArrangeByKey
[0, 877, 205]        569          4.869            Join
[0, 877, 206]        157          2.200            FlatMap
[0, 877, 207]        896          1.375            ArrangeBySelf
[0, 877, 208]        404          2.312            Join
[0, 877, 209]        157          2.392            FlatMap
[0, 877, 210]        949          1.465            ArrangeBySelf
[0, 877, 211]        353          1.999            Join
[0, 877, 212]        391          0.561            Concatenate
[0, 877, 213]        681          0.762            Concatenate
[0, 877, 214]        767          0.719            Concatenate
[0, 877, 215]        767          0.624            Concatenate
[0, 877, 216]        767          21.823           FlatMap
[0, 877, 217]        3305         6.277            Arrange: Threshold
[0, 877, 218]        572          6.946            Threshold
[0, 877, 219]        337          0.543            AsCollection
[0, 877, 220]        410          0.631            Concatenate
[0, 877, 221]        410          10.042           FlatMap
[0, 877, 222]        2155         4.183            Arrange: Threshold
[0, 877, 223]        570          7.517            Threshold
[0, 877, 224]        325          0.781            AsCollection
[0, 877, 225]        47           0.676            FlatMap
[0, 877, 226]        989          1.942            Arrange: Threshold
[0, 877, 227]        466          3.915            Threshold
[0, 877, 228]        223          0.480            AsCollection
[0, 877, 229]        665          0.724            Concatenate
[0, 877, 230]        751          0.620            Concatenate
[0, 877, 231]        751          23.754           FlatMap
[0, 877, 232]        3333         9.808            Arrange: Threshold
[0, 877, 233]        651          19.904           Threshold
[0, 877, 234]        423          0.706            AsCollection
[0, 877, 235]        465          34.882           FlatMap
[0, 877, 236]        3246         47.680           Arrange: Threshold
[0, 877, 237]        652          333.843          Threshold
[0, 877, 238]        417          9.256            AsCollection
[0, 877, 239]        273          0.401            Concatenate
[0, 877, 240]        277          0.331            Concatenate
[0, 877, 241]        323          0.385            Concatenate
[0, 877, 242]        341          0.351            Concatenate
[0, 877, 243]        445          0.456            Concatenate
[0, 877, 244]        445          0.394            Concatenate
[0, 877, 245]        445          7.386            FlatMap
[0, 877, 246]        2821         1.977            Arrange: Threshold
[0, 877, 247]        393          2.544            Threshold
[0, 877, 248]        149          0.221            AsCollection
[0, 877, 249]        215          6.972            FlatMap
[0, 877, 250]        1547         4.604            Arrange: Threshold
[0, 877, 251]        596          13.583           Threshold
[0, 877, 252]        363          0.764            AsCollection
[0, 877, 253]        465          0.793            Concatenate
[0, 877, 254]        1142         1.407            Concatenate
[0, 877, 255]        1374         1.366            Concatenate
[0, 877, 256]        1550         2.053            Concatenate
[0, 877, 257]        1786         2.017            Concatenate
[0, 877, 258]        2101         2.092            Concatenate
[0, 877, 259]        2140         1.974            Concatenate
[0, 877, 260]        2229         1.976            Concatenate
[0, 877, 261]        2229         150.900          FlatMap
[0, 877, 262]        13622        300.488          Arrange: Threshold
[0, 877, 263]        674          1465.810         Threshold
[0, 877, 264]        467          15.204           AsCollection
[0, 877, 265]        207          0.274            ResultsIn
[0, 877, 266]        417          2.471            ResultsIn
[0, 877, 267]        345          0.373            ResultsIn
[0, 877, 268]        79           0.104            ResultsIn
[0, 877, 269]        223          0.265            ResultsIn
[0, 877, 270]        457          1.985            ResultsIn
[0, 877, 271]        319          0.332            ResultsIn
[0, 877, 272]        325          0.371            ResultsIn
[0, 878]             548          0.495            Leave
[0, 879]             1264         1.772            Leave
[0, 880]             836          0.622            Leave
[0, 881]             642          0.531            Leave
[0, 882]             1029         0.637            Leave
[0, 883]             1586         3.060            Leave
[0, 884]             887          0.579            Leave
[0, 885]             525          0.334            Leave
[0, 886]             25           0.492            FlatMap
[0, 887]             42           1.151            Arrange: Threshold
[0, 888]             4            2.262            Threshold
[0, 889]             3            0.134            AsCollection
[0, 890]             3            0.064            FlatMap
[0, 891]             3            0.055            FlatMap
[0, 892]             3            0.103            FlatMap
[0, 893]             4            0.007            Consolidate
[0, 894]             1            0.001            AsCollection
[0, 895]             2            0.003            InspectBatch
[0, 896]             2            0.002            Probe
[0, 897]             3            0.071            FlatMap
[0, 898]             4            0.126            Arrange: Threshold
[0, 899]             4            0.401            Threshold
[0, 900]             3            0.024            AsCollection
[0, 901]             3            0.018            FlatMap
[0, 902]             3            0.014            FlatMap
[0, 903]             3            0.048            FlatMap
[0, 904]             5            0.008            Consolidate
[0, 905]             1            0.001            AsCollection
[0, 906]             2            0.006            InspectBatch
[0, 907]             2            0.002            Probe
[0, 908]             3            0.026            FlatMap
[0, 909]             7            0.029            Arrange: Threshold
[0, 910]             4            0.062            Threshold
[0, 911]             3            0.007            AsCollection
[0, 912]             3            0.006            FlatMap
[0, 913]             3            0.005            FlatMap
[0, 914]             3            0.025            FlatMap
[0, 915]             6            0.011            Consolidate
[0, 916]             1            0.002            AsCollection
[0, 917]             2            0.004            InspectBatch
[0, 918]             2            0.002            Probe
[0, 919]             17           0.241            FlatMap
[0, 920]             50           0.061            Arrange: Threshold
[0, 921]             4            0.085            Threshold
[0, 922]             3            0.009            AsCollection
[0, 923]             3            0.007            FlatMap
[0, 924]             3            0.008            FlatMap
[0, 925]             3            0.024            FlatMap
[0, 926]             5            0.007            Consolidate
[0, 927]             1            0.001            AsCollection
[0, 928]             2            0.003            InspectBatch
[0, 929]             2            0.010            Probe
[0, 930]             3            0.024            FlatMap
[0, 931]             5            0.024            Arrange: Threshold
[0, 932]             4            0.105            Threshold
[0, 933]             3            0.010            AsCollection
[0, 934]             3            0.010            FlatMap
[0, 935]             3            0.005            FlatMap
[0, 936]             3            0.027            FlatMap
[0, 937]             4            0.006            Consolidate
[0, 938]             1            0.001            AsCollection
[0, 939]             2            0.004            InspectBatch
[0, 940]             2            0.003            Probe
[0, 941]             19           0.294            FlatMap
[0, 942]             41           0.076            Arrange: Threshold
[0, 943]             4            0.090            Threshold
[0, 944]             3            0.010            AsCollection
[0, 945]             3            0.006            FlatMap
[0, 946]             3            0.006            FlatMap
[0, 947]             3            0.028            FlatMap
[0, 948]             6            0.007            Consolidate
[0, 949]             1            0.001            AsCollection
[0, 950]             2            0.004            InspectBatch
[0, 951]             2            0.002            Probe
[0, 952]             5            0.095            FlatMap
[0, 953]             12           0.068            Arrange: Threshold
[0, 954]             4            0.205            Threshold
[0, 955]             3            0.013            AsCollection
[0, 956]             3            0.016            FlatMap
[0, 957]             3            0.008            FlatMap
[0, 958]             3            0.027            FlatMap
[0, 959]             8            0.006            Consolidate
[0, 960]             1            0.001            AsCollection
[0, 961]             2            0.003            InspectBatch
[0, 962]             2            0.002            Probe
[0, 963]             3            0.035            FlatMap
[0, 964]             8            0.065            Arrange: Threshold
[0, 965]             4            0.196            Threshold
[0, 966]             3            0.013            AsCollection
[0, 967]             3            0.007            FlatMap
[0, 968]             3            0.016            FlatMap
[0, 969]             3            0.022            FlatMap
[0, 970]             6            0.005            Consolidate
[0, 971]             1            0.001            AsCollection
[0, 972]             2            0.004            InspectBatch
[0, 973]             2            0.001            Probe
[0, 974]             3            0.039            FlatMap
[0, 975]             8            0.045            Arrange: Threshold
[0, 976]             4            0.220            Threshold
[0, 977]             3            0.012            AsCollection
[0, 978]             3            0.008            FlatMap
[0, 979]             3            0.007            FlatMap
[0, 980]             3            0.033            FlatMap
[0, 981]             7            0.005            Consolidate
[0, 982]             1            0.001            AsCollection
[0, 983]             2            0.003            InspectBatch
[0, 984]             2            0.001            Probe
[0, 985]             1            0.001            FlatMap
[0, 986]             3            0.014            Arrange: Threshold
[0, 987]             2            0.006            Threshold
[0, 988]             1            0.001            AsCollection
[0, 989]             1            0.001            FlatMap
[0, 990]             1            0.001            FlatMap
[0, 991]             1            0.001            FlatMap
[0, 992]             3            0.005            Consolidate
[0, 993]             1            0.001            AsCollection
[0, 994]             2            0.003            InspectBatch
[0, 995]             2            0.001            Probe
[0, 996]             3            0.036            FlatMap
[0, 997]             4            0.012            Arrange: Threshold
[0, 998]             4            0.026            Threshold
[0, 999]             3            0.005            AsCollection
[0, 1000]            3            0.006            FlatMap
[0, 1001]            3            0.010            FlatMap
[0, 1002]            3            0.024            FlatMap
[0, 1003]            5            0.007            Consolidate
[0, 1004]            1            0.001            AsCollection
[0, 1005]            2            0.003            InspectBatch
[0, 1006]            2            0.001            Probe
[0, 1007]            79           1.047            FlatMap
[0, 1008]            821          0.539            Arrange: Threshold
[0, 1009]            4            0.052            Threshold
[0, 1010]            3            0.005            AsCollection
[0, 1011]            3            0.005            FlatMap
[0, 1012]            3            0.004            FlatMap
[0, 1013]            3            0.019            FlatMap
[0, 1014]            4            0.006            Consolidate
[0, 1015]            1            0.001            AsCollection
[0, 1016]            2            0.003            InspectBatch
[0, 1017]            2            0.001            Probe
[0, 1018]            325          5.804            FlatMap
[0, 1019]            1504         1.154            Arrange: Threshold
[0, 1020]            4            0.381            Threshold
[0, 1021]            3            0.028            AsCollection
[0, 1022]            3            0.013            FlatMap
[0, 1023]            3            0.013            FlatMap
[0, 1024]            3            0.038            FlatMap
[0, 1025]            4            5.696            Consolidate
[0, 1026]            1            0.001            AsCollection
[0, 1027]            2            0.004            InspectBatch
[0, 1028]            2            0.000            Probe
[0, 1029]            457          19.945           FlatMap
[0, 1030]            2419         127.726          Arrange: Threshold
[0, 1031]            4            127.487          Threshold
[0, 1032]            3            6.731            AsCollection
[0, 1033]            3            9.626            FlatMap
[0, 1034]            3            2.462            FlatMap
[0, 1035]            3            5.397            FlatMap
[0, 1036]            4            0.015            Consolidate
[0, 1037]            1            0.000            AsCollection
[0, 1038]            2            0.003            InspectBatch
[0, 1039]            2            0.004            Probe
[0, 1040]            417          14.394           FlatMap
[0, 1041]            1995         46.913           Arrange: Threshold
[0, 1042]            4            47.558           Threshold
[0, 1043]            3            4.920            AsCollection
[0, 1044]            3            1.428            FlatMap
[0, 1045]            3            0.903            FlatMap
[0, 1046]            3            1.292            FlatMap
[0, 1047]            26           0.008            Consolidate
[0, 1048]            1            0.001            AsCollection
[0, 1049]            2            0.002            InspectBatch
[0, 1050]            2            0.001            Probe
[0, 1051]            223          3.907            FlatMap
[0, 1052]            1301         0.782            Arrange: Threshold
[0, 1053]            4            0.163            Threshold
[0, 1054]            3            0.015            AsCollection
[0, 1055]            3            0.009            FlatMap
[0, 1056]            3            0.008            FlatMap
[0, 1057]            3            0.021            FlatMap
[0, 1058]            27           0.006            Consolidate
[0, 1059]            1            0.001            AsCollection
[0, 1060]            2            0.005            InspectBatch
[0, 1061]            2            0.002            Probe
[0, 1062]            319          7.059            FlatMap
[0, 1063]            1200         0.846            Arrange: Threshold
[0, 1064]            4            0.210            Threshold
[0, 1065]            3            0.016            AsCollection
[0, 1066]            3            0.012            FlatMap
[0, 1067]            3            0.008            FlatMap
[0, 1068]            3            0.024            FlatMap
[0, 1069]            28           0.006            Consolidate
[0, 1070]            1            0.001            AsCollection
[0, 1071]            2            0.002            InspectBatch
[0, 1072]            2            0.001            Probe
[0, 1073]            345          7.934            FlatMap
[0, 1074]            1442         1.306            Arrange: Threshold
[0, 1075]            4            0.725            Threshold
[0, 1076]            3            0.050            AsCollection
[0, 1077]            3            0.043            FlatMap
[0, 1078]            3            0.025            FlatMap
[0, 1079]            3            0.046            FlatMap
[0, 1080]            30           0.007            Consolidate
[0, 1081]            1            0.001            AsCollection
[0, 1082]            2            0.003            InspectBatch
[0, 1083]            2            0.002            Probe
[0, 1084]            207          4.169            FlatMap
[0, 1085]            987          0.660            Arrange: Threshold
[0, 1086]            4            0.061            Threshold
[0, 1087]            3            0.006            AsCollection
[0, 1088]            3            0.006            FlatMap
[0, 1089]            3            0.007            FlatMap
[0, 1090]            3            0.016            FlatMap
[0, 1091]            30           0.009            Consolidate
[0, 1092]            1            0.001            AsCollection
[0, 1093]            2            0.003            InspectBatch
[0, 1094]            2            0.001            Probe
