addr                 activations  total_active_ms  name
[0]                  212274       8763.358         Dataflow
[0, 1]               1            0.001            Input
[0, 2]               2            0.322            FlatMap
[0, 3]               7            0.074            Arrange: Threshold
[0, 4]               4            0.068            Threshold
[0, 5]               3            0.017            AsCollection
[0, 6]               1            0.000            Input
[0, 7]               2            0.325            FlatMap
[0, 8]               6            0.051            Arrange: Threshold
[0, 9]               4            0.044            Threshold
[0, 10]              3            0.008            AsCollection
[0, 11]              1            0.000            Input
[0, 12]              1            0.001            FlatMap
[0, 13]              3            0.020            Arrange: Threshold
[0, 14]              2            0.007            Threshold
[0, 15]              1            0.001            AsCollection
[0, 16]              1            0.000            Input
[0, 17]              2            0.329            FlatMap
[0, 18]              7            0.286            Arrange: Threshold
[0, 19]              4            0.506            Threshold
[0, 20]              3            0.037            AsCollection
[0, 21]              1            0.000            Input
[0, 22]              2            0.263            FlatMap
[0, 23]              7            0.022            Arrange: Threshold
[0, 24]              4            0.020            Threshold
[0, 25]              3            0.005            AsCollection
[0, 26]              1            0.000            Input
[0, 27]              2            0.351            FlatMap
[0, 28]              6            0.420            Arrange: Threshold
[0, 29]              4            0.917            Threshold
[0, 30]              3            0.055            AsCollection
[0, 31]              1            0.000            Input
[0, 32]              2            0.388            FlatMap
[0, 33]              7            0.591            Arrange: Threshold
[0, 34]              4            0.949            Threshold
[0, 35]              3            0.070            AsCollection
[0, 36]              1            0.000            Input
[0, 37]              2            0.232            FlatMap
[0, 38]              9            0.304            Arrange: Threshold
[0, 39]              4            0.534            Threshold
[0, 40]              3            0.059            AsCollection
[0, 41]              1            0.000            Input
[0, 42]              2            1.038            FlatMap
[0, 43]              8            2.814            Arrange: Threshold
[0, 44]              4            5.435            Threshold
[0, 45]              3            0.341            AsCollection
[0, 46]              1            0.000            Input
[0, 47]              2            0.086            FlatMap
[0, 48]              8            0.231            Arrange: Threshold
[0, 49]              4            0.443            Threshold
[0, 50]              3            0.033            AsCollection
[0, 51]              1            0.000            Input
[0, 52]              2            0.142            FlatMap
[0, 53]              8            0.139            Arrange: Threshold
[0, 54]              4            0.051            Threshold
[0, 55]              3            0.006            AsCollection
[0, 56]              1            0.000            Input
[0, 57]              2            0.195            FlatMap
[0, 58]              7            0.033            Arrange: Threshold
[0, 59]              4            0.020            Threshold
[0, 60]              3            0.004            AsCollection
[0, 61]              1            0.000            Input
[0, 62]              2            0.091            FlatMap
[0, 63]              7            0.027            Arrange: Threshold
[0, 64]              4            0.022            Threshold
[0, 65]              3            0.004            AsCollection
[0, 66]              1            0.000            Input
[0, 67]              2            0.151            FlatMap
[0, 68]              6            0.043            Arrange: Threshold
[0, 69]              4            0.027            Threshold
[0, 70]              3            0.006            AsCollection
[0, 71]              1            0.000            Input
[0, 72]              2            0.307            FlatMap
[0, 73]              7            0.154            Arrange: Threshold
[0, 74]              4            0.306            Threshold
[0, 75]              3            0.018            AsCollection
[0, 76]              1            0.000            Input
[0, 77]              2            0.308            FlatMap
[0, 78]              7            0.125            Arrange: Threshold
[0, 79]              4            0.281            Threshold
[0, 80]              3            0.018            AsCollection
[0, 81]              1            0.000            Input
[0, 82]              2            0.299            FlatMap
[0, 83]              7            0.367            Arrange: Threshold
[0, 84]              4            0.607            Threshold
[0, 85]              3            0.074            AsCollection
[0, 86]              1            0.000            Input
[0, 87]              2            0.533            FlatMap
[0, 88]              6            1.329            Arrange: Threshold
[0, 89]              4            1.846            Threshold
[0, 90]              3            0.185            AsCollection
[0, 91]              1            0.001            Input
[0, 92]              2            0.191            FlatMap
[0, 93]              6            0.137            Arrange: Threshold
[0, 94]              4            0.245            Threshold
[0, 95]              3            0.032            AsCollection
[0, 96]              1            0.001            Input
[0, 97]              2            0.526            FlatMap
[0, 98]              6            0.340            Arrange: Threshold
[0, 99]              4            0.229            Threshold
[0, 100]             3            0.014            AsCollection
[0, 101]             1            0.000            Input
[0, 102]             2            0.304            FlatMap
[0, 103]             6            0.110            Arrange: Threshold
[0, 104]             4            0.246            Threshold
[0, 105]             3            0.017            AsCollection
[0, 106]             1            0.000            Input
[0, 107]             2            0.405            FlatMap
[0, 108]             7            0.268            Arrange: Threshold
[0, 109]             4            0.385            Threshold
[0, 110]             3            0.032            AsCollection
[0, 111]             1            0.000            Input
[0, 112]             2            0.442            FlatMap
[0, 113]             6            0.625            Arrange: Threshold
[0, 114]             4            1.090            Threshold
[0, 115]             3            0.200            AsCollection
[0, 116]             1            0.000            Input
[0, 117]             2            0.387            FlatMap
[0, 118]             7            0.333            Arrange: Threshold
[0, 119]             4            0.548            Threshold
[0, 120]             3            0.053            AsCollection
[0, 121]             1            0.000            Input
[0, 122]             2            0.363            FlatMap
[0, 123]             7            0.220            Arrange: Threshold
[0, 124]             4            0.464            Threshold
[0, 125]             3            0.049            AsCollection
[0, 126]             1            0.000            Input
[0, 127]             2            0.291            FlatMap
[0, 128]             7            0.204            Arrange: Threshold
[0, 129]             4            0.260            Threshold
[0, 130]             3            0.035            AsCollection
[0, 131]             1            0.000            Input
[0, 132]             2            0.383            FlatMap
[0, 133]             6            0.448            Arrange: Threshold
[0, 134]             4            0.755            Threshold
[0, 135]             3            0.087            AsCollection
[0, 136]             1            0.000            Input
[0, 137]             2            0.452            FlatMap
[0, 138]             7            0.075            Arrange: Threshold
[0, 139]             4            0.069            Threshold
[0, 140]             3            0.022            AsCollection
[0, 141]             1            0.001            Input
[0, 142]             2            0.502            FlatMap
[0, 143]             6            0.117            Arrange: Threshold
[0, 144]             4            0.222            Threshold
[0, 145]             3            0.027            AsCollection
[0, 146]             1            0.000            Input
[0, 147]             2            0.221            FlatMap
[0, 148]             7            0.203            Arrange: Threshold
[0, 149]             4            0.310            Threshold
[0, 150]             3            0.043            AsCollection
[0, 151]             1            0.000            Input
[0, 152]             2            0.251            FlatMap
[0, 153]             6            0.088            Arrange: Threshold
[0, 154]             4            0.118            Threshold
[0, 155]             3            0.022            AsCollection
[0, 156]             1            0.001            Input
[0, 157]             2            0.298            FlatMap
[0, 158]             6            0.207            Arrange: Threshold
[0, 159]             4            0.337            Threshold
[0, 160]             3            0.022            AsCollection
[0, 161]             3            0.006            FlatMap
[0, 162]             3            0.009            FlatMap
[0, 163]             3            0.023            FlatMap
[0, 164]             3            0.021            FlatMap
[0, 165]             3            0.006            FlatMap
[0, 166]             3            0.006            FlatMap
[0, 167]             3            0.006            FlatMap
[0, 168]             3            0.010            FlatMap
[0, 169]             3            0.011            FlatMap
[0, 170]             3            0.011            FlatMap
[0, 171]             3            0.008            FlatMap
[0, 172]             3            0.012            FlatMap
[0, 173]             3            0.008            FlatMap
[0, 174]             3            0.005            FlatMap
[0, 175]             3            0.004            FlatMap
[0, 176]             3            0.004            FlatMap
[0, 177]             3            0.030            FlatMap
[0, 178]             3            0.031            FlatMap
[0, 179]             3            0.025            FlatMap
[0, 180]             3            0.024            FlatMap
[0, 181]             3            0.009            FlatMap
[0, 182]             3            0.010            FlatMap
[0, 183]             3            0.014            FlatMap
[0, 184]             3            0.011            FlatMap
[0, 185]             3            0.017            FlatMap
[0, 186]             3            0.015            FlatMap
[0, 187]             3            0.029            FlatMap
[0, 188]             3            0.027            FlatMap
[0, 189]             3            0.031            FlatMap
[0, 190]             3            0.039            FlatMap
[0, 191]             3            0.013            FlatMap
[0, 192]             3            0.014            FlatMap
[0, 193]             3            0.014            FlatMap
[0, 194]             3            0.009            FlatMap
[0, 195]             3            0.019            FlatMap
[0, 196]             3            0.017            FlatMap
[0, 197]             3            0.008            FlatMap
[0, 198]             3            0.010            FlatMap
[0, 199]             3            0.016            FlatMap
[0, 200]             3            0.009            FlatMap
[0, 201]             3            0.009            FlatMap
[0, 202]             3            0.057            FlatMap
[0, 203]             3            0.060            FlatMap
[0, 204]             3            0.065            FlatMap
[0, 205]             3            0.021            FlatMap
[0, 206]             3            0.020            FlatMap
[0, 207]             3            0.018            FlatMap
[0, 208]             3            0.010            FlatMap
[0, 209]             3            0.017            FlatMap
[0, 210]             3            0.005            FlatMap
[0, 211]             3            0.005            FlatMap
[0, 212]             3            0.004            FlatMap
[0, 213]             3            0.006            FlatMap
[0, 214]             3            0.035            FlatMap
[0, 215]             4            0.063            Arrange: Threshold
[0, 216]             4            0.237            Threshold
[0, 217]             3            0.019            AsCollection
[0, 218]             4            0.008            Concatenate
[0, 219]             4            0.006            Concatenate
[0, 220]             4            0.013            Concatenate
[0, 221]             4            0.046            FlatMap
[0, 222]             7            0.034            Arrange: Threshold
[0, 223]             4            0.068            Threshold
[0, 224]             3            0.009            AsCollection
[0, 225]             3            0.093            FlatMap
[0, 226]             5            0.333            Arrange: Threshold
[0, 227]             4            0.575            Threshold
[0, 228]             3            0.034            AsCollection
[0, 229]             3            0.140            FlatMap
[0, 230]             5            0.146            Arrange: Threshold
[0, 231]             4            0.232            Threshold
[0, 232]             3            0.019            AsCollection
[0, 233]             3            0.021            FlatMap
[0, 234]             6            0.022            Arrange: Threshold
[0, 235]             4            0.017            Threshold
[0, 236]             3            0.004            AsCollection
[0, 237]             3            0.120            FlatMap
[0, 238]             5            0.107            Arrange: Threshold
[0, 239]             4            0.210            Threshold
[0, 240]             3            0.021            AsCollection
[0, 241]             3            0.031            FlatMap
[0, 242]             4            0.042            Arrange: Threshold
[0, 243]             4            0.058            Threshold
[0, 244]             3            0.009            AsCollection
[0, 245]             3            0.109            FlatMap
[0, 246]             5            0.092            Arrange: Threshold
[0, 247]             4            0.118            Threshold
[0, 248]             3            0.011            AsCollection
[0, 249]             3            0.110            FlatMap
[0, 250]             5            0.179            Arrange: Threshold
[0, 251]             4            0.300            Threshold
[0, 252]             3            0.029            AsCollection
[0, 253]             3            0.248            FlatMap
[0, 254]             5            0.883            Arrange: Threshold
[0, 255]             4            1.718            Threshold
[0, 256]             3            0.107            AsCollection
[0, 257]             3            0.020            FlatMap
[0, 258]             6            0.028            Arrange: Threshold
[0, 259]             4            0.058            Threshold
[0, 260]             3            0.013            AsCollection
[0, 261]             3            0.096            FlatMap
[0, 262]             5            0.131            Arrange: Threshold
[0, 263]             4            0.222            Threshold
[0, 264]             3            0.014            AsCollection
[0, 265]             3            0.007            Concatenate
[0, 266]             3            0.006            Concatenate
[0, 267]             3            0.235            FlatMap
[0, 268]             5            0.702            Arrange: Threshold
[0, 269]             4            1.350            Threshold
[0, 270]             3            0.112            AsCollection
[0, 271]             3            0.123            FlatMap
[0, 272]             5            0.135            Arrange: Threshold
[0, 273]             4            0.205            Threshold
[0, 274]             3            0.013            AsCollection
[0, 275]             3            0.033            FlatMap
[0, 276]             5            0.034            Arrange: Threshold
[0, 277]             4            0.044            Threshold
[0, 278]             3            0.006            AsCollection
[0, 279]             3            0.109            FlatMap
[0, 280]             5            0.152            Arrange: Threshold
[0, 281]             4            0.280            Threshold
[0, 282]             3            0.018            AsCollection
[0, 283]             3            0.199            FlatMap
[0, 284]             5            0.494            Arrange: Threshold
[0, 285]             4            0.859            Threshold
[0, 286]             3            0.051            AsCollection
[0, 287]             3            0.135            FlatMap
[0, 288]             5            0.130            Arrange: Threshold
[0, 289]             4            0.213            Threshold
[0, 290]             3            0.015            AsCollection
[0, 291]             3            0.007            Concatenate
[0, 292]             3            0.005            Concatenate
[0, 293]             3            0.005            Concatenate
[0, 294]             3            0.172            FlatMap
[0, 295]             5            0.545            Arrange: Threshold
[0, 296]             4            1.027            Threshold
[0, 297]             3            0.064            AsCollection
[0, 298]             3            0.136            FlatMap
[0, 299]             5            0.231            Arrange: Threshold
[0, 300]             4            0.427            Threshold
[0, 301]             3            0.043            AsCollection
[0, 302]             3            0.008            Concatenate
[0, 303]             3            0.009            Concatenate
[0, 304]             3            0.326            FlatMap
[0, 305]             5            1.455            Arrange: Threshold
[0, 306]             4            2.331            Threshold
[0, 307]             3            0.159            AsCollection
[0, 308]             3            0.217            FlatMap
[0, 309]             5            0.325            Arrange: Threshold
[0, 310]             4            0.572            Threshold
[0, 311]             3            0.040            AsCollection
[0, 312]             3            0.179            FlatMap
[0, 313]             5            0.101            Arrange: Threshold
[0, 314]             4            0.109            Threshold
[0, 315]             3            0.008            AsCollection
[0, 316]             3            0.025            FlatMap
[0, 317]             6            0.012            Arrange: Threshold
[0, 318]             4            0.018            Threshold
[0, 319]             3            0.058            AsCollection
[0, 320]             3            0.007            Concatenate
[0, 321]             3            0.006            Concatenate
[0, 322]             3            0.010            Concatenate
[0, 323]             3            0.022            Concatenate
[0, 324]             3            0.007            Concatenate
[0, 325]             3            0.034            Concatenate
[0, 326]             3            0.012            Concatenate
[0, 327]             3            0.101            Concatenate
[0, 328]             3            0.011            Concatenate
[0, 329]             3            0.010            Concatenate
[0, 330]             3            0.013            Concatenate
[0, 331]             3            0.015            Concatenate
[0, 332]             3            1.156            FlatMap
[0, 333]             5            2.927            Arrange: Threshold
[0, 334]             4            4.910            Threshold
[0, 335]             3            0.483            AsCollection
[0, 336]             3            0.147            FlatMap
[0, 337]             5            0.319            Arrange: Threshold
[0, 338]             4            0.613            Threshold
[0, 339]             3            0.036            AsCollection
[0, 340]             3            0.093            FlatMap
[0, 341]             5            0.148            Arrange: Threshold
[0, 342]             4            0.237            Threshold
[0, 343]             3            0.016            AsCollection
[0, 344]             3            0.273            FlatMap
[0, 345]             5            0.063            Arrange: Threshold
[0, 346]             4            0.074            Threshold
[0, 347]             3            0.006            AsCollection
[0, 348]             3            0.007            Concatenate
[0, 349]             4            0.007            Concatenate
[0, 350]             4            0.008            Concatenate
[0, 351]             4            0.017            Concatenate
[0, 352]             4            0.126            FlatMap
[0, 353]             7            0.097            Arrange: Threshold
[0, 354]             4            0.072            Threshold
[0, 355]             3            0.018            AsCollection
[0, 356]             3            0.220            FlatMap
[0, 357]             5            0.136            Arrange: Threshold
[0, 358]             4            0.283            Threshold
[0, 359]             3            0.018            AsCollection
[0, 360]             3            0.179            FlatMap
[0, 361]             5            0.210            Arrange: Threshold
[0, 362]             4            0.430            Threshold
[0, 363]             3            0.040            AsCollection
[0, 364]             3            0.224            FlatMap
[0, 365]             5            0.174            Arrange: Threshold
[0, 366]             4            0.342            Threshold
[0, 367]             3            0.022            AsCollection
[0, 368]             3            0.192            FlatMap
[0, 369]             5            0.426            Arrange: Threshold
[0, 370]             4            0.875            Threshold
[0, 371]             3            0.050            AsCollection
[0, 372]             3            0.107            FlatMap
[0, 373]             5            0.094            Arrange: Threshold
[0, 374]             4            0.157            Threshold
[0, 375]             3            0.011            AsCollection
[0, 376]             3            0.004            FlatMap
[0, 377]             1            0.001            FlatMap
[0, 378]             3            0.045            ArrangeBySelf
[0, 379]             3            0.004            FlatMap
[0, 380]             1            0.001            FlatMap
[0, 381]             3            0.005            ArrangeBySelf
[0, 382]             2            0.012            Join
[0, 383]             3            0.011            ArrangeByKey
[0, 384]             3            0.027            FlatMap
[0, 385]             5            0.010            ArrangeByKey
[0, 386]             3            0.015            Join
[0, 387]             3            0.005            FlatMap
[0, 388]             3            0.023            FlatMap
[0, 389]             4            0.009            ArrangeBySelf
[0, 390]             3            0.013            FlatMap
[0, 391]             3            0.028            FlatMap
[0, 392]             4            0.008            ArrangeBySelf
[0, 393]             3            0.070            Join
[0, 394]             4            0.007            ArrangeByKey
[0, 395]             3            0.010            Join
[0, 396]             3            0.009            FlatMap
[0, 397]             3            0.006            ArrangeByKey
[0, 398]             2            0.009            Join
[0, 399]             3            0.023            FlatMap
[0, 400]             5            0.009            ArrangeByKey
[0, 401]             2            0.008            Join
[0, 402]             3            0.006            FlatMap
[0, 403]             3            0.006            FlatMap
[0, 404]             3            0.019            FlatMap
[0, 405]             3            0.006            FlatMap
[0, 406]             3            0.007            FlatMap
[0, 407]             1            0.001            FlatMap
[0, 408]             3            0.011            ArrangeBySelf
[0, 409]             3            0.021            FlatMap
[0, 410]             3            0.111            FlatMap
[0, 411]             6            0.126            ArrangeBySelf
[0, 412]             3            0.009            FlatMap
[0, 413]             1            0.001            FlatMap
[0, 414]             4            0.013            ArrangeBySelf
[0, 415]             3            0.014            FlatMap
[0, 416]             3            0.029            FlatMap
[0, 417]             7            0.033            ArrangeBySelf
[0, 418]             3            0.096            FlatMap
[0, 419]             5            0.279            ArrangeByKey
[0, 420]             1            0.001            FlatMap
[0, 421]             1            0.001            FlatMap
[0, 422]             2            0.007            ArrangeBySelf
[0, 423]             5            0.030            Join
[0, 424]             4            0.013            ArrangeByKey
[0, 425]             5            0.027            Join
[0, 426]             3            0.009            ArrangeByKey
[0, 427]             5            0.022            Join
[0, 428]             1            0.001            FlatMap
[0, 429]             5            0.019            ArrangeBySelf
[0, 430]             5            0.023            Join
[0, 431]             1            0.001            FlatMap
[0, 432]             5            0.008            ArrangeBySelf
[0, 433]             5            0.020            Join
[0, 434]             1            0.001            FlatMap
[0, 435]             5            0.007            ArrangeBySelf
[0, 436]             3            0.013            Join
[0, 437]             2            0.005            ArrangeByKey
[0, 438]             3            0.011            Join
[0, 439]             1            0.001            FlatMap
[0, 440]             2            0.007            ArrangeBySelf
[0, 441]             3            0.013            Join
[0, 442]             1            0.001            FlatMap
[0, 443]             2            0.004            ArrangeBySelf
[0, 444]             3            0.012            Join
[0, 445]             2            0.005            ArrangeByKey
[0, 446]             2            0.009            Join
[0, 447]             1            0.001            FlatMap
[0, 448]             3            0.007            ArrangeBySelf
[0, 449]             3            0.012            Join
[0, 450]             3            0.010            FlatMap
[0, 451]             3            0.036            FlatMap
[0, 452]             7            0.039            ArrangeBySelf
[0, 453]             3            0.120            FlatMap
[0, 454]             5            0.216            ArrangeByKey
[0, 455]             3            0.195            FlatMap
[0, 456]             5            0.219            ArrangeByKey
[0, 457]             3            0.108            FlatMap
[0, 458]             5            0.206            ArrangeByKey
[0, 459]             3            0.059            AsCollection
[0, 460]             3            0.098            FlatMap
[0, 461]             5            0.206            Arrange: Threshold
[0, 462]             4            0.409            Threshold
[0, 463]             3            0.025            AsCollection
[0, 464]             6            0.047            Join
[0, 465]             3            0.063            FlatMap
[0, 466]             5            0.053            Arrange: Threshold
[0, 467]             4            0.041            Threshold
[0, 468]             3            0.013            AsCollection
[0, 469]             3            0.006            FlatMap
[0, 470]             3            0.006            Concatenate
[0, 471]             3            0.015            FlatMap
[0, 472]             3            0.049            FlatMap
[0, 473]             4            0.116            Arrange: Threshold
[0, 474]             4            0.359            Threshold
[0, 475]             3            0.110            AsCollection
[0, 476]             5            0.190            ArrangeByKey
[0, 477]             3            0.065            AsCollection
[0, 478]             3            0.092            FlatMap
[0, 479]             5            0.216            Arrange: Threshold
[0, 480]             4            0.403            Threshold
[0, 481]             3            0.025            AsCollection
[0, 482]             6            0.060            Join
[0, 483]             3            0.084            FlatMap
[0, 484]             7            0.078            Arrange: Threshold
[0, 485]             4            0.052            Threshold
[0, 486]             3            0.005            AsCollection
[0, 487]             3            0.006            FlatMap
[0, 488]             4            0.008            Concatenate
[0, 489]             4            0.018            FlatMap
[0, 490]             4            0.085            FlatMap
[0, 491]             7            0.110            Arrange: Threshold
[0, 492]             4            0.363            Threshold
[0, 493]             3            0.106            AsCollection
[0, 494]             5            0.220            ArrangeByKey
[0, 495]             3            0.062            AsCollection
[0, 496]             3            0.112            FlatMap
[0, 497]             5            0.194            Arrange: Threshold
[0, 498]             4            0.419            Threshold
[0, 499]             3            0.025            AsCollection
[0, 500]             6            0.045            Join
[0, 501]             3            0.061            FlatMap
[0, 502]             5            0.063            Arrange: Threshold
[0, 503]             4            0.041            Threshold
[0, 504]             3            0.006            AsCollection
[0, 505]             3            0.005            FlatMap
[0, 506]             3            0.006            Concatenate
[0, 507]             3            0.021            FlatMap
[0, 508]             3            0.041            FlatMap
[0, 509]             4            0.115            Arrange: Threshold
[0, 510]             4            0.980            Threshold
[0, 511]             3            0.102            AsCollection
[0, 512]             5            0.219            ArrangeByKey
[0, 513]             6            0.276            Join
[0, 514]             9            0.111            ArrangeByKey
[0, 515]             6            0.308            Join
[0, 516]             3            0.033            FlatMap
[0, 517]             3            0.077            FlatMap
[0, 518]             4            0.213            ArrangeBySelf
[0, 519]             3            0.167            FlatMap
[0, 520]             5            0.707            ArrangeByKey
[0, 521]             6            0.639            Join
[0, 522]             5            0.396            ArrangeByKey
[0, 523]             3            0.019            FlatMap
[0, 524]             3            0.086            FlatMap
[0, 525]             5            0.165            ArrangeBySelf
[0, 526]             3            0.209            FlatMap
[0, 527]             5            0.206            ArrangeByKey
[0, 528]             6            0.221            Join
[0, 529]             4            0.194            ArrangeByKey
[0, 530]             7            0.245            Join
[0, 531]             4            0.107            ArrangeByKey
[0, 532]             6            0.258            Join
[0, 533]             3            0.021            FlatMap
[0, 534]             3            0.178            FlatMap
[0, 535]             5            0.148            ArrangeBySelf
[0, 536]             3            0.116            FlatMap
[0, 537]             5            0.202            ArrangeByKey
[0, 538]             7            0.212            Join
[0, 539]             4            0.177            ArrangeByKey
[0, 540]             7            0.232            Join
[0, 541]             4            0.090            ArrangeByKey
[0, 542]             6            0.259            Join
[0, 543]             3            0.011            FlatMap
[0, 544]             3            0.035            FlatMap
[0, 545]             4            0.032            ArrangeBySelf
[0, 546]             3            0.636            FlatMap
[0, 547]             5            3.068            ArrangeByKey
[0, 548]             3            0.190            FlatMap
[0, 549]             5            0.702            ArrangeByKey
[0, 550]             6            0.178            Join
[0, 551]             8            0.056            ArrangeByKey
[0, 552]             6            0.169            Join
[0, 553]             4            0.052            ArrangeByKey
[0, 554]             6            0.139            Join
[0, 555]             3            0.573            FlatMap
[0, 556]             5            3.072            ArrangeByKey
[0, 557]             3            0.086            FlatMap
[0, 558]             5            0.191            ArrangeByKey
[0, 559]             6            0.246            Join
[0, 560]             3            0.114            FlatMap
[0, 561]             5            0.261            ArrangeByKey
[0, 562]             6            0.326            Join
[0, 563]             4            0.152            ArrangeByKey
[0, 564]             3            0.320            FlatMap
[0, 565]             5            1.368            ArrangeByKey
[0, 566]             6            0.386            Join
[0, 567]             3            0.294            FlatMap
[0, 568]             5            1.326            ArrangeByKey
[0, 569]             6            1.433            Join
[0, 570]             4            0.804            ArrangeByKey
[0, 571]             3            0.243            FlatMap
[0, 572]             5            0.846            ArrangeByKey
[0, 573]             6            1.141            Join
[0, 574]             3            0.094            FlatMap
[0, 575]             5            0.116            ArrangeByKey
[0, 576]             6            0.167            Join
[0, 577]             4            0.061            ArrangeByKey
[0, 578]             6            0.180            Join
[0, 579]             4            0.056            ArrangeByKey
[0, 580]             3            0.086            FlatMap
[0, 581]             5            0.116            ArrangeByKey
[0, 582]             7            0.183            Join
[0, 583]             3            0.092            FlatMap
[0, 584]             5            0.150            ArrangeByKey
[0, 585]             6            0.210            Join
[0, 586]             4            0.058            ArrangeByKey
[0, 587]             3            0.103            FlatMap
[0, 588]             5            0.134            ArrangeByKey
[0, 589]             6            0.212            Join
[0, 590]             3            0.160            FlatMap
[0, 591]             5            0.083            ArrangeByKey
[0, 592]             6            0.105            Join
[0, 593]             4            0.027            ArrangeByKey
[0, 594]             3            0.151            FlatMap
[0, 595]             5            0.089            ArrangeByKey
[0, 596]             6            0.092            Join
[0, 597]             3            0.112            FlatMap
[0, 598]             5            0.064            ArrangeByKey
[0, 599]             6            0.085            Join
[0, 600]             4            0.019            ArrangeByKey
[0, 601]             3            0.267            FlatMap
[0, 602]             5            0.528            ArrangeByKey
[0, 603]             6            0.061            Join
[0, 604]             6            0.656            Join
[0, 605]             5            0.301            ArrangeByKey
[0, 606]             3            0.171            FlatMap
[0, 607]             5            0.104            ArrangeByKey
[0, 608]             6            0.140            Join
[0, 609]             3            0.145            FlatMap
[0, 610]             5            0.138            ArrangeByKey
[0, 611]             6            0.208            Join
[0, 612]             5            0.054            ArrangeByKey
[0, 613]             3            0.141            FlatMap
[0, 614]             5            0.127            ArrangeByKey
[0, 615]             6            0.189            Join
[0, 616]             4            0.078            ArrangeByKey
[0, 617]             7            0.197            Join
[0, 618]             3            0.294            FlatMap
[0, 619]             5            0.277            ArrangeByKey
[0, 620]             7            0.428            Join
[0, 621]             17           0.171            ArrangeByKey
[0, 622]             6            0.422            Join
[0, 623]             5            0.191            ArrangeByKey
[0, 624]             3            0.282            FlatMap
[0, 625]             5            0.287            ArrangeByKey
[0, 626]             7            0.384            Join
[0, 627]             3            0.128            FlatMap
[0, 628]             5            0.335            Arrange: Threshold
[0, 629]             4            0.539            Threshold
[0, 630]             3            0.047            AsCollection
[0, 631]             3            0.107            FlatMap
[0, 632]             5            0.113            Arrange: Threshold
[0, 633]             4            0.196            Threshold
[0, 634]             3            0.015            AsCollection
[0, 635]             1            0.002            Concatenate
[0, 636]             1            0.001            Concatenate
[0, 637]             1            0.002            Concatenate
[0, 638]             3            0.005            Concatenate
[0, 639]             3            0.004            Concatenate
[0, 640]             3            0.005            Concatenate
[0, 641]             3            0.103            FlatMap
[0, 642]             10           0.035            Arrange: Threshold
[0, 643]             4            0.033            Threshold
[0, 644]             3            0.005            AsCollection
[0, 645]             3            0.080            FlatMap
[0, 646]             5            0.066            Arrange: Threshold
[0, 647]             4            0.063            Threshold
[0, 648]             3            0.011            AsCollection
[0, 649]             3            0.164            FlatMap
[0, 650]             7            0.424            Arrange: Threshold
[0, 651]             4            0.811            Threshold
[0, 652]             3            0.050            AsCollection
[0, 653]             3            0.167            FlatMap
[0, 654]             7            0.354            Arrange: Threshold
[0, 655]             4            0.609            Threshold
[0, 656]             3            0.040            AsCollection
[0, 657]             3            0.091            FlatMap
[0, 658]             5            0.183            Arrange: Threshold
[0, 659]             4            0.257            Threshold
[0, 660]             3            0.021            AsCollection
[0, 661]             3            0.118            FlatMap
[0, 662]             7            0.157            Arrange: Threshold
[0, 663]             4            0.238            Threshold
[0, 664]             3            0.016            AsCollection
[0, 665]             3            0.145            FlatMap
[0, 666]             5            0.240            Arrange: Threshold
[0, 667]             4            0.434            Threshold
[0, 668]             3            0.045            AsCollection
[0, 669]             3            0.099            FlatMap
[0, 670]             5            0.152            Arrange: Threshold
[0, 671]             4            0.284            Threshold
[0, 672]             3            0.020            AsCollection
[0, 673]             3            0.090            FlatMap
[0, 674]             7            0.141            Arrange: Threshold
[0, 675]             4            0.209            Threshold
[0, 676]             3            0.013            AsCollection
[0, 677]             1            0.001            FlatMap
[0, 678]             2            0.006            Arrange: Threshold
[0, 679]             2            0.006            Threshold
[0, 680]             1            0.001            AsCollection
[0, 681]             3            0.039            FlatMap
[0, 682]             10           0.044            Arrange: Threshold
[0, 683]             4            0.068            Threshold
[0, 684]             3            0.006            AsCollection
[0, 685]             3            0.136            FlatMap
[0, 686]             7            0.404            Arrange: Threshold
[0, 687]             4            0.822            Threshold
[0, 688]             3            0.064            AsCollection
[0, 689]             3            0.231            FlatMap
[0, 690]             7            0.947            Arrange: Threshold
[0, 691]             4            1.538            Threshold
[0, 692]             3            0.102            AsCollection
[0, 693]             3            0.101            FlatMap
[0, 694]             7            0.114            Arrange: Threshold
[0, 695]             4            0.168            Threshold
[0, 696]             3            0.011            AsCollection
[0, 697]             3            0.094            FlatMap
[0, 698]             8            0.082            Arrange: Threshold
[0, 699]             4            0.092            Threshold
[0, 700]             3            0.010            AsCollection
[0, 701]             3            0.074            FlatMap
[0, 702]             5            0.080            ArrangeByKey
[0, 703]             3            0.094            FlatMap
[0, 704]             5            0.083            ArrangeByKey
[0, 705]             263          8.809            Iterative
[0, 705, 1]          3            0.007            FlatMap
[0, 705, 2]          3            0.005            FlatMap
[0, 705, 3]          3            0.005            Enter
[0, 705, 4]          21           0.026            Feedback
[0, 705, 5]          21           0.474            FlatMap
[0, 705, 6]          61           0.277            ArrangeByKey
[0, 705, 7]          31           0.159            Join
[0, 705, 8]          31           0.243            Join
[0, 705, 9]          13           0.021            Concatenate
[0, 705, 10]         15           0.017            Concatenate
[0, 705, 11]         15           0.379            FlatMap
[0, 705, 12]         48           0.206            Arrange: Threshold
[0, 705, 13]         30           0.368            Threshold
[0, 705, 14]         21           0.043            AsCollection
[0, 705, 15]         21           0.020            ResultsIn
[0, 706]             30           0.039            Leave
[0, 707]             1            0.002            FlatMap
[0, 708]             1            0.002            FlatMap
[0, 709]             1            0.002            FlatMap
[0, 710]             2            0.004            ArrangeBySelf
[0, 711]             3            0.214            FlatMap
[0, 712]             5            0.243            ArrangeByKey
[0, 713]             5            0.024            Join
[0, 714]             3            0.009            FlatMap
[0, 715]             3            0.006            FlatMap
[0, 716]             3            0.020            FlatMap
[0, 717]             7            0.017            ArrangeBySelf
[0, 718]             21           0.534            FlatMap
[0, 719]             41           0.178            ArrangeByKey
[0, 720]             7            0.035            Join
[0, 721]             3            0.006            FlatMap
[0, 722]             3            0.022            FlatMap
[0, 723]             7            0.025            ArrangeBySelf
[0, 724]             7            0.055            Join
[0, 725]             3            0.016            FlatMap
[0, 726]             1            0.010            FlatMap
[0, 727]             3            0.006            Arrange: Threshold
[0, 728]             2            0.006            Threshold
[0, 729]             1            0.001            AsCollection
[0, 730]             3            0.044            FlatMap
[0, 731]             5            0.029            Arrange: Threshold
[0, 732]             4            0.030            Threshold
[0, 733]             3            0.006            AsCollection
[0, 734]             3            0.006            Concatenate
[0, 735]             5            0.008            Concatenate
[0, 736]             5            0.156            FlatMap
[0, 737]             15           0.072            Arrange: Threshold
[0, 738]             4            0.095            Threshold
[0, 739]             3            0.008            AsCollection
[0, 740]             1            0.002            FlatMap
[0, 741]             2            0.005            Arrange: Threshold
[0, 742]             2            0.010            Threshold
[0, 743]             1            0.001            AsCollection
[0, 744]             3            0.072            FlatMap
[0, 745]             4            0.106            Arrange: Threshold
[0, 746]             4            0.395            Threshold
[0, 747]             3            0.031            AsCollection
[0, 748]             3            0.064            FlatMap
[0, 749]             10           0.059            ArrangeByKey
[0, 750]             258          6.135            Iterative
[0, 750, 1]          3            0.006            Enter
[0, 750, 2]          3            0.005            FlatMap
[0, 750, 3]          15           0.020            Feedback
[0, 750, 4]          15           0.325            FlatMap
[0, 750, 5]          65           0.225            ArrangeByKey
[0, 750, 6]          24           0.251            Join
[0, 750, 7]          13           0.018            Concatenate
[0, 750, 8]          13           0.290            FlatMap
[0, 750, 9]          46           0.176            Arrange: Threshold
[0, 750, 10]         24           0.264            Threshold
[0, 750, 11]         15           0.029            AsCollection
[0, 750, 12]         15           0.014            ResultsIn
[0, 751]             35           0.028            Leave
[0, 752]             15           0.023            FlatMap
[0, 753]             17           0.025            Concatenate
[0, 754]             17           0.282            FlatMap
[0, 755]             61           0.138            Arrange: Threshold
[0, 756]             4            0.151            Threshold
[0, 757]             3            0.012            AsCollection
[0, 758]             15           0.280            FlatMap
[0, 759]             43           0.089            Arrange: Threshold
[0, 760]             4            0.074            Threshold
[0, 761]             3            0.007            AsCollection
[0, 762]             3            0.018            FlatMap
[0, 763]             3            0.120            FlatMap
[0, 764]             5            0.254            ArrangeBySelf
[0, 765]             3            0.104            FlatMap
[0, 766]             5            0.091            ArrangeByKey
[0, 767]             3            0.077            FlatMap
[0, 768]             5            0.073            ArrangeByKey
[0, 769]             1062         46.127           Iterative
[0, 769, 1]          3            0.007            FlatMap
[0, 769, 2]          3            0.041            Enter
[0, 769, 3]          3            0.007            FlatMap
[0, 769, 4]          3            0.004            FlatMap
[0, 769, 5]          25           0.037            Feedback
[0, 769, 6]          25           1.158            FlatMap
[0, 769, 7]          50           1.739            ArrangeByKey
[0, 769, 8]          37           1.618            Join
[0, 769, 9]          52           1.336            ArrangeByKey
[0, 769, 10]         21           0.248            AsCollection
[0, 769, 11]         21           1.158            FlatMap
[0, 769, 12]         46           1.301            Arrange: Threshold
[0, 769, 13]         33           3.249            Threshold
[0, 769, 14]         23           0.147            AsCollection
[0, 769, 15]         36           1.211            Join
[0, 769, 16]         13           0.315            FlatMap
[0, 769, 17]         36           0.163            Arrange: Threshold
[0, 769, 18]         24           0.275            Threshold
[0, 769, 19]         11           0.021            AsCollection
[0, 769, 20]         11           0.021            FlatMap
[0, 769, 21]         25           0.034            Concatenate
[0, 769, 22]         25           0.115            FlatMap
[0, 769, 23]         25           1.047            FlatMap
[0, 769, 24]         74           1.395            Arrange: Threshold
[0, 769, 25]         29           3.297            Threshold
[0, 769, 26]         23           0.139            AsCollection
[0, 769, 27]         37           0.945            Join
[0, 769, 28]         27           0.106            ArrangeByKey
[0, 769, 29]         9            0.013            AsCollection
[0, 769, 30]         9            0.161            FlatMap
[0, 769, 31]         30           0.106            Arrange: Threshold
[0, 769, 32]         22           0.160            Threshold
[0, 769, 33]         9            0.017            AsCollection
[0, 769, 34]         24           0.136            Join
[0, 769, 35]         5            0.065            FlatMap
[0, 769, 36]         24           0.059            Arrange: Threshold
[0, 769, 37]         18           0.105            Threshold
[0, 769, 38]         5            0.007            AsCollection
[0, 769, 39]         5            0.009            FlatMap
[0, 769, 40]         10           0.012            Concatenate
[0, 769, 41]         10           0.020            FlatMap
[0, 769, 42]         10           0.203            FlatMap
[0, 769, 43]         32           0.127            Arrange: Threshold
[0, 769, 44]         22           0.127            Threshold
[0, 769, 45]         9            0.010            AsCollection
[0, 769, 46]         27           0.031            Concatenate
[0, 769, 47]         29           0.034            Concatenate
[0, 769, 48]         29           0.639            FlatMap
[0, 769, 49]         76           0.803            Arrange: Threshold
[0, 769, 50]         30           4.832            Threshold
[0, 769, 51]         25           0.204            AsCollection
[0, 769, 52]         25           0.040            ResultsIn
[0, 770]             30           0.119            Leave
[0, 771]             3            0.007            FlatMap
[0, 772]             3            0.017            FlatMap
[0, 773]             7            0.021            ArrangeBySelf
[0, 774]             3            0.025            FlatMap
[0, 775]             5            0.025            ArrangeByKey
[0, 776]             7            0.087            Join
[0, 777]             6            0.025            ArrangeByKey
[0, 778]             3            0.032            FlatMap
[0, 779]             5            0.037            ArrangeByKey
[0, 780]             7            0.073            Join
[0, 781]             6            0.022            ArrangeByKey
[0, 782]             167          5.789            Iterative
[0, 782, 1]          3            0.008            FlatMap
[0, 782, 2]          3            0.009            FlatMap
[0, 782, 3]          3            0.019            Enter
[0, 782, 4]          3            0.006            FlatMap
[0, 782, 5]          7            0.009            Feedback
[0, 782, 6]          7            0.181            FlatMap
[0, 782, 7]          13           0.175            ArrangeByKey
[0, 782, 8]          12           0.326            Join
[0, 782, 9]          12           0.297            ArrangeByKey
[0, 782, 10]         11           0.399            Join
[0, 782, 11]         14           0.161            ArrangeByKey
[0, 782, 12]         12           0.145            Join
[0, 782, 13]         11           0.057            ArrangeByKey
[0, 782, 14]         9            0.070            Join
[0, 782, 15]         5            0.007            Concatenate
[0, 782, 16]         5            0.079            FlatMap
[0, 782, 17]         23           0.089            Arrange: Threshold
[0, 782, 18]         9            0.218            Threshold
[0, 782, 19]         7            0.035            AsCollection
[0, 782, 20]         7            0.008            ResultsIn
[0, 783]             7            0.027            Leave
[0, 784]             7            0.016            FlatMap
[0, 785]             7            0.015            FlatMap
[0, 786]             7            0.175            FlatMap
[0, 787]             11           0.103            Arrange: Threshold
[0, 788]             4            0.200            Threshold
[0, 789]             3            0.022            AsCollection
[0, 790]             7            0.100            FlatMap
[0, 791]             13           0.071            Arrange: Threshold
[0, 792]             4            0.184            Threshold
[0, 793]             3            0.015            AsCollection
[0, 794]             3            0.099            FlatMap
[0, 795]             5            0.080            ArrangeByKey
[0, 796]             3            0.044            FlatMap
[0, 797]             5            0.042            ArrangeByKey
[0, 798]             3            0.126            FlatMap
[0, 799]             6            0.090            ArrangeByKey
[0, 800]             3            0.176            FlatMap
[0, 801]             5            0.232            ArrangeByKey
[0, 802]             3            0.039            FlatMap
[0, 803]             5            0.022            ArrangeByKey
[0, 804]             3            0.011            FlatMap
[0, 805]             3            0.040            FlatMap
[0, 806]             5            0.053            ArrangeBySelf
[0, 807]             3            0.093            FlatMap
[0, 808]             6            0.118            ArrangeByKey
[0, 809]             3            0.714            FlatMap
[0, 810]             5            2.732            ArrangeByKey
[0, 811]             3            0.259            FlatMap
[0, 812]             6            1.118            ArrangeByKey
[0, 813]             3            0.176            FlatMap
[0, 814]             5            0.425            ArrangeByKey
[0, 815]             3            0.519            FlatMap
[0, 816]             7            3.164            ArrangeByKey
[0, 817]             3            0.119            FlatMap
[0, 818]             5            0.190            ArrangeByKey
[0, 819]             3            0.308            FlatMap
[0, 820]             5            0.708            ArrangeByKey
[0, 821]             3            0.103            FlatMap
[0, 822]             16           0.203            ArrangeByKey
[0, 823]             3            0.202            FlatMap
[0, 824]             5            0.483            ArrangeByKey
[0, 825]             3            0.195            FlatMap
[0, 826]             6            0.448            ArrangeByKey
[0, 827]             3            0.184            FlatMap
[0, 828]             6            0.411            ArrangeByKey
[0, 829]             25           1.176            FlatMap
[0, 830]             37           1.737            ArrangeByKey
[0, 831]             3            0.136            FlatMap
[0, 832]             5            0.345            ArrangeByKey
[0, 833]             3            0.176            FlatMap
[0, 834]             5            0.768            ArrangeByKey
[0, 835]             3            0.115            FlatMap
[0, 836]             6            0.164            ArrangeByKey
[0, 837]             3            0.114            FlatMap
[0, 838]             5            0.293            ArrangeByKey
[0, 839]             3            0.109            FlatMap
[0, 840]             6            0.191            ArrangeByKey
[0, 841]             3            0.017            FlatMap
[0, 842]             3            0.105            FlatMap
[0, 843]             18           0.160            ArrangeBySelf
[0, 844]             3            0.103            FlatMap
[0, 845]             9            0.186            ArrangeByKey
[0, 846]             3            0.173            FlatMap
[0, 847]             6            0.450            ArrangeByKey
[0, 848]             3            0.145            FlatMap
[0, 849]             7            0.196            ArrangeByKey
[0, 850]             3            0.152            FlatMap
[0, 851]             7            0.229            ArrangeByKey
[0, 852]             3            0.067            FlatMap
[0, 853]             6            0.058            ArrangeByKey
[0, 854]             3            0.103            FlatMap
[0, 855]             6            0.095            ArrangeByKey
[0, 856]             3            0.099            FlatMap
[0, 857]             6            0.135            ArrangeByKey
[0, 858]             3            0.089            FlatMap
[0, 859]             7            0.117            ArrangeByKey
[0, 860]             3            0.090            FlatMap
[0, 861]             7            0.054            ArrangeByKey
[0, 862]             3            0.076            FlatMap
[0, 863]             8            0.050            ArrangeByKey
[0, 864]             3            0.145            FlatMap
[0, 865]             7            0.283            ArrangeByKey
[0, 866]             3            0.109            FlatMap
[0, 867]             7            0.153            ArrangeByKey
[0, 868]             3            0.011            FlatMap
[0, 869]             3            0.029            FlatMap
[0, 870]             5            0.052            ArrangeBySelf
[0, 871]             3            0.216            FlatMap
[0, 872]             6            0.686            ArrangeByKey
[0, 873]             7            0.161            Join
[0, 874]             8            0.061            ArrangeByKey
[0, 875]             3            0.124            FlatMap
[0, 876]             6            0.214            ArrangeByKey
[0, 877]             202075       7715.294         Iterative
[0, 877, 1]          3            0.011            FlatMap
[0, 877, 2]          3            0.006            FlatMap
[0, 877, 3]          3            0.007            FlatMap
[0, 877, 4]          3            0.006            FlatMap
[0, 877, 5]          3            0.007            FlatMap
[0, 877, 6]          1            0.001            Enter
[0, 877, 7]          3            0.006            FlatMap
[0, 877, 8]          3            0.006            FlatMap
[0, 877, 9]          3            0.008            FlatMap
[0, 877, 10]         3            0.007            FlatMap
[0, 877, 11]         3            0.007            FlatMap
[0, 877, 12]         3            0.005            FlatMap
[0, 877, 13]         3            0.007            FlatMap
[0, 877, 14]         3            0.006            FlatMap
[0, 877, 15]         3            0.005            FlatMap
[0, 877, 16]         3            0.005            FlatMap
[0, 877, 17]         3            0.006            FlatMap
[0, 877, 18]         3            0.005            FlatMap
[0, 877, 19]         3            0.006            FlatMap
[0, 877, 20]         3            0.011            FlatMap
[0, 877, 21]         3            0.005            FlatMap
[0, 877, 22]         3            0.004            FlatMap
[0, 877, 23]         3            0.008            FlatMap
[0, 877, 24]         3            0.006            FlatMap
[0, 877, 25]         3            0.007            FlatMap
[0, 877, 26]         3            0.006            FlatMap
[0, 877, 27]         3            0.005            FlatMap
[0, 877, 28]         1            0.001            Enter
[0, 877, 29]         3            0.006            FlatMap
[0, 877, 30]         3            0.005            FlatMap
[0, 877, 31]         3            0.007            FlatMap
[0, 877, 32]         3            0.005            FlatMap
[0, 877, 33]         3            0.004            FlatMap
[0, 877, 34]         3            0.005            FlatMap
[0, 877, 35]         3            0.005            FlatMap
[0, 877, 36]         3            0.006            FlatMap
[0, 877, 37]         3            0.005            FlatMap
[0, 877, 38]         3            0.007            FlatMap
[0, 877, 39]         3            0.006            FlatMap
[0, 877, 40]         3            0.006            FlatMap
[0, 877, 41]         3            0.005            FlatMap
[0, 877, 42]         217          0.379            Feedback
[0, 877, 43]         421          0.882            Feedback
[0, 877, 44]         191          0.299            Feedback
[0, 877, 45]         313          0.422            Feedback
[0, 877, 46]         325          0.424            Feedback
[0, 877, 47]         453          7.387            Feedback
[0, 877, 48]         349          0.443            Feedback
[0, 877, 49]         87           0.138            Feedback
[0, 877, 50]         87           0.161            FlatMap
[0, 877, 51]         87           1.222            FlatMap
[0, 877, 52]         941          1.606            ArrangeBySelf
[0, 877, 53]         337          1.642            Join
[0, 877, 54]         337          1.121            Join
[0, 877, 55]         217          0.395            FlatMap
[0, 877, 56]         217          4.335            FlatMap
[0, 877, 57]         896          2.305            ArrangeBySelf
[0, 877, 58]         452          2.614            Join
[0, 877, 59]         511          1.619            ArrangeByKey
[0, 877, 60]         453          48.044           FlatMap
[0, 877, 61]         2384         111.378          ArrangeByKey
[0, 877, 62]         919          5.882            Join
[0, 877, 63]         524          1.607            ArrangeByKey
[0, 877, 64]         980          17.804           Join
[0, 877, 65]         1155         9.965            ArrangeByKey
[0, 877, 66]         590          19.639           Join
[0, 877, 67]         975          1.749            ArrangeByKey
[0, 877, 68]         293          2.552            Join
[0, 877, 69]         1382         1.593            ArrangeByKey
[0, 877, 70]         260          1.834            Join
[0, 877, 71]         1089         3.044            ArrangeByKey
[0, 877, 72]         489          4.708            Join
[0, 877, 73]         452          2.298            Join
[0, 877, 74]         550          1.348            ArrangeByKey
[0, 877, 75]         938          5.609            Join
[0, 877, 76]         527          1.382            ArrangeByKey
[0, 877, 77]         349          9.672            FlatMap
[0, 877, 78]         1466         1.835            ArrangeByKey
[0, 877, 79]         571          3.992            Join
[0, 877, 80]         1545         11.842           ArrangeByKey
[0, 877, 81]         610          27.731           Join
[0, 877, 82]         1374         1.772            ArrangeByKey
[0, 877, 83]         275          1.946            Join
[0, 877, 84]         1504         1.804            ArrangeByKey
[0, 877, 85]         262          1.830            Join
[0, 877, 86]         792          1.352            ArrangeByKey
[0, 877, 87]         254          1.638            Join
[0, 877, 88]         452          6.578            Join
[0, 877, 89]         1020         2.739            ArrangeByKey
[0, 877, 90]         1035         20.422           Join
[0, 877, 91]         452          4.734            Join
[0, 877, 92]         811          1.578            ArrangeByKey
[0, 877, 93]         963          18.043           Join
[0, 877, 94]         807          5.842            ArrangeByKey
[0, 877, 95]         421          28.742           FlatMap
[0, 877, 96]         2116         48.347           ArrangeByKey
[0, 877, 97]         1203         93.515           Join
[0, 877, 98]         452          2.335            Join
[0, 877, 99]         217          6.539            FlatMap
[0, 877, 100]        1103         4.136            ArrangeBySelf
[0, 877, 101]        566          6.978            Join
[0, 877, 102]        864          1.747            ArrangeByKey
[0, 877, 103]        566          9.078            Join
[0, 877, 104]        978          1.556            ArrangeByKey
[0, 877, 105]        1052         9.777            Join
[0, 877, 106]        722          2.546            ArrangeByKey
[0, 877, 107]        993          12.135           Join
[0, 877, 108]        1008         5.047            ArrangeByKey
[0, 877, 109]        545          4.792            Join
[0, 877, 110]        566          8.515            Join
[0, 877, 111]        995          1.832            ArrangeByKey
[0, 877, 112]        566          7.572            Join
[0, 877, 113]        925          1.407            ArrangeByKey
[0, 877, 114]        566          6.928            Join
[0, 877, 115]        939          1.303            ArrangeByKey
[0, 877, 116]        1098         32.592           Join
[0, 877, 117]        981          32.683           ArrangeByKey
[0, 877, 118]        636          36.509           Join
[0, 877, 119]        1270         12.936           ArrangeByKey
[0, 877, 120]        1148         21.503           Join
[0, 877, 121]        1555         3.081            ArrangeByKey
[0, 877, 122]        1151         24.663           Join
[0, 877, 123]        1584         7.121            ArrangeByKey
[0, 877, 124]        570          11.052           Join
[0, 877, 125]        313          8.859            FlatMap
[0, 877, 126]        1152         2.682            ArrangeByKey
[0, 877, 127]        539          7.734            Join
[0, 877, 128]        1252         3.095            ArrangeByKey
[0, 877, 129]        545          5.021            Join
[0, 877, 130]        325          9.899            FlatMap
[0, 877, 131]        1699         3.474            ArrangeByKey
[0, 877, 132]        1254         60.250           Join
[0, 877, 133]        452          3.003            Join
[0, 877, 134]        668          1.537            ArrangeByKey
[0, 877, 135]        296          3.246            Join
[0, 877, 136]        660          2.165            ArrangeByKey
[0, 877, 137]        509          12.999           Join
[0, 877, 138]        2101         27.943           ArrangeByKey
[0, 877, 139]        453          7.588            FlatMap
[0, 877, 140]        453          25.406           FlatMap
[0, 877, 141]        1930         46.763           ArrangeBySelf
[0, 877, 142]        1200         442.859          Join
[0, 877, 143]        636          79.725           Join
[0, 877, 144]        1578         29.967           ArrangeByKey
[0, 877, 145]        1146         48.768           Join
[0, 877, 146]        2304         15.149           ArrangeByKey
[0, 877, 147]        1152         68.288           Join
[0, 877, 148]        2351         8.005            ArrangeByKey
[0, 877, 149]        570          19.204           Join
[0, 877, 150]        1644         12.985           ArrangeByKey
[0, 877, 151]        609          19.776           Join
[0, 877, 152]        453          7.993            FlatMap
[0, 877, 153]        453          36.141           FlatMap
[0, 877, 154]        2867         29.968           ArrangeBySelf
[0, 877, 155]        566          10.148           Join
[0, 877, 156]        1417         2.209            ArrangeByKey
[0, 877, 157]        1036         9.501            Join
[0, 877, 158]        281          4.845            FlatMap
[0, 877, 159]        1257         2.288            ArrangeBySelf
[0, 877, 160]        512          7.616            Join
[0, 877, 161]        1253         2.402            ArrangeByKey
[0, 877, 162]        841          4.067            Join
[0, 877, 163]        539          9.071            Join
[0, 877, 164]        1456         2.591            ArrangeByKey
[0, 877, 165]        538          4.008            Join
[0, 877, 166]        452          3.290            Join
[0, 877, 167]        748          1.558            ArrangeByKey
[0, 877, 168]        992          11.265           Join
[0, 877, 169]        1076         4.383            ArrangeByKey
[0, 877, 170]        1182         10.918           Join
[0, 877, 171]        1151         13.079           Join
[0, 877, 172]        401          17.212           FlatMap
[0, 877, 173]        2548         6.807            ArrangeBySelf
[0, 877, 174]        568          5.644            Join
[0, 877, 175]        452          1.755            Join
[0, 877, 176]        129          2.349            FlatMap
[0, 877, 177]        825          1.451            ArrangeBySelf
[0, 877, 178]        419          2.238            Join
[0, 877, 179]        337          1.509            Join
[0, 877, 180]        452          1.535            Join
[0, 877, 181]        55           1.253            FlatMap
[0, 877, 182]        623          1.109            ArrangeBySelf
[0, 877, 183]        328          1.598            Join
[0, 877, 184]        452          2.540            Join
[0, 877, 185]        623          1.185            ArrangeByKey
[0, 877, 186]        191          4.118            FlatMap
[0, 877, 187]        1485         3.415            ArrangeByKey
[0, 877, 188]        788          5.649            Join
[0, 877, 189]        841          4.577            Join
[0, 877, 190]        452          1.567            Join
[0, 877, 191]        448          0.990            ArrangeByKey
[0, 877, 192]        935          118.619          Join
[0, 877, 193]        452          1.465            Join
[0, 877, 194]        13           0.210            FlatMap
[0, 877, 195]        454          1.069            ArrangeBySelf
[0, 877, 196]        307          1.389            Join
[0, 877, 197]        217          0.413            FlatMap
[0, 877, 198]        217          4.611            FlatMap
[0, 877, 199]        936          1.292            ArrangeBySelf
[0, 877, 200]        452          2.317            Join
[0, 877, 201]        452          1.518            Join
[0, 877, 202]        452          1.181            Join
[0, 877, 203]        452          8.472            Join
[0, 877, 204]        1286         3.892            ArrangeByKey
[0, 877, 205]        564          4.955            Join
[0, 877, 206]        161          2.369            FlatMap
[0, 877, 207]        913          1.448            ArrangeBySelf
[0, 877, 208]        411          2.246            Join
[0, 877, 209]        161          2.537            FlatMap
[0, 877, 210]        1014         1.462            ArrangeBySelf
[0, 877, 211]        351          1.840            Join
[0, 877, 212]        346          0.499            Concatenate
[0, 877, 213]        620          0.630            Concatenate
[0, 877, 214]        688          0.619            Concatenate
[0, 877, 215]        688          0.582            Concatenate
[0, 877, 216]        688          19.393           FlatMap
[0, 877, 217]        3347         8.936            Arrange: Threshold
[0, 877, 218]        610          7.982            Threshold
[0, 877, 219]        385          0.539            AsCollection
[0, 877, 220]        389          0.546            Concatenate
[0, 877, 221]        389          9.370            FlatMap
[0, 877, 222]        2304         4.039            Arrange: Threshold
[0, 877, 223]        571          7.245            Threshold
[0, 877, 224]        325          0.673            AsCollection
[0, 877, 225]        201          5.497            FlatMap
[0, 877, 226]        1045         1.867            Arrange: Threshold
[0, 877, 227]        436          3.769            Threshold
[0, 877, 228]        191          0.415            AsCollection
[0, 877, 229]        595          0.677            Concatenate
[0, 877, 230]        663          0.583            Concatenate
[0, 877, 231]        663          21.076           FlatMap
[0, 877, 232]        3309         10.770           Arrange: Threshold
[0, 877, 233]        657          19.883           Threshold
[0, 877, 234]        435          0.733            AsCollection
[0, 877, 235]        423          17.281           FlatMap
[0, 877, 236]        3356         48.366           Arrange: Threshold
[0, 877, 237]        658          359.651          Threshold
[0, 877, 238]        427          9.072            AsCollection
[0, 877, 239]        251          0.347            Concatenate
[0, 877, 240]        253          0.331            Concatenate
[0, 877, 241]        290          0.353            Concatenate
[0, 877, 242]        305          0.354            Concatenate
[0, 877, 243]        409          0.444            Concatenate
[0, 877, 244]        409          0.376            Concatenate
[0, 877, 245]        409          6.911            FlatMap
[0, 877, 246]        2849         2.604            Arrange: Threshold
[0, 877, 247]        465          3.186            Threshold
[0, 877, 248]        225          0.342            AsCollection
[0, 877, 249]        187          6.658            FlatMap
[0, 877, 250]        1571         4.333            Arrange: Threshold
[0, 877, 251]        605          14.084           Threshold
[0, 877, 252]        377          0.819            AsCollection
[0, 877, 253]        470          0.790            Concatenate
[0, 877, 254]        1156         1.437            Concatenate
[0, 877, 255]        1423         1.458            Concatenate
[0, 877, 256]        1574         1.882            Concatenate
[0, 877, 257]        1809         1.869            Concatenate
[0, 877, 258]        2175         1.994            Concatenate
[0, 877, 259]        2372         2.068            Concatenate
[0, 877, 260]        2478         2.031            Concatenate
[0, 877, 261]        2478         166.904          FlatMap
[0, 877, 262]        13707        308.724          Arrange: Threshold
[0, 877, 263]        672          1547.416         Threshold
[0, 877, 264]        459          15.046           AsCollection
[0, 877, 265]        217          0.232            ResultsIn
[0, 877, 266]        421          2.407            ResultsIn
[0, 877, 267]        349          0.372            ResultsIn
[0, 877, 268]        87           0.113            ResultsIn
[0, 877, 269]        191          0.247            ResultsIn
[0, 877, 270]        453          2.059            ResultsIn
[0, 877, 271]        313          0.549            ResultsIn
[0, 877, 272]        325          0.361            ResultsIn
[0, 878]             542          0.452            Leave
[0, 879]             1023         1.693            Leave
[0, 880]             775          0.554            Leave
[0, 881]             610          0.500            Leave
[0, 882]             980          0.641            Leave
[0, 883]             1325         3.084            Leave
[0, 884]             854          0.570            Leave
[0, 885]             479          0.339            Leave
[0, 886]             25           0.531            FlatMap
[0, 887]             36           1.245            Arrange: Threshold
[0, 888]             4            2.179            Threshold
[0, 889]             3            0.109            AsCollection
[0, 890]             3            0.045            FlatMap
[0, 891]             3            0.041            FlatMap
[0, 892]             3            0.093            FlatMap
[0, 893]             5            0.006            Consolidate
[0, 894]             1            0.001            AsCollection
[0, 895]             2            0.003            InspectBatch
[0, 896]             2            0.001            Probe
[0, 897]             3            0.067            FlatMap
[0, 898]             4            0.124            Arrange: Threshold
[0, 899]             4            0.428            Threshold
[0, 900]             3            0.027            AsCollection
[0, 901]             3            0.020            FlatMap
[0, 902]             3            0.020            FlatMap
[0, 903]             3            0.050            FlatMap
[0, 904]             5            0.010            Consolidate
[0, 905]             1            0.001            AsCollection
[0, 906]             2            0.003            InspectBatch
[0, 907]             2            0.001            Probe
[0, 908]             3            0.023            FlatMap
[0, 909]             12           0.030            Arrange: Threshold
[0, 910]             4            0.050            Threshold
[0, 911]             3            0.007            AsCollection
[0, 912]             3            0.006            FlatMap
[0, 913]             3            0.006            FlatMap
[0, 914]             3            0.024            FlatMap
[0, 915]             8            0.017            Consolidate
[0, 916]             1            0.009            AsCollection
[0, 917]             2            0.003            InspectBatch
[0, 918]             2            0.001            Probe
[0, 919]             15           0.217            FlatMap
[0, 920]             50           0.069            Arrange: Threshold
[0, 921]             4            0.106            Threshold
[0, 922]             3            0.008            AsCollection
[0, 923]             3            0.005            FlatMap
[0, 924]             3            0.005            FlatMap
[0, 925]             3            0.022            FlatMap
[0, 926]             5            0.006            Consolidate
[0, 927]             1            0.001            AsCollection
[0, 928]             2            0.002            InspectBatch
[0, 929]             2            0.001            Probe
[0, 930]             3            0.027            FlatMap
[0, 931]             5            0.028            Arrange: Threshold
[0, 932]             4            0.081            Threshold
[0, 933]             3            0.007            AsCollection
[0, 934]             3            0.004            FlatMap
[0, 935]             3            0.004            FlatMap
[0, 936]             3            0.026            FlatMap
[0, 937]             5            0.005            Consolidate
[0, 938]             1            0.000            AsCollection
[0, 939]             2            0.004            InspectBatch
[0, 940]             2            0.002            Probe
[0, 941]             21           0.284            FlatMap
[0, 942]             47           0.081            Arrange: Threshold
[0, 943]             4            0.087            Threshold
[0, 944]             3            0.008            AsCollection
[0, 945]             3            0.009            FlatMap
[0, 946]             3            0.006            FlatMap
[0, 947]             3            0.034            FlatMap
[0, 948]             6            0.008            Consolidate
[0, 949]             1            0.001            AsCollection
[0, 950]             2            0.003            InspectBatch
[0, 951]             2            0.001            Probe
[0, 952]             7            0.090            FlatMap
[0, 953]             13           0.067            Arrange: Threshold
[0, 954]             4            0.183            Threshold
[0, 955]             3            0.020            AsCollection
[0, 956]             3            0.008            FlatMap
[0, 957]             3            0.007            FlatMap
[0, 958]             3            0.023            FlatMap
[0, 959]             7            0.007            Consolidate
[0, 960]             1            0.001            AsCollection
[0, 961]             2            0.002            InspectBatch
[0, 962]             2            0.001            Probe
[0, 963]             3            0.048            FlatMap
[0, 964]             7            0.046            Arrange: Threshold
[0, 965]             4            0.195            Threshold
[0, 966]             3            0.015            AsCollection
[0, 967]             3            0.008            FlatMap
[0, 968]             3            0.007            FlatMap
[0, 969]             3            0.022            FlatMap
[0, 970]             6            0.005            Consolidate
[0, 971]             1            0.000            AsCollection
[0, 972]             2            0.002            InspectBatch
[0, 973]             2            0.001            Probe
[0, 974]             3            0.048            FlatMap
[0, 975]             7            0.045            Arrange: Threshold
[0, 976]             4            0.170            Threshold
[0, 977]             3            0.012            AsCollection
[0, 978]             3            0.006            FlatMap
[0, 979]             3            0.006            FlatMap
[0, 980]             3            0.032            FlatMap
[0, 981]             7            0.005            Consolidate
[0, 982]             1            0.001            AsCollection
[0, 983]             2            0.006            InspectBatch
[0, 984]             2            0.001            Probe
[0, 985]             1            0.001            FlatMap
[0, 986]             3            0.006            Arrange: Threshold
[0, 987]             2            0.007            Threshold
[0, 988]             1            0.001            AsCollection
[0, 989]             1            0.001            FlatMap
[0, 990]             1            0.001            FlatMap
[0, 991]             1            0.000            FlatMap
[0, 992]             3            0.007            Consolidate
[0, 993]             1            0.000            AsCollection
[0, 994]             2            0.010            InspectBatch
[0, 995]             2            0.001            Probe
[0, 996]             3            0.034            FlatMap
[0, 997]             4            0.012            Arrange: Threshold
[0, 998]             4            0.030            Threshold
[0, 999]             3            0.004            AsCollection
[0, 1000]            3            0.004            FlatMap
[0, 1001]            3            0.019            FlatMap
[0, 1002]            3            0.028            FlatMap
[0, 1003]            5            0.008            Consolidate
[0, 1004]            1            0.001            AsCollection
[0, 1005]            2            0.002            InspectBatch
[0, 1006]            2            0.001            Probe
[0, 1007]            87           1.274            FlatMap
[0, 1008]            815          0.556            Arrange: Threshold
[0, 1009]            4            0.049            Threshold
[0, 1010]            3            0.005            AsCollection
[0, 1011]            3            0.005            FlatMap
[0, 1012]            3            0.004            FlatMap
[0, 1013]            3            0.024            FlatMap
[0, 1014]            4            0.005            Consolidate
[0, 1015]            1            0.001            AsCollection
[0, 1016]            2            0.003            InspectBatch
[0, 1017]            2            0.001            Probe
[0, 1018]            325          6.447            FlatMap
[0, 1019]            1411         1.162            Arrange: Threshold
[0, 1020]            4            0.379            Threshold
[0, 1021]            3            0.027            AsCollection
[0, 1022]            3            0.014            FlatMap
[0, 1023]            3            0.013            FlatMap
[0, 1024]            3            0.037            FlatMap
[0, 1025]            4            0.004            Consolidate
[0, 1026]            1            0.001            AsCollection
[0, 1027]            2            0.003            InspectBatch
[0, 1028]            2            0.001            Probe
[0, 1029]            453          19.931           FlatMap
[0, 1030]            2200         126.285          Arrange: Threshold
[0, 1031]            4            129.784          Threshold
[0, 1032]            3            6.232            AsCollection
[0, 1033]            3            11.561           FlatMap
[0, 1034]            3            2.741            FlatMap
[0, 1035]            3            4.918            FlatMap
[0, 1036]            4            0.010            Consolidate
[0, 1037]            1            0.001            AsCollection
[0, 1038]            2            0.002            InspectBatch
[0, 1039]            2            0.011            Probe
[0, 1040]            421          14.508           FlatMap
[0, 1041]            1826         46.061           Arrange: Threshold
[0, 1042]            4            46.628           Threshold
[0, 1043]            3            3.606            AsCollection
[0, 1044]            3            1.932            FlatMap
[0, 1045]            3            1.030            FlatMap
[0, 1046]            3            1.527            FlatMap
[0, 1047]            28           0.009            Consolidate
[0, 1048]            1            0.001            AsCollection
[0, 1049]            2            0.002            InspectBatch
[0, 1050]            2            0.001            Probe
[0, 1051]            191          3.629            FlatMap
[0, 1052]            1230         0.784            Arrange: Threshold
[0, 1053]            4            0.155            Threshold
[0, 1054]            3            0.018            AsCollection
[0, 1055]            3            0.009            FlatMap
[0, 1056]            3            0.007            FlatMap
[0, 1057]            3            0.020            FlatMap
[0, 1058]            29           0.007            Consolidate
[0, 1059]            1            0.001            AsCollection
[0, 1060]            2            0.002            InspectBatch
[0, 1061]            2            0.001            Probe
[0, 1062]            313          7.036            FlatMap
[0, 1063]            1034         0.875            Arrange: Threshold
[0, 1064]            4            0.221            Threshold
[0, 1065]            3            0.017            AsCollection
[0, 1066]            3            0.015            FlatMap
[0, 1067]            3            0.014            FlatMap
[0, 1068]            3            0.032            FlatMap
[0, 1069]            30           0.008            Consolidate
[0, 1070]            1            0.001            AsCollection
[0, 1071]            2            0.002            InspectBatch
[0, 1072]            2            0.014            Probe
[0, 1073]            349          7.776            FlatMap
[0, 1074]            1348         1.329            Arrange: Threshold
[0, 1075]            4            0.737            Threshold
[0, 1076]            3            0.076            AsCollection
[0, 1077]            3            0.036            FlatMap
[0, 1078]            3            0.024            FlatMap
[0, 1079]            3            0.046            FlatMap
[0, 1080]            32           0.008            Consolidate
[0, 1081]            1            0.001            AsCollection
[0, 1082]            2            0.002            InspectBatch
[0, 1083]            2            0.001            Probe
[0, 1084]            217          4.766            FlatMap
[0, 1085]            867          0.694            Arrange: Threshold
[0, 1086]            4            0.060            Threshold
[0, 1087]            3            0.007            AsCollection
[0, 1088]            3            0.005            FlatMap
[0, 1089]            3            0.006            FlatMap
[0, 1090]            3            0.015            FlatMap
[0, 1091]            32           0.011            Consolidate
[0, 1092]            1            0.001            AsCollection
[0, 1093]            2            0.015            InspectBatch
[0, 1094]            2            0.001            Probe
