addr                 activations  total_active_ms  name
[0]                  257455       8595.467         Dataflow
[0, 1]               1            0.000            Input
[0, 2]               2            0.387            FlatMap
[0, 3]               7            0.066            Arrange: Threshold
[0, 4]               4            0.074            Threshold
[0, 5]               3            0.012            AsCollection
[0, 6]               1            0.000            Input
[0, 7]               2            0.313            FlatMap
[0, 8]               7            0.053            Arrange: Threshold
[0, 9]               4            0.047            Threshold
[0, 10]              3            0.010            AsCollection
[0, 11]              1            0.000            Input
[0, 12]              1            0.001            FlatMap
[0, 13]              3            0.010            Arrange: Threshold
[0, 14]              2            0.009            Threshold
[0, 15]              1            0.001            AsCollection
[0, 16]              1            0.000            Input
[0, 17]              2            0.392            FlatMap
[0, 18]              7            0.222            Arrange: Threshold
[0, 19]              4            0.379            Threshold
[0, 20]              3            0.039            AsCollection
[0, 21]              1            0.000            Input
[0, 22]              2            0.271            FlatMap
[0, 23]              8            0.126            Arrange: Threshold
[0, 24]              4            0.024            Threshold
[0, 25]              3            0.005            AsCollection
[0, 26]              1            0.000            Input
[0, 27]              2            0.412            FlatMap
[0, 28]              7            0.279            Arrange: Threshold
[0, 29]              4            0.693            Threshold
[0, 30]              3            0.045            AsCollection
[0, 31]              1            0.000            Input
[0, 32]              2            0.485            FlatMap
[0, 33]              6            0.388            Arrange: Threshold
[0, 34]              4            0.642            Threshold
[0, 35]              3            0.047            AsCollection
[0, 36]              1            0.000            Input
[0, 37]              2            0.370            FlatMap
[0, 38]              9            0.343            Arrange: Threshold
[0, 39]              4            0.646            Threshold
[0, 40]              3            0.078            AsCollection
[0, 41]              1            0.000            Input
[0, 42]              2            1.046            FlatMap
[0, 43]              7            2.724            Arrange: Threshold
[0, 44]              4            5.429            Threshold
[0, 45]              3            0.337            AsCollection
[0, 46]              1            0.000            Input
[0, 47]              2            0.207            FlatMap
[0, 48]              8            0.209            Arrange: Threshold
[0, 49]              4            0.478            Threshold
[0, 50]              3            0.047            AsCollection
[0, 51]              1            0.000            Input
[0, 52]              2            0.344            FlatMap
[0, 53]              7            0.072            Arrange: Threshold
[0, 54]              4            0.062            Threshold
[0, 55]              3            0.009            AsCollection
[0, 56]              1            0.000            Input
[0, 57]              2            0.253            FlatMap
[0, 58]              6            0.037            Arrange: Threshold
[0, 59]              4            0.027            Threshold
[0, 60]              3            0.004            AsCollection
[0, 61]              1            0.000            Input
[0, 62]              2            0.094            FlatMap
[0, 63]              6            0.022            Arrange: Threshold
[0, 64]              4            0.024            Threshold
[0, 65]              3            0.004            AsCollection
[0, 66]              1            0.000            Input
[0, 67]              2            0.303            FlatMap
[0, 68]              6            0.048            Arrange: Threshold
[0, 69]              4            0.040            Threshold
[0, 70]              3            0.007            AsCollection
[0, 71]              1            0.000            Input
[0, 72]              2            0.343            FlatMap
[0, 73]              7            0.116            Arrange: Threshold
[0, 74]              4            0.227            Threshold
[0, 75]              3            0.019            AsCollection
[0, 76]              1            0.000            Input
[0, 77]              2            0.380            FlatMap
[0, 78]              7            0.139            Arrange: Threshold
[0, 79]              4            0.305            Threshold
[0, 80]              3            0.018            AsCollection
[0, 81]              1            0.000            Input
[0, 82]              2            0.480            FlatMap
[0, 83]              7            0.368            Arrange: Threshold
[0, 84]              4            0.657            Threshold
[0, 85]              3            0.100            AsCollection
[0, 86]              1            0.000            Input
[0, 87]              2            0.639            FlatMap
[0, 88]              6            1.025            Arrange: Threshold
[0, 89]              4            1.777            Threshold
[0, 90]              3            0.192            AsCollection
[0, 91]              1            0.001            Input
[0, 92]              2            0.317            FlatMap
[0, 93]              7            0.148            Arrange: Threshold
[0, 94]              4            0.269            Threshold
[0, 95]              3            0.046            AsCollection
[0, 96]              1            0.000            Input
[0, 97]              2            0.500            FlatMap
[0, 98]              7            0.346            Arrange: Threshold
[0, 99]              4            0.212            Threshold
[0, 100]             3            0.016            AsCollection
[0, 101]             1            0.000            Input
[0, 102]             2            0.468            FlatMap
[0, 103]             7            0.107            Arrange: Threshold
[0, 104]             4            0.265            Threshold
[0, 105]             3            0.017            AsCollection
[0, 106]             1            0.000            Input
[0, 107]             2            0.452            FlatMap
[0, 108]             7            0.253            Arrange: Threshold
[0, 109]             4            0.416            Threshold
[0, 110]             3            0.039            AsCollection
[0, 111]             1            0.000            Input
[0, 112]             2            0.390            FlatMap
[0, 113]             7            0.541            Arrange: Threshold
[0, 114]             4            1.065            Threshold
[0, 115]             3            0.171            AsCollection
[0, 116]             1            0.001            Input
[0, 117]             2            0.439            FlatMap
[0, 118]             7            0.345            Arrange: Threshold
[0, 119]             4            0.523            Threshold
[0, 120]             3            0.058            AsCollection
[0, 121]             1            0.000            Input
[0, 122]             2            0.309            FlatMap
[0, 123]             7            0.236            Arrange: Threshold
[0, 124]             4            0.488            Threshold
[0, 125]             3            0.050            AsCollection
[0, 126]             1            0.000            Input
[0, 127]             2            0.283            FlatMap
[0, 128]             7            0.184            Arrange: Threshold
[0, 129]             4            0.278            Threshold
[0, 130]             3            0.029            AsCollection
[0, 131]             1            0.000            Input
[0, 132]             2            0.341            FlatMap
[0, 133]             6            0.401            Arrange: Threshold
[0, 134]             4            0.723            Threshold
[0, 135]             3            0.156            AsCollection
[0, 136]             1            0.000            Input
[0, 137]             2            0.293            FlatMap
[0, 138]             7            0.068            Arrange: Threshold
[0, 139]             4            0.075            Threshold
[0, 140]             3            0.012            AsCollection
[0, 141]             1            0.000            Input
[0, 142]             2            0.314            FlatMap
[0, 143]             6            0.144            Arrange: Threshold
[0, 144]             4            0.213            Threshold
[0, 145]             3            0.026            AsCollection
[0, 146]             1            0.000            Input
[0, 147]             2            0.277            FlatMap
[0, 148]             6            0.198            Arrange: Threshold
[0, 149]             4            0.346            Threshold
[0, 150]             3            0.036            AsCollection
[0, 151]             1            0.000            Input
[0, 152]             2            0.309            FlatMap
[0, 153]             6            0.083            Arrange: Threshold
[0, 154]             4            0.130            Threshold
[0, 155]             3            0.013            AsCollection
[0, 156]             1            0.000            Input
[0, 157]             2            0.263            FlatMap
[0, 158]             6            0.230            Arrange: Threshold
[0, 159]             4            0.356            Threshold
[0, 160]             3            0.023            AsCollection
[0, 161]             3            0.008            FlatMap
[0, 162]             3            0.006            FlatMap
[0, 163]             3            0.033            FlatMap
[0, 164]             3            0.024            FlatMap
[0, 165]             3            0.011            FlatMap
[0, 166]             3            0.025            FlatMap
[0, 167]             3            0.021            FlatMap
[0, 168]             3            0.025            FlatMap
[0, 169]             3            0.013            FlatMap
[0, 170]             3            0.011            FlatMap
[0, 171]             3            0.009            FlatMap
[0, 172]             3            0.014            FlatMap
[0, 173]             3            0.008            FlatMap
[0, 174]             3            0.006            FlatMap
[0, 175]             3            0.006            FlatMap
[0, 176]             3            0.005            FlatMap
[0, 177]             3            0.025            FlatMap
[0, 178]             3            0.029            FlatMap
[0, 179]             3            0.022            FlatMap
[0, 180]             3            0.021            FlatMap
[0, 181]             3            0.016            FlatMap
[0, 182]             3            0.010            FlatMap
[0, 183]             3            0.010            FlatMap
[0, 184]             3            0.010            FlatMap
[0, 185]             3            0.022            FlatMap
[0, 186]             3            0.016            FlatMap
[0, 187]             3            0.031            FlatMap
[0, 188]             3            0.042            FlatMap
[0, 189]             3            0.028            FlatMap
[0, 190]             3            0.036            FlatMap
[0, 191]             3            0.015            FlatMap
[0, 192]             3            0.023            FlatMap
[0, 193]             3            0.018            FlatMap
[0, 194]             3            0.009            FlatMap
[0, 195]             3            0.014            FlatMap
[0, 196]             3            0.009            FlatMap
[0, 197]             3            0.009            FlatMap
[0, 198]             3            0.011            FlatMap
[0, 199]             3            0.015            FlatMap
[0, 200]             3            0.012            FlatMap
[0, 201]             3            0.010            FlatMap
[0, 202]             3            0.053            FlatMap
[0, 203]             3            0.059            FlatMap
[0, 204]             3            0.051            FlatMap
[0, 205]             3            0.021            FlatMap
[0, 206]             3            0.021            FlatMap
[0, 207]             3            0.019            FlatMap
[0, 208]             3            0.011            FlatMap
[0, 209]             3            0.009            FlatMap
[0, 210]             3            0.008            FlatMap
[0, 211]             3            0.007            FlatMap
[0, 212]             3            0.005            FlatMap
[0, 213]             3            0.011            FlatMap
[0, 214]             3            0.035            FlatMap
[0, 215]             4            0.069            Arrange: Threshold
[0, 216]             4            0.194            Threshold
[0, 217]             3            0.022            AsCollection
[0, 218]             4            0.007            Concatenate
[0, 219]             4            0.005            Concatenate
[0, 220]             4            0.014            Concatenate
[0, 221]             4            0.057            FlatMap
[0, 222]             13           0.034            Arrange: Threshold
[0, 223]             4            0.071            Threshold
[0, 224]             3            0.008            AsCollection
[0, 225]             3            0.107            FlatMap
[0, 226]             5            0.330            Arrange: Threshold
[0, 227]             4            0.557            Threshold
[0, 228]             3            0.032            AsCollection
[0, 229]             3            0.083            FlatMap
[0, 230]             5            0.125            Arrange: Threshold
[0, 231]             4            0.206            Threshold
[0, 232]             3            0.018            AsCollection
[0, 233]             3            0.054            FlatMap
[0, 234]             13           0.015            Arrange: Threshold
[0, 235]             4            0.068            Threshold
[0, 236]             3            0.004            AsCollection
[0, 237]             3            0.082            FlatMap
[0, 238]             5            0.111            Arrange: Threshold
[0, 239]             4            0.191            Threshold
[0, 240]             3            0.022            AsCollection
[0, 241]             3            0.023            FlatMap
[0, 242]             4            0.017            Arrange: Threshold
[0, 243]             4            0.058            Threshold
[0, 244]             3            0.008            AsCollection
[0, 245]             3            0.075            FlatMap
[0, 246]             5            0.088            Arrange: Threshold
[0, 247]             4            0.110            Threshold
[0, 248]             3            0.011            AsCollection
[0, 249]             3            0.092            FlatMap
[0, 250]             5            0.155            Arrange: Threshold
[0, 251]             4            0.297            Threshold
[0, 252]             3            0.020            AsCollection
[0, 253]             3            0.230            FlatMap
[0, 254]             5            0.858            Arrange: Threshold
[0, 255]             4            1.738            Threshold
[0, 256]             3            0.102            AsCollection
[0, 257]             3            0.027            FlatMap
[0, 258]             13           0.028            Arrange: Threshold
[0, 259]             4            0.060            Threshold
[0, 260]             3            0.012            AsCollection
[0, 261]             3            0.082            FlatMap
[0, 262]             5            0.130            Arrange: Threshold
[0, 263]             4            0.236            Threshold
[0, 264]             3            0.015            AsCollection
[0, 265]             3            0.008            Concatenate
[0, 266]             3            0.007            Concatenate
[0, 267]             3            0.214            FlatMap
[0, 268]             5            0.725            Arrange: Threshold
[0, 269]             4            1.360            Threshold
[0, 270]             3            0.116            AsCollection
[0, 271]             3            0.082            FlatMap
[0, 272]             5            0.119            Arrange: Threshold
[0, 273]             4            0.195            Threshold
[0, 274]             3            0.014            AsCollection
[0, 275]             3            0.038            FlatMap
[0, 276]             5            0.027            Arrange: Threshold
[0, 277]             4            0.036            Threshold
[0, 278]             3            0.005            AsCollection
[0, 279]             3            0.093            FlatMap
[0, 280]             5            0.124            Arrange: Threshold
[0, 281]             4            0.232            Threshold
[0, 282]             3            0.016            AsCollection
[0, 283]             3            0.168            FlatMap
[0, 284]             5            0.400            Arrange: Threshold
[0, 285]             4            0.797            Threshold
[0, 286]             3            0.051            AsCollection
[0, 287]             3            0.080            FlatMap
[0, 288]             5            0.120            Arrange: Threshold
[0, 289]             4            0.200            Threshold
[0, 290]             3            0.016            AsCollection
[0, 291]             3            0.006            Concatenate
[0, 292]             3            0.005            Concatenate
[0, 293]             3            0.006            Concatenate
[0, 294]             3            0.175            FlatMap
[0, 295]             5            0.544            Arrange: Threshold
[0, 296]             4            0.981            Threshold
[0, 297]             3            0.064            AsCollection
[0, 298]             3            0.132            FlatMap
[0, 299]             5            0.220            Arrange: Threshold
[0, 300]             4            0.421            Threshold
[0, 301]             3            0.042            AsCollection
[0, 302]             3            0.009            Concatenate
[0, 303]             3            0.013            Concatenate
[0, 304]             3            0.333            FlatMap
[0, 305]             5            1.333            Arrange: Threshold
[0, 306]             4            2.388            Threshold
[0, 307]             3            0.197            AsCollection
[0, 308]             3            0.117            FlatMap
[0, 309]             5            0.283            Arrange: Threshold
[0, 310]             4            0.558            Threshold
[0, 311]             3            0.037            AsCollection
[0, 312]             3            0.067            FlatMap
[0, 313]             5            0.082            Arrange: Threshold
[0, 314]             4            0.098            Threshold
[0, 315]             3            0.008            AsCollection
[0, 316]             3            0.031            FlatMap
[0, 317]             16           0.017            Arrange: Threshold
[0, 318]             4            0.022            Threshold
[0, 319]             3            0.009            AsCollection
[0, 320]             3            0.005            Concatenate
[0, 321]             3            0.006            Concatenate
[0, 322]             3            0.005            Concatenate
[0, 323]             3            0.011            Concatenate
[0, 324]             3            0.009            Concatenate
[0, 325]             3            0.011            Concatenate
[0, 326]             3            0.009            Concatenate
[0, 327]             3            0.013            Concatenate
[0, 328]             3            0.009            Concatenate
[0, 329]             3            0.008            Concatenate
[0, 330]             3            0.011            Concatenate
[0, 331]             3            0.013            Concatenate
[0, 332]             3            0.760            FlatMap
[0, 333]             5            2.999            Arrange: Threshold
[0, 334]             4            4.829            Threshold
[0, 335]             3            0.490            AsCollection
[0, 336]             3            0.124            FlatMap
[0, 337]             5            0.297            Arrange: Threshold
[0, 338]             4            0.630            Threshold
[0, 339]             3            0.035            AsCollection
[0, 340]             3            0.071            FlatMap
[0, 341]             5            0.144            Arrange: Threshold
[0, 342]             4            0.224            Threshold
[0, 343]             3            0.017            AsCollection
[0, 344]             3            0.066            FlatMap
[0, 345]             5            0.059            Arrange: Threshold
[0, 346]             4            0.059            Threshold
[0, 347]             3            0.006            AsCollection
[0, 348]             3            0.007            Concatenate
[0, 349]             4            0.006            Concatenate
[0, 350]             4            0.005            Concatenate
[0, 351]             4            0.006            Concatenate
[0, 352]             4            0.126            FlatMap
[0, 353]             18           0.120            Arrange: Threshold
[0, 354]             4            0.066            Threshold
[0, 355]             3            0.015            AsCollection
[0, 356]             3            0.094            FlatMap
[0, 357]             5            0.140            Arrange: Threshold
[0, 358]             4            0.271            Threshold
[0, 359]             3            0.018            AsCollection
[0, 360]             3            0.092            FlatMap
[0, 361]             5            0.226            Arrange: Threshold
[0, 362]             4            0.438            Threshold
[0, 363]             3            0.052            AsCollection
[0, 364]             3            0.104            FlatMap
[0, 365]             5            0.176            Arrange: Threshold
[0, 366]             4            0.349            Threshold
[0, 367]             3            0.022            AsCollection
[0, 368]             3            0.401            FlatMap
[0, 369]             6            0.423            Arrange: Threshold
[0, 370]             4            0.854            Threshold
[0, 371]             3            0.051            AsCollection
[0, 372]             3            0.090            FlatMap
[0, 373]             6            0.116            Arrange: Threshold
[0, 374]             4            0.163            Threshold
[0, 375]             3            0.011            AsCollection
[0, 376]             3            0.012            FlatMap
[0, 377]             1            0.001            FlatMap
[0, 378]             3            0.007            ArrangeBySelf
[0, 379]             3            0.005            FlatMap
[0, 380]             1            0.001            FlatMap
[0, 381]             3            0.006            ArrangeBySelf
[0, 382]             2            0.008            Join
[0, 383]             3            0.011            ArrangeByKey
[0, 384]             3            0.026            FlatMap
[0, 385]             6            0.014            ArrangeByKey
[0, 386]             3            0.014            Join
[0, 387]             3            0.005            FlatMap
[0, 388]             1            0.001            FlatMap
[0, 389]             3            0.005            ArrangeBySelf
[0, 390]             3            0.004            FlatMap
[0, 391]             1            0.001            FlatMap
[0, 392]             3            0.005            ArrangeBySelf
[0, 393]             2            0.009            Join
[0, 394]             3            0.006            ArrangeByKey
[0, 395]             3            0.009            Join
[0, 396]             3            0.005            FlatMap
[0, 397]             3            0.006            ArrangeByKey
[0, 398]             2            0.008            Join
[0, 399]             3            0.025            FlatMap
[0, 400]             6            0.018            ArrangeByKey
[0, 401]             2            0.008            Join
[0, 402]             3            0.007            FlatMap
[0, 403]             3            0.010            FlatMap
[0, 404]             3            0.011            FlatMap
[0, 405]             3            0.007            FlatMap
[0, 406]             3            0.007            FlatMap
[0, 407]             1            0.001            FlatMap
[0, 408]             3            0.029            ArrangeBySelf
[0, 409]             3            0.021            FlatMap
[0, 410]             3            0.061            FlatMap
[0, 411]             25           0.106            ArrangeBySelf
[0, 412]             3            0.014            FlatMap
[0, 413]             1            0.001            FlatMap
[0, 414]             4            0.009            ArrangeBySelf
[0, 415]             3            0.021            FlatMap
[0, 416]             3            0.037            FlatMap
[0, 417]             17           0.031            ArrangeBySelf
[0, 418]             3            0.092            FlatMap
[0, 419]             5            0.219            ArrangeByKey
[0, 420]             1            0.001            FlatMap
[0, 421]             1            0.001            FlatMap
[0, 422]             3            0.006            ArrangeBySelf
[0, 423]             5            0.031            Join
[0, 424]             3            0.008            ArrangeByKey
[0, 425]             3            0.015            Join
[0, 426]             2            0.006            ArrangeByKey
[0, 427]             3            0.012            Join
[0, 428]             1            0.001            FlatMap
[0, 429]             6            0.008            ArrangeBySelf
[0, 430]             5            0.022            Join
[0, 431]             1            0.001            FlatMap
[0, 432]             6            0.013            ArrangeBySelf
[0, 433]             5            0.034            Join
[0, 434]             1            0.001            FlatMap
[0, 435]             6            0.006            ArrangeBySelf
[0, 436]             3            0.014            Join
[0, 437]             3            0.007            ArrangeByKey
[0, 438]             3            0.011            Join
[0, 439]             1            0.001            FlatMap
[0, 440]             3            0.008            ArrangeBySelf
[0, 441]             3            0.010            Join
[0, 442]             1            0.001            FlatMap
[0, 443]             3            0.010            ArrangeBySelf
[0, 444]             3            0.013            Join
[0, 445]             2            0.009            ArrangeByKey
[0, 446]             2            0.006            Join
[0, 447]             1            0.001            FlatMap
[0, 448]             3            0.006            ArrangeBySelf
[0, 449]             3            0.012            Join
[0, 450]             3            0.012            FlatMap
[0, 451]             3            0.042            FlatMap
[0, 452]             19           0.049            ArrangeBySelf
[0, 453]             3            0.104            FlatMap
[0, 454]             5            0.207            ArrangeByKey
[0, 455]             3            0.162            FlatMap
[0, 456]             6            0.250            ArrangeByKey
[0, 457]             3            0.106            FlatMap
[0, 458]             5            0.224            ArrangeByKey
[0, 459]             3            0.055            AsCollection
[0, 460]             3            0.108            FlatMap
[0, 461]             5            0.211            Arrange: Threshold
[0, 462]             4            0.417            Threshold
[0, 463]             3            0.024            AsCollection
[0, 464]             6            0.043            Join
[0, 465]             3            0.065            FlatMap
[0, 466]             5            0.068            Arrange: Threshold
[0, 467]             4            0.047            Threshold
[0, 468]             3            0.006            AsCollection
[0, 469]             3            0.004            FlatMap
[0, 470]             3            0.006            Concatenate
[0, 471]             3            0.014            FlatMap
[0, 472]             3            0.051            FlatMap
[0, 473]             4            0.105            Arrange: Threshold
[0, 474]             4            0.379            Threshold
[0, 475]             3            0.107            AsCollection
[0, 476]             5            0.172            ArrangeByKey
[0, 477]             3            0.054            AsCollection
[0, 478]             3            0.121            FlatMap
[0, 479]             5            0.217            Arrange: Threshold
[0, 480]             4            0.420            Threshold
[0, 481]             3            0.025            AsCollection
[0, 482]             6            0.045            Join
[0, 483]             3            0.084            FlatMap
[0, 484]             7            0.071            Arrange: Threshold
[0, 485]             4            0.051            Threshold
[0, 486]             3            0.006            AsCollection
[0, 487]             3            0.005            FlatMap
[0, 488]             4            0.007            Concatenate
[0, 489]             4            0.013            FlatMap
[0, 490]             4            0.069            FlatMap
[0, 491]             7            0.106            Arrange: Threshold
[0, 492]             4            0.353            Threshold
[0, 493]             3            0.118            AsCollection
[0, 494]             5            0.205            ArrangeByKey
[0, 495]             3            0.057            AsCollection
[0, 496]             3            0.125            FlatMap
[0, 497]             5            0.218            Arrange: Threshold
[0, 498]             4            0.412            Threshold
[0, 499]             3            0.025            AsCollection
[0, 500]             6            0.047            Join
[0, 501]             3            0.065            FlatMap
[0, 502]             5            0.061            Arrange: Threshold
[0, 503]             4            0.044            Threshold
[0, 504]             3            0.005            AsCollection
[0, 505]             3            0.004            FlatMap
[0, 506]             3            0.004            Concatenate
[0, 507]             3            0.012            FlatMap
[0, 508]             3            0.042            FlatMap
[0, 509]             4            0.103            Arrange: Threshold
[0, 510]             4            0.403            Threshold
[0, 511]             3            0.117            AsCollection
[0, 512]             5            0.173            ArrangeByKey
[0, 513]             7            0.269            Join
[0, 514]             10           0.113            ArrangeByKey
[0, 515]             6            0.289            Join
[0, 516]             3            0.033            FlatMap
[0, 517]             3            0.082            FlatMap
[0, 518]             4            0.256            ArrangeBySelf
[0, 519]             3            0.206            FlatMap
[0, 520]             5            0.704            ArrangeByKey
[0, 521]             6            0.636            Join
[0, 522]             5            0.573            ArrangeByKey
[0, 523]             3            0.019            FlatMap
[0, 524]             3            0.094            FlatMap
[0, 525]             5            0.172            ArrangeBySelf
[0, 526]             3            0.168            FlatMap
[0, 527]             6            0.232            ArrangeByKey
[0, 528]             6            0.307            Join
[0, 529]             4            0.255            ArrangeByKey
[0, 530]             7            0.253            Join
[0, 531]             4            0.086            ArrangeByKey
[0, 532]             6            0.385            Join
[0, 533]             3            0.025            FlatMap
[0, 534]             3            0.319            FlatMap
[0, 535]             6            0.208            ArrangeBySelf
[0, 536]             3            0.120            FlatMap
[0, 537]             5            0.230            ArrangeByKey
[0, 538]             7            0.291            Join
[0, 539]             4            0.256            ArrangeByKey
[0, 540]             7            0.227            Join
[0, 541]             4            0.097            ArrangeByKey
[0, 542]             6            0.342            Join
[0, 543]             3            0.018            FlatMap
[0, 544]             3            0.041            FlatMap
[0, 545]             4            0.036            ArrangeBySelf
[0, 546]             3            0.639            FlatMap
[0, 547]             5            2.995            ArrangeByKey
[0, 548]             3            0.201            FlatMap
[0, 549]             5            0.697            ArrangeByKey
[0, 550]             6            0.172            Join
[0, 551]             11           0.046            ArrangeByKey
[0, 552]             6            0.168            Join
[0, 553]             4            0.045            ArrangeByKey
[0, 554]             6            0.125            Join
[0, 555]             3            0.546            FlatMap
[0, 556]             5            2.941            ArrangeByKey
[0, 557]             3            0.101            FlatMap
[0, 558]             5            0.153            ArrangeByKey
[0, 559]             6            0.259            Join
[0, 560]             3            0.121            FlatMap
[0, 561]             5            0.299            ArrangeByKey
[0, 562]             6            0.331            Join
[0, 563]             4            0.154            ArrangeByKey
[0, 564]             3            0.320            FlatMap
[0, 565]             5            1.255            ArrangeByKey
[0, 566]             6            0.366            Join
[0, 567]             3            0.299            FlatMap
[0, 568]             5            1.285            ArrangeByKey
[0, 569]             6            1.422            Join
[0, 570]             4            0.764            ArrangeByKey
[0, 571]             3            0.259            FlatMap
[0, 572]             5            0.900            ArrangeByKey
[0, 573]             6            1.171            Join
[0, 574]             3            0.100            FlatMap
[0, 575]             5            0.145            ArrangeByKey
[0, 576]             6            0.154            Join
[0, 577]             4            0.061            ArrangeByKey
[0, 578]             6            0.170            Join
[0, 579]             4            0.063            ArrangeByKey
[0, 580]             3            0.091            FlatMap
[0, 581]             5            0.117            ArrangeByKey
[0, 582]             7            0.177            Join
[0, 583]             3            0.098            FlatMap
[0, 584]             5            0.146            ArrangeByKey
[0, 585]             6            0.211            Join
[0, 586]             4            0.084            ArrangeByKey
[0, 587]             3            0.109            FlatMap
[0, 588]             5            0.146            ArrangeByKey
[0, 589]             6            0.216            Join
[0, 590]             3            0.078            FlatMap
[0, 591]             5            0.085            ArrangeByKey
[0, 592]             6            0.104            Join
[0, 593]             4            0.040            ArrangeByKey
[0, 594]             3            0.074            FlatMap
[0, 595]             5            0.081            ArrangeByKey
[0, 596]             6            0.103            Join
[0, 597]             3            0.063            FlatMap
[0, 598]             5            0.071            ArrangeByKey
[0, 599]             6            0.082            Join
[0, 600]             4            0.018            ArrangeByKey
[0, 601]             3            0.186            FlatMap
[0, 602]             5            0.541            ArrangeByKey
[0, 603]             6            0.064            Join
[0, 604]             6            0.638            Join
[0, 605]             5            0.313            ArrangeByKey
[0, 606]             3            0.101            FlatMap
[0, 607]             5            0.115            ArrangeByKey
[0, 608]             6            0.150            Join
[0, 609]             3            0.124            FlatMap
[0, 610]             5            0.143            ArrangeByKey
[0, 611]             6            0.209            Join
[0, 612]             5            0.056            ArrangeByKey
[0, 613]             3            0.159            FlatMap
[0, 614]             5            0.132            ArrangeByKey
[0, 615]             6            0.179            Join
[0, 616]             4            0.087            ArrangeByKey
[0, 617]             7            0.199            Join
[0, 618]             3            0.241            FlatMap
[0, 619]             5            0.286            ArrangeByKey
[0, 620]             7            0.449            Join
[0, 621]             17           0.170            ArrangeByKey
[0, 622]             6            0.443            Join
[0, 623]             4            0.175            ArrangeByKey
[0, 624]             3            0.155            FlatMap
[0, 625]             5            0.292            ArrangeByKey
[0, 626]             7            0.391            Join
[0, 627]             3            0.135            FlatMap
[0, 628]             5            0.293            Arrange: Threshold
[0, 629]             4            0.482            Threshold
[0, 630]             3            0.038            AsCollection
[0, 631]             3            0.077            FlatMap
[0, 632]             5            0.114            Arrange: Threshold
[0, 633]             4            0.203            Threshold
[0, 634]             3            0.016            AsCollection
[0, 635]             1            0.001            Concatenate
[0, 636]             1            0.001            Concatenate
[0, 637]             1            0.002            Concatenate
[0, 638]             3            0.006            Concatenate
[0, 639]             3            0.005            Concatenate
[0, 640]             3            0.007            Concatenate
[0, 641]             3            0.029            FlatMap
[0, 642]             13           0.230            Arrange: Threshold
[0, 643]             4            0.322            Threshold
[0, 644]             3            0.024            AsCollection
[0, 645]             3            0.063            FlatMap
[0, 646]             5            0.070            Arrange: Threshold
[0, 647]             4            0.073            Threshold
[0, 648]             3            0.008            AsCollection
[0, 649]             3            0.177            FlatMap
[0, 650]             7            0.407            Arrange: Threshold
[0, 651]             4            0.802            Threshold
[0, 652]             3            0.057            AsCollection
[0, 653]             3            0.178            FlatMap
[0, 654]             7            0.402            Arrange: Threshold
[0, 655]             4            0.634            Threshold
[0, 656]             3            0.042            AsCollection
[0, 657]             3            0.097            FlatMap
[0, 658]             5            0.154            Arrange: Threshold
[0, 659]             4            0.291            Threshold
[0, 660]             3            0.018            AsCollection
[0, 661]             3            0.110            FlatMap
[0, 662]             7            0.141            Arrange: Threshold
[0, 663]             4            0.201            Threshold
[0, 664]             3            0.015            AsCollection
[0, 665]             3            0.124            FlatMap
[0, 666]             5            0.235            Arrange: Threshold
[0, 667]             4            0.402            Threshold
[0, 668]             3            0.047            AsCollection
[0, 669]             3            0.125            FlatMap
[0, 670]             6            0.151            Arrange: Threshold
[0, 671]             4            0.278            Threshold
[0, 672]             3            0.017            AsCollection
[0, 673]             3            0.116            FlatMap
[0, 674]             7            0.152            Arrange: Threshold
[0, 675]             4            0.236            Threshold
[0, 676]             3            0.017            AsCollection
[0, 677]             1            0.001            FlatMap
[0, 678]             2            0.070            Arrange: Threshold
[0, 679]             2            0.007            Threshold
[0, 680]             1            0.001            AsCollection
[0, 681]             3            0.038            FlatMap
[0, 682]             13           0.041            Arrange: Threshold
[0, 683]             4            0.066            Threshold
[0, 684]             3            0.008            AsCollection
[0, 685]             3            0.171            FlatMap
[0, 686]             7            0.448            Arrange: Threshold
[0, 687]             4            0.837            Threshold
[0, 688]             3            0.061            AsCollection
[0, 689]             3            0.261            FlatMap
[0, 690]             7            0.908            Arrange: Threshold
[0, 691]             4            1.452            Threshold
[0, 692]             3            0.101            AsCollection
[0, 693]             3            0.088            FlatMap
[0, 694]             7            0.113            Arrange: Threshold
[0, 695]             4            0.189            Threshold
[0, 696]             3            0.021            AsCollection
[0, 697]             3            0.088            FlatMap
[0, 698]             7            0.088            Arrange: Threshold
[0, 699]             4            0.121            Threshold
[0, 700]             3            0.009            AsCollection
[0, 701]             3            0.109            FlatMap
[0, 702]             6            0.062            ArrangeByKey
[0, 703]             3            0.129            FlatMap
[0, 704]             6            0.078            ArrangeByKey
[0, 705]             399          8.390            Iterative
[0, 705, 1]          3            0.008            FlatMap
[0, 705, 2]          3            0.006            FlatMap
[0, 705, 3]          3            0.005            Enter
[0, 705, 4]          19           0.023            Feedback
[0, 705, 5]          19           0.412            FlatMap
[0, 705, 6]          87           0.259            ArrangeByKey
[0, 705, 7]          27           0.150            Join
[0, 705, 8]          27           0.209            Join
[0, 705, 9]          13           0.019            Concatenate
[0, 705, 10]         15           0.018            Concatenate
[0, 705, 11]         15           0.318            FlatMap
[0, 705, 12]         54           0.224            Arrange: Threshold
[0, 705, 13]         29           0.324            Threshold
[0, 705, 14]         19           0.039            AsCollection
[0, 705, 15]         19           0.020            ResultsIn
[0, 706]             30           0.032            Leave
[0, 707]             1            0.001            FlatMap
[0, 708]             1            0.001            FlatMap
[0, 709]             1            0.000            FlatMap
[0, 710]             2            0.005            ArrangeBySelf
[0, 711]             3            0.127            FlatMap
[0, 712]             5            0.233            ArrangeByKey
[0, 713]             5            0.022            Join
[0, 714]             3            0.010            FlatMap
[0, 715]             3            0.007            FlatMap
[0, 716]             3            0.030            FlatMap
[0, 717]             7            0.016            ArrangeBySelf
[0, 718]             19           0.421            FlatMap
[0, 719]             43           0.183            ArrangeByKey
[0, 720]             7            0.044            Join
[0, 721]             3            0.006            FlatMap
[0, 722]             3            0.021            FlatMap
[0, 723]             7            0.017            ArrangeBySelf
[0, 724]             7            0.057            Join
[0, 725]             3            0.026            FlatMap
[0, 726]             1            0.001            FlatMap
[0, 727]             3            0.006            Arrange: Threshold
[0, 728]             2            0.008            Threshold
[0, 729]             1            0.001            AsCollection
[0, 730]             3            0.044            FlatMap
[0, 731]             5            0.023            Arrange: Threshold
[0, 732]             4            0.041            Threshold
[0, 733]             3            0.005            AsCollection
[0, 734]             3            0.005            Concatenate
[0, 735]             5            0.010            Concatenate
[0, 736]             5            0.142            FlatMap
[0, 737]             11           0.147            Arrange: Threshold
[0, 738]             4            0.408            Threshold
[0, 739]             3            0.028            AsCollection
[0, 740]             1            0.001            FlatMap
[0, 741]             2            0.004            Arrange: Threshold
[0, 742]             2            0.006            Threshold
[0, 743]             1            0.001            AsCollection
[0, 744]             3            0.064            FlatMap
[0, 745]             4            0.096            Arrange: Threshold
[0, 746]             4            0.407            Threshold
[0, 747]             3            0.028            AsCollection
[0, 748]             3            0.067            FlatMap
[0, 749]             16           0.061            ArrangeByKey
[0, 750]             279          6.512            Iterative
[0, 750, 1]          3            0.008            Enter
[0, 750, 2]          3            0.005            FlatMap
[0, 750, 3]          17           0.021            Feedback
[0, 750, 4]          17           0.342            FlatMap
[0, 750, 5]          69           0.218            ArrangeByKey
[0, 750, 6]          25           0.203            Join
[0, 750, 7]          15           0.020            Concatenate
[0, 750, 8]          15           0.293            FlatMap
[0, 750, 9]          61           0.177            Arrange: Threshold
[0, 750, 10]         28           0.283            Threshold
[0, 750, 11]         17           0.040            AsCollection
[0, 750, 12]         17           0.014            ResultsIn
[0, 751]             35           0.028            Leave
[0, 752]             17           0.027            FlatMap
[0, 753]             19           0.018            Concatenate
[0, 754]             19           0.373            FlatMap
[0, 755]             43           0.254            Arrange: Threshold
[0, 756]             4            0.460            Threshold
[0, 757]             3            0.038            AsCollection
[0, 758]             17           0.291            FlatMap
[0, 759]             39           0.101            Arrange: Threshold
[0, 760]             4            0.116            Threshold
[0, 761]             3            0.009            AsCollection
[0, 762]             3            0.015            FlatMap
[0, 763]             3            0.129            FlatMap
[0, 764]             6            0.253            ArrangeBySelf
[0, 765]             3            0.121            FlatMap
[0, 766]             6            0.055            ArrangeByKey
[0, 767]             3            0.075            FlatMap
[0, 768]             6            0.056            ArrangeByKey
[0, 769]             1287         45.311           Iterative
[0, 769, 1]          3            0.011            FlatMap
[0, 769, 2]          3            0.030            Enter
[0, 769, 3]          3            0.007            FlatMap
[0, 769, 4]          3            0.005            FlatMap
[0, 769, 5]          23           0.033            Feedback
[0, 769, 6]          23           1.082            FlatMap
[0, 769, 7]          62           1.591            ArrangeByKey
[0, 769, 8]          30           0.941            Join
[0, 769, 9]          68           1.329            ArrangeByKey
[0, 769, 10]         23           0.247            AsCollection
[0, 769, 11]         23           1.178            FlatMap
[0, 769, 12]         47           1.364            Arrange: Threshold
[0, 769, 13]         33           3.478            Threshold
[0, 769, 14]         23           0.199            AsCollection
[0, 769, 15]         37           1.197            Join
[0, 769, 16]         11           0.250            FlatMap
[0, 769, 17]         38           0.150            Arrange: Threshold
[0, 769, 18]         25           0.253            Threshold
[0, 769, 19]         13           0.022            AsCollection
[0, 769, 20]         13           0.023            FlatMap
[0, 769, 21]         25           0.033            Concatenate
[0, 769, 22]         25           0.123            FlatMap
[0, 769, 23]         25           1.050            FlatMap
[0, 769, 24]         60           1.359            Arrange: Threshold
[0, 769, 25]         29           3.333            Threshold
[0, 769, 26]         21           0.139            AsCollection
[0, 769, 27]         30           0.759            Join
[0, 769, 28]         28           0.144            ArrangeByKey
[0, 769, 29]         9            0.015            AsCollection
[0, 769, 30]         9            0.144            FlatMap
[0, 769, 31]         33           0.125            Arrange: Threshold
[0, 769, 32]         22           0.144            Threshold
[0, 769, 33]         9            0.011            AsCollection
[0, 769, 34]         23           0.143            Join
[0, 769, 35]         7            0.132            FlatMap
[0, 769, 36]         25           0.100            Arrange: Threshold
[0, 769, 37]         16           0.102            Threshold
[0, 769, 38]         3            0.004            AsCollection
[0, 769, 39]         3            0.005            FlatMap
[0, 769, 40]         9            0.014            Concatenate
[0, 769, 41]         9            0.013            FlatMap
[0, 769, 42]         9            0.168            FlatMap
[0, 769, 43]         28           0.123            Arrange: Threshold
[0, 769, 44]         21           0.130            Threshold
[0, 769, 45]         9            0.012            AsCollection
[0, 769, 46]         24           0.030            Concatenate
[0, 769, 47]         26           0.029            Concatenate
[0, 769, 48]         26           0.549            FlatMap
[0, 769, 49]         76           0.825            Arrange: Threshold
[0, 769, 50]         29           4.979            Threshold
[0, 769, 51]         23           0.232            AsCollection
[0, 769, 52]         23           0.038            ResultsIn
[0, 770]             32           0.103            Leave
[0, 771]             3            0.006            FlatMap
[0, 772]             3            0.023            FlatMap
[0, 773]             8            0.021            ArrangeBySelf
[0, 774]             3            0.053            FlatMap
[0, 775]             5            0.026            ArrangeByKey
[0, 776]             7            0.068            Join
[0, 777]             6            0.020            ArrangeByKey
[0, 778]             3            0.095            FlatMap
[0, 779]             5            0.039            ArrangeByKey
[0, 780]             7            0.076            Join
[0, 781]             6            0.016            ArrangeByKey
[0, 782]             196          5.794            Iterative
[0, 782, 1]          3            0.013            FlatMap
[0, 782, 2]          3            0.007            FlatMap
[0, 782, 3]          3            0.022            Enter
[0, 782, 4]          3            0.005            FlatMap
[0, 782, 5]          5            0.009            Feedback
[0, 782, 6]          5            0.166            FlatMap
[0, 782, 7]          16           0.176            ArrangeByKey
[0, 782, 8]          13           0.309            Join
[0, 782, 9]          18           0.187            ArrangeByKey
[0, 782, 10]         12           0.274            Join
[0, 782, 11]         17           0.176            ArrangeByKey
[0, 782, 12]         12           0.121            Join
[0, 782, 13]         12           0.030            ArrangeByKey
[0, 782, 14]         9            0.048            Join
[0, 782, 15]         5            0.009            Concatenate
[0, 782, 16]         5            0.098            FlatMap
[0, 782, 17]         15           0.177            Arrange: Threshold
[0, 782, 18]         8            0.552            Threshold
[0, 782, 19]         5            0.060            AsCollection
[0, 782, 20]         5            0.009            ResultsIn
[0, 783]             7            0.052            Leave
[0, 784]             5            0.029            FlatMap
[0, 785]             5            0.023            FlatMap
[0, 786]             5            0.130            FlatMap
[0, 787]             8            0.219            Arrange: Threshold
[0, 788]             4            0.551            Threshold
[0, 789]             3            0.042            AsCollection
[0, 790]             5            0.069            FlatMap
[0, 791]             8            0.062            Arrange: Threshold
[0, 792]             4            0.179            Threshold
[0, 793]             3            0.012            AsCollection
[0, 794]             3            0.098            FlatMap
[0, 795]             6            0.063            ArrangeByKey
[0, 796]             3            0.045            FlatMap
[0, 797]             5            0.037            ArrangeByKey
[0, 798]             3            0.112            FlatMap
[0, 799]             7            0.110            ArrangeByKey
[0, 800]             3            0.386            FlatMap
[0, 801]             6            0.242            ArrangeByKey
[0, 802]             3            0.050            FlatMap
[0, 803]             5            0.023            ArrangeByKey
[0, 804]             3            0.021            FlatMap
[0, 805]             3            0.045            FlatMap
[0, 806]             4            0.131            ArrangeBySelf
[0, 807]             3            0.094            FlatMap
[0, 808]             7            0.119            ArrangeByKey
[0, 809]             3            0.814            FlatMap
[0, 810]             6            2.766            ArrangeByKey
[0, 811]             3            0.234            FlatMap
[0, 812]             7            0.986            ArrangeByKey
[0, 813]             3            0.174            FlatMap
[0, 814]             5            0.477            ArrangeByKey
[0, 815]             3            0.636            FlatMap
[0, 816]             7            3.241            ArrangeByKey
[0, 817]             3            0.103            FlatMap
[0, 818]             6            0.195            ArrangeByKey
[0, 819]             3            0.293            FlatMap
[0, 820]             6            0.665            ArrangeByKey
[0, 821]             3            0.093            FlatMap
[0, 822]             18           0.208            ArrangeByKey
[0, 823]             3            0.254            FlatMap
[0, 824]             6            0.557            ArrangeByKey
[0, 825]             3            0.169            FlatMap
[0, 826]             6            0.460            ArrangeByKey
[0, 827]             3            0.155            FlatMap
[0, 828]             6            0.450            ArrangeByKey
[0, 829]             23           1.067            FlatMap
[0, 830]             57           1.746            ArrangeByKey
[0, 831]             3            0.354            FlatMap
[0, 832]             6            0.325            ArrangeByKey
[0, 833]             3            0.131            FlatMap
[0, 834]             8            0.818            ArrangeByKey
[0, 835]             3            0.096            FlatMap
[0, 836]             6            0.165            ArrangeByKey
[0, 837]             3            0.179            FlatMap
[0, 838]             5            0.135            ArrangeByKey
[0, 839]             3            0.130            FlatMap
[0, 840]             9            0.256            ArrangeByKey
[0, 841]             3            0.028            FlatMap
[0, 842]             3            0.095            FlatMap
[0, 843]             21           0.167            ArrangeBySelf
[0, 844]             3            0.146            FlatMap
[0, 845]             9            0.153            ArrangeByKey
[0, 846]             3            0.172            FlatMap
[0, 847]             11           0.454            ArrangeByKey
[0, 848]             3            0.111            FlatMap
[0, 849]             7            0.131            ArrangeByKey
[0, 850]             3            0.132            FlatMap
[0, 851]             7            0.260            ArrangeByKey
[0, 852]             3            0.062            FlatMap
[0, 853]             9            0.055            ArrangeByKey
[0, 854]             3            0.100            FlatMap
[0, 855]             6            0.130            ArrangeByKey
[0, 856]             3            0.127            FlatMap
[0, 857]             6            0.146            ArrangeByKey
[0, 858]             3            0.095            FlatMap
[0, 859]             7            0.138            ArrangeByKey
[0, 860]             3            0.068            FlatMap
[0, 861]             8            0.097            ArrangeByKey
[0, 862]             3            0.067            FlatMap
[0, 863]             7            0.062            ArrangeByKey
[0, 864]             3            0.138            FlatMap
[0, 865]             7            0.338            ArrangeByKey
[0, 866]             3            0.094            FlatMap
[0, 867]             8            0.134            ArrangeByKey
[0, 868]             3            0.009            FlatMap
[0, 869]             3            0.037            FlatMap
[0, 870]             5            0.041            ArrangeBySelf
[0, 871]             3            0.209            FlatMap
[0, 872]             6            0.673            ArrangeByKey
[0, 873]             7            0.146            Join
[0, 874]             8            0.050            ArrangeByKey
[0, 875]             3            0.127            FlatMap
[0, 876]             6            0.208            ArrangeByKey
[0, 877]             244814       7557.775         Iterative
[0, 877, 1]          3            0.006            FlatMap
[0, 877, 2]          3            0.004            FlatMap
[0, 877, 3]          3            0.007            FlatMap
[0, 877, 4]          3            0.006            FlatMap
[0, 877, 5]          3            0.009            FlatMap
[0, 877, 6]          1            0.001            Enter
[0, 877, 7]          3            0.005            FlatMap
[0, 877, 8]          3            0.005            FlatMap
[0, 877, 9]          3            0.006            FlatMap
[0, 877, 10]         3            0.007            FlatMap
[0, 877, 11]         3            0.007            FlatMap
[0, 877, 12]         3            0.005            FlatMap
[0, 877, 13]         3            0.007            FlatMap
[0, 877, 14]         3            0.005            FlatMap
[0, 877, 15]         3            0.005            FlatMap
[0, 877, 16]         3            0.004            FlatMap
[0, 877, 17]         3            0.006            FlatMap
[0, 877, 18]         3            0.006            FlatMap
[0, 877, 19]         3            0.005            FlatMap
[0, 877, 20]         3            0.007            FlatMap
[0, 877, 21]         3            0.005            FlatMap
[0, 877, 22]         3            0.004            FlatMap
[0, 877, 23]         3            0.007            FlatMap
[0, 877, 24]         3            0.006            FlatMap
[0, 877, 25]         3            0.006            FlatMap
[0, 877, 26]         3            0.006            FlatMap
[0, 877, 27]         3            0.007            FlatMap
[0, 877, 28]         1            0.001            Enter
[0, 877, 29]         3            0.005            FlatMap
[0, 877, 30]         3            0.005            FlatMap
[0, 877, 31]         3            0.007            FlatMap
[0, 877, 32]         3            0.004            FlatMap
[0, 877, 33]         3            0.005            FlatMap
[0, 877, 34]         3            0.005            FlatMap
[0, 877, 35]         3            0.005            FlatMap
[0, 877, 36]         3            0.006            FlatMap
[0, 877, 37]         3            0.004            FlatMap
[0, 877, 38]         3            0.007            FlatMap
[0, 877, 39]         3            0.007            FlatMap
[0, 877, 40]         3            0.004            FlatMap
[0, 877, 41]         3            0.005            FlatMap
[0, 877, 42]         221          0.402            Feedback
[0, 877, 43]         421          0.800            Feedback
[0, 877, 44]         219          0.324            Feedback
[0, 877, 45]         317          0.396            Feedback
[0, 877, 46]         331          0.398            Feedback
[0, 877, 47]         453          6.834            Feedback
[0, 877, 48]         351          0.426            Feedback
[0, 877, 49]         71           0.102            Feedback
[0, 877, 50]         71           0.128            FlatMap
[0, 877, 51]         71           0.910            FlatMap
[0, 877, 52]         988          1.380            ArrangeBySelf
[0, 877, 53]         320          1.504            Join
[0, 877, 54]         320          1.070            Join
[0, 877, 55]         221          0.396            FlatMap
[0, 877, 56]         221          5.189            FlatMap
[0, 877, 57]         957          2.240            ArrangeBySelf
[0, 877, 58]         456          2.928            Join
[0, 877, 59]         532          1.420            ArrangeByKey
[0, 877, 60]         453          38.416           FlatMap
[0, 877, 61]         3232         91.743           ArrangeByKey
[0, 877, 62]         932          5.569            Join
[0, 877, 63]         532          1.592            ArrangeByKey
[0, 877, 64]         980          18.725           Join
[0, 877, 65]         1095         8.583            ArrangeByKey
[0, 877, 66]         544          16.030           Join
[0, 877, 67]         1133         11.627           ArrangeByKey
[0, 877, 68]         600          17.697           Join
[0, 877, 69]         1178         1.616            ArrangeByKey
[0, 877, 70]         264          1.956            Join
[0, 877, 71]         1102         2.995            ArrangeByKey
[0, 877, 72]         571          5.429            Join
[0, 877, 73]         456          2.707            Join
[0, 877, 74]         589          1.283            ArrangeByKey
[0, 877, 75]         940          4.890            Join
[0, 877, 76]         545          1.445            ArrangeByKey
[0, 877, 77]         351          9.316            FlatMap
[0, 877, 78]         1644         4.534            ArrangeByKey
[0, 877, 79]         864          11.029           Join
[0, 877, 80]         1646         29.780           ArrangeByKey
[0, 877, 81]         585          64.762           Join
[0, 877, 82]         1447         3.892            ArrangeByKey
[0, 877, 83]         487          8.710            Join
[0, 877, 84]         1428         1.384            ArrangeByKey
[0, 877, 85]         272          1.866            Join
[0, 877, 86]         793          1.576            ArrangeByKey
[0, 877, 87]         339          2.688            Join
[0, 877, 88]         456          6.422            Join
[0, 877, 89]         1303         2.378            ArrangeByKey
[0, 877, 90]         1035         16.286           Join
[0, 877, 91]         456          4.497            Join
[0, 877, 92]         990          1.738            ArrangeByKey
[0, 877, 93]         975          17.528           Join
[0, 877, 94]         823          5.511            ArrangeByKey
[0, 877, 95]         421          24.767           FlatMap
[0, 877, 96]         2647         46.482           ArrangeByKey
[0, 877, 97]         1226         87.972           Join
[0, 877, 98]         456          2.606            Join
[0, 877, 99]         221          6.549            FlatMap
[0, 877, 100]        1431         4.075            ArrangeBySelf
[0, 877, 101]        569          6.132            Join
[0, 877, 102]        961          1.675            ArrangeByKey
[0, 877, 103]        569          8.625            Join
[0, 877, 104]        1115         1.582            ArrangeByKey
[0, 877, 105]        1060         9.892            Join
[0, 877, 106]        781          2.520            ArrangeByKey
[0, 877, 107]        1020         13.832           Join
[0, 877, 108]        986          2.479            ArrangeByKey
[0, 877, 109]        543          3.930            Join
[0, 877, 110]        569          9.253            Join
[0, 877, 111]        1139         1.919            ArrangeByKey
[0, 877, 112]        569          8.391            Join
[0, 877, 113]        1075         1.363            ArrangeByKey
[0, 877, 114]        569          7.618            Join
[0, 877, 115]        1087         1.308            ArrangeByKey
[0, 877, 116]        1090         35.342           Join
[0, 877, 117]        1007         26.849           ArrangeByKey
[0, 877, 118]        591          30.722           Join
[0, 877, 119]        1307         12.856           ArrangeByKey
[0, 877, 120]        1175         19.886           Join
[0, 877, 121]        1605         3.213            ArrangeByKey
[0, 877, 122]        1177         23.097           Join
[0, 877, 123]        1504         7.662            ArrangeByKey
[0, 877, 124]        606          10.475           Join
[0, 877, 125]        317          9.068            FlatMap
[0, 877, 126]        1264         3.027            ArrangeByKey
[0, 877, 127]        550          8.601            Join
[0, 877, 128]        1523         2.840            ArrangeByKey
[0, 877, 129]        548          4.808            Join
[0, 877, 130]        331          8.948            FlatMap
[0, 877, 131]        1958         3.559            ArrangeByKey
[0, 877, 132]        1258         34.118           Join
[0, 877, 133]        456          2.807            Join
[0, 877, 134]        776          1.306            ArrangeByKey
[0, 877, 135]        345          5.353            Join
[0, 877, 136]        679          1.996            ArrangeByKey
[0, 877, 137]        475          10.831           Join
[0, 877, 138]        2177         27.569           ArrangeByKey
[0, 877, 139]        453          6.294            FlatMap
[0, 877, 140]        453          19.001           FlatMap
[0, 877, 141]        2606         39.521           ArrangeBySelf
[0, 877, 142]        1206         422.473          Join
[0, 877, 143]        591          66.361           Join
[0, 877, 144]        1685         30.065           ArrangeByKey
[0, 877, 145]        1177         49.593           Join
[0, 877, 146]        2356         15.321           ArrangeByKey
[0, 877, 147]        1179         68.153           Join
[0, 877, 148]        2333         8.017            ArrangeByKey
[0, 877, 149]        610          19.491           Join
[0, 877, 150]        1643         9.953            ArrangeByKey
[0, 877, 151]        584          22.082           Join
[0, 877, 152]        453          7.624            FlatMap
[0, 877, 153]        453          35.858           FlatMap
[0, 877, 154]        3914         27.686           ArrangeBySelf
[0, 877, 155]        569          9.816            Join
[0, 877, 156]        1640         2.438            ArrangeByKey
[0, 877, 157]        1047         8.897            Join
[0, 877, 158]        289          4.131            FlatMap
[0, 877, 159]        1616         2.715            ArrangeBySelf
[0, 877, 160]        510          7.926            Join
[0, 877, 161]        1347         2.446            ArrangeByKey
[0, 877, 162]        877          4.204            Join
[0, 877, 163]        550          9.793            Join
[0, 877, 164]        1853         2.616            ArrangeByKey
[0, 877, 165]        537          3.912            Join
[0, 877, 166]        456          3.275            Join
[0, 877, 167]        909          1.536            ArrangeByKey
[0, 877, 168]        1005         11.939           Join
[0, 877, 169]        1314         4.000            ArrangeByKey
[0, 877, 170]        1189         11.674           Join
[0, 877, 171]        1177         11.688           Join
[0, 877, 172]        425          15.671           FlatMap
[0, 877, 173]        2535         6.930            ArrangeBySelf
[0, 877, 174]        610          5.721            Join
[0, 877, 175]        456          1.642            Join
[0, 877, 176]        123          2.252            FlatMap
[0, 877, 177]        1001         1.639            ArrangeBySelf
[0, 877, 178]        428          2.186            Join
[0, 877, 179]        320          1.447            Join
[0, 877, 180]        456          1.528            Join
[0, 877, 181]        53           1.126            FlatMap
[0, 877, 182]        680          1.105            ArrangeBySelf
[0, 877, 183]        332          1.574            Join
[0, 877, 184]        456          2.524            Join
[0, 877, 185]        690          1.178            ArrangeByKey
[0, 877, 186]        219          4.554            FlatMap
[0, 877, 187]        1597         1.429            ArrangeByKey
[0, 877, 188]        630          3.347            Join
[0, 877, 189]        877          4.820            Join
[0, 877, 190]        456          1.636            Join
[0, 877, 191]        484          0.991            ArrangeByKey
[0, 877, 192]        936          95.414           Join
[0, 877, 193]        456          1.331            Join
[0, 877, 194]        15           0.256            FlatMap
[0, 877, 195]        490          1.017            ArrangeBySelf
[0, 877, 196]        317          1.361            Join
[0, 877, 197]        221          0.398            FlatMap
[0, 877, 198]        221          4.428            FlatMap
[0, 877, 199]        1001         1.260            ArrangeBySelf
[0, 877, 200]        456          2.209            Join
[0, 877, 201]        456          1.488            Join
[0, 877, 202]        456          1.127            Join
[0, 877, 203]        456          8.298            Join
[0, 877, 204]        1595         3.894            ArrangeByKey
[0, 877, 205]        566          4.814            Join
[0, 877, 206]        139          1.926            FlatMap
[0, 877, 207]        1085         1.495            ArrangeBySelf
[0, 877, 208]        390          2.086            Join
[0, 877, 209]        139          2.024            FlatMap
[0, 877, 210]        1097         1.420            ArrangeBySelf
[0, 877, 211]        355          1.902            Join
[0, 877, 212]        376          0.546            Concatenate
[0, 877, 213]        690          0.678            Concatenate
[0, 877, 214]        780          0.645            Concatenate
[0, 877, 215]        780          0.579            Concatenate
[0, 877, 216]        780          20.559           FlatMap
[0, 877, 217]        3600         5.943            Arrange: Threshold
[0, 877, 218]        586          6.638            Threshold
[0, 877, 219]        363          0.531            AsCollection
[0, 877, 220]        406          0.542            Concatenate
[0, 877, 221]        406          9.140            FlatMap
[0, 877, 222]        2681         4.115            Arrange: Threshold
[0, 877, 223]        572          6.990            Threshold
[0, 877, 224]        331          0.736            AsCollection
[0, 877, 225]        49           0.562            FlatMap
[0, 877, 226]        1306         1.971            Arrange: Threshold
[0, 877, 227]        463          3.855            Threshold
[0, 877, 228]        219          0.438            AsCollection
[0, 877, 229]        679          0.721            Concatenate
[0, 877, 230]        769          0.580            Concatenate
[0, 877, 231]        769          23.007           FlatMap
[0, 877, 232]        3626         10.925           Arrange: Threshold
[0, 877, 233]        658          18.695           Threshold
[0, 877, 234]        437          0.729            AsCollection
[0, 877, 235]        487          19.594           FlatMap
[0, 877, 236]        3951         42.876           Arrange: Threshold
[0, 877, 237]        660          300.168          Threshold
[0, 877, 238]        421          8.332            AsCollection
[0, 877, 239]        233          0.343            Concatenate
[0, 877, 240]        237          0.267            Concatenate
[0, 877, 241]        286          0.342            Concatenate
[0, 877, 242]        308          0.338            Concatenate
[0, 877, 243]        418          0.436            Concatenate
[0, 877, 244]        418          0.364            Concatenate
[0, 877, 245]        418          6.516            FlatMap
[0, 877, 246]        3289         2.185            Arrange: Threshold
[0, 877, 247]        436          2.809            Threshold
[0, 877, 248]        193          0.328            AsCollection
[0, 877, 249]        309          8.386            FlatMap
[0, 877, 250]        1549         4.231            Arrange: Threshold
[0, 877, 251]        607          12.706           Threshold
[0, 877, 252]        381          0.728            AsCollection
[0, 877, 253]        557          0.732            Concatenate
[0, 877, 254]        1232         1.427            Concatenate
[0, 877, 255]        1493         1.396            Concatenate
[0, 877, 256]        1661         1.670            Concatenate
[0, 877, 257]        1899         1.643            Concatenate
[0, 877, 258]        2234         1.701            Concatenate
[0, 877, 259]        2278         1.638            Concatenate
[0, 877, 260]        2373         1.658            Concatenate
[0, 877, 261]        2373         129.124          FlatMap
[0, 877, 262]        15635        280.719          Arrange: Threshold
[0, 877, 263]        676          1382.225         Threshold
[0, 877, 264]        463          13.310           AsCollection
[0, 877, 265]        221          0.258            ResultsIn
[0, 877, 266]        421          2.374            ResultsIn
[0, 877, 267]        351          0.335            ResultsIn
[0, 877, 268]        71           0.098            ResultsIn
[0, 877, 269]        219          0.246            ResultsIn
[0, 877, 270]        453          1.881            ResultsIn
[0, 877, 271]        317          0.323            ResultsIn
[0, 877, 272]        331          0.368            ResultsIn
[0, 878]             565          0.463            Leave
[0, 879]             1417         1.701            Leave
[0, 880]             925          0.819            Leave
[0, 881]             677          0.536            Leave
[0, 882]             1173         0.654            Leave
[0, 883]             1851         2.927            Leave
[0, 884]             925          0.575            Leave
[0, 885]             553          0.319            Leave
[0, 886]             23           0.495            FlatMap
[0, 887]             50           1.135            Arrange: Threshold
[0, 888]             4            2.209            Threshold
[0, 889]             3            0.128            AsCollection
[0, 890]             3            0.052            FlatMap
[0, 891]             3            0.056            FlatMap
[0, 892]             3            0.091            FlatMap
[0, 893]             5            0.006            Consolidate
[0, 894]             1            0.001            AsCollection
[0, 895]             2            0.003            InspectBatch
[0, 896]             2            0.002            Probe
[0, 897]             3            0.056            FlatMap
[0, 898]             4            0.102            Arrange: Threshold
[0, 899]             4            0.414            Threshold
[0, 900]             3            0.029            AsCollection
[0, 901]             3            0.015            FlatMap
[0, 902]             3            0.023            FlatMap
[0, 903]             3            0.033            FlatMap
[0, 904]             5            0.008            Consolidate
[0, 905]             1            0.001            AsCollection
[0, 906]             2            0.004            InspectBatch
[0, 907]             2            0.002            Probe
[0, 908]             3            0.023            FlatMap
[0, 909]             18           0.027            Arrange: Threshold
[0, 910]             4            0.055            Threshold
[0, 911]             3            0.010            AsCollection
[0, 912]             3            0.004            FlatMap
[0, 913]             3            0.005            FlatMap
[0, 914]             3            0.032            FlatMap
[0, 915]             14           0.013            Consolidate
[0, 916]             1            0.001            AsCollection
[0, 917]             2            0.003            InspectBatch
[0, 918]             2            0.005            Probe
[0, 919]             17           0.214            FlatMap
[0, 920]             46           0.059            Arrange: Threshold
[0, 921]             4            0.103            Threshold
[0, 922]             3            0.008            AsCollection
[0, 923]             3            0.008            FlatMap
[0, 924]             3            0.004            FlatMap
[0, 925]             3            0.022            FlatMap
[0, 926]             6            0.008            Consolidate
[0, 927]             1            0.000            AsCollection
[0, 928]             2            0.002            InspectBatch
[0, 929]             2            0.002            Probe
[0, 930]             3            0.029            FlatMap
[0, 931]             6            0.027            Arrange: Threshold
[0, 932]             4            0.095            Threshold
[0, 933]             3            0.008            AsCollection
[0, 934]             3            0.006            FlatMap
[0, 935]             3            0.010            FlatMap
[0, 936]             3            0.027            FlatMap
[0, 937]             4            0.005            Consolidate
[0, 938]             1            0.001            AsCollection
[0, 939]             2            0.003            InspectBatch
[0, 940]             2            0.001            Probe
[0, 941]             19           0.294            FlatMap
[0, 942]             57           0.062            Arrange: Threshold
[0, 943]             4            0.102            Threshold
[0, 944]             3            0.008            AsCollection
[0, 945]             3            0.005            FlatMap
[0, 946]             3            0.005            FlatMap
[0, 947]             3            0.047            FlatMap
[0, 948]             6            0.008            Consolidate
[0, 949]             1            0.001            AsCollection
[0, 950]             2            0.002            InspectBatch
[0, 951]             2            0.001            Probe
[0, 952]             5            0.101            FlatMap
[0, 953]             10           0.145            Arrange: Threshold
[0, 954]             4            0.501            Threshold
[0, 955]             3            0.029            AsCollection
[0, 956]             3            0.015            FlatMap
[0, 957]             3            0.013            FlatMap
[0, 958]             3            0.043            FlatMap
[0, 959]             4            0.006            Consolidate
[0, 960]             1            0.001            AsCollection
[0, 961]             2            0.003            InspectBatch
[0, 962]             2            0.002            Probe
[0, 963]             3            0.060            FlatMap
[0, 964]             4            0.141            Arrange: Threshold
[0, 965]             4            0.487            Threshold
[0, 966]             3            0.032            AsCollection
[0, 967]             3            0.020            FlatMap
[0, 968]             3            0.014            FlatMap
[0, 969]             3            0.036            FlatMap
[0, 970]             5            0.006            Consolidate
[0, 971]             1            0.000            AsCollection
[0, 972]             2            0.003            InspectBatch
[0, 973]             2            0.001            Probe
[0, 974]             3            0.040            FlatMap
[0, 975]             4            0.038            Arrange: Threshold
[0, 976]             4            0.189            Threshold
[0, 977]             3            0.016            AsCollection
[0, 978]             3            0.006            FlatMap
[0, 979]             3            0.006            FlatMap
[0, 980]             3            0.041            FlatMap
[0, 981]             6            0.004            Consolidate
[0, 982]             1            0.001            AsCollection
[0, 983]             2            0.002            InspectBatch
[0, 984]             2            0.001            Probe
[0, 985]             1            0.001            FlatMap
[0, 986]             3            0.005            Arrange: Threshold
[0, 987]             2            0.006            Threshold
[0, 988]             1            0.001            AsCollection
[0, 989]             1            0.000            FlatMap
[0, 990]             1            0.001            FlatMap
[0, 991]             1            0.000            FlatMap
[0, 992]             3            0.005            Consolidate
[0, 993]             1            0.000            AsCollection
[0, 994]             2            0.003            InspectBatch
[0, 995]             2            0.001            Probe
[0, 996]             3            0.024            FlatMap
[0, 997]             5            0.017            Arrange: Threshold
[0, 998]             4            0.032            Threshold
[0, 999]             3            0.005            AsCollection
[0, 1000]            3            0.004            FlatMap
[0, 1001]            3            0.004            FlatMap
[0, 1002]            3            0.025            FlatMap
[0, 1003]            5            0.009            Consolidate
[0, 1004]            1            0.001            AsCollection
[0, 1005]            2            0.002            InspectBatch
[0, 1006]            2            0.001            Probe
[0, 1007]            71           1.014            FlatMap
[0, 1008]            847          0.527            Arrange: Threshold
[0, 1009]            4            0.043            Threshold
[0, 1010]            3            0.005            AsCollection
[0, 1011]            3            0.005            FlatMap
[0, 1012]            3            0.005            FlatMap
[0, 1013]            3            0.030            FlatMap
[0, 1014]            4            0.015            Consolidate
[0, 1015]            1            0.001            AsCollection
[0, 1016]            2            0.002            InspectBatch
[0, 1017]            2            0.001            Probe
[0, 1018]            331          6.116            FlatMap
[0, 1019]            1650         1.172            Arrange: Threshold
[0, 1020]            4            0.356            Threshold
[0, 1021]            3            0.027            AsCollection
[0, 1022]            3            0.013            FlatMap
[0, 1023]            3            0.012            FlatMap
[0, 1024]            3            0.029            FlatMap
[0, 1025]            4            0.006            Consolidate
[0, 1026]            1            0.001            AsCollection
[0, 1027]            2            0.002            InspectBatch
[0, 1028]            2            0.001            Probe
[0, 1029]            453          18.985           FlatMap
[0, 1030]            2873         112.095          Arrange: Threshold
[0, 1031]            4            121.171          Threshold
[0, 1032]            3            8.140            AsCollection
[0, 1033]            3            13.234           FlatMap
[0, 1034]            3            3.001            FlatMap
[0, 1035]            3            5.404            FlatMap
[0, 1036]            4            0.012            Consolidate
[0, 1037]            1            0.001            AsCollection
[0, 1038]            2            0.009            InspectBatch
[0, 1039]            2            0.008            Probe
[0, 1040]            421          12.746           FlatMap
[0, 1041]            2331         42.048           Arrange: Threshold
[0, 1042]            4            46.322           Threshold
[0, 1043]            3            4.811            AsCollection
[0, 1044]            3            1.738            FlatMap
[0, 1045]            3            1.017            FlatMap
[0, 1046]            3            1.615            FlatMap
[0, 1047]            33           0.009            Consolidate
[0, 1048]            1            0.000            AsCollection
[0, 1049]            2            0.002            InspectBatch
[0, 1050]            2            0.000            Probe
[0, 1051]            219          4.138            FlatMap
[0, 1052]            1478         0.796            Arrange: Threshold
[0, 1053]            4            0.174            Threshold
[0, 1054]            3            0.016            AsCollection
[0, 1055]            3            0.007            FlatMap
[0, 1056]            3            0.008            FlatMap
[0, 1057]            3            0.024            FlatMap
[0, 1058]            34           0.016            Consolidate
[0, 1059]            1            0.001            AsCollection
[0, 1060]            2            0.002            InspectBatch
[0, 1061]            2            0.001            Probe
[0, 1062]            317          6.844            FlatMap
[0, 1063]            1224         0.913            Arrange: Threshold
[0, 1064]            4            0.238            Threshold
[0, 1065]            3            0.018            AsCollection
[0, 1066]            3            0.010            FlatMap
[0, 1067]            3            0.008            FlatMap
[0, 1068]            3            0.027            FlatMap
[0, 1069]            34           0.008            Consolidate
[0, 1070]            1            0.000            AsCollection
[0, 1071]            2            0.002            InspectBatch
[0, 1072]            2            0.002            Probe
[0, 1073]            351          7.495            FlatMap
[0, 1074]            1470         1.353            Arrange: Threshold
[0, 1075]            4            0.797            Threshold
[0, 1076]            3            0.054            AsCollection
[0, 1077]            3            0.030            FlatMap
[0, 1078]            3            0.026            FlatMap
[0, 1079]            3            0.045            FlatMap
[0, 1080]            37           0.008            Consolidate
[0, 1081]            1            0.001            AsCollection
[0, 1082]            2            0.002            InspectBatch
[0, 1083]            2            0.001            Probe
[0, 1084]            221          4.392            FlatMap
[0, 1085]            1027         0.726            Arrange: Threshold
[0, 1086]            4            0.060            Threshold
[0, 1087]            3            0.006            AsCollection
[0, 1088]            3            0.005            FlatMap
[0, 1089]            3            0.006            FlatMap
[0, 1090]            3            0.016            FlatMap
[0, 1091]            37           0.007            Consolidate
[0, 1092]            1            0.000            AsCollection
[0, 1093]            2            0.007            InspectBatch
[0, 1094]            2            0.000            Probe
