addr                 activations  total_active_ms  name
[0]                  221843       8923.943         Dataflow
[0, 1]               1            0.000            Input
[0, 2]               2            0.403            FlatMap
[0, 3]               7            0.069            Arrange: Threshold
[0, 4]               4            0.067            Threshold
[0, 5]               3            0.009            AsCollection
[0, 6]               1            0.000            Input
[0, 7]               2            0.283            FlatMap
[0, 8]               7            0.044            Arrange: Threshold
[0, 9]               4            0.035            Threshold
[0, 10]              3            0.009            AsCollection
[0, 11]              1            0.000            Input
[0, 12]              1            0.001            FlatMap
[0, 13]              3            0.011            Arrange: Threshold
[0, 14]              2            0.010            Threshold
[0, 15]              1            0.001            AsCollection
[0, 16]              1            0.000            Input
[0, 17]              2            0.437            FlatMap
[0, 18]              7            0.378            Arrange: Threshold
[0, 19]              4            0.528            Threshold
[0, 20]              3            0.050            AsCollection
[0, 21]              1            0.000            Input
[0, 22]              2            0.098            FlatMap
[0, 23]              8            0.053            Arrange: Threshold
[0, 24]              4            0.017            Threshold
[0, 25]              3            0.006            AsCollection
[0, 26]              1            0.000            Input
[0, 27]              2            0.431            FlatMap
[0, 28]              7            0.336            Arrange: Threshold
[0, 29]              4            0.647            Threshold
[0, 30]              3            0.046            AsCollection
[0, 31]              1            0.000            Input
[0, 32]              2            0.482            FlatMap
[0, 33]              7            0.343            Arrange: Threshold
[0, 34]              4            0.550            Threshold
[0, 35]              3            0.045            AsCollection
[0, 36]              1            0.000            Input
[0, 37]              2            0.269            FlatMap
[0, 38]              9            0.237            Arrange: Threshold
[0, 39]              4            0.499            Threshold
[0, 40]              3            0.068            AsCollection
[0, 41]              1            0.000            Input
[0, 42]              2            1.080            FlatMap
[0, 43]              7            2.840            Arrange: Threshold
[0, 44]              4            5.509            Threshold
[0, 45]              3            0.323            AsCollection
[0, 46]              1            0.000            Input
[0, 47]              2            0.095            FlatMap
[0, 48]              8            0.223            Arrange: Threshold
[0, 49]              4            0.443            Threshold
[0, 50]              3            0.039            AsCollection
[0, 51]              1            0.000            Input
[0, 52]              2            0.277            FlatMap
[0, 53]              7            0.069            Arrange: Threshold
[0, 54]              4            0.056            Threshold
[0, 55]              3            0.008            AsCollection
[0, 56]              1            0.000            Input
[0, 57]              2            0.206            FlatMap
[0, 58]              7            0.065            Arrange: Threshold
[0, 59]              4            0.021            Threshold
[0, 60]              3            0.014            AsCollection
[0, 61]              1            0.000            Input
[0, 62]              2            0.079            FlatMap
[0, 63]              6            0.024            Arrange: Threshold
[0, 64]              4            0.023            Threshold
[0, 65]              3            0.006            AsCollection
[0, 66]              1            0.000            Input
[0, 67]              2            0.183            FlatMap
[0, 68]              6            0.046            Arrange: Threshold
[0, 69]              4            0.038            Threshold
[0, 70]              3            0.008            AsCollection
[0, 71]              1            0.000            Input
[0, 72]              2            0.378            FlatMap
[0, 73]              7            0.246            Arrange: Threshold
[0, 74]              4            0.544            Threshold
[0, 75]              3            0.032            AsCollection
[0, 76]              1            0.000            Input
[0, 77]              2            0.437            FlatMap
[0, 78]              7            0.121            Arrange: Threshold
[0, 79]              4            0.278            Threshold
[0, 80]              3            0.020            AsCollection
[0, 81]              1            0.000            Input
[0, 82]              2            0.421            FlatMap
[0, 83]              7            0.351            Arrange: Threshold
[0, 84]              4            0.628            Threshold
[0, 85]              3            0.080            AsCollection
[0, 86]              1            0.000            Input
[0, 87]              2            0.624            FlatMap
[0, 88]              6            1.074            Arrange: Threshold
[0, 89]              4            1.847            Threshold
[0, 90]              3            0.232            AsCollection
[0, 91]              1            0.000            Input
[0, 92]              2            0.238            FlatMap
[0, 93]              7            0.170            Arrange: Threshold
[0, 94]              4            0.265            Threshold
[0, 95]              3            0.033            AsCollection
[0, 96]              1            0.000            Input
[0, 97]              2            0.478            FlatMap
[0, 98]              7            0.348            Arrange: Threshold
[0, 99]              4            0.230            Threshold
[0, 100]             3            0.018            AsCollection
[0, 101]             1            0.000            Input
[0, 102]             2            0.331            FlatMap
[0, 103]             7            0.118            Arrange: Threshold
[0, 104]             4            0.230            Threshold
[0, 105]             3            0.026            AsCollection
[0, 106]             1            0.000            Input
[0, 107]             2            0.396            FlatMap
[0, 108]             7            0.242            Arrange: Threshold
[0, 109]             4            0.392            Threshold
[0, 110]             3            0.051            AsCollection
[0, 111]             1            0.000            Input
[0, 112]             2            0.478            FlatMap
[0, 113]             7            0.711            Arrange: Threshold
[0, 114]             4            1.036            Threshold
[0, 115]             3            0.165            AsCollection
[0, 116]             1            0.000            Input
[0, 117]             2            0.375            FlatMap
[0, 118]             7            0.336            Arrange: Threshold
[0, 119]             4            0.491            Threshold
[0, 120]             3            0.081            AsCollection
[0, 121]             1            0.000            Input
[0, 122]             2            0.316            FlatMap
[0, 123]             7            0.239            Arrange: Threshold
[0, 124]             4            0.436            Threshold
[0, 125]             3            0.060            AsCollection
[0, 126]             1            0.001            Input
[0, 127]             2            0.287            FlatMap
[0, 128]             7            0.164            Arrange: Threshold
[0, 129]             4            0.268            Threshold
[0, 130]             3            0.048            AsCollection
[0, 131]             1            0.000            Input
[0, 132]             2            0.415            FlatMap
[0, 133]             6            0.398            Arrange: Threshold
[0, 134]             4            0.711            Threshold
[0, 135]             3            0.111            AsCollection
[0, 136]             1            0.000            Input
[0, 137]             2            0.152            FlatMap
[0, 138]             7            0.077            Arrange: Threshold
[0, 139]             4            0.080            Threshold
[0, 140]             3            0.022            AsCollection
[0, 141]             1            0.000            Input
[0, 142]             2            0.324            FlatMap
[0, 143]             7            0.134            Arrange: Threshold
[0, 144]             4            0.162            Threshold
[0, 145]             3            0.019            AsCollection
[0, 146]             1            0.000            Input
[0, 147]             2            0.280            FlatMap
[0, 148]             6            0.185            Arrange: Threshold
[0, 149]             4            0.349            Threshold
[0, 150]             3            0.045            AsCollection
[0, 151]             1            0.000            Input
[0, 152]             2            0.276            FlatMap
[0, 153]             6            0.092            Arrange: Threshold
[0, 154]             4            0.132            Threshold
[0, 155]             3            0.020            AsCollection
[0, 156]             1            0.000            Input
[0, 157]             2            0.246            FlatMap
[0, 158]             6            0.188            Arrange: Threshold
[0, 159]             4            0.333            Threshold
[0, 160]             3            0.024            AsCollection
[0, 161]             3            0.008            FlatMap
[0, 162]             3            0.013            FlatMap
[0, 163]             3            0.029            FlatMap
[0, 164]             3            0.025            FlatMap
[0, 165]             3            0.011            FlatMap
[0, 166]             3            0.011            FlatMap
[0, 167]             3            0.010            FlatMap
[0, 168]             3            0.013            FlatMap
[0, 169]             3            0.017            FlatMap
[0, 170]             3            0.012            FlatMap
[0, 171]             3            0.009            FlatMap
[0, 172]             3            0.009            FlatMap
[0, 173]             3            0.008            FlatMap
[0, 174]             3            0.005            FlatMap
[0, 175]             3            0.005            FlatMap
[0, 176]             3            0.005            FlatMap
[0, 177]             3            0.037            FlatMap
[0, 178]             3            0.022            FlatMap
[0, 179]             3            0.022            FlatMap
[0, 180]             3            0.027            FlatMap
[0, 181]             3            0.010            FlatMap
[0, 182]             3            0.011            FlatMap
[0, 183]             3            0.010            FlatMap
[0, 184]             3            0.011            FlatMap
[0, 185]             3            0.019            FlatMap
[0, 186]             3            0.017            FlatMap
[0, 187]             3            0.029            FlatMap
[0, 188]             3            0.029            FlatMap
[0, 189]             3            0.039            FlatMap
[0, 190]             3            0.043            FlatMap
[0, 191]             3            0.015            FlatMap
[0, 192]             3            0.015            FlatMap
[0, 193]             3            0.014            FlatMap
[0, 194]             3            0.010            FlatMap
[0, 195]             3            0.010            FlatMap
[0, 196]             3            0.009            FlatMap
[0, 197]             3            0.010            FlatMap
[0, 198]             3            0.017            FlatMap
[0, 199]             3            0.010            FlatMap
[0, 200]             3            0.010            FlatMap
[0, 201]             3            0.011            FlatMap
[0, 202]             3            0.055            FlatMap
[0, 203]             3            0.061            FlatMap
[0, 204]             3            0.052            FlatMap
[0, 205]             3            0.020            FlatMap
[0, 206]             3            0.019            FlatMap
[0, 207]             3            0.020            FlatMap
[0, 208]             3            0.011            FlatMap
[0, 209]             3            0.025            FlatMap
[0, 210]             3            0.006            FlatMap
[0, 211]             3            0.006            FlatMap
[0, 212]             3            0.005            FlatMap
[0, 213]             3            0.009            FlatMap
[0, 214]             3            0.054            FlatMap
[0, 215]             4            0.135            Arrange: Threshold
[0, 216]             4            0.454            Threshold
[0, 217]             3            0.043            AsCollection
[0, 218]             4            0.007            Concatenate
[0, 219]             4            0.006            Concatenate
[0, 220]             4            0.006            Concatenate
[0, 221]             4            0.052            FlatMap
[0, 222]             12           0.036            Arrange: Threshold
[0, 223]             4            0.071            Threshold
[0, 224]             3            0.007            AsCollection
[0, 225]             3            0.091            FlatMap
[0, 226]             5            0.271            Arrange: Threshold
[0, 227]             4            0.544            Threshold
[0, 228]             3            0.032            AsCollection
[0, 229]             3            0.079            FlatMap
[0, 230]             5            0.122            Arrange: Threshold
[0, 231]             4            0.195            Threshold
[0, 232]             3            0.015            AsCollection
[0, 233]             3            0.018            FlatMap
[0, 234]             13           0.015            Arrange: Threshold
[0, 235]             4            0.022            Threshold
[0, 236]             3            0.004            AsCollection
[0, 237]             3            0.085            FlatMap
[0, 238]             5            0.124            Arrange: Threshold
[0, 239]             4            0.225            Threshold
[0, 240]             3            0.017            AsCollection
[0, 241]             3            0.020            FlatMap
[0, 242]             4            0.016            Arrange: Threshold
[0, 243]             4            0.058            Threshold
[0, 244]             3            0.008            AsCollection
[0, 245]             3            0.065            FlatMap
[0, 246]             5            0.073            Arrange: Threshold
[0, 247]             4            0.098            Threshold
[0, 248]             3            0.009            AsCollection
[0, 249]             3            0.077            FlatMap
[0, 250]             5            0.160            Arrange: Threshold
[0, 251]             4            0.297            Threshold
[0, 252]             3            0.019            AsCollection
[0, 253]             3            0.215            FlatMap
[0, 254]             5            0.884            Arrange: Threshold
[0, 255]             4            1.705            Threshold
[0, 256]             3            0.095            AsCollection
[0, 257]             3            0.023            FlatMap
[0, 258]             13           0.023            Arrange: Threshold
[0, 259]             4            0.082            Threshold
[0, 260]             3            0.063            AsCollection
[0, 261]             3            0.087            FlatMap
[0, 262]             5            0.131            Arrange: Threshold
[0, 263]             4            0.219            Threshold
[0, 264]             3            0.016            AsCollection
[0, 265]             3            0.010            Concatenate
[0, 266]             3            0.006            Concatenate
[0, 267]             3            0.211            FlatMap
[0, 268]             5            0.725            Arrange: Threshold
[0, 269]             4            1.358            Threshold
[0, 270]             3            0.099            AsCollection
[0, 271]             3            0.098            FlatMap
[0, 272]             5            0.122            Arrange: Threshold
[0, 273]             4            0.215            Threshold
[0, 274]             3            0.015            AsCollection
[0, 275]             3            0.042            FlatMap
[0, 276]             5            0.040            Arrange: Threshold
[0, 277]             4            0.040            Threshold
[0, 278]             3            0.006            AsCollection
[0, 279]             3            0.106            FlatMap
[0, 280]             5            0.132            Arrange: Threshold
[0, 281]             4            0.270            Threshold
[0, 282]             3            0.017            AsCollection
[0, 283]             3            0.160            FlatMap
[0, 284]             5            0.423            Arrange: Threshold
[0, 285]             4            0.836            Threshold
[0, 286]             3            0.060            AsCollection
[0, 287]             3            0.101            FlatMap
[0, 288]             5            0.124            Arrange: Threshold
[0, 289]             4            0.214            Threshold
[0, 290]             3            0.015            AsCollection
[0, 291]             3            0.005            Concatenate
[0, 292]             3            0.009            Concatenate
[0, 293]             3            0.006            Concatenate
[0, 294]             3            0.169            FlatMap
[0, 295]             5            0.510            Arrange: Threshold
[0, 296]             4            0.979            Threshold
[0, 297]             3            0.064            AsCollection
[0, 298]             3            0.105            FlatMap
[0, 299]             5            0.215            Arrange: Threshold
[0, 300]             4            0.428            Threshold
[0, 301]             3            0.048            AsCollection
[0, 302]             3            0.009            Concatenate
[0, 303]             3            0.024            Concatenate
[0, 304]             3            0.347            FlatMap
[0, 305]             5            1.238            Arrange: Threshold
[0, 306]             4            2.354            Threshold
[0, 307]             3            0.175            AsCollection
[0, 308]             3            0.132            FlatMap
[0, 309]             5            0.398            Arrange: Threshold
[0, 310]             4            0.559            Threshold
[0, 311]             3            0.041            AsCollection
[0, 312]             3            0.071            FlatMap
[0, 313]             5            0.096            Arrange: Threshold
[0, 314]             4            0.123            Threshold
[0, 315]             3            0.009            AsCollection
[0, 316]             3            0.034            FlatMap
[0, 317]             15           0.020            Arrange: Threshold
[0, 318]             4            0.017            Threshold
[0, 319]             3            0.006            AsCollection
[0, 320]             3            0.007            Concatenate
[0, 321]             3            0.006            Concatenate
[0, 322]             3            0.007            Concatenate
[0, 323]             3            0.009            Concatenate
[0, 324]             3            0.014            Concatenate
[0, 325]             3            0.007            Concatenate
[0, 326]             3            0.009            Concatenate
[0, 327]             3            0.014            Concatenate
[0, 328]             3            0.011            Concatenate
[0, 329]             3            0.010            Concatenate
[0, 330]             3            0.014            Concatenate
[0, 331]             3            0.017            Concatenate
[0, 332]             3            0.725            FlatMap
[0, 333]             5            2.987            Arrange: Threshold
[0, 334]             4            4.951            Threshold
[0, 335]             3            0.487            AsCollection
[0, 336]             3            0.131            FlatMap
[0, 337]             5            0.309            Arrange: Threshold
[0, 338]             4            0.613            Threshold
[0, 339]             3            0.043            AsCollection
[0, 340]             3            0.085            FlatMap
[0, 341]             5            0.121            Arrange: Threshold
[0, 342]             4            0.225            Threshold
[0, 343]             3            0.015            AsCollection
[0, 344]             3            0.054            FlatMap
[0, 345]             5            0.081            Arrange: Threshold
[0, 346]             4            0.071            Threshold
[0, 347]             3            0.007            AsCollection
[0, 348]             3            0.006            Concatenate
[0, 349]             4            0.007            Concatenate
[0, 350]             4            0.007            Concatenate
[0, 351]             4            0.006            Concatenate
[0, 352]             4            0.113            FlatMap
[0, 353]             16           0.089            Arrange: Threshold
[0, 354]             4            0.058            Threshold
[0, 355]             3            0.013            AsCollection
[0, 356]             3            0.130            FlatMap
[0, 357]             5            0.173            Arrange: Threshold
[0, 358]             4            0.289            Threshold
[0, 359]             3            0.018            AsCollection
[0, 360]             3            0.207            FlatMap
[0, 361]             5            0.213            Arrange: Threshold
[0, 362]             4            0.429            Threshold
[0, 363]             3            0.040            AsCollection
[0, 364]             3            0.135            FlatMap
[0, 365]             6            0.187            Arrange: Threshold
[0, 366]             4            0.336            Threshold
[0, 367]             3            0.021            AsCollection
[0, 368]             3            0.162            FlatMap
[0, 369]             6            0.387            Arrange: Threshold
[0, 370]             4            0.839            Threshold
[0, 371]             3            0.049            AsCollection
[0, 372]             3            0.177            FlatMap
[0, 373]             6            0.096            Arrange: Threshold
[0, 374]             4            0.164            Threshold
[0, 375]             3            0.012            AsCollection
[0, 376]             3            0.003            FlatMap
[0, 377]             1            0.001            FlatMap
[0, 378]             3            0.008            ArrangeBySelf
[0, 379]             3            0.003            FlatMap
[0, 380]             1            0.002            FlatMap
[0, 381]             3            0.006            ArrangeBySelf
[0, 382]             2            0.010            Join
[0, 383]             3            0.009            ArrangeByKey
[0, 384]             3            0.025            FlatMap
[0, 385]             5            0.011            ArrangeByKey
[0, 386]             3            0.017            Join
[0, 387]             3            0.004            FlatMap
[0, 388]             1            0.001            FlatMap
[0, 389]             3            0.006            ArrangeBySelf
[0, 390]             3            0.004            FlatMap
[0, 391]             1            0.001            FlatMap
[0, 392]             3            0.005            ArrangeBySelf
[0, 393]             2            0.008            Join
[0, 394]             3            0.007            ArrangeByKey
[0, 395]             3            0.009            Join
[0, 396]             3            0.004            FlatMap
[0, 397]             3            0.007            ArrangeByKey
[0, 398]             2            0.007            Join
[0, 399]             3            0.023            FlatMap
[0, 400]             6            0.009            ArrangeByKey
[0, 401]             2            0.007            Join
[0, 402]             3            0.004            FlatMap
[0, 403]             3            0.006            FlatMap
[0, 404]             3            0.011            FlatMap
[0, 405]             3            0.006            FlatMap
[0, 406]             3            0.011            FlatMap
[0, 407]             3            0.037            FlatMap
[0, 408]             4            0.008            ArrangeBySelf
[0, 409]             3            0.022            FlatMap
[0, 410]             3            0.057            FlatMap
[0, 411]             18           0.103            ArrangeBySelf
[0, 412]             3            0.012            FlatMap
[0, 413]             3            0.237            FlatMap
[0, 414]             5            0.015            ArrangeBySelf
[0, 415]             3            0.013            FlatMap
[0, 416]             3            0.039            FlatMap
[0, 417]             15           0.032            ArrangeBySelf
[0, 418]             3            0.108            FlatMap
[0, 419]             5            0.299            ArrangeByKey
[0, 420]             1            0.001            FlatMap
[0, 421]             1            0.001            FlatMap
[0, 422]             2            0.010            ArrangeBySelf
[0, 423]             5            0.027            Join
[0, 424]             3            0.007            ArrangeByKey
[0, 425]             3            0.014            Join
[0, 426]             3            0.008            ArrangeByKey
[0, 427]             5            0.024            Join
[0, 428]             1            0.001            FlatMap
[0, 429]             6            0.009            ArrangeBySelf
[0, 430]             5            0.021            Join
[0, 431]             1            0.001            FlatMap
[0, 432]             6            0.007            ArrangeBySelf
[0, 433]             5            0.024            Join
[0, 434]             1            0.001            FlatMap
[0, 435]             6            0.006            ArrangeBySelf
[0, 436]             3            0.013            Join
[0, 437]             2            0.005            ArrangeByKey
[0, 438]             3            0.010            Join
[0, 439]             1            0.001            FlatMap
[0, 440]             2            0.005            ArrangeBySelf
[0, 441]             3            0.011            Join
[0, 442]             1            0.001            FlatMap
[0, 443]             2            0.030            ArrangeBySelf
[0, 444]             3            0.010            Join
[0, 445]             2            0.008            ArrangeByKey
[0, 446]             2            0.006            Join
[0, 447]             1            0.001            FlatMap
[0, 448]             3            0.006            ArrangeBySelf
[0, 449]             3            0.010            Join
[0, 450]             3            0.012            FlatMap
[0, 451]             3            0.044            FlatMap
[0, 452]             18           0.041            ArrangeBySelf
[0, 453]             3            0.093            FlatMap
[0, 454]             5            0.232            ArrangeByKey
[0, 455]             3            0.166            FlatMap
[0, 456]             6            0.247            ArrangeByKey
[0, 457]             3            0.120            FlatMap
[0, 458]             5            0.210            ArrangeByKey
[0, 459]             3            0.064            AsCollection
[0, 460]             3            0.109            FlatMap
[0, 461]             5            0.194            Arrange: Threshold
[0, 462]             4            0.411            Threshold
[0, 463]             3            0.025            AsCollection
[0, 464]             6            0.044            Join
[0, 465]             3            0.073            FlatMap
[0, 466]             5            0.065            Arrange: Threshold
[0, 467]             4            0.045            Threshold
[0, 468]             3            0.007            AsCollection
[0, 469]             3            0.005            FlatMap
[0, 470]             3            0.005            Concatenate
[0, 471]             3            0.013            FlatMap
[0, 472]             3            0.049            FlatMap
[0, 473]             4            0.109            Arrange: Threshold
[0, 474]             4            0.371            Threshold
[0, 475]             3            0.112            AsCollection
[0, 476]             5            0.203            ArrangeByKey
[0, 477]             3            0.064            AsCollection
[0, 478]             3            0.103            FlatMap
[0, 479]             5            0.209            Arrange: Threshold
[0, 480]             4            0.411            Threshold
[0, 481]             3            0.025            AsCollection
[0, 482]             6            0.054            Join
[0, 483]             3            0.068            FlatMap
[0, 484]             7            0.075            Arrange: Threshold
[0, 485]             4            0.047            Threshold
[0, 486]             3            0.008            AsCollection
[0, 487]             3            0.005            FlatMap
[0, 488]             4            0.008            Concatenate
[0, 489]             4            0.014            FlatMap
[0, 490]             4            0.061            FlatMap
[0, 491]             7            0.101            Arrange: Threshold
[0, 492]             4            0.349            Threshold
[0, 493]             3            0.101            AsCollection
[0, 494]             5            0.254            ArrangeByKey
[0, 495]             3            0.059            AsCollection
[0, 496]             3            0.111            FlatMap
[0, 497]             5            0.203            Arrange: Threshold
[0, 498]             4            0.412            Threshold
[0, 499]             3            0.024            AsCollection
[0, 500]             6            0.051            Join
[0, 501]             3            0.059            FlatMap
[0, 502]             5            0.057            Arrange: Threshold
[0, 503]             4            0.046            Threshold
[0, 504]             3            0.005            AsCollection
[0, 505]             3            0.005            FlatMap
[0, 506]             3            0.004            Concatenate
[0, 507]             3            0.014            FlatMap
[0, 508]             3            0.045            FlatMap
[0, 509]             4            0.126            Arrange: Threshold
[0, 510]             4            0.380            Threshold
[0, 511]             3            0.118            AsCollection
[0, 512]             5            0.201            ArrangeByKey
[0, 513]             7            0.290            Join
[0, 514]             8            0.111            ArrangeByKey
[0, 515]             6            0.325            Join
[0, 516]             3            0.028            FlatMap
[0, 517]             3            0.082            FlatMap
[0, 518]             4            0.181            ArrangeBySelf
[0, 519]             3            0.206            FlatMap
[0, 520]             5            0.677            ArrangeByKey
[0, 521]             6            0.639            Join
[0, 522]             5            0.456            ArrangeByKey
[0, 523]             3            0.018            FlatMap
[0, 524]             3            0.085            FlatMap
[0, 525]             5            0.200            ArrangeBySelf
[0, 526]             3            0.210            FlatMap
[0, 527]             6            0.266            ArrangeByKey
[0, 528]             6            0.237            Join
[0, 529]             4            0.211            ArrangeByKey
[0, 530]             7            0.267            Join
[0, 531]             4            0.097            ArrangeByKey
[0, 532]             6            0.302            Join
[0, 533]             3            0.030            FlatMap
[0, 534]             3            0.249            FlatMap
[0, 535]             6            0.218            ArrangeBySelf
[0, 536]             3            0.105            FlatMap
[0, 537]             5            0.199            ArrangeByKey
[0, 538]             7            0.241            Join
[0, 539]             4            0.195            ArrangeByKey
[0, 540]             7            0.237            Join
[0, 541]             4            0.092            ArrangeByKey
[0, 542]             6            0.284            Join
[0, 543]             3            0.011            FlatMap
[0, 544]             3            0.034            FlatMap
[0, 545]             4            0.057            ArrangeBySelf
[0, 546]             3            0.623            FlatMap
[0, 547]             5            3.063            ArrangeByKey
[0, 548]             3            0.222            FlatMap
[0, 549]             5            0.667            ArrangeByKey
[0, 550]             6            0.183            Join
[0, 551]             10           0.051            ArrangeByKey
[0, 552]             6            0.179            Join
[0, 553]             4            0.044            ArrangeByKey
[0, 554]             6            0.156            Join
[0, 555]             3            0.559            FlatMap
[0, 556]             5            3.074            ArrangeByKey
[0, 557]             3            0.104            FlatMap
[0, 558]             5            0.228            ArrangeByKey
[0, 559]             6            0.249            Join
[0, 560]             3            0.133            FlatMap
[0, 561]             5            0.366            ArrangeByKey
[0, 562]             6            0.324            Join
[0, 563]             4            0.186            ArrangeByKey
[0, 564]             3            0.293            FlatMap
[0, 565]             5            1.307            ArrangeByKey
[0, 566]             6            0.373            Join
[0, 567]             3            0.273            FlatMap
[0, 568]             5            1.334            ArrangeByKey
[0, 569]             6            1.427            Join
[0, 570]             4            0.806            ArrangeByKey
[0, 571]             3            0.267            FlatMap
[0, 572]             5            0.828            ArrangeByKey
[0, 573]             6            1.149            Join
[0, 574]             3            0.078            FlatMap
[0, 575]             5            0.123            ArrangeByKey
[0, 576]             6            0.160            Join
[0, 577]             4            0.064            ArrangeByKey
[0, 578]             6            0.179            Join
[0, 579]             4            0.056            ArrangeByKey
[0, 580]             3            0.084            FlatMap
[0, 581]             5            0.114            ArrangeByKey
[0, 582]             7            0.186            Join
[0, 583]             3            0.100            FlatMap
[0, 584]             5            0.137            ArrangeByKey
[0, 585]             6            0.203            Join
[0, 586]             4            0.080            ArrangeByKey
[0, 587]             3            0.100            FlatMap
[0, 588]             5            0.168            ArrangeByKey
[0, 589]             6            0.233            Join
[0, 590]             3            0.097            FlatMap
[0, 591]             5            0.084            ArrangeByKey
[0, 592]             6            0.095            Join
[0, 593]             4            0.039            ArrangeByKey
[0, 594]             3            0.122            FlatMap
[0, 595]             5            0.084            ArrangeByKey
[0, 596]             6            0.087            Join
[0, 597]             3            0.158            FlatMap
[0, 598]             5            0.068            ArrangeByKey
[0, 599]             6            0.078            Join
[0, 600]             4            0.020            ArrangeByKey
[0, 601]             3            0.251            FlatMap
[0, 602]             5            0.509            ArrangeByKey
[0, 603]             6            0.064            Join
[0, 604]             6            0.674            Join
[0, 605]             5            0.333            ArrangeByKey
[0, 606]             3            0.088            FlatMap
[0, 607]             5            0.107            ArrangeByKey
[0, 608]             6            0.143            Join
[0, 609]             3            0.150            FlatMap
[0, 610]             5            0.128            ArrangeByKey
[0, 611]             6            0.208            Join
[0, 612]             5            0.060            ArrangeByKey
[0, 613]             3            0.209            FlatMap
[0, 614]             5            0.131            ArrangeByKey
[0, 615]             6            0.200            Join
[0, 616]             4            0.077            ArrangeByKey
[0, 617]             7            0.197            Join
[0, 618]             3            0.175            FlatMap
[0, 619]             5            0.289            ArrangeByKey
[0, 620]             7            0.452            Join
[0, 621]             17           0.186            ArrangeByKey
[0, 622]             6            0.419            Join
[0, 623]             5            0.182            ArrangeByKey
[0, 624]             3            0.178            FlatMap
[0, 625]             5            0.296            ArrangeByKey
[0, 626]             7            0.375            Join
[0, 627]             3            0.129            FlatMap
[0, 628]             5            0.266            Arrange: Threshold
[0, 629]             4            0.518            Threshold
[0, 630]             3            0.038            AsCollection
[0, 631]             3            0.111            FlatMap
[0, 632]             5            0.122            Arrange: Threshold
[0, 633]             4            0.208            Threshold
[0, 634]             3            0.015            AsCollection
[0, 635]             1            0.002            Concatenate
[0, 636]             1            0.001            Concatenate
[0, 637]             1            0.001            Concatenate
[0, 638]             3            0.007            Concatenate
[0, 639]             3            0.005            Concatenate
[0, 640]             3            0.005            Concatenate
[0, 641]             3            0.104            FlatMap
[0, 642]             11           0.035            Arrange: Threshold
[0, 643]             4            0.036            Threshold
[0, 644]             3            0.005            AsCollection
[0, 645]             3            0.077            FlatMap
[0, 646]             5            0.065            Arrange: Threshold
[0, 647]             4            0.055            Threshold
[0, 648]             3            0.008            AsCollection
[0, 649]             3            0.171            FlatMap
[0, 650]             7            0.424            Arrange: Threshold
[0, 651]             4            0.834            Threshold
[0, 652]             3            0.051            AsCollection
[0, 653]             3            0.152            FlatMap
[0, 654]             7            0.346            Arrange: Threshold
[0, 655]             4            0.581            Threshold
[0, 656]             3            0.040            AsCollection
[0, 657]             3            0.079            FlatMap
[0, 658]             5            0.142            Arrange: Threshold
[0, 659]             4            0.272            Threshold
[0, 660]             3            0.018            AsCollection
[0, 661]             3            0.114            FlatMap
[0, 662]             8            0.149            Arrange: Threshold
[0, 663]             4            0.213            Threshold
[0, 664]             3            0.015            AsCollection
[0, 665]             3            0.121            FlatMap
[0, 666]             5            0.252            Arrange: Threshold
[0, 667]             4            0.425            Threshold
[0, 668]             3            0.047            AsCollection
[0, 669]             3            0.105            FlatMap
[0, 670]             5            0.164            Arrange: Threshold
[0, 671]             4            0.304            Threshold
[0, 672]             3            0.018            AsCollection
[0, 673]             3            0.095            FlatMap
[0, 674]             8            0.145            Arrange: Threshold
[0, 675]             4            0.201            Threshold
[0, 676]             3            0.013            AsCollection
[0, 677]             1            0.001            FlatMap
[0, 678]             2            0.005            Arrange: Threshold
[0, 679]             2            0.049            Threshold
[0, 680]             1            0.001            AsCollection
[0, 681]             3            0.038            FlatMap
[0, 682]             11           0.042            Arrange: Threshold
[0, 683]             4            0.087            Threshold
[0, 684]             3            0.008            AsCollection
[0, 685]             3            0.159            FlatMap
[0, 686]             10           0.410            Arrange: Threshold
[0, 687]             4            0.834            Threshold
[0, 688]             3            0.055            AsCollection
[0, 689]             3            0.250            FlatMap
[0, 690]             7            0.890            Arrange: Threshold
[0, 691]             4            1.515            Threshold
[0, 692]             3            0.097            AsCollection
[0, 693]             3            0.113            FlatMap
[0, 694]             7            0.118            Arrange: Threshold
[0, 695]             4            0.178            Threshold
[0, 696]             3            0.017            AsCollection
[0, 697]             3            0.082            FlatMap
[0, 698]             8            0.086            Arrange: Threshold
[0, 699]             4            0.118            Threshold
[0, 700]             3            0.010            AsCollection
[0, 701]             3            0.106            FlatMap
[0, 702]             5            0.044            ArrangeByKey
[0, 703]             3            0.282            FlatMap
[0, 704]             5            0.053            ArrangeByKey
[0, 705]             279          8.904            Iterative
[0, 705, 1]          3            0.010            FlatMap
[0, 705, 2]          3            0.006            FlatMap
[0, 705, 3]          3            0.012            Enter
[0, 705, 4]          21           0.027            Feedback
[0, 705, 5]          21           0.484            FlatMap
[0, 705, 6]          64           0.313            ArrangeByKey
[0, 705, 7]          33           0.175            Join
[0, 705, 8]          33           0.194            Join
[0, 705, 9]          11           0.019            Concatenate
[0, 705, 10]         13           0.017            Concatenate
[0, 705, 11]         13           0.273            FlatMap
[0, 705, 12]         52           0.244            Arrange: Threshold
[0, 705, 13]         30           0.341            Threshold
[0, 705, 14]         21           0.043            AsCollection
[0, 705, 15]         21           0.018            ResultsIn
[0, 706]             30           0.032            Leave
[0, 707]             1            0.001            FlatMap
[0, 708]             1            0.001            FlatMap
[0, 709]             1            0.001            FlatMap
[0, 710]             2            0.005            ArrangeBySelf
[0, 711]             3            0.186            FlatMap
[0, 712]             5            0.237            ArrangeByKey
[0, 713]             5            0.023            Join
[0, 714]             3            0.010            FlatMap
[0, 715]             3            0.007            FlatMap
[0, 716]             3            0.023            FlatMap
[0, 717]             7            0.013            ArrangeBySelf
[0, 718]             21           0.438            FlatMap
[0, 719]             44           0.213            ArrangeByKey
[0, 720]             7            0.035            Join
[0, 721]             3            0.008            FlatMap
[0, 722]             3            0.017            FlatMap
[0, 723]             7            0.016            ArrangeBySelf
[0, 724]             7            0.063            Join
[0, 725]             3            0.022            FlatMap
[0, 726]             1            0.001            FlatMap
[0, 727]             3            0.005            Arrange: Threshold
[0, 728]             2            0.005            Threshold
[0, 729]             1            0.001            AsCollection
[0, 730]             3            0.040            FlatMap
[0, 731]             5            0.031            Arrange: Threshold
[0, 732]             4            0.028            Threshold
[0, 733]             3            0.006            AsCollection
[0, 734]             3            0.004            Concatenate
[0, 735]             5            0.008            Concatenate
[0, 736]             5            0.131            FlatMap
[0, 737]             17           0.073            Arrange: Threshold
[0, 738]             4            0.094            Threshold
[0, 739]             3            0.008            AsCollection
[0, 740]             1            0.001            FlatMap
[0, 741]             2            0.004            Arrange: Threshold
[0, 742]             2            0.006            Threshold
[0, 743]             1            0.001            AsCollection
[0, 744]             3            0.063            FlatMap
[0, 745]             4            0.111            Arrange: Threshold
[0, 746]             4            0.383            Threshold
[0, 747]             3            0.025            AsCollection
[0, 748]             3            0.086            FlatMap
[0, 749]             13           0.062            ArrangeByKey
[0, 750]             355          6.276            Iterative
[0, 750, 1]          3            0.006            Enter
[0, 750, 2]          3            0.006            FlatMap
[0, 750, 3]          19           0.025            Feedback
[0, 750, 4]          19           0.349            FlatMap
[0, 750, 5]          69           0.131            ArrangeByKey
[0, 750, 6]          20           0.149            Join
[0, 750, 7]          7            0.011            Concatenate
[0, 750, 8]          7            0.131            FlatMap
[0, 750, 9]          61           0.200            Arrange: Threshold
[0, 750, 10]         29           0.266            Threshold
[0, 750, 11]         19           0.035            AsCollection
[0, 750, 12]         19           0.016            ResultsIn
[0, 751]             31           0.029            Leave
[0, 752]             19           0.029            FlatMap
[0, 753]             21           0.019            Concatenate
[0, 754]             21           0.367            FlatMap
[0, 755]             56           0.147            Arrange: Threshold
[0, 756]             4            0.182            Threshold
[0, 757]             3            0.029            AsCollection
[0, 758]             19           0.305            FlatMap
[0, 759]             36           0.099            Arrange: Threshold
[0, 760]             4            0.109            Threshold
[0, 761]             3            0.009            AsCollection
[0, 762]             3            0.018            FlatMap
[0, 763]             3            0.130            FlatMap
[0, 764]             5            0.209            ArrangeBySelf
[0, 765]             3            0.110            FlatMap
[0, 766]             5            0.051            ArrangeByKey
[0, 767]             3            0.132            FlatMap
[0, 768]             5            0.036            ArrangeByKey
[0, 769]             1243         45.098           Iterative
[0, 769, 1]          3            0.006            FlatMap
[0, 769, 2]          3            0.032            Enter
[0, 769, 3]          3            0.007            FlatMap
[0, 769, 4]          3            0.004            FlatMap
[0, 769, 5]          23           0.036            Feedback
[0, 769, 6]          23           1.110            FlatMap
[0, 769, 7]          70           1.647            ArrangeByKey
[0, 769, 8]          39           0.723            Join
[0, 769, 9]          62           1.336            ArrangeByKey
[0, 769, 10]         23           0.279            AsCollection
[0, 769, 11]         23           1.228            FlatMap
[0, 769, 12]         44           1.321            Arrange: Threshold
[0, 769, 13]         35           3.701            Threshold
[0, 769, 14]         23           0.147            AsCollection
[0, 769, 15]         33           0.871            Join
[0, 769, 16]         13           0.282            FlatMap
[0, 769, 17]         38           0.172            Arrange: Threshold
[0, 769, 18]         22           0.247            Threshold
[0, 769, 19]         9            0.018            AsCollection
[0, 769, 20]         9            0.019            FlatMap
[0, 769, 21]         25           0.032            Concatenate
[0, 769, 22]         25           0.123            FlatMap
[0, 769, 23]         25           0.989            FlatMap
[0, 769, 24]         62           1.346            Arrange: Threshold
[0, 769, 25]         32           3.214            Threshold
[0, 769, 26]         21           0.128            AsCollection
[0, 769, 27]         39           0.517            Join
[0, 769, 28]         28           0.106            ArrangeByKey
[0, 769, 29]         9            0.023            AsCollection
[0, 769, 30]         9            0.184            FlatMap
[0, 769, 31]         33           0.120            Arrange: Threshold
[0, 769, 32]         22           0.150            Threshold
[0, 769, 33]         9            0.025            AsCollection
[0, 769, 34]         23           0.149            Join
[0, 769, 35]         7            0.132            FlatMap
[0, 769, 36]         24           0.056            Arrange: Threshold
[0, 769, 37]         18           0.092            Threshold
[0, 769, 38]         5            0.006            AsCollection
[0, 769, 39]         5            0.009            FlatMap
[0, 769, 40]         9            0.013            Concatenate
[0, 769, 41]         9            0.015            FlatMap
[0, 769, 42]         9            0.184            FlatMap
[0, 769, 43]         31           0.109            Arrange: Threshold
[0, 769, 44]         23           0.150            Threshold
[0, 769, 45]         11           0.013            AsCollection
[0, 769, 46]         27           0.033            Concatenate
[0, 769, 47]         29           0.031            Concatenate
[0, 769, 48]         29           0.575            FlatMap
[0, 769, 49]         102          0.837            Arrange: Threshold
[0, 769, 50]         31           4.588            Threshold
[0, 769, 51]         23           0.218            AsCollection
[0, 769, 52]         23           0.038            ResultsIn
[0, 770]             37           0.114            Leave
[0, 771]             3            0.007            FlatMap
[0, 772]             3            0.021            FlatMap
[0, 773]             7            0.020            ArrangeBySelf
[0, 774]             3            0.078            FlatMap
[0, 775]             5            0.029            ArrangeByKey
[0, 776]             7            0.065            Join
[0, 777]             6            0.012            ArrangeByKey
[0, 778]             3            0.061            FlatMap
[0, 779]             5            0.028            ArrangeByKey
[0, 780]             7            0.058            Join
[0, 781]             6            0.010            ArrangeByKey
[0, 782]             264          5.570            Iterative
[0, 782, 1]          3            0.007            FlatMap
[0, 782, 2]          3            0.008            FlatMap
[0, 782, 3]          3            0.017            Enter
[0, 782, 4]          3            0.009            FlatMap
[0, 782, 5]          5            0.007            Feedback
[0, 782, 6]          5            0.161            FlatMap
[0, 782, 7]          14           0.161            ArrangeByKey
[0, 782, 8]          12           0.301            Join
[0, 782, 9]          16           0.128            ArrangeByKey
[0, 782, 10]         12           0.219            Join
[0, 782, 11]         19           0.159            ArrangeByKey
[0, 782, 12]         13           0.106            Join
[0, 782, 13]         14           0.044            ArrangeByKey
[0, 782, 14]         9            0.048            Join
[0, 782, 15]         5            0.008            Concatenate
[0, 782, 16]         5            0.073            FlatMap
[0, 782, 17]         27           0.085            Arrange: Threshold
[0, 782, 18]         8            0.236            Threshold
[0, 782, 19]         5            0.027            AsCollection
[0, 782, 20]         5            0.007            ResultsIn
[0, 783]             6            0.013            Leave
[0, 784]             5            0.017            FlatMap
[0, 785]             5            0.016            FlatMap
[0, 786]             5            0.112            FlatMap
[0, 787]             10           0.085            Arrange: Threshold
[0, 788]             4            0.190            Threshold
[0, 789]             3            0.019            AsCollection
[0, 790]             5            0.076            FlatMap
[0, 791]             11           0.063            Arrange: Threshold
[0, 792]             4            0.220            Threshold
[0, 793]             3            0.015            AsCollection
[0, 794]             3            0.102            FlatMap
[0, 795]             6            0.082            ArrangeByKey
[0, 796]             3            0.045            FlatMap
[0, 797]             5            0.043            ArrangeByKey
[0, 798]             3            0.115            FlatMap
[0, 799]             7            0.114            ArrangeByKey
[0, 800]             3            0.255            FlatMap
[0, 801]             6            0.251            ArrangeByKey
[0, 802]             3            0.047            FlatMap
[0, 803]             6            0.020            ArrangeByKey
[0, 804]             3            0.009            FlatMap
[0, 805]             3            0.028            FlatMap
[0, 806]             5            0.046            ArrangeBySelf
[0, 807]             3            0.095            FlatMap
[0, 808]             7            0.135            ArrangeByKey
[0, 809]             3            0.904            FlatMap
[0, 810]             6            2.671            ArrangeByKey
[0, 811]             3            0.279            FlatMap
[0, 812]             7            0.950            ArrangeByKey
[0, 813]             3            0.200            FlatMap
[0, 814]             6            0.423            ArrangeByKey
[0, 815]             3            0.542            FlatMap
[0, 816]             7            3.124            ArrangeByKey
[0, 817]             3            0.166            FlatMap
[0, 818]             5            0.159            ArrangeByKey
[0, 819]             3            0.280            FlatMap
[0, 820]             5            0.695            ArrangeByKey
[0, 821]             3            0.123            FlatMap
[0, 822]             18           0.202            ArrangeByKey
[0, 823]             3            0.168            FlatMap
[0, 824]             5            0.457            ArrangeByKey
[0, 825]             3            0.164            FlatMap
[0, 826]             6            0.465            ArrangeByKey
[0, 827]             3            0.139            FlatMap
[0, 828]             6            0.425            ArrangeByKey
[0, 829]             23           1.230            FlatMap
[0, 830]             58           1.732            ArrangeByKey
[0, 831]             3            0.232            FlatMap
[0, 832]             6            0.368            ArrangeByKey
[0, 833]             3            0.194            FlatMap
[0, 834]             8            0.849            ArrangeByKey
[0, 835]             3            0.090            FlatMap
[0, 836]             7            0.123            ArrangeByKey
[0, 837]             3            0.087            FlatMap
[0, 838]             5            0.083            ArrangeByKey
[0, 839]             3            0.187            FlatMap
[0, 840]             9            0.110            ArrangeByKey
[0, 841]             3            0.019            FlatMap
[0, 842]             3            0.116            FlatMap
[0, 843]             19           0.166            ArrangeBySelf
[0, 844]             3            0.115            FlatMap
[0, 845]             9            0.169            ArrangeByKey
[0, 846]             3            0.341            FlatMap
[0, 847]             10           0.454            ArrangeByKey
[0, 848]             3            0.122            FlatMap
[0, 849]             7            0.194            ArrangeByKey
[0, 850]             3            0.148            FlatMap
[0, 851]             7            0.247            ArrangeByKey
[0, 852]             3            0.096            FlatMap
[0, 853]             10           0.064            ArrangeByKey
[0, 854]             3            0.097            FlatMap
[0, 855]             6            0.101            ArrangeByKey
[0, 856]             3            0.113            FlatMap
[0, 857]             6            0.142            ArrangeByKey
[0, 858]             3            0.089            FlatMap
[0, 859]             7            0.120            ArrangeByKey
[0, 860]             3            0.083            FlatMap
[0, 861]             14           0.070            ArrangeByKey
[0, 862]             3            0.074            FlatMap
[0, 863]             12           0.065            ArrangeByKey
[0, 864]             3            0.170            FlatMap
[0, 865]             7            0.291            ArrangeByKey
[0, 866]             3            0.108            FlatMap
[0, 867]             8            0.119            ArrangeByKey
[0, 868]             3            0.016            FlatMap
[0, 869]             3            0.035            FlatMap
[0, 870]             5            0.038            ArrangeBySelf
[0, 871]             3            0.216            FlatMap
[0, 872]             6            0.747            ArrangeByKey
[0, 873]             7            0.167            Join
[0, 874]             8            0.054            ArrangeByKey
[0, 875]             3            0.126            FlatMap
[0, 876]             6            0.220            ArrangeByKey
[0, 877]             211341       7904.117         Iterative
[0, 877, 1]          3            0.006            FlatMap
[0, 877, 2]          3            0.007            FlatMap
[0, 877, 3]          3            0.007            FlatMap
[0, 877, 4]          3            0.005            FlatMap
[0, 877, 5]          3            0.020            FlatMap
[0, 877, 6]          1            0.001            Enter
[0, 877, 7]          3            0.004            FlatMap
[0, 877, 8]          3            0.005            FlatMap
[0, 877, 9]          3            0.007            FlatMap
[0, 877, 10]         3            0.010            FlatMap
[0, 877, 11]         3            0.010            FlatMap
[0, 877, 12]         3            0.007            FlatMap
[0, 877, 13]         3            0.005            FlatMap
[0, 877, 14]         3            0.005            FlatMap
[0, 877, 15]         3            0.005            FlatMap
[0, 877, 16]         3            0.007            FlatMap
[0, 877, 17]         3            0.005            FlatMap
[0, 877, 18]         3            0.004            FlatMap
[0, 877, 19]         3            0.005            FlatMap
[0, 877, 20]         3            0.009            FlatMap
[0, 877, 21]         3            0.005            FlatMap
[0, 877, 22]         3            0.004            FlatMap
[0, 877, 23]         3            0.007            FlatMap
[0, 877, 24]         3            0.005            FlatMap
[0, 877, 25]         3            0.007            FlatMap
[0, 877, 26]         3            0.005            FlatMap
[0, 877, 27]         3            0.004            FlatMap
[0, 877, 28]         1            0.001            Enter
[0, 877, 29]         3            0.004            FlatMap
[0, 877, 30]         3            0.005            FlatMap
[0, 877, 31]         3            0.006            FlatMap
[0, 877, 32]         3            0.006            FlatMap
[0, 877, 33]         3            0.003            FlatMap
[0, 877, 34]         3            0.005            FlatMap
[0, 877, 35]         3            0.005            FlatMap
[0, 877, 36]         3            0.007            FlatMap
[0, 877, 37]         3            0.004            FlatMap
[0, 877, 38]         3            0.009            FlatMap
[0, 877, 39]         3            0.006            FlatMap
[0, 877, 40]         3            0.005            FlatMap
[0, 877, 41]         3            0.005            FlatMap
[0, 877, 42]         221          0.485            Feedback
[0, 877, 43]         417          0.903            Feedback
[0, 877, 44]         207          0.411            Feedback
[0, 877, 45]         313          0.473            Feedback
[0, 877, 46]         327          0.511            Feedback
[0, 877, 47]         451          7.862            Feedback
[0, 877, 48]         347          0.503            Feedback
[0, 877, 49]         81           0.146            Feedback
[0, 877, 50]         81           0.190            FlatMap
[0, 877, 51]         81           1.112            FlatMap
[0, 877, 52]         832          1.833            ArrangeBySelf
[0, 877, 53]         326          1.739            Join
[0, 877, 54]         326          1.226            Join
[0, 877, 55]         221          0.452            FlatMap
[0, 877, 56]         221          4.484            FlatMap
[0, 877, 57]         810          2.232            ArrangeBySelf
[0, 877, 58]         456          3.443            Join
[0, 877, 59]         519          1.559            ArrangeByKey
[0, 877, 60]         451          42.983           FlatMap
[0, 877, 61]         3250         102.515          ArrangeByKey
[0, 877, 62]         919          5.844            Join
[0, 877, 63]         526          1.844            ArrangeByKey
[0, 877, 64]         973          34.059           Join
[0, 877, 65]         1091         9.551            ArrangeByKey
[0, 877, 66]         569          18.131           Join
[0, 877, 67]         1044         24.331           ArrangeByKey
[0, 877, 68]         623          33.642           Join
[0, 877, 69]         942          1.667            ArrangeByKey
[0, 877, 70]         275          2.472            Join
[0, 877, 71]         1142         4.292            ArrangeByKey
[0, 877, 72]         533          7.315            Join
[0, 877, 73]         456          2.620            Join
[0, 877, 74]         582          1.315            ArrangeByKey
[0, 877, 75]         930          5.716            Join
[0, 877, 76]         517          1.338            ArrangeByKey
[0, 877, 77]         347          9.024            FlatMap
[0, 877, 78]         1662         7.704            ArrangeByKey
[0, 877, 79]         864          78.380           Join
[0, 877, 80]         1428         16.190           ArrangeByKey
[0, 877, 81]         563          42.179           Join
[0, 877, 82]         1301         191.823          ArrangeByKey
[0, 877, 83]         568          232.640          Join
[0, 877, 84]         950          1.446            ArrangeByKey
[0, 877, 85]         276          2.045            Join
[0, 877, 86]         773          1.769            ArrangeByKey
[0, 877, 87]         254          1.971            Join
[0, 877, 88]         456          6.858            Join
[0, 877, 89]         1205         2.758            ArrangeByKey
[0, 877, 90]         1010         18.005           Join
[0, 877, 91]         456          4.635            Join
[0, 877, 92]         925          1.840            ArrangeByKey
[0, 877, 93]         971          15.456           Join
[0, 877, 94]         793          6.078            ArrangeByKey
[0, 877, 95]         417          25.106           FlatMap
[0, 877, 96]         1854         51.902           ArrangeByKey
[0, 877, 97]         1194         103.231          Join
[0, 877, 98]         456          2.882            Join
[0, 877, 99]         219          6.745            FlatMap
[0, 877, 100]        1332         4.419            ArrangeBySelf
[0, 877, 101]        567          7.050            Join
[0, 877, 102]        859          1.664            ArrangeByKey
[0, 877, 103]        567          8.557            Join
[0, 877, 104]        974          1.784            ArrangeByKey
[0, 877, 105]        1036         9.238            Join
[0, 877, 106]        748          2.236            ArrangeByKey
[0, 877, 107]        993          13.352           Join
[0, 877, 108]        885          2.539            ArrangeByKey
[0, 877, 109]        516          3.898            Join
[0, 877, 110]        567          9.480            Join
[0, 877, 111]        1011         2.058            ArrangeByKey
[0, 877, 112]        567          7.710            Join
[0, 877, 113]        939          1.499            ArrangeByKey
[0, 877, 114]        567          7.239            Join
[0, 877, 115]        948          1.325            ArrangeByKey
[0, 877, 116]        1082         32.338           Join
[0, 877, 117]        1001         28.244           ArrangeByKey
[0, 877, 118]        626          34.048           Join
[0, 877, 119]        1128         12.682           ArrangeByKey
[0, 877, 120]        1128         17.843           Join
[0, 877, 121]        1361         3.147            ArrangeByKey
[0, 877, 122]        1137         21.652           Join
[0, 877, 123]        1636         8.657            ArrangeByKey
[0, 877, 124]        588          11.543           Join
[0, 877, 125]        313          8.530            FlatMap
[0, 877, 126]        1128         2.949            ArrangeByKey
[0, 877, 127]        546          8.996            Join
[0, 877, 128]        1429         2.806            ArrangeByKey
[0, 877, 129]        546          5.299            Join
[0, 877, 130]        327          9.268            FlatMap
[0, 877, 131]        1698         3.864            ArrangeByKey
[0, 877, 132]        1235         58.753           Join
[0, 877, 133]        456          3.230            Join
[0, 877, 134]        733          1.497            ArrangeByKey
[0, 877, 135]        310          2.716            Join
[0, 877, 136]        665          2.194            ArrangeByKey
[0, 877, 137]        475          10.360           Join
[0, 877, 138]        1956         28.129           ArrangeByKey
[0, 877, 139]        451          7.494            FlatMap
[0, 877, 140]        451          20.827           FlatMap
[0, 877, 141]        2553         42.487           ArrangeBySelf
[0, 877, 142]        1181         428.066          Join
[0, 877, 143]        626          71.475           Join
[0, 877, 144]        1386         24.279           ArrangeByKey
[0, 877, 145]        1126         47.028           Join
[0, 877, 146]        1947         12.567           ArrangeByKey
[0, 877, 147]        1138         64.834           Join
[0, 877, 148]        2419         9.586            ArrangeByKey
[0, 877, 149]        588          21.913           Join
[0, 877, 150]        1513         15.565           ArrangeByKey
[0, 877, 151]        637          25.641           Join
[0, 877, 152]        451          7.839            FlatMap
[0, 877, 153]        451          36.584           FlatMap
[0, 877, 154]        3821         30.530           ArrangeBySelf
[0, 877, 155]        567          9.763            Join
[0, 877, 156]        1494         2.581            ArrangeByKey
[0, 877, 157]        1024         9.948            Join
[0, 877, 158]        281          4.466            FlatMap
[0, 877, 159]        1371         3.065            ArrangeBySelf
[0, 877, 160]        524          8.843            Join
[0, 877, 161]        1225         2.528            ArrangeByKey
[0, 877, 162]        845          4.372            Join
[0, 877, 163]        546          9.893            Join
[0, 877, 164]        1657         2.364            ArrangeByKey
[0, 877, 165]        520          4.084            Join
[0, 877, 166]        456          3.597            Join
[0, 877, 167]        847          1.571            ArrangeByKey
[0, 877, 168]        971          11.266           Join
[0, 877, 169]        1087         4.189            ArrangeByKey
[0, 877, 170]        1144         9.232            Join
[0, 877, 171]        1137         11.170           Join
[0, 877, 172]        397          14.136           FlatMap
[0, 877, 173]        2623         8.009            ArrangeBySelf
[0, 877, 174]        586          6.520            Join
[0, 877, 175]        456          1.881            Join
[0, 877, 176]        131          2.476            FlatMap
[0, 877, 177]        925          1.598            ArrangeBySelf
[0, 877, 178]        430          2.746            Join
[0, 877, 179]        326          1.627            Join
[0, 877, 180]        456          1.652            Join
[0, 877, 181]        43           0.628            FlatMap
[0, 877, 182]        644          1.183            ArrangeBySelf
[0, 877, 183]        328          1.743            Join
[0, 877, 184]        456          2.337            Join
[0, 877, 185]        639          1.153            ArrangeByKey
[0, 877, 186]        207          4.058            FlatMap
[0, 877, 187]        1388         1.500            ArrangeByKey
[0, 877, 188]        617          3.234            Join
[0, 877, 189]        845          4.850            Join
[0, 877, 190]        456          1.922            Join
[0, 877, 191]        449          1.060            ArrangeByKey
[0, 877, 192]        936          125.390          Join
[0, 877, 193]        456          1.612            Join
[0, 877, 194]        21           0.301            FlatMap
[0, 877, 195]        452          1.076            ArrangeBySelf
[0, 877, 196]        314          1.497            Join
[0, 877, 197]        221          0.431            FlatMap
[0, 877, 198]        221          4.090            FlatMap
[0, 877, 199]        841          1.450            ArrangeBySelf
[0, 877, 200]        456          2.537            Join
[0, 877, 201]        456          1.720            Join
[0, 877, 202]        456          1.246            Join
[0, 877, 203]        456          8.411            Join
[0, 877, 204]        1494         4.351            ArrangeByKey
[0, 877, 205]        568          5.338            Join
[0, 877, 206]        171          2.511            FlatMap
[0, 877, 207]        998          1.718            ArrangeBySelf
[0, 877, 208]        418          2.686            Join
[0, 877, 209]        171          2.476            FlatMap
[0, 877, 210]        953          1.487            ArrangeBySelf
[0, 877, 211]        349          2.016            Join
[0, 877, 212]        361          0.677            Concatenate
[0, 877, 213]        665          0.758            Concatenate
[0, 877, 214]        765          0.770            Concatenate
[0, 877, 215]        765          0.628            Concatenate
[0, 877, 216]        765          20.496           FlatMap
[0, 877, 217]        3172         6.599            Arrange: Threshold
[0, 877, 218]        633          8.085            Threshold
[0, 877, 219]        437          0.688            AsCollection
[0, 877, 220]        404          0.686            Concatenate
[0, 877, 221]        404          8.491            FlatMap
[0, 877, 222]        2432         4.244            Arrange: Threshold
[0, 877, 223]        563          7.487            Threshold
[0, 877, 224]        327          0.851            AsCollection
[0, 877, 225]        61           0.757            FlatMap
[0, 877, 226]        1098         1.859            Arrange: Threshold
[0, 877, 227]        447          3.824            Threshold
[0, 877, 228]        207          0.535            AsCollection
[0, 877, 229]        651          0.831            Concatenate
[0, 877, 230]        751          0.712            Concatenate
[0, 877, 231]        751          22.686           FlatMap
[0, 877, 232]        3230         10.348           Arrange: Threshold
[0, 877, 233]        637          21.448           Threshold
[0, 877, 234]        435          0.816            AsCollection
[0, 877, 235]        419          15.494           FlatMap
[0, 877, 236]        3448         44.326           Arrange: Threshold
[0, 877, 237]        638          317.064          Threshold
[0, 877, 238]        423          8.298            AsCollection
[0, 877, 239]        253          0.409            Concatenate
[0, 877, 240]        257          0.408            Concatenate
[0, 877, 241]        301          0.415            Concatenate
[0, 877, 242]        322          0.425            Concatenate
[0, 877, 243]        422          0.521            Concatenate
[0, 877, 244]        422          0.439            Concatenate
[0, 877, 245]        422          6.852            FlatMap
[0, 877, 246]        2877         2.231            Arrange: Threshold
[0, 877, 247]        407          2.809            Threshold
[0, 877, 248]        175          0.281            AsCollection
[0, 877, 249]        271          10.050           FlatMap
[0, 877, 250]        1505         4.497            Arrange: Threshold
[0, 877, 251]        592          13.527           Threshold
[0, 877, 252]        369          1.045            AsCollection
[0, 877, 253]        460          0.831            Concatenate
[0, 877, 254]        1130         1.533            Concatenate
[0, 877, 255]        1364         1.429            Concatenate
[0, 877, 256]        1512         1.953            Concatenate
[0, 877, 257]        1750         1.826            Concatenate
[0, 877, 258]        2163         1.977            Concatenate
[0, 877, 259]        2194         1.855            Concatenate
[0, 877, 260]        2300         1.825            Concatenate
[0, 877, 261]        2300         149.596          FlatMap
[0, 877, 262]        13202        280.909          Arrange: Threshold
[0, 877, 263]        663          1377.810         Threshold
[0, 877, 264]        461          15.416           AsCollection
[0, 877, 265]        221          0.303            ResultsIn
[0, 877, 266]        417          2.472            ResultsIn
[0, 877, 267]        347          0.456            ResultsIn
[0, 877, 268]        81           0.121            ResultsIn
[0, 877, 269]        207          0.311            ResultsIn
[0, 877, 270]        451          2.025            ResultsIn
[0, 877, 271]        313          0.372            ResultsIn
[0, 877, 272]        327          0.411            ResultsIn
[0, 878]             480          0.517            Leave
[0, 879]             980          1.735            Leave
[0, 880]             795          0.650            Leave
[0, 881]             602          0.581            Leave
[0, 882]             1012         0.700            Leave
[0, 883]             1852         3.101            Leave
[0, 884]             918          0.614            Leave
[0, 885]             467          0.350            Leave
[0, 886]             23           0.461            FlatMap
[0, 887]             54           1.052            Arrange: Threshold
[0, 888]             4            2.155            Threshold
[0, 889]             3            0.117            AsCollection
[0, 890]             3            0.050            FlatMap
[0, 891]             3            0.047            FlatMap
[0, 892]             3            0.088            FlatMap
[0, 893]             13           0.009            Consolidate
[0, 894]             1            0.001            AsCollection
[0, 895]             2            0.003            InspectBatch
[0, 896]             2            0.002            Probe
[0, 897]             3            0.058            FlatMap
[0, 898]             4            0.100            Arrange: Threshold
[0, 899]             4            0.387            Threshold
[0, 900]             3            0.031            AsCollection
[0, 901]             3            0.015            FlatMap
[0, 902]             3            0.013            FlatMap
[0, 903]             3            0.036            FlatMap
[0, 904]             5            0.009            Consolidate
[0, 905]             1            0.001            AsCollection
[0, 906]             2            0.004            InspectBatch
[0, 907]             2            0.002            Probe
[0, 908]             3            0.029            FlatMap
[0, 909]             14           0.025            Arrange: Threshold
[0, 910]             4            0.070            Threshold
[0, 911]             3            0.007            AsCollection
[0, 912]             3            0.007            FlatMap
[0, 913]             3            0.008            FlatMap
[0, 914]             3            0.027            FlatMap
[0, 915]             12           0.018            Consolidate
[0, 916]             1            0.001            AsCollection
[0, 917]             2            0.003            InspectBatch
[0, 918]             2            0.002            Probe
[0, 919]             19           0.232            FlatMap
[0, 920]             48           0.077            Arrange: Threshold
[0, 921]             4            0.087            Threshold
[0, 922]             3            0.011            AsCollection
[0, 923]             3            0.006            FlatMap
[0, 924]             3            0.007            FlatMap
[0, 925]             3            0.023            FlatMap
[0, 926]             4            0.005            Consolidate
[0, 927]             1            0.001            AsCollection
[0, 928]             2            0.003            InspectBatch
[0, 929]             2            0.002            Probe
[0, 930]             3            0.025            FlatMap
[0, 931]             4            0.039            Arrange: Threshold
[0, 932]             4            0.096            Threshold
[0, 933]             3            0.007            AsCollection
[0, 934]             3            0.005            FlatMap
[0, 935]             3            0.005            FlatMap
[0, 936]             3            0.028            FlatMap
[0, 937]             4            0.004            Consolidate
[0, 938]             1            0.001            AsCollection
[0, 939]             2            0.003            InspectBatch
[0, 940]             2            0.001            Probe
[0, 941]             21           0.304            FlatMap
[0, 942]             48           0.068            Arrange: Threshold
[0, 943]             4            0.081            Threshold
[0, 944]             3            0.010            AsCollection
[0, 945]             3            0.006            FlatMap
[0, 946]             3            0.014            FlatMap
[0, 947]             3            0.025            FlatMap
[0, 948]             6            0.006            Consolidate
[0, 949]             1            0.001            AsCollection
[0, 950]             2            0.002            InspectBatch
[0, 951]             2            0.001            Probe
[0, 952]             5            0.072            FlatMap
[0, 953]             12           0.076            Arrange: Threshold
[0, 954]             4            0.224            Threshold
[0, 955]             3            0.014            AsCollection
[0, 956]             3            0.008            FlatMap
[0, 957]             3            0.014            FlatMap
[0, 958]             3            0.029            FlatMap
[0, 959]             8            0.007            Consolidate
[0, 960]             1            0.001            AsCollection
[0, 961]             2            0.003            InspectBatch
[0, 962]             2            0.002            Probe
[0, 963]             3            0.031            FlatMap
[0, 964]             8            0.057            Arrange: Threshold
[0, 965]             4            0.182            Threshold
[0, 966]             3            0.037            AsCollection
[0, 967]             3            0.009            FlatMap
[0, 968]             3            0.006            FlatMap
[0, 969]             3            0.022            FlatMap
[0, 970]             6            0.006            Consolidate
[0, 971]             1            0.001            AsCollection
[0, 972]             2            0.002            InspectBatch
[0, 973]             2            0.001            Probe
[0, 974]             3            0.046            FlatMap
[0, 975]             7            0.047            Arrange: Threshold
[0, 976]             4            0.185            Threshold
[0, 977]             3            0.013            AsCollection
[0, 978]             3            0.008            FlatMap
[0, 979]             3            0.009            FlatMap
[0, 980]             3            0.046            FlatMap
[0, 981]             9            0.006            Consolidate
[0, 982]             1            0.001            AsCollection
[0, 983]             2            0.002            InspectBatch
[0, 984]             2            0.001            Probe
[0, 985]             1            0.001            FlatMap
[0, 986]             2            0.005            Arrange: Threshold
[0, 987]             2            0.008            Threshold
[0, 988]             1            0.001            AsCollection
[0, 989]             1            0.001            FlatMap
[0, 990]             1            0.001            FlatMap
[0, 991]             1            0.001            FlatMap
[0, 992]             3            0.006            Consolidate
[0, 993]             1            0.001            AsCollection
[0, 994]             2            0.002            InspectBatch
[0, 995]             2            0.001            Probe
[0, 996]             3            0.020            FlatMap
[0, 997]             5            0.014            Arrange: Threshold
[0, 998]             4            0.031            Threshold
[0, 999]             3            0.005            AsCollection
[0, 1000]            3            0.032            FlatMap
[0, 1001]            3            0.006            FlatMap
[0, 1002]            3            0.039            FlatMap
[0, 1003]            6            0.008            Consolidate
[0, 1004]            1            0.001            AsCollection
[0, 1005]            2            0.003            InspectBatch
[0, 1006]            2            0.001            Probe
[0, 1007]            81           1.287            FlatMap
[0, 1008]            688          0.599            Arrange: Threshold
[0, 1009]            4            0.051            Threshold
[0, 1010]            3            0.006            AsCollection
[0, 1011]            3            0.011            FlatMap
[0, 1012]            3            0.004            FlatMap
[0, 1013]            3            0.080            FlatMap
[0, 1014]            4            0.007            Consolidate
[0, 1015]            1            0.001            AsCollection
[0, 1016]            2            0.004            InspectBatch
[0, 1017]            2            0.001            Probe
[0, 1018]            327          6.046            FlatMap
[0, 1019]            1440         1.315            Arrange: Threshold
[0, 1020]            4            0.379            Threshold
[0, 1021]            3            0.030            AsCollection
[0, 1022]            3            0.016            FlatMap
[0, 1023]            3            0.023            FlatMap
[0, 1024]            3            0.047            FlatMap
[0, 1025]            4            0.006            Consolidate
[0, 1026]            1            0.000            AsCollection
[0, 1027]            2            0.003            InspectBatch
[0, 1028]            2            0.001            Probe
[0, 1029]            451          19.560           FlatMap
[0, 1030]            2749         114.229          Arrange: Threshold
[0, 1031]            4            125.341          Threshold
[0, 1032]            3            7.072            AsCollection
[0, 1033]            3            12.441           FlatMap
[0, 1034]            3            2.932            FlatMap
[0, 1035]            3            4.929            FlatMap
[0, 1036]            4            0.012            Consolidate
[0, 1037]            1            0.001            AsCollection
[0, 1038]            2            0.003            InspectBatch
[0, 1039]            2            0.045            Probe
[0, 1040]            417          13.273           FlatMap
[0, 1041]            1582         43.997           Arrange: Threshold
[0, 1042]            4            46.170           Threshold
[0, 1043]            3            4.949            AsCollection
[0, 1044]            3            2.115            FlatMap
[0, 1045]            3            1.042            FlatMap
[0, 1046]            3            1.641            FlatMap
[0, 1047]            35           0.010            Consolidate
[0, 1048]            1            0.000            AsCollection
[0, 1049]            2            0.003            InspectBatch
[0, 1050]            2            0.001            Probe
[0, 1051]            207          3.508            FlatMap
[0, 1052]            1262         0.867            Arrange: Threshold
[0, 1053]            4            0.219            Threshold
[0, 1054]            3            0.015            AsCollection
[0, 1055]            3            0.009            FlatMap
[0, 1056]            3            0.008            FlatMap
[0, 1057]            3            0.123            FlatMap
[0, 1058]            35           0.008            Consolidate
[0, 1059]            1            0.000            AsCollection
[0, 1060]            2            0.003            InspectBatch
[0, 1061]            2            0.001            Probe
[0, 1062]            313          6.066            FlatMap
[0, 1063]            1016         0.944            Arrange: Threshold
[0, 1064]            4            0.341            Threshold
[0, 1065]            3            0.020            AsCollection
[0, 1066]            3            0.039            FlatMap
[0, 1067]            3            0.015            FlatMap
[0, 1068]            3            0.071            FlatMap
[0, 1069]            37           0.011            Consolidate
[0, 1070]            1            0.001            AsCollection
[0, 1071]            2            0.003            InspectBatch
[0, 1072]            2            0.055            Probe
[0, 1073]            347          12.102           FlatMap
[0, 1074]            1352         1.469            Arrange: Threshold
[0, 1075]            4            0.896            Threshold
[0, 1076]            3            0.056            AsCollection
[0, 1077]            3            0.033            FlatMap
[0, 1078]            3            0.030            FlatMap
[0, 1079]            3            0.069            FlatMap
[0, 1080]            40           0.009            Consolidate
[0, 1081]            1            0.001            AsCollection
[0, 1082]            2            0.004            InspectBatch
[0, 1083]            2            0.001            Probe
[0, 1084]            221          4.680            FlatMap
[0, 1085]            808          0.689            Arrange: Threshold
[0, 1086]            4            0.085            Threshold
[0, 1087]            3            0.007            AsCollection
[0, 1088]            3            0.006            FlatMap
[0, 1089]            3            0.004            FlatMap
[0, 1090]            3            0.069            FlatMap
[0, 1091]            40           0.193            Consolidate
[0, 1092]            1            0.001            AsCollection
[0, 1093]            2            0.002            InspectBatch
[0, 1094]            2            0.001            Probe
