addr                 activations  total_active_ms  name
[0]                  226363       8818.531         Dataflow
[0, 1]               1            0.000            Input
[0, 2]               2            0.431            FlatMap
[0, 3]               7            0.065            Arrange: Threshold
[0, 4]               4            0.078            Threshold
[0, 5]               3            0.009            AsCollection
[0, 6]               1            0.000            Input
[0, 7]               2            0.333            FlatMap
[0, 8]               6            0.046            Arrange: Threshold
[0, 9]               4            0.047            Threshold
[0, 10]              3            0.007            AsCollection
[0, 11]              1            0.000            Input
[0, 12]              1            0.001            FlatMap
[0, 13]              3            0.010            Arrange: Threshold
[0, 14]              2            0.009            Threshold
[0, 15]              1            0.001            AsCollection
[0, 16]              1            0.001            Input
[0, 17]              2            0.408            FlatMap
[0, 18]              6            0.361            Arrange: Threshold
[0, 19]              4            0.627            Threshold
[0, 20]              3            0.039            AsCollection
[0, 21]              1            0.000            Input
[0, 22]              2            0.295            FlatMap
[0, 23]              8            0.067            Arrange: Threshold
[0, 24]              4            0.023            Threshold
[0, 25]              3            0.005            AsCollection
[0, 26]              1            0.000            Input
[0, 27]              2            0.411            FlatMap
[0, 28]              7            0.326            Arrange: Threshold
[0, 29]              4            0.689            Threshold
[0, 30]              3            0.044            AsCollection
[0, 31]              1            0.000            Input
[0, 32]              2            0.480            FlatMap
[0, 33]              7            0.319            Arrange: Threshold
[0, 34]              4            0.557            Threshold
[0, 35]              3            0.033            AsCollection
[0, 36]              1            0.000            Input
[0, 37]              2            0.372            FlatMap
[0, 38]              9            0.293            Arrange: Threshold
[0, 39]              4            0.570            Threshold
[0, 40]              3            0.073            AsCollection
[0, 41]              1            0.000            Input
[0, 42]              2            1.080            FlatMap
[0, 43]              7            2.747            Arrange: Threshold
[0, 44]              4            5.455            Threshold
[0, 45]              3            0.367            AsCollection
[0, 46]              1            0.001            Input
[0, 47]              2            0.249            FlatMap
[0, 48]              8            0.221            Arrange: Threshold
[0, 49]              4            0.474            Threshold
[0, 50]              3            0.036            AsCollection
[0, 51]              1            0.000            Input
[0, 52]              2            0.278            FlatMap
[0, 53]              7            0.150            Arrange: Threshold
[0, 54]              4            0.069            Threshold
[0, 55]              3            0.008            AsCollection
[0, 56]              1            0.000            Input
[0, 57]              2            0.306            FlatMap
[0, 58]              6            0.037            Arrange: Threshold
[0, 59]              4            0.020            Threshold
[0, 60]              3            0.004            AsCollection
[0, 61]              1            0.000            Input
[0, 62]              2            0.063            FlatMap
[0, 63]              8            0.026            Arrange: Threshold
[0, 64]              4            0.023            Threshold
[0, 65]              3            0.004            AsCollection
[0, 66]              1            0.000            Input
[0, 67]              2            0.350            FlatMap
[0, 68]              6            0.047            Arrange: Threshold
[0, 69]              4            0.034            Threshold
[0, 70]              3            0.006            AsCollection
[0, 71]              1            0.000            Input
[0, 72]              2            0.340            FlatMap
[0, 73]              7            0.286            Arrange: Threshold
[0, 74]              4            0.552            Threshold
[0, 75]              3            0.037            AsCollection
[0, 76]              1            0.000            Input
[0, 77]              2            0.406            FlatMap
[0, 78]              7            0.129            Arrange: Threshold
[0, 79]              4            0.282            Threshold
[0, 80]              3            0.018            AsCollection
[0, 81]              1            0.000            Input
[0, 82]              2            0.593            FlatMap
[0, 83]              7            0.368            Arrange: Threshold
[0, 84]              4            0.616            Threshold
[0, 85]              3            0.109            AsCollection
[0, 86]              1            0.000            Input
[0, 87]              2            0.739            FlatMap
[0, 88]              6            1.091            Arrange: Threshold
[0, 89]              4            1.773            Threshold
[0, 90]              3            0.201            AsCollection
[0, 91]              1            0.000            Input
[0, 92]              2            0.253            FlatMap
[0, 93]              6            0.159            Arrange: Threshold
[0, 94]              4            0.263            Threshold
[0, 95]              3            0.034            AsCollection
[0, 96]              1            0.000            Input
[0, 97]              2            0.738            FlatMap
[0, 98]              6            0.318            Arrange: Threshold
[0, 99]              4            0.210            Threshold
[0, 100]             3            0.015            AsCollection
[0, 101]             1            0.000            Input
[0, 102]             2            0.318            FlatMap
[0, 103]             6            0.116            Arrange: Threshold
[0, 104]             4            0.225            Threshold
[0, 105]             3            0.019            AsCollection
[0, 106]             1            0.000            Input
[0, 107]             2            0.343            FlatMap
[0, 108]             7            0.254            Arrange: Threshold
[0, 109]             4            0.429            Threshold
[0, 110]             3            0.035            AsCollection
[0, 111]             1            0.000            Input
[0, 112]             2            0.542            FlatMap
[0, 113]             6            0.602            Arrange: Threshold
[0, 114]             4            1.085            Threshold
[0, 115]             3            0.197            AsCollection
[0, 116]             1            0.000            Input
[0, 117]             2            0.357            FlatMap
[0, 118]             7            0.390            Arrange: Threshold
[0, 119]             4            0.496            Threshold
[0, 120]             3            0.045            AsCollection
[0, 121]             1            0.000            Input
[0, 122]             2            0.280            FlatMap
[0, 123]             7            0.201            Arrange: Threshold
[0, 124]             4            0.465            Threshold
[0, 125]             3            0.054            AsCollection
[0, 126]             1            0.000            Input
[0, 127]             2            0.288            FlatMap
[0, 128]             7            0.180            Arrange: Threshold
[0, 129]             4            0.313            Threshold
[0, 130]             3            0.042            AsCollection
[0, 131]             1            0.000            Input
[0, 132]             2            0.393            FlatMap
[0, 133]             6            0.420            Arrange: Threshold
[0, 134]             4            0.732            Threshold
[0, 135]             3            0.140            AsCollection
[0, 136]             1            0.000            Input
[0, 137]             2            0.266            FlatMap
[0, 138]             7            0.082            Arrange: Threshold
[0, 139]             4            0.085            Threshold
[0, 140]             3            0.023            AsCollection
[0, 141]             1            0.001            Input
[0, 142]             2            0.466            FlatMap
[0, 143]             6            0.128            Arrange: Threshold
[0, 144]             4            0.193            Threshold
[0, 145]             3            0.019            AsCollection
[0, 146]             1            0.000            Input
[0, 147]             2            0.255            FlatMap
[0, 148]             7            0.205            Arrange: Threshold
[0, 149]             4            0.329            Threshold
[0, 150]             3            0.034            AsCollection
[0, 151]             1            0.000            Input
[0, 152]             2            0.254            FlatMap
[0, 153]             6            0.112            Arrange: Threshold
[0, 154]             4            0.129            Threshold
[0, 155]             3            0.017            AsCollection
[0, 156]             1            0.001            Input
[0, 157]             2            0.269            FlatMap
[0, 158]             6            0.226            Arrange: Threshold
[0, 159]             4            0.381            Threshold
[0, 160]             3            0.025            AsCollection
[0, 161]             3            0.008            FlatMap
[0, 162]             3            0.020            FlatMap
[0, 163]             3            0.022            FlatMap
[0, 164]             3            0.020            FlatMap
[0, 165]             3            0.010            FlatMap
[0, 166]             3            0.012            FlatMap
[0, 167]             3            0.012            FlatMap
[0, 168]             3            0.017            FlatMap
[0, 169]             3            0.013            FlatMap
[0, 170]             3            0.013            FlatMap
[0, 171]             3            0.014            FlatMap
[0, 172]             3            0.009            FlatMap
[0, 173]             3            0.009            FlatMap
[0, 174]             3            0.006            FlatMap
[0, 175]             3            0.006            FlatMap
[0, 176]             3            0.007            FlatMap
[0, 177]             3            0.027            FlatMap
[0, 178]             3            0.028            FlatMap
[0, 179]             3            0.022            FlatMap
[0, 180]             3            0.026            FlatMap
[0, 181]             3            0.012            FlatMap
[0, 182]             3            0.011            FlatMap
[0, 183]             3            0.016            FlatMap
[0, 184]             3            0.011            FlatMap
[0, 185]             3            0.022            FlatMap
[0, 186]             3            0.019            FlatMap
[0, 187]             3            0.035            FlatMap
[0, 188]             3            0.033            FlatMap
[0, 189]             3            0.036            FlatMap
[0, 190]             3            0.038            FlatMap
[0, 191]             3            0.015            FlatMap
[0, 192]             3            0.014            FlatMap
[0, 193]             3            0.015            FlatMap
[0, 194]             3            0.010            FlatMap
[0, 195]             3            0.011            FlatMap
[0, 196]             3            0.020            FlatMap
[0, 197]             3            0.010            FlatMap
[0, 198]             3            0.012            FlatMap
[0, 199]             3            0.016            FlatMap
[0, 200]             3            0.014            FlatMap
[0, 201]             3            0.010            FlatMap
[0, 202]             3            0.056            FlatMap
[0, 203]             3            0.064            FlatMap
[0, 204]             3            0.057            FlatMap
[0, 205]             3            0.023            FlatMap
[0, 206]             3            0.021            FlatMap
[0, 207]             3            0.020            FlatMap
[0, 208]             3            0.012            FlatMap
[0, 209]             3            0.024            FlatMap
[0, 210]             3            0.006            FlatMap
[0, 211]             3            0.006            FlatMap
[0, 212]             3            0.005            FlatMap
[0, 213]             3            0.007            FlatMap
[0, 214]             3            0.054            FlatMap
[0, 215]             4            0.154            Arrange: Threshold
[0, 216]             4            0.496            Threshold
[0, 217]             3            0.035            AsCollection
[0, 218]             4            0.008            Concatenate
[0, 219]             4            0.006            Concatenate
[0, 220]             4            0.012            Concatenate
[0, 221]             4            0.066            FlatMap
[0, 222]             8            0.035            Arrange: Threshold
[0, 223]             4            0.071            Threshold
[0, 224]             3            0.009            AsCollection
[0, 225]             3            0.099            FlatMap
[0, 226]             5            0.288            Arrange: Threshold
[0, 227]             4            0.548            Threshold
[0, 228]             3            0.035            AsCollection
[0, 229]             3            0.077            FlatMap
[0, 230]             5            0.138            Arrange: Threshold
[0, 231]             4            0.200            Threshold
[0, 232]             3            0.019            AsCollection
[0, 233]             3            0.030            FlatMap
[0, 234]             7            0.015            Arrange: Threshold
[0, 235]             4            0.031            Threshold
[0, 236]             3            0.004            AsCollection
[0, 237]             3            0.085            FlatMap
[0, 238]             5            0.112            Arrange: Threshold
[0, 239]             4            0.208            Threshold
[0, 240]             3            0.023            AsCollection
[0, 241]             3            0.026            FlatMap
[0, 242]             4            0.016            Arrange: Threshold
[0, 243]             4            0.065            Threshold
[0, 244]             3            0.013            AsCollection
[0, 245]             3            0.069            FlatMap
[0, 246]             5            0.087            Arrange: Threshold
[0, 247]             4            0.114            Threshold
[0, 248]             3            0.010            AsCollection
[0, 249]             3            0.095            FlatMap
[0, 250]             5            0.165            Arrange: Threshold
[0, 251]             4            0.290            Threshold
[0, 252]             3            0.021            AsCollection
[0, 253]             3            0.228            FlatMap
[0, 254]             5            0.887            Arrange: Threshold
[0, 255]             4            1.729            Threshold
[0, 256]             3            0.101            AsCollection
[0, 257]             3            0.023            FlatMap
[0, 258]             7            0.027            Arrange: Threshold
[0, 259]             4            0.061            Threshold
[0, 260]             3            0.013            AsCollection
[0, 261]             3            0.087            FlatMap
[0, 262]             5            0.122            Arrange: Threshold
[0, 263]             4            0.221            Threshold
[0, 264]             3            0.015            AsCollection
[0, 265]             3            0.010            Concatenate
[0, 266]             3            0.008            Concatenate
[0, 267]             3            0.227            FlatMap
[0, 268]             5            0.717            Arrange: Threshold
[0, 269]             4            1.389            Threshold
[0, 270]             3            0.135            AsCollection
[0, 271]             3            0.077            FlatMap
[0, 272]             5            0.136            Arrange: Threshold
[0, 273]             4            0.203            Threshold
[0, 274]             3            0.022            AsCollection
[0, 275]             3            0.028            FlatMap
[0, 276]             5            0.030            Arrange: Threshold
[0, 277]             4            0.038            Threshold
[0, 278]             3            0.006            AsCollection
[0, 279]             3            0.095            FlatMap
[0, 280]             5            0.137            Arrange: Threshold
[0, 281]             4            0.258            Threshold
[0, 282]             3            0.017            AsCollection
[0, 283]             3            0.163            FlatMap
[0, 284]             5            0.399            Arrange: Threshold
[0, 285]             4            0.845            Threshold
[0, 286]             3            0.051            AsCollection
[0, 287]             3            0.082            FlatMap
[0, 288]             5            0.128            Arrange: Threshold
[0, 289]             4            0.196            Threshold
[0, 290]             3            0.014            AsCollection
[0, 291]             3            0.006            Concatenate
[0, 292]             3            0.005            Concatenate
[0, 293]             3            0.012            Concatenate
[0, 294]             3            0.182            FlatMap
[0, 295]             5            0.536            Arrange: Threshold
[0, 296]             4            0.979            Threshold
[0, 297]             3            0.062            AsCollection
[0, 298]             3            0.119            FlatMap
[0, 299]             5            0.227            Arrange: Threshold
[0, 300]             4            0.417            Threshold
[0, 301]             3            0.045            AsCollection
[0, 302]             3            0.008            Concatenate
[0, 303]             3            0.013            Concatenate
[0, 304]             3            0.305            FlatMap
[0, 305]             5            1.259            Arrange: Threshold
[0, 306]             4            2.385            Threshold
[0, 307]             3            0.180            AsCollection
[0, 308]             3            0.137            FlatMap
[0, 309]             5            0.293            Arrange: Threshold
[0, 310]             4            0.559            Threshold
[0, 311]             3            0.038            AsCollection
[0, 312]             3            0.072            FlatMap
[0, 313]             5            0.097            Arrange: Threshold
[0, 314]             4            0.099            Threshold
[0, 315]             3            0.011            AsCollection
[0, 316]             3            0.036            FlatMap
[0, 317]             7            0.014            Arrange: Threshold
[0, 318]             4            0.019            Threshold
[0, 319]             3            0.008            AsCollection
[0, 320]             3            0.007            Concatenate
[0, 321]             3            0.006            Concatenate
[0, 322]             3            0.006            Concatenate
[0, 323]             3            0.006            Concatenate
[0, 324]             3            0.006            Concatenate
[0, 325]             3            0.006            Concatenate
[0, 326]             3            0.009            Concatenate
[0, 327]             3            0.009            Concatenate
[0, 328]             3            0.009            Concatenate
[0, 329]             3            0.013            Concatenate
[0, 330]             3            0.018            Concatenate
[0, 331]             3            0.013            Concatenate
[0, 332]             3            1.249            FlatMap
[0, 333]             5            3.194            Arrange: Threshold
[0, 334]             4            4.924            Threshold
[0, 335]             3            0.489            AsCollection
[0, 336]             3            0.267            FlatMap
[0, 337]             5            0.350            Arrange: Threshold
[0, 338]             4            0.605            Threshold
[0, 339]             3            0.037            AsCollection
[0, 340]             3            0.123            FlatMap
[0, 341]             5            0.142            Arrange: Threshold
[0, 342]             4            0.203            Threshold
[0, 343]             3            0.015            AsCollection
[0, 344]             3            0.112            FlatMap
[0, 345]             5            0.071            Arrange: Threshold
[0, 346]             4            0.059            Threshold
[0, 347]             3            0.007            AsCollection
[0, 348]             3            0.006            Concatenate
[0, 349]             4            0.007            Concatenate
[0, 350]             4            0.007            Concatenate
[0, 351]             4            0.007            Concatenate
[0, 352]             4            0.187            FlatMap
[0, 353]             8            0.171            Arrange: Threshold
[0, 354]             4            0.059            Threshold
[0, 355]             3            0.016            AsCollection
[0, 356]             3            0.149            FlatMap
[0, 357]             5            0.163            Arrange: Threshold
[0, 358]             4            0.270            Threshold
[0, 359]             3            0.019            AsCollection
[0, 360]             3            0.140            FlatMap
[0, 361]             5            0.219            Arrange: Threshold
[0, 362]             4            0.417            Threshold
[0, 363]             3            0.039            AsCollection
[0, 364]             3            0.160            FlatMap
[0, 365]             5            0.218            Arrange: Threshold
[0, 366]             4            0.356            Threshold
[0, 367]             3            0.024            AsCollection
[0, 368]             3            0.208            FlatMap
[0, 369]             5            0.444            Arrange: Threshold
[0, 370]             4            0.862            Threshold
[0, 371]             3            0.052            AsCollection
[0, 372]             3            0.146            FlatMap
[0, 373]             5            0.291            Arrange: Threshold
[0, 374]             4            0.154            Threshold
[0, 375]             3            0.012            AsCollection
[0, 376]             3            0.006            FlatMap
[0, 377]             1            0.001            FlatMap
[0, 378]             3            0.009            ArrangeBySelf
[0, 379]             3            0.005            FlatMap
[0, 380]             1            0.001            FlatMap
[0, 381]             3            0.008            ArrangeBySelf
[0, 382]             2            0.010            Join
[0, 383]             3            0.009            ArrangeByKey
[0, 384]             3            0.026            FlatMap
[0, 385]             6            0.019            ArrangeByKey
[0, 386]             3            0.013            Join
[0, 387]             3            0.004            FlatMap
[0, 388]             1            0.001            FlatMap
[0, 389]             3            0.007            ArrangeBySelf
[0, 390]             3            0.004            FlatMap
[0, 391]             1            0.009            FlatMap
[0, 392]             3            0.006            ArrangeBySelf
[0, 393]             2            0.010            Join
[0, 394]             3            0.006            ArrangeByKey
[0, 395]             3            0.009            Join
[0, 396]             3            0.005            FlatMap
[0, 397]             3            0.016            ArrangeByKey
[0, 398]             2            0.011            Join
[0, 399]             3            0.024            FlatMap
[0, 400]             6            0.010            ArrangeByKey
[0, 401]             2            0.007            Join
[0, 402]             3            0.047            FlatMap
[0, 403]             3            0.006            FlatMap
[0, 404]             3            0.012            FlatMap
[0, 405]             3            0.006            FlatMap
[0, 406]             3            0.010            FlatMap
[0, 407]             3            0.025            FlatMap
[0, 408]             4            0.008            ArrangeBySelf
[0, 409]             3            0.017            FlatMap
[0, 410]             3            0.055            FlatMap
[0, 411]             9            0.128            ArrangeBySelf
[0, 412]             3            0.010            FlatMap
[0, 413]             1            0.001            FlatMap
[0, 414]             4            0.012            ArrangeBySelf
[0, 415]             3            0.013            FlatMap
[0, 416]             3            0.032            FlatMap
[0, 417]             7            0.040            ArrangeBySelf
[0, 418]             3            0.110            FlatMap
[0, 419]             5            0.267            ArrangeByKey
[0, 420]             1            0.001            FlatMap
[0, 421]             1            0.001            FlatMap
[0, 422]             2            0.007            ArrangeBySelf
[0, 423]             5            0.029            Join
[0, 424]             4            0.013            ArrangeByKey
[0, 425]             5            0.023            Join
[0, 426]             3            0.072            ArrangeByKey
[0, 427]             5            0.023            Join
[0, 428]             1            0.000            FlatMap
[0, 429]             6            0.010            ArrangeBySelf
[0, 430]             5            0.032            Join
[0, 431]             1            0.002            FlatMap
[0, 432]             7            0.006            ArrangeBySelf
[0, 433]             5            0.021            Join
[0, 434]             1            0.001            FlatMap
[0, 435]             7            0.006            ArrangeBySelf
[0, 436]             3            0.015            Join
[0, 437]             3            0.007            ArrangeByKey
[0, 438]             3            0.013            Join
[0, 439]             1            0.001            FlatMap
[0, 440]             3            0.007            ArrangeBySelf
[0, 441]             3            0.011            Join
[0, 442]             1            0.001            FlatMap
[0, 443]             3            0.006            ArrangeBySelf
[0, 444]             3            0.013            Join
[0, 445]             2            0.007            ArrangeByKey
[0, 446]             2            0.008            Join
[0, 447]             1            0.001            FlatMap
[0, 448]             3            0.005            ArrangeBySelf
[0, 449]             3            0.017            Join
[0, 450]             3            0.013            FlatMap
[0, 451]             3            0.039            FlatMap
[0, 452]             8            0.034            ArrangeBySelf
[0, 453]             3            0.092            FlatMap
[0, 454]             5            0.249            ArrangeByKey
[0, 455]             3            0.182            FlatMap
[0, 456]             5            0.218            ArrangeByKey
[0, 457]             3            0.113            FlatMap
[0, 458]             5            0.191            ArrangeByKey
[0, 459]             3            0.053            AsCollection
[0, 460]             3            0.113            FlatMap
[0, 461]             5            0.229            Arrange: Threshold
[0, 462]             4            0.393            Threshold
[0, 463]             3            0.023            AsCollection
[0, 464]             6            0.052            Join
[0, 465]             3            0.080            FlatMap
[0, 466]             5            0.064            Arrange: Threshold
[0, 467]             4            0.046            Threshold
[0, 468]             3            0.008            AsCollection
[0, 469]             3            0.015            FlatMap
[0, 470]             3            0.006            Concatenate
[0, 471]             3            0.015            FlatMap
[0, 472]             3            0.053            FlatMap
[0, 473]             4            0.113            Arrange: Threshold
[0, 474]             4            0.368            Threshold
[0, 475]             3            0.100            AsCollection
[0, 476]             5            0.182            ArrangeByKey
[0, 477]             3            0.053            AsCollection
[0, 478]             3            0.106            FlatMap
[0, 479]             5            0.210            Arrange: Threshold
[0, 480]             4            0.403            Threshold
[0, 481]             3            0.026            AsCollection
[0, 482]             6            0.059            Join
[0, 483]             3            0.074            FlatMap
[0, 484]             7            0.079            Arrange: Threshold
[0, 485]             4            0.060            Threshold
[0, 486]             3            0.007            AsCollection
[0, 487]             3            0.006            FlatMap
[0, 488]             4            0.008            Concatenate
[0, 489]             4            0.015            FlatMap
[0, 490]             4            0.083            FlatMap
[0, 491]             7            0.116            Arrange: Threshold
[0, 492]             4            0.354            Threshold
[0, 493]             3            0.147            AsCollection
[0, 494]             5            0.176            ArrangeByKey
[0, 495]             3            0.054            AsCollection
[0, 496]             3            0.091            FlatMap
[0, 497]             5            0.222            Arrange: Threshold
[0, 498]             4            0.400            Threshold
[0, 499]             3            0.026            AsCollection
[0, 500]             6            0.045            Join
[0, 501]             3            0.065            FlatMap
[0, 502]             5            0.060            Arrange: Threshold
[0, 503]             4            0.046            Threshold
[0, 504]             3            0.006            AsCollection
[0, 505]             3            0.004            FlatMap
[0, 506]             3            0.004            Concatenate
[0, 507]             3            0.012            FlatMap
[0, 508]             3            0.055            FlatMap
[0, 509]             4            0.128            Arrange: Threshold
[0, 510]             4            0.376            Threshold
[0, 511]             3            0.146            AsCollection
[0, 512]             5            0.182            ArrangeByKey
[0, 513]             7            0.258            Join
[0, 514]             8            0.111            ArrangeByKey
[0, 515]             6            0.290            Join
[0, 516]             3            0.028            FlatMap
[0, 517]             3            0.068            FlatMap
[0, 518]             4            0.217            ArrangeBySelf
[0, 519]             3            0.199            FlatMap
[0, 520]             5            0.679            ArrangeByKey
[0, 521]             6            0.689            Join
[0, 522]             5            0.297            ArrangeByKey
[0, 523]             3            0.017            FlatMap
[0, 524]             3            0.099            FlatMap
[0, 525]             5            0.165            ArrangeBySelf
[0, 526]             3            0.142            FlatMap
[0, 527]             5            0.218            ArrangeByKey
[0, 528]             6            0.189            Join
[0, 529]             4            0.133            ArrangeByKey
[0, 530]             7            0.205            Join
[0, 531]             4            0.082            ArrangeByKey
[0, 532]             6            0.236            Join
[0, 533]             3            0.017            FlatMap
[0, 534]             3            0.160            FlatMap
[0, 535]             5            0.162            ArrangeBySelf
[0, 536]             3            0.121            FlatMap
[0, 537]             5            0.190            ArrangeByKey
[0, 538]             7            0.184            Join
[0, 539]             4            0.134            ArrangeByKey
[0, 540]             7            0.229            Join
[0, 541]             4            0.098            ArrangeByKey
[0, 542]             6            0.224            Join
[0, 543]             3            0.011            FlatMap
[0, 544]             3            0.042            FlatMap
[0, 545]             4            0.035            ArrangeBySelf
[0, 546]             3            0.625            FlatMap
[0, 547]             5            2.985            ArrangeByKey
[0, 548]             3            0.203            FlatMap
[0, 549]             5            0.748            ArrangeByKey
[0, 550]             6            0.168            Join
[0, 551]             15           0.053            ArrangeByKey
[0, 552]             6            0.145            Join
[0, 553]             4            0.047            ArrangeByKey
[0, 554]             6            0.140            Join
[0, 555]             3            0.530            FlatMap
[0, 556]             5            2.886            ArrangeByKey
[0, 557]             3            0.111            FlatMap
[0, 558]             5            0.152            ArrangeByKey
[0, 559]             6            0.259            Join
[0, 560]             3            0.127            FlatMap
[0, 561]             5            0.314            ArrangeByKey
[0, 562]             6            0.356            Join
[0, 563]             4            0.166            ArrangeByKey
[0, 564]             3            0.315            FlatMap
[0, 565]             5            1.254            ArrangeByKey
[0, 566]             6            0.382            Join
[0, 567]             3            0.306            FlatMap
[0, 568]             5            1.365            ArrangeByKey
[0, 569]             6            1.426            Join
[0, 570]             4            0.816            ArrangeByKey
[0, 571]             3            0.252            FlatMap
[0, 572]             5            0.857            ArrangeByKey
[0, 573]             6            1.135            Join
[0, 574]             3            0.100            FlatMap
[0, 575]             5            0.117            ArrangeByKey
[0, 576]             6            0.162            Join
[0, 577]             4            0.050            ArrangeByKey
[0, 578]             6            0.170            Join
[0, 579]             4            0.061            ArrangeByKey
[0, 580]             3            0.106            FlatMap
[0, 581]             5            0.111            ArrangeByKey
[0, 582]             7            0.177            Join
[0, 583]             3            0.092            FlatMap
[0, 584]             5            0.145            ArrangeByKey
[0, 585]             6            0.221            Join
[0, 586]             4            0.099            ArrangeByKey
[0, 587]             3            0.111            FlatMap
[0, 588]             5            0.146            ArrangeByKey
[0, 589]             6            0.193            Join
[0, 590]             3            0.091            FlatMap
[0, 591]             5            0.086            ArrangeByKey
[0, 592]             6            0.120            Join
[0, 593]             4            0.024            ArrangeByKey
[0, 594]             3            0.074            FlatMap
[0, 595]             5            0.081            ArrangeByKey
[0, 596]             6            0.087            Join
[0, 597]             3            0.065            FlatMap
[0, 598]             5            0.070            ArrangeByKey
[0, 599]             6            0.082            Join
[0, 600]             4            0.018            ArrangeByKey
[0, 601]             3            0.172            FlatMap
[0, 602]             5            0.522            ArrangeByKey
[0, 603]             6            0.079            Join
[0, 604]             6            0.663            Join
[0, 605]             5            0.322            ArrangeByKey
[0, 606]             3            0.088            FlatMap
[0, 607]             5            0.119            ArrangeByKey
[0, 608]             6            0.153            Join
[0, 609]             3            0.095            FlatMap
[0, 610]             5            0.126            ArrangeByKey
[0, 611]             6            0.200            Join
[0, 612]             5            0.051            ArrangeByKey
[0, 613]             3            0.161            FlatMap
[0, 614]             5            0.126            ArrangeByKey
[0, 615]             6            0.172            Join
[0, 616]             5            0.057            ArrangeByKey
[0, 617]             7            0.194            Join
[0, 618]             3            0.235            FlatMap
[0, 619]             5            0.301            ArrangeByKey
[0, 620]             7            0.435            Join
[0, 621]             18           0.200            ArrangeByKey
[0, 622]             6            0.418            Join
[0, 623]             5            0.188            ArrangeByKey
[0, 624]             3            0.151            FlatMap
[0, 625]             5            0.282            ArrangeByKey
[0, 626]             7            0.404            Join
[0, 627]             3            0.139            FlatMap
[0, 628]             6            0.321            Arrange: Threshold
[0, 629]             4            0.509            Threshold
[0, 630]             3            0.040            AsCollection
[0, 631]             3            0.094            FlatMap
[0, 632]             6            0.146            Arrange: Threshold
[0, 633]             4            0.202            Threshold
[0, 634]             3            0.014            AsCollection
[0, 635]             1            0.001            Concatenate
[0, 636]             1            0.001            Concatenate
[0, 637]             1            0.001            Concatenate
[0, 638]             3            0.007            Concatenate
[0, 639]             3            0.005            Concatenate
[0, 640]             3            0.004            Concatenate
[0, 641]             3            0.097            FlatMap
[0, 642]             11           0.026            Arrange: Threshold
[0, 643]             4            0.034            Threshold
[0, 644]             3            0.005            AsCollection
[0, 645]             3            0.073            FlatMap
[0, 646]             6            0.072            Arrange: Threshold
[0, 647]             4            0.071            Threshold
[0, 648]             3            0.012            AsCollection
[0, 649]             3            0.131            FlatMap
[0, 650]             8            0.455            Arrange: Threshold
[0, 651]             4            0.831            Threshold
[0, 652]             3            0.053            AsCollection
[0, 653]             3            0.166            FlatMap
[0, 654]             8            0.343            Arrange: Threshold
[0, 655]             4            0.593            Threshold
[0, 656]             3            0.059            AsCollection
[0, 657]             3            0.098            FlatMap
[0, 658]             6            0.138            Arrange: Threshold
[0, 659]             4            0.245            Threshold
[0, 660]             3            0.016            AsCollection
[0, 661]             3            0.119            FlatMap
[0, 662]             9            0.156            Arrange: Threshold
[0, 663]             4            0.225            Threshold
[0, 664]             3            0.024            AsCollection
[0, 665]             3            0.135            FlatMap
[0, 666]             5            0.241            Arrange: Threshold
[0, 667]             4            0.436            Threshold
[0, 668]             3            0.065            AsCollection
[0, 669]             3            0.101            FlatMap
[0, 670]             6            0.155            Arrange: Threshold
[0, 671]             4            0.284            Threshold
[0, 672]             3            0.019            AsCollection
[0, 673]             3            0.098            FlatMap
[0, 674]             10           0.139            Arrange: Threshold
[0, 675]             4            0.193            Threshold
[0, 676]             3            0.016            AsCollection
[0, 677]             1            0.002            FlatMap
[0, 678]             2            0.007            Arrange: Threshold
[0, 679]             2            0.008            Threshold
[0, 680]             1            0.001            AsCollection
[0, 681]             3            0.045            FlatMap
[0, 682]             7            0.045            Arrange: Threshold
[0, 683]             4            0.085            Threshold
[0, 684]             3            0.008            AsCollection
[0, 685]             3            0.128            FlatMap
[0, 686]             11           0.443            Arrange: Threshold
[0, 687]             4            0.832            Threshold
[0, 688]             3            0.052            AsCollection
[0, 689]             3            0.244            FlatMap
[0, 690]             8            0.914            Arrange: Threshold
[0, 691]             4            1.491            Threshold
[0, 692]             3            0.096            AsCollection
[0, 693]             3            0.100            FlatMap
[0, 694]             8            0.133            Arrange: Threshold
[0, 695]             4            0.175            Threshold
[0, 696]             3            0.014            AsCollection
[0, 697]             3            0.077            FlatMap
[0, 698]             8            0.098            Arrange: Threshold
[0, 699]             4            0.123            Threshold
[0, 700]             3            0.011            AsCollection
[0, 701]             3            0.145            FlatMap
[0, 702]             5            0.051            ArrangeByKey
[0, 703]             3            0.102            FlatMap
[0, 704]             5            0.045            ArrangeByKey
[0, 705]             304          8.823            Iterative
[0, 705, 1]          3            0.009            FlatMap
[0, 705, 2]          3            0.005            FlatMap
[0, 705, 3]          3            0.007            Enter
[0, 705, 4]          21           0.027            Feedback
[0, 705, 5]          21           0.467            FlatMap
[0, 705, 6]          58           0.263            ArrangeByKey
[0, 705, 7]          28           0.146            Join
[0, 705, 8]          28           0.166            Join
[0, 705, 9]          15           0.021            Concatenate
[0, 705, 10]         17           0.020            Concatenate
[0, 705, 11]         17           0.294            FlatMap
[0, 705, 12]         48           0.209            Arrange: Threshold
[0, 705, 13]         29           0.327            Threshold
[0, 705, 14]         21           0.066            AsCollection
[0, 705, 15]         21           0.019            ResultsIn
[0, 706]             29           0.036            Leave
[0, 707]             1            0.001            FlatMap
[0, 708]             1            0.001            FlatMap
[0, 709]             1            0.000            FlatMap
[0, 710]             2            0.004            ArrangeBySelf
[0, 711]             3            0.113            FlatMap
[0, 712]             5            0.208            ArrangeByKey
[0, 713]             5            0.025            Join
[0, 714]             3            0.010            FlatMap
[0, 715]             3            0.006            FlatMap
[0, 716]             3            0.022            FlatMap
[0, 717]             8            0.016            ArrangeBySelf
[0, 718]             21           0.445            FlatMap
[0, 719]             42           0.195            ArrangeByKey
[0, 720]             7            0.056            Join
[0, 721]             3            0.007            FlatMap
[0, 722]             3            0.023            FlatMap
[0, 723]             8            0.016            ArrangeBySelf
[0, 724]             7            0.052            Join
[0, 725]             3            0.013            FlatMap
[0, 726]             1            0.001            FlatMap
[0, 727]             3            0.013            Arrange: Threshold
[0, 728]             2            0.009            Threshold
[0, 729]             1            0.001            AsCollection
[0, 730]             3            0.041            FlatMap
[0, 731]             4            0.029            Arrange: Threshold
[0, 732]             4            0.026            Threshold
[0, 733]             3            0.010            AsCollection
[0, 734]             3            0.005            Concatenate
[0, 735]             5            0.009            Concatenate
[0, 736]             5            0.135            FlatMap
[0, 737]             15           0.079            Arrange: Threshold
[0, 738]             4            0.103            Threshold
[0, 739]             3            0.009            AsCollection
[0, 740]             1            0.001            FlatMap
[0, 741]             2            0.005            Arrange: Threshold
[0, 742]             2            0.006            Threshold
[0, 743]             1            0.001            AsCollection
[0, 744]             3            0.068            FlatMap
[0, 745]             4            0.115            Arrange: Threshold
[0, 746]             4            0.396            Threshold
[0, 747]             3            0.026            AsCollection
[0, 748]             3            0.075            FlatMap
[0, 749]             7            0.064            ArrangeByKey
[0, 750]             310          6.536            Iterative
[0, 750, 1]          3            0.005            Enter
[0, 750, 2]          3            0.007            FlatMap
[0, 750, 3]          19           0.024            Feedback
[0, 750, 4]          19           0.324            FlatMap
[0, 750, 5]          59           0.169            ArrangeByKey
[0, 750, 6]          24           0.195            Join
[0, 750, 7]          11           0.019            Concatenate
[0, 750, 8]          11           0.238            FlatMap
[0, 750, 9]          62           0.243            Arrange: Threshold
[0, 750, 10]         27           0.332            Threshold
[0, 750, 11]         19           0.035            AsCollection
[0, 750, 12]         19           0.016            ResultsIn
[0, 751]             30           0.028            Leave
[0, 752]             19           0.024            FlatMap
[0, 753]             21           0.019            Concatenate
[0, 754]             21           0.388            FlatMap
[0, 755]             54           0.153            Arrange: Threshold
[0, 756]             4            0.193            Threshold
[0, 757]             3            0.015            AsCollection
[0, 758]             19           0.341            FlatMap
[0, 759]             36           0.100            Arrange: Threshold
[0, 760]             4            0.102            Threshold
[0, 761]             3            0.008            AsCollection
[0, 762]             3            0.017            FlatMap
[0, 763]             3            0.131            FlatMap
[0, 764]             5            0.224            ArrangeBySelf
[0, 765]             3            0.153            FlatMap
[0, 766]             5            0.048            ArrangeByKey
[0, 767]             3            0.093            FlatMap
[0, 768]             5            0.032            ArrangeByKey
[0, 769]             1272         44.735           Iterative
[0, 769, 1]          3            0.005            FlatMap
[0, 769, 2]          3            0.036            Enter
[0, 769, 3]          3            0.008            FlatMap
[0, 769, 4]          3            0.006            FlatMap
[0, 769, 5]          23           0.045            Feedback
[0, 769, 6]          23           1.132            FlatMap
[0, 769, 7]          69           1.422            ArrangeByKey
[0, 769, 8]          36           0.877            Join
[0, 769, 9]          63           1.374            ArrangeByKey
[0, 769, 10]         23           0.249            AsCollection
[0, 769, 11]         23           1.265            FlatMap
[0, 769, 12]         46           1.347            Arrange: Threshold
[0, 769, 13]         30           3.370            Threshold
[0, 769, 14]         21           0.149            AsCollection
[0, 769, 15]         34           0.892            Join
[0, 769, 16]         11           0.299            FlatMap
[0, 769, 17]         36           0.164            Arrange: Threshold
[0, 769, 18]         23           0.249            Threshold
[0, 769, 19]         11           0.021            AsCollection
[0, 769, 20]         11           0.023            FlatMap
[0, 769, 21]         24           0.037            Concatenate
[0, 769, 22]         24           0.115            FlatMap
[0, 769, 23]         24           1.075            FlatMap
[0, 769, 24]         76           1.322            Arrange: Threshold
[0, 769, 25]         29           3.165            Threshold
[0, 769, 26]         21           0.133            AsCollection
[0, 769, 27]         36           0.466            Join
[0, 769, 28]         27           0.103            ArrangeByKey
[0, 769, 29]         7            0.011            AsCollection
[0, 769, 30]         7            0.199            FlatMap
[0, 769, 31]         31           0.096            Arrange: Threshold
[0, 769, 32]         20           0.152            Threshold
[0, 769, 33]         9            0.016            AsCollection
[0, 769, 34]         22           0.123            Join
[0, 769, 35]         7            0.090            FlatMap
[0, 769, 36]         25           0.068            Arrange: Threshold
[0, 769, 37]         18           0.099            Threshold
[0, 769, 38]         7            0.009            AsCollection
[0, 769, 39]         7            0.011            FlatMap
[0, 769, 40]         9            0.015            Concatenate
[0, 769, 41]         9            0.014            FlatMap
[0, 769, 42]         9            0.218            FlatMap
[0, 769, 43]         30           0.103            Arrange: Threshold
[0, 769, 44]         21           0.146            Threshold
[0, 769, 45]         9            0.012            AsCollection
[0, 769, 46]         24           0.029            Concatenate
[0, 769, 47]         26           0.029            Concatenate
[0, 769, 48]         26           0.593            FlatMap
[0, 769, 49]         85           0.866            Arrange: Threshold
[0, 769, 50]         28           4.687            Threshold
[0, 769, 51]         23           0.195            AsCollection
[0, 769, 52]         23           0.047            ResultsIn
[0, 770]             32           0.114            Leave
[0, 771]             3            0.007            FlatMap
[0, 772]             3            0.018            FlatMap
[0, 773]             8            0.032            ArrangeBySelf
[0, 774]             3            0.035            FlatMap
[0, 775]             5            0.018            ArrangeByKey
[0, 776]             7            0.059            Join
[0, 777]             6            0.014            ArrangeByKey
[0, 778]             3            0.075            FlatMap
[0, 779]             5            0.016            ArrangeByKey
[0, 780]             7            0.070            Join
[0, 781]             7            0.026            ArrangeByKey
[0, 782]             270          5.351            Iterative
[0, 782, 1]          3            0.008            FlatMap
[0, 782, 2]          3            0.008            FlatMap
[0, 782, 3]          3            0.007            Enter
[0, 782, 4]          3            0.005            FlatMap
[0, 782, 5]          5            0.008            Feedback
[0, 782, 6]          5            0.160            FlatMap
[0, 782, 7]          16           0.184            ArrangeByKey
[0, 782, 8]          13           0.330            Join
[0, 782, 9]          19           0.138            ArrangeByKey
[0, 782, 10]         10           0.199            Join
[0, 782, 11]         20           0.175            ArrangeByKey
[0, 782, 12]         12           0.118            Join
[0, 782, 13]         10           0.027            ArrangeByKey
[0, 782, 14]         9            0.061            Join
[0, 782, 15]         5            0.008            Concatenate
[0, 782, 16]         5            0.114            FlatMap
[0, 782, 17]         39           0.094            Arrange: Threshold
[0, 782, 18]         8            0.221            Threshold
[0, 782, 19]         5            0.023            AsCollection
[0, 782, 20]         5            0.006            ResultsIn
[0, 783]             7            0.018            Leave
[0, 784]             5            0.017            FlatMap
[0, 785]             5            0.014            FlatMap
[0, 786]             5            0.103            FlatMap
[0, 787]             10           0.093            Arrange: Threshold
[0, 788]             4            0.223            Threshold
[0, 789]             3            0.023            AsCollection
[0, 790]             5            0.068            FlatMap
[0, 791]             11           0.064            Arrange: Threshold
[0, 792]             4            0.211            Threshold
[0, 793]             3            0.015            AsCollection
[0, 794]             3            0.163            FlatMap
[0, 795]             5            0.059            ArrangeByKey
[0, 796]             3            0.052            FlatMap
[0, 797]             5            0.039            ArrangeByKey
[0, 798]             3            0.105            FlatMap
[0, 799]             7            0.148            ArrangeByKey
[0, 800]             3            0.143            FlatMap
[0, 801]             5            0.218            ArrangeByKey
[0, 802]             3            0.040            FlatMap
[0, 803]             5            0.023            ArrangeByKey
[0, 804]             3            0.012            FlatMap
[0, 805]             3            0.043            FlatMap
[0, 806]             5            0.070            ArrangeBySelf
[0, 807]             3            0.090            FlatMap
[0, 808]             7            0.099            ArrangeByKey
[0, 809]             3            0.683            FlatMap
[0, 810]             5            2.766            ArrangeByKey
[0, 811]             3            0.272            FlatMap
[0, 812]             7            1.049            ArrangeByKey
[0, 813]             3            0.176            FlatMap
[0, 814]             6            0.425            ArrangeByKey
[0, 815]             3            0.550            FlatMap
[0, 816]             7            3.282            ArrangeByKey
[0, 817]             3            0.114            FlatMap
[0, 818]             6            0.196            ArrangeByKey
[0, 819]             3            0.292            FlatMap
[0, 820]             6            0.678            ArrangeByKey
[0, 821]             3            0.105            FlatMap
[0, 822]             12           0.175            ArrangeByKey
[0, 823]             3            0.229            FlatMap
[0, 824]             6            0.475            ArrangeByKey
[0, 825]             3            0.163            FlatMap
[0, 826]             6            0.469            ArrangeByKey
[0, 827]             3            0.146            FlatMap
[0, 828]             7            0.456            ArrangeByKey
[0, 829]             23           1.082            FlatMap
[0, 830]             56           1.757            ArrangeByKey
[0, 831]             3            0.162            FlatMap
[0, 832]             6            0.340            ArrangeByKey
[0, 833]             3            0.119            FlatMap
[0, 834]             6            0.840            ArrangeByKey
[0, 835]             3            0.096            FlatMap
[0, 836]             7            0.159            ArrangeByKey
[0, 837]             3            0.097            FlatMap
[0, 838]             5            0.101            ArrangeByKey
[0, 839]             3            0.140            FlatMap
[0, 840]             6            0.419            ArrangeByKey
[0, 841]             3            0.024            FlatMap
[0, 842]             3            0.115            FlatMap
[0, 843]             14           0.142            ArrangeBySelf
[0, 844]             3            0.113            FlatMap
[0, 845]             10           0.167            ArrangeByKey
[0, 846]             3            0.152            FlatMap
[0, 847]             6            0.496            ArrangeByKey
[0, 848]             3            0.093            FlatMap
[0, 849]             7            0.151            ArrangeByKey
[0, 850]             3            0.143            FlatMap
[0, 851]             7            0.312            ArrangeByKey
[0, 852]             3            0.059            FlatMap
[0, 853]             6            0.047            ArrangeByKey
[0, 854]             3            0.093            FlatMap
[0, 855]             7            0.115            ArrangeByKey
[0, 856]             3            0.117            FlatMap
[0, 857]             6            0.130            ArrangeByKey
[0, 858]             3            0.077            FlatMap
[0, 859]             7            0.128            ArrangeByKey
[0, 860]             3            0.078            FlatMap
[0, 861]             14           0.072            ArrangeByKey
[0, 862]             3            0.091            FlatMap
[0, 863]             12           0.061            ArrangeByKey
[0, 864]             3            0.181            FlatMap
[0, 865]             7            0.316            ArrangeByKey
[0, 866]             3            0.107            FlatMap
[0, 867]             8            0.139            ArrangeByKey
[0, 868]             3            0.012            FlatMap
[0, 869]             3            0.033            FlatMap
[0, 870]             5            0.045            ArrangeBySelf
[0, 871]             3            0.221            FlatMap
[0, 872]             6            0.698            ArrangeByKey
[0, 873]             7            0.165            Join
[0, 874]             8            0.056            ArrangeByKey
[0, 875]             3            0.124            FlatMap
[0, 876]             6            0.208            ArrangeByKey
[0, 877]             215310       7787.854         Iterative
[0, 877, 1]          3            0.007            FlatMap
[0, 877, 2]          3            0.006            FlatMap
[0, 877, 3]          3            0.007            FlatMap
[0, 877, 4]          3            0.006            FlatMap
[0, 877, 5]          3            0.007            FlatMap
[0, 877, 6]          1            0.001            Enter
[0, 877, 7]          3            0.005            FlatMap
[0, 877, 8]          3            0.006            FlatMap
[0, 877, 9]          3            0.009            FlatMap
[0, 877, 10]         3            0.007            FlatMap
[0, 877, 11]         3            0.008            FlatMap
[0, 877, 12]         3            0.007            FlatMap
[0, 877, 13]         3            0.007            FlatMap
[0, 877, 14]         3            0.004            FlatMap
[0, 877, 15]         3            0.008            FlatMap
[0, 877, 16]         3            0.004            FlatMap
[0, 877, 17]         3            0.005            FlatMap
[0, 877, 18]         3            0.006            FlatMap
[0, 877, 19]         3            0.005            FlatMap
[0, 877, 20]         3            0.010            FlatMap
[0, 877, 21]         3            0.005            FlatMap
[0, 877, 22]         3            0.005            FlatMap
[0, 877, 23]         3            0.012            FlatMap
[0, 877, 24]         3            0.005            FlatMap
[0, 877, 25]         3            0.008            FlatMap
[0, 877, 26]         3            0.005            FlatMap
[0, 877, 27]         3            0.004            FlatMap
[0, 877, 28]         1            0.000            Enter
[0, 877, 29]         3            0.005            FlatMap
[0, 877, 30]         3            0.007            FlatMap
[0, 877, 31]         3            0.005            FlatMap
[0, 877, 32]         3            0.004            FlatMap
[0, 877, 33]         3            0.005            FlatMap
[0, 877, 34]         3            0.008            FlatMap
[0, 877, 35]         3            0.004            FlatMap
[0, 877, 36]         3            0.019            FlatMap
[0, 877, 37]         3            0.012            FlatMap
[0, 877, 38]         3            0.007            FlatMap
[0, 877, 39]         3            0.009            FlatMap
[0, 877, 40]         3            0.004            FlatMap
[0, 877, 41]         3            0.004            FlatMap
[0, 877, 42]         203          0.382            Feedback
[0, 877, 43]         411          0.792            Feedback
[0, 877, 44]         201          0.320            Feedback
[0, 877, 45]         323          0.430            Feedback
[0, 877, 46]         325          0.423            Feedback
[0, 877, 47]         457          7.393            Feedback
[0, 877, 48]         343          0.421            Feedback
[0, 877, 49]         81           0.118            Feedback
[0, 877, 50]         81           0.144            FlatMap
[0, 877, 51]         81           1.021            FlatMap
[0, 877, 52]         840          1.491            ArrangeBySelf
[0, 877, 53]         330          1.508            Join
[0, 877, 54]         330          1.067            Join
[0, 877, 55]         203          0.356            FlatMap
[0, 877, 56]         203          4.194            FlatMap
[0, 877, 57]         995          2.231            ArrangeBySelf
[0, 877, 58]         443          2.687            Join
[0, 877, 59]         516          1.445            ArrangeByKey
[0, 877, 60]         457          41.273           FlatMap
[0, 877, 61]         3141         85.318           ArrangeByKey
[0, 877, 62]         920          5.637            Join
[0, 877, 63]         517          1.641            ArrangeByKey
[0, 877, 64]         957          5.730            Join
[0, 877, 65]         1044         9.849            ArrangeByKey
[0, 877, 66]         580          18.335           Join
[0, 877, 67]         1059         8.714            ArrangeByKey
[0, 877, 68]         584          14.812           Join
[0, 877, 69]         1093         1.780            ArrangeByKey
[0, 877, 70]         257          1.768            Join
[0, 877, 71]         1099         3.118            ArrangeByKey
[0, 877, 72]         542          5.328            Join
[0, 877, 73]         443          2.197            Join
[0, 877, 74]         583          1.229            ArrangeByKey
[0, 877, 75]         950          5.604            Join
[0, 877, 76]         542          1.337            ArrangeByKey
[0, 877, 77]         343          9.273            FlatMap
[0, 877, 78]         1608         5.236            ArrangeByKey
[0, 877, 79]         845          56.688           Join
[0, 877, 80]         1491         9.119            ArrangeByKey
[0, 877, 81]         589          26.385           Join
[0, 877, 82]         1430         139.544          ArrangeByKey
[0, 877, 83]         556          177.634          Join
[0, 877, 84]         1045         2.135            ArrangeByKey
[0, 877, 85]         254          1.586            Join
[0, 877, 86]         760          1.346            ArrangeByKey
[0, 877, 87]         260          1.993            Join
[0, 877, 88]         443          6.128            Join
[0, 877, 89]         1259         2.509            ArrangeByKey
[0, 877, 90]         1029         17.371           Join
[0, 877, 91]         443          3.637            Join
[0, 877, 92]         947          1.785            ArrangeByKey
[0, 877, 93]         984          16.826           Join
[0, 877, 94]         828          5.852            ArrangeByKey
[0, 877, 95]         411          25.756           FlatMap
[0, 877, 96]         2162         46.230           ArrangeByKey
[0, 877, 97]         1195         82.227           Join
[0, 877, 98]         443          2.375            Join
[0, 877, 99]         203          6.543            FlatMap
[0, 877, 100]        1353         4.117            ArrangeBySelf
[0, 877, 101]        560          7.521            Join
[0, 877, 102]        948          1.678            ArrangeByKey
[0, 877, 103]        560          9.236            Join
[0, 877, 104]        1015         1.477            ArrangeByKey
[0, 877, 105]        1069         11.195           Join
[0, 877, 106]        754          1.797            ArrangeByKey
[0, 877, 107]        960          10.346           Join
[0, 877, 108]        942          2.480            ArrangeByKey
[0, 877, 109]        519          3.810            Join
[0, 877, 110]        560          8.829            Join
[0, 877, 111]        1061         1.860            ArrangeByKey
[0, 877, 112]        560          8.216            Join
[0, 877, 113]        994          1.346            ArrangeByKey
[0, 877, 114]        560          7.120            Join
[0, 877, 115]        1005         1.325            ArrangeByKey
[0, 877, 116]        1084         40.047           Join
[0, 877, 117]        1049         27.429           ArrangeByKey
[0, 877, 118]        641          32.369           Join
[0, 877, 119]        1190         13.060           ArrangeByKey
[0, 877, 120]        1141         19.381           Join
[0, 877, 121]        1399         3.444            ArrangeByKey
[0, 877, 122]        1146         25.607           Join
[0, 877, 123]        1506         9.132            ArrangeByKey
[0, 877, 124]        614          11.858           Join
[0, 877, 125]        323          9.356            FlatMap
[0, 877, 126]        1243         2.787            ArrangeByKey
[0, 877, 127]        539          8.335            Join
[0, 877, 128]        1489         2.985            ArrangeByKey
[0, 877, 129]        540          4.943            Join
[0, 877, 130]        325          8.677            FlatMap
[0, 877, 131]        1915         4.058            ArrangeByKey
[0, 877, 132]        1265         27.839           Join
[0, 877, 133]        443          2.651            Join
[0, 877, 134]        733          1.241            ArrangeByKey
[0, 877, 135]        296          2.412            Join
[0, 877, 136]        679          1.889            ArrangeByKey
[0, 877, 137]        487          12.254           Join
[0, 877, 138]        2093         27.380           ArrangeByKey
[0, 877, 139]        457          6.515            FlatMap
[0, 877, 140]        457          20.741           FlatMap
[0, 877, 141]        2540         41.929           ArrangeBySelf
[0, 877, 142]        1192         402.875          Join
[0, 877, 143]        641          71.225           Join
[0, 877, 144]        1552         33.051           ArrangeByKey
[0, 877, 145]        1136         53.616           Join
[0, 877, 146]        1997         16.792           ArrangeByKey
[0, 877, 147]        1151         72.203           Join
[0, 877, 148]        2207         15.494           ArrangeByKey
[0, 877, 149]        619          32.161           Join
[0, 877, 150]        1535         5.511            ArrangeByKey
[0, 877, 151]        548          6.133            Join
[0, 877, 152]        457          7.961            FlatMap
[0, 877, 153]        457          37.068           FlatMap
[0, 877, 154]        3741         26.715           ArrangeBySelf
[0, 877, 155]        560          9.769            Join
[0, 877, 156]        1676         2.206            ArrangeByKey
[0, 877, 157]        1053         9.529            Join
[0, 877, 158]        291          5.323            FlatMap
[0, 877, 159]        1670         2.278            ArrangeBySelf
[0, 877, 160]        508          7.314            Join
[0, 877, 161]        1295         2.328            ArrangeByKey
[0, 877, 162]        807          3.730            Join
[0, 877, 163]        539          8.664            Join
[0, 877, 164]        1743         2.378            ArrangeByKey
[0, 877, 165]        543          3.916            Join
[0, 877, 166]        443          3.456            Join
[0, 877, 167]        849          1.643            ArrangeByKey
[0, 877, 168]        979          10.262           Join
[0, 877, 169]        1393         3.133            ArrangeByKey
[0, 877, 170]        1142         12.061           Join
[0, 877, 171]        1146         12.011           Join
[0, 877, 172]        417          15.124           FlatMap
[0, 877, 173]        2373         8.262            ArrangeBySelf
[0, 877, 174]        619          6.228            Join
[0, 877, 175]        443          1.646            Join
[0, 877, 176]        129          2.520            FlatMap
[0, 877, 177]        963          1.651            ArrangeBySelf
[0, 877, 178]        448          2.449            Join
[0, 877, 179]        330          1.488            Join
[0, 877, 180]        443          1.580            Join
[0, 877, 181]        49           0.700            FlatMap
[0, 877, 182]        665          1.141            ArrangeBySelf
[0, 877, 183]        345          1.716            Join
[0, 877, 184]        443          2.459            Join
[0, 877, 185]        670          1.192            ArrangeByKey
[0, 877, 186]        201          4.708            FlatMap
[0, 877, 187]        1646         2.987            ArrangeByKey
[0, 877, 188]        786          4.324            Join
[0, 877, 189]        807          4.473            Join
[0, 877, 190]        443          1.849            Join
[0, 877, 191]        474          0.989            ArrangeByKey
[0, 877, 192]        932          94.287           Join
[0, 877, 193]        443          1.511            Join
[0, 877, 194]        27           0.404            FlatMap
[0, 877, 195]        478          0.999            ArrangeBySelf
[0, 877, 196]        316          1.430            Join
[0, 877, 197]        203          0.339            FlatMap
[0, 877, 198]        203          4.600            FlatMap
[0, 877, 199]        1041         1.419            ArrangeBySelf
[0, 877, 200]        443          2.247            Join
[0, 877, 201]        443          1.472            Join
[0, 877, 202]        443          1.116            Join
[0, 877, 203]        443          7.918            Join
[0, 877, 204]        1522         3.991            ArrangeByKey
[0, 877, 205]        561          4.967            Join
[0, 877, 206]        159          2.136            FlatMap
[0, 877, 207]        1126         1.392            ArrangeBySelf
[0, 877, 208]        406          2.244            Join
[0, 877, 209]        159          2.378            FlatMap
[0, 877, 210]        1026         1.310            ArrangeBySelf
[0, 877, 211]        348          1.866            Join
[0, 877, 212]        387          0.569            Concatenate
[0, 877, 213]        633          0.650            Concatenate
[0, 877, 214]        715          0.617            Concatenate
[0, 877, 215]        715          0.585            Concatenate
[0, 877, 216]        715          19.685           FlatMap
[0, 877, 217]        3336         6.334            Arrange: Threshold
[0, 877, 218]        557          6.896            Threshold
[0, 877, 219]        325          0.500            AsCollection
[0, 877, 220]        410          0.589            Concatenate
[0, 877, 221]        410          8.793            FlatMap
[0, 877, 222]        2838         4.283            Arrange: Threshold
[0, 877, 223]        569          6.743            Threshold
[0, 877, 224]        325          0.689            AsCollection
[0, 877, 225]        57           0.717            FlatMap
[0, 877, 226]        1373         1.804            Arrange: Threshold
[0, 877, 227]        442          3.653            Threshold
[0, 877, 228]        201          0.449            AsCollection
[0, 877, 229]        617          0.685            Concatenate
[0, 877, 230]        699          0.581            Concatenate
[0, 877, 231]        699          23.820           FlatMap
[0, 877, 232]        3432         9.492            Arrange: Threshold
[0, 877, 233]        661          18.500           Threshold
[0, 877, 234]        431          0.686            AsCollection
[0, 877, 235]        335          14.350           FlatMap
[0, 877, 236]        3881         44.477           Arrange: Threshold
[0, 877, 237]        643          314.712          Threshold
[0, 877, 238]        413          8.289            AsCollection
[0, 877, 239]        283          0.407            Concatenate
[0, 877, 240]        283          0.346            Concatenate
[0, 877, 241]        325          0.372            Concatenate
[0, 877, 242]        338          0.357            Concatenate
[0, 877, 243]        438          0.446            Concatenate
[0, 877, 244]        438          0.396            Concatenate
[0, 877, 245]        438          7.246            FlatMap
[0, 877, 246]        3198         2.557            Arrange: Threshold
[0, 877, 247]        444          3.037            Threshold
[0, 877, 248]        203          0.279            AsCollection
[0, 877, 249]        261          8.387            FlatMap
[0, 877, 250]        1568         4.388            Arrange: Threshold
[0, 877, 251]        599          13.380           Threshold
[0, 877, 252]        367          0.856            AsCollection
[0, 877, 253]        453          0.728            Concatenate
[0, 877, 254]        1141         1.356            Concatenate
[0, 877, 255]        1385         1.310            Concatenate
[0, 877, 256]        1544         1.667            Concatenate
[0, 877, 257]        1771         1.623            Concatenate
[0, 877, 258]        2069         1.630            Concatenate
[0, 877, 259]        2141         1.565            Concatenate
[0, 877, 260]        2249         1.542            Concatenate
[0, 877, 261]        2249         113.179          FlatMap
[0, 877, 262]        15187        281.837          Arrange: Threshold
[0, 877, 263]        675          1396.018         Threshold
[0, 877, 264]        461          13.635           AsCollection
[0, 877, 265]        203          0.249            ResultsIn
[0, 877, 266]        411          2.392            ResultsIn
[0, 877, 267]        343          0.371            ResultsIn
[0, 877, 268]        81           0.100            ResultsIn
[0, 877, 269]        201          0.253            ResultsIn
[0, 877, 270]        457          1.971            ResultsIn
[0, 877, 271]        323          0.298            ResultsIn
[0, 877, 272]        325          0.361            ResultsIn
[0, 878]             631          0.500            Leave
[0, 879]             1109         1.875            Leave
[0, 880]             960          0.793            Leave
[0, 881]             629          0.522            Leave
[0, 882]             1139         0.663            Leave
[0, 883]             1798         3.001            Leave
[0, 884]             933          0.595            Leave
[0, 885]             464          0.319            Leave
[0, 886]             23           0.470            FlatMap
[0, 887]             54           1.154            Arrange: Threshold
[0, 888]             4            2.115            Threshold
[0, 889]             3            0.107            AsCollection
[0, 890]             3            0.041            FlatMap
[0, 891]             3            0.044            FlatMap
[0, 892]             3            0.087            FlatMap
[0, 893]             6            0.006            Consolidate
[0, 894]             1            0.001            AsCollection
[0, 895]             2            0.002            InspectBatch
[0, 896]             2            0.001            Probe
[0, 897]             3            0.066            FlatMap
[0, 898]             4            0.117            Arrange: Threshold
[0, 899]             4            0.394            Threshold
[0, 900]             3            0.028            AsCollection
[0, 901]             3            0.025            FlatMap
[0, 902]             3            0.015            FlatMap
[0, 903]             3            0.051            FlatMap
[0, 904]             5            0.013            Consolidate
[0, 905]             1            0.001            AsCollection
[0, 906]             2            0.004            InspectBatch
[0, 907]             2            0.002            Probe
[0, 908]             3            0.025            FlatMap
[0, 909]             10           0.026            Arrange: Threshold
[0, 910]             4            0.070            Threshold
[0, 911]             3            0.009            AsCollection
[0, 912]             3            0.007            FlatMap
[0, 913]             3            0.008            FlatMap
[0, 914]             3            0.037            FlatMap
[0, 915]             15           0.024            Consolidate
[0, 916]             1            0.001            AsCollection
[0, 917]             2            0.011            InspectBatch
[0, 918]             2            0.002            Probe
[0, 919]             19           0.256            FlatMap
[0, 920]             43           0.063            Arrange: Threshold
[0, 921]             4            0.111            Threshold
[0, 922]             3            0.008            AsCollection
[0, 923]             3            0.005            FlatMap
[0, 924]             3            0.005            FlatMap
[0, 925]             3            0.046            FlatMap
[0, 926]             6            0.009            Consolidate
[0, 927]             1            0.001            AsCollection
[0, 928]             2            0.002            InspectBatch
[0, 929]             2            0.001            Probe
[0, 930]             3            0.025            FlatMap
[0, 931]             7            0.022            Arrange: Threshold
[0, 932]             4            0.119            Threshold
[0, 933]             3            0.010            AsCollection
[0, 934]             3            0.006            FlatMap
[0, 935]             3            0.005            FlatMap
[0, 936]             3            0.034            FlatMap
[0, 937]             4            0.006            Consolidate
[0, 938]             1            0.001            AsCollection
[0, 939]             2            0.003            InspectBatch
[0, 940]             2            0.002            Probe
[0, 941]             21           0.315            FlatMap
[0, 942]             49           0.074            Arrange: Threshold
[0, 943]             4            0.111            Threshold
[0, 944]             3            0.007            AsCollection
[0, 945]             3            0.006            FlatMap
[0, 946]             3            0.004            FlatMap
[0, 947]             3            0.028            FlatMap
[0, 948]             6            0.009            Consolidate
[0, 949]             1            0.001            AsCollection
[0, 950]             2            0.002            InspectBatch
[0, 951]             2            0.001            Probe
[0, 952]             5            0.062            FlatMap
[0, 953]             12           0.072            Arrange: Threshold
[0, 954]             4            0.214            Threshold
[0, 955]             3            0.014            AsCollection
[0, 956]             3            0.015            FlatMap
[0, 957]             3            0.006            FlatMap
[0, 958]             3            0.025            FlatMap
[0, 959]             7            0.008            Consolidate
[0, 960]             1            0.000            AsCollection
[0, 961]             2            0.002            InspectBatch
[0, 962]             2            0.002            Probe
[0, 963]             3            0.046            FlatMap
[0, 964]             7            0.058            Arrange: Threshold
[0, 965]             4            0.209            Threshold
[0, 966]             3            0.016            AsCollection
[0, 967]             3            0.008            FlatMap
[0, 968]             3            0.007            FlatMap
[0, 969]             3            0.036            FlatMap
[0, 970]             6            0.006            Consolidate
[0, 971]             1            0.001            AsCollection
[0, 972]             2            0.003            InspectBatch
[0, 973]             2            0.001            Probe
[0, 974]             3            0.034            FlatMap
[0, 975]             7            0.057            Arrange: Threshold
[0, 976]             4            0.222            Threshold
[0, 977]             3            0.017            AsCollection
[0, 978]             3            0.009            FlatMap
[0, 979]             3            0.008            FlatMap
[0, 980]             3            0.028            FlatMap
[0, 981]             8            0.005            Consolidate
[0, 982]             1            0.001            AsCollection
[0, 983]             2            0.004            InspectBatch
[0, 984]             2            0.001            Probe
[0, 985]             1            0.001            FlatMap
[0, 986]             2            0.005            Arrange: Threshold
[0, 987]             2            0.007            Threshold
[0, 988]             1            0.001            AsCollection
[0, 989]             1            0.001            FlatMap
[0, 990]             1            0.001            FlatMap
[0, 991]             1            0.001            FlatMap
[0, 992]             3            0.006            Consolidate
[0, 993]             1            0.000            AsCollection
[0, 994]             2            0.002            InspectBatch
[0, 995]             2            0.010            Probe
[0, 996]             3            0.031            FlatMap
[0, 997]             4            0.012            Arrange: Threshold
[0, 998]             4            0.037            Threshold
[0, 999]             3            0.005            AsCollection
[0, 1000]            3            0.003            FlatMap
[0, 1001]            3            0.003            FlatMap
[0, 1002]            3            0.027            FlatMap
[0, 1003]            6            0.012            Consolidate
[0, 1004]            1            0.001            AsCollection
[0, 1005]            2            0.004            InspectBatch
[0, 1006]            2            0.001            Probe
[0, 1007]            81           1.109            FlatMap
[0, 1008]            672          0.515            Arrange: Threshold
[0, 1009]            4            0.039            Threshold
[0, 1010]            3            0.005            AsCollection
[0, 1011]            3            0.012            FlatMap
[0, 1012]            3            0.005            FlatMap
[0, 1013]            3            0.017            FlatMap
[0, 1014]            4            0.006            Consolidate
[0, 1015]            1            0.001            AsCollection
[0, 1016]            2            0.002            InspectBatch
[0, 1017]            2            0.001            Probe
[0, 1018]            325          6.269            FlatMap
[0, 1019]            1628         1.200            Arrange: Threshold
[0, 1020]            4            0.371            Threshold
[0, 1021]            3            0.026            AsCollection
[0, 1022]            3            0.013            FlatMap
[0, 1023]            3            0.011            FlatMap
[0, 1024]            3            0.030            FlatMap
[0, 1025]            4            0.005            Consolidate
[0, 1026]            1            0.000            AsCollection
[0, 1027]            2            0.002            InspectBatch
[0, 1028]            2            0.000            Probe
[0, 1029]            457          19.504           FlatMap
[0, 1030]            2765         120.515          Arrange: Threshold
[0, 1031]            4            121.592          Threshold
[0, 1032]            3            7.029            AsCollection
[0, 1033]            3            12.144           FlatMap
[0, 1034]            3            2.637            FlatMap
[0, 1035]            3            4.164            FlatMap
[0, 1036]            4            0.007            Consolidate
[0, 1037]            1            0.001            AsCollection
[0, 1038]            2            0.007            InspectBatch
[0, 1039]            2            0.006            Probe
[0, 1040]            411          13.246           FlatMap
[0, 1041]            1830         44.131           Arrange: Threshold
[0, 1042]            4            48.353           Threshold
[0, 1043]            3            5.140            AsCollection
[0, 1044]            3            1.666            FlatMap
[0, 1045]            3            1.006            FlatMap
[0, 1046]            3            1.594            FlatMap
[0, 1047]            33           0.008            Consolidate
[0, 1048]            1            0.001            AsCollection
[0, 1049]            2            0.002            InspectBatch
[0, 1050]            2            0.001            Probe
[0, 1051]            201          4.319            FlatMap
[0, 1052]            1427         0.834            Arrange: Threshold
[0, 1053]            4            0.195            Threshold
[0, 1054]            3            0.015            AsCollection
[0, 1055]            3            0.007            FlatMap
[0, 1056]            3            0.006            FlatMap
[0, 1057]            3            0.026            FlatMap
[0, 1058]            34           0.007            Consolidate
[0, 1059]            1            0.001            AsCollection
[0, 1060]            2            0.002            InspectBatch
[0, 1061]            2            0.001            Probe
[0, 1062]            323          7.832            FlatMap
[0, 1063]            1160         0.918            Arrange: Threshold
[0, 1064]            4            0.238            Threshold
[0, 1065]            3            0.015            AsCollection
[0, 1066]            3            0.008            FlatMap
[0, 1067]            3            0.010            FlatMap
[0, 1068]            3            0.023            FlatMap
[0, 1069]            35           0.007            Consolidate
[0, 1070]            1            0.000            AsCollection
[0, 1071]            2            0.002            InspectBatch
[0, 1072]            2            0.006            Probe
[0, 1073]            343          7.389            FlatMap
[0, 1074]            1442         1.500            Arrange: Threshold
[0, 1075]            4            0.800            Threshold
[0, 1076]            3            0.060            AsCollection
[0, 1077]            3            0.031            FlatMap
[0, 1078]            3            0.027            FlatMap
[0, 1079]            3            0.052            FlatMap
[0, 1080]            38           0.010            Consolidate
[0, 1081]            1            0.001            AsCollection
[0, 1082]            2            0.002            InspectBatch
[0, 1083]            2            0.001            Probe
[0, 1084]            203          4.501            FlatMap
[0, 1085]            1057         0.745            Arrange: Threshold
[0, 1086]            4            0.057            Threshold
[0, 1087]            3            0.005            AsCollection
[0, 1088]            3            0.004            FlatMap
[0, 1089]            3            0.004            FlatMap
[0, 1090]            3            0.021            FlatMap
[0, 1091]            38           0.010            Consolidate
[0, 1092]            1            0.001            AsCollection
[0, 1093]            2            0.001            InspectBatch
[0, 1094]            2            0.000            Probe
