addr                 activations  total_active_ms  name
[0]                  239738       8747.995         Dataflow
[0, 1]               1            0.000            Input
[0, 2]               2            0.405            FlatMap
[0, 3]               6            0.068            Arrange: Threshold
[0, 4]               4            0.066            Threshold
[0, 5]               3            0.011            AsCollection
[0, 6]               1            0.000            Input
[0, 7]               2            0.328            FlatMap
[0, 8]               7            0.046            Arrange: Threshold
[0, 9]               4            0.043            Threshold
[0, 10]              3            0.010            AsCollection
[0, 11]              1            0.000            Input
[0, 12]              1            0.001            FlatMap
[0, 13]              3            0.014            Arrange: Threshold
[0, 14]              2            0.007            Threshold
[0, 15]              1            0.001            AsCollection
[0, 16]              1            0.000            Input
[0, 17]              2            0.403            FlatMap
[0, 18]              6            0.270            Arrange: Threshold
[0, 19]              4            0.408            Threshold
[0, 20]              3            0.040            AsCollection
[0, 21]              1            0.000            Input
[0, 22]              2            0.301            FlatMap
[0, 23]              8            0.129            Arrange: Threshold
[0, 24]              4            0.021            Threshold
[0, 25]              3            0.005            AsCollection
[0, 26]              1            0.000            Input
[0, 27]              2            0.427            FlatMap
[0, 28]              7            0.530            Arrange: Threshold
[0, 29]              4            1.102            Threshold
[0, 30]              3            0.083            AsCollection
[0, 31]              1            0.000            Input
[0, 32]              2            0.519            FlatMap
[0, 33]              6            0.974            Arrange: Threshold
[0, 34]              4            1.714            Threshold
[0, 35]              3            0.133            AsCollection
[0, 36]              1            0.000            Input
[0, 37]              2            0.398            FlatMap
[0, 38]              9            0.323            Arrange: Threshold
[0, 39]              4            0.598            Threshold
[0, 40]              3            0.056            AsCollection
[0, 41]              1            0.000            Input
[0, 42]              2            0.987            FlatMap
[0, 43]              8            2.655            Arrange: Threshold
[0, 44]              4            5.466            Threshold
[0, 45]              3            0.353            AsCollection
[0, 46]              1            0.000            Input
[0, 47]              2            0.295            FlatMap
[0, 48]              8            0.219            Arrange: Threshold
[0, 49]              4            0.515            Threshold
[0, 50]              3            0.039            AsCollection
[0, 51]              1            0.000            Input
[0, 52]              2            0.430            FlatMap
[0, 53]              7            0.059            Arrange: Threshold
[0, 54]              4            0.056            Threshold
[0, 55]              3            0.007            AsCollection
[0, 56]              1            0.000            Input
[0, 57]              2            0.265            FlatMap
[0, 58]              7            0.054            Arrange: Threshold
[0, 59]              4            0.023            Threshold
[0, 60]              3            0.008            AsCollection
[0, 61]              1            0.000            Input
[0, 62]              2            0.118            FlatMap
[0, 63]              6            0.031            Arrange: Threshold
[0, 64]              4            0.023            Threshold
[0, 65]              3            0.005            AsCollection
[0, 66]              1            0.000            Input
[0, 67]              2            0.248            FlatMap
[0, 68]              7            0.048            Arrange: Threshold
[0, 69]              4            0.032            Threshold
[0, 70]              3            0.005            AsCollection
[0, 71]              1            0.000            Input
[0, 72]              2            0.542            FlatMap
[0, 73]              6            0.166            Arrange: Threshold
[0, 74]              4            0.337            Threshold
[0, 75]              3            0.034            AsCollection
[0, 76]              1            0.000            Input
[0, 77]              2            0.409            FlatMap
[0, 78]              7            0.154            Arrange: Threshold
[0, 79]              4            0.291            Threshold
[0, 80]              3            0.017            AsCollection
[0, 81]              1            0.000            Input
[0, 82]              2            0.518            FlatMap
[0, 83]              7            0.390            Arrange: Threshold
[0, 84]              4            0.629            Threshold
[0, 85]              3            0.083            AsCollection
[0, 86]              1            0.000            Input
[0, 87]              2            0.691            FlatMap
[0, 88]              6            1.235            Arrange: Threshold
[0, 89]              4            1.887            Threshold
[0, 90]              3            0.196            AsCollection
[0, 91]              1            0.000            Input
[0, 92]              2            0.398            FlatMap
[0, 93]              7            0.155            Arrange: Threshold
[0, 94]              4            0.230            Threshold
[0, 95]              3            0.034            AsCollection
[0, 96]              1            0.000            Input
[0, 97]              2            0.497            FlatMap
[0, 98]              7            0.356            Arrange: Threshold
[0, 99]              4            0.265            Threshold
[0, 100]             3            0.016            AsCollection
[0, 101]             1            0.001            Input
[0, 102]             2            0.268            FlatMap
[0, 103]             6            0.115            Arrange: Threshold
[0, 104]             4            0.242            Threshold
[0, 105]             3            0.022            AsCollection
[0, 106]             1            0.000            Input
[0, 107]             2            0.385            FlatMap
[0, 108]             7            0.224            Arrange: Threshold
[0, 109]             4            0.374            Threshold
[0, 110]             3            0.053            AsCollection
[0, 111]             1            0.000            Input
[0, 112]             2            0.448            FlatMap
[0, 113]             6            0.535            Arrange: Threshold
[0, 114]             4            1.103            Threshold
[0, 115]             3            0.271            AsCollection
[0, 116]             1            0.000            Input
[0, 117]             2            0.332            FlatMap
[0, 118]             7            0.361            Arrange: Threshold
[0, 119]             4            0.576            Threshold
[0, 120]             3            0.053            AsCollection
[0, 121]             1            0.000            Input
[0, 122]             2            0.289            FlatMap
[0, 123]             7            0.213            Arrange: Threshold
[0, 124]             4            0.455            Threshold
[0, 125]             3            0.059            AsCollection
[0, 126]             1            0.000            Input
[0, 127]             2            0.452            FlatMap
[0, 128]             7            0.178            Arrange: Threshold
[0, 129]             4            0.286            Threshold
[0, 130]             3            0.037            AsCollection
[0, 131]             1            0.001            Input
[0, 132]             2            0.409            FlatMap
[0, 133]             6            0.400            Arrange: Threshold
[0, 134]             4            0.762            Threshold
[0, 135]             3            0.143            AsCollection
[0, 136]             1            0.000            Input
[0, 137]             2            0.194            FlatMap
[0, 138]             7            0.078            Arrange: Threshold
[0, 139]             4            0.063            Threshold
[0, 140]             3            0.013            AsCollection
[0, 141]             1            0.001            Input
[0, 142]             2            0.245            FlatMap
[0, 143]             6            0.113            Arrange: Threshold
[0, 144]             4            0.215            Threshold
[0, 145]             3            0.020            AsCollection
[0, 146]             1            0.000            Input
[0, 147]             2            0.301            FlatMap
[0, 148]             7            0.183            Arrange: Threshold
[0, 149]             4            0.336            Threshold
[0, 150]             3            0.029            AsCollection
[0, 151]             1            0.000            Input
[0, 152]             2            0.252            FlatMap
[0, 153]             6            0.091            Arrange: Threshold
[0, 154]             4            0.114            Threshold
[0, 155]             3            0.013            AsCollection
[0, 156]             1            0.000            Input
[0, 157]             2            0.208            FlatMap
[0, 158]             6            0.188            Arrange: Threshold
[0, 159]             4            0.342            Threshold
[0, 160]             3            0.024            AsCollection
[0, 161]             3            0.010            FlatMap
[0, 162]             3            0.012            FlatMap
[0, 163]             3            0.014            FlatMap
[0, 164]             3            0.012            FlatMap
[0, 165]             3            0.006            FlatMap
[0, 166]             3            0.005            FlatMap
[0, 167]             3            0.006            FlatMap
[0, 168]             3            0.011            FlatMap
[0, 169]             3            0.011            FlatMap
[0, 170]             3            0.012            FlatMap
[0, 171]             3            0.012            FlatMap
[0, 172]             3            0.008            FlatMap
[0, 173]             3            0.007            FlatMap
[0, 174]             3            0.005            FlatMap
[0, 175]             3            0.004            FlatMap
[0, 176]             3            0.010            FlatMap
[0, 177]             3            0.023            FlatMap
[0, 178]             3            0.022            FlatMap
[0, 179]             3            0.023            FlatMap
[0, 180]             3            0.030            FlatMap
[0, 181]             3            0.010            FlatMap
[0, 182]             3            0.010            FlatMap
[0, 183]             3            0.012            FlatMap
[0, 184]             3            0.009            FlatMap
[0, 185]             3            0.019            FlatMap
[0, 186]             3            0.017            FlatMap
[0, 187]             3            0.031            FlatMap
[0, 188]             3            0.031            FlatMap
[0, 189]             3            0.030            FlatMap
[0, 190]             3            0.032            FlatMap
[0, 191]             3            0.016            FlatMap
[0, 192]             3            0.014            FlatMap
[0, 193]             3            0.016            FlatMap
[0, 194]             3            0.012            FlatMap
[0, 195]             3            0.010            FlatMap
[0, 196]             3            0.008            FlatMap
[0, 197]             3            0.009            FlatMap
[0, 198]             3            0.019            FlatMap
[0, 199]             3            0.009            FlatMap
[0, 200]             3            0.009            FlatMap
[0, 201]             3            0.009            FlatMap
[0, 202]             3            0.069            FlatMap
[0, 203]             3            0.060            FlatMap
[0, 204]             3            0.056            FlatMap
[0, 205]             3            0.022            FlatMap
[0, 206]             3            0.021            FlatMap
[0, 207]             3            0.021            FlatMap
[0, 208]             3            0.010            FlatMap
[0, 209]             3            0.012            FlatMap
[0, 210]             3            0.006            FlatMap
[0, 211]             3            0.007            FlatMap
[0, 212]             3            0.005            FlatMap
[0, 213]             3            0.009            FlatMap
[0, 214]             3            0.044            FlatMap
[0, 215]             4            0.076            Arrange: Threshold
[0, 216]             4            0.311            Threshold
[0, 217]             3            0.025            AsCollection
[0, 218]             4            0.009            Concatenate
[0, 219]             4            0.007            Concatenate
[0, 220]             4            0.010            Concatenate
[0, 221]             4            0.061            FlatMap
[0, 222]             7            0.036            Arrange: Threshold
[0, 223]             4            0.078            Threshold
[0, 224]             3            0.008            AsCollection
[0, 225]             3            0.105            FlatMap
[0, 226]             5            0.294            Arrange: Threshold
[0, 227]             4            0.518            Threshold
[0, 228]             3            0.033            AsCollection
[0, 229]             3            0.102            FlatMap
[0, 230]             5            0.117            Arrange: Threshold
[0, 231]             4            0.199            Threshold
[0, 232]             3            0.015            AsCollection
[0, 233]             3            0.022            FlatMap
[0, 234]             6            0.024            Arrange: Threshold
[0, 235]             4            0.018            Threshold
[0, 236]             3            0.006            AsCollection
[0, 237]             3            0.079            FlatMap
[0, 238]             5            0.121            Arrange: Threshold
[0, 239]             4            0.234            Threshold
[0, 240]             3            0.016            AsCollection
[0, 241]             3            0.029            FlatMap
[0, 242]             4            0.015            Arrange: Threshold
[0, 243]             4            0.081            Threshold
[0, 244]             3            0.011            AsCollection
[0, 245]             3            0.064            FlatMap
[0, 246]             5            0.105            Arrange: Threshold
[0, 247]             4            0.113            Threshold
[0, 248]             3            0.008            AsCollection
[0, 249]             3            0.081            FlatMap
[0, 250]             5            0.164            Arrange: Threshold
[0, 251]             4            0.320            Threshold
[0, 252]             3            0.020            AsCollection
[0, 253]             3            0.211            FlatMap
[0, 254]             5            0.849            Arrange: Threshold
[0, 255]             4            1.754            Threshold
[0, 256]             3            0.116            AsCollection
[0, 257]             3            0.026            FlatMap
[0, 258]             6            0.017            Arrange: Threshold
[0, 259]             4            0.055            Threshold
[0, 260]             3            0.013            AsCollection
[0, 261]             3            0.114            FlatMap
[0, 262]             5            0.119            Arrange: Threshold
[0, 263]             4            0.238            Threshold
[0, 264]             3            0.015            AsCollection
[0, 265]             3            0.009            Concatenate
[0, 266]             3            0.010            Concatenate
[0, 267]             3            0.215            FlatMap
[0, 268]             5            0.722            Arrange: Threshold
[0, 269]             4            1.441            Threshold
[0, 270]             3            0.107            AsCollection
[0, 271]             3            0.081            FlatMap
[0, 272]             5            0.158            Arrange: Threshold
[0, 273]             4            0.220            Threshold
[0, 274]             3            0.014            AsCollection
[0, 275]             3            0.031            FlatMap
[0, 276]             5            0.032            Arrange: Threshold
[0, 277]             4            0.040            Threshold
[0, 278]             3            0.006            AsCollection
[0, 279]             3            0.094            FlatMap
[0, 280]             5            0.141            Arrange: Threshold
[0, 281]             4            0.268            Threshold
[0, 282]             3            0.018            AsCollection
[0, 283]             3            0.179            FlatMap
[0, 284]             5            0.434            Arrange: Threshold
[0, 285]             4            0.900            Threshold
[0, 286]             3            0.052            AsCollection
[0, 287]             3            0.104            FlatMap
[0, 288]             5            0.118            Arrange: Threshold
[0, 289]             4            0.222            Threshold
[0, 290]             3            0.014            AsCollection
[0, 291]             3            0.006            Concatenate
[0, 292]             3            0.010            Concatenate
[0, 293]             3            0.006            Concatenate
[0, 294]             3            0.385            FlatMap
[0, 295]             5            0.564            Arrange: Threshold
[0, 296]             4            1.026            Threshold
[0, 297]             3            0.064            AsCollection
[0, 298]             3            0.109            FlatMap
[0, 299]             5            0.255            Arrange: Threshold
[0, 300]             4            0.476            Threshold
[0, 301]             3            0.052            AsCollection
[0, 302]             3            0.009            Concatenate
[0, 303]             3            0.008            Concatenate
[0, 304]             3            0.560            FlatMap
[0, 305]             5            1.899            Arrange: Threshold
[0, 306]             4            2.352            Threshold
[0, 307]             3            0.157            AsCollection
[0, 308]             3            0.164            FlatMap
[0, 309]             5            0.317            Arrange: Threshold
[0, 310]             4            0.550            Threshold
[0, 311]             3            0.037            AsCollection
[0, 312]             3            0.088            FlatMap
[0, 313]             5            0.100            Arrange: Threshold
[0, 314]             4            0.115            Threshold
[0, 315]             3            0.008            AsCollection
[0, 316]             3            0.022            FlatMap
[0, 317]             6            0.014            Arrange: Threshold
[0, 318]             4            0.024            Threshold
[0, 319]             3            0.006            AsCollection
[0, 320]             3            0.007            Concatenate
[0, 321]             3            0.005            Concatenate
[0, 322]             3            0.006            Concatenate
[0, 323]             3            0.007            Concatenate
[0, 324]             3            0.016            Concatenate
[0, 325]             3            0.020            Concatenate
[0, 326]             3            0.008            Concatenate
[0, 327]             3            0.029            Concatenate
[0, 328]             3            0.009            Concatenate
[0, 329]             3            0.009            Concatenate
[0, 330]             3            0.014            Concatenate
[0, 331]             3            0.012            Concatenate
[0, 332]             3            0.925            FlatMap
[0, 333]             5            3.015            Arrange: Threshold
[0, 334]             4            4.857            Threshold
[0, 335]             3            0.508            AsCollection
[0, 336]             3            0.122            FlatMap
[0, 337]             5            0.311            Arrange: Threshold
[0, 338]             4            0.603            Threshold
[0, 339]             3            0.036            AsCollection
[0, 340]             3            0.084            FlatMap
[0, 341]             5            0.134            Arrange: Threshold
[0, 342]             4            0.216            Threshold
[0, 343]             3            0.015            AsCollection
[0, 344]             3            0.049            FlatMap
[0, 345]             5            0.071            Arrange: Threshold
[0, 346]             4            0.077            Threshold
[0, 347]             3            0.006            AsCollection
[0, 348]             3            0.006            Concatenate
[0, 349]             4            0.006            Concatenate
[0, 350]             4            0.006            Concatenate
[0, 351]             4            0.007            Concatenate
[0, 352]             4            0.095            FlatMap
[0, 353]             7            0.091            Arrange: Threshold
[0, 354]             4            0.215            Threshold
[0, 355]             3            0.017            AsCollection
[0, 356]             3            0.081            FlatMap
[0, 357]             5            0.160            Arrange: Threshold
[0, 358]             4            0.276            Threshold
[0, 359]             3            0.019            AsCollection
[0, 360]             3            0.109            FlatMap
[0, 361]             5            0.203            Arrange: Threshold
[0, 362]             4            0.404            Threshold
[0, 363]             3            0.037            AsCollection
[0, 364]             3            0.088            FlatMap
[0, 365]             5            0.189            Arrange: Threshold
[0, 366]             4            0.345            Threshold
[0, 367]             3            0.022            AsCollection
[0, 368]             3            0.171            FlatMap
[0, 369]             5            0.426            Arrange: Threshold
[0, 370]             4            0.853            Threshold
[0, 371]             3            0.053            AsCollection
[0, 372]             3            0.190            FlatMap
[0, 373]             5            0.112            Arrange: Threshold
[0, 374]             4            0.159            Threshold
[0, 375]             3            0.012            AsCollection
[0, 376]             3            0.004            FlatMap
[0, 377]             1            0.001            FlatMap
[0, 378]             3            0.008            ArrangeBySelf
[0, 379]             3            0.005            FlatMap
[0, 380]             1            0.001            FlatMap
[0, 381]             3            0.005            ArrangeBySelf
[0, 382]             2            0.011            Join
[0, 383]             3            0.008            ArrangeByKey
[0, 384]             3            0.026            FlatMap
[0, 385]             5            0.013            ArrangeByKey
[0, 386]             3            0.016            Join
[0, 387]             3            0.004            FlatMap
[0, 388]             1            0.001            FlatMap
[0, 389]             3            0.005            ArrangeBySelf
[0, 390]             3            0.004            FlatMap
[0, 391]             1            0.001            FlatMap
[0, 392]             3            0.006            ArrangeBySelf
[0, 393]             2            0.009            Join
[0, 394]             3            0.006            ArrangeByKey
[0, 395]             3            0.009            Join
[0, 396]             3            0.005            FlatMap
[0, 397]             3            0.006            ArrangeByKey
[0, 398]             2            0.007            Join
[0, 399]             3            0.022            FlatMap
[0, 400]             5            0.008            ArrangeByKey
[0, 401]             2            0.006            Join
[0, 402]             3            0.005            FlatMap
[0, 403]             3            0.014            FlatMap
[0, 404]             3            0.006            FlatMap
[0, 405]             3            0.008            FlatMap
[0, 406]             3            0.010            FlatMap
[0, 407]             3            0.023            FlatMap
[0, 408]             4            0.009            ArrangeBySelf
[0, 409]             3            0.018            FlatMap
[0, 410]             3            0.125            FlatMap
[0, 411]             7            0.106            ArrangeBySelf
[0, 412]             3            0.011            FlatMap
[0, 413]             3            0.017            FlatMap
[0, 414]             5            0.017            ArrangeBySelf
[0, 415]             3            0.012            FlatMap
[0, 416]             3            0.032            FlatMap
[0, 417]             7            0.031            ArrangeBySelf
[0, 418]             3            0.100            FlatMap
[0, 419]             5            0.260            ArrangeByKey
[0, 420]             1            0.001            FlatMap
[0, 421]             1            0.001            FlatMap
[0, 422]             2            0.006            ArrangeBySelf
[0, 423]             5            0.031            Join
[0, 424]             3            0.007            ArrangeByKey
[0, 425]             3            0.014            Join
[0, 426]             3            0.008            ArrangeByKey
[0, 427]             5            0.027            Join
[0, 428]             1            0.001            FlatMap
[0, 429]             4            0.009            ArrangeBySelf
[0, 430]             5            0.022            Join
[0, 431]             1            0.001            FlatMap
[0, 432]             4            0.006            ArrangeBySelf
[0, 433]             5            0.017            Join
[0, 434]             1            0.001            FlatMap
[0, 435]             4            0.006            ArrangeBySelf
[0, 436]             3            0.013            Join
[0, 437]             2            0.004            ArrangeByKey
[0, 438]             3            0.017            Join
[0, 439]             1            0.001            FlatMap
[0, 440]             2            0.009            ArrangeBySelf
[0, 441]             3            0.011            Join
[0, 442]             1            0.001            FlatMap
[0, 443]             2            0.005            ArrangeBySelf
[0, 444]             3            0.014            Join
[0, 445]             2            0.003            ArrangeByKey
[0, 446]             2            0.007            Join
[0, 447]             1            0.001            FlatMap
[0, 448]             2            0.006            ArrangeBySelf
[0, 449]             3            0.013            Join
[0, 450]             3            0.011            FlatMap
[0, 451]             3            0.033            FlatMap
[0, 452]             7            0.032            ArrangeBySelf
[0, 453]             3            0.101            FlatMap
[0, 454]             5            0.202            ArrangeByKey
[0, 455]             3            0.167            FlatMap
[0, 456]             5            0.238            ArrangeByKey
[0, 457]             3            0.194            FlatMap
[0, 458]             5            0.194            ArrangeByKey
[0, 459]             3            0.054            AsCollection
[0, 460]             3            0.101            FlatMap
[0, 461]             5            0.203            Arrange: Threshold
[0, 462]             4            0.426            Threshold
[0, 463]             3            0.026            AsCollection
[0, 464]             6            0.048            Join
[0, 465]             3            0.061            FlatMap
[0, 466]             5            0.066            Arrange: Threshold
[0, 467]             4            0.045            Threshold
[0, 468]             3            0.006            AsCollection
[0, 469]             3            0.005            FlatMap
[0, 470]             3            0.006            Concatenate
[0, 471]             3            0.015            FlatMap
[0, 472]             3            0.052            FlatMap
[0, 473]             4            0.113            Arrange: Threshold
[0, 474]             4            0.360            Threshold
[0, 475]             3            0.113            AsCollection
[0, 476]             5            0.200            ArrangeByKey
[0, 477]             3            0.079            AsCollection
[0, 478]             3            0.112            FlatMap
[0, 479]             5            0.210            Arrange: Threshold
[0, 480]             4            0.398            Threshold
[0, 481]             3            0.024            AsCollection
[0, 482]             5            0.044            Join
[0, 483]             3            0.099            FlatMap
[0, 484]             6            0.078            Arrange: Threshold
[0, 485]             4            0.050            Threshold
[0, 486]             3            0.005            AsCollection
[0, 487]             3            0.005            FlatMap
[0, 488]             4            0.007            Concatenate
[0, 489]             4            0.015            FlatMap
[0, 490]             4            0.068            FlatMap
[0, 491]             6            0.105            Arrange: Threshold
[0, 492]             4            0.352            Threshold
[0, 493]             3            0.101            AsCollection
[0, 494]             5            0.219            ArrangeByKey
[0, 495]             3            0.059            AsCollection
[0, 496]             3            0.102            FlatMap
[0, 497]             5            0.194            Arrange: Threshold
[0, 498]             4            0.401            Threshold
[0, 499]             3            0.025            AsCollection
[0, 500]             6            0.062            Join
[0, 501]             3            0.052            FlatMap
[0, 502]             5            0.047            Arrange: Threshold
[0, 503]             4            0.042            Threshold
[0, 504]             3            0.005            AsCollection
[0, 505]             3            0.003            FlatMap
[0, 506]             3            0.004            Concatenate
[0, 507]             3            0.022            FlatMap
[0, 508]             3            0.041            FlatMap
[0, 509]             4            0.111            Arrange: Threshold
[0, 510]             4            0.380            Threshold
[0, 511]             3            0.105            AsCollection
[0, 512]             5            0.202            ArrangeByKey
[0, 513]             7            0.266            Join
[0, 514]             10           0.101            ArrangeByKey
[0, 515]             6            0.265            Join
[0, 516]             3            0.030            FlatMap
[0, 517]             3            0.067            FlatMap
[0, 518]             4            0.222            ArrangeBySelf
[0, 519]             3            0.208            FlatMap
[0, 520]             5            0.728            ArrangeByKey
[0, 521]             6            0.620            Join
[0, 522]             5            0.397            ArrangeByKey
[0, 523]             3            0.017            FlatMap
[0, 524]             3            0.174            FlatMap
[0, 525]             5            0.167            ArrangeBySelf
[0, 526]             3            0.165            FlatMap
[0, 527]             5            0.234            ArrangeByKey
[0, 528]             6            0.228            Join
[0, 529]             4            0.166            ArrangeByKey
[0, 530]             7            0.250            Join
[0, 531]             4            0.101            ArrangeByKey
[0, 532]             6            0.261            Join
[0, 533]             3            0.017            FlatMap
[0, 534]             3            0.202            FlatMap
[0, 535]             5            0.176            ArrangeBySelf
[0, 536]             3            0.120            FlatMap
[0, 537]             5            0.229            ArrangeByKey
[0, 538]             7            0.217            Join
[0, 539]             4            0.176            ArrangeByKey
[0, 540]             7            0.237            Join
[0, 541]             4            0.095            ArrangeByKey
[0, 542]             6            0.247            Join
[0, 543]             3            0.010            FlatMap
[0, 544]             3            0.031            FlatMap
[0, 545]             4            0.027            ArrangeBySelf
[0, 546]             3            0.615            FlatMap
[0, 547]             5            3.055            ArrangeByKey
[0, 548]             3            0.191            FlatMap
[0, 549]             5            0.668            ArrangeByKey
[0, 550]             5            0.174            Join
[0, 551]             5            0.055            ArrangeByKey
[0, 552]             6            0.162            Join
[0, 553]             4            0.044            ArrangeByKey
[0, 554]             6            0.141            Join
[0, 555]             3            0.543            FlatMap
[0, 556]             5            3.028            ArrangeByKey
[0, 557]             3            0.093            FlatMap
[0, 558]             5            0.157            ArrangeByKey
[0, 559]             6            0.240            Join
[0, 560]             3            0.116            FlatMap
[0, 561]             5            0.313            ArrangeByKey
[0, 562]             6            0.445            Join
[0, 563]             4            0.161            ArrangeByKey
[0, 564]             3            0.328            FlatMap
[0, 565]             5            1.259            ArrangeByKey
[0, 566]             6            0.366            Join
[0, 567]             3            0.410            FlatMap
[0, 568]             5            1.274            ArrangeByKey
[0, 569]             6            1.407            Join
[0, 570]             4            0.816            ArrangeByKey
[0, 571]             3            0.304            FlatMap
[0, 572]             5            0.876            ArrangeByKey
[0, 573]             6            1.162            Join
[0, 574]             3            0.238            FlatMap
[0, 575]             5            0.128            ArrangeByKey
[0, 576]             6            0.150            Join
[0, 577]             4            0.066            ArrangeByKey
[0, 578]             6            0.150            Join
[0, 579]             4            0.052            ArrangeByKey
[0, 580]             3            0.093            FlatMap
[0, 581]             5            0.117            ArrangeByKey
[0, 582]             7            0.174            Join
[0, 583]             3            0.125            FlatMap
[0, 584]             5            0.141            ArrangeByKey
[0, 585]             6            0.206            Join
[0, 586]             4            0.100            ArrangeByKey
[0, 587]             3            0.265            FlatMap
[0, 588]             5            0.153            ArrangeByKey
[0, 589]             6            0.199            Join
[0, 590]             3            0.275            FlatMap
[0, 591]             5            0.089            ArrangeByKey
[0, 592]             6            0.100            Join
[0, 593]             4            0.034            ArrangeByKey
[0, 594]             3            0.226            FlatMap
[0, 595]             5            0.089            ArrangeByKey
[0, 596]             6            0.083            Join
[0, 597]             3            0.182            FlatMap
[0, 598]             5            0.067            ArrangeByKey
[0, 599]             6            0.073            Join
[0, 600]             4            0.017            ArrangeByKey
[0, 601]             3            0.367            FlatMap
[0, 602]             5            0.581            ArrangeByKey
[0, 603]             6            0.064            Join
[0, 604]             6            0.664            Join
[0, 605]             4            0.334            ArrangeByKey
[0, 606]             3            0.101            FlatMap
[0, 607]             5            0.110            ArrangeByKey
[0, 608]             6            0.135            Join
[0, 609]             3            0.180            FlatMap
[0, 610]             5            0.137            ArrangeByKey
[0, 611]             6            0.204            Join
[0, 612]             5            0.062            ArrangeByKey
[0, 613]             3            0.216            FlatMap
[0, 614]             5            0.130            ArrangeByKey
[0, 615]             6            0.170            Join
[0, 616]             5            0.054            ArrangeByKey
[0, 617]             7            0.200            Join
[0, 618]             3            0.266            FlatMap
[0, 619]             5            0.299            ArrangeByKey
[0, 620]             7            0.444            Join
[0, 621]             6            0.176            ArrangeByKey
[0, 622]             6            0.442            Join
[0, 623]             5            0.178            ArrangeByKey
[0, 624]             3            0.149            FlatMap
[0, 625]             5            0.307            ArrangeByKey
[0, 626]             7            0.400            Join
[0, 627]             3            0.123            FlatMap
[0, 628]             6            0.345            Arrange: Threshold
[0, 629]             4            0.517            Threshold
[0, 630]             3            0.040            AsCollection
[0, 631]             3            0.120            FlatMap
[0, 632]             6            0.131            Arrange: Threshold
[0, 633]             4            0.208            Threshold
[0, 634]             3            0.014            AsCollection
[0, 635]             1            0.001            Concatenate
[0, 636]             1            0.001            Concatenate
[0, 637]             1            0.001            Concatenate
[0, 638]             3            0.007            Concatenate
[0, 639]             3            0.004            Concatenate
[0, 640]             3            0.007            Concatenate
[0, 641]             3            0.136            FlatMap
[0, 642]             9            0.034            Arrange: Threshold
[0, 643]             4            0.027            Threshold
[0, 644]             3            0.004            AsCollection
[0, 645]             3            0.073            FlatMap
[0, 646]             6            0.070            Arrange: Threshold
[0, 647]             4            0.077            Threshold
[0, 648]             3            0.009            AsCollection
[0, 649]             3            0.146            FlatMap
[0, 650]             8            0.412            Arrange: Threshold
[0, 651]             4            0.807            Threshold
[0, 652]             3            0.048            AsCollection
[0, 653]             3            0.143            FlatMap
[0, 654]             8            0.328            Arrange: Threshold
[0, 655]             4            0.578            Threshold
[0, 656]             3            0.042            AsCollection
[0, 657]             3            0.106            FlatMap
[0, 658]             6            0.190            Arrange: Threshold
[0, 659]             4            0.262            Threshold
[0, 660]             3            0.021            AsCollection
[0, 661]             3            0.122            FlatMap
[0, 662]             8            0.134            Arrange: Threshold
[0, 663]             4            0.211            Threshold
[0, 664]             3            0.015            AsCollection
[0, 665]             3            0.143            FlatMap
[0, 666]             5            0.256            Arrange: Threshold
[0, 667]             4            0.430            Threshold
[0, 668]             3            0.051            AsCollection
[0, 669]             3            0.104            FlatMap
[0, 670]             5            0.143            Arrange: Threshold
[0, 671]             4            0.313            Threshold
[0, 672]             3            0.023            AsCollection
[0, 673]             3            0.121            FlatMap
[0, 674]             10           0.131            Arrange: Threshold
[0, 675]             4            0.212            Threshold
[0, 676]             3            0.015            AsCollection
[0, 677]             1            0.002            FlatMap
[0, 678]             2            0.006            Arrange: Threshold
[0, 679]             2            0.076            Threshold
[0, 680]             1            0.001            AsCollection
[0, 681]             3            0.042            FlatMap
[0, 682]             9            0.051            Arrange: Threshold
[0, 683]             4            0.071            Threshold
[0, 684]             3            0.007            AsCollection
[0, 685]             3            0.144            FlatMap
[0, 686]             11           0.432            Arrange: Threshold
[0, 687]             4            0.836            Threshold
[0, 688]             3            0.052            AsCollection
[0, 689]             3            0.222            FlatMap
[0, 690]             7            0.895            Arrange: Threshold
[0, 691]             4            1.540            Threshold
[0, 692]             3            0.109            AsCollection
[0, 693]             3            0.098            FlatMap
[0, 694]             8            0.114            Arrange: Threshold
[0, 695]             4            0.154            Threshold
[0, 696]             3            0.013            AsCollection
[0, 697]             3            0.080            FlatMap
[0, 698]             8            0.095            Arrange: Threshold
[0, 699]             4            0.100            Threshold
[0, 700]             3            0.007            AsCollection
[0, 701]             3            0.063            FlatMap
[0, 702]             5            0.065            ArrangeByKey
[0, 703]             3            0.151            FlatMap
[0, 704]             5            0.044            ArrangeByKey
[0, 705]             344          8.532            Iterative
[0, 705, 1]          3            0.009            FlatMap
[0, 705, 2]          3            0.007            FlatMap
[0, 705, 3]          3            0.006            Enter
[0, 705, 4]          19           0.024            Feedback
[0, 705, 5]          19           0.486            FlatMap
[0, 705, 6]          71           0.324            ArrangeByKey
[0, 705, 7]          31           0.169            Join
[0, 705, 8]          31           0.233            Join
[0, 705, 9]          15           0.023            Concatenate
[0, 705, 10]         17           0.021            Concatenate
[0, 705, 11]         17           0.448            FlatMap
[0, 705, 12]         51           0.256            Arrange: Threshold
[0, 705, 13]         29           0.350            Threshold
[0, 705, 14]         19           0.041            AsCollection
[0, 705, 15]         19           0.020            ResultsIn
[0, 706]             30           0.035            Leave
[0, 707]             1            0.001            FlatMap
[0, 708]             1            0.001            FlatMap
[0, 709]             1            0.001            FlatMap
[0, 710]             2            0.005            ArrangeBySelf
[0, 711]             3            0.149            FlatMap
[0, 712]             5            0.215            ArrangeByKey
[0, 713]             5            0.031            Join
[0, 714]             3            0.011            FlatMap
[0, 715]             3            0.007            FlatMap
[0, 716]             3            0.012            FlatMap
[0, 717]             5            0.014            ArrangeBySelf
[0, 718]             19           0.433            FlatMap
[0, 719]             42           0.229            ArrangeByKey
[0, 720]             7            0.033            Join
[0, 721]             3            0.008            FlatMap
[0, 722]             3            0.020            FlatMap
[0, 723]             5            0.015            ArrangeBySelf
[0, 724]             7            0.064            Join
[0, 725]             3            0.024            FlatMap
[0, 726]             1            0.001            FlatMap
[0, 727]             3            0.006            Arrange: Threshold
[0, 728]             2            0.007            Threshold
[0, 729]             1            0.001            AsCollection
[0, 730]             3            0.050            FlatMap
[0, 731]             5            0.026            Arrange: Threshold
[0, 732]             4            0.026            Threshold
[0, 733]             3            0.005            AsCollection
[0, 734]             3            0.006            Concatenate
[0, 735]             5            0.008            Concatenate
[0, 736]             5            0.159            FlatMap
[0, 737]             14           0.076            Arrange: Threshold
[0, 738]             4            0.108            Threshold
[0, 739]             3            0.014            AsCollection
[0, 740]             1            0.001            FlatMap
[0, 741]             2            0.012            Arrange: Threshold
[0, 742]             2            0.008            Threshold
[0, 743]             1            0.001            AsCollection
[0, 744]             3            0.078            FlatMap
[0, 745]             4            0.121            Arrange: Threshold
[0, 746]             4            0.405            Threshold
[0, 747]             3            0.043            AsCollection
[0, 748]             3            0.067            FlatMap
[0, 749]             10           0.067            ArrangeByKey
[0, 750]             325          6.271            Iterative
[0, 750, 1]          3            0.006            Enter
[0, 750, 2]          3            0.006            FlatMap
[0, 750, 3]          21           0.027            Feedback
[0, 750, 4]          21           0.391            FlatMap
[0, 750, 5]          66           0.125            ArrangeByKey
[0, 750, 6]          20           0.130            Join
[0, 750, 7]          7            0.015            Concatenate
[0, 750, 8]          7            0.134            FlatMap
[0, 750, 9]          44           0.204            Arrange: Threshold
[0, 750, 10]         28           0.312            Threshold
[0, 750, 11]         21           0.081            AsCollection
[0, 750, 12]         21           0.018            ResultsIn
[0, 751]             34           0.031            Leave
[0, 752]             21           0.032            FlatMap
[0, 753]             23           0.021            Concatenate
[0, 754]             23           0.387            FlatMap
[0, 755]             61           0.155            Arrange: Threshold
[0, 756]             4            0.187            Threshold
[0, 757]             3            0.015            AsCollection
[0, 758]             21           0.390            FlatMap
[0, 759]             47           0.090            Arrange: Threshold
[0, 760]             4            0.082            Threshold
[0, 761]             3            0.008            AsCollection
[0, 762]             3            0.019            FlatMap
[0, 763]             3            0.141            FlatMap
[0, 764]             5            0.217            ArrangeBySelf
[0, 765]             3            0.051            FlatMap
[0, 766]             5            0.046            ArrangeByKey
[0, 767]             3            0.121            FlatMap
[0, 768]             5            0.061            ArrangeByKey
[0, 769]             1178         44.587           Iterative
[0, 769, 1]          3            0.006            FlatMap
[0, 769, 2]          3            0.029            Enter
[0, 769, 3]          3            0.009            FlatMap
[0, 769, 4]          3            0.005            FlatMap
[0, 769, 5]          25           0.046            Feedback
[0, 769, 6]          25           0.998            FlatMap
[0, 769, 7]          53           1.476            ArrangeByKey
[0, 769, 8]          39           1.084            Join
[0, 769, 9]          59           1.352            ArrangeByKey
[0, 769, 10]         23           0.257            AsCollection
[0, 769, 11]         23           1.160            FlatMap
[0, 769, 12]         44           1.352            Arrange: Threshold
[0, 769, 13]         32           4.048            Threshold
[0, 769, 14]         23           0.163            AsCollection
[0, 769, 15]         33           0.873            Join
[0, 769, 16]         13           0.239            FlatMap
[0, 769, 17]         36           0.180            Arrange: Threshold
[0, 769, 18]         22           0.275            Threshold
[0, 769, 19]         13           0.020            AsCollection
[0, 769, 20]         13           0.025            FlatMap
[0, 769, 21]         25           0.033            Concatenate
[0, 769, 22]         25           0.120            FlatMap
[0, 769, 23]         25           1.037            FlatMap
[0, 769, 24]         62           1.386            Arrange: Threshold
[0, 769, 25]         31           3.156            Threshold
[0, 769, 26]         23           0.118            AsCollection
[0, 769, 27]         39           0.481            Join
[0, 769, 28]         26           0.090            ArrangeByKey
[0, 769, 29]         7            0.012            AsCollection
[0, 769, 30]         7            0.145            FlatMap
[0, 769, 31]         29           0.106            Arrange: Threshold
[0, 769, 32]         19           0.139            Threshold
[0, 769, 33]         9            0.011            AsCollection
[0, 769, 34]         22           0.119            Join
[0, 769, 35]         5            0.062            FlatMap
[0, 769, 36]         24           0.064            Arrange: Threshold
[0, 769, 37]         17           0.099            Threshold
[0, 769, 38]         5            0.007            AsCollection
[0, 769, 39]         5            0.008            FlatMap
[0, 769, 40]         10           0.012            Concatenate
[0, 769, 41]         10           0.014            FlatMap
[0, 769, 42]         10           0.199            FlatMap
[0, 769, 43]         32           0.096            Arrange: Threshold
[0, 769, 44]         22           0.154            Threshold
[0, 769, 45]         9            0.011            AsCollection
[0, 769, 46]         27           0.033            Concatenate
[0, 769, 47]         29           0.026            Concatenate
[0, 769, 48]         29           0.592            FlatMap
[0, 769, 49]         76           0.816            Arrange: Threshold
[0, 769, 50]         31           4.755            Threshold
[0, 769, 51]         25           0.222            AsCollection
[0, 769, 52]         25           0.038            ResultsIn
[0, 770]             29           0.105            Leave
[0, 771]             3            0.007            FlatMap
[0, 772]             3            0.015            FlatMap
[0, 773]             5            0.022            ArrangeBySelf
[0, 774]             3            0.043            FlatMap
[0, 775]             5            0.038            ArrangeByKey
[0, 776]             7            0.084            Join
[0, 777]             6            0.013            ArrangeByKey
[0, 778]             3            0.031            FlatMap
[0, 779]             5            0.024            ArrangeByKey
[0, 780]             7            0.064            Join
[0, 781]             6            0.018            ArrangeByKey
[0, 782]             281          5.502            Iterative
[0, 782, 1]          3            0.006            FlatMap
[0, 782, 2]          3            0.007            FlatMap
[0, 782, 3]          3            0.006            Enter
[0, 782, 4]          3            0.005            FlatMap
[0, 782, 5]          5            0.008            Feedback
[0, 782, 6]          5            0.135            FlatMap
[0, 782, 7]          16           0.176            ArrangeByKey
[0, 782, 8]          12           0.339            Join
[0, 782, 9]          15           0.108            ArrangeByKey
[0, 782, 10]         12           0.261            Join
[0, 782, 11]         17           0.156            ArrangeByKey
[0, 782, 12]         12           0.154            Join
[0, 782, 13]         11           0.039            ArrangeByKey
[0, 782, 14]         9            0.050            Join
[0, 782, 15]         5            0.008            Concatenate
[0, 782, 16]         5            0.100            FlatMap
[0, 782, 17]         34           0.112            Arrange: Threshold
[0, 782, 18]         8            0.226            Threshold
[0, 782, 19]         5            0.022            AsCollection
[0, 782, 20]         5            0.006            ResultsIn
[0, 783]             7            0.022            Leave
[0, 784]             5            0.017            FlatMap
[0, 785]             5            0.012            FlatMap
[0, 786]             5            0.085            FlatMap
[0, 787]             12           0.093            Arrange: Threshold
[0, 788]             4            0.213            Threshold
[0, 789]             3            0.018            AsCollection
[0, 790]             5            0.069            FlatMap
[0, 791]             12           0.059            Arrange: Threshold
[0, 792]             4            0.204            Threshold
[0, 793]             3            0.016            AsCollection
[0, 794]             3            0.055            FlatMap
[0, 795]             5            0.057            ArrangeByKey
[0, 796]             3            0.049            FlatMap
[0, 797]             5            0.050            ArrangeByKey
[0, 798]             3            0.125            FlatMap
[0, 799]             7            0.097            ArrangeByKey
[0, 800]             3            0.168            FlatMap
[0, 801]             5            0.242            ArrangeByKey
[0, 802]             3            0.030            FlatMap
[0, 803]             5            0.024            ArrangeByKey
[0, 804]             3            0.010            FlatMap
[0, 805]             3            0.038            FlatMap
[0, 806]             5            0.070            ArrangeBySelf
[0, 807]             3            0.102            FlatMap
[0, 808]             6            0.086            ArrangeByKey
[0, 809]             3            0.658            FlatMap
[0, 810]             5            2.604            ArrangeByKey
[0, 811]             3            0.240            FlatMap
[0, 812]             7            0.929            ArrangeByKey
[0, 813]             3            0.203            FlatMap
[0, 814]             6            0.423            ArrangeByKey
[0, 815]             3            0.513            FlatMap
[0, 816]             7            3.109            ArrangeByKey
[0, 817]             3            0.128            FlatMap
[0, 818]             5            0.186            ArrangeByKey
[0, 819]             3            0.294            FlatMap
[0, 820]             5            0.694            ArrangeByKey
[0, 821]             3            0.104            FlatMap
[0, 822]             16           0.220            ArrangeByKey
[0, 823]             3            0.243            FlatMap
[0, 824]             5            0.480            ArrangeByKey
[0, 825]             3            0.189            FlatMap
[0, 826]             6            0.459            ArrangeByKey
[0, 827]             3            0.146            FlatMap
[0, 828]             7            0.448            ArrangeByKey
[0, 829]             25           1.130            FlatMap
[0, 830]             44           1.770            ArrangeByKey
[0, 831]             3            0.135            FlatMap
[0, 832]             5            0.335            ArrangeByKey
[0, 833]             3            0.242            FlatMap
[0, 834]             5            0.892            ArrangeByKey
[0, 835]             3            0.097            FlatMap
[0, 836]             7            0.146            ArrangeByKey
[0, 837]             3            0.100            FlatMap
[0, 838]             5            0.088            ArrangeByKey
[0, 839]             3            0.109            FlatMap
[0, 840]             6            0.128            ArrangeByKey
[0, 841]             3            0.013            FlatMap
[0, 842]             3            0.093            FlatMap
[0, 843]             16           0.160            ArrangeBySelf
[0, 844]             3            0.119            FlatMap
[0, 845]             10           0.150            ArrangeByKey
[0, 846]             3            0.177            FlatMap
[0, 847]             6            0.416            ArrangeByKey
[0, 848]             3            0.111            FlatMap
[0, 849]             7            0.176            ArrangeByKey
[0, 850]             3            0.159            FlatMap
[0, 851]             7            0.235            ArrangeByKey
[0, 852]             3            0.065            FlatMap
[0, 853]             6            0.059            ArrangeByKey
[0, 854]             3            0.102            FlatMap
[0, 855]             7            0.135            ArrangeByKey
[0, 856]             3            0.108            FlatMap
[0, 857]             5            0.141            ArrangeByKey
[0, 858]             3            0.085            FlatMap
[0, 859]             7            0.212            ArrangeByKey
[0, 860]             3            0.075            FlatMap
[0, 861]             14           0.064            ArrangeByKey
[0, 862]             3            0.086            FlatMap
[0, 863]             14           0.123            ArrangeByKey
[0, 864]             3            0.148            FlatMap
[0, 865]             7            0.295            ArrangeByKey
[0, 866]             3            0.115            FlatMap
[0, 867]             8            0.127            ArrangeByKey
[0, 868]             3            0.012            FlatMap
[0, 869]             3            0.034            FlatMap
[0, 870]             4            0.034            ArrangeBySelf
[0, 871]             3            0.221            FlatMap
[0, 872]             5            0.703            ArrangeByKey
[0, 873]             7            0.173            Join
[0, 874]             7            0.043            ArrangeByKey
[0, 875]             3            0.136            FlatMap
[0, 876]             5            0.219            ArrangeByKey
[0, 877]             227938       7717.801         Iterative
[0, 877, 1]          3            0.007            FlatMap
[0, 877, 2]          3            0.007            FlatMap
[0, 877, 3]          3            0.007            FlatMap
[0, 877, 4]          3            0.011            FlatMap
[0, 877, 5]          3            0.007            FlatMap
[0, 877, 6]          1            0.002            Enter
[0, 877, 7]          3            0.005            FlatMap
[0, 877, 8]          3            0.005            FlatMap
[0, 877, 9]          3            0.013            FlatMap
[0, 877, 10]         3            0.006            FlatMap
[0, 877, 11]         3            0.007            FlatMap
[0, 877, 12]         3            0.004            FlatMap
[0, 877, 13]         3            0.008            FlatMap
[0, 877, 14]         3            0.005            FlatMap
[0, 877, 15]         3            0.006            FlatMap
[0, 877, 16]         3            0.004            FlatMap
[0, 877, 17]         3            0.006            FlatMap
[0, 877, 18]         3            0.006            FlatMap
[0, 877, 19]         3            0.006            FlatMap
[0, 877, 20]         3            0.016            FlatMap
[0, 877, 21]         3            0.009            FlatMap
[0, 877, 22]         3            0.004            FlatMap
[0, 877, 23]         3            0.008            FlatMap
[0, 877, 24]         3            0.006            FlatMap
[0, 877, 25]         3            0.006            FlatMap
[0, 877, 26]         3            0.008            FlatMap
[0, 877, 27]         3            0.010            FlatMap
[0, 877, 28]         1            0.000            Enter
[0, 877, 29]         3            0.005            FlatMap
[0, 877, 30]         3            0.004            FlatMap
[0, 877, 31]         3            0.005            FlatMap
[0, 877, 32]         3            0.005            FlatMap
[0, 877, 33]         3            0.004            FlatMap
[0, 877, 34]         3            0.006            FlatMap
[0, 877, 35]         3            0.010            FlatMap
[0, 877, 36]         3            0.006            FlatMap
[0, 877, 37]         3            0.019            FlatMap
[0, 877, 38]         3            0.012            FlatMap
[0, 877, 39]         3            0.007            FlatMap
[0, 877, 40]         3            0.006            FlatMap
[0, 877, 41]         3            0.005            FlatMap
[0, 877, 42]         197          0.387            Feedback
[0, 877, 43]         411          0.825            Feedback
[0, 877, 44]         227          0.320            Feedback
[0, 877, 45]         321          0.397            Feedback
[0, 877, 46]         329          0.383            Feedback
[0, 877, 47]         453          7.109            Feedback
[0, 877, 48]         349          0.385            Feedback
[0, 877, 49]         77           0.106            Feedback
[0, 877, 50]         77           0.148            FlatMap
[0, 877, 51]         77           1.020            FlatMap
[0, 877, 52]         943          1.497            ArrangeBySelf
[0, 877, 53]         327          1.591            Join
[0, 877, 54]         327          1.038            Join
[0, 877, 55]         197          0.361            FlatMap
[0, 877, 56]         197          3.821            FlatMap
[0, 877, 57]         1004         2.543            ArrangeBySelf
[0, 877, 58]         432          2.776            Join
[0, 877, 59]         514          1.520            ArrangeByKey
[0, 877, 60]         453          41.461           FlatMap
[0, 877, 61]         3322         97.614           ArrangeByKey
[0, 877, 62]         927          6.269            Join
[0, 877, 63]         529          1.525            ArrangeByKey
[0, 877, 64]         963          10.193           Join
[0, 877, 65]         1076         9.136            ArrangeByKey
[0, 877, 66]         571          17.729           Join
[0, 877, 67]         1094         9.883            ArrangeByKey
[0, 877, 68]         594          14.024           Join
[0, 877, 69]         1109         16.481           ArrangeByKey
[0, 877, 70]         490          29.058           Join
[0, 877, 71]         1022         10.000           ArrangeByKey
[0, 877, 72]         589          10.429           Join
[0, 877, 73]         432          2.411            Join
[0, 877, 74]         563          1.360            ArrangeByKey
[0, 877, 75]         943          4.709            Join
[0, 877, 76]         519          1.380            ArrangeByKey
[0, 877, 77]         349          9.798            FlatMap
[0, 877, 78]         1758         5.864            ArrangeByKey
[0, 877, 79]         885          58.687           Join
[0, 877, 80]         1404         14.936           ArrangeByKey
[0, 877, 81]         610          34.269           Join
[0, 877, 82]         1403         116.345          ArrangeByKey
[0, 877, 83]         576          141.935          Join
[0, 877, 84]         1090         1.596            ArrangeByKey
[0, 877, 85]         286          2.084            Join
[0, 877, 86]         747          1.430            ArrangeByKey
[0, 877, 87]         270          1.839            Join
[0, 877, 88]         432          6.838            Join
[0, 877, 89]         1217         2.352            ArrangeByKey
[0, 877, 90]         1029         17.850           Join
[0, 877, 91]         432          4.703            Join
[0, 877, 92]         908          1.778            ArrangeByKey
[0, 877, 93]         970          14.339           Join
[0, 877, 94]         803          5.981            ArrangeByKey
[0, 877, 95]         411          26.050           FlatMap
[0, 877, 96]         2252         51.560           ArrangeByKey
[0, 877, 97]         1223         102.203          Join
[0, 877, 98]         432          2.571            Join
[0, 877, 99]         197          6.019            FlatMap
[0, 877, 100]        1302         4.319            ArrangeBySelf
[0, 877, 101]        571          6.776            Join
[0, 877, 102]        913          1.764            ArrangeByKey
[0, 877, 103]        571          8.088            Join
[0, 877, 104]        1044         1.522            ArrangeByKey
[0, 877, 105]        1053         10.558           Join
[0, 877, 106]        769          2.289            ArrangeByKey
[0, 877, 107]        978          11.638           Join
[0, 877, 108]        967          2.341            ArrangeByKey
[0, 877, 109]        526          4.042            Join
[0, 877, 110]        571          8.939            Join
[0, 877, 111]        1101         2.202            ArrangeByKey
[0, 877, 112]        571          7.613            Join
[0, 877, 113]        1020         1.243            ArrangeByKey
[0, 877, 114]        571          7.100            Join
[0, 877, 115]        1035         1.136            ArrangeByKey
[0, 877, 116]        1088         33.412           Join
[0, 877, 117]        1005         21.954           ArrangeByKey
[0, 877, 118]        628          29.142           Join
[0, 877, 119]        1303         13.652           ArrangeByKey
[0, 877, 120]        1138         18.692           Join
[0, 877, 121]        1448         3.021            ArrangeByKey
[0, 877, 122]        1142         23.446           Join
[0, 877, 123]        1449         8.333            ArrangeByKey
[0, 877, 124]        573          12.260           Join
[0, 877, 125]        321          9.146            FlatMap
[0, 877, 126]        1330         2.729            ArrangeByKey
[0, 877, 127]        521          6.860            Join
[0, 877, 128]        1415         2.951            ArrangeByKey
[0, 877, 129]        539          5.288            Join
[0, 877, 130]        329          9.357            FlatMap
[0, 877, 131]        1954         3.952            ArrangeByKey
[0, 877, 132]        1248         72.148           Join
[0, 877, 133]        432          2.607            Join
[0, 877, 134]        722          1.220            ArrangeByKey
[0, 877, 135]        296          2.414            Join
[0, 877, 136]        692          1.996            ArrangeByKey
[0, 877, 137]        488          10.650           Join
[0, 877, 138]        2055         27.714           ArrangeByKey
[0, 877, 139]        453          6.029            FlatMap
[0, 877, 140]        453          20.595           FlatMap
[0, 877, 141]        2624         39.530           ArrangeBySelf
[0, 877, 142]        1200         408.730          Join
[0, 877, 143]        628          57.746           Join
[0, 877, 144]        1700         31.410           ArrangeByKey
[0, 877, 145]        1143         51.092           Join
[0, 877, 146]        2007         16.049           ArrangeByKey
[0, 877, 147]        1144         73.123           Join
[0, 877, 148]        2148         9.015            ArrangeByKey
[0, 877, 149]        575          21.384           Join
[0, 877, 150]        1728         8.043            ArrangeByKey
[0, 877, 151]        567          8.690            Join
[0, 877, 152]        453          7.422            FlatMap
[0, 877, 153]        453          35.249           FlatMap
[0, 877, 154]        3979         30.176           ArrangeBySelf
[0, 877, 155]        571          9.151            Join
[0, 877, 156]        1577         2.118            ArrangeByKey
[0, 877, 157]        1038         9.535            Join
[0, 877, 158]        307          4.975            FlatMap
[0, 877, 159]        1437         2.431            ArrangeBySelf
[0, 877, 160]        512          7.652            Join
[0, 877, 161]        1265         2.278            ArrangeByKey
[0, 877, 162]        836          4.080            Join
[0, 877, 163]        521          8.333            Join
[0, 877, 164]        1718         2.430            ArrangeByKey
[0, 877, 165]        546          3.992            Join
[0, 877, 166]        432          3.331            Join
[0, 877, 167]        813          1.500            ArrangeByKey
[0, 877, 168]        975          15.187           Join
[0, 877, 169]        1171         3.218            ArrangeByKey
[0, 877, 170]        1155         11.046           Join
[0, 877, 171]        1142         12.025           Join
[0, 877, 172]        419          15.987           FlatMap
[0, 877, 173]        2395         7.469            ArrangeBySelf
[0, 877, 174]        575          5.851            Join
[0, 877, 175]        432          1.810            Join
[0, 877, 176]        121          2.000            FlatMap
[0, 877, 177]        913          1.601            ArrangeBySelf
[0, 877, 178]        446          2.251            Join
[0, 877, 179]        327          1.434            Join
[0, 877, 180]        432          1.605            Join
[0, 877, 181]        37           0.754            FlatMap
[0, 877, 182]        638          1.156            ArrangeBySelf
[0, 877, 183]        337          1.661            Join
[0, 877, 184]        432          2.099            Join
[0, 877, 185]        645          1.097            ArrangeByKey
[0, 877, 186]        227          4.038            FlatMap
[0, 877, 187]        1557         1.502            ArrangeByKey
[0, 877, 188]        633          3.179            Join
[0, 877, 189]        836          4.330            Join
[0, 877, 190]        432          1.952            Join
[0, 877, 191]        474          1.209            ArrangeByKey
[0, 877, 192]        929          111.750          Join
[0, 877, 193]        432          1.446            Join
[0, 877, 194]        31           0.479            FlatMap
[0, 877, 195]        477          1.092            ArrangeBySelf
[0, 877, 196]        316          1.648            Join
[0, 877, 197]        197          0.333            FlatMap
[0, 877, 198]        197          4.210            FlatMap
[0, 877, 199]        1056         1.334            ArrangeBySelf
[0, 877, 200]        432          2.315            Join
[0, 877, 201]        432          1.586            Join
[0, 877, 202]        432          1.091            Join
[0, 877, 203]        432          7.119            Join
[0, 877, 204]        1469         4.052            ArrangeByKey
[0, 877, 205]        570          4.997            Join
[0, 877, 206]        153          2.117            FlatMap
[0, 877, 207]        994          1.316            ArrangeBySelf
[0, 877, 208]        403          2.454            Join
[0, 877, 209]        153          2.282            FlatMap
[0, 877, 210]        1055         1.310            ArrangeBySelf
[0, 877, 211]        340          1.888            Join
[0, 877, 212]        354          0.493            Concatenate
[0, 877, 213]        632          0.602            Concatenate
[0, 877, 214]        716          0.553            Concatenate
[0, 877, 215]        716          0.537            Concatenate
[0, 877, 216]        716          18.277           FlatMap
[0, 877, 217]        3509         7.923            Arrange: Threshold
[0, 877, 218]        568          6.709            Threshold
[0, 877, 219]        331          0.492            AsCollection
[0, 877, 220]        396          0.521            Concatenate
[0, 877, 221]        396          8.819            FlatMap
[0, 877, 222]        2504         4.143            Arrange: Threshold
[0, 877, 223]        571          6.752            Threshold
[0, 877, 224]        329          0.673            AsCollection
[0, 877, 225]        87           1.282            FlatMap
[0, 877, 226]        1190         1.879            Arrange: Threshold
[0, 877, 227]        469          3.614            Threshold
[0, 877, 228]        227          0.484            AsCollection
[0, 877, 229]        605          0.666            Concatenate
[0, 877, 230]        689          0.537            Concatenate
[0, 877, 231]        689          21.250           FlatMap
[0, 877, 232]        3408         9.588            Arrange: Threshold
[0, 877, 233]        642          17.722           Threshold
[0, 877, 234]        417          0.682            AsCollection
[0, 877, 235]        388          17.236           FlatMap
[0, 877, 236]        3678         43.106           Arrange: Threshold
[0, 877, 237]        648          308.427          Threshold
[0, 877, 238]        417          8.317            AsCollection
[0, 877, 239]        263          0.380            Concatenate
[0, 877, 240]        263          0.309            Concatenate
[0, 877, 241]        309          0.349            Concatenate
[0, 877, 242]        329          0.425            Concatenate
[0, 877, 243]        421          0.446            Concatenate
[0, 877, 244]        421          0.399            Concatenate
[0, 877, 245]        421          6.964            FlatMap
[0, 877, 246]        3133         2.451            Arrange: Threshold
[0, 877, 247]        453          2.830            Threshold
[0, 877, 248]        209          0.450            AsCollection
[0, 877, 249]        293          9.094            FlatMap
[0, 877, 250]        1515         4.306            Arrange: Threshold
[0, 877, 251]        582          12.669           Threshold
[0, 877, 252]        353          0.735            AsCollection
[0, 877, 253]        484          0.773            Concatenate
[0, 877, 254]        1181         1.500            Concatenate
[0, 877, 255]        1430         1.399            Concatenate
[0, 877, 256]        1595         1.965            Concatenate
[0, 877, 257]        1822         1.950            Concatenate
[0, 877, 258]        2133         2.021            Concatenate
[0, 877, 259]        2161         1.847            Concatenate
[0, 877, 260]        2261         1.973            Concatenate
[0, 877, 261]        2261         157.017          FlatMap
[0, 877, 262]        14458        277.597          Arrange: Threshold
[0, 877, 263]        665          1348.084         Threshold
[0, 877, 264]        455          14.171           AsCollection
[0, 877, 265]        197          0.241            ResultsIn
[0, 877, 266]        411          2.318            ResultsIn
[0, 877, 267]        349          0.342            ResultsIn
[0, 877, 268]        77           0.092            ResultsIn
[0, 877, 269]        227          0.248            ResultsIn
[0, 877, 270]        453          1.808            ResultsIn
[0, 877, 271]        321          0.297            ResultsIn
[0, 877, 272]        329          0.327            ResultsIn
[0, 878]             619          0.490            Leave
[0, 879]             1197         1.689            Leave
[0, 880]             908          0.581            Leave
[0, 881]             733          0.539            Leave
[0, 882]             1160         0.661            Leave
[0, 883]             1943         3.199            Leave
[0, 884]             1050         0.603            Leave
[0, 885]             530          0.373            Leave
[0, 886]             25           0.587            FlatMap
[0, 887]             43           1.084            Arrange: Threshold
[0, 888]             4            2.244            Threshold
[0, 889]             3            0.127            AsCollection
[0, 890]             3            0.051            FlatMap
[0, 891]             3            0.052            FlatMap
[0, 892]             3            0.096            FlatMap
[0, 893]             5            0.005            Consolidate
[0, 894]             1            0.001            AsCollection
[0, 895]             2            0.003            InspectBatch
[0, 896]             2            0.002            Probe
[0, 897]             3            0.062            FlatMap
[0, 898]             4            0.119            Arrange: Threshold
[0, 899]             4            0.408            Threshold
[0, 900]             3            0.026            AsCollection
[0, 901]             3            0.016            FlatMap
[0, 902]             3            0.012            FlatMap
[0, 903]             3            0.040            FlatMap
[0, 904]             5            0.009            Consolidate
[0, 905]             1            0.001            AsCollection
[0, 906]             2            0.003            InspectBatch
[0, 907]             2            0.002            Probe
[0, 908]             3            0.040            FlatMap
[0, 909]             12           0.030            Arrange: Threshold
[0, 910]             4            0.072            Threshold
[0, 911]             3            0.007            AsCollection
[0, 912]             3            0.005            FlatMap
[0, 913]             3            0.006            FlatMap
[0, 914]             3            0.024            FlatMap
[0, 915]             6            0.012            Consolidate
[0, 916]             1            0.001            AsCollection
[0, 917]             2            0.003            InspectBatch
[0, 918]             2            0.002            Probe
[0, 919]             21           0.253            FlatMap
[0, 920]             47           0.082            Arrange: Threshold
[0, 921]             4            0.097            Threshold
[0, 922]             3            0.011            AsCollection
[0, 923]             3            0.008            FlatMap
[0, 924]             3            0.006            FlatMap
[0, 925]             3            0.031            FlatMap
[0, 926]             4            0.005            Consolidate
[0, 927]             1            0.001            AsCollection
[0, 928]             2            0.002            InspectBatch
[0, 929]             2            0.001            Probe
[0, 930]             3            0.031            FlatMap
[0, 931]             4            0.015            Arrange: Threshold
[0, 932]             4            0.087            Threshold
[0, 933]             3            0.007            AsCollection
[0, 934]             3            0.005            FlatMap
[0, 935]             3            0.004            FlatMap
[0, 936]             3            0.022            FlatMap
[0, 937]             4            0.006            Consolidate
[0, 938]             1            0.001            AsCollection
[0, 939]             2            0.003            InspectBatch
[0, 940]             2            0.002            Probe
[0, 941]             19           0.255            FlatMap
[0, 942]             53           0.076            Arrange: Threshold
[0, 943]             4            0.078            Threshold
[0, 944]             3            0.008            AsCollection
[0, 945]             3            0.006            FlatMap
[0, 946]             3            0.008            FlatMap
[0, 947]             3            0.034            FlatMap
[0, 948]             6            0.008            Consolidate
[0, 949]             1            0.001            AsCollection
[0, 950]             2            0.002            InspectBatch
[0, 951]             2            0.001            Probe
[0, 952]             5            0.066            FlatMap
[0, 953]             13           0.066            Arrange: Threshold
[0, 954]             4            0.212            Threshold
[0, 955]             3            0.013            AsCollection
[0, 956]             3            0.009            FlatMap
[0, 957]             3            0.009            FlatMap
[0, 958]             3            0.032            FlatMap
[0, 959]             7            0.010            Consolidate
[0, 960]             1            0.001            AsCollection
[0, 961]             2            0.002            InspectBatch
[0, 962]             2            0.001            Probe
[0, 963]             3            0.028            FlatMap
[0, 964]             7            0.065            Arrange: Threshold
[0, 965]             4            0.203            Threshold
[0, 966]             3            0.014            AsCollection
[0, 967]             3            0.007            FlatMap
[0, 968]             3            0.006            FlatMap
[0, 969]             3            0.026            FlatMap
[0, 970]             6            0.006            Consolidate
[0, 971]             1            0.001            AsCollection
[0, 972]             2            0.003            InspectBatch
[0, 973]             2            0.001            Probe
[0, 974]             3            0.036            FlatMap
[0, 975]             6            0.044            Arrange: Threshold
[0, 976]             4            0.218            Threshold
[0, 977]             3            0.010            AsCollection
[0, 978]             3            0.005            FlatMap
[0, 979]             3            0.008            FlatMap
[0, 980]             3            0.029            FlatMap
[0, 981]             8            0.005            Consolidate
[0, 982]             1            0.001            AsCollection
[0, 983]             2            0.002            InspectBatch
[0, 984]             2            0.001            Probe
[0, 985]             1            0.001            FlatMap
[0, 986]             2            0.004            Arrange: Threshold
[0, 987]             2            0.007            Threshold
[0, 988]             1            0.001            AsCollection
[0, 989]             1            0.001            FlatMap
[0, 990]             1            0.001            FlatMap
[0, 991]             1            0.000            FlatMap
[0, 992]             3            0.007            Consolidate
[0, 993]             1            0.000            AsCollection
[0, 994]             2            0.002            InspectBatch
[0, 995]             2            0.001            Probe
[0, 996]             3            0.021            FlatMap
[0, 997]             4            0.011            Arrange: Threshold
[0, 998]             4            0.024            Threshold
[0, 999]             3            0.004            AsCollection
[0, 1000]            3            0.003            FlatMap
[0, 1001]            3            0.003            FlatMap
[0, 1002]            3            0.034            FlatMap
[0, 1003]            5            0.009            Consolidate
[0, 1004]            1            0.000            AsCollection
[0, 1005]            2            0.004            InspectBatch
[0, 1006]            2            0.001            Probe
[0, 1007]            77           1.010            FlatMap
[0, 1008]            730          0.553            Arrange: Threshold
[0, 1009]            4            0.060            Threshold
[0, 1010]            3            0.004            AsCollection
[0, 1011]            3            0.006            FlatMap
[0, 1012]            3            0.009            FlatMap
[0, 1013]            3            0.044            FlatMap
[0, 1014]            4            0.006            Consolidate
[0, 1015]            1            0.001            AsCollection
[0, 1016]            2            0.002            InspectBatch
[0, 1017]            2            0.000            Probe
[0, 1018]            329          5.949            FlatMap
[0, 1019]            1676         1.233            Arrange: Threshold
[0, 1020]            4            0.371            Threshold
[0, 1021]            3            0.028            AsCollection
[0, 1022]            3            0.014            FlatMap
[0, 1023]            3            0.013            FlatMap
[0, 1024]            3            0.079            FlatMap
[0, 1025]            4            0.005            Consolidate
[0, 1026]            1            0.001            AsCollection
[0, 1027]            2            0.002            InspectBatch
[0, 1028]            2            0.000            Probe
[0, 1029]            453          18.234           FlatMap
[0, 1030]            2889         119.639          Arrange: Threshold
[0, 1031]            4            119.667          Threshold
[0, 1032]            3            6.680            AsCollection
[0, 1033]            3            7.464            FlatMap
[0, 1034]            3            2.434            FlatMap
[0, 1035]            3            3.584            FlatMap
[0, 1036]            4            0.013            Consolidate
[0, 1037]            1            0.001            AsCollection
[0, 1038]            2            0.004            InspectBatch
[0, 1039]            2            0.043            Probe
[0, 1040]            411          12.309           FlatMap
[0, 1041]            1899         45.478           Arrange: Threshold
[0, 1042]            4            46.868           Threshold
[0, 1043]            3            4.962            AsCollection
[0, 1044]            3            1.894            FlatMap
[0, 1045]            3            0.906            FlatMap
[0, 1046]            3            1.492            FlatMap
[0, 1047]            59           0.016            Consolidate
[0, 1048]            1            0.000            AsCollection
[0, 1049]            2            0.003            InspectBatch
[0, 1050]            2            0.001            Probe
[0, 1051]            227          3.769            FlatMap
[0, 1052]            1439         0.813            Arrange: Threshold
[0, 1053]            4            0.240            Threshold
[0, 1054]            3            0.042            AsCollection
[0, 1055]            3            0.010            FlatMap
[0, 1056]            3            0.007            FlatMap
[0, 1057]            3            0.037            FlatMap
[0, 1058]            59           0.013            Consolidate
[0, 1059]            1            0.001            AsCollection
[0, 1060]            2            0.002            InspectBatch
[0, 1061]            2            0.000            Probe
[0, 1062]            321          6.693            FlatMap
[0, 1063]            1336         0.893            Arrange: Threshold
[0, 1064]            4            0.349            Threshold
[0, 1065]            3            0.045            AsCollection
[0, 1066]            3            0.011            FlatMap
[0, 1067]            3            0.012            FlatMap
[0, 1068]            3            0.067            FlatMap
[0, 1069]            59           0.013            Consolidate
[0, 1070]            1            0.001            AsCollection
[0, 1071]            2            0.002            InspectBatch
[0, 1072]            2            0.044            Probe
[0, 1073]            349          7.465            FlatMap
[0, 1074]            1533         1.601            Arrange: Threshold
[0, 1075]            4            0.886            Threshold
[0, 1076]            3            0.057            AsCollection
[0, 1077]            3            0.033            FlatMap
[0, 1078]            3            0.030            FlatMap
[0, 1079]            3            0.077            FlatMap
[0, 1080]            61           0.015            Consolidate
[0, 1081]            1            0.001            AsCollection
[0, 1082]            2            0.002            InspectBatch
[0, 1083]            2            0.001            Probe
[0, 1084]            197          4.147            FlatMap
[0, 1085]            1072         0.738            Arrange: Threshold
[0, 1086]            4            0.086            Threshold
[0, 1087]            3            0.028            AsCollection
[0, 1088]            3            0.008            FlatMap
[0, 1089]            3            0.026            FlatMap
[0, 1090]            3            0.068            FlatMap
[0, 1091]            61           0.012            Consolidate
[0, 1092]            1            0.000            AsCollection
[0, 1093]            2            0.044            InspectBatch
[0, 1094]            2            0.001            Probe
