addr                 activations  total_active_ms  name
[0]                  302940       8394.707         Dataflow
[0, 1]               1            0.001            Input
[0, 2]               2            0.146            FlatMap
[0, 3]               2            0.082            Arrange: Threshold
[0, 4]               4            0.051            Threshold
[0, 5]               3            0.018            AsCollection
[0, 6]               1            0.000            Input
[0, 7]               2            0.165            FlatMap
[0, 8]               2            0.052            Arrange: Threshold
[0, 9]               4            0.030            Threshold
[0, 10]              3            0.009            AsCollection
[0, 11]              1            0.000            Input
[0, 12]              1            0.003            FlatMap
[0, 13]              3            0.019            Arrange: Threshold
[0, 14]              2            0.011            Threshold
[0, 15]              1            0.001            AsCollection
[0, 16]              1            0.000            Input
[0, 17]              2            0.220            FlatMap
[0, 18]              2            0.207            Arrange: Threshold
[0, 19]              4            0.219            Threshold
[0, 20]              3            0.029            AsCollection
[0, 21]              1            0.000            Input
[0, 22]              2            0.112            FlatMap
[0, 23]              2            0.052            Arrange: Threshold
[0, 24]              4            0.016            Threshold
[0, 25]              3            0.005            AsCollection
[0, 26]              1            0.000            Input
[0, 27]              2            0.276            FlatMap
[0, 28]              2            0.293            Arrange: Threshold
[0, 29]              4            0.325            Threshold
[0, 30]              3            0.041            AsCollection
[0, 31]              1            0.000            Input
[0, 32]              2            0.334            FlatMap
[0, 33]              2            0.290            Arrange: Threshold
[0, 34]              4            0.308            Threshold
[0, 35]              3            0.053            AsCollection
[0, 36]              1            0.000            Input
[0, 37]              2            0.175            FlatMap
[0, 38]              3            0.274            Arrange: Threshold
[0, 39]              4            0.279            Threshold
[0, 40]              3            0.056            AsCollection
[0, 41]              1            0.000            Input
[0, 42]              2            0.642            FlatMap
[0, 43]              2            1.861            Arrange: Threshold
[0, 44]              4            2.576            Threshold
[0, 45]              3            0.190            AsCollection
[0, 46]              1            0.000            Input
[0, 47]              2            0.161            FlatMap
[0, 48]              2            0.151            Arrange: Threshold
[0, 49]              4            0.197            Threshold
[0, 50]              3            0.018            AsCollection
[0, 51]              1            0.000            Input
[0, 52]              2            0.138            FlatMap
[0, 53]              3            0.076            Arrange: Threshold
[0, 54]              4            0.059            Threshold
[0, 55]              3            0.011            AsCollection
[0, 56]              1            0.000            Input
[0, 57]              2            0.128            FlatMap
[0, 58]              3            0.037            Arrange: Threshold
[0, 59]              4            0.016            Threshold
[0, 60]              3            0.012            AsCollection
[0, 61]              1            0.000            Input
[0, 62]              2            0.039            FlatMap
[0, 63]              3            0.027            Arrange: Threshold
[0, 64]              4            0.019            Threshold
[0, 65]              3            0.006            AsCollection
[0, 66]              1            0.000            Input
[0, 67]              2            0.120            FlatMap
[0, 68]              2            0.041            Arrange: Threshold
[0, 69]              4            0.021            Threshold
[0, 70]              3            0.006            AsCollection
[0, 71]              1            0.000            Input
[0, 72]              2            0.137            FlatMap
[0, 73]              2            0.117            Arrange: Threshold
[0, 74]              4            0.114            Threshold
[0, 75]              3            0.010            AsCollection
[0, 76]              1            0.000            Input
[0, 77]              2            0.181            FlatMap
[0, 78]              2            0.112            Arrange: Threshold
[0, 79]              4            0.134            Threshold
[0, 80]              3            0.012            AsCollection
[0, 81]              1            0.000            Input
[0, 82]              2            0.187            FlatMap
[0, 83]              2            0.232            Arrange: Threshold
[0, 84]              4            0.303            Threshold
[0, 85]              3            0.033            AsCollection
[0, 86]              1            0.000            Input
[0, 87]              2            0.393            FlatMap
[0, 88]              2            0.791            Arrange: Threshold
[0, 89]              4            0.869            Threshold
[0, 90]              3            0.149            AsCollection
[0, 91]              1            0.000            Input
[0, 92]              2            0.155            FlatMap
[0, 93]              2            0.135            Arrange: Threshold
[0, 94]              4            0.116            Threshold
[0, 95]              3            0.038            AsCollection
[0, 96]              1            0.000            Input
[0, 97]              2            0.319            FlatMap
[0, 98]              2            0.278            Arrange: Threshold
[0, 99]              4            0.102            Threshold
[0, 100]             3            0.009            AsCollection
[0, 101]             1            0.000            Input
[0, 102]             2            0.121            FlatMap
[0, 103]             2            0.107            Arrange: Threshold
[0, 104]             4            0.116            Threshold
[0, 105]             3            0.027            AsCollection
[0, 106]             1            0.000            Input
[0, 107]             2            0.219            FlatMap
[0, 108]             2            0.168            Arrange: Threshold
[0, 109]             4            0.167            Threshold
[0, 110]             3            0.053            AsCollection
[0, 111]             1            0.000            Input
[0, 112]             2            0.240            FlatMap
[0, 113]             2            0.391            Arrange: Threshold
[0, 114]             4            0.504            Threshold
[0, 115]             3            0.158            AsCollection
[0, 116]             1            0.000            Input
[0, 117]             2            0.197            FlatMap
[0, 118]             2            0.234            Arrange: Threshold
[0, 119]             4            0.273            Threshold
[0, 120]             3            0.039            AsCollection
[0, 121]             1            0.000            Input
[0, 122]             2            0.143            FlatMap
[0, 123]             2            0.165            Arrange: Threshold
[0, 124]             4            0.199            Threshold
[0, 125]             3            0.043            AsCollection
[0, 126]             1            0.000            Input
[0, 127]             2            0.180            FlatMap
[0, 128]             2            0.138            Arrange: Threshold
[0, 129]             4            0.139            Threshold
[0, 130]             3            0.030            AsCollection
[0, 131]             1            0.000            Input
[0, 132]             2            0.229            FlatMap
[0, 133]             2            0.270            Arrange: Threshold
[0, 134]             4            0.339            Threshold
[0, 135]             3            0.143            AsCollection
[0, 136]             1            0.000            Input
[0, 137]             2            0.081            FlatMap
[0, 138]             2            0.076            Arrange: Threshold
[0, 139]             4            0.047            Threshold
[0, 140]             3            0.006            AsCollection
[0, 141]             1            0.000            Input
[0, 142]             2            0.159            FlatMap
[0, 143]             2            0.104            Arrange: Threshold
[0, 144]             4            0.106            Threshold
[0, 145]             3            0.015            AsCollection
[0, 146]             1            0.000            Input
[0, 147]             2            0.145            FlatMap
[0, 148]             2            0.149            Arrange: Threshold
[0, 149]             4            0.154            Threshold
[0, 150]             3            0.038            AsCollection
[0, 151]             1            0.000            Input
[0, 152]             2            0.122            FlatMap
[0, 153]             2            0.086            Arrange: Threshold
[0, 154]             4            0.073            Threshold
[0, 155]             3            0.021            AsCollection
[0, 156]             1            0.000            Input
[0, 157]             2            0.158            FlatMap
[0, 158]             2            0.153            Arrange: Threshold
[0, 159]             4            0.145            Threshold
[0, 160]             3            0.015            AsCollection
[0, 161]             3            0.006            FlatMap
[0, 162]             3            0.022            FlatMap
[0, 163]             3            0.016            FlatMap
[0, 164]             3            0.024            FlatMap
[0, 165]             3            0.008            FlatMap
[0, 166]             3            0.010            FlatMap
[0, 167]             3            0.008            FlatMap
[0, 168]             3            0.010            FlatMap
[0, 169]             3            0.010            FlatMap
[0, 170]             3            0.009            FlatMap
[0, 171]             3            0.007            FlatMap
[0, 172]             3            0.010            FlatMap
[0, 173]             3            0.007            FlatMap
[0, 174]             3            0.004            FlatMap
[0, 175]             3            0.004            FlatMap
[0, 176]             3            0.005            FlatMap
[0, 177]             3            0.019            FlatMap
[0, 178]             3            0.020            FlatMap
[0, 179]             3            0.017            FlatMap
[0, 180]             3            0.018            FlatMap
[0, 181]             3            0.012            FlatMap
[0, 182]             3            0.008            FlatMap
[0, 183]             3            0.008            FlatMap
[0, 184]             3            0.012            FlatMap
[0, 185]             3            0.017            FlatMap
[0, 186]             3            0.012            FlatMap
[0, 187]             3            0.024            FlatMap
[0, 188]             3            0.026            FlatMap
[0, 189]             3            0.022            FlatMap
[0, 190]             3            0.031            FlatMap
[0, 191]             3            0.011            FlatMap
[0, 192]             3            0.013            FlatMap
[0, 193]             3            0.012            FlatMap
[0, 194]             3            0.011            FlatMap
[0, 195]             3            0.009            FlatMap
[0, 196]             3            0.009            FlatMap
[0, 197]             3            0.005            FlatMap
[0, 198]             3            0.012            FlatMap
[0, 199]             3            0.007            FlatMap
[0, 200]             3            0.008            FlatMap
[0, 201]             3            0.008            FlatMap
[0, 202]             3            0.047            FlatMap
[0, 203]             3            0.045            FlatMap
[0, 204]             3            0.042            FlatMap
[0, 205]             3            0.018            FlatMap
[0, 206]             3            0.017            FlatMap
[0, 207]             3            0.016            FlatMap
[0, 208]             3            0.007            FlatMap
[0, 209]             3            0.007            FlatMap
[0, 210]             3            0.005            FlatMap
[0, 211]             3            0.007            FlatMap
[0, 212]             3            0.005            FlatMap
[0, 213]             3            0.007            FlatMap
[0, 214]             3            0.024            FlatMap
[0, 215]             5            0.043            Arrange: Threshold
[0, 216]             4            0.116            Threshold
[0, 217]             3            0.023            AsCollection
[0, 218]             4            0.007            Concatenate
[0, 219]             4            0.005            Concatenate
[0, 220]             4            0.005            Concatenate
[0, 221]             4            0.039            FlatMap
[0, 222]             43           0.034            Arrange: Threshold
[0, 223]             4            0.055            Threshold
[0, 224]             3            0.005            AsCollection
[0, 225]             3            0.063            FlatMap
[0, 226]             6            0.272            Arrange: Threshold
[0, 227]             4            0.273            Threshold
[0, 228]             3            0.024            AsCollection
[0, 229]             3            0.165            FlatMap
[0, 230]             6            0.121            Arrange: Threshold
[0, 231]             4            0.113            Threshold
[0, 232]             3            0.011            AsCollection
[0, 233]             3            0.025            FlatMap
[0, 234]             39           0.018            Arrange: Threshold
[0, 235]             4            0.018            Threshold
[0, 236]             3            0.004            AsCollection
[0, 237]             3            0.195            FlatMap
[0, 238]             6            0.128            Arrange: Threshold
[0, 239]             4            0.111            Threshold
[0, 240]             3            0.019            AsCollection
[0, 241]             3            0.019            FlatMap
[0, 242]             5            0.014            Arrange: Threshold
[0, 243]             4            0.035            Threshold
[0, 244]             3            0.009            AsCollection
[0, 245]             3            0.157            FlatMap
[0, 246]             6            0.122            Arrange: Threshold
[0, 247]             4            0.055            Threshold
[0, 248]             3            0.006            AsCollection
[0, 249]             3            0.173            FlatMap
[0, 250]             6            0.184            Arrange: Threshold
[0, 251]             4            0.167            Threshold
[0, 252]             3            0.014            AsCollection
[0, 253]             3            0.239            FlatMap
[0, 254]             6            0.709            Arrange: Threshold
[0, 255]             4            0.783            Threshold
[0, 256]             3            0.076            AsCollection
[0, 257]             3            0.019            FlatMap
[0, 258]             41           0.021            Arrange: Threshold
[0, 259]             4            0.046            Threshold
[0, 260]             3            0.012            AsCollection
[0, 261]             3            0.113            FlatMap
[0, 262]             7            0.161            Arrange: Threshold
[0, 263]             4            0.120            Threshold
[0, 264]             3            0.011            AsCollection
[0, 265]             3            0.007            Concatenate
[0, 266]             3            0.006            Concatenate
[0, 267]             3            0.233            FlatMap
[0, 268]             7            0.554            Arrange: Threshold
[0, 269]             4            0.627            Threshold
[0, 270]             3            0.079            AsCollection
[0, 271]             3            0.128            FlatMap
[0, 272]             7            0.148            Arrange: Threshold
[0, 273]             4            0.116            Threshold
[0, 274]             3            0.010            AsCollection
[0, 275]             3            0.042            FlatMap
[0, 276]             6            0.029            Arrange: Threshold
[0, 277]             4            0.030            Threshold
[0, 278]             3            0.007            AsCollection
[0, 279]             3            0.167            FlatMap
[0, 280]             7            0.142            Arrange: Threshold
[0, 281]             4            0.134            Threshold
[0, 282]             3            0.012            AsCollection
[0, 283]             3            0.268            FlatMap
[0, 284]             7            0.520            Arrange: Threshold
[0, 285]             4            0.380            Threshold
[0, 286]             3            0.029            AsCollection
[0, 287]             3            0.193            FlatMap
[0, 288]             7            0.106            Arrange: Threshold
[0, 289]             4            0.103            Threshold
[0, 290]             3            0.010            AsCollection
[0, 291]             3            0.005            Concatenate
[0, 292]             3            0.004            Concatenate
[0, 293]             3            0.005            Concatenate
[0, 294]             3            0.267            FlatMap
[0, 295]             7            0.375            Arrange: Threshold
[0, 296]             4            0.481            Threshold
[0, 297]             3            0.038            AsCollection
[0, 298]             3            0.189            FlatMap
[0, 299]             7            0.173            Arrange: Threshold
[0, 300]             4            0.200            Threshold
[0, 301]             3            0.020            AsCollection
[0, 302]             3            0.009            Concatenate
[0, 303]             3            0.009            Concatenate
[0, 304]             3            0.368            FlatMap
[0, 305]             8            0.906            Arrange: Threshold
[0, 306]             4            1.060            Threshold
[0, 307]             3            0.139            AsCollection
[0, 308]             3            0.166            FlatMap
[0, 309]             9            0.235            Arrange: Threshold
[0, 310]             4            0.259            Threshold
[0, 311]             3            0.023            AsCollection
[0, 312]             3            0.206            FlatMap
[0, 313]             10           0.100            Arrange: Threshold
[0, 314]             4            0.059            Threshold
[0, 315]             3            0.007            AsCollection
[0, 316]             3            0.019            FlatMap
[0, 317]             42           0.017            Arrange: Threshold
[0, 318]             4            0.023            Threshold
[0, 319]             3            0.008            AsCollection
[0, 320]             3            0.006            Concatenate
[0, 321]             3            0.005            Concatenate
[0, 322]             3            0.010            Concatenate
[0, 323]             3            0.005            Concatenate
[0, 324]             3            0.005            Concatenate
[0, 325]             3            0.005            Concatenate
[0, 326]             3            0.006            Concatenate
[0, 327]             3            0.007            Concatenate
[0, 328]             3            0.007            Concatenate
[0, 329]             3            0.010            Concatenate
[0, 330]             3            0.011            Concatenate
[0, 331]             3            0.012            Concatenate
[0, 332]             3            0.754            FlatMap
[0, 333]             11           2.718            Arrange: Threshold
[0, 334]             4            2.346            Threshold
[0, 335]             3            0.399            AsCollection
[0, 336]             3            0.068            FlatMap
[0, 337]             19           0.279            Arrange: Threshold
[0, 338]             4            0.297            Threshold
[0, 339]             3            0.022            AsCollection
[0, 340]             3            0.178            FlatMap
[0, 341]             19           0.149            Arrange: Threshold
[0, 342]             4            0.111            Threshold
[0, 343]             3            0.023            AsCollection
[0, 344]             3            0.212            FlatMap
[0, 345]             19           0.106            Arrange: Threshold
[0, 346]             4            0.052            Threshold
[0, 347]             3            0.005            AsCollection
[0, 348]             3            0.006            Concatenate
[0, 349]             4            0.006            Concatenate
[0, 350]             4            0.005            Concatenate
[0, 351]             4            0.006            Concatenate
[0, 352]             4            0.313            FlatMap
[0, 353]             63           0.174            Arrange: Threshold
[0, 354]             4            0.050            Threshold
[0, 355]             3            0.008            AsCollection
[0, 356]             3            0.270            FlatMap
[0, 357]             19           0.151            Arrange: Threshold
[0, 358]             4            0.132            Threshold
[0, 359]             3            0.012            AsCollection
[0, 360]             3            0.267            FlatMap
[0, 361]             19           0.216            Arrange: Threshold
[0, 362]             4            0.199            Threshold
[0, 363]             3            0.030            AsCollection
[0, 364]             3            0.253            FlatMap
[0, 365]             19           0.191            Arrange: Threshold
[0, 366]             4            0.168            Threshold
[0, 367]             3            0.013            AsCollection
[0, 368]             3            0.302            FlatMap
[0, 369]             20           0.349            Arrange: Threshold
[0, 370]             4            0.434            Threshold
[0, 371]             3            0.030            AsCollection
[0, 372]             3            0.223            FlatMap
[0, 373]             23           0.121            Arrange: Threshold
[0, 374]             4            0.091            Threshold
[0, 375]             3            0.009            AsCollection
[0, 376]             3            0.004            FlatMap
[0, 377]             1            0.000            FlatMap
[0, 378]             3            0.007            ArrangeBySelf
[0, 379]             3            0.005            FlatMap
[0, 380]             1            0.000            FlatMap
[0, 381]             3            0.006            ArrangeBySelf
[0, 382]             2            0.013            Join
[0, 383]             3            0.012            ArrangeByKey
[0, 384]             3            0.019            FlatMap
[0, 385]             43           0.046            ArrangeByKey
[0, 386]             3            0.013            Join
[0, 387]             3            0.005            FlatMap
[0, 388]             1            0.001            FlatMap
[0, 389]             3            0.005            ArrangeBySelf
[0, 390]             3            0.007            FlatMap
[0, 391]             1            0.001            FlatMap
[0, 392]             3            0.006            ArrangeBySelf
[0, 393]             2            0.011            Join
[0, 394]             3            0.006            ArrangeByKey
[0, 395]             3            0.071            Join
[0, 396]             3            0.004            FlatMap
[0, 397]             3            0.007            ArrangeByKey
[0, 398]             2            0.009            Join
[0, 399]             3            0.012            FlatMap
[0, 400]             47           0.020            ArrangeByKey
[0, 401]             2            0.008            Join
[0, 402]             3            0.007            FlatMap
[0, 403]             3            0.007            FlatMap
[0, 404]             3            0.005            FlatMap
[0, 405]             3            0.007            FlatMap
[0, 406]             3            0.014            FlatMap
[0, 407]             1            0.000            FlatMap
[0, 408]             6            0.018            ArrangeBySelf
[0, 409]             3            0.032            FlatMap
[0, 410]             3            0.123            FlatMap
[0, 411]             55           0.162            ArrangeBySelf
[0, 412]             3            0.011            FlatMap
[0, 413]             3            0.013            FlatMap
[0, 414]             17           0.019            ArrangeBySelf
[0, 415]             3            0.012            FlatMap
[0, 416]             3            0.086            FlatMap
[0, 417]             55           0.046            ArrangeBySelf
[0, 418]             3            0.091            FlatMap
[0, 419]             13           0.206            ArrangeByKey
[0, 420]             1            0.002            FlatMap
[0, 421]             1            0.000            FlatMap
[0, 422]             2            0.005            ArrangeBySelf
[0, 423]             5            0.029            Join
[0, 424]             4            0.020            ArrangeByKey
[0, 425]             7            0.040            Join
[0, 426]             4            0.011            ArrangeByKey
[0, 427]             7            0.054            Join
[0, 428]             3            0.025            FlatMap
[0, 429]             9            0.012            ArrangeBySelf
[0, 430]             7            0.025            Join
[0, 431]             3            0.019            FlatMap
[0, 432]             9            0.018            ArrangeBySelf
[0, 433]             7            0.025            Join
[0, 434]             3            0.018            FlatMap
[0, 435]             9            0.010            ArrangeBySelf
[0, 436]             6            0.034            Join
[0, 437]             3            0.007            ArrangeByKey
[0, 438]             7            0.020            Join
[0, 439]             3            0.018            FlatMap
[0, 440]             4            0.014            ArrangeBySelf
[0, 441]             7            0.026            Join
[0, 442]             3            0.019            FlatMap
[0, 443]             4            0.014            ArrangeBySelf
[0, 444]             6            0.037            Join
[0, 445]             3            0.015            ArrangeByKey
[0, 446]             4            0.014            Join
[0, 447]             3            0.019            FlatMap
[0, 448]             11           0.008            ArrangeBySelf
[0, 449]             6            0.019            Join
[0, 450]             3            0.026            FlatMap
[0, 451]             3            0.078            FlatMap
[0, 452]             55           0.043            ArrangeBySelf
[0, 453]             3            0.086            FlatMap
[0, 454]             13           0.207            ArrangeByKey
[0, 455]             3            0.293            FlatMap
[0, 456]             26           0.220            ArrangeByKey
[0, 457]             3            0.111            FlatMap
[0, 458]             13           0.179            ArrangeByKey
[0, 459]             3            0.036            AsCollection
[0, 460]             3            0.100            FlatMap
[0, 461]             5            0.191            Arrange: Threshold
[0, 462]             4            0.220            Threshold
[0, 463]             3            0.031            AsCollection
[0, 464]             6            0.038            Join
[0, 465]             3            0.077            FlatMap
[0, 466]             5            0.082            Arrange: Threshold
[0, 467]             4            0.032            Threshold
[0, 468]             3            0.005            AsCollection
[0, 469]             3            0.005            FlatMap
[0, 470]             3            0.006            Concatenate
[0, 471]             3            0.011            FlatMap
[0, 472]             3            0.034            FlatMap
[0, 473]             4            0.085            Arrange: Threshold
[0, 474]             4            0.195            Threshold
[0, 475]             3            0.112            AsCollection
[0, 476]             5            0.169            ArrangeByKey
[0, 477]             3            0.038            AsCollection
[0, 478]             3            0.099            FlatMap
[0, 479]             14           0.182            Arrange: Threshold
[0, 480]             4            0.234            Threshold
[0, 481]             3            0.016            AsCollection
[0, 482]             6            0.057            Join
[0, 483]             3            0.138            FlatMap
[0, 484]             59           0.079            Arrange: Threshold
[0, 485]             4            0.034            Threshold
[0, 486]             3            0.006            AsCollection
[0, 487]             3            0.007            FlatMap
[0, 488]             4            0.007            Concatenate
[0, 489]             4            0.011            FlatMap
[0, 490]             4            0.052            FlatMap
[0, 491]             35           0.073            Arrange: Threshold
[0, 492]             4            0.191            Threshold
[0, 493]             3            0.091            AsCollection
[0, 494]             5            0.169            ArrangeByKey
[0, 495]             3            0.039            AsCollection
[0, 496]             3            0.108            FlatMap
[0, 497]             5            0.165            Arrange: Threshold
[0, 498]             4            0.190            Threshold
[0, 499]             3            0.015            AsCollection
[0, 500]             6            0.034            Join
[0, 501]             3            0.068            FlatMap
[0, 502]             5            0.072            Arrange: Threshold
[0, 503]             4            0.030            Threshold
[0, 504]             3            0.005            AsCollection
[0, 505]             3            0.005            FlatMap
[0, 506]             3            0.004            Concatenate
[0, 507]             3            0.008            FlatMap
[0, 508]             3            0.028            FlatMap
[0, 509]             4            0.071            Arrange: Threshold
[0, 510]             4            0.182            Threshold
[0, 511]             3            0.123            AsCollection
[0, 512]             5            0.165            ArrangeByKey
[0, 513]             7            0.165            Join
[0, 514]             15           0.069            ArrangeByKey
[0, 515]             6            0.185            Join
[0, 516]             3            0.022            FlatMap
[0, 517]             3            0.042            FlatMap
[0, 518]             12           0.134            ArrangeBySelf
[0, 519]             3            0.134            FlatMap
[0, 520]             16           0.551            ArrangeByKey
[0, 521]             6            0.415            Join
[0, 522]             5            0.234            ArrangeByKey
[0, 523]             3            0.016            FlatMap
[0, 524]             3            0.090            FlatMap
[0, 525]             17           0.169            ArrangeBySelf
[0, 526]             3            0.255            FlatMap
[0, 527]             27           0.191            ArrangeByKey
[0, 528]             6            0.149            Join
[0, 529]             4            0.086            ArrangeByKey
[0, 530]             7            0.155            Join
[0, 531]             4            0.065            ArrangeByKey
[0, 532]             6            0.168            Join
[0, 533]             3            0.032            FlatMap
[0, 534]             3            0.242            FlatMap
[0, 535]             29           0.182            ArrangeBySelf
[0, 536]             3            0.097            FlatMap
[0, 537]             18           0.188            ArrangeByKey
[0, 538]             7            0.138            Join
[0, 539]             5            0.083            ArrangeByKey
[0, 540]             7            0.142            Join
[0, 541]             4            0.070            ArrangeByKey
[0, 542]             6            0.158            Join
[0, 543]             3            0.009            FlatMap
[0, 544]             3            0.022            FlatMap
[0, 545]             14           0.028            ArrangeBySelf
[0, 546]             3            0.418            FlatMap
[0, 547]             29           1.867            ArrangeByKey
[0, 548]             3            0.207            FlatMap
[0, 549]             19           0.482            ArrangeByKey
[0, 550]             6            0.118            Join
[0, 551]             28           0.031            ArrangeByKey
[0, 552]             6            0.086            Join
[0, 553]             4            0.023            ArrangeByKey
[0, 554]             6            0.094            Join
[0, 555]             3            0.523            FlatMap
[0, 556]             27           1.872            ArrangeByKey
[0, 557]             3            0.095            FlatMap
[0, 558]             20           0.145            ArrangeByKey
[0, 559]             6            0.139            Join
[0, 560]             3            0.133            FlatMap
[0, 561]             19           0.239            ArrangeByKey
[0, 562]             6            0.205            Join
[0, 563]             5            0.092            ArrangeByKey
[0, 564]             3            0.244            FlatMap
[0, 565]             21           0.796            ArrangeByKey
[0, 566]             6            0.203            Join
[0, 567]             3            0.226            FlatMap
[0, 568]             25           0.823            ArrangeByKey
[0, 569]             6            0.767            Join
[0, 570]             26           0.427            ArrangeByKey
[0, 571]             3            0.158            FlatMap
[0, 572]             26           0.598            ArrangeByKey
[0, 573]             6            0.600            Join
[0, 574]             3            0.087            FlatMap
[0, 575]             28           0.121            ArrangeByKey
[0, 576]             6            0.093            Join
[0, 577]             58           0.042            ArrangeByKey
[0, 578]             6            0.103            Join
[0, 579]             15           0.094            ArrangeByKey
[0, 580]             3            0.087            FlatMap
[0, 581]             29           0.118            ArrangeByKey
[0, 582]             7            0.119            Join
[0, 583]             3            0.099            FlatMap
[0, 584]             30           0.147            ArrangeByKey
[0, 585]             6            0.140            Join
[0, 586]             59           0.054            ArrangeByKey
[0, 587]             3            0.104            FlatMap
[0, 588]             31           0.146            ArrangeByKey
[0, 589]             6            0.139            Join
[0, 590]             3            0.074            FlatMap
[0, 591]             31           0.098            ArrangeByKey
[0, 592]             6            0.065            Join
[0, 593]             59           0.030            ArrangeByKey
[0, 594]             3            0.072            FlatMap
[0, 595]             32           0.095            ArrangeByKey
[0, 596]             6            0.058            Join
[0, 597]             3            0.064            FlatMap
[0, 598]             34           0.087            ArrangeByKey
[0, 599]             6            0.057            Join
[0, 600]             60           0.023            ArrangeByKey
[0, 601]             3            0.160            FlatMap
[0, 602]             35           0.414            ArrangeByKey
[0, 603]             6            0.045            Join
[0, 604]             6            0.376            Join
[0, 605]             40           0.197            ArrangeByKey
[0, 606]             3            0.096            FlatMap
[0, 607]             36           0.111            ArrangeByKey
[0, 608]             6            0.077            Join
[0, 609]             3            0.085            FlatMap
[0, 610]             36           0.130            ArrangeByKey
[0, 611]             6            0.114            Join
[0, 612]             29           0.032            ArrangeByKey
[0, 613]             3            0.117            FlatMap
[0, 614]             40           0.118            ArrangeByKey
[0, 615]             6            0.095            Join
[0, 616]             56           0.048            ArrangeByKey
[0, 617]             7            0.131            Join
[0, 618]             3            0.130            FlatMap
[0, 619]             43           0.239            ArrangeByKey
[0, 620]             7            0.270            Join
[0, 621]             29           0.115            ArrangeByKey
[0, 622]             6            0.247            Join
[0, 623]             21           0.115            ArrangeByKey
[0, 624]             3            0.207            FlatMap
[0, 625]             40           0.231            ArrangeByKey
[0, 626]             7            0.225            Join
[0, 627]             3            0.100            FlatMap
[0, 628]             25           0.227            Arrange: Threshold
[0, 629]             4            0.266            Threshold
[0, 630]             3            0.033            AsCollection
[0, 631]             3            0.063            FlatMap
[0, 632]             24           0.120            Arrange: Threshold
[0, 633]             4            0.115            Threshold
[0, 634]             3            0.011            AsCollection
[0, 635]             1            0.001            Concatenate
[0, 636]             1            0.001            Concatenate
[0, 637]             1            0.001            Concatenate
[0, 638]             3            0.006            Concatenate
[0, 639]             3            0.004            Concatenate
[0, 640]             3            0.009            Concatenate
[0, 641]             3            0.019            FlatMap
[0, 642]             59           0.179            Arrange: Threshold
[0, 643]             4            0.096            Threshold
[0, 644]             3            0.009            AsCollection
[0, 645]             3            0.036            FlatMap
[0, 646]             23           0.082            Arrange: Threshold
[0, 647]             4            0.044            Threshold
[0, 648]             3            0.008            AsCollection
[0, 649]             3            0.122            FlatMap
[0, 650]             19           0.328            Arrange: Threshold
[0, 651]             4            0.462            Threshold
[0, 652]             3            0.033            AsCollection
[0, 653]             3            0.118            FlatMap
[0, 654]             21           0.297            Arrange: Threshold
[0, 655]             4            0.316            Threshold
[0, 656]             3            0.034            AsCollection
[0, 657]             3            0.064            FlatMap
[0, 658]             26           0.157            Arrange: Threshold
[0, 659]             4            0.141            Threshold
[0, 660]             3            0.013            AsCollection
[0, 661]             3            0.077            FlatMap
[0, 662]             24           0.140            Arrange: Threshold
[0, 663]             4            0.112            Threshold
[0, 664]             3            0.011            AsCollection
[0, 665]             3            0.129            FlatMap
[0, 666]             6            0.196            Arrange: Threshold
[0, 667]             4            0.249            Threshold
[0, 668]             3            0.034            AsCollection
[0, 669]             3            0.056            FlatMap
[0, 670]             29           0.130            Arrange: Threshold
[0, 671]             4            0.144            Threshold
[0, 672]             3            0.012            AsCollection
[0, 673]             3            0.084            FlatMap
[0, 674]             22           0.151            Arrange: Threshold
[0, 675]             4            0.150            Threshold
[0, 676]             3            0.010            AsCollection
[0, 677]             3            0.026            FlatMap
[0, 678]             3            0.009            Arrange: Threshold
[0, 679]             3            0.016            Threshold
[0, 680]             3            0.006            AsCollection
[0, 681]             3            0.035            FlatMap
[0, 682]             17           0.039            Arrange: Threshold
[0, 683]             4            0.038            Threshold
[0, 684]             3            0.034            AsCollection
[0, 685]             3            0.106            FlatMap
[0, 686]             24           0.311            Arrange: Threshold
[0, 687]             4            0.420            Threshold
[0, 688]             3            0.032            AsCollection
[0, 689]             3            0.182            FlatMap
[0, 690]             25           0.682            Arrange: Threshold
[0, 691]             4            0.797            Threshold
[0, 692]             3            0.057            AsCollection
[0, 693]             3            0.055            FlatMap
[0, 694]             29           0.110            Arrange: Threshold
[0, 695]             4            0.087            Threshold
[0, 696]             3            0.009            AsCollection
[0, 697]             3            0.052            FlatMap
[0, 698]             30           0.104            Arrange: Threshold
[0, 699]             4            0.066            Threshold
[0, 700]             3            0.011            AsCollection
[0, 701]             3            0.148            FlatMap
[0, 702]             30           0.094            ArrangeByKey
[0, 703]             3            0.186            FlatMap
[0, 704]             31           0.057            ArrangeByKey
[0, 705]             926          11.211           Iterative
[0, 705, 1]          3            0.008            FlatMap
[0, 705, 2]          3            0.004            FlatMap
[0, 705, 3]          3            0.006            Enter
[0, 705, 4]          21           0.025            Feedback
[0, 705, 5]          21           0.557            FlatMap
[0, 705, 6]          85           0.346            ArrangeByKey
[0, 705, 7]          34           0.169            Join
[0, 705, 8]          34           0.158            Join
[0, 705, 9]          11           0.016            Concatenate
[0, 705, 10]         13           0.016            Concatenate
[0, 705, 11]         13           0.214            FlatMap
[0, 705, 12]         104          0.306            Arrange: Threshold
[0, 705, 13]         32           0.274            Threshold
[0, 705, 14]         21           0.044            AsCollection
[0, 705, 15]         21           0.021            ResultsIn
[0, 706]             43           0.041            Leave
[0, 707]             3            0.005            FlatMap
[0, 708]             3            0.004            FlatMap
[0, 709]             3            0.020            FlatMap
[0, 710]             3            0.006            ArrangeBySelf
[0, 711]             3            0.188            FlatMap
[0, 712]             43           0.175            ArrangeByKey
[0, 713]             6            0.026            Join
[0, 714]             3            0.008            FlatMap
[0, 715]             3            0.007            FlatMap
[0, 716]             3            0.024            FlatMap
[0, 717]             39           0.019            ArrangeBySelf
[0, 718]             21           0.427            FlatMap
[0, 719]             57           0.243            ArrangeByKey
[0, 720]             7            0.038            Join
[0, 721]             3            0.015            FlatMap
[0, 722]             3            0.034            FlatMap
[0, 723]             35           0.019            ArrangeBySelf
[0, 724]             7            0.057            Join
[0, 725]             3            0.013            FlatMap
[0, 726]             3            0.017            FlatMap
[0, 727]             3            0.005            Arrange: Threshold
[0, 728]             2            0.007            Threshold
[0, 729]             1            0.001            AsCollection
[0, 730]             3            0.022            FlatMap
[0, 731]             5            0.022            Arrange: Threshold
[0, 732]             4            0.022            Threshold
[0, 733]             3            0.006            AsCollection
[0, 734]             3            0.006            Concatenate
[0, 735]             5            0.010            Concatenate
[0, 736]             5            0.164            FlatMap
[0, 737]             16           0.122            Arrange: Threshold
[0, 738]             4            0.135            Threshold
[0, 739]             3            0.011            AsCollection
[0, 740]             3            0.017            FlatMap
[0, 741]             3            0.017            Arrange: Threshold
[0, 742]             3            0.015            Threshold
[0, 743]             3            0.005            AsCollection
[0, 744]             3            0.041            FlatMap
[0, 745]             5            0.071            Arrange: Threshold
[0, 746]             4            0.229            Threshold
[0, 747]             3            0.019            AsCollection
[0, 748]             3            0.090            FlatMap
[0, 749]             23           0.070            ArrangeByKey
[0, 750]             572          6.645            Iterative
[0, 750, 1]          3            0.006            Enter
[0, 750, 2]          3            0.006            FlatMap
[0, 750, 3]          19           0.020            Feedback
[0, 750, 4]          19           0.302            FlatMap
[0, 750, 5]          84           0.190            ArrangeByKey
[0, 750, 6]          23           0.138            Join
[0, 750, 7]          11           0.014            Concatenate
[0, 750, 8]          11           0.160            FlatMap
[0, 750, 9]          83           0.241            Arrange: Threshold
[0, 750, 10]         30           0.244            Threshold
[0, 750, 11]         19           0.035            AsCollection
[0, 750, 12]         19           0.015            ResultsIn
[0, 751]             67           0.036            Leave
[0, 752]             19           0.040            FlatMap
[0, 753]             21           0.020            Concatenate
[0, 754]             21           0.379            FlatMap
[0, 755]             85           0.203            Arrange: Threshold
[0, 756]             4            0.174            Threshold
[0, 757]             3            0.021            AsCollection
[0, 758]             19           0.272            FlatMap
[0, 759]             69           0.113            Arrange: Threshold
[0, 760]             4            0.060            Threshold
[0, 761]             3            0.008            AsCollection
[0, 762]             3            0.014            FlatMap
[0, 763]             3            0.094            FlatMap
[0, 764]             7            0.204            ArrangeBySelf
[0, 765]             3            0.183            FlatMap
[0, 766]             28           0.051            ArrangeByKey
[0, 767]             3            0.191            FlatMap
[0, 768]             29           0.098            ArrangeByKey
[0, 769]             2175         40.168           Iterative
[0, 769, 1]          3            0.005            FlatMap
[0, 769, 2]          3            0.020            Enter
[0, 769, 3]          3            0.008            FlatMap
[0, 769, 4]          3            0.007            FlatMap
[0, 769, 5]          23           0.031            Feedback
[0, 769, 6]          23           0.933            FlatMap
[0, 769, 7]          79           1.529            ArrangeByKey
[0, 769, 8]          39           0.670            Join
[0, 769, 9]          64           1.219            ArrangeByKey
[0, 769, 10]         21           0.223            AsCollection
[0, 769, 11]         21           1.014            FlatMap
[0, 769, 12]         55           1.244            Arrange: Threshold
[0, 769, 13]         34           2.411            Threshold
[0, 769, 14]         23           0.125            AsCollection
[0, 769, 15]         36           0.592            Join
[0, 769, 16]         13           0.254            FlatMap
[0, 769, 17]         45           0.166            Arrange: Threshold
[0, 769, 18]         23           0.177            Threshold
[0, 769, 19]         11           0.016            AsCollection
[0, 769, 20]         11           0.020            FlatMap
[0, 769, 21]         25           0.029            Concatenate
[0, 769, 22]         25           0.106            FlatMap
[0, 769, 23]         25           0.818            FlatMap
[0, 769, 24]         85           1.239            Arrange: Threshold
[0, 769, 25]         32           2.052            Threshold
[0, 769, 26]         21           0.127            AsCollection
[0, 769, 27]         39           0.845            Join
[0, 769, 28]         33           0.097            ArrangeByKey
[0, 769, 29]         9            0.015            AsCollection
[0, 769, 30]         9            0.140            FlatMap
[0, 769, 31]         34           0.098            Arrange: Threshold
[0, 769, 32]         22           0.125            Threshold
[0, 769, 33]         9            0.010            AsCollection
[0, 769, 34]         24           0.105            Join
[0, 769, 35]         7            0.106            FlatMap
[0, 769, 36]         27           0.060            Arrange: Threshold
[0, 769, 37]         20           0.087            Threshold
[0, 769, 38]         7            0.009            AsCollection
[0, 769, 39]         7            0.012            FlatMap
[0, 769, 40]         10           0.011            Concatenate
[0, 769, 41]         10           0.013            FlatMap
[0, 769, 42]         10           0.147            FlatMap
[0, 769, 43]         43           0.161            Arrange: Threshold
[0, 769, 44]         22           0.103            Threshold
[0, 769, 45]         9            0.009            AsCollection
[0, 769, 46]         27           0.030            Concatenate
[0, 769, 47]         29           0.022            Concatenate
[0, 769, 48]         29           0.530            FlatMap
[0, 769, 49]         249          0.620            Arrange: Threshold
[0, 769, 50]         34           3.006            Threshold
[0, 769, 51]         23           0.205            AsCollection
[0, 769, 52]         23           0.034            ResultsIn
[0, 770]             35           0.076            Leave
[0, 771]             3            0.008            FlatMap
[0, 772]             3            0.020            FlatMap
[0, 773]             39           0.029            ArrangeBySelf
[0, 774]             3            0.056            FlatMap
[0, 775]             25           0.036            ArrangeByKey
[0, 776]             7            0.041            Join
[0, 777]             23           0.013            ArrangeByKey
[0, 778]             3            0.056            FlatMap
[0, 779]             26           0.028            ArrangeByKey
[0, 780]             7            0.029            Join
[0, 781]             24           0.012            ArrangeByKey
[0, 782]             486          6.000            Iterative
[0, 782, 1]          3            0.008            FlatMap
[0, 782, 2]          3            0.006            FlatMap
[0, 782, 3]          3            0.019            Enter
[0, 782, 4]          3            0.004            FlatMap
[0, 782, 5]          5            0.006            Feedback
[0, 782, 6]          5            0.151            FlatMap
[0, 782, 7]          19           0.268            ArrangeByKey
[0, 782, 8]          15           0.296            Join
[0, 782, 9]          17           0.171            ArrangeByKey
[0, 782, 10]         12           0.260            Join
[0, 782, 11]         18           0.164            ArrangeByKey
[0, 782, 12]         12           0.098            Join
[0, 782, 13]         11           0.060            ArrangeByKey
[0, 782, 14]         9            0.044            Join
[0, 782, 15]         5            0.007            Concatenate
[0, 782, 16]         5            0.121            FlatMap
[0, 782, 17]         50           0.082            Arrange: Threshold
[0, 782, 18]         9            0.228            Threshold
[0, 782, 19]         5            0.022            AsCollection
[0, 782, 20]         5            0.006            ResultsIn
[0, 783]             7            0.022            Leave
[0, 784]             5            0.014            FlatMap
[0, 785]             5            0.013            FlatMap
[0, 786]             5            0.106            FlatMap
[0, 787]             13           0.120            Arrange: Threshold
[0, 788]             4            0.172            Threshold
[0, 789]             3            0.018            AsCollection
[0, 790]             5            0.073            FlatMap
[0, 791]             13           0.034            Arrange: Threshold
[0, 792]             4            0.096            Threshold
[0, 793]             3            0.019            AsCollection
[0, 794]             3            0.150            FlatMap
[0, 795]             29           0.072            ArrangeByKey
[0, 796]             3            0.051            FlatMap
[0, 797]             5            0.033            ArrangeByKey
[0, 798]             3            0.091            FlatMap
[0, 799]             11           0.130            ArrangeByKey
[0, 800]             3            0.278            FlatMap
[0, 801]             32           0.224            ArrangeByKey
[0, 802]             3            0.047            FlatMap
[0, 803]             25           0.030            ArrangeByKey
[0, 804]             3            0.011            FlatMap
[0, 805]             3            0.034            FlatMap
[0, 806]             5            0.057            ArrangeBySelf
[0, 807]             3            0.073            FlatMap
[0, 808]             14           0.136            ArrangeByKey
[0, 809]             3            0.594            FlatMap
[0, 810]             38           1.887            ArrangeByKey
[0, 811]             3            0.219            FlatMap
[0, 812]             13           0.673            ArrangeByKey
[0, 813]             3            0.107            FlatMap
[0, 814]             12           0.347            ArrangeByKey
[0, 815]             3            0.506            FlatMap
[0, 816]             30           2.238            ArrangeByKey
[0, 817]             3            0.168            FlatMap
[0, 818]             51           0.173            ArrangeByKey
[0, 819]             3            0.244            FlatMap
[0, 820]             47           0.507            ArrangeByKey
[0, 821]             3            0.105            FlatMap
[0, 822]             26           0.187            ArrangeByKey
[0, 823]             3            0.183            FlatMap
[0, 824]             51           0.378            ArrangeByKey
[0, 825]             3            0.142            FlatMap
[0, 826]             13           0.328            ArrangeByKey
[0, 827]             3            0.142            FlatMap
[0, 828]             15           0.344            ArrangeByKey
[0, 829]             23           1.064            FlatMap
[0, 830]             65           1.510            ArrangeByKey
[0, 831]             3            0.119            FlatMap
[0, 832]             49           0.291            ArrangeByKey
[0, 833]             3            0.113            FlatMap
[0, 834]             55           0.626            ArrangeByKey
[0, 835]             3            0.086            FlatMap
[0, 836]             18           0.142            ArrangeByKey
[0, 837]             3            0.072            FlatMap
[0, 838]             6            0.126            ArrangeByKey
[0, 839]             3            0.098            FlatMap
[0, 840]             59           0.189            ArrangeByKey
[0, 841]             3            0.014            FlatMap
[0, 842]             3            0.107            FlatMap
[0, 843]             26           0.146            ArrangeBySelf
[0, 844]             3            0.080            FlatMap
[0, 845]             29           0.165            ArrangeByKey
[0, 846]             3            0.137            FlatMap
[0, 847]             61           0.369            ArrangeByKey
[0, 848]             3            0.096            FlatMap
[0, 849]             19           0.164            ArrangeByKey
[0, 850]             3            0.108            FlatMap
[0, 851]             18           0.263            ArrangeByKey
[0, 852]             3            0.094            FlatMap
[0, 853]             49           0.054            ArrangeByKey
[0, 854]             3            0.081            FlatMap
[0, 855]             18           0.126            ArrangeByKey
[0, 856]             3            0.136            FlatMap
[0, 857]             63           0.126            ArrangeByKey
[0, 858]             3            0.073            FlatMap
[0, 859]             19           0.143            ArrangeByKey
[0, 860]             3            0.052            FlatMap
[0, 861]             27           0.107            ArrangeByKey
[0, 862]             3            0.048            FlatMap
[0, 863]             26           0.108            ArrangeByKey
[0, 864]             3            0.114            FlatMap
[0, 865]             17           0.314            ArrangeByKey
[0, 866]             3            0.110            FlatMap
[0, 867]             20           0.124            ArrangeByKey
[0, 868]             3            0.012            FlatMap
[0, 869]             3            0.027            FlatMap
[0, 870]             39           0.038            ArrangeBySelf
[0, 871]             3            0.244            FlatMap
[0, 872]             59           0.572            ArrangeByKey
[0, 873]             7            0.104            Join
[0, 874]             10           0.029            ArrangeByKey
[0, 875]             3            0.141            FlatMap
[0, 876]             57           0.189            ArrangeByKey
[0, 877]             284653       7422.644         Iterative
[0, 877, 1]          3            0.006            FlatMap
[0, 877, 2]          3            0.009            FlatMap
[0, 877, 3]          3            0.008            FlatMap
[0, 877, 4]          3            0.006            FlatMap
[0, 877, 5]          3            0.010            FlatMap
[0, 877, 6]          1            0.001            Enter
[0, 877, 7]          3            0.005            FlatMap
[0, 877, 8]          3            0.005            FlatMap
[0, 877, 9]          3            0.010            FlatMap
[0, 877, 10]         3            0.007            FlatMap
[0, 877, 11]         3            0.006            FlatMap
[0, 877, 12]         3            0.005            FlatMap
[0, 877, 13]         3            0.007            FlatMap
[0, 877, 14]         3            0.008            FlatMap
[0, 877, 15]         3            0.005            FlatMap
[0, 877, 16]         3            0.003            FlatMap
[0, 877, 17]         3            0.004            FlatMap
[0, 877, 18]         3            0.008            FlatMap
[0, 877, 19]         3            0.004            FlatMap
[0, 877, 20]         3            0.011            FlatMap
[0, 877, 21]         3            0.005            FlatMap
[0, 877, 22]         3            0.004            FlatMap
[0, 877, 23]         3            0.009            FlatMap
[0, 877, 24]         3            0.004            FlatMap
[0, 877, 25]         3            0.009            FlatMap
[0, 877, 26]         3            0.005            FlatMap
[0, 877, 27]         3            0.006            FlatMap
[0, 877, 28]         3            0.006            Enter
[0, 877, 29]         3            0.005            FlatMap
[0, 877, 30]         3            0.004            FlatMap
[0, 877, 31]         3            0.005            FlatMap
[0, 877, 32]         3            0.005            FlatMap
[0, 877, 33]         3            0.005            FlatMap
[0, 877, 34]         3            0.006            FlatMap
[0, 877, 35]         3            0.005            FlatMap
[0, 877, 36]         3            0.005            FlatMap
[0, 877, 37]         3            0.004            FlatMap
[0, 877, 38]         3            0.011            FlatMap
[0, 877, 39]         3            0.007            FlatMap
[0, 877, 40]         3            0.004            FlatMap
[0, 877, 41]         3            0.004            FlatMap
[0, 877, 42]         225          0.303            Feedback
[0, 877, 43]         413          0.645            Feedback
[0, 877, 44]         211          0.228            Feedback
[0, 877, 45]         313          0.294            Feedback
[0, 877, 46]         325          0.297            Feedback
[0, 877, 47]         455          5.741            Feedback
[0, 877, 48]         337          0.355            Feedback
[0, 877, 49]         83           0.076            Feedback
[0, 877, 50]         83           0.136            FlatMap
[0, 877, 51]         83           1.101            FlatMap
[0, 877, 52]         1250         1.364            ArrangeBySelf
[0, 877, 53]         337          1.280            Join
[0, 877, 54]         337          0.865            Join
[0, 877, 55]         225          0.363            FlatMap
[0, 877, 56]         225          4.067            FlatMap
[0, 877, 57]         1189         1.724            ArrangeBySelf
[0, 877, 58]         473          2.256            Join
[0, 877, 59]         567          1.242            ArrangeByKey
[0, 877, 60]         455          37.074           FlatMap
[0, 877, 61]         4136         96.728           ArrangeByKey
[0, 877, 62]         940          5.143            Join
[0, 877, 63]         516          1.338            ArrangeByKey
[0, 877, 64]         955          4.752            Join
[0, 877, 65]         1060         8.596            ArrangeByKey
[0, 877, 66]         577          16.739           Join
[0, 877, 67]         1237         9.589            ArrangeByKey
[0, 877, 68]         520          13.958           Join
[0, 877, 69]         1306         6.500            ArrangeByKey
[0, 877, 70]         555          20.370           Join
[0, 877, 71]         1061         3.281            ArrangeByKey
[0, 877, 72]         530          4.479            Join
[0, 877, 73]         473          1.943            Join
[0, 877, 74]         667          0.989            ArrangeByKey
[0, 877, 75]         949          3.762            Join
[0, 877, 76]         513          0.951            ArrangeByKey
[0, 877, 77]         337          8.300            FlatMap
[0, 877, 78]         1932         2.617            ArrangeByKey
[0, 877, 79]         733          7.373            Join
[0, 877, 80]         2012         30.798           ArrangeByKey
[0, 877, 81]         603          68.900           Join
[0, 877, 82]         1384         3.387            ArrangeByKey
[0, 877, 83]         431          6.031            Join
[0, 877, 84]         1600         1.981            ArrangeByKey
[0, 877, 85]         305          2.954            Join
[0, 877, 86]         767          1.212            ArrangeByKey
[0, 877, 87]         282          1.701            Join
[0, 877, 88]         473          5.191            Join
[0, 877, 89]         1601         2.234            ArrangeByKey
[0, 877, 90]         1043         14.430           Join
[0, 877, 91]         473          3.658            Join
[0, 877, 92]         1226         1.631            ArrangeByKey
[0, 877, 93]         1004         11.372           Join
[0, 877, 94]         816          5.288            ArrangeByKey
[0, 877, 95]         413          21.956           FlatMap
[0, 877, 96]         3233         37.463           ArrangeByKey
[0, 877, 97]         1227         66.054           Join
[0, 877, 98]         473          1.944            Join
[0, 877, 99]         219          5.837            FlatMap
[0, 877, 100]        1764         4.113            ArrangeBySelf
[0, 877, 101]        582          5.893            Join
[0, 877, 102]        1120         1.344            ArrangeByKey
[0, 877, 103]        582          7.773            Join
[0, 877, 104]        1251         1.356            ArrangeByKey
[0, 877, 105]        1058         8.487            Join
[0, 877, 106]        786          1.747            ArrangeByKey
[0, 877, 107]        1019         10.200           Join
[0, 877, 108]        1053         2.152            ArrangeByKey
[0, 877, 109]        560          3.319            Join
[0, 877, 110]        582          8.025            Join
[0, 877, 111]        1312         1.594            ArrangeByKey
[0, 877, 112]        582          6.919            Join
[0, 877, 113]        1226         1.001            ArrangeByKey
[0, 877, 114]        582          6.720            Join
[0, 877, 115]        1249         0.958            ArrangeByKey
[0, 877, 116]        1094         31.635           Join
[0, 877, 117]        1060         20.952           ArrangeByKey
[0, 877, 118]        620          25.004           Join
[0, 877, 119]        1512         14.281           ArrangeByKey
[0, 877, 120]        1179         18.747           Join
[0, 877, 121]        1805         2.853            ArrangeByKey
[0, 877, 122]        1183         22.160           Join
[0, 877, 123]        1556         7.656            ArrangeByKey
[0, 877, 124]        604          8.742            Join
[0, 877, 125]        313          8.392            FlatMap
[0, 877, 126]        1575         2.722            ArrangeByKey
[0, 877, 127]        582          7.532            Join
[0, 877, 128]        1793         2.612            ArrangeByKey
[0, 877, 129]        539          3.915            Join
[0, 877, 130]        325          7.666            FlatMap
[0, 877, 131]        2480         3.912            ArrangeByKey
[0, 877, 132]        1261         71.676           Join
[0, 877, 133]        473          2.357            Join
[0, 877, 134]        919          1.050            ArrangeByKey
[0, 877, 135]        305          2.144            Join
[0, 877, 136]        801          1.709            ArrangeByKey
[0, 877, 137]        484          9.298            Join
[0, 877, 138]        2393         21.321           ArrangeByKey
[0, 877, 139]        455          5.074            FlatMap
[0, 877, 140]        455          16.829           FlatMap
[0, 877, 141]        3578         34.739           ArrangeBySelf
[0, 877, 142]        1219         355.468          Join
[0, 877, 143]        620          53.810           Join
[0, 877, 144]        2304         31.469           ArrangeByKey
[0, 877, 145]        1181         53.343           Join
[0, 877, 146]        2718         15.778           ArrangeByKey
[0, 877, 147]        1185         71.511           Join
[0, 877, 148]        2420         9.174            ArrangeByKey
[0, 877, 149]        601          18.100           Join
[0, 877, 150]        1759         9.586            ArrangeByKey
[0, 877, 151]        603          11.473           Join
[0, 877, 152]        455          7.064            FlatMap
[0, 877, 153]        455          31.963           FlatMap
[0, 877, 154]        5256         30.182           ArrangeBySelf
[0, 877, 155]        582          8.611            Join
[0, 877, 156]        1909         2.064            ArrangeByKey
[0, 877, 157]        1049         7.855            Join
[0, 877, 158]        285          4.099            FlatMap
[0, 877, 159]        1830         2.078            ArrangeBySelf
[0, 877, 160]        523          6.620            Join
[0, 877, 161]        1454         2.472            ArrangeByKey
[0, 877, 162]        877          3.227            Join
[0, 877, 163]        582          8.474            Join
[0, 877, 164]        2232         2.591            ArrangeByKey
[0, 877, 165]        559          3.215            Join
[0, 877, 166]        473          2.770            Join
[0, 877, 167]        1182         1.324            ArrangeByKey
[0, 877, 168]        1001         9.364            Join
[0, 877, 169]        1383         3.040            ArrangeByKey
[0, 877, 170]        1152         10.519           Join
[0, 877, 171]        1183         10.462           Join
[0, 877, 172]        429          16.693           FlatMap
[0, 877, 173]        2665         7.220            ArrangeBySelf
[0, 877, 174]        602          5.118            Join
[0, 877, 175]        473          1.310            Join
[0, 877, 176]        125          2.294            FlatMap
[0, 877, 177]        1302         1.468            ArrangeBySelf
[0, 877, 178]        446          1.821            Join
[0, 877, 179]        337          1.155            Join
[0, 877, 180]        473          1.199            Join
[0, 877, 181]        55           1.419            FlatMap
[0, 877, 182]        846          0.974            ArrangeBySelf
[0, 877, 183]        340          1.213            Join
[0, 877, 184]        473          2.186            Join
[0, 877, 185]        853          0.995            ArrangeByKey
[0, 877, 186]        211          4.231            FlatMap
[0, 877, 187]        2000         1.385            ArrangeByKey
[0, 877, 188]        637          2.617            Join
[0, 877, 189]        877          3.590            Join
[0, 877, 190]        473          1.454            Join
[0, 877, 191]        568          0.938            ArrangeByKey
[0, 877, 192]        951          111.551          Join
[0, 877, 193]        473          1.133            Join
[0, 877, 194]        19           0.396            FlatMap
[0, 877, 195]        565          0.700            ArrangeBySelf
[0, 877, 196]        321          1.072            Join
[0, 877, 197]        225          0.296            FlatMap
[0, 877, 198]        225          4.602            FlatMap
[0, 877, 199]        1291         1.148            ArrangeBySelf
[0, 877, 200]        473          1.711            Join
[0, 877, 201]        473          1.234            Join
[0, 877, 202]        473          0.873            Join
[0, 877, 203]        473          7.952            Join
[0, 877, 204]        2117         3.878            ArrangeByKey
[0, 877, 205]        579          3.726            Join
[0, 877, 206]        177          2.331            FlatMap
[0, 877, 207]        1366         1.117            ArrangeBySelf
[0, 877, 208]        426          1.810            Join
[0, 877, 209]        177          2.103            FlatMap
[0, 877, 210]        1435         1.241            ArrangeBySelf
[0, 877, 211]        360          1.514            Join
[0, 877, 212]        373          0.400            Concatenate
[0, 877, 213]        671          0.506            Concatenate
[0, 877, 214]        751          0.435            Concatenate
[0, 877, 215]        753          0.439            Concatenate
[0, 877, 216]        753          18.579           FlatMap
[0, 877, 217]        4317         7.679            Arrange: Threshold
[0, 877, 218]        617          5.874            Threshold
[0, 877, 219]        379          0.446            AsCollection
[0, 877, 220]        429          0.448            Concatenate
[0, 877, 221]        429          8.471            FlatMap
[0, 877, 222]        2979         4.153            Arrange: Threshold
[0, 877, 223]        574          6.136            Threshold
[0, 877, 224]        325          0.592            AsCollection
[0, 877, 225]        63           0.702            FlatMap
[0, 877, 226]        1399         1.483            Arrange: Threshold
[0, 877, 227]        459          3.268            Threshold
[0, 877, 228]        211          0.397            AsCollection
[0, 877, 229]        653          0.543            Concatenate
[0, 877, 230]        733          0.384            Concatenate
[0, 877, 231]        733          20.281           FlatMap
[0, 877, 232]        4318         10.030           Arrange: Threshold
[0, 877, 233]        672          14.703           Threshold
[0, 877, 234]        443          0.549            AsCollection
[0, 877, 235]        419          17.436           FlatMap
[0, 877, 236]        4443         38.196           Arrange: Threshold
[0, 877, 237]        656          276.787          Threshold
[0, 877, 238]        413          6.741            AsCollection
[0, 877, 239]        267          0.246            Concatenate
[0, 877, 240]        269          0.176            Concatenate
[0, 877, 241]        318          0.224            Concatenate
[0, 877, 242]        335          0.210            Concatenate
[0, 877, 243]        441          0.289            Concatenate
[0, 877, 244]        441          0.235            Concatenate
[0, 877, 245]        441          6.007            FlatMap
[0, 877, 246]        4228         1.903            Arrange: Threshold
[0, 877, 247]        416          2.065            Threshold
[0, 877, 248]        169          0.167            AsCollection
[0, 877, 249]        271          8.659            FlatMap
[0, 877, 250]        1682         4.011            Arrange: Threshold
[0, 877, 251]        600          11.386           Threshold
[0, 877, 252]        365          0.816            AsCollection
[0, 877, 253]        496          0.564            Concatenate
[0, 877, 254]        1173         1.047            Concatenate
[0, 877, 255]        1455         1.005            Concatenate
[0, 877, 256]        1622         1.740            Concatenate
[0, 877, 257]        1870         1.659            Concatenate
[0, 877, 258]        2222         1.676            Concatenate
[0, 877, 259]        2274         1.538            Concatenate
[0, 877, 260]        2393         1.553            Concatenate
[0, 877, 261]        2393         136.547          FlatMap
[0, 877, 262]        18410        256.720          Arrange: Threshold
[0, 877, 263]        686          1259.207         Threshold
[0, 877, 264]        463          12.570           AsCollection
[0, 877, 265]        225          0.191            ResultsIn
[0, 877, 266]        413          2.078            ResultsIn
[0, 877, 267]        337          0.259            ResultsIn
[0, 877, 268]        83           0.066            ResultsIn
[0, 877, 269]        211          0.173            ResultsIn
[0, 877, 270]        455          1.478            ResultsIn
[0, 877, 271]        313          0.217            ResultsIn
[0, 877, 272]        325          0.238            ResultsIn
[0, 878]             707          0.421            Leave
[0, 879]             1908         1.433            Leave
[0, 880]             1146         0.544            Leave
[0, 881]             826          0.444            Leave
[0, 882]             1584         0.807            Leave
[0, 883]             2489         2.447            Leave
[0, 884]             1186         0.543            Leave
[0, 885]             763          0.306            Leave
[0, 886]             23           0.483            FlatMap
[0, 887]             84           0.751            Arrange: Threshold
[0, 888]             4            1.099            Threshold
[0, 889]             3            0.072            AsCollection
[0, 890]             3            0.030            FlatMap
[0, 891]             3            0.032            FlatMap
[0, 892]             3            0.064            FlatMap
[0, 893]             62           0.015            Consolidate
[0, 894]             1            0.001            AsCollection
[0, 895]             2            0.004            InspectBatch
[0, 896]             2            0.002            Probe
[0, 897]             3            0.053            FlatMap
[0, 898]             34           0.076            Arrange: Threshold
[0, 899]             4            0.221            Threshold
[0, 900]             3            0.019            AsCollection
[0, 901]             3            0.011            FlatMap
[0, 902]             3            0.010            FlatMap
[0, 903]             3            0.027            FlatMap
[0, 904]             17           0.012            Consolidate
[0, 905]             1            0.001            AsCollection
[0, 906]             2            0.004            InspectBatch
[0, 907]             2            0.002            Probe
[0, 908]             3            0.032            FlatMap
[0, 909]             19           0.023            Arrange: Threshold
[0, 910]             4            0.041            Threshold
[0, 911]             3            0.015            AsCollection
[0, 912]             3            0.007            FlatMap
[0, 913]             3            0.014            FlatMap
[0, 914]             3            0.032            FlatMap
[0, 915]             53           0.021            Consolidate
[0, 916]             1            0.001            AsCollection
[0, 917]             2            0.004            InspectBatch
[0, 918]             2            0.002            Probe
[0, 919]             19           0.267            FlatMap
[0, 920]             74           0.051            Arrange: Threshold
[0, 921]             4            0.058            Threshold
[0, 922]             3            0.009            AsCollection
[0, 923]             3            0.010            FlatMap
[0, 924]             3            0.008            FlatMap
[0, 925]             3            0.024            FlatMap
[0, 926]             14           0.011            Consolidate
[0, 927]             1            0.001            AsCollection
[0, 928]             2            0.004            InspectBatch
[0, 929]             2            0.003            Probe
[0, 930]             3            0.026            FlatMap
[0, 931]             12           0.019            Arrange: Threshold
[0, 932]             4            0.060            Threshold
[0, 933]             3            0.007            AsCollection
[0, 934]             3            0.008            FlatMap
[0, 935]             3            0.006            FlatMap
[0, 936]             3            0.031            FlatMap
[0, 937]             5            0.005            Consolidate
[0, 938]             1            0.001            AsCollection
[0, 939]             2            0.004            InspectBatch
[0, 940]             2            0.001            Probe
[0, 941]             21           0.246            FlatMap
[0, 942]             68           0.067            Arrange: Threshold
[0, 943]             4            0.058            Threshold
[0, 944]             3            0.006            AsCollection
[0, 945]             3            0.006            FlatMap
[0, 946]             3            0.005            FlatMap
[0, 947]             3            0.024            FlatMap
[0, 948]             7            0.008            Consolidate
[0, 949]             1            0.001            AsCollection
[0, 950]             2            0.013            InspectBatch
[0, 951]             2            0.001            Probe
[0, 952]             5            0.068            FlatMap
[0, 953]             14           0.079            Arrange: Threshold
[0, 954]             4            0.182            Threshold
[0, 955]             3            0.015            AsCollection
[0, 956]             3            0.010            FlatMap
[0, 957]             3            0.009            FlatMap
[0, 958]             3            0.024            FlatMap
[0, 959]             9            0.007            Consolidate
[0, 960]             1            0.001            AsCollection
[0, 961]             2            0.003            InspectBatch
[0, 962]             2            0.001            Probe
[0, 963]             3            0.036            FlatMap
[0, 964]             9            0.058            Arrange: Threshold
[0, 965]             4            0.185            Threshold
[0, 966]             3            0.014            AsCollection
[0, 967]             3            0.012            FlatMap
[0, 968]             3            0.008            FlatMap
[0, 969]             3            0.020            FlatMap
[0, 970]             7            0.006            Consolidate
[0, 971]             1            0.001            AsCollection
[0, 972]             2            0.004            InspectBatch
[0, 973]             2            0.001            Probe
[0, 974]             3            0.022            FlatMap
[0, 975]             9            0.024            Arrange: Threshold
[0, 976]             4            0.108            Threshold
[0, 977]             3            0.009            AsCollection
[0, 978]             3            0.007            FlatMap
[0, 979]             3            0.011            FlatMap
[0, 980]             3            0.019            FlatMap
[0, 981]             9            0.006            Consolidate
[0, 982]             1            0.000            AsCollection
[0, 983]             2            0.005            InspectBatch
[0, 984]             2            0.001            Probe
[0, 985]             3            0.024            FlatMap
[0, 986]             3            0.084            Arrange: Threshold
[0, 987]             3            0.014            Threshold
[0, 988]             3            0.004            AsCollection
[0, 989]             3            0.015            FlatMap
[0, 990]             3            0.006            FlatMap
[0, 991]             3            0.031            FlatMap
[0, 992]             4            0.006            Consolidate
[0, 993]             1            0.001            AsCollection
[0, 994]             2            0.003            InspectBatch
[0, 995]             2            0.002            Probe
[0, 996]             3            0.020            FlatMap
[0, 997]             15           0.013            Arrange: Threshold
[0, 998]             4            0.024            Threshold
[0, 999]             3            0.005            AsCollection
[0, 1000]            3            0.006            FlatMap
[0, 1001]            3            0.010            FlatMap
[0, 1002]            3            0.025            FlatMap
[0, 1003]            6            0.062            Consolidate
[0, 1004]            1            0.001            AsCollection
[0, 1005]            2            0.004            InspectBatch
[0, 1006]            2            0.001            Probe
[0, 1007]            83           1.104            FlatMap
[0, 1008]            1135         0.481            Arrange: Threshold
[0, 1009]            4            0.064            Threshold
[0, 1010]            3            0.005            AsCollection
[0, 1011]            3            0.005            FlatMap
[0, 1012]            3            0.006            FlatMap
[0, 1013]            3            0.066            FlatMap
[0, 1014]            4            0.008            Consolidate
[0, 1015]            1            0.001            AsCollection
[0, 1016]            2            0.002            InspectBatch
[0, 1017]            2            0.000            Probe
[0, 1018]            325          5.863            FlatMap
[0, 1019]            2268         1.146            Arrange: Threshold
[0, 1020]            4            0.375            Threshold
[0, 1021]            3            0.029            AsCollection
[0, 1022]            3            0.014            FlatMap
[0, 1023]            3            0.014            FlatMap
[0, 1024]            3            0.059            FlatMap
[0, 1025]            4            0.005            Consolidate
[0, 1026]            1            0.001            AsCollection
[0, 1027]            2            0.004            InspectBatch
[0, 1028]            2            0.010            Probe
[0, 1029]            455          16.624           FlatMap
[0, 1030]            3927         102.709          Arrange: Threshold
[0, 1031]            4            108.449          Threshold
[0, 1032]            3            6.203            AsCollection
[0, 1033]            3            8.163            FlatMap
[0, 1034]            3            2.335            FlatMap
[0, 1035]            3            4.085            FlatMap
[0, 1036]            4            0.022            Consolidate
[0, 1037]            1            0.001            AsCollection
[0, 1038]            2            0.003            InspectBatch
[0, 1039]            2            0.040            Probe
[0, 1040]            413          11.611           FlatMap
[0, 1041]            2917         40.968           Arrange: Threshold
[0, 1042]            4            46.432           Threshold
[0, 1043]            3            4.898            AsCollection
[0, 1044]            3            0.942            FlatMap
[0, 1045]            3            0.960            FlatMap
[0, 1046]            3            1.473            FlatMap
[0, 1047]            65           0.019            Consolidate
[0, 1048]            1            0.000            AsCollection
[0, 1049]            2            0.005            InspectBatch
[0, 1050]            2            0.001            Probe
[0, 1051]            211          3.898            FlatMap
[0, 1052]            1872         0.765            Arrange: Threshold
[0, 1053]            4            0.230            Threshold
[0, 1054]            3            0.017            AsCollection
[0, 1055]            3            0.019            FlatMap
[0, 1056]            3            0.035            FlatMap
[0, 1057]            3            0.051            FlatMap
[0, 1058]            65           0.013            Consolidate
[0, 1059]            1            0.001            AsCollection
[0, 1060]            2            0.002            InspectBatch
[0, 1061]            2            0.044            Probe
[0, 1062]            313          6.542            FlatMap
[0, 1063]            1629         0.795            Arrange: Threshold
[0, 1064]            4            0.344            Threshold
[0, 1065]            3            0.020            AsCollection
[0, 1066]            3            0.039            FlatMap
[0, 1067]            3            0.019            FlatMap
[0, 1068]            3            0.079            FlatMap
[0, 1069]            65           0.013            Consolidate
[0, 1070]            1            0.001            AsCollection
[0, 1071]            2            0.002            InspectBatch
[0, 1072]            2            0.001            Probe
[0, 1073]            337          6.912            FlatMap
[0, 1074]            1883         1.220            Arrange: Threshold
[0, 1075]            4            0.850            Threshold
[0, 1076]            3            0.062            AsCollection
[0, 1077]            3            0.034            FlatMap
[0, 1078]            3            0.029            FlatMap
[0, 1079]            3            0.096            FlatMap
[0, 1080]            65           0.012            Consolidate
[0, 1081]            1            0.001            AsCollection
[0, 1082]            2            0.003            InspectBatch
[0, 1083]            2            0.001            Probe
[0, 1084]            225          4.489            FlatMap
[0, 1085]            1348         0.685            Arrange: Threshold
[0, 1086]            4            0.087            Threshold
[0, 1087]            3            0.009            AsCollection
[0, 1088]            3            0.006            FlatMap
[0, 1089]            3            0.013            FlatMap
[0, 1090]            3            0.089            FlatMap
[0, 1091]            65           0.093            Consolidate
[0, 1092]            1            0.000            AsCollection
[0, 1093]            2            0.007            InspectBatch
[0, 1094]            2            0.001            Probe
