addr                 activations  total_active_ms  name
[0]                  195907       10139.716        Dataflow
[0, 1]               1            0.001            Input
[0, 2]               2            0.424            FlatMap
[0, 3]               6            0.064            Arrange: Threshold
[0, 4]               4            0.078            Threshold
[0, 5]               3            0.008            AsCollection
[0, 6]               1            0.001            Input
[0, 7]               2            0.306            FlatMap
[0, 8]               7            0.058            Arrange: Threshold
[0, 9]               4            0.043            Threshold
[0, 10]              3            0.008            AsCollection
[0, 11]              1            0.000            Input
[0, 12]              1            0.001            FlatMap
[0, 13]              3            0.009            Arrange: Threshold
[0, 14]              2            0.007            Threshold
[0, 15]              1            0.001            AsCollection
[0, 16]              1            0.000            Input
[0, 17]              2            0.376            FlatMap
[0, 18]              6            0.303            Arrange: Threshold
[0, 19]              4            0.466            Threshold
[0, 20]              3            0.043            AsCollection
[0, 21]              1            0.000            Input
[0, 22]              2            0.161            FlatMap
[0, 23]              8            0.066            Arrange: Threshold
[0, 24]              4            0.018            Threshold
[0, 25]              3            0.004            AsCollection
[0, 26]              1            0.000            Input
[0, 27]              2            0.358            FlatMap
[0, 28]              7            0.300            Arrange: Threshold
[0, 29]              4            0.693            Threshold
[0, 30]              3            0.045            AsCollection
[0, 31]              1            0.000            Input
[0, 32]              2            0.454            FlatMap
[0, 33]              7            0.366            Arrange: Threshold
[0, 34]              4            0.562            Threshold
[0, 35]              3            0.041            AsCollection
[0, 36]              1            0.000            Input
[0, 37]              2            0.280            FlatMap
[0, 38]              9            0.368            Arrange: Threshold
[0, 39]              4            0.514            Threshold
[0, 40]              3            0.063            AsCollection
[0, 41]              1            0.000            Input
[0, 42]              2            1.120            FlatMap
[0, 43]              8            2.784            Arrange: Threshold
[0, 44]              4            5.467            Threshold
[0, 45]              3            0.332            AsCollection
[0, 46]              1            0.000            Input
[0, 47]              2            0.158            FlatMap
[0, 48]              8            0.231            Arrange: Threshold
[0, 49]              4            0.486            Threshold
[0, 50]              3            0.046            AsCollection
[0, 51]              1            0.000            Input
[0, 52]              2            0.241            FlatMap
[0, 53]              7            0.066            Arrange: Threshold
[0, 54]              4            0.054            Threshold
[0, 55]              3            0.008            AsCollection
[0, 56]              1            0.001            Input
[0, 57]              2            0.175            FlatMap
[0, 58]              7            0.042            Arrange: Threshold
[0, 59]              4            0.016            Threshold
[0, 60]              3            0.004            AsCollection
[0, 61]              1            0.000            Input
[0, 62]              2            0.059            FlatMap
[0, 63]              8            0.032            Arrange: Threshold
[0, 64]              4            0.021            Threshold
[0, 65]              3            0.003            AsCollection
[0, 66]              1            0.000            Input
[0, 67]              2            0.190            FlatMap
[0, 68]              7            0.043            Arrange: Threshold
[0, 69]              4            0.031            Threshold
[0, 70]              3            0.005            AsCollection
[0, 71]              1            0.000            Input
[0, 72]              2            0.404            FlatMap
[0, 73]              7            0.127            Arrange: Threshold
[0, 74]              4            0.241            Threshold
[0, 75]              3            0.022            AsCollection
[0, 76]              1            0.001            Input
[0, 77]              2            0.467            FlatMap
[0, 78]              6            0.140            Arrange: Threshold
[0, 79]              4            0.296            Threshold
[0, 80]              3            0.019            AsCollection
[0, 81]              1            0.000            Input
[0, 82]              2            0.391            FlatMap
[0, 83]              7            0.324            Arrange: Threshold
[0, 84]              4            0.612            Threshold
[0, 85]              3            0.065            AsCollection
[0, 86]              1            0.000            Input
[0, 87]              2            0.602            FlatMap
[0, 88]              6            1.211            Arrange: Threshold
[0, 89]              4            1.881            Threshold
[0, 90]              3            0.200            AsCollection
[0, 91]              1            0.000            Input
[0, 92]              2            0.210            FlatMap
[0, 93]              6            0.136            Arrange: Threshold
[0, 94]              4            0.235            Threshold
[0, 95]              3            0.023            AsCollection
[0, 96]              1            0.000            Input
[0, 97]              2            0.496            FlatMap
[0, 98]              6            0.349            Arrange: Threshold
[0, 99]              4            0.232            Threshold
[0, 100]             3            0.016            AsCollection
[0, 101]             1            0.000            Input
[0, 102]             2            0.305            FlatMap
[0, 103]             6            0.117            Arrange: Threshold
[0, 104]             4            0.243            Threshold
[0, 105]             3            0.026            AsCollection
[0, 106]             1            0.000            Input
[0, 107]             2            0.382            FlatMap
[0, 108]             7            0.289            Arrange: Threshold
[0, 109]             4            0.446            Threshold
[0, 110]             3            0.064            AsCollection
[0, 111]             1            0.000            Input
[0, 112]             2            0.468            FlatMap
[0, 113]             6            0.859            Arrange: Threshold
[0, 114]             4            1.060            Threshold
[0, 115]             3            0.123            AsCollection
[0, 116]             1            0.000            Input
[0, 117]             2            0.380            FlatMap
[0, 118]             7            0.351            Arrange: Threshold
[0, 119]             4            0.563            Threshold
[0, 120]             3            0.053            AsCollection
[0, 121]             1            0.000            Input
[0, 122]             2            0.323            FlatMap
[0, 123]             7            0.219            Arrange: Threshold
[0, 124]             4            0.468            Threshold
[0, 125]             3            0.062            AsCollection
[0, 126]             1            0.000            Input
[0, 127]             2            0.257            FlatMap
[0, 128]             7            0.203            Arrange: Threshold
[0, 129]             4            0.292            Threshold
[0, 130]             3            0.050            AsCollection
[0, 131]             1            0.000            Input
[0, 132]             2            0.384            FlatMap
[0, 133]             6            0.419            Arrange: Threshold
[0, 134]             4            0.748            Threshold
[0, 135]             3            0.134            AsCollection
[0, 136]             1            0.000            Input
[0, 137]             2            0.282            FlatMap
[0, 138]             7            0.076            Arrange: Threshold
[0, 139]             4            0.074            Threshold
[0, 140]             3            0.014            AsCollection
[0, 141]             1            0.000            Input
[0, 142]             2            0.264            FlatMap
[0, 143]             6            0.172            Arrange: Threshold
[0, 144]             4            0.209            Threshold
[0, 145]             3            0.021            AsCollection
[0, 146]             1            0.001            Input
[0, 147]             2            0.200            FlatMap
[0, 148]             6            0.194            Arrange: Threshold
[0, 149]             4            0.313            Threshold
[0, 150]             3            0.057            AsCollection
[0, 151]             1            0.000            Input
[0, 152]             2            0.297            FlatMap
[0, 153]             6            0.094            Arrange: Threshold
[0, 154]             4            0.120            Threshold
[0, 155]             3            0.018            AsCollection
[0, 156]             1            0.000            Input
[0, 157]             2            0.282            FlatMap
[0, 158]             6            0.223            Arrange: Threshold
[0, 159]             4            0.352            Threshold
[0, 160]             3            0.028            AsCollection
[0, 161]             3            0.007            FlatMap
[0, 162]             3            0.011            FlatMap
[0, 163]             3            0.019            FlatMap
[0, 164]             3            0.016            FlatMap
[0, 165]             3            0.008            FlatMap
[0, 166]             3            0.010            FlatMap
[0, 167]             3            0.008            FlatMap
[0, 168]             3            0.010            FlatMap
[0, 169]             3            0.011            FlatMap
[0, 170]             3            0.010            FlatMap
[0, 171]             3            0.009            FlatMap
[0, 172]             3            0.009            FlatMap
[0, 173]             3            0.008            FlatMap
[0, 174]             3            0.006            FlatMap
[0, 175]             3            0.005            FlatMap
[0, 176]             3            0.005            FlatMap
[0, 177]             3            0.026            FlatMap
[0, 178]             3            0.034            FlatMap
[0, 179]             3            0.022            FlatMap
[0, 180]             3            0.025            FlatMap
[0, 181]             3            0.012            FlatMap
[0, 182]             3            0.012            FlatMap
[0, 183]             3            0.011            FlatMap
[0, 184]             3            0.012            FlatMap
[0, 185]             3            0.018            FlatMap
[0, 186]             3            0.017            FlatMap
[0, 187]             3            0.045            FlatMap
[0, 188]             3            0.028            FlatMap
[0, 189]             3            0.028            FlatMap
[0, 190]             3            0.032            FlatMap
[0, 191]             3            0.018            FlatMap
[0, 192]             3            0.015            FlatMap
[0, 193]             3            0.018            FlatMap
[0, 194]             3            0.010            FlatMap
[0, 195]             3            0.011            FlatMap
[0, 196]             3            0.008            FlatMap
[0, 197]             3            0.009            FlatMap
[0, 198]             3            0.014            FlatMap
[0, 199]             3            0.012            FlatMap
[0, 200]             3            0.015            FlatMap
[0, 201]             3            0.010            FlatMap
[0, 202]             3            0.060            FlatMap
[0, 203]             3            0.073            FlatMap
[0, 204]             3            0.052            FlatMap
[0, 205]             3            0.024            FlatMap
[0, 206]             3            0.020            FlatMap
[0, 207]             3            0.021            FlatMap
[0, 208]             3            0.011            FlatMap
[0, 209]             3            0.009            FlatMap
[0, 210]             3            0.007            FlatMap
[0, 211]             3            0.006            FlatMap
[0, 212]             3            0.005            FlatMap
[0, 213]             3            0.010            FlatMap
[0, 214]             3            0.032            FlatMap
[0, 215]             4            0.057            Arrange: Threshold
[0, 216]             4            0.206            Threshold
[0, 217]             3            0.018            AsCollection
[0, 218]             4            0.008            Concatenate
[0, 219]             4            0.005            Concatenate
[0, 220]             4            0.011            Concatenate
[0, 221]             4            0.054            FlatMap
[0, 222]             8            0.032            Arrange: Threshold
[0, 223]             4            0.078            Threshold
[0, 224]             3            0.007            AsCollection
[0, 225]             3            0.098            FlatMap
[0, 226]             5            0.303            Arrange: Threshold
[0, 227]             4            0.566            Threshold
[0, 228]             3            0.035            AsCollection
[0, 229]             3            0.116            FlatMap
[0, 230]             5            0.136            Arrange: Threshold
[0, 231]             4            0.224            Threshold
[0, 232]             3            0.016            AsCollection
[0, 233]             3            0.027            FlatMap
[0, 234]             7            0.012            Arrange: Threshold
[0, 235]             4            0.019            Threshold
[0, 236]             3            0.004            AsCollection
[0, 237]             3            0.074            FlatMap
[0, 238]             5            0.112            Arrange: Threshold
[0, 239]             4            0.193            Threshold
[0, 240]             3            0.015            AsCollection
[0, 241]             3            0.025            FlatMap
[0, 242]             4            0.023            Arrange: Threshold
[0, 243]             4            0.054            Threshold
[0, 244]             3            0.012            AsCollection
[0, 245]             3            0.072            FlatMap
[0, 246]             5            0.095            Arrange: Threshold
[0, 247]             4            0.111            Threshold
[0, 248]             3            0.009            AsCollection
[0, 249]             3            0.156            FlatMap
[0, 250]             5            0.174            Arrange: Threshold
[0, 251]             4            0.284            Threshold
[0, 252]             3            0.019            AsCollection
[0, 253]             3            0.288            FlatMap
[0, 254]             5            0.927            Arrange: Threshold
[0, 255]             4            1.738            Threshold
[0, 256]             3            0.109            AsCollection
[0, 257]             3            0.025            FlatMap
[0, 258]             7            0.025            Arrange: Threshold
[0, 259]             4            0.106            Threshold
[0, 260]             3            0.015            AsCollection
[0, 261]             3            0.119            FlatMap
[0, 262]             5            0.120            Arrange: Threshold
[0, 263]             4            0.237            Threshold
[0, 264]             3            0.015            AsCollection
[0, 265]             3            0.008            Concatenate
[0, 266]             3            0.008            Concatenate
[0, 267]             3            0.228            FlatMap
[0, 268]             5            0.718            Arrange: Threshold
[0, 269]             4            1.352            Threshold
[0, 270]             3            0.133            AsCollection
[0, 271]             3            0.062            FlatMap
[0, 272]             5            0.138            Arrange: Threshold
[0, 273]             4            0.203            Threshold
[0, 274]             3            0.015            AsCollection
[0, 275]             3            0.038            FlatMap
[0, 276]             5            0.030            Arrange: Threshold
[0, 277]             4            0.038            Threshold
[0, 278]             3            0.007            AsCollection
[0, 279]             3            0.079            FlatMap
[0, 280]             5            0.153            Arrange: Threshold
[0, 281]             4            0.255            Threshold
[0, 282]             3            0.017            AsCollection
[0, 283]             3            0.150            FlatMap
[0, 284]             5            0.418            Arrange: Threshold
[0, 285]             4            0.808            Threshold
[0, 286]             3            0.047            AsCollection
[0, 287]             3            0.074            FlatMap
[0, 288]             5            0.132            Arrange: Threshold
[0, 289]             4            0.201            Threshold
[0, 290]             3            0.027            AsCollection
[0, 291]             3            0.005            Concatenate
[0, 292]             3            0.008            Concatenate
[0, 293]             3            0.005            Concatenate
[0, 294]             3            0.182            FlatMap
[0, 295]             5            0.540            Arrange: Threshold
[0, 296]             4            0.971            Threshold
[0, 297]             3            0.062            AsCollection
[0, 298]             3            0.139            FlatMap
[0, 299]             5            0.249            Arrange: Threshold
[0, 300]             4            0.432            Threshold
[0, 301]             3            0.047            AsCollection
[0, 302]             3            0.016            Concatenate
[0, 303]             3            0.012            Concatenate
[0, 304]             3            0.342            FlatMap
[0, 305]             5            1.308            Arrange: Threshold
[0, 306]             4            2.403            Threshold
[0, 307]             3            0.180            AsCollection
[0, 308]             3            0.126            FlatMap
[0, 309]             5            0.321            Arrange: Threshold
[0, 310]             4            0.587            Threshold
[0, 311]             3            0.040            AsCollection
[0, 312]             3            0.070            FlatMap
[0, 313]             5            0.083            Arrange: Threshold
[0, 314]             4            0.110            Threshold
[0, 315]             3            0.009            AsCollection
[0, 316]             3            0.032            FlatMap
[0, 317]             8            0.013            Arrange: Threshold
[0, 318]             4            0.021            Threshold
[0, 319]             3            0.007            AsCollection
[0, 320]             3            0.015            Concatenate
[0, 321]             3            0.010            Concatenate
[0, 322]             3            0.006            Concatenate
[0, 323]             3            0.006            Concatenate
[0, 324]             3            0.007            Concatenate
[0, 325]             3            0.008            Concatenate
[0, 326]             3            0.008            Concatenate
[0, 327]             3            0.010            Concatenate
[0, 328]             3            0.008            Concatenate
[0, 329]             3            0.016            Concatenate
[0, 330]             3            0.013            Concatenate
[0, 331]             3            0.017            Concatenate
[0, 332]             3            1.389            FlatMap
[0, 333]             5            3.019            Arrange: Threshold
[0, 334]             4            4.861            Threshold
[0, 335]             3            0.510            AsCollection
[0, 336]             3            0.128            FlatMap
[0, 337]             5            0.316            Arrange: Threshold
[0, 338]             4            0.620            Threshold
[0, 339]             3            0.036            AsCollection
[0, 340]             3            0.119            FlatMap
[0, 341]             5            0.170            Arrange: Threshold
[0, 342]             4            0.220            Threshold
[0, 343]             3            0.017            AsCollection
[0, 344]             3            0.123            FlatMap
[0, 345]             5            0.070            Arrange: Threshold
[0, 346]             4            0.062            Threshold
[0, 347]             3            0.007            AsCollection
[0, 348]             3            0.006            Concatenate
[0, 349]             4            0.006            Concatenate
[0, 350]             4            0.006            Concatenate
[0, 351]             4            0.007            Concatenate
[0, 352]             4            0.157            FlatMap
[0, 353]             10           0.114            Arrange: Threshold
[0, 354]             4            0.064            Threshold
[0, 355]             3            0.017            AsCollection
[0, 356]             3            0.129            FlatMap
[0, 357]             5            0.145            Arrange: Threshold
[0, 358]             4            0.274            Threshold
[0, 359]             3            0.026            AsCollection
[0, 360]             3            0.163            FlatMap
[0, 361]             5            0.213            Arrange: Threshold
[0, 362]             4            0.400            Threshold
[0, 363]             3            0.035            AsCollection
[0, 364]             3            0.283            FlatMap
[0, 365]             5            0.186            Arrange: Threshold
[0, 366]             4            0.319            Threshold
[0, 367]             3            0.020            AsCollection
[0, 368]             3            0.301            FlatMap
[0, 369]             5            0.461            Arrange: Threshold
[0, 370]             4            0.870            Threshold
[0, 371]             3            0.052            AsCollection
[0, 372]             3            0.164            FlatMap
[0, 373]             5            0.302            Arrange: Threshold
[0, 374]             4            0.164            Threshold
[0, 375]             3            0.012            AsCollection
[0, 376]             3            0.004            FlatMap
[0, 377]             1            0.001            FlatMap
[0, 378]             3            0.007            ArrangeBySelf
[0, 379]             3            0.004            FlatMap
[0, 380]             1            0.001            FlatMap
[0, 381]             3            0.006            ArrangeBySelf
[0, 382]             2            0.015            Join
[0, 383]             3            0.011            ArrangeByKey
[0, 384]             3            0.028            FlatMap
[0, 385]             5            0.011            ArrangeByKey
[0, 386]             3            0.015            Join
[0, 387]             3            0.004            FlatMap
[0, 388]             1            0.001            FlatMap
[0, 389]             3            0.006            ArrangeBySelf
[0, 390]             3            0.004            FlatMap
[0, 391]             1            0.001            FlatMap
[0, 392]             3            0.005            ArrangeBySelf
[0, 393]             2            0.010            Join
[0, 394]             3            0.007            ArrangeByKey
[0, 395]             3            0.010            Join
[0, 396]             3            0.005            FlatMap
[0, 397]             3            0.010            ArrangeByKey
[0, 398]             2            0.017            Join
[0, 399]             3            0.029            FlatMap
[0, 400]             5            0.008            ArrangeByKey
[0, 401]             2            0.008            Join
[0, 402]             3            0.006            FlatMap
[0, 403]             3            0.007            FlatMap
[0, 404]             3            0.015            FlatMap
[0, 405]             3            0.006            FlatMap
[0, 406]             3            0.006            FlatMap
[0, 407]             1            0.001            FlatMap
[0, 408]             3            0.008            ArrangeBySelf
[0, 409]             3            0.019            FlatMap
[0, 410]             3            0.060            FlatMap
[0, 411]             11           0.105            ArrangeBySelf
[0, 412]             3            0.011            FlatMap
[0, 413]             3            0.020            FlatMap
[0, 414]             5            0.009            ArrangeBySelf
[0, 415]             3            0.014            FlatMap
[0, 416]             3            0.081            FlatMap
[0, 417]             10           0.035            ArrangeBySelf
[0, 418]             3            0.110            FlatMap
[0, 419]             5            0.229            ArrangeByKey
[0, 420]             1            0.002            FlatMap
[0, 421]             1            0.000            FlatMap
[0, 422]             2            0.005            ArrangeBySelf
[0, 423]             5            0.028            Join
[0, 424]             3            0.008            ArrangeByKey
[0, 425]             3            0.012            Join
[0, 426]             3            0.007            ArrangeByKey
[0, 427]             3            0.013            Join
[0, 428]             1            0.001            FlatMap
[0, 429]             5            0.008            ArrangeBySelf
[0, 430]             5            0.052            Join
[0, 431]             1            0.002            FlatMap
[0, 432]             5            0.007            ArrangeBySelf
[0, 433]             5            0.022            Join
[0, 434]             1            0.001            FlatMap
[0, 435]             5            0.005            ArrangeBySelf
[0, 436]             3            0.011            Join
[0, 437]             2            0.014            ArrangeByKey
[0, 438]             3            0.011            Join
[0, 439]             1            0.001            FlatMap
[0, 440]             2            0.008            ArrangeBySelf
[0, 441]             3            0.011            Join
[0, 442]             1            0.001            FlatMap
[0, 443]             2            0.005            ArrangeBySelf
[0, 444]             3            0.013            Join
[0, 445]             2            0.005            ArrangeByKey
[0, 446]             2            0.008            Join
[0, 447]             1            0.001            FlatMap
[0, 448]             3            0.008            ArrangeBySelf
[0, 449]             3            0.014            Join
[0, 450]             3            0.011            FlatMap
[0, 451]             3            0.038            FlatMap
[0, 452]             12           0.043            ArrangeBySelf
[0, 453]             3            0.119            FlatMap
[0, 454]             5            0.270            ArrangeByKey
[0, 455]             3            0.217            FlatMap
[0, 456]             5            0.212            ArrangeByKey
[0, 457]             3            0.122            FlatMap
[0, 458]             5            0.205            ArrangeByKey
[0, 459]             3            0.053            AsCollection
[0, 460]             3            0.109            FlatMap
[0, 461]             5            0.194            Arrange: Threshold
[0, 462]             4            0.384            Threshold
[0, 463]             3            0.027            AsCollection
[0, 464]             6            0.044            Join
[0, 465]             3            0.053            FlatMap
[0, 466]             5            0.056            Arrange: Threshold
[0, 467]             4            0.046            Threshold
[0, 468]             3            0.007            AsCollection
[0, 469]             3            0.007            FlatMap
[0, 470]             3            0.006            Concatenate
[0, 471]             3            0.017            FlatMap
[0, 472]             3            0.055            FlatMap
[0, 473]             4            0.116            Arrange: Threshold
[0, 474]             4            0.352            Threshold
[0, 475]             3            0.112            AsCollection
[0, 476]             5            0.562            ArrangeByKey
[0, 477]             3            0.060            AsCollection
[0, 478]             3            0.136            FlatMap
[0, 479]             5            0.226            Arrange: Threshold
[0, 480]             4            0.421            Threshold
[0, 481]             3            0.024            AsCollection
[0, 482]             6            0.045            Join
[0, 483]             3            0.081            FlatMap
[0, 484]             6            0.084            Arrange: Threshold
[0, 485]             4            0.056            Threshold
[0, 486]             3            0.007            AsCollection
[0, 487]             3            0.010            FlatMap
[0, 488]             4            0.008            Concatenate
[0, 489]             4            0.017            FlatMap
[0, 490]             4            0.065            FlatMap
[0, 491]             7            0.111            Arrange: Threshold
[0, 492]             4            0.360            Threshold
[0, 493]             3            0.142            AsCollection
[0, 494]             5            0.196            ArrangeByKey
[0, 495]             3            0.054            AsCollection
[0, 496]             3            0.112            FlatMap
[0, 497]             5            0.202            Arrange: Threshold
[0, 498]             4            0.414            Threshold
[0, 499]             3            0.026            AsCollection
[0, 500]             6            0.043            Join
[0, 501]             3            0.069            FlatMap
[0, 502]             5            0.070            Arrange: Threshold
[0, 503]             4            0.045            Threshold
[0, 504]             3            0.005            AsCollection
[0, 505]             3            0.004            FlatMap
[0, 506]             3            0.006            Concatenate
[0, 507]             3            0.013            FlatMap
[0, 508]             3            0.043            FlatMap
[0, 509]             4            0.139            Arrange: Threshold
[0, 510]             4            0.390            Threshold
[0, 511]             3            0.130            AsCollection
[0, 512]             5            0.201            ArrangeByKey
[0, 513]             6            0.251            Join
[0, 514]             6            0.131            ArrangeByKey
[0, 515]             6            0.278            Join
[0, 516]             3            0.029            FlatMap
[0, 517]             3            0.070            FlatMap
[0, 518]             4            0.195            ArrangeBySelf
[0, 519]             3            0.210            FlatMap
[0, 520]             5            0.694            ArrangeByKey
[0, 521]             6            0.649            Join
[0, 522]             5            0.304            ArrangeByKey
[0, 523]             3            0.017            FlatMap
[0, 524]             3            0.091            FlatMap
[0, 525]             5            0.180            ArrangeBySelf
[0, 526]             3            0.238            FlatMap
[0, 527]             5            0.214            ArrangeByKey
[0, 528]             6            0.219            Join
[0, 529]             4            0.134            ArrangeByKey
[0, 530]             7            0.248            Join
[0, 531]             4            0.093            ArrangeByKey
[0, 532]             6            0.271            Join
[0, 533]             3            0.021            FlatMap
[0, 534]             3            0.101            FlatMap
[0, 535]             5            0.180            ArrangeBySelf
[0, 536]             3            0.128            FlatMap
[0, 537]             5            0.218            ArrangeByKey
[0, 538]             7            0.205            Join
[0, 539]             4            0.139            ArrangeByKey
[0, 540]             7            0.241            Join
[0, 541]             4            0.096            ArrangeByKey
[0, 542]             6            0.244            Join
[0, 543]             3            0.016            FlatMap
[0, 544]             3            0.029            FlatMap
[0, 545]             4            0.031            ArrangeBySelf
[0, 546]             3            0.656            FlatMap
[0, 547]             5            3.164            ArrangeByKey
[0, 548]             3            0.224            FlatMap
[0, 549]             5            0.663            ArrangeByKey
[0, 550]             6            0.156            Join
[0, 551]             9            0.053            ArrangeByKey
[0, 552]             6            0.147            Join
[0, 553]             4            0.053            ArrangeByKey
[0, 554]             6            0.141            Join
[0, 555]             3            0.493            FlatMap
[0, 556]             5            2.972            ArrangeByKey
[0, 557]             3            0.094            FlatMap
[0, 558]             5            0.145            ArrangeByKey
[0, 559]             6            0.232            Join
[0, 560]             3            0.126            FlatMap
[0, 561]             5            0.320            ArrangeByKey
[0, 562]             6            0.337            Join
[0, 563]             4            0.174            ArrangeByKey
[0, 564]             3            0.333            FlatMap
[0, 565]             5            1.329            ArrangeByKey
[0, 566]             6            0.388            Join
[0, 567]             3            0.338            FlatMap
[0, 568]             5            1.275            ArrangeByKey
[0, 569]             6            1.496            Join
[0, 570]             4            0.827            ArrangeByKey
[0, 571]             3            0.238            FlatMap
[0, 572]             5            0.825            ArrangeByKey
[0, 573]             6            1.098            Join
[0, 574]             3            0.102            FlatMap
[0, 575]             5            0.117            ArrangeByKey
[0, 576]             6            0.163            Join
[0, 577]             4            0.050            ArrangeByKey
[0, 578]             6            0.170            Join
[0, 579]             4            0.058            ArrangeByKey
[0, 580]             3            0.085            FlatMap
[0, 581]             5            0.124            ArrangeByKey
[0, 582]             7            0.201            Join
[0, 583]             3            0.099            FlatMap
[0, 584]             5            0.137            ArrangeByKey
[0, 585]             6            0.212            Join
[0, 586]             4            0.081            ArrangeByKey
[0, 587]             3            0.118            FlatMap
[0, 588]             5            0.140            ArrangeByKey
[0, 589]             6            0.223            Join
[0, 590]             3            0.098            FlatMap
[0, 591]             5            0.092            ArrangeByKey
[0, 592]             6            0.099            Join
[0, 593]             4            0.033            ArrangeByKey
[0, 594]             3            0.100            FlatMap
[0, 595]             5            0.089            ArrangeByKey
[0, 596]             6            0.086            Join
[0, 597]             3            0.135            FlatMap
[0, 598]             5            0.071            ArrangeByKey
[0, 599]             6            0.085            Join
[0, 600]             4            0.018            ArrangeByKey
[0, 601]             3            0.249            FlatMap
[0, 602]             5            0.570            ArrangeByKey
[0, 603]             6            0.076            Join
[0, 604]             6            0.671            Join
[0, 605]             5            0.311            ArrangeByKey
[0, 606]             3            0.170            FlatMap
[0, 607]             5            0.109            ArrangeByKey
[0, 608]             6            0.158            Join
[0, 609]             3            0.089            FlatMap
[0, 610]             5            0.121            ArrangeByKey
[0, 611]             6            0.230            Join
[0, 612]             5            0.054            ArrangeByKey
[0, 613]             3            0.174            FlatMap
[0, 614]             5            0.120            ArrangeByKey
[0, 615]             6            0.200            Join
[0, 616]             4            0.072            ArrangeByKey
[0, 617]             7            0.204            Join
[0, 618]             3            0.270            FlatMap
[0, 619]             5            0.290            ArrangeByKey
[0, 620]             7            0.446            Join
[0, 621]             18           0.180            ArrangeByKey
[0, 622]             6            0.440            Join
[0, 623]             5            0.169            ArrangeByKey
[0, 624]             3            0.202            FlatMap
[0, 625]             5            0.311            ArrangeByKey
[0, 626]             7            0.426            Join
[0, 627]             3            0.138            FlatMap
[0, 628]             5            0.337            Arrange: Threshold
[0, 629]             4            0.543            Threshold
[0, 630]             3            0.042            AsCollection
[0, 631]             3            0.083            FlatMap
[0, 632]             5            0.137            Arrange: Threshold
[0, 633]             4            0.191            Threshold
[0, 634]             3            0.013            AsCollection
[0, 635]             1            0.002            Concatenate
[0, 636]             1            0.001            Concatenate
[0, 637]             1            0.001            Concatenate
[0, 638]             3            0.006            Concatenate
[0, 639]             3            0.005            Concatenate
[0, 640]             3            0.007            Concatenate
[0, 641]             3            0.043            FlatMap
[0, 642]             12           0.122            Arrange: Threshold
[0, 643]             4            0.139            Threshold
[0, 644]             3            0.011            AsCollection
[0, 645]             3            0.085            FlatMap
[0, 646]             5            0.075            Arrange: Threshold
[0, 647]             4            0.075            Threshold
[0, 648]             3            0.013            AsCollection
[0, 649]             3            0.167            FlatMap
[0, 650]             7            0.444            Arrange: Threshold
[0, 651]             4            0.842            Threshold
[0, 652]             3            0.055            AsCollection
[0, 653]             3            0.162            FlatMap
[0, 654]             7            0.398            Arrange: Threshold
[0, 655]             4            0.615            Threshold
[0, 656]             3            0.039            AsCollection
[0, 657]             3            0.098            FlatMap
[0, 658]             5            0.133            Arrange: Threshold
[0, 659]             4            0.258            Threshold
[0, 660]             3            0.018            AsCollection
[0, 661]             3            0.104            FlatMap
[0, 662]             8            0.128            Arrange: Threshold
[0, 663]             4            0.230            Threshold
[0, 664]             3            0.015            AsCollection
[0, 665]             3            0.133            FlatMap
[0, 666]             5            0.238            Arrange: Threshold
[0, 667]             4            0.432            Threshold
[0, 668]             3            0.053            AsCollection
[0, 669]             3            0.109            FlatMap
[0, 670]             5            0.152            Arrange: Threshold
[0, 671]             4            0.294            Threshold
[0, 672]             3            0.019            AsCollection
[0, 673]             3            0.112            FlatMap
[0, 674]             8            0.167            Arrange: Threshold
[0, 675]             4            0.236            Threshold
[0, 676]             3            0.015            AsCollection
[0, 677]             1            0.001            FlatMap
[0, 678]             2            0.005            Arrange: Threshold
[0, 679]             2            0.007            Threshold
[0, 680]             1            0.001            AsCollection
[0, 681]             3            0.034            FlatMap
[0, 682]             12           0.035            Arrange: Threshold
[0, 683]             4            0.060            Threshold
[0, 684]             3            0.008            AsCollection
[0, 685]             3            0.139            FlatMap
[0, 686]             10           0.426            Arrange: Threshold
[0, 687]             4            0.790            Threshold
[0, 688]             3            0.048            AsCollection
[0, 689]             3            0.284            FlatMap
[0, 690]             7            0.945            Arrange: Threshold
[0, 691]             4            1.506            Threshold
[0, 692]             3            0.111            AsCollection
[0, 693]             3            0.121            FlatMap
[0, 694]             7            0.131            Arrange: Threshold
[0, 695]             4            0.179            Threshold
[0, 696]             3            0.017            AsCollection
[0, 697]             3            0.090            FlatMap
[0, 698]             8            0.088            Arrange: Threshold
[0, 699]             4            0.104            Threshold
[0, 700]             3            0.008            AsCollection
[0, 701]             3            0.136            FlatMap
[0, 702]             5            0.041            ArrangeByKey
[0, 703]             3            0.141            FlatMap
[0, 704]             5            0.054            ArrangeByKey
[0, 705]             253          9.212            Iterative
[0, 705, 1]          3            0.007            FlatMap
[0, 705, 2]          3            0.006            FlatMap
[0, 705, 3]          3            0.007            Enter
[0, 705, 4]          21           0.028            Feedback
[0, 705, 5]          21           0.440            FlatMap
[0, 705, 6]          63           0.290            ArrangeByKey
[0, 705, 7]          32           0.164            Join
[0, 705, 8]          32           0.185            Join
[0, 705, 9]          9            0.017            Concatenate
[0, 705, 10]         11           0.016            Concatenate
[0, 705, 11]         11           0.257            FlatMap
[0, 705, 12]         47           0.314            Arrange: Threshold
[0, 705, 13]         30           0.346            Threshold
[0, 705, 14]         21           0.041            AsCollection
[0, 705, 15]         21           0.021            ResultsIn
[0, 706]             29           0.033            Leave
[0, 707]             1            0.001            FlatMap
[0, 708]             1            0.001            FlatMap
[0, 709]             1            0.001            FlatMap
[0, 710]             2            0.005            ArrangeBySelf
[0, 711]             3            0.143            FlatMap
[0, 712]             5            0.212            ArrangeByKey
[0, 713]             5            0.023            Join
[0, 714]             3            0.013            FlatMap
[0, 715]             3            0.009            FlatMap
[0, 716]             3            0.029            FlatMap
[0, 717]             7            0.027            ArrangeBySelf
[0, 718]             21           0.439            FlatMap
[0, 719]             41           0.217            ArrangeByKey
[0, 720]             7            0.048            Join
[0, 721]             3            0.007            FlatMap
[0, 722]             3            0.030            FlatMap
[0, 723]             7            0.018            ArrangeBySelf
[0, 724]             7            0.054            Join
[0, 725]             3            0.023            FlatMap
[0, 726]             1            0.001            FlatMap
[0, 727]             3            0.005            Arrange: Threshold
[0, 728]             2            0.007            Threshold
[0, 729]             1            0.001            AsCollection
[0, 730]             3            0.043            FlatMap
[0, 731]             5            0.022            Arrange: Threshold
[0, 732]             4            0.026            Threshold
[0, 733]             3            0.006            AsCollection
[0, 734]             3            0.012            Concatenate
[0, 735]             5            0.006            Concatenate
[0, 736]             5            0.115            FlatMap
[0, 737]             13           0.127            Arrange: Threshold
[0, 738]             4            0.242            Threshold
[0, 739]             3            0.016            AsCollection
[0, 740]             1            0.000            FlatMap
[0, 741]             2            0.010            Arrange: Threshold
[0, 742]             2            0.005            Threshold
[0, 743]             1            0.001            AsCollection
[0, 744]             3            0.066            FlatMap
[0, 745]             4            0.102            Arrange: Threshold
[0, 746]             4            0.409            Threshold
[0, 747]             3            0.025            AsCollection
[0, 748]             3            0.094            FlatMap
[0, 749]             14           0.058            ArrangeByKey
[0, 750]             244          6.456            Iterative
[0, 750, 1]          3            0.013            Enter
[0, 750, 2]          3            0.010            FlatMap
[0, 750, 3]          17           0.021            Feedback
[0, 750, 4]          17           0.380            FlatMap
[0, 750, 5]          67           0.176            ArrangeByKey
[0, 750, 6]          22           0.159            Join
[0, 750, 7]          9            0.014            Concatenate
[0, 750, 8]          9            0.149            FlatMap
[0, 750, 9]          51           0.228            Arrange: Threshold
[0, 750, 10]         26           0.307            Threshold
[0, 750, 11]         17           0.032            AsCollection
[0, 750, 12]         17           0.014            ResultsIn
[0, 751]             32           0.028            Leave
[0, 752]             17           0.026            FlatMap
[0, 753]             19           0.021            Concatenate
[0, 754]             19           0.396            FlatMap
[0, 755]             55           0.168            Arrange: Threshold
[0, 756]             4            0.275            Threshold
[0, 757]             3            0.022            AsCollection
[0, 758]             17           0.281            FlatMap
[0, 759]             41           0.114            Arrange: Threshold
[0, 760]             4            0.095            Threshold
[0, 761]             3            0.015            AsCollection
[0, 762]             3            0.016            FlatMap
[0, 763]             3            0.145            FlatMap
[0, 764]             5            0.227            ArrangeBySelf
[0, 765]             3            0.134            FlatMap
[0, 766]             5            0.051            ArrangeByKey
[0, 767]             3            0.087            FlatMap
[0, 768]             5            0.045            ArrangeByKey
[0, 769]             1094         45.164           Iterative
[0, 769, 1]          3            0.007            FlatMap
[0, 769, 2]          3            0.033            Enter
[0, 769, 3]          3            0.012            FlatMap
[0, 769, 4]          3            0.007            FlatMap
[0, 769, 5]          25           0.037            Feedback
[0, 769, 6]          25           1.204            FlatMap
[0, 769, 7]          52           1.586            ArrangeByKey
[0, 769, 8]          38           1.031            Join
[0, 769, 9]          58           1.321            ArrangeByKey
[0, 769, 10]         21           0.267            AsCollection
[0, 769, 11]         21           1.204            FlatMap
[0, 769, 12]         55           1.278            Arrange: Threshold
[0, 769, 13]         32           3.342            Threshold
[0, 769, 14]         21           0.163            AsCollection
[0, 769, 15]         34           1.179            Join
[0, 769, 16]         13           0.298            FlatMap
[0, 769, 17]         37           0.164            Arrange: Threshold
[0, 769, 18]         26           0.269            Threshold
[0, 769, 19]         13           0.024            AsCollection
[0, 769, 20]         13           0.024            FlatMap
[0, 769, 21]         26           0.034            Concatenate
[0, 769, 22]         26           0.122            FlatMap
[0, 769, 23]         26           1.099            FlatMap
[0, 769, 24]         61           1.320            Arrange: Threshold
[0, 769, 25]         30           3.223            Threshold
[0, 769, 26]         23           0.146            AsCollection
[0, 769, 27]         38           0.917            Join
[0, 769, 28]         30           0.114            ArrangeByKey
[0, 769, 29]         9            0.014            AsCollection
[0, 769, 30]         9            0.185            FlatMap
[0, 769, 31]         30           0.096            Arrange: Threshold
[0, 769, 32]         20           0.154            Threshold
[0, 769, 33]         9            0.014            AsCollection
[0, 769, 34]         23           0.128            Join
[0, 769, 35]         7            0.120            FlatMap
[0, 769, 36]         23           0.050            Arrange: Threshold
[0, 769, 37]         18           0.089            Threshold
[0, 769, 38]         5            0.006            AsCollection
[0, 769, 39]         5            0.009            FlatMap
[0, 769, 40]         9            0.013            Concatenate
[0, 769, 41]         9            0.017            FlatMap
[0, 769, 42]         9            0.154            FlatMap
[0, 769, 43]         25           0.100            Arrange: Threshold
[0, 769, 44]         22           0.128            Threshold
[0, 769, 45]         9            0.012            AsCollection
[0, 769, 46]         27           0.031            Concatenate
[0, 769, 47]         29           0.035            Concatenate
[0, 769, 48]         29           0.596            FlatMap
[0, 769, 49]         74           0.856            Arrange: Threshold
[0, 769, 50]         32           4.811            Threshold
[0, 769, 51]         25           0.219            AsCollection
[0, 769, 52]         25           0.043            ResultsIn
[0, 770]             29           0.106            Leave
[0, 771]             3            0.008            FlatMap
[0, 772]             3            0.025            FlatMap
[0, 773]             7            0.019            ArrangeBySelf
[0, 774]             3            0.060            FlatMap
[0, 775]             5            0.020            ArrangeByKey
[0, 776]             7            0.060            Join
[0, 777]             6            0.027            ArrangeByKey
[0, 778]             3            0.036            FlatMap
[0, 779]             5            0.032            ArrangeByKey
[0, 780]             7            0.047            Join
[0, 781]             6            0.012            ArrangeByKey
[0, 782]             176          5.431            Iterative
[0, 782, 1]          3            0.009            FlatMap
[0, 782, 2]          3            0.007            FlatMap
[0, 782, 3]          3            0.023            Enter
[0, 782, 4]          3            0.006            FlatMap
[0, 782, 5]          5            0.011            Feedback
[0, 782, 6]          5            0.136            FlatMap
[0, 782, 7]          15           0.246            ArrangeByKey
[0, 782, 8]          12           0.329            Join
[0, 782, 9]          15           0.118            ArrangeByKey
[0, 782, 10]         12           0.254            Join
[0, 782, 11]         19           0.170            ArrangeByKey
[0, 782, 12]         13           0.119            Join
[0, 782, 13]         12           0.031            ArrangeByKey
[0, 782, 14]         9            0.062            Join
[0, 782, 15]         5            0.007            Concatenate
[0, 782, 16]         5            0.102            FlatMap
[0, 782, 17]         17           0.148            Arrange: Threshold
[0, 782, 18]         7            0.386            Threshold
[0, 782, 19]         5            0.035            AsCollection
[0, 782, 20]         5            0.009            ResultsIn
[0, 783]             7            0.016            Leave
[0, 784]             5            0.016            FlatMap
[0, 785]             5            0.014            FlatMap
[0, 786]             5            0.115            FlatMap
[0, 787]             9            0.160            Arrange: Threshold
[0, 788]             4            0.346            Threshold
[0, 789]             3            0.028            AsCollection
[0, 790]             5            0.083            FlatMap
[0, 791]             10           0.066            Arrange: Threshold
[0, 792]             4            0.219            Threshold
[0, 793]             3            0.014            AsCollection
[0, 794]             3            0.101            FlatMap
[0, 795]             5            0.059            ArrangeByKey
[0, 796]             3            0.063            FlatMap
[0, 797]             5            0.030            ArrangeByKey
[0, 798]             3            0.139            FlatMap
[0, 799]             6            0.094            ArrangeByKey
[0, 800]             3            0.189            FlatMap
[0, 801]             5            0.203            ArrangeByKey
[0, 802]             3            0.024            FlatMap
[0, 803]             5            0.023            ArrangeByKey
[0, 804]             3            0.014            FlatMap
[0, 805]             3            0.048            FlatMap
[0, 806]             4            0.108            ArrangeBySelf
[0, 807]             3            0.091            FlatMap
[0, 808]             6            0.091            ArrangeByKey
[0, 809]             3            0.671            FlatMap
[0, 810]             5            2.734            ArrangeByKey
[0, 811]             3            0.267            FlatMap
[0, 812]             6            0.983            ArrangeByKey
[0, 813]             3            0.180            FlatMap
[0, 814]             5            0.359            ArrangeByKey
[0, 815]             3            0.614            FlatMap
[0, 816]             8            2.983            ArrangeByKey
[0, 817]             3            0.229            FlatMap
[0, 818]             5            0.195            ArrangeByKey
[0, 819]             3            0.312            FlatMap
[0, 820]             5            0.708            ArrangeByKey
[0, 821]             3            0.106            FlatMap
[0, 822]             22           0.214            ArrangeByKey
[0, 823]             3            0.257            FlatMap
[0, 824]             5            0.474            ArrangeByKey
[0, 825]             3            0.194            FlatMap
[0, 826]             6            0.447            ArrangeByKey
[0, 827]             3            0.166            FlatMap
[0, 828]             6            0.429            ArrangeByKey
[0, 829]             25           1.099            FlatMap
[0, 830]             39           1.757            ArrangeByKey
[0, 831]             3            0.115            FlatMap
[0, 832]             6            0.315            ArrangeByKey
[0, 833]             3            0.128            FlatMap
[0, 834]             6            0.853            ArrangeByKey
[0, 835]             3            0.103            FlatMap
[0, 836]             7            0.156            ArrangeByKey
[0, 837]             3            0.089            FlatMap
[0, 838]             5            0.092            ArrangeByKey
[0, 839]             3            0.110            FlatMap
[0, 840]             6            0.148            ArrangeByKey
[0, 841]             3            0.009            FlatMap
[0, 842]             3            0.075            FlatMap
[0, 843]             23           0.175            ArrangeBySelf
[0, 844]             3            0.138            FlatMap
[0, 845]             9            0.187            ArrangeByKey
[0, 846]             3            0.138            FlatMap
[0, 847]             6            0.424            ArrangeByKey
[0, 848]             3            0.130            FlatMap
[0, 849]             7            0.132            ArrangeByKey
[0, 850]             3            0.176            FlatMap
[0, 851]             7            0.273            ArrangeByKey
[0, 852]             3            0.083            FlatMap
[0, 853]             6            0.053            ArrangeByKey
[0, 854]             3            0.088            FlatMap
[0, 855]             7            0.090            ArrangeByKey
[0, 856]             3            0.097            FlatMap
[0, 857]             6            0.126            ArrangeByKey
[0, 858]             3            0.092            FlatMap
[0, 859]             7            0.104            ArrangeByKey
[0, 860]             3            0.082            FlatMap
[0, 861]             10           0.059            ArrangeByKey
[0, 862]             3            0.058            FlatMap
[0, 863]             9            0.053            ArrangeByKey
[0, 864]             3            0.163            FlatMap
[0, 865]             7            0.321            ArrangeByKey
[0, 866]             3            0.106            FlatMap
[0, 867]             7            0.140            ArrangeByKey
[0, 868]             3            0.015            FlatMap
[0, 869]             3            0.043            FlatMap
[0, 870]             5            0.060            ArrangeBySelf
[0, 871]             3            0.228            FlatMap
[0, 872]             6            0.681            ArrangeByKey
[0, 873]             7            0.177            Join
[0, 874]             9            0.054            ArrangeByKey
[0, 875]             3            0.161            FlatMap
[0, 876]             6            0.220            ArrangeByKey
[0, 877]             185452       9105.214         Iterative
[0, 877, 1]          3            0.014            FlatMap
[0, 877, 2]          3            0.006            FlatMap
[0, 877, 3]          3            0.007            FlatMap
[0, 877, 4]          3            0.008            FlatMap
[0, 877, 5]          3            0.006            FlatMap
[0, 877, 6]          1            0.001            Enter
[0, 877, 7]          3            0.005            FlatMap
[0, 877, 8]          3            0.006            FlatMap
[0, 877, 9]          3            0.011            FlatMap
[0, 877, 10]         3            0.005            FlatMap
[0, 877, 11]         3            0.007            FlatMap
[0, 877, 12]         3            0.005            FlatMap
[0, 877, 13]         3            0.006            FlatMap
[0, 877, 14]         3            0.005            FlatMap
[0, 877, 15]         3            0.004            FlatMap
[0, 877, 16]         3            0.005            FlatMap
[0, 877, 17]         3            0.005            FlatMap
[0, 877, 18]         3            0.006            FlatMap
[0, 877, 19]         3            0.006            FlatMap
[0, 877, 20]         3            0.010            FlatMap
[0, 877, 21]         3            0.005            FlatMap
[0, 877, 22]         3            0.003            FlatMap
[0, 877, 23]         3            0.007            FlatMap
[0, 877, 24]         3            0.005            FlatMap
[0, 877, 25]         3            0.011            FlatMap
[0, 877, 26]         3            0.006            FlatMap
[0, 877, 27]         3            0.004            FlatMap
[0, 877, 28]         1            0.001            Enter
[0, 877, 29]         3            0.004            FlatMap
[0, 877, 30]         3            0.007            FlatMap
[0, 877, 31]         3            0.006            FlatMap
[0, 877, 32]         3            0.005            FlatMap
[0, 877, 33]         3            0.006            FlatMap
[0, 877, 34]         3            0.005            FlatMap
[0, 877, 35]         3            0.006            FlatMap
[0, 877, 36]         3            0.005            FlatMap
[0, 877, 37]         3            0.004            FlatMap
[0, 877, 38]         3            0.008            FlatMap
[0, 877, 39]         3            0.013            FlatMap
[0, 877, 40]         3            0.004            FlatMap
[0, 877, 41]         3            0.005            FlatMap
[0, 877, 42]         217          0.403            Feedback
[0, 877, 43]         411          0.849            Feedback
[0, 877, 44]         205          0.329            Feedback
[0, 877, 45]         313          0.411            Feedback
[0, 877, 46]         329          0.417            Feedback
[0, 877, 47]         455          8.068            Feedback
[0, 877, 48]         347          0.439            Feedback
[0, 877, 49]         75           0.114            Feedback
[0, 877, 50]         75           0.141            FlatMap
[0, 877, 51]         75           1.266            FlatMap
[0, 877, 52]         1028         1.642            ArrangeBySelf
[0, 877, 53]         318          1.521            Join
[0, 877, 54]         318          1.121            Join
[0, 877, 55]         217          0.396            FlatMap
[0, 877, 56]         217          4.418            FlatMap
[0, 877, 57]         862          2.569            ArrangeBySelf
[0, 877, 58]         453          2.679            Join
[0, 877, 59]         504          1.364            ArrangeByKey
[0, 877, 60]         455          41.613           FlatMap
[0, 877, 61]         2882         93.744           ArrangeByKey
[0, 877, 62]         911          5.776            Join
[0, 877, 63]         514          1.848            ArrangeByKey
[0, 877, 64]         952          6.200            Join
[0, 877, 65]         1056         10.213           ArrangeByKey
[0, 877, 66]         579          18.513           Join
[0, 877, 67]         1098         8.726            ArrangeByKey
[0, 877, 68]         589          14.965           Join
[0, 877, 69]         1176         1.716            ArrangeByKey
[0, 877, 70]         258          1.920            Join
[0, 877, 71]         891          2.845            ArrangeByKey
[0, 877, 72]         481          4.592            Join
[0, 877, 73]         453          2.258            Join
[0, 877, 74]         558          1.251            ArrangeByKey
[0, 877, 75]         935          5.189            Join
[0, 877, 76]         522          1.471            ArrangeByKey
[0, 877, 77]         347          9.458            FlatMap
[0, 877, 78]         1349         3.469            ArrangeByKey
[0, 877, 79]         796          15.456           Join
[0, 877, 80]         1430         3.199            ArrangeByKey
[0, 877, 81]         551          11.137           Join
[0, 877, 82]         1727         12.754           ArrangeByKey
[0, 877, 83]         471          18.782           Join
[0, 877, 84]         1328         1.730            ArrangeByKey
[0, 877, 85]         256          1.700            Join
[0, 877, 86]         1173         560.101          ArrangeByKey
[0, 877, 87]         473          1021.738         Join
[0, 877, 88]         453          6.335            Join
[0, 877, 89]         1048         2.439            ArrangeByKey
[0, 877, 90]         1033         17.766           Join
[0, 877, 91]         453          4.057            Join
[0, 877, 92]         820          1.576            ArrangeByKey
[0, 877, 93]         958          11.940           Join
[0, 877, 94]         787          5.921            ArrangeByKey
[0, 877, 95]         411          29.318           FlatMap
[0, 877, 96]         2226         55.260           ArrangeByKey
[0, 877, 97]         1162         114.373          Join
[0, 877, 98]         453          2.524            Join
[0, 877, 99]         215          5.868            FlatMap
[0, 877, 100]        1140         4.264            ArrangeBySelf
[0, 877, 101]        576          7.648            Join
[0, 877, 102]        918          1.720            ArrangeByKey
[0, 877, 103]        576          9.110            Join
[0, 877, 104]        997          1.593            ArrangeByKey
[0, 877, 105]        1062         9.880            Join
[0, 877, 106]        744          2.533            ArrangeByKey
[0, 877, 107]        986          12.950           Join
[0, 877, 108]        974          2.524            ArrangeByKey
[0, 877, 109]        543          4.629            Join
[0, 877, 110]        576          9.211            Join
[0, 877, 111]        1004         1.957            ArrangeByKey
[0, 877, 112]        576          7.473            Join
[0, 877, 113]        951          1.473            ArrangeByKey
[0, 877, 114]        576          6.482            Join
[0, 877, 115]        953          1.380            ArrangeByKey
[0, 877, 116]        1086         35.885           Join
[0, 877, 117]        1028         24.754           ArrangeByKey
[0, 877, 118]        639          32.660           Join
[0, 877, 119]        1256         13.432           ArrangeByKey
[0, 877, 120]        1133         19.929           Join
[0, 877, 121]        1541         3.147            ArrangeByKey
[0, 877, 122]        1108         24.352           Join
[0, 877, 123]        1273         8.325            ArrangeByKey
[0, 877, 124]        594          10.056           Join
[0, 877, 125]        313          7.894            FlatMap
[0, 877, 126]        1119         2.407            ArrangeByKey
[0, 877, 127]        522          7.567            Join
[0, 877, 128]        1318         3.232            ArrangeByKey
[0, 877, 129]        545          5.272            Join
[0, 877, 130]        329          8.849            FlatMap
[0, 877, 131]        1786         3.895            ArrangeByKey
[0, 877, 132]        1257         43.310           Join
[0, 877, 133]        453          2.927            Join
[0, 877, 134]        686          1.283            ArrangeByKey
[0, 877, 135]        304          2.761            Join
[0, 877, 136]        690          2.115            ArrangeByKey
[0, 877, 137]        485          12.871           Join
[0, 877, 138]        2155         27.712           ArrangeByKey
[0, 877, 139]        455          7.038            FlatMap
[0, 877, 140]        455          23.266           FlatMap
[0, 877, 141]        2275         47.634           ArrangeBySelf
[0, 877, 142]        1205         438.096          Join
[0, 877, 143]        639          67.946           Join
[0, 877, 144]        1601         31.562           ArrangeByKey
[0, 877, 145]        1130         50.912           Join
[0, 877, 146]        2140         15.217           ArrangeByKey
[0, 877, 147]        1106         69.502           Join
[0, 877, 148]        1688         15.995           ArrangeByKey
[0, 877, 149]        597          27.639           Join
[0, 877, 150]        1113         4.761            ArrangeByKey
[0, 877, 151]        544          5.860            Join
[0, 877, 152]        455          8.745            FlatMap
[0, 877, 153]        455          34.903           FlatMap
[0, 877, 154]        3327         27.173           ArrangeBySelf
[0, 877, 155]        576          9.799            Join
[0, 877, 156]        1391         2.243            ArrangeByKey
[0, 877, 157]        1045         9.245            Join
[0, 877, 158]        267          4.209            FlatMap
[0, 877, 159]        1525         2.549            ArrangeBySelf
[0, 877, 160]        495          7.553            Join
[0, 877, 161]        1330         2.572            ArrangeByKey
[0, 877, 162]        844          4.448            Join
[0, 877, 163]        522          8.241            Join
[0, 877, 164]        1571         2.393            ArrangeByKey
[0, 877, 165]        540          3.822            Join
[0, 877, 166]        453          3.345            Join
[0, 877, 167]        760          2.078            ArrangeByKey
[0, 877, 168]        980          11.443           Join
[0, 877, 169]        1179         3.588            ArrangeByKey
[0, 877, 170]        1157         10.509           Join
[0, 877, 171]        1108         11.983           Join
[0, 877, 172]        405          16.884           FlatMap
[0, 877, 173]        1783         7.171            ArrangeBySelf
[0, 877, 174]        590          5.524            Join
[0, 877, 175]        453          1.789            Join
[0, 877, 176]        123          2.027            FlatMap
[0, 877, 177]        851          1.581            ArrangeBySelf
[0, 877, 178]        454          2.495            Join
[0, 877, 179]        318          1.429            Join
[0, 877, 180]        453          1.634            Join
[0, 877, 181]        51           0.713            FlatMap
[0, 877, 182]        633          1.340            ArrangeBySelf
[0, 877, 183]        339          1.641            Join
[0, 877, 184]        453          2.349            Join
[0, 877, 185]        632          1.139            ArrangeByKey
[0, 877, 186]        205          4.160            FlatMap
[0, 877, 187]        1506         1.572            ArrangeByKey
[0, 877, 188]        643          3.474            Join
[0, 877, 189]        844          4.765            Join
[0, 877, 190]        453          1.931            Join
[0, 877, 191]        480          1.094            ArrangeByKey
[0, 877, 192]        934          101.279          Join
[0, 877, 193]        453          1.532            Join
[0, 877, 194]        23           0.407            FlatMap
[0, 877, 195]        473          0.934            ArrangeBySelf
[0, 877, 196]        320          1.437            Join
[0, 877, 197]        217          0.393            FlatMap
[0, 877, 198]        217          3.624            FlatMap
[0, 877, 199]        906          1.429            ArrangeBySelf
[0, 877, 200]        453          2.384            Join
[0, 877, 201]        453          1.685            Join
[0, 877, 202]        453          1.198            Join
[0, 877, 203]        453          7.809            Join
[0, 877, 204]        1302         4.134            ArrangeByKey
[0, 877, 205]        574          5.259            Join
[0, 877, 206]        153          2.274            FlatMap
[0, 877, 207]        982          1.496            ArrangeBySelf
[0, 877, 208]        401          2.228            Join
[0, 877, 209]        153          2.354            FlatMap
[0, 877, 210]        1058         1.624            ArrangeBySelf
[0, 877, 211]        368          2.020            Join
[0, 877, 212]        421          0.533            Concatenate
[0, 877, 213]        709          0.706            Concatenate
[0, 877, 214]        789          0.649            Concatenate
[0, 877, 215]        789          0.591            Concatenate
[0, 877, 216]        789          20.115           FlatMap
[0, 877, 217]        2782         5.273            Arrange: Threshold
[0, 877, 218]        561          6.487            Threshold
[0, 877, 219]        349          0.553            AsCollection
[0, 877, 220]        408          0.593            Concatenate
[0, 877, 221]        408          9.087            FlatMap
[0, 877, 222]        2322         4.302            Arrange: Threshold
[0, 877, 223]        578          7.816            Threshold
[0, 877, 224]        329          0.777            AsCollection
[0, 877, 225]        53           0.697            FlatMap
[0, 877, 226]        1146         2.123            Arrange: Threshold
[0, 877, 227]        448          4.065            Threshold
[0, 877, 228]        205          0.532            AsCollection
[0, 877, 229]        695          0.775            Concatenate
[0, 877, 230]        775          0.650            Concatenate
[0, 877, 231]        775          23.269           FlatMap
[0, 877, 232]        2757         9.547            Arrange: Threshold
[0, 877, 233]        629          17.470           Threshold
[0, 877, 234]        427          0.768            AsCollection
[0, 877, 235]        427          18.857           FlatMap
[0, 877, 236]        3608         48.674           Arrange: Threshold
[0, 877, 237]        646          342.070          Threshold
[0, 877, 238]        413          9.039            AsCollection
[0, 877, 239]        267          0.413            Concatenate
[0, 877, 240]        267          0.349            Concatenate
[0, 877, 241]        302          0.359            Concatenate
[0, 877, 242]        324          0.393            Concatenate
[0, 877, 243]        446          0.477            Concatenate
[0, 877, 244]        446          0.432            Concatenate
[0, 877, 245]        446          7.359            FlatMap
[0, 877, 246]        2820         2.296            Arrange: Threshold
[0, 877, 247]        452          3.342            Threshold
[0, 877, 248]        209          0.267            AsCollection
[0, 877, 249]        217          7.112            FlatMap
[0, 877, 250]        1176         4.822            Arrange: Threshold
[0, 877, 251]        568          14.045           Threshold
[0, 877, 252]        365          0.809            AsCollection
[0, 877, 253]        879          2.908            Concatenate
[0, 877, 254]        1474         3.590            Concatenate
[0, 877, 255]        1739         3.333            Concatenate
[0, 877, 256]        1874         3.935            Concatenate
[0, 877, 257]        2104         3.686            Concatenate
[0, 877, 258]        2366         3.697            Concatenate
[0, 877, 259]        2407         3.820            Concatenate
[0, 877, 260]        2510         3.864            Concatenate
[0, 877, 261]        2510         304.027          FlatMap
[0, 877, 262]        12655        298.833          Arrange: Threshold
[0, 877, 263]        666          1453.705         Threshold
[0, 877, 264]        457          15.509           AsCollection
[0, 877, 265]        217          0.268            ResultsIn
[0, 877, 266]        411          2.528            ResultsIn
[0, 877, 267]        347          0.386            ResultsIn
[0, 877, 268]        75           0.100            ResultsIn
[0, 877, 269]        205          0.271            ResultsIn
[0, 877, 270]        455          2.225            ResultsIn
[0, 877, 271]        313          0.320            ResultsIn
[0, 877, 272]        329          0.373            ResultsIn
[0, 878]             548          0.498            Leave
[0, 879]             1166         1.772            Leave
[0, 880]             842          0.819            Leave
[0, 881]             598          0.520            Leave
[0, 882]             1075         0.680            Leave
[0, 883]             1651         2.817            Leave
[0, 884]             795          0.607            Leave
[0, 885]             535          0.384            Leave
[0, 886]             25           0.469            FlatMap
[0, 887]             38           1.093            Arrange: Threshold
[0, 888]             4            2.187            Threshold
[0, 889]             3            0.119            AsCollection
[0, 890]             3            0.051            FlatMap
[0, 891]             3            0.050            FlatMap
[0, 892]             3            0.099            FlatMap
[0, 893]             6            0.006            Consolidate
[0, 894]             1            0.001            AsCollection
[0, 895]             2            0.003            InspectBatch
[0, 896]             2            0.002            Probe
[0, 897]             3            0.058            FlatMap
[0, 898]             4            0.112            Arrange: Threshold
[0, 899]             4            0.412            Threshold
[0, 900]             3            0.026            AsCollection
[0, 901]             3            0.032            FlatMap
[0, 902]             3            0.015            FlatMap
[0, 903]             3            0.031            FlatMap
[0, 904]             5            0.007            Consolidate
[0, 905]             1            0.001            AsCollection
[0, 906]             2            0.003            InspectBatch
[0, 907]             2            0.002            Probe
[0, 908]             3            0.028            FlatMap
[0, 909]             18           0.059            Arrange: Threshold
[0, 910]             4            0.060            Threshold
[0, 911]             3            0.007            AsCollection
[0, 912]             3            0.005            FlatMap
[0, 913]             3            0.006            FlatMap
[0, 914]             3            0.040            FlatMap
[0, 915]             9            0.015            Consolidate
[0, 916]             1            0.001            AsCollection
[0, 917]             2            0.004            InspectBatch
[0, 918]             2            0.001            Probe
[0, 919]             17           0.244            FlatMap
[0, 920]             49           0.065            Arrange: Threshold
[0, 921]             4            0.114            Threshold
[0, 922]             3            0.009            AsCollection
[0, 923]             3            0.008            FlatMap
[0, 924]             3            0.013            FlatMap
[0, 925]             3            0.023            FlatMap
[0, 926]             5            0.008            Consolidate
[0, 927]             1            0.001            AsCollection
[0, 928]             2            0.002            InspectBatch
[0, 929]             2            0.001            Probe
[0, 930]             3            0.025            FlatMap
[0, 931]             5            0.023            Arrange: Threshold
[0, 932]             4            0.128            Threshold
[0, 933]             3            0.009            AsCollection
[0, 934]             3            0.005            FlatMap
[0, 935]             3            0.005            FlatMap
[0, 936]             3            0.022            FlatMap
[0, 937]             4            0.007            Consolidate
[0, 938]             1            0.001            AsCollection
[0, 939]             2            0.003            InspectBatch
[0, 940]             2            0.001            Probe
[0, 941]             21           0.311            FlatMap
[0, 942]             48           0.073            Arrange: Threshold
[0, 943]             4            0.081            Threshold
[0, 944]             3            0.008            AsCollection
[0, 945]             3            0.005            FlatMap
[0, 946]             3            0.006            FlatMap
[0, 947]             3            0.025            FlatMap
[0, 948]             5            0.008            Consolidate
[0, 949]             1            0.001            AsCollection
[0, 950]             2            0.003            InspectBatch
[0, 951]             2            0.001            Probe
[0, 952]             5            0.098            FlatMap
[0, 953]             11           0.089            Arrange: Threshold
[0, 954]             4            0.338            Threshold
[0, 955]             3            0.020            AsCollection
[0, 956]             3            0.009            FlatMap
[0, 957]             3            0.013            FlatMap
[0, 958]             3            0.032            FlatMap
[0, 959]             7            0.006            Consolidate
[0, 960]             1            0.001            AsCollection
[0, 961]             2            0.003            InspectBatch
[0, 962]             2            0.001            Probe
[0, 963]             3            0.049            FlatMap
[0, 964]             7            0.089            Arrange: Threshold
[0, 965]             4            0.327            Threshold
[0, 966]             3            0.022            AsCollection
[0, 967]             3            0.011            FlatMap
[0, 968]             3            0.011            FlatMap
[0, 969]             3            0.042            FlatMap
[0, 970]             6            0.006            Consolidate
[0, 971]             1            0.001            AsCollection
[0, 972]             2            0.003            InspectBatch
[0, 973]             2            0.001            Probe
[0, 974]             3            0.033            FlatMap
[0, 975]             7            0.056            Arrange: Threshold
[0, 976]             4            0.189            Threshold
[0, 977]             3            0.014            AsCollection
[0, 978]             3            0.006            FlatMap
[0, 979]             3            0.008            FlatMap
[0, 980]             3            0.026            FlatMap
[0, 981]             7            0.006            Consolidate
[0, 982]             1            0.001            AsCollection
[0, 983]             2            0.003            InspectBatch
[0, 984]             2            0.001            Probe
[0, 985]             1            0.001            FlatMap
[0, 986]             2            0.005            Arrange: Threshold
[0, 987]             2            0.007            Threshold
[0, 988]             1            0.001            AsCollection
[0, 989]             1            0.001            FlatMap
[0, 990]             1            0.001            FlatMap
[0, 991]             1            0.000            FlatMap
[0, 992]             3            0.006            Consolidate
[0, 993]             1            0.000            AsCollection
[0, 994]             2            0.002            InspectBatch
[0, 995]             2            0.001            Probe
[0, 996]             3            0.032            FlatMap
[0, 997]             4            0.012            Arrange: Threshold
[0, 998]             4            0.028            Threshold
[0, 999]             3            0.025            AsCollection
[0, 1000]            3            0.005            FlatMap
[0, 1001]            3            0.004            FlatMap
[0, 1002]            3            0.035            FlatMap
[0, 1003]            6            0.010            Consolidate
[0, 1004]            1            0.001            AsCollection
[0, 1005]            2            0.002            InspectBatch
[0, 1006]            2            0.001            Probe
[0, 1007]            75           1.064            FlatMap
[0, 1008]            866          0.548            Arrange: Threshold
[0, 1009]            4            0.039            Threshold
[0, 1010]            3            0.004            AsCollection
[0, 1011]            3            0.004            FlatMap
[0, 1012]            3            0.003            FlatMap
[0, 1013]            3            0.019            FlatMap
[0, 1014]            4            0.005            Consolidate
[0, 1015]            1            0.000            AsCollection
[0, 1016]            2            0.002            InspectBatch
[0, 1017]            2            0.001            Probe
[0, 1018]            329          6.271            FlatMap
[0, 1019]            1514         1.228            Arrange: Threshold
[0, 1020]            4            0.370            Threshold
[0, 1021]            3            0.027            AsCollection
[0, 1022]            3            0.013            FlatMap
[0, 1023]            3            0.012            FlatMap
[0, 1024]            3            0.027            FlatMap
[0, 1025]            4            0.004            Consolidate
[0, 1026]            1            0.000            AsCollection
[0, 1027]            2            0.002            InspectBatch
[0, 1028]            2            0.000            Probe
[0, 1029]            455          20.352           FlatMap
[0, 1030]            2443         129.031          Arrange: Threshold
[0, 1031]            4            128.478          Threshold
[0, 1032]            3            9.585            AsCollection
[0, 1033]            3            10.824           FlatMap
[0, 1034]            3            2.893            FlatMap
[0, 1035]            3            4.161            FlatMap
[0, 1036]            4            0.006            Consolidate
[0, 1037]            1            0.001            AsCollection
[0, 1038]            2            0.002            InspectBatch
[0, 1039]            2            0.007            Probe
[0, 1040]            411          14.120           FlatMap
[0, 1041]            1870         47.360           Arrange: Threshold
[0, 1042]            4            49.423           Threshold
[0, 1043]            3            2.432            AsCollection
[0, 1044]            3            1.296            FlatMap
[0, 1045]            3            0.821            FlatMap
[0, 1046]            3            1.421            FlatMap
[0, 1047]            9            0.005            Consolidate
[0, 1048]            1            0.001            AsCollection
[0, 1049]            2            0.002            InspectBatch
[0, 1050]            2            0.001            Probe
[0, 1051]            205          3.589            FlatMap
[0, 1052]            1368         0.790            Arrange: Threshold
[0, 1053]            4            0.157            Threshold
[0, 1054]            3            0.013            AsCollection
[0, 1055]            3            0.007            FlatMap
[0, 1056]            3            0.006            FlatMap
[0, 1057]            3            0.028            FlatMap
[0, 1058]            9            0.003            Consolidate
[0, 1059]            1            0.001            AsCollection
[0, 1060]            2            0.002            InspectBatch
[0, 1061]            2            0.001            Probe
[0, 1062]            313          6.619            FlatMap
[0, 1063]            1107         0.890            Arrange: Threshold
[0, 1064]            4            0.202            Threshold
[0, 1065]            3            0.015            AsCollection
[0, 1066]            3            0.009            FlatMap
[0, 1067]            3            0.007            FlatMap
[0, 1068]            3            0.027            FlatMap
[0, 1069]            9            0.004            Consolidate
[0, 1070]            1            0.000            AsCollection
[0, 1071]            2            0.002            InspectBatch
[0, 1072]            2            0.004            Probe
[0, 1073]            347          6.908            FlatMap
[0, 1074]            1173         1.329            Arrange: Threshold
[0, 1075]            4            0.718            Threshold
[0, 1076]            3            0.050            AsCollection
[0, 1077]            3            0.031            FlatMap
[0, 1078]            3            0.024            FlatMap
[0, 1079]            3            0.045            FlatMap
[0, 1080]            14           0.012            Consolidate
[0, 1081]            1            0.001            AsCollection
[0, 1082]            2            0.013            InspectBatch
[0, 1083]            2            0.001            Probe
[0, 1084]            217          4.460            FlatMap
[0, 1085]            866          0.648            Arrange: Threshold
[0, 1086]            4            0.054            Threshold
[0, 1087]            3            0.005            AsCollection
[0, 1088]            3            0.005            FlatMap
[0, 1089]            3            0.004            FlatMap
[0, 1090]            3            0.017            FlatMap
[0, 1091]            16           0.006            Consolidate
[0, 1092]            1            0.001            AsCollection
[0, 1093]            2            0.004            InspectBatch
[0, 1094]            2            0.001            Probe
