addr                 activations  total_active_ms  name
[0]                  258945       8542.650         Dataflow
[0, 1]               1            0.000            Input
[0, 2]               2            0.398            FlatMap
[0, 3]               7            0.060            Arrange: Threshold
[0, 4]               4            0.063            Threshold
[0, 5]               3            0.010            AsCollection
[0, 6]               1            0.000            Input
[0, 7]               2            0.308            FlatMap
[0, 8]               7            0.043            Arrange: Threshold
[0, 9]               4            0.040            Threshold
[0, 10]              3            0.009            AsCollection
[0, 11]              1            0.000            Input
[0, 12]              1            0.001            FlatMap
[0, 13]              3            0.009            Arrange: Threshold
[0, 14]              2            0.007            Threshold
[0, 15]              1            0.001            AsCollection
[0, 16]              1            0.000            Input
[0, 17]              2            0.365            FlatMap
[0, 18]              7            0.277            Arrange: Threshold
[0, 19]              4            0.490            Threshold
[0, 20]              3            0.039            AsCollection
[0, 21]              1            0.000            Input
[0, 22]              2            0.240            FlatMap
[0, 23]              7            0.024            Arrange: Threshold
[0, 24]              4            0.018            Threshold
[0, 25]              3            0.005            AsCollection
[0, 26]              1            0.000            Input
[0, 27]              2            0.360            FlatMap
[0, 28]              7            0.525            Arrange: Threshold
[0, 29]              4            0.968            Threshold
[0, 30]              3            0.062            AsCollection
[0, 31]              1            0.000            Input
[0, 32]              2            0.380            FlatMap
[0, 33]              6            1.285            Arrange: Threshold
[0, 34]              4            2.534            Threshold
[0, 35]              3            0.165            AsCollection
[0, 36]              1            0.000            Input
[0, 37]              2            0.239            FlatMap
[0, 38]              9            0.292            Arrange: Threshold
[0, 39]              4            0.621            Threshold
[0, 40]              3            0.062            AsCollection
[0, 41]              1            0.000            Input
[0, 42]              2            1.024            FlatMap
[0, 43]              8            2.687            Arrange: Threshold
[0, 44]              4            5.622            Threshold
[0, 45]              3            0.370            AsCollection
[0, 46]              1            0.000            Input
[0, 47]              2            0.165            FlatMap
[0, 48]              9            0.209            Arrange: Threshold
[0, 49]              4            0.487            Threshold
[0, 50]              3            0.028            AsCollection
[0, 51]              1            0.000            Input
[0, 52]              2            0.308            FlatMap
[0, 53]              8            0.057            Arrange: Threshold
[0, 54]              4            0.053            Threshold
[0, 55]              3            0.006            AsCollection
[0, 56]              1            0.000            Input
[0, 57]              2            0.292            FlatMap
[0, 58]              7            0.055            Arrange: Threshold
[0, 59]              4            0.019            Threshold
[0, 60]              3            0.003            AsCollection
[0, 61]              1            0.000            Input
[0, 62]              2            0.125            FlatMap
[0, 63]              6            0.030            Arrange: Threshold
[0, 64]              4            0.018            Threshold
[0, 65]              3            0.003            AsCollection
[0, 66]              1            0.000            Input
[0, 67]              2            0.214            FlatMap
[0, 68]              6            0.052            Arrange: Threshold
[0, 69]              4            0.030            Threshold
[0, 70]              3            0.005            AsCollection
[0, 71]              1            0.000            Input
[0, 72]              2            0.478            FlatMap
[0, 73]              6            0.172            Arrange: Threshold
[0, 74]              4            0.394            Threshold
[0, 75]              3            0.022            AsCollection
[0, 76]              1            0.000            Input
[0, 77]              2            0.396            FlatMap
[0, 78]              7            0.133            Arrange: Threshold
[0, 79]              4            0.297            Threshold
[0, 80]              3            0.020            AsCollection
[0, 81]              1            0.000            Input
[0, 82]              2            0.453            FlatMap
[0, 83]              7            0.338            Arrange: Threshold
[0, 84]              4            0.640            Threshold
[0, 85]              3            0.114            AsCollection
[0, 86]              1            0.000            Input
[0, 87]              2            0.669            FlatMap
[0, 88]              6            1.045            Arrange: Threshold
[0, 89]              4            1.943            Threshold
[0, 90]              3            0.260            AsCollection
[0, 91]              1            0.000            Input
[0, 92]              2            0.358            FlatMap
[0, 93]              7            0.143            Arrange: Threshold
[0, 94]              4            0.236            Threshold
[0, 95]              3            0.027            AsCollection
[0, 96]              1            0.000            Input
[0, 97]              2            0.543            FlatMap
[0, 98]              6            0.324            Arrange: Threshold
[0, 99]              4            0.211            Threshold
[0, 100]             3            0.014            AsCollection
[0, 101]             1            0.000            Input
[0, 102]             2            0.630            FlatMap
[0, 103]             6            0.109            Arrange: Threshold
[0, 104]             4            0.236            Threshold
[0, 105]             3            0.032            AsCollection
[0, 106]             1            0.000            Input
[0, 107]             2            0.381            FlatMap
[0, 108]             7            0.251            Arrange: Threshold
[0, 109]             4            0.429            Threshold
[0, 110]             3            0.040            AsCollection
[0, 111]             1            0.000            Input
[0, 112]             2            0.419            FlatMap
[0, 113]             6            0.565            Arrange: Threshold
[0, 114]             4            1.067            Threshold
[0, 115]             3            0.122            AsCollection
[0, 116]             1            0.000            Input
[0, 117]             2            0.298            FlatMap
[0, 118]             7            0.621            Arrange: Threshold
[0, 119]             4            0.530            Threshold
[0, 120]             3            0.044            AsCollection
[0, 121]             1            0.000            Input
[0, 122]             2            0.277            FlatMap
[0, 123]             7            0.212            Arrange: Threshold
[0, 124]             4            0.478            Threshold
[0, 125]             3            0.052            AsCollection
[0, 126]             1            0.000            Input
[0, 127]             2            0.346            FlatMap
[0, 128]             7            0.172            Arrange: Threshold
[0, 129]             4            0.296            Threshold
[0, 130]             3            0.050            AsCollection
[0, 131]             1            0.000            Input
[0, 132]             2            0.408            FlatMap
[0, 133]             6            0.395            Arrange: Threshold
[0, 134]             4            0.692            Threshold
[0, 135]             3            0.129            AsCollection
[0, 136]             1            0.000            Input
[0, 137]             2            0.181            FlatMap
[0, 138]             7            0.073            Arrange: Threshold
[0, 139]             4            0.064            Threshold
[0, 140]             3            0.013            AsCollection
[0, 141]             1            0.001            Input
[0, 142]             2            0.288            FlatMap
[0, 143]             6            0.127            Arrange: Threshold
[0, 144]             4            0.176            Threshold
[0, 145]             3            0.023            AsCollection
[0, 146]             1            0.000            Input
[0, 147]             2            0.420            FlatMap
[0, 148]             7            0.184            Arrange: Threshold
[0, 149]             4            0.289            Threshold
[0, 150]             3            0.033            AsCollection
[0, 151]             1            0.000            Input
[0, 152]             2            0.273            FlatMap
[0, 153]             6            0.090            Arrange: Threshold
[0, 154]             4            0.113            Threshold
[0, 155]             3            0.015            AsCollection
[0, 156]             1            0.001            Input
[0, 157]             2            0.202            FlatMap
[0, 158]             6            0.207            Arrange: Threshold
[0, 159]             4            0.359            Threshold
[0, 160]             3            0.025            AsCollection
[0, 161]             3            0.006            FlatMap
[0, 162]             3            0.009            FlatMap
[0, 163]             3            0.022            FlatMap
[0, 164]             3            0.019            FlatMap
[0, 165]             3            0.011            FlatMap
[0, 166]             3            0.010            FlatMap
[0, 167]             3            0.010            FlatMap
[0, 168]             3            0.017            FlatMap
[0, 169]             3            0.011            FlatMap
[0, 170]             3            0.013            FlatMap
[0, 171]             3            0.008            FlatMap
[0, 172]             3            0.008            FlatMap
[0, 173]             3            0.007            FlatMap
[0, 174]             3            0.004            FlatMap
[0, 175]             3            0.006            FlatMap
[0, 176]             3            0.008            FlatMap
[0, 177]             3            0.021            FlatMap
[0, 178]             3            0.025            FlatMap
[0, 179]             3            0.022            FlatMap
[0, 180]             3            0.026            FlatMap
[0, 181]             3            0.011            FlatMap
[0, 182]             3            0.011            FlatMap
[0, 183]             3            0.012            FlatMap
[0, 184]             3            0.017            FlatMap
[0, 185]             3            0.022            FlatMap
[0, 186]             3            0.028            FlatMap
[0, 187]             3            0.040            FlatMap
[0, 188]             3            0.030            FlatMap
[0, 189]             3            0.030            FlatMap
[0, 190]             3            0.035            FlatMap
[0, 191]             3            0.016            FlatMap
[0, 192]             3            0.012            FlatMap
[0, 193]             3            0.013            FlatMap
[0, 194]             3            0.009            FlatMap
[0, 195]             3            0.008            FlatMap
[0, 196]             3            0.008            FlatMap
[0, 197]             3            0.010            FlatMap
[0, 198]             3            0.010            FlatMap
[0, 199]             3            0.013            FlatMap
[0, 200]             3            0.009            FlatMap
[0, 201]             3            0.009            FlatMap
[0, 202]             3            0.059            FlatMap
[0, 203]             3            0.059            FlatMap
[0, 204]             3            0.065            FlatMap
[0, 205]             3            0.021            FlatMap
[0, 206]             3            0.018            FlatMap
[0, 207]             3            0.020            FlatMap
[0, 208]             3            0.013            FlatMap
[0, 209]             3            0.014            FlatMap
[0, 210]             3            0.005            FlatMap
[0, 211]             3            0.009            FlatMap
[0, 212]             3            0.004            FlatMap
[0, 213]             3            0.009            FlatMap
[0, 214]             3            0.046            FlatMap
[0, 215]             4            0.084            Arrange: Threshold
[0, 216]             4            0.317            Threshold
[0, 217]             3            0.020            AsCollection
[0, 218]             4            0.009            Concatenate
[0, 219]             4            0.005            Concatenate
[0, 220]             4            0.011            Concatenate
[0, 221]             4            0.048            FlatMap
[0, 222]             6            0.044            Arrange: Threshold
[0, 223]             4            0.075            Threshold
[0, 224]             3            0.008            AsCollection
[0, 225]             3            0.079            FlatMap
[0, 226]             5            0.261            Arrange: Threshold
[0, 227]             4            0.545            Threshold
[0, 228]             3            0.037            AsCollection
[0, 229]             3            0.122            FlatMap
[0, 230]             5            0.120            Arrange: Threshold
[0, 231]             4            0.214            Threshold
[0, 232]             3            0.014            AsCollection
[0, 233]             3            0.022            FlatMap
[0, 234]             6            0.010            Arrange: Threshold
[0, 235]             4            0.019            Threshold
[0, 236]             3            0.003            AsCollection
[0, 237]             3            0.076            FlatMap
[0, 238]             5            0.135            Arrange: Threshold
[0, 239]             4            0.209            Threshold
[0, 240]             3            0.017            AsCollection
[0, 241]             3            0.023            FlatMap
[0, 242]             4            0.029            Arrange: Threshold
[0, 243]             4            0.077            Threshold
[0, 244]             3            0.009            AsCollection
[0, 245]             3            0.078            FlatMap
[0, 246]             5            0.081            Arrange: Threshold
[0, 247]             4            0.108            Threshold
[0, 248]             3            0.010            AsCollection
[0, 249]             3            0.082            FlatMap
[0, 250]             5            0.149            Arrange: Threshold
[0, 251]             4            0.317            Threshold
[0, 252]             3            0.020            AsCollection
[0, 253]             3            0.216            FlatMap
[0, 254]             5            0.846            Arrange: Threshold
[0, 255]             4            1.755            Threshold
[0, 256]             3            0.098            AsCollection
[0, 257]             3            0.026            FlatMap
[0, 258]             6            0.021            Arrange: Threshold
[0, 259]             4            0.100            Threshold
[0, 260]             3            0.012            AsCollection
[0, 261]             3            0.082            FlatMap
[0, 262]             5            0.143            Arrange: Threshold
[0, 263]             4            0.222            Threshold
[0, 264]             3            0.014            AsCollection
[0, 265]             3            0.008            Concatenate
[0, 266]             3            0.006            Concatenate
[0, 267]             3            0.211            FlatMap
[0, 268]             5            1.027            Arrange: Threshold
[0, 269]             4            1.351            Threshold
[0, 270]             3            0.118            AsCollection
[0, 271]             3            0.097            FlatMap
[0, 272]             5            0.132            Arrange: Threshold
[0, 273]             4            0.187            Threshold
[0, 274]             3            0.016            AsCollection
[0, 275]             3            0.068            FlatMap
[0, 276]             5            0.025            Arrange: Threshold
[0, 277]             4            0.031            Threshold
[0, 278]             3            0.004            AsCollection
[0, 279]             3            0.169            FlatMap
[0, 280]             5            0.206            Arrange: Threshold
[0, 281]             4            0.267            Threshold
[0, 282]             3            0.018            AsCollection
[0, 283]             3            0.278            FlatMap
[0, 284]             5            0.444            Arrange: Threshold
[0, 285]             4            0.860            Threshold
[0, 286]             3            0.053            AsCollection
[0, 287]             3            0.130            FlatMap
[0, 288]             5            0.153            Arrange: Threshold
[0, 289]             4            0.203            Threshold
[0, 290]             3            0.015            AsCollection
[0, 291]             3            0.006            Concatenate
[0, 292]             3            0.006            Concatenate
[0, 293]             3            0.007            Concatenate
[0, 294]             3            0.206            FlatMap
[0, 295]             5            0.610            Arrange: Threshold
[0, 296]             4            0.981            Threshold
[0, 297]             3            0.061            AsCollection
[0, 298]             3            0.095            FlatMap
[0, 299]             5            0.267            Arrange: Threshold
[0, 300]             4            0.438            Threshold
[0, 301]             3            0.044            AsCollection
[0, 302]             3            0.010            Concatenate
[0, 303]             3            0.008            Concatenate
[0, 304]             3            0.365            FlatMap
[0, 305]             5            1.209            Arrange: Threshold
[0, 306]             4            2.364            Threshold
[0, 307]             3            0.162            AsCollection
[0, 308]             3            0.345            FlatMap
[0, 309]             5            0.281            Arrange: Threshold
[0, 310]             4            0.577            Threshold
[0, 311]             3            0.048            AsCollection
[0, 312]             3            0.062            FlatMap
[0, 313]             5            0.079            Arrange: Threshold
[0, 314]             4            0.240            Threshold
[0, 315]             3            0.008            AsCollection
[0, 316]             3            0.026            FlatMap
[0, 317]             6            0.046            Arrange: Threshold
[0, 318]             4            0.021            Threshold
[0, 319]             3            0.006            AsCollection
[0, 320]             3            0.005            Concatenate
[0, 321]             3            0.006            Concatenate
[0, 322]             3            0.005            Concatenate
[0, 323]             3            0.010            Concatenate
[0, 324]             3            0.009            Concatenate
[0, 325]             3            0.012            Concatenate
[0, 326]             3            0.015            Concatenate
[0, 327]             3            0.015            Concatenate
[0, 328]             3            0.009            Concatenate
[0, 329]             3            0.010            Concatenate
[0, 330]             3            0.017            Concatenate
[0, 331]             3            0.012            Concatenate
[0, 332]             3            0.804            FlatMap
[0, 333]             5            2.803            Arrange: Threshold
[0, 334]             4            4.949            Threshold
[0, 335]             3            0.570            AsCollection
[0, 336]             3            0.108            FlatMap
[0, 337]             5            0.278            Arrange: Threshold
[0, 338]             4            0.643            Threshold
[0, 339]             3            0.036            AsCollection
[0, 340]             3            0.076            FlatMap
[0, 341]             5            0.117            Arrange: Threshold
[0, 342]             4            0.246            Threshold
[0, 343]             3            0.014            AsCollection
[0, 344]             3            0.057            FlatMap
[0, 345]             5            0.076            Arrange: Threshold
[0, 346]             4            0.084            Threshold
[0, 347]             3            0.006            AsCollection
[0, 348]             3            0.007            Concatenate
[0, 349]             4            0.005            Concatenate
[0, 350]             4            0.006            Concatenate
[0, 351]             4            0.005            Concatenate
[0, 352]             4            0.207            FlatMap
[0, 353]             7            0.105            Arrange: Threshold
[0, 354]             4            0.059            Threshold
[0, 355]             3            0.010            AsCollection
[0, 356]             3            0.121            FlatMap
[0, 357]             5            0.136            Arrange: Threshold
[0, 358]             4            0.317            Threshold
[0, 359]             3            0.018            AsCollection
[0, 360]             3            0.151            FlatMap
[0, 361]             5            0.216            Arrange: Threshold
[0, 362]             4            0.475            Threshold
[0, 363]             3            0.050            AsCollection
[0, 364]             3            0.191            FlatMap
[0, 365]             5            0.191            Arrange: Threshold
[0, 366]             4            0.358            Threshold
[0, 367]             3            0.021            AsCollection
[0, 368]             3            0.190            FlatMap
[0, 369]             5            0.412            Arrange: Threshold
[0, 370]             4            0.828            Threshold
[0, 371]             3            0.047            AsCollection
[0, 372]             3            0.102            FlatMap
[0, 373]             5            0.095            Arrange: Threshold
[0, 374]             4            0.152            Threshold
[0, 375]             3            0.013            AsCollection
[0, 376]             3            0.003            FlatMap
[0, 377]             1            0.001            FlatMap
[0, 378]             3            0.008            ArrangeBySelf
[0, 379]             3            0.003            FlatMap
[0, 380]             1            0.001            FlatMap
[0, 381]             3            0.005            ArrangeBySelf
[0, 382]             2            0.009            Join
[0, 383]             3            0.007            ArrangeByKey
[0, 384]             3            0.035            FlatMap
[0, 385]             5            0.014            ArrangeByKey
[0, 386]             3            0.016            Join
[0, 387]             3            0.004            FlatMap
[0, 388]             1            0.001            FlatMap
[0, 389]             3            0.006            ArrangeBySelf
[0, 390]             3            0.003            FlatMap
[0, 391]             1            0.002            FlatMap
[0, 392]             3            0.005            ArrangeBySelf
[0, 393]             2            0.012            Join
[0, 394]             3            0.007            ArrangeByKey
[0, 395]             3            0.010            Join
[0, 396]             3            0.004            FlatMap
[0, 397]             3            0.006            ArrangeByKey
[0, 398]             2            0.008            Join
[0, 399]             3            0.025            FlatMap
[0, 400]             5            0.009            ArrangeByKey
[0, 401]             2            0.008            Join
[0, 402]             3            0.005            FlatMap
[0, 403]             3            0.007            FlatMap
[0, 404]             3            0.010            FlatMap
[0, 405]             3            0.006            FlatMap
[0, 406]             3            0.008            FlatMap
[0, 407]             1            0.001            FlatMap
[0, 408]             4            0.014            ArrangeBySelf
[0, 409]             3            0.019            FlatMap
[0, 410]             3            0.050            FlatMap
[0, 411]             6            0.103            ArrangeBySelf
[0, 412]             3            0.013            FlatMap
[0, 413]             1            0.001            FlatMap
[0, 414]             4            0.012            ArrangeBySelf
[0, 415]             3            0.010            FlatMap
[0, 416]             3            0.025            FlatMap
[0, 417]             6            0.029            ArrangeBySelf
[0, 418]             3            0.084            FlatMap
[0, 419]             5            0.223            ArrangeByKey
[0, 420]             1            0.001            FlatMap
[0, 421]             1            0.001            FlatMap
[0, 422]             2            0.007            ArrangeBySelf
[0, 423]             5            0.031            Join
[0, 424]             4            0.014            ArrangeByKey
[0, 425]             7            0.033            Join
[0, 426]             3            0.054            ArrangeByKey
[0, 427]             7            0.030            Join
[0, 428]             3            0.022            FlatMap
[0, 429]             5            0.016            ArrangeBySelf
[0, 430]             6            0.039            Join
[0, 431]             3            0.023            FlatMap
[0, 432]             5            0.008            ArrangeBySelf
[0, 433]             7            0.028            Join
[0, 434]             3            0.023            FlatMap
[0, 435]             5            0.008            ArrangeBySelf
[0, 436]             5            0.019            Join
[0, 437]             2            0.006            ArrangeByKey
[0, 438]             6            0.035            Join
[0, 439]             3            0.020            FlatMap
[0, 440]             3            0.018            ArrangeBySelf
[0, 441]             6            0.019            Join
[0, 442]             3            0.022            FlatMap
[0, 443]             3            0.012            ArrangeBySelf
[0, 444]             4            0.015            Join
[0, 445]             2            0.005            ArrangeByKey
[0, 446]             3            0.014            Join
[0, 447]             3            0.023            FlatMap
[0, 448]             3            0.032            ArrangeBySelf
[0, 449]             5            0.016            Join
[0, 450]             3            0.009            FlatMap
[0, 451]             3            0.035            FlatMap
[0, 452]             6            0.024            ArrangeBySelf
[0, 453]             3            0.082            FlatMap
[0, 454]             5            0.234            ArrangeByKey
[0, 455]             3            0.142            FlatMap
[0, 456]             5            0.206            ArrangeByKey
[0, 457]             3            0.126            FlatMap
[0, 458]             5            0.195            ArrangeByKey
[0, 459]             3            0.057            AsCollection
[0, 460]             3            0.117            FlatMap
[0, 461]             5            0.217            Arrange: Threshold
[0, 462]             4            0.443            Threshold
[0, 463]             3            0.028            AsCollection
[0, 464]             6            0.047            Join
[0, 465]             3            0.063            FlatMap
[0, 466]             5            0.052            Arrange: Threshold
[0, 467]             4            0.054            Threshold
[0, 468]             3            0.007            AsCollection
[0, 469]             3            0.008            FlatMap
[0, 470]             3            0.005            Concatenate
[0, 471]             3            0.015            FlatMap
[0, 472]             3            0.056            FlatMap
[0, 473]             4            0.132            Arrange: Threshold
[0, 474]             4            0.381            Threshold
[0, 475]             3            0.124            AsCollection
[0, 476]             5            0.180            ArrangeByKey
[0, 477]             3            0.056            AsCollection
[0, 478]             3            0.188            FlatMap
[0, 479]             5            0.220            Arrange: Threshold
[0, 480]             4            0.422            Threshold
[0, 481]             3            0.026            AsCollection
[0, 482]             5            0.064            Join
[0, 483]             3            0.087            FlatMap
[0, 484]             7            0.079            Arrange: Threshold
[0, 485]             4            0.046            Threshold
[0, 486]             3            0.006            AsCollection
[0, 487]             3            0.006            FlatMap
[0, 488]             4            0.008            Concatenate
[0, 489]             4            0.015            FlatMap
[0, 490]             4            0.093            FlatMap
[0, 491]             7            0.120            Arrange: Threshold
[0, 492]             4            0.365            Threshold
[0, 493]             3            0.118            AsCollection
[0, 494]             5            0.183            ArrangeByKey
[0, 495]             3            0.056            AsCollection
[0, 496]             3            0.097            FlatMap
[0, 497]             5            0.198            Arrange: Threshold
[0, 498]             4            0.415            Threshold
[0, 499]             3            0.027            AsCollection
[0, 500]             6            0.043            Join
[0, 501]             3            0.060            FlatMap
[0, 502]             5            0.053            Arrange: Threshold
[0, 503]             4            0.049            Threshold
[0, 504]             3            0.007            AsCollection
[0, 505]             3            0.005            FlatMap
[0, 506]             3            0.006            Concatenate
[0, 507]             3            0.012            FlatMap
[0, 508]             3            0.047            FlatMap
[0, 509]             4            0.117            Arrange: Threshold
[0, 510]             4            0.394            Threshold
[0, 511]             3            0.131            AsCollection
[0, 512]             5            0.191            ArrangeByKey
[0, 513]             7            0.276            Join
[0, 514]             12           0.104            ArrangeByKey
[0, 515]             6            0.275            Join
[0, 516]             3            0.035            FlatMap
[0, 517]             3            0.059            FlatMap
[0, 518]             4            0.179            ArrangeBySelf
[0, 519]             3            0.193            FlatMap
[0, 520]             5            0.694            ArrangeByKey
[0, 521]             6            0.642            Join
[0, 522]             5            0.292            ArrangeByKey
[0, 523]             3            0.018            FlatMap
[0, 524]             3            0.098            FlatMap
[0, 525]             5            0.181            ArrangeBySelf
[0, 526]             3            0.217            FlatMap
[0, 527]             5            0.235            ArrangeByKey
[0, 528]             6            0.207            Join
[0, 529]             4            0.130            ArrangeByKey
[0, 530]             7            0.245            Join
[0, 531]             4            0.091            ArrangeByKey
[0, 532]             6            0.225            Join
[0, 533]             3            0.026            FlatMap
[0, 534]             3            0.096            FlatMap
[0, 535]             5            0.175            ArrangeBySelf
[0, 536]             3            0.146            FlatMap
[0, 537]             5            0.198            ArrangeByKey
[0, 538]             7            0.191            Join
[0, 539]             4            0.129            ArrangeByKey
[0, 540]             7            0.254            Join
[0, 541]             4            0.085            ArrangeByKey
[0, 542]             6            0.217            Join
[0, 543]             3            0.013            FlatMap
[0, 544]             3            0.033            FlatMap
[0, 545]             4            0.033            ArrangeBySelf
[0, 546]             3            0.513            FlatMap
[0, 547]             5            3.770            ArrangeByKey
[0, 548]             3            0.222            FlatMap
[0, 549]             5            0.660            ArrangeByKey
[0, 550]             5            0.174            Join
[0, 551]             8            0.047            ArrangeByKey
[0, 552]             6            0.168            Join
[0, 553]             4            0.046            ArrangeByKey
[0, 554]             6            0.161            Join
[0, 555]             3            0.524            FlatMap
[0, 556]             5            3.007            ArrangeByKey
[0, 557]             3            0.157            FlatMap
[0, 558]             5            0.144            ArrangeByKey
[0, 559]             6            0.257            Join
[0, 560]             3            0.191            FlatMap
[0, 561]             5            0.325            ArrangeByKey
[0, 562]             6            0.367            Join
[0, 563]             4            0.151            ArrangeByKey
[0, 564]             3            0.297            FlatMap
[0, 565]             5            1.303            ArrangeByKey
[0, 566]             6            0.368            Join
[0, 567]             3            0.288            FlatMap
[0, 568]             5            1.209            ArrangeByKey
[0, 569]             6            1.416            Join
[0, 570]             4            0.793            ArrangeByKey
[0, 571]             3            0.226            FlatMap
[0, 572]             5            0.854            ArrangeByKey
[0, 573]             6            1.153            Join
[0, 574]             3            0.117            FlatMap
[0, 575]             5            0.119            ArrangeByKey
[0, 576]             6            0.163            Join
[0, 577]             4            0.050            ArrangeByKey
[0, 578]             6            0.166            Join
[0, 579]             4            0.091            ArrangeByKey
[0, 580]             3            0.236            FlatMap
[0, 581]             5            0.121            ArrangeByKey
[0, 582]             7            0.186            Join
[0, 583]             3            0.145            FlatMap
[0, 584]             5            0.148            ArrangeByKey
[0, 585]             6            0.208            Join
[0, 586]             4            0.080            ArrangeByKey
[0, 587]             3            0.176            FlatMap
[0, 588]             5            0.141            ArrangeByKey
[0, 589]             6            0.209            Join
[0, 590]             3            0.096            FlatMap
[0, 591]             5            0.088            ArrangeByKey
[0, 592]             6            0.097            Join
[0, 593]             4            0.031            ArrangeByKey
[0, 594]             3            0.066            FlatMap
[0, 595]             5            0.085            ArrangeByKey
[0, 596]             6            0.091            Join
[0, 597]             3            0.131            FlatMap
[0, 598]             5            0.069            ArrangeByKey
[0, 599]             6            0.077            Join
[0, 600]             4            0.030            ArrangeByKey
[0, 601]             3            0.289            FlatMap
[0, 602]             5            0.543            ArrangeByKey
[0, 603]             6            0.065            Join
[0, 604]             6            0.686            Join
[0, 605]             5            0.311            ArrangeByKey
[0, 606]             3            0.213            FlatMap
[0, 607]             5            0.101            ArrangeByKey
[0, 608]             6            0.150            Join
[0, 609]             3            0.295            FlatMap
[0, 610]             5            0.138            ArrangeByKey
[0, 611]             6            0.231            Join
[0, 612]             5            0.070            ArrangeByKey
[0, 613]             3            0.213            FlatMap
[0, 614]             5            0.144            ArrangeByKey
[0, 615]             6            0.185            Join
[0, 616]             4            0.076            ArrangeByKey
[0, 617]             7            0.197            Join
[0, 618]             3            0.183            FlatMap
[0, 619]             5            0.291            ArrangeByKey
[0, 620]             7            0.449            Join
[0, 621]             14           0.165            ArrangeByKey
[0, 622]             6            0.449            Join
[0, 623]             5            0.171            ArrangeByKey
[0, 624]             3            0.264            FlatMap
[0, 625]             5            0.278            ArrangeByKey
[0, 626]             7            0.401            Join
[0, 627]             3            0.138            FlatMap
[0, 628]             5            0.328            Arrange: Threshold
[0, 629]             4            0.525            Threshold
[0, 630]             3            0.043            AsCollection
[0, 631]             3            0.109            FlatMap
[0, 632]             5            0.115            Arrange: Threshold
[0, 633]             4            0.206            Threshold
[0, 634]             3            0.015            AsCollection
[0, 635]             1            0.002            Concatenate
[0, 636]             1            0.001            Concatenate
[0, 637]             1            0.001            Concatenate
[0, 638]             3            0.005            Concatenate
[0, 639]             3            0.004            Concatenate
[0, 640]             3            0.004            Concatenate
[0, 641]             3            0.038            FlatMap
[0, 642]             10           0.026            Arrange: Threshold
[0, 643]             4            0.035            Threshold
[0, 644]             3            0.005            AsCollection
[0, 645]             3            0.086            FlatMap
[0, 646]             5            0.072            Arrange: Threshold
[0, 647]             4            0.087            Threshold
[0, 648]             3            0.013            AsCollection
[0, 649]             3            0.129            FlatMap
[0, 650]             8            0.381            Arrange: Threshold
[0, 651]             4            0.817            Threshold
[0, 652]             3            0.053            AsCollection
[0, 653]             3            0.152            FlatMap
[0, 654]             8            0.347            Arrange: Threshold
[0, 655]             4            0.609            Threshold
[0, 656]             3            0.041            AsCollection
[0, 657]             3            0.113            FlatMap
[0, 658]             5            0.136            Arrange: Threshold
[0, 659]             4            0.255            Threshold
[0, 660]             3            0.019            AsCollection
[0, 661]             3            0.110            FlatMap
[0, 662]             8            0.133            Arrange: Threshold
[0, 663]             4            0.240            Threshold
[0, 664]             3            0.015            AsCollection
[0, 665]             3            0.141            FlatMap
[0, 666]             5            0.251            Arrange: Threshold
[0, 667]             4            0.436            Threshold
[0, 668]             3            0.065            AsCollection
[0, 669]             3            0.110            FlatMap
[0, 670]             5            0.164            Arrange: Threshold
[0, 671]             4            0.326            Threshold
[0, 672]             3            0.021            AsCollection
[0, 673]             3            0.107            FlatMap
[0, 674]             9            0.146            Arrange: Threshold
[0, 675]             4            0.213            Threshold
[0, 676]             3            0.016            AsCollection
[0, 677]             1            0.002            FlatMap
[0, 678]             2            0.007            Arrange: Threshold
[0, 679]             2            0.007            Threshold
[0, 680]             1            0.002            AsCollection
[0, 681]             3            0.040            FlatMap
[0, 682]             6            0.039            Arrange: Threshold
[0, 683]             4            0.055            Threshold
[0, 684]             3            0.007            AsCollection
[0, 685]             3            0.143            FlatMap
[0, 686]             10           0.417            Arrange: Threshold
[0, 687]             4            0.840            Threshold
[0, 688]             3            0.052            AsCollection
[0, 689]             3            0.266            FlatMap
[0, 690]             7            0.950            Arrange: Threshold
[0, 691]             4            1.511            Threshold
[0, 692]             3            0.098            AsCollection
[0, 693]             3            0.115            FlatMap
[0, 694]             7            0.103            Arrange: Threshold
[0, 695]             4            0.187            Threshold
[0, 696]             3            0.012            AsCollection
[0, 697]             3            0.085            FlatMap
[0, 698]             7            0.087            Arrange: Threshold
[0, 699]             4            0.103            Threshold
[0, 700]             3            0.007            AsCollection
[0, 701]             3            0.111            FlatMap
[0, 702]             5            0.055            ArrangeByKey
[0, 703]             3            0.057            FlatMap
[0, 704]             5            0.033            ArrangeByKey
[0, 705]             318          8.513            Iterative
[0, 705, 1]          3            0.009            FlatMap
[0, 705, 2]          3            0.005            FlatMap
[0, 705, 3]          3            0.005            Enter
[0, 705, 4]          21           0.029            Feedback
[0, 705, 5]          21           0.483            FlatMap
[0, 705, 6]          63           0.335            ArrangeByKey
[0, 705, 7]          28           0.165            Join
[0, 705, 8]          28           0.171            Join
[0, 705, 9]          7            0.012            Concatenate
[0, 705, 10]         9            0.021            Concatenate
[0, 705, 11]         9            0.165            FlatMap
[0, 705, 12]         50           0.262            Arrange: Threshold
[0, 705, 13]         29           0.350            Threshold
[0, 705, 14]         21           0.067            AsCollection
[0, 705, 15]         21           0.021            ResultsIn
[0, 706]             27           0.035            Leave
[0, 707]             1            0.001            FlatMap
[0, 708]             1            0.001            FlatMap
[0, 709]             1            0.002            FlatMap
[0, 710]             2            0.005            ArrangeBySelf
[0, 711]             3            0.307            FlatMap
[0, 712]             5            0.245            ArrangeByKey
[0, 713]             5            0.028            Join
[0, 714]             3            0.011            FlatMap
[0, 715]             3            0.007            FlatMap
[0, 716]             3            0.066            FlatMap
[0, 717]             6            0.016            ArrangeBySelf
[0, 718]             21           0.483            FlatMap
[0, 719]             40           0.165            ArrangeByKey
[0, 720]             7            0.047            Join
[0, 721]             3            0.009            FlatMap
[0, 722]             3            0.026            FlatMap
[0, 723]             6            0.018            ArrangeBySelf
[0, 724]             7            0.050            Join
[0, 725]             3            0.019            FlatMap
[0, 726]             1            0.001            FlatMap
[0, 727]             3            0.006            Arrange: Threshold
[0, 728]             2            0.007            Threshold
[0, 729]             1            0.001            AsCollection
[0, 730]             3            0.045            FlatMap
[0, 731]             5            0.020            Arrange: Threshold
[0, 732]             4            0.025            Threshold
[0, 733]             3            0.005            AsCollection
[0, 734]             3            0.005            Concatenate
[0, 735]             5            0.007            Concatenate
[0, 736]             5            0.131            FlatMap
[0, 737]             16           0.112            Arrange: Threshold
[0, 738]             4            0.096            Threshold
[0, 739]             3            0.008            AsCollection
[0, 740]             1            0.001            FlatMap
[0, 741]             2            0.009            Arrange: Threshold
[0, 742]             2            0.006            Threshold
[0, 743]             1            0.001            AsCollection
[0, 744]             3            0.066            FlatMap
[0, 745]             4            0.125            Arrange: Threshold
[0, 746]             4            0.411            Threshold
[0, 747]             3            0.029            AsCollection
[0, 748]             3            0.060            FlatMap
[0, 749]             6            0.051            ArrangeByKey
[0, 750]             302          6.118            Iterative
[0, 750, 1]          3            0.006            Enter
[0, 750, 2]          3            0.006            FlatMap
[0, 750, 3]          19           0.026            Feedback
[0, 750, 4]          19           0.345            FlatMap
[0, 750, 5]          64           0.131            ArrangeByKey
[0, 750, 6]          24           0.210            Join
[0, 750, 7]          11           0.016            Concatenate
[0, 750, 8]          11           0.177            FlatMap
[0, 750, 9]          49           0.207            Arrange: Threshold
[0, 750, 10]         28           0.261            Threshold
[0, 750, 11]         19           0.037            AsCollection
[0, 750, 12]         19           0.016            ResultsIn
[0, 751]             30           0.028            Leave
[0, 752]             19           0.028            FlatMap
[0, 753]             21           0.020            Concatenate
[0, 754]             21           0.367            FlatMap
[0, 755]             55           0.154            Arrange: Threshold
[0, 756]             4            0.209            Threshold
[0, 757]             3            0.016            AsCollection
[0, 758]             19           0.334            FlatMap
[0, 759]             39           0.115            Arrange: Threshold
[0, 760]             4            0.104            Threshold
[0, 761]             3            0.009            AsCollection
[0, 762]             3            0.020            FlatMap
[0, 763]             3            0.121            FlatMap
[0, 764]             5            0.225            ArrangeBySelf
[0, 765]             3            0.116            FlatMap
[0, 766]             5            0.033            ArrangeByKey
[0, 767]             3            0.069            FlatMap
[0, 768]             5            0.070            ArrangeByKey
[0, 769]             1241         45.301           Iterative
[0, 769, 1]          3            0.007            FlatMap
[0, 769, 2]          3            0.038            Enter
[0, 769, 3]          3            0.009            FlatMap
[0, 769, 4]          3            0.004            FlatMap
[0, 769, 5]          23           0.037            Feedback
[0, 769, 6]          23           1.155            FlatMap
[0, 769, 7]          69           1.597            ArrangeByKey
[0, 769, 8]          37           0.508            Join
[0, 769, 9]          62           1.462            ArrangeByKey
[0, 769, 10]         21           0.266            AsCollection
[0, 769, 11]         21           1.211            FlatMap
[0, 769, 12]         46           1.375            Arrange: Threshold
[0, 769, 13]         32           4.365            Threshold
[0, 769, 14]         23           0.159            AsCollection
[0, 769, 15]         34           0.876            Join
[0, 769, 16]         13           0.264            FlatMap
[0, 769, 17]         37           0.160            Arrange: Threshold
[0, 769, 18]         23           0.240            Threshold
[0, 769, 19]         11           0.020            AsCollection
[0, 769, 20]         11           0.023            FlatMap
[0, 769, 21]         25           0.042            Concatenate
[0, 769, 22]         25           0.128            FlatMap
[0, 769, 23]         25           1.045            FlatMap
[0, 769, 24]         50           1.296            Arrange: Threshold
[0, 769, 25]         31           3.233            Threshold
[0, 769, 26]         21           0.160            AsCollection
[0, 769, 27]         37           0.783            Join
[0, 769, 28]         31           0.131            ArrangeByKey
[0, 769, 29]         9            0.016            AsCollection
[0, 769, 30]         9            0.188            FlatMap
[0, 769, 31]         32           0.101            Arrange: Threshold
[0, 769, 32]         19           0.155            Threshold
[0, 769, 33]         9            0.012            AsCollection
[0, 769, 34]         24           0.127            Join
[0, 769, 35]         7            0.121            FlatMap
[0, 769, 36]         25           0.070            Arrange: Threshold
[0, 769, 37]         19           0.110            Threshold
[0, 769, 38]         7            0.010            AsCollection
[0, 769, 39]         7            0.010            FlatMap
[0, 769, 40]         10           0.015            Concatenate
[0, 769, 41]         10           0.014            FlatMap
[0, 769, 42]         10           0.195            FlatMap
[0, 769, 43]         31           0.128            Arrange: Threshold
[0, 769, 44]         21           0.135            Threshold
[0, 769, 45]         9            0.011            AsCollection
[0, 769, 46]         24           0.034            Concatenate
[0, 769, 47]         26           0.031            Concatenate
[0, 769, 48]         26           0.563            FlatMap
[0, 769, 49]         94           0.789            Arrange: Threshold
[0, 769, 50]         30           4.727            Threshold
[0, 769, 51]         23           0.209            AsCollection
[0, 769, 52]         23           0.037            ResultsIn
[0, 770]             34           0.106            Leave
[0, 771]             3            0.007            FlatMap
[0, 772]             3            0.020            FlatMap
[0, 773]             6            0.024            ArrangeBySelf
[0, 774]             3            0.049            FlatMap
[0, 775]             5            0.019            ArrangeByKey
[0, 776]             7            0.096            Join
[0, 777]             6            0.014            ArrangeByKey
[0, 778]             3            0.057            FlatMap
[0, 779]             5            0.017            ArrangeByKey
[0, 780]             7            0.073            Join
[0, 781]             6            0.011            ArrangeByKey
[0, 782]             301          5.323            Iterative
[0, 782, 1]          3            0.006            FlatMap
[0, 782, 2]          3            0.010            FlatMap
[0, 782, 3]          3            0.006            Enter
[0, 782, 4]          3            0.004            FlatMap
[0, 782, 5]          5            0.008            Feedback
[0, 782, 6]          5            0.139            FlatMap
[0, 782, 7]          16           0.177            ArrangeByKey
[0, 782, 8]          12           0.300            Join
[0, 782, 9]          14           0.095            ArrangeByKey
[0, 782, 10]         10           0.195            Join
[0, 782, 11]         21           0.151            ArrangeByKey
[0, 782, 12]         12           0.161            Join
[0, 782, 13]         10           0.030            ArrangeByKey
[0, 782, 14]         9            0.048            Join
[0, 782, 15]         5            0.008            Concatenate
[0, 782, 16]         5            0.107            FlatMap
[0, 782, 17]         34           0.099            Arrange: Threshold
[0, 782, 18]         9            0.257            Threshold
[0, 782, 19]         5            0.026            AsCollection
[0, 782, 20]         5            0.007            ResultsIn
[0, 783]             6            0.013            Leave
[0, 784]             5            0.020            FlatMap
[0, 785]             5            0.026            FlatMap
[0, 786]             5            0.082            FlatMap
[0, 787]             10           0.105            Arrange: Threshold
[0, 788]             4            0.210            Threshold
[0, 789]             3            0.028            AsCollection
[0, 790]             5            0.068            FlatMap
[0, 791]             12           0.068            Arrange: Threshold
[0, 792]             4            0.195            Threshold
[0, 793]             3            0.016            AsCollection
[0, 794]             3            0.119            FlatMap
[0, 795]             5            0.055            ArrangeByKey
[0, 796]             3            0.049            FlatMap
[0, 797]             5            0.043            ArrangeByKey
[0, 798]             3            0.118            FlatMap
[0, 799]             7            0.080            ArrangeByKey
[0, 800]             3            0.167            FlatMap
[0, 801]             5            0.258            ArrangeByKey
[0, 802]             3            0.044            FlatMap
[0, 803]             5            0.027            ArrangeByKey
[0, 804]             3            0.010            FlatMap
[0, 805]             3            0.038            FlatMap
[0, 806]             5            0.050            ArrangeBySelf
[0, 807]             3            0.081            FlatMap
[0, 808]             7            0.100            ArrangeByKey
[0, 809]             3            0.606            FlatMap
[0, 810]             5            2.675            ArrangeByKey
[0, 811]             3            0.281            FlatMap
[0, 812]             7            0.910            ArrangeByKey
[0, 813]             3            0.162            FlatMap
[0, 814]             6            0.469            ArrangeByKey
[0, 815]             3            0.364            FlatMap
[0, 816]             6            2.918            ArrangeByKey
[0, 817]             3            0.151            FlatMap
[0, 818]             5            0.193            ArrangeByKey
[0, 819]             3            0.278            FlatMap
[0, 820]             5            0.691            ArrangeByKey
[0, 821]             3            0.101            FlatMap
[0, 822]             9            0.203            ArrangeByKey
[0, 823]             3            0.151            FlatMap
[0, 824]             5            0.482            ArrangeByKey
[0, 825]             3            0.163            FlatMap
[0, 826]             6            0.453            ArrangeByKey
[0, 827]             3            0.146            FlatMap
[0, 828]             6            0.432            ArrangeByKey
[0, 829]             23           1.147            FlatMap
[0, 830]             57           1.854            ArrangeByKey
[0, 831]             3            0.110            FlatMap
[0, 832]             5            0.295            ArrangeByKey
[0, 833]             3            0.308            FlatMap
[0, 834]             5            0.816            ArrangeByKey
[0, 835]             3            0.087            FlatMap
[0, 836]             7            0.149            ArrangeByKey
[0, 837]             3            0.114            FlatMap
[0, 838]             5            0.094            ArrangeByKey
[0, 839]             3            0.107            FlatMap
[0, 840]             5            0.200            ArrangeByKey
[0, 841]             3            0.014            FlatMap
[0, 842]             3            0.108            FlatMap
[0, 843]             10           0.151            ArrangeBySelf
[0, 844]             3            0.106            FlatMap
[0, 845]             9            0.164            ArrangeByKey
[0, 846]             3            0.177            FlatMap
[0, 847]             5            0.390            ArrangeByKey
[0, 848]             3            0.126            FlatMap
[0, 849]             7            0.196            ArrangeByKey
[0, 850]             3            0.143            FlatMap
[0, 851]             7            0.252            ArrangeByKey
[0, 852]             3            0.074            FlatMap
[0, 853]             5            0.045            ArrangeByKey
[0, 854]             3            0.123            FlatMap
[0, 855]             6            0.103            ArrangeByKey
[0, 856]             3            0.097            FlatMap
[0, 857]             5            0.125            ArrangeByKey
[0, 858]             3            0.097            FlatMap
[0, 859]             7            0.107            ArrangeByKey
[0, 860]             3            0.087            FlatMap
[0, 861]             14           0.067            ArrangeByKey
[0, 862]             3            0.069            FlatMap
[0, 863]             12           0.059            ArrangeByKey
[0, 864]             3            0.151            FlatMap
[0, 865]             8            0.215            ArrangeByKey
[0, 866]             3            0.114            FlatMap
[0, 867]             8            0.140            ArrangeByKey
[0, 868]             3            0.010            FlatMap
[0, 869]             3            0.032            FlatMap
[0, 870]             4            0.035            ArrangeBySelf
[0, 871]             3            0.243            FlatMap
[0, 872]             5            0.651            ArrangeByKey
[0, 873]             7            0.170            Join
[0, 874]             8            0.065            ArrangeByKey
[0, 875]             3            0.132            FlatMap
[0, 876]             6            0.198            ArrangeByKey
[0, 877]             245880       7515.241         Iterative
[0, 877, 1]          3            0.006            FlatMap
[0, 877, 2]          3            0.006            FlatMap
[0, 877, 3]          3            0.018            FlatMap
[0, 877, 4]          3            0.007            FlatMap
[0, 877, 5]          3            0.007            FlatMap
[0, 877, 6]          1            0.001            Enter
[0, 877, 7]          3            0.006            FlatMap
[0, 877, 8]          3            0.006            FlatMap
[0, 877, 9]          3            0.005            FlatMap
[0, 877, 10]         3            0.007            FlatMap
[0, 877, 11]         3            0.008            FlatMap
[0, 877, 12]         3            0.012            FlatMap
[0, 877, 13]         3            0.007            FlatMap
[0, 877, 14]         3            0.004            FlatMap
[0, 877, 15]         3            0.005            FlatMap
[0, 877, 16]         3            0.005            FlatMap
[0, 877, 17]         3            0.005            FlatMap
[0, 877, 18]         3            0.006            FlatMap
[0, 877, 19]         3            0.005            FlatMap
[0, 877, 20]         3            0.006            FlatMap
[0, 877, 21]         3            0.005            FlatMap
[0, 877, 22]         3            0.004            FlatMap
[0, 877, 23]         3            0.014            FlatMap
[0, 877, 24]         3            0.006            FlatMap
[0, 877, 25]         3            0.007            FlatMap
[0, 877, 26]         3            0.005            FlatMap
[0, 877, 27]         3            0.006            FlatMap
[0, 877, 28]         1            0.001            Enter
[0, 877, 29]         3            0.004            FlatMap
[0, 877, 30]         3            0.004            FlatMap
[0, 877, 31]         3            0.006            FlatMap
[0, 877, 32]         3            0.004            FlatMap
[0, 877, 33]         3            0.005            FlatMap
[0, 877, 34]         3            0.005            FlatMap
[0, 877, 35]         3            0.005            FlatMap
[0, 877, 36]         3            0.007            FlatMap
[0, 877, 37]         3            0.005            FlatMap
[0, 877, 38]         3            0.011            FlatMap
[0, 877, 39]         3            0.006            FlatMap
[0, 877, 40]         3            0.008            FlatMap
[0, 877, 41]         3            0.028            FlatMap
[0, 877, 42]         207          0.385            Feedback
[0, 877, 43]         421          0.772            Feedback
[0, 877, 44]         217          0.283            Feedback
[0, 877, 45]         313          0.391            Feedback
[0, 877, 46]         331          0.377            Feedback
[0, 877, 47]         449          6.745            Feedback
[0, 877, 48]         359          0.436            Feedback
[0, 877, 49]         75           0.111            Feedback
[0, 877, 50]         75           0.148            FlatMap
[0, 877, 51]         75           1.090            FlatMap
[0, 877, 52]         1039         1.499            ArrangeBySelf
[0, 877, 53]         325          1.701            Join
[0, 877, 54]         325          0.997            Join
[0, 877, 55]         207          0.381            FlatMap
[0, 877, 56]         207          4.649            FlatMap
[0, 877, 57]         1018         2.266            ArrangeBySelf
[0, 877, 58]         435          2.692            Join
[0, 877, 59]         524          1.363            ArrangeByKey
[0, 877, 60]         449          39.655           FlatMap
[0, 877, 61]         3576         107.746          ArrangeByKey
[0, 877, 62]         907          4.937            Join
[0, 877, 63]         524          1.530            ArrangeByKey
[0, 877, 64]         954          26.400           Join
[0, 877, 65]         1113         9.510            ArrangeByKey
[0, 877, 66]         571          16.556           Join
[0, 877, 67]         1133         6.181            ArrangeByKey
[0, 877, 68]         561          9.858            Join
[0, 877, 69]         1199         1.825            ArrangeByKey
[0, 877, 70]         255          2.080            Join
[0, 877, 71]         1115         4.673            ArrangeByKey
[0, 877, 72]         502          6.963            Join
[0, 877, 73]         435          2.280            Join
[0, 877, 74]         598          1.180            ArrangeByKey
[0, 877, 75]         925          4.830            Join
[0, 877, 76]         531          1.355            ArrangeByKey
[0, 877, 77]         359          9.938            FlatMap
[0, 877, 78]         1721         5.349            ArrangeByKey
[0, 877, 79]         860          15.463           Join
[0, 877, 80]         1778         28.805           ArrangeByKey
[0, 877, 81]         631          54.699           Join
[0, 877, 82]         1246         8.094            ArrangeByKey
[0, 877, 83]         557          17.686           Join
[0, 877, 84]         1368         1.370            ArrangeByKey
[0, 877, 85]         256          1.478            Join
[0, 877, 86]         762          1.376            ArrangeByKey
[0, 877, 87]         254          1.778            Join
[0, 877, 88]         435          7.769            Join
[0, 877, 89]         1406         2.466            ArrangeByKey
[0, 877, 90]         1021         18.538           Join
[0, 877, 91]         435          4.051            Join
[0, 877, 92]         1061         1.640            ArrangeByKey
[0, 877, 93]         977          14.596           Join
[0, 877, 94]         830          5.835            ArrangeByKey
[0, 877, 95]         421          24.292           FlatMap
[0, 877, 96]         2914         49.054           ArrangeByKey
[0, 877, 97]         1192         88.580           Join
[0, 877, 98]         435          2.926            Join
[0, 877, 99]         207          6.363            FlatMap
[0, 877, 100]        1533         4.156            ArrangeBySelf
[0, 877, 101]        574          6.772            Join
[0, 877, 102]        1045         1.655            ArrangeByKey
[0, 877, 103]        574          9.057            Join
[0, 877, 104]        1173         1.427            ArrangeByKey
[0, 877, 105]        1046         8.750            Join
[0, 877, 106]        774          1.891            ArrangeByKey
[0, 877, 107]        994          10.879           Join
[0, 877, 108]        1044         3.797            ArrangeByKey
[0, 877, 109]        601          5.470            Join
[0, 877, 110]        574          8.614            Join
[0, 877, 111]        1203         1.703            ArrangeByKey
[0, 877, 112]        574          7.716            Join
[0, 877, 113]        1133         1.366            ArrangeByKey
[0, 877, 114]        574          7.066            Join
[0, 877, 115]        1137         1.262            ArrangeByKey
[0, 877, 116]        1080         33.763           Join
[0, 877, 117]        1079         21.749           ArrangeByKey
[0, 877, 118]        622          27.293           Join
[0, 877, 119]        1291         13.950           ArrangeByKey
[0, 877, 120]        1157         19.015           Join
[0, 877, 121]        1695         3.085            ArrangeByKey
[0, 877, 122]        1160         24.438           Join
[0, 877, 123]        1588         9.632            ArrangeByKey
[0, 877, 124]        590          11.623           Join
[0, 877, 125]        313          8.989            FlatMap
[0, 877, 126]        1266         3.273            ArrangeByKey
[0, 877, 127]        575          9.191            Join
[0, 877, 128]        1615         2.967            ArrangeByKey
[0, 877, 129]        547          5.144            Join
[0, 877, 130]        331          8.472            FlatMap
[0, 877, 131]        1982         3.429            ArrangeByKey
[0, 877, 132]        1242         42.172           Join
[0, 877, 133]        435          3.012            Join
[0, 877, 134]        813          1.199            ArrangeByKey
[0, 877, 135]        297          2.468            Join
[0, 877, 136]        738          2.202            ArrangeByKey
[0, 877, 137]        491          13.409           Join
[0, 877, 138]        2149         27.359           ArrangeByKey
[0, 877, 139]        449          5.891            FlatMap
[0, 877, 140]        449          17.710           FlatMap
[0, 877, 141]        2960         35.753           ArrangeBySelf
[0, 877, 142]        1195         378.195          Join
[0, 877, 143]        622          57.275           Join
[0, 877, 144]        1742         28.213           ArrangeByKey
[0, 877, 145]        1158         47.739           Join
[0, 877, 146]        2508         14.581           ArrangeByKey
[0, 877, 147]        1161         65.686           Join
[0, 877, 148]        2394         12.263           ArrangeByKey
[0, 877, 149]        594          27.461           Join
[0, 877, 150]        1588         9.718            ArrangeByKey
[0, 877, 151]        647          13.392           Join
[0, 877, 152]        449          7.407            FlatMap
[0, 877, 153]        449          34.255           FlatMap
[0, 877, 154]        4334         32.274           ArrangeBySelf
[0, 877, 155]        574          9.138            Join
[0, 877, 156]        1783         2.114            ArrangeByKey
[0, 877, 157]        1037         9.339            Join
[0, 877, 158]        269          3.602            FlatMap
[0, 877, 159]        1731         2.371            ArrangeBySelf
[0, 877, 160]        504          7.579            Join
[0, 877, 161]        1379         2.714            ArrangeByKey
[0, 877, 162]        850          3.703            Join
[0, 877, 163]        575          9.697            Join
[0, 877, 164]        1968         2.468            ArrangeByKey
[0, 877, 165]        546          3.818            Join
[0, 877, 166]        435          3.193            Join
[0, 877, 167]        926          1.528            ArrangeByKey
[0, 877, 168]        980          10.958           Join
[0, 877, 169]        1411         6.230            ArrangeByKey
[0, 877, 170]        1183         15.327           Join
[0, 877, 171]        1160         12.499           Join
[0, 877, 172]        419          16.486           FlatMap
[0, 877, 173]        2662         8.999            ArrangeBySelf
[0, 877, 174]        592          6.179            Join
[0, 877, 175]        435          1.741            Join
[0, 877, 176]        129          2.473            FlatMap
[0, 877, 177]        1057         1.547            ArrangeBySelf
[0, 877, 178]        445          2.262            Join
[0, 877, 179]        325          1.387            Join
[0, 877, 180]        435          1.652            Join
[0, 877, 181]        57           1.024            FlatMap
[0, 877, 182]        708          1.390            ArrangeBySelf
[0, 877, 183]        338          1.701            Join
[0, 877, 184]        435          2.402            Join
[0, 877, 185]        708          1.230            ArrangeByKey
[0, 877, 186]        217          4.278            FlatMap
[0, 877, 187]        1556         1.531            ArrangeByKey
[0, 877, 188]        628          3.259            Join
[0, 877, 189]        850          4.489            Join
[0, 877, 190]        435          1.672            Join
[0, 877, 191]        496          0.964            ArrangeByKey
[0, 877, 192]        926          119.862          Join
[0, 877, 193]        435          1.483            Join
[0, 877, 194]        25           0.420            FlatMap
[0, 877, 195]        497          1.155            ArrangeBySelf
[0, 877, 196]        312          1.282            Join
[0, 877, 197]        207          0.327            FlatMap
[0, 877, 198]        207          4.090            FlatMap
[0, 877, 199]        1084         1.244            ArrangeBySelf
[0, 877, 200]        435          2.305            Join
[0, 877, 201]        435          1.791            Join
[0, 877, 202]        435          1.088            Join
[0, 877, 203]        435          7.989            Join
[0, 877, 204]        1726         3.890            ArrangeByKey
[0, 877, 205]        575          4.562            Join
[0, 877, 206]        141          1.922            FlatMap
[0, 877, 207]        1165         1.263            ArrangeBySelf
[0, 877, 208]        393          2.218            Join
[0, 877, 209]        141          2.024            FlatMap
[0, 877, 210]        1099         1.471            ArrangeBySelf
[0, 877, 211]        346          1.864            Join
[0, 877, 212]        371          0.561            Concatenate
[0, 877, 213]        652          0.627            Concatenate
[0, 877, 214]        756          0.584            Concatenate
[0, 877, 215]        756          0.527            Concatenate
[0, 877, 216]        756          20.562           FlatMap
[0, 877, 217]        3669         8.488            Arrange: Threshold
[0, 877, 218]        659          6.910            Threshold
[0, 877, 219]        443          0.643            AsCollection
[0, 877, 220]        413          0.542            Concatenate
[0, 877, 221]        413          8.827            FlatMap
[0, 877, 222]        2923         4.211            Arrange: Threshold
[0, 877, 223]        574          7.122            Threshold
[0, 877, 224]        331          0.714            AsCollection
[0, 877, 225]        67           0.830            FlatMap
[0, 877, 226]        1322         1.800            Arrange: Threshold
[0, 877, 227]        458          3.630            Threshold
[0, 877, 228]        217          0.421            AsCollection
[0, 877, 229]        627          0.636            Concatenate
[0, 877, 230]        731          0.545            Concatenate
[0, 877, 231]        731          24.268           FlatMap
[0, 877, 232]        3603         10.381           Arrange: Threshold
[0, 877, 233]        653          20.498           Threshold
[0, 877, 234]        439          0.667            AsCollection
[0, 877, 235]        435          24.162           FlatMap
[0, 877, 236]        3954         41.806           Arrange: Threshold
[0, 877, 237]        652          286.072          Threshold
[0, 877, 238]        421          7.748            AsCollection
[0, 877, 239]        273          0.368            Concatenate
[0, 877, 240]        275          0.295            Concatenate
[0, 877, 241]        314          0.335            Concatenate
[0, 877, 242]        329          0.285            Concatenate
[0, 877, 243]        431          0.436            Concatenate
[0, 877, 244]        431          0.353            Concatenate
[0, 877, 245]        431          6.890            FlatMap
[0, 877, 246]        3709         2.638            Arrange: Threshold
[0, 877, 247]        475          3.189            Threshold
[0, 877, 248]        233          0.272            AsCollection
[0, 877, 249]        187          7.838            FlatMap
[0, 877, 250]        1551         4.404            Arrange: Threshold
[0, 877, 251]        614          12.137           Threshold
[0, 877, 252]        383          0.750            AsCollection
[0, 877, 253]        487          0.772            Concatenate
[0, 877, 254]        1171         1.283            Concatenate
[0, 877, 255]        1505         1.369            Concatenate
[0, 877, 256]        1669         1.778            Concatenate
[0, 877, 257]        1909         1.667            Concatenate
[0, 877, 258]        2322         1.780            Concatenate
[0, 877, 259]        2361         1.698            Concatenate
[0, 877, 260]        2474         1.664            Concatenate
[0, 877, 261]        2474         137.626          FlatMap
[0, 877, 262]        16473        266.432          Arrange: Threshold
[0, 877, 263]        667          1301.217         Threshold
[0, 877, 264]        455          14.462           AsCollection
[0, 877, 265]        207          0.232            ResultsIn
[0, 877, 266]        421          2.318            ResultsIn
[0, 877, 267]        359          0.332            ResultsIn
[0, 877, 268]        75           0.096            ResultsIn
[0, 877, 269]        217          0.236            ResultsIn
[0, 877, 270]        449          1.750            ResultsIn
[0, 877, 271]        313          0.272            ResultsIn
[0, 877, 272]        331          0.325            ResultsIn
[0, 878]             621          0.461            Leave
[0, 879]             1626         1.601            Leave
[0, 880]             889          0.648            Leave
[0, 881]             638          0.498            Leave
[0, 882]             1207         0.663            Leave
[0, 883]             2200         2.754            Leave
[0, 884]             1012         0.582            Leave
[0, 885]             579          0.349            Leave
[0, 886]             23           0.505            FlatMap
[0, 887]             53           1.119            Arrange: Threshold
[0, 888]             4            2.033            Threshold
[0, 889]             3            0.118            AsCollection
[0, 890]             3            0.048            FlatMap
[0, 891]             3            0.045            FlatMap
[0, 892]             3            0.088            FlatMap
[0, 893]             12           0.008            Consolidate
[0, 894]             1            0.001            AsCollection
[0, 895]             2            0.005            InspectBatch
[0, 896]             2            0.001            Probe
[0, 897]             3            0.062            FlatMap
[0, 898]             4            0.098            Arrange: Threshold
[0, 899]             4            0.427            Threshold
[0, 900]             3            0.032            AsCollection
[0, 901]             3            0.017            FlatMap
[0, 902]             3            0.018            FlatMap
[0, 903]             3            0.043            FlatMap
[0, 904]             5            0.009            Consolidate
[0, 905]             1            0.001            AsCollection
[0, 906]             2            0.003            InspectBatch
[0, 907]             2            0.002            Probe
[0, 908]             3            0.036            FlatMap
[0, 909]             8            0.025            Arrange: Threshold
[0, 910]             4            0.087            Threshold
[0, 911]             3            0.007            AsCollection
[0, 912]             3            0.007            FlatMap
[0, 913]             3            0.005            FlatMap
[0, 914]             3            0.033            FlatMap
[0, 915]             7            0.014            Consolidate
[0, 916]             1            0.001            AsCollection
[0, 917]             2            0.003            InspectBatch
[0, 918]             2            0.002            Probe
[0, 919]             19           0.265            FlatMap
[0, 920]             49           0.059            Arrange: Threshold
[0, 921]             4            0.103            Threshold
[0, 922]             3            0.008            AsCollection
[0, 923]             3            0.010            FlatMap
[0, 924]             3            0.006            FlatMap
[0, 925]             3            0.043            FlatMap
[0, 926]             6            0.009            Consolidate
[0, 927]             1            0.001            AsCollection
[0, 928]             2            0.002            InspectBatch
[0, 929]             2            0.001            Probe
[0, 930]             3            0.050            FlatMap
[0, 931]             6            0.023            Arrange: Threshold
[0, 932]             4            0.100            Threshold
[0, 933]             3            0.012            AsCollection
[0, 934]             3            0.006            FlatMap
[0, 935]             3            0.006            FlatMap
[0, 936]             3            0.037            FlatMap
[0, 937]             4            0.005            Consolidate
[0, 938]             1            0.001            AsCollection
[0, 939]             2            0.003            InspectBatch
[0, 940]             2            0.001            Probe
[0, 941]             21           0.361            FlatMap
[0, 942]             48           0.070            Arrange: Threshold
[0, 943]             4            0.101            Threshold
[0, 944]             3            0.008            AsCollection
[0, 945]             3            0.006            FlatMap
[0, 946]             3            0.005            FlatMap
[0, 947]             3            0.054            FlatMap
[0, 948]             6            0.008            Consolidate
[0, 949]             1            0.001            AsCollection
[0, 950]             2            0.003            InspectBatch
[0, 951]             2            0.001            Probe
[0, 952]             5            0.081            FlatMap
[0, 953]             12           0.056            Arrange: Threshold
[0, 954]             4            0.188            Threshold
[0, 955]             3            0.014            AsCollection
[0, 956]             3            0.008            FlatMap
[0, 957]             3            0.008            FlatMap
[0, 958]             3            0.032            FlatMap
[0, 959]             7            0.008            Consolidate
[0, 960]             1            0.001            AsCollection
[0, 961]             2            0.003            InspectBatch
[0, 962]             2            0.001            Probe
[0, 963]             3            0.058            FlatMap
[0, 964]             7            0.061            Arrange: Threshold
[0, 965]             4            0.203            Threshold
[0, 966]             3            0.015            AsCollection
[0, 967]             3            0.010            FlatMap
[0, 968]             3            0.008            FlatMap
[0, 969]             3            0.026            FlatMap
[0, 970]             6            0.007            Consolidate
[0, 971]             1            0.000            AsCollection
[0, 972]             2            0.003            InspectBatch
[0, 973]             2            0.001            Probe
[0, 974]             3            0.049            FlatMap
[0, 975]             7            0.044            Arrange: Threshold
[0, 976]             4            0.189            Threshold
[0, 977]             3            0.014            AsCollection
[0, 978]             3            0.007            FlatMap
[0, 979]             3            0.007            FlatMap
[0, 980]             3            0.031            FlatMap
[0, 981]             8            0.006            Consolidate
[0, 982]             1            0.001            AsCollection
[0, 983]             2            0.003            InspectBatch
[0, 984]             2            0.001            Probe
[0, 985]             1            0.001            FlatMap
[0, 986]             2            0.005            Arrange: Threshold
[0, 987]             2            0.006            Threshold
[0, 988]             1            0.001            AsCollection
[0, 989]             1            0.001            FlatMap
[0, 990]             1            0.001            FlatMap
[0, 991]             1            0.000            FlatMap
[0, 992]             3            0.004            Consolidate
[0, 993]             1            0.001            AsCollection
[0, 994]             2            0.003            InspectBatch
[0, 995]             2            0.001            Probe
[0, 996]             3            0.029            FlatMap
[0, 997]             4            0.015            Arrange: Threshold
[0, 998]             4            0.025            Threshold
[0, 999]             3            0.005            AsCollection
[0, 1000]            3            0.004            FlatMap
[0, 1001]            3            0.005            FlatMap
[0, 1002]            3            0.021            FlatMap
[0, 1003]            6            0.008            Consolidate
[0, 1004]            1            0.001            AsCollection
[0, 1005]            2            0.002            InspectBatch
[0, 1006]            2            0.001            Probe
[0, 1007]            75           1.169            FlatMap
[0, 1008]            888          0.577            Arrange: Threshold
[0, 1009]            4            0.061            Threshold
[0, 1010]            3            0.006            AsCollection
[0, 1011]            3            0.006            FlatMap
[0, 1012]            3            0.008            FlatMap
[0, 1013]            3            0.027            FlatMap
[0, 1014]            4            0.006            Consolidate
[0, 1015]            1            0.001            AsCollection
[0, 1016]            2            0.004            InspectBatch
[0, 1017]            2            0.001            Probe
[0, 1018]            331          5.658            FlatMap
[0, 1019]            1726         1.174            Arrange: Threshold
[0, 1020]            4            0.373            Threshold
[0, 1021]            3            0.030            AsCollection
[0, 1022]            3            0.015            FlatMap
[0, 1023]            3            0.013            FlatMap
[0, 1024]            3            0.087            FlatMap
[0, 1025]            4            0.004            Consolidate
[0, 1026]            1            0.000            AsCollection
[0, 1027]            2            0.002            InspectBatch
[0, 1028]            2            0.001            Probe
[0, 1029]            449          18.144           FlatMap
[0, 1030]            3289         107.774          Arrange: Threshold
[0, 1031]            4            119.596          Threshold
[0, 1032]            3            7.099            AsCollection
[0, 1033]            3            12.884           FlatMap
[0, 1034]            3            3.007            FlatMap
[0, 1035]            3            4.128            FlatMap
[0, 1036]            4            0.009            Consolidate
[0, 1037]            1            0.001            AsCollection
[0, 1038]            2            0.002            InspectBatch
[0, 1039]            2            0.042            Probe
[0, 1040]            421          12.355           FlatMap
[0, 1041]            2579         41.296           Arrange: Threshold
[0, 1042]            4            49.885           Threshold
[0, 1043]            3            4.378            AsCollection
[0, 1044]            3            1.820            FlatMap
[0, 1045]            3            1.031            FlatMap
[0, 1046]            3            1.637            FlatMap
[0, 1047]            47           0.010            Consolidate
[0, 1048]            1            0.001            AsCollection
[0, 1049]            2            0.002            InspectBatch
[0, 1050]            2            0.001            Probe
[0, 1051]            217          4.458            FlatMap
[0, 1052]            1439         0.765            Arrange: Threshold
[0, 1053]            4            0.211            Threshold
[0, 1054]            3            0.014            AsCollection
[0, 1055]            3            0.010            FlatMap
[0, 1056]            3            0.006            FlatMap
[0, 1057]            3            0.044            FlatMap
[0, 1058]            48           0.012            Consolidate
[0, 1059]            1            0.001            AsCollection
[0, 1060]            2            0.002            InspectBatch
[0, 1061]            2            0.000            Probe
[0, 1062]            313          6.554            FlatMap
[0, 1063]            1201         0.916            Arrange: Threshold
[0, 1064]            4            0.355            Threshold
[0, 1065]            3            0.016            AsCollection
[0, 1066]            3            0.011            FlatMap
[0, 1067]            3            0.034            FlatMap
[0, 1068]            3            0.062            FlatMap
[0, 1069]            49           0.010            Consolidate
[0, 1070]            1            0.000            AsCollection
[0, 1071]            2            0.004            InspectBatch
[0, 1072]            2            0.045            Probe
[0, 1073]            359          7.178            FlatMap
[0, 1074]            1523         1.344            Arrange: Threshold
[0, 1075]            4            0.867            Threshold
[0, 1076]            3            0.056            AsCollection
[0, 1077]            3            0.036            FlatMap
[0, 1078]            3            0.027            FlatMap
[0, 1079]            3            0.101            FlatMap
[0, 1080]            49           0.011            Consolidate
[0, 1081]            1            0.001            AsCollection
[0, 1082]            2            0.002            InspectBatch
[0, 1083]            2            0.001            Probe
[0, 1084]            207          4.158            FlatMap
[0, 1085]            1092         0.683            Arrange: Threshold
[0, 1086]            4            0.087            Threshold
[0, 1087]            3            0.005            AsCollection
[0, 1088]            3            0.004            FlatMap
[0, 1089]            3            0.052            FlatMap
[0, 1090]            3            0.133            FlatMap
[0, 1091]            52           0.045            Consolidate
[0, 1092]            1            0.001            AsCollection
[0, 1093]            2            0.055            InspectBatch
[0, 1094]            2            0.000            Probe
