addr                 activations  total_active_ms  name
[0]                  330453       8362.613         Dataflow
[0, 1]               1            0.001            Input
[0, 2]               2            0.147            FlatMap
[0, 3]               7            0.079            Arrange: Threshold
[0, 4]               4            0.048            Threshold
[0, 5]               3            0.007            AsCollection
[0, 6]               1            0.000            Input
[0, 7]               2            0.146            FlatMap
[0, 8]               7            0.055            Arrange: Threshold
[0, 9]               4            0.029            Threshold
[0, 10]              3            0.009            AsCollection
[0, 11]              1            0.000            Input
[0, 12]              1            0.001            FlatMap
[0, 13]              3            0.010            Arrange: Threshold
[0, 14]              2            0.008            Threshold
[0, 15]              1            0.001            AsCollection
[0, 16]              1            0.000            Input
[0, 17]              2            0.198            FlatMap
[0, 18]              7            0.204            Arrange: Threshold
[0, 19]              4            0.232            Threshold
[0, 20]              3            0.018            AsCollection
[0, 21]              1            0.000            Input
[0, 22]              2            0.124            FlatMap
[0, 23]              9            0.058            Arrange: Threshold
[0, 24]              4            0.030            Threshold
[0, 25]              3            0.005            AsCollection
[0, 26]              1            0.000            Input
[0, 27]              2            0.188            FlatMap
[0, 28]              8            0.274            Arrange: Threshold
[0, 29]              4            0.405            Threshold
[0, 30]              3            0.027            AsCollection
[0, 31]              1            0.000            Input
[0, 32]              2            0.249            FlatMap
[0, 33]              8            0.319            Arrange: Threshold
[0, 34]              4            0.357            Threshold
[0, 35]              3            0.044            AsCollection
[0, 36]              1            0.000            Input
[0, 37]              2            0.174            FlatMap
[0, 38]              9            0.269            Arrange: Threshold
[0, 39]              4            0.416            Threshold
[0, 40]              3            0.047            AsCollection
[0, 41]              1            0.000            Input
[0, 42]              2            0.632            FlatMap
[0, 43]              8            2.064            Arrange: Threshold
[0, 44]              4            2.810            Threshold
[0, 45]              3            0.210            AsCollection
[0, 46]              1            0.000            Input
[0, 47]              2            0.139            FlatMap
[0, 48]              9            0.184            Arrange: Threshold
[0, 49]              4            0.225            Threshold
[0, 50]              3            0.036            AsCollection
[0, 51]              1            0.000            Input
[0, 52]              2            0.171            FlatMap
[0, 53]              7            0.066            Arrange: Threshold
[0, 54]              4            0.049            Threshold
[0, 55]              3            0.006            AsCollection
[0, 56]              1            0.000            Input
[0, 57]              2            0.139            FlatMap
[0, 58]              7            0.044            Arrange: Threshold
[0, 59]              4            0.016            Threshold
[0, 60]              3            0.004            AsCollection
[0, 61]              1            0.000            Input
[0, 62]              2            0.078            FlatMap
[0, 63]              7            0.025            Arrange: Threshold
[0, 64]              4            0.026            Threshold
[0, 65]              3            0.004            AsCollection
[0, 66]              1            0.000            Input
[0, 67]              2            0.171            FlatMap
[0, 68]              7            0.047            Arrange: Threshold
[0, 69]              4            0.032            Threshold
[0, 70]              3            0.005            AsCollection
[0, 71]              1            0.000            Input
[0, 72]              2            0.247            FlatMap
[0, 73]              7            0.091            Arrange: Threshold
[0, 74]              4            0.120            Threshold
[0, 75]              3            0.012            AsCollection
[0, 76]              1            0.000            Input
[0, 77]              2            0.398            FlatMap
[0, 78]              8            0.102            Arrange: Threshold
[0, 79]              4            0.159            Threshold
[0, 80]              3            0.011            AsCollection
[0, 81]              1            0.000            Input
[0, 82]              2            0.372            FlatMap
[0, 83]              7            0.297            Arrange: Threshold
[0, 84]              4            0.337            Threshold
[0, 85]              3            0.042            AsCollection
[0, 86]              1            0.000            Input
[0, 87]              2            0.334            FlatMap
[0, 88]              7            0.752            Arrange: Threshold
[0, 89]              4            0.997            Threshold
[0, 90]              3            0.106            AsCollection
[0, 91]              1            0.000            Input
[0, 92]              2            0.102            FlatMap
[0, 93]              7            0.115            Arrange: Threshold
[0, 94]              4            0.125            Threshold
[0, 95]              3            0.021            AsCollection
[0, 96]              1            0.000            Input
[0, 97]              2            0.412            FlatMap
[0, 98]              7            0.257            Arrange: Threshold
[0, 99]              4            0.138            Threshold
[0, 100]             3            0.013            AsCollection
[0, 101]             1            0.000            Input
[0, 102]             2            0.191            FlatMap
[0, 103]             7            0.097            Arrange: Threshold
[0, 104]             4            0.125            Threshold
[0, 105]             3            0.013            AsCollection
[0, 106]             1            0.000            Input
[0, 107]             2            0.269            FlatMap
[0, 108]             7            0.179            Arrange: Threshold
[0, 109]             4            0.192            Threshold
[0, 110]             3            0.031            AsCollection
[0, 111]             1            0.000            Input
[0, 112]             2            0.285            FlatMap
[0, 113]             7            0.431            Arrange: Threshold
[0, 114]             4            0.552            Threshold
[0, 115]             3            0.115            AsCollection
[0, 116]             1            0.000            Input
[0, 117]             2            0.271            FlatMap
[0, 118]             7            0.211            Arrange: Threshold
[0, 119]             4            0.296            Threshold
[0, 120]             3            0.035            AsCollection
[0, 121]             1            0.000            Input
[0, 122]             2            0.262            FlatMap
[0, 123]             10           0.152            Arrange: Threshold
[0, 124]             4            0.232            Threshold
[0, 125]             3            0.036            AsCollection
[0, 126]             1            0.000            Input
[0, 127]             2            0.184            FlatMap
[0, 128]             8            0.132            Arrange: Threshold
[0, 129]             4            0.148            Threshold
[0, 130]             3            0.032            AsCollection
[0, 131]             1            0.000            Input
[0, 132]             2            0.330            FlatMap
[0, 133]             6            0.322            Arrange: Threshold
[0, 134]             4            0.347            Threshold
[0, 135]             3            0.092            AsCollection
[0, 136]             1            0.000            Input
[0, 137]             2            0.286            FlatMap
[0, 138]             7            0.066            Arrange: Threshold
[0, 139]             4            0.065            Threshold
[0, 140]             3            0.007            AsCollection
[0, 141]             1            0.000            Input
[0, 142]             2            0.226            FlatMap
[0, 143]             7            0.096            Arrange: Threshold
[0, 144]             4            0.100            Threshold
[0, 145]             3            0.012            AsCollection
[0, 146]             1            0.000            Input
[0, 147]             2            0.259            FlatMap
[0, 148]             7            0.136            Arrange: Threshold
[0, 149]             4            0.173            Threshold
[0, 150]             3            0.028            AsCollection
[0, 151]             1            0.000            Input
[0, 152]             2            0.257            FlatMap
[0, 153]             7            0.081            Arrange: Threshold
[0, 154]             4            0.076            Threshold
[0, 155]             3            0.010            AsCollection
[0, 156]             1            0.000            Input
[0, 157]             2            0.248            FlatMap
[0, 158]             8            0.145            Arrange: Threshold
[0, 159]             4            0.192            Threshold
[0, 160]             3            0.016            AsCollection
[0, 161]             3            0.010            FlatMap
[0, 162]             3            0.006            FlatMap
[0, 163]             3            0.016            FlatMap
[0, 164]             3            0.016            FlatMap
[0, 165]             3            0.006            FlatMap
[0, 166]             3            0.005            FlatMap
[0, 167]             3            0.006            FlatMap
[0, 168]             3            0.011            FlatMap
[0, 169]             3            0.010            FlatMap
[0, 170]             3            0.010            FlatMap
[0, 171]             3            0.007            FlatMap
[0, 172]             3            0.007            FlatMap
[0, 173]             3            0.007            FlatMap
[0, 174]             3            0.005            FlatMap
[0, 175]             3            0.007            FlatMap
[0, 176]             3            0.005            FlatMap
[0, 177]             3            0.022            FlatMap
[0, 178]             3            0.020            FlatMap
[0, 179]             3            0.022            FlatMap
[0, 180]             3            0.020            FlatMap
[0, 181]             3            0.009            FlatMap
[0, 182]             3            0.012            FlatMap
[0, 183]             3            0.011            FlatMap
[0, 184]             3            0.015            FlatMap
[0, 185]             3            0.017            FlatMap
[0, 186]             3            0.011            FlatMap
[0, 187]             3            0.028            FlatMap
[0, 188]             3            0.027            FlatMap
[0, 189]             3            0.030            FlatMap
[0, 190]             3            0.037            FlatMap
[0, 191]             3            0.016            FlatMap
[0, 192]             3            0.015            FlatMap
[0, 193]             3            0.015            FlatMap
[0, 194]             3            0.009            FlatMap
[0, 195]             3            0.008            FlatMap
[0, 196]             3            0.009            FlatMap
[0, 197]             3            0.006            FlatMap
[0, 198]             3            0.012            FlatMap
[0, 199]             3            0.009            FlatMap
[0, 200]             3            0.010            FlatMap
[0, 201]             3            0.008            FlatMap
[0, 202]             3            0.051            FlatMap
[0, 203]             3            0.048            FlatMap
[0, 204]             3            0.051            FlatMap
[0, 205]             3            0.019            FlatMap
[0, 206]             3            0.018            FlatMap
[0, 207]             3            0.018            FlatMap
[0, 208]             3            0.008            FlatMap
[0, 209]             3            0.006            FlatMap
[0, 210]             3            0.006            FlatMap
[0, 211]             3            0.006            FlatMap
[0, 212]             3            0.004            FlatMap
[0, 213]             3            0.009            FlatMap
[0, 214]             3            0.027            FlatMap
[0, 215]             15           0.058            Arrange: Threshold
[0, 216]             4            0.140            Threshold
[0, 217]             3            0.013            AsCollection
[0, 218]             5            0.007            Concatenate
[0, 219]             6            0.004            Concatenate
[0, 220]             6            0.004            Concatenate
[0, 221]             6            0.042            FlatMap
[0, 222]             61           0.036            Arrange: Threshold
[0, 223]             4            0.054            Threshold
[0, 224]             3            0.005            AsCollection
[0, 225]             3            0.075            FlatMap
[0, 226]             17           0.279            Arrange: Threshold
[0, 227]             4            0.333            Threshold
[0, 228]             3            0.023            AsCollection
[0, 229]             3            0.080            FlatMap
[0, 230]             17           0.121            Arrange: Threshold
[0, 231]             4            0.141            Threshold
[0, 232]             3            0.011            AsCollection
[0, 233]             3            0.018            FlatMap
[0, 234]             49           0.018            Arrange: Threshold
[0, 235]             4            0.014            Threshold
[0, 236]             3            0.003            AsCollection
[0, 237]             3            0.081            FlatMap
[0, 238]             18           0.102            Arrange: Threshold
[0, 239]             4            0.133            Threshold
[0, 240]             3            0.019            AsCollection
[0, 241]             3            0.011            FlatMap
[0, 242]             15           0.015            Arrange: Threshold
[0, 243]             4            0.047            Threshold
[0, 244]             3            0.007            AsCollection
[0, 245]             3            0.064            FlatMap
[0, 246]             18           0.080            Arrange: Threshold
[0, 247]             4            0.070            Threshold
[0, 248]             3            0.008            AsCollection
[0, 249]             3            0.097            FlatMap
[0, 250]             19           0.129            Arrange: Threshold
[0, 251]             4            0.215            Threshold
[0, 252]             3            0.014            AsCollection
[0, 253]             3            0.205            FlatMap
[0, 254]             19           0.717            Arrange: Threshold
[0, 255]             4            0.953            Threshold
[0, 256]             3            0.085            AsCollection
[0, 257]             3            0.027            FlatMap
[0, 258]             50           0.023            Arrange: Threshold
[0, 259]             4            0.036            Threshold
[0, 260]             3            0.011            AsCollection
[0, 261]             3            0.089            FlatMap
[0, 262]             21           0.117            Arrange: Threshold
[0, 263]             4            0.127            Threshold
[0, 264]             3            0.010            AsCollection
[0, 265]             3            0.008            Concatenate
[0, 266]             3            0.004            Concatenate
[0, 267]             3            0.166            FlatMap
[0, 268]             21           0.618            Arrange: Threshold
[0, 269]             4            0.739            Threshold
[0, 270]             3            0.077            AsCollection
[0, 271]             3            0.093            FlatMap
[0, 272]             22           0.108            Arrange: Threshold
[0, 273]             4            0.121            Threshold
[0, 274]             3            0.009            AsCollection
[0, 275]             3            0.034            FlatMap
[0, 276]             20           0.038            Arrange: Threshold
[0, 277]             4            0.023            Threshold
[0, 278]             3            0.004            AsCollection
[0, 279]             3            0.117            FlatMap
[0, 280]             22           0.122            Arrange: Threshold
[0, 281]             4            0.133            Threshold
[0, 282]             3            0.012            AsCollection
[0, 283]             3            0.134            FlatMap
[0, 284]             22           0.325            Arrange: Threshold
[0, 285]             4            0.399            Threshold
[0, 286]             3            0.034            AsCollection
[0, 287]             3            0.114            FlatMap
[0, 288]             22           0.146            Arrange: Threshold
[0, 289]             4            0.122            Threshold
[0, 290]             3            0.011            AsCollection
[0, 291]             3            0.004            Concatenate
[0, 292]             3            0.006            Concatenate
[0, 293]             3            0.005            Concatenate
[0, 294]             3            0.200            FlatMap
[0, 295]             21           0.429            Arrange: Threshold
[0, 296]             4            0.490            Threshold
[0, 297]             3            0.054            AsCollection
[0, 298]             3            0.139            FlatMap
[0, 299]             22           0.179            Arrange: Threshold
[0, 300]             4            0.210            Threshold
[0, 301]             3            0.031            AsCollection
[0, 302]             3            0.006            Concatenate
[0, 303]             3            0.005            Concatenate
[0, 304]             3            0.315            FlatMap
[0, 305]             20           0.982            Arrange: Threshold
[0, 306]             4            1.203            Threshold
[0, 307]             3            0.106            AsCollection
[0, 308]             3            0.146            FlatMap
[0, 309]             24           0.448            Arrange: Threshold
[0, 310]             4            0.359            Threshold
[0, 311]             3            0.028            AsCollection
[0, 312]             3            0.159            FlatMap
[0, 313]             26           0.104            Arrange: Threshold
[0, 314]             4            0.058            Threshold
[0, 315]             3            0.007            AsCollection
[0, 316]             3            0.019            FlatMap
[0, 317]             49           0.031            Arrange: Threshold
[0, 318]             4            0.022            Threshold
[0, 319]             3            0.008            AsCollection
[0, 320]             3            0.004            Concatenate
[0, 321]             3            0.004            Concatenate
[0, 322]             3            0.005            Concatenate
[0, 323]             3            0.004            Concatenate
[0, 324]             3            0.005            Concatenate
[0, 325]             3            0.016            Concatenate
[0, 326]             3            0.006            Concatenate
[0, 327]             3            0.008            Concatenate
[0, 328]             3            0.012            Concatenate
[0, 329]             3            0.007            Concatenate
[0, 330]             3            0.009            Concatenate
[0, 331]             3            0.016            Concatenate
[0, 332]             3            0.632            FlatMap
[0, 333]             26           2.431            Arrange: Threshold
[0, 334]             4            3.034            Threshold
[0, 335]             3            0.394            AsCollection
[0, 336]             3            0.082            FlatMap
[0, 337]             36           0.256            Arrange: Threshold
[0, 338]             4            0.310            Threshold
[0, 339]             3            0.022            AsCollection
[0, 340]             3            0.147            FlatMap
[0, 341]             40           0.121            Arrange: Threshold
[0, 342]             4            0.111            Threshold
[0, 343]             3            0.011            AsCollection
[0, 344]             3            0.166            FlatMap
[0, 345]             39           0.068            Arrange: Threshold
[0, 346]             4            0.035            Threshold
[0, 347]             3            0.004            AsCollection
[0, 348]             3            0.004            Concatenate
[0, 349]             5            0.005            Concatenate
[0, 350]             6            0.006            Concatenate
[0, 351]             6            0.007            Concatenate
[0, 352]             6            0.270            FlatMap
[0, 353]             88           0.108            Arrange: Threshold
[0, 354]             4            0.042            Threshold
[0, 355]             3            0.006            AsCollection
[0, 356]             3            0.205            FlatMap
[0, 357]             42           0.126            Arrange: Threshold
[0, 358]             4            0.140            Threshold
[0, 359]             3            0.012            AsCollection
[0, 360]             3            0.216            FlatMap
[0, 361]             46           0.181            Arrange: Threshold
[0, 362]             4            0.237            Threshold
[0, 363]             3            0.033            AsCollection
[0, 364]             3            0.199            FlatMap
[0, 365]             43           0.178            Arrange: Threshold
[0, 366]             4            0.181            Threshold
[0, 367]             3            0.016            AsCollection
[0, 368]             3            0.260            FlatMap
[0, 369]             41           0.324            Arrange: Threshold
[0, 370]             4            0.432            Threshold
[0, 371]             3            0.029            AsCollection
[0, 372]             3            0.188            FlatMap
[0, 373]             46           0.096            Arrange: Threshold
[0, 374]             4            0.093            Threshold
[0, 375]             3            0.008            AsCollection
[0, 376]             3            0.004            FlatMap
[0, 377]             1            0.001            FlatMap
[0, 378]             3            0.011            ArrangeBySelf
[0, 379]             3            0.004            FlatMap
[0, 380]             1            0.000            FlatMap
[0, 381]             3            0.004            ArrangeBySelf
[0, 382]             2            0.009            Join
[0, 383]             3            0.010            ArrangeByKey
[0, 384]             3            0.020            FlatMap
[0, 385]             45           0.024            ArrangeByKey
[0, 386]             3            0.011            Join
[0, 387]             3            0.004            FlatMap
[0, 388]             1            0.001            FlatMap
[0, 389]             3            0.004            ArrangeBySelf
[0, 390]             3            0.003            FlatMap
[0, 391]             1            0.001            FlatMap
[0, 392]             3            0.004            ArrangeBySelf
[0, 393]             2            0.008            Join
[0, 394]             3            0.005            ArrangeByKey
[0, 395]             3            0.007            Join
[0, 396]             3            0.003            FlatMap
[0, 397]             3            0.005            ArrangeByKey
[0, 398]             2            0.005            Join
[0, 399]             3            0.016            FlatMap
[0, 400]             45           0.016            ArrangeByKey
[0, 401]             2            0.006            Join
[0, 402]             3            0.005            FlatMap
[0, 403]             3            0.009            FlatMap
[0, 404]             3            0.004            FlatMap
[0, 405]             3            0.006            FlatMap
[0, 406]             3            0.010            FlatMap
[0, 407]             1            0.000            FlatMap
[0, 408]             8            0.009            ArrangeBySelf
[0, 409]             3            0.019            FlatMap
[0, 410]             3            0.049            FlatMap
[0, 411]             56           0.106            ArrangeBySelf
[0, 412]             3            0.007            FlatMap
[0, 413]             1            0.000            FlatMap
[0, 414]             24           0.019            ArrangeBySelf
[0, 415]             3            0.010            FlatMap
[0, 416]             3            0.020            FlatMap
[0, 417]             51           0.034            ArrangeBySelf
[0, 418]             3            0.068            FlatMap
[0, 419]             20           0.238            ArrangeByKey
[0, 420]             1            0.001            FlatMap
[0, 421]             1            0.000            FlatMap
[0, 422]             3            0.007            ArrangeBySelf
[0, 423]             5            0.024            Join
[0, 424]             3            0.010            ArrangeByKey
[0, 425]             3            0.011            Join
[0, 426]             3            0.007            ArrangeByKey
[0, 427]             5            0.018            Join
[0, 428]             1            0.000            FlatMap
[0, 429]             13           0.008            ArrangeBySelf
[0, 430]             5            0.019            Join
[0, 431]             1            0.000            FlatMap
[0, 432]             13           0.006            ArrangeBySelf
[0, 433]             5            0.015            Join
[0, 434]             1            0.000            FlatMap
[0, 435]             13           0.006            ArrangeBySelf
[0, 436]             3            0.011            Join
[0, 437]             3            0.011            ArrangeByKey
[0, 438]             3            0.008            Join
[0, 439]             1            0.001            FlatMap
[0, 440]             3            0.006            ArrangeBySelf
[0, 441]             3            0.007            Join
[0, 442]             1            0.001            FlatMap
[0, 443]             3            0.004            ArrangeBySelf
[0, 444]             3            0.009            Join
[0, 445]             3            0.005            ArrangeByKey
[0, 446]             2            0.006            Join
[0, 447]             1            0.000            FlatMap
[0, 448]             12           0.007            ArrangeBySelf
[0, 449]             3            0.009            Join
[0, 450]             3            0.011            FlatMap
[0, 451]             3            0.023            FlatMap
[0, 452]             57           0.035            ArrangeBySelf
[0, 453]             3            0.059            FlatMap
[0, 454]             20           0.165            ArrangeByKey
[0, 455]             3            0.227            FlatMap
[0, 456]             44           0.185            ArrangeByKey
[0, 457]             3            0.061            FlatMap
[0, 458]             22           0.175            ArrangeByKey
[0, 459]             3            0.037            AsCollection
[0, 460]             3            0.087            FlatMap
[0, 461]             5            0.169            Arrange: Threshold
[0, 462]             4            0.250            Threshold
[0, 463]             3            0.019            AsCollection
[0, 464]             6            0.034            Join
[0, 465]             3            0.072            FlatMap
[0, 466]             5            0.053            Arrange: Threshold
[0, 467]             4            0.030            Threshold
[0, 468]             3            0.007            AsCollection
[0, 469]             3            0.004            FlatMap
[0, 470]             3            0.004            Concatenate
[0, 471]             3            0.010            FlatMap
[0, 472]             3            0.033            FlatMap
[0, 473]             4            0.078            Arrange: Threshold
[0, 474]             4            0.240            Threshold
[0, 475]             3            0.105            AsCollection
[0, 476]             5            0.174            ArrangeByKey
[0, 477]             3            0.039            AsCollection
[0, 478]             3            0.067            FlatMap
[0, 479]             26           0.184            Arrange: Threshold
[0, 480]             4            0.254            Threshold
[0, 481]             3            0.020            AsCollection
[0, 482]             6            0.038            Join
[0, 483]             3            0.147            FlatMap
[0, 484]             65           0.072            Arrange: Threshold
[0, 485]             4            0.033            Threshold
[0, 486]             3            0.004            AsCollection
[0, 487]             3            0.004            FlatMap
[0, 488]             4            0.005            Concatenate
[0, 489]             4            0.010            FlatMap
[0, 490]             4            0.051            FlatMap
[0, 491]             43           0.092            Arrange: Threshold
[0, 492]             4            0.235            Threshold
[0, 493]             3            0.082            AsCollection
[0, 494]             5            0.167            ArrangeByKey
[0, 495]             3            0.037            AsCollection
[0, 496]             3            0.087            FlatMap
[0, 497]             5            0.168            Arrange: Threshold
[0, 498]             4            0.329            Threshold
[0, 499]             3            0.024            AsCollection
[0, 500]             6            0.043            Join
[0, 501]             3            0.070            FlatMap
[0, 502]             5            0.068            Arrange: Threshold
[0, 503]             4            0.043            Threshold
[0, 504]             3            0.005            AsCollection
[0, 505]             3            0.004            FlatMap
[0, 506]             3            0.003            Concatenate
[0, 507]             3            0.014            FlatMap
[0, 508]             3            0.065            FlatMap
[0, 509]             4            0.069            Arrange: Threshold
[0, 510]             4            0.242            Threshold
[0, 511]             3            0.084            AsCollection
[0, 512]             5            0.201            ArrangeByKey
[0, 513]             7            0.188            Join
[0, 514]             18           0.087            ArrangeByKey
[0, 515]             6            0.206            Join
[0, 516]             3            0.032            FlatMap
[0, 517]             3            0.065            FlatMap
[0, 518]             20           0.170            ArrangeBySelf
[0, 519]             3            0.147            FlatMap
[0, 520]             27           0.483            ArrangeByKey
[0, 521]             6            0.429            Join
[0, 522]             5            0.282            ArrangeByKey
[0, 523]             3            0.027            FlatMap
[0, 524]             3            0.061            FlatMap
[0, 525]             28           0.141            ArrangeBySelf
[0, 526]             3            0.240            FlatMap
[0, 527]             46           0.199            ArrangeByKey
[0, 528]             6            0.147            Join
[0, 529]             4            0.091            ArrangeByKey
[0, 530]             7            0.165            Join
[0, 531]             4            0.078            ArrangeByKey
[0, 532]             6            0.188            Join
[0, 533]             3            0.020            FlatMap
[0, 534]             3            0.251            FlatMap
[0, 535]             49           0.163            ArrangeBySelf
[0, 536]             3            0.076            FlatMap
[0, 537]             30           0.176            ArrangeByKey
[0, 538]             7            0.143            Join
[0, 539]             5            0.088            ArrangeByKey
[0, 540]             7            0.148            Join
[0, 541]             4            0.063            ArrangeByKey
[0, 542]             6            0.164            Join
[0, 543]             3            0.007            FlatMap
[0, 544]             3            0.017            FlatMap
[0, 545]             23           0.029            ArrangeBySelf
[0, 546]             3            0.380            FlatMap
[0, 547]             26           2.069            ArrangeByKey
[0, 548]             3            0.118            FlatMap
[0, 549]             28           0.520            ArrangeByKey
[0, 550]             6            0.122            Join
[0, 551]             34           0.048            ArrangeByKey
[0, 552]             6            0.093            Join
[0, 553]             4            0.038            ArrangeByKey
[0, 554]             6            0.086            Join
[0, 555]             3            0.362            FlatMap
[0, 556]             26           2.004            ArrangeByKey
[0, 557]             3            0.066            FlatMap
[0, 558]             29           0.124            ArrangeByKey
[0, 559]             6            0.174            Join
[0, 560]             3            0.072            FlatMap
[0, 561]             29           0.230            ArrangeByKey
[0, 562]             6            0.215            Join
[0, 563]             4            0.111            ArrangeByKey
[0, 564]             3            0.174            FlatMap
[0, 565]             27           0.881            ArrangeByKey
[0, 566]             6            0.229            Join
[0, 567]             3            0.161            FlatMap
[0, 568]             33           0.884            ArrangeByKey
[0, 569]             6            0.851            Join
[0, 570]             18           0.457            ArrangeByKey
[0, 571]             3            0.132            FlatMap
[0, 572]             34           0.585            ArrangeByKey
[0, 573]             6            0.673            Join
[0, 574]             3            0.063            FlatMap
[0, 575]             37           0.102            ArrangeByKey
[0, 576]             6            0.091            Join
[0, 577]             57           0.048            ArrangeByKey
[0, 578]             6            0.094            Join
[0, 579]             9            0.043            ArrangeByKey
[0, 580]             3            0.055            FlatMap
[0, 581]             39           0.103            ArrangeByKey
[0, 582]             7            0.120            Join
[0, 583]             3            0.058            FlatMap
[0, 584]             40           0.117            ArrangeByKey
[0, 585]             6            0.120            Join
[0, 586]             59           0.057            ArrangeByKey
[0, 587]             3            0.052            FlatMap
[0, 588]             41           0.117            ArrangeByKey
[0, 589]             6            0.125            Join
[0, 590]             3            0.042            FlatMap
[0, 591]             40           0.082            ArrangeByKey
[0, 592]             6            0.060            Join
[0, 593]             58           0.028            ArrangeByKey
[0, 594]             3            0.054            FlatMap
[0, 595]             41           0.077            ArrangeByKey
[0, 596]             6            0.053            Join
[0, 597]             3            0.041            FlatMap
[0, 598]             45           0.072            ArrangeByKey
[0, 599]             6            0.050            Join
[0, 600]             60           0.019            ArrangeByKey
[0, 601]             3            0.106            FlatMap
[0, 602]             41           0.429            ArrangeByKey
[0, 603]             6            0.048            Join
[0, 604]             6            0.368            Join
[0, 605]             42           0.234            ArrangeByKey
[0, 606]             3            0.045            FlatMap
[0, 607]             47           0.089            ArrangeByKey
[0, 608]             6            0.091            Join
[0, 609]             3            0.054            FlatMap
[0, 610]             47           0.118            ArrangeByKey
[0, 611]             6            0.114            Join
[0, 612]             29           0.035            ArrangeByKey
[0, 613]             3            0.047            FlatMap
[0, 614]             50           0.106            ArrangeByKey
[0, 615]             6            0.098            Join
[0, 616]             56           0.044            ArrangeByKey
[0, 617]             7            0.127            Join
[0, 618]             3            0.098            FlatMap
[0, 619]             51           0.223            ArrangeByKey
[0, 620]             7            0.269            Join
[0, 621]             35           0.119            ArrangeByKey
[0, 622]             6            0.241            Join
[0, 623]             21           0.102            ArrangeByKey
[0, 624]             3            0.080            FlatMap
[0, 625]             51           0.215            ArrangeByKey
[0, 626]             7            0.263            Join
[0, 627]             3            0.086            FlatMap
[0, 628]             27           0.228            Arrange: Threshold
[0, 629]             4            0.342            Threshold
[0, 630]             3            0.026            AsCollection
[0, 631]             3            0.066            FlatMap
[0, 632]             27           0.095            Arrange: Threshold
[0, 633]             4            0.160            Threshold
[0, 634]             3            0.011            AsCollection
[0, 635]             1            0.001            Concatenate
[0, 636]             1            0.001            Concatenate
[0, 637]             1            0.000            Concatenate
[0, 638]             3            0.004            Concatenate
[0, 639]             3            0.003            Concatenate
[0, 640]             3            0.003            Concatenate
[0, 641]             3            0.020            FlatMap
[0, 642]             65           0.221            Arrange: Threshold
[0, 643]             4            0.222            Threshold
[0, 644]             3            0.017            AsCollection
[0, 645]             3            0.051            FlatMap
[0, 646]             27           0.066            Arrange: Threshold
[0, 647]             4            0.044            Threshold
[0, 648]             3            0.006            AsCollection
[0, 649]             3            0.092            FlatMap
[0, 650]             22           0.321            Arrange: Threshold
[0, 651]             4            0.516            Threshold
[0, 652]             3            0.032            AsCollection
[0, 653]             3            0.095            FlatMap
[0, 654]             26           0.276            Arrange: Threshold
[0, 655]             4            0.398            Threshold
[0, 656]             3            0.030            AsCollection
[0, 657]             3            0.063            FlatMap
[0, 658]             28           0.123            Arrange: Threshold
[0, 659]             4            0.178            Threshold
[0, 660]             3            0.012            AsCollection
[0, 661]             3            0.089            FlatMap
[0, 662]             27           0.139            Arrange: Threshold
[0, 663]             4            0.151            Threshold
[0, 664]             3            0.010            AsCollection
[0, 665]             3            0.139            FlatMap
[0, 666]             6            0.207            Arrange: Threshold
[0, 667]             4            0.271            Threshold
[0, 668]             3            0.028            AsCollection
[0, 669]             3            0.072            FlatMap
[0, 670]             31           0.120            Arrange: Threshold
[0, 671]             4            0.163            Threshold
[0, 672]             3            0.013            AsCollection
[0, 673]             3            0.073            FlatMap
[0, 674]             28           0.141            Arrange: Threshold
[0, 675]             4            0.153            Threshold
[0, 676]             3            0.012            AsCollection
[0, 677]             1            0.000            FlatMap
[0, 678]             2            0.005            Arrange: Threshold
[0, 679]             2            0.006            Threshold
[0, 680]             1            0.001            AsCollection
[0, 681]             3            0.035            FlatMap
[0, 682]             19           0.042            Arrange: Threshold
[0, 683]             4            0.043            Threshold
[0, 684]             3            0.006            AsCollection
[0, 685]             3            0.108            FlatMap
[0, 686]             30           0.324            Arrange: Threshold
[0, 687]             4            0.498            Threshold
[0, 688]             3            0.037            AsCollection
[0, 689]             3            0.154            FlatMap
[0, 690]             25           0.690            Arrange: Threshold
[0, 691]             4            0.911            Threshold
[0, 692]             3            0.058            AsCollection
[0, 693]             3            0.052            FlatMap
[0, 694]             30           0.095            Arrange: Threshold
[0, 695]             4            0.096            Threshold
[0, 696]             3            0.011            AsCollection
[0, 697]             3            0.040            FlatMap
[0, 698]             30           0.079            Arrange: Threshold
[0, 699]             4            0.075            Threshold
[0, 700]             3            0.013            AsCollection
[0, 701]             3            0.170            FlatMap
[0, 702]             46           0.044            ArrangeByKey
[0, 703]             3            0.199            FlatMap
[0, 704]             52           0.080            ArrangeByKey
[0, 705]             1628         9.910            Iterative
[0, 705, 1]          3            0.007            FlatMap
[0, 705, 2]          3            0.005            FlatMap
[0, 705, 3]          3            0.005            Enter
[0, 705, 4]          19           0.019            Feedback
[0, 705, 5]          19           0.485            FlatMap
[0, 705, 6]          152          0.244            ArrangeByKey
[0, 705, 7]          32           0.145            Join
[0, 705, 8]          32           0.164            Join
[0, 705, 9]          11           0.014            Concatenate
[0, 705, 10]         13           0.014            Concatenate
[0, 705, 11]         13           0.215            FlatMap
[0, 705, 12]         121          0.217            Arrange: Threshold
[0, 705, 13]         31           0.276            Threshold
[0, 705, 14]         19           0.037            AsCollection
[0, 705, 15]         19           0.014            ResultsIn
[0, 706]             63           0.034            Leave
[0, 707]             1            0.001            FlatMap
[0, 708]             1            0.001            FlatMap
[0, 709]             1            0.000            FlatMap
[0, 710]             3            0.003            ArrangeBySelf
[0, 711]             3            0.088            FlatMap
[0, 712]             50           0.164            ArrangeByKey
[0, 713]             5            0.018            Join
[0, 714]             3            0.007            FlatMap
[0, 715]             3            0.005            FlatMap
[0, 716]             3            0.014            FlatMap
[0, 717]             38           0.032            ArrangeBySelf
[0, 718]             19           0.305            FlatMap
[0, 719]             91           0.163            ArrangeByKey
[0, 720]             7            0.036            Join
[0, 721]             3            0.005            FlatMap
[0, 722]             3            0.013            FlatMap
[0, 723]             39           0.017            ArrangeBySelf
[0, 724]             7            0.036            Join
[0, 725]             3            0.013            FlatMap
[0, 726]             1            0.001            FlatMap
[0, 727]             3            0.003            Arrange: Threshold
[0, 728]             2            0.006            Threshold
[0, 729]             1            0.001            AsCollection
[0, 730]             3            0.016            FlatMap
[0, 731]             7            0.040            Arrange: Threshold
[0, 732]             4            0.022            Threshold
[0, 733]             3            0.005            AsCollection
[0, 734]             3            0.003            Concatenate
[0, 735]             5            0.005            Concatenate
[0, 736]             5            0.083            FlatMap
[0, 737]             15           0.124            Arrange: Threshold
[0, 738]             4            0.260            Threshold
[0, 739]             3            0.017            AsCollection
[0, 740]             1            0.001            FlatMap
[0, 741]             3            0.016            Arrange: Threshold
[0, 742]             2            0.005            Threshold
[0, 743]             1            0.001            AsCollection
[0, 744]             3            0.030            FlatMap
[0, 745]             9            0.081            Arrange: Threshold
[0, 746]             4            0.280            Threshold
[0, 747]             3            0.020            AsCollection
[0, 748]             3            0.098            FlatMap
[0, 749]             24           0.056            ArrangeByKey
[0, 750]             1031         6.825            Iterative
[0, 750, 1]          3            0.005            Enter
[0, 750, 2]          3            0.004            FlatMap
[0, 750, 3]          19           0.018            Feedback
[0, 750, 4]          19           0.261            FlatMap
[0, 750, 5]          130          0.269            ArrangeByKey
[0, 750, 6]          27           0.218            Join
[0, 750, 7]          15           0.017            Concatenate
[0, 750, 8]          15           0.325            FlatMap
[0, 750, 9]          99           0.163            Arrange: Threshold
[0, 750, 10]         30           0.263            Threshold
[0, 750, 11]         19           0.033            AsCollection
[0, 750, 12]         19           0.013            ResultsIn
[0, 751]             100          0.040            Leave
[0, 752]             19           0.027            FlatMap
[0, 753]             21           0.016            Concatenate
[0, 754]             21           0.294            FlatMap
[0, 755]             106          0.203            Arrange: Threshold
[0, 756]             4            0.317            Threshold
[0, 757]             3            0.036            AsCollection
[0, 758]             19           0.288            FlatMap
[0, 759]             101          0.094            Arrange: Threshold
[0, 760]             4            0.071            Threshold
[0, 761]             3            0.007            AsCollection
[0, 762]             3            0.014            FlatMap
[0, 763]             3            0.089            FlatMap
[0, 764]             11           0.186            ArrangeBySelf
[0, 765]             3            0.224            FlatMap
[0, 766]             52           0.081            ArrangeByKey
[0, 767]             3            0.235            FlatMap
[0, 768]             47           0.046            ArrangeByKey
[0, 769]             3490         39.202           Iterative
[0, 769, 1]          3            0.010            FlatMap
[0, 769, 2]          3            0.040            Enter
[0, 769, 3]          3            0.007            FlatMap
[0, 769, 4]          3            0.003            FlatMap
[0, 769, 5]          25           0.027            Feedback
[0, 769, 6]          25           0.819            FlatMap
[0, 769, 7]          101          1.355            ArrangeByKey
[0, 769, 8]          37           0.823            Join
[0, 769, 9]          76           1.092            ArrangeByKey
[0, 769, 10]         21           0.197            AsCollection
[0, 769, 11]         21           0.789            FlatMap
[0, 769, 12]         69           1.124            Arrange: Threshold
[0, 769, 13]         34           2.793            Threshold
[0, 769, 14]         21           0.098            AsCollection
[0, 769, 15]         37           0.629            Join
[0, 769, 16]         11           0.164            FlatMap
[0, 769, 17]         51           0.165            Arrange: Threshold
[0, 769, 18]         26           0.203            Threshold
[0, 769, 19]         13           0.015            AsCollection
[0, 769, 20]         13           0.019            FlatMap
[0, 769, 21]         26           0.026            Concatenate
[0, 769, 22]         26           0.092            FlatMap
[0, 769, 23]         26           0.730            FlatMap
[0, 769, 24]         111          1.157            Arrange: Threshold
[0, 769, 25]         34           2.303            Threshold
[0, 769, 26]         23           0.101            AsCollection
[0, 769, 27]         37           0.385            Join
[0, 769, 28]         38           0.086            ArrangeByKey
[0, 769, 29]         7            0.011            AsCollection
[0, 769, 30]         7            0.128            FlatMap
[0, 769, 31]         61           0.106            Arrange: Threshold
[0, 769, 32]         20           0.119            Threshold
[0, 769, 33]         7            0.008            AsCollection
[0, 769, 34]         23           0.106            Join
[0, 769, 35]         5            0.059            FlatMap
[0, 769, 36]         36           0.050            Arrange: Threshold
[0, 769, 37]         20           0.094            Threshold
[0, 769, 38]         7            0.009            AsCollection
[0, 769, 39]         7            0.008            FlatMap
[0, 769, 40]         9            0.015            Concatenate
[0, 769, 41]         9            0.010            FlatMap
[0, 769, 42]         9            0.133            FlatMap
[0, 769, 43]         50           0.090            Arrange: Threshold
[0, 769, 44]         22           0.113            Threshold
[0, 769, 45]         9            0.011            AsCollection
[0, 769, 46]         30           0.024            Concatenate
[0, 769, 47]         32           0.020            Concatenate
[0, 769, 48]         32           0.375            FlatMap
[0, 769, 49]         330          0.667            Arrange: Threshold
[0, 769, 50]         36           3.254            Threshold
[0, 769, 51]         25           0.152            AsCollection
[0, 769, 52]         25           0.029            ResultsIn
[0, 770]             34           0.089            Leave
[0, 771]             3            0.005            FlatMap
[0, 772]             3            0.009            FlatMap
[0, 773]             39           0.021            ArrangeBySelf
[0, 774]             3            0.097            FlatMap
[0, 775]             37           0.033            ArrangeByKey
[0, 776]             7            0.039            Join
[0, 777]             27           0.014            ArrangeByKey
[0, 778]             3            0.115            FlatMap
[0, 779]             39           0.049            ArrangeByKey
[0, 780]             7            0.032            Join
[0, 781]             26           0.011            ArrangeByKey
[0, 782]             739          5.541            Iterative
[0, 782, 1]          3            0.007            FlatMap
[0, 782, 2]          3            0.006            FlatMap
[0, 782, 3]          3            0.012            Enter
[0, 782, 4]          3            0.004            FlatMap
[0, 782, 5]          5            0.007            Feedback
[0, 782, 6]          5            0.148            FlatMap
[0, 782, 7]          19           0.152            ArrangeByKey
[0, 782, 8]          15           0.291            Join
[0, 782, 9]          32           0.121            ArrangeByKey
[0, 782, 10]         12           0.162            Join
[0, 782, 11]         23           0.122            ArrangeByKey
[0, 782, 12]         15           0.092            Join
[0, 782, 13]         15           0.070            ArrangeByKey
[0, 782, 14]         9            0.063            Join
[0, 782, 15]         5            0.006            Concatenate
[0, 782, 16]         5            0.153            FlatMap
[0, 782, 17]         37           0.148            Arrange: Threshold
[0, 782, 18]         9            0.367            Threshold
[0, 782, 19]         5            0.039            AsCollection
[0, 782, 20]         5            0.016            ResultsIn
[0, 783]             7            0.020            Leave
[0, 784]             5            0.018            FlatMap
[0, 785]             5            0.016            FlatMap
[0, 786]             5            0.091            FlatMap
[0, 787]             14           0.196            Arrange: Threshold
[0, 788]             4            0.325            Threshold
[0, 789]             3            0.031            AsCollection
[0, 790]             5            0.055            FlatMap
[0, 791]             14           0.042            Arrange: Threshold
[0, 792]             4            0.126            Threshold
[0, 793]             3            0.010            AsCollection
[0, 794]             3            0.215            FlatMap
[0, 795]             47           0.065            ArrangeByKey
[0, 796]             3            0.040            FlatMap
[0, 797]             7            0.030            ArrangeByKey
[0, 798]             3            0.066            FlatMap
[0, 799]             11           0.131            ArrangeByKey
[0, 800]             3            0.333            FlatMap
[0, 801]             57           0.178            ArrangeByKey
[0, 802]             3            0.104            FlatMap
[0, 803]             38           0.029            ArrangeByKey
[0, 804]             3            0.015            FlatMap
[0, 805]             3            0.040            FlatMap
[0, 806]             4            0.095            ArrangeBySelf
[0, 807]             3            0.056            FlatMap
[0, 808]             12           0.085            ArrangeByKey
[0, 809]             3            0.785            FlatMap
[0, 810]             59           2.411            ArrangeByKey
[0, 811]             3            0.153            FlatMap
[0, 812]             13           0.817            ArrangeByKey
[0, 813]             3            0.093            FlatMap
[0, 814]             9            0.342            ArrangeByKey
[0, 815]             3            0.379            FlatMap
[0, 816]             31           2.362            ArrangeByKey
[0, 817]             3            0.095            FlatMap
[0, 818]             53           0.151            ArrangeByKey
[0, 819]             3            0.189            FlatMap
[0, 820]             55           0.549            ArrangeByKey
[0, 821]             3            0.111            FlatMap
[0, 822]             32           0.172            ArrangeByKey
[0, 823]             3            0.116            FlatMap
[0, 824]             58           0.345            ArrangeByKey
[0, 825]             3            0.130            FlatMap
[0, 826]             13           0.329            ArrangeByKey
[0, 827]             3            0.123            FlatMap
[0, 828]             16           0.323            ArrangeByKey
[0, 829]             25           0.865            FlatMap
[0, 830]             68           1.479            ArrangeByKey
[0, 831]             3            0.158            FlatMap
[0, 832]             70           0.296            ArrangeByKey
[0, 833]             3            0.422            FlatMap
[0, 834]             72           0.712            ArrangeByKey
[0, 835]             3            0.071            FlatMap
[0, 836]             20           0.114            ArrangeByKey
[0, 837]             3            0.119            FlatMap
[0, 838]             5            0.103            ArrangeByKey
[0, 839]             3            0.286            FlatMap
[0, 840]             74           0.118            ArrangeByKey
[0, 841]             3            0.008            FlatMap
[0, 842]             3            0.090            FlatMap
[0, 843]             33           0.130            ArrangeBySelf
[0, 844]             3            0.064            FlatMap
[0, 845]             31           0.130            ArrangeByKey
[0, 846]             3            0.392            FlatMap
[0, 847]             74           0.348            ArrangeByKey
[0, 848]             3            0.055            FlatMap
[0, 849]             23           0.173            ArrangeByKey
[0, 850]             3            0.086            FlatMap
[0, 851]             21           0.193            ArrangeByKey
[0, 852]             3            0.174            FlatMap
[0, 853]             66           0.055            ArrangeByKey
[0, 854]             3            0.056            FlatMap
[0, 855]             22           0.099            ArrangeByKey
[0, 856]             3            0.061            FlatMap
[0, 857]             66           0.115            ArrangeByKey
[0, 858]             3            0.048            FlatMap
[0, 859]             23           0.102            ArrangeByKey
[0, 860]             3            0.071            FlatMap
[0, 861]             31           0.062            ArrangeByKey
[0, 862]             3            0.057            FlatMap
[0, 863]             30           0.056            ArrangeByKey
[0, 864]             3            0.067            FlatMap
[0, 865]             22           0.265            ArrangeByKey
[0, 866]             3            0.090            FlatMap
[0, 867]             25           0.101            ArrangeByKey
[0, 868]             3            0.008            FlatMap
[0, 869]             3            0.016            FlatMap
[0, 870]             44           0.035            ArrangeBySelf
[0, 871]             3            0.130            FlatMap
[0, 872]             64           0.608            ArrangeByKey
[0, 873]             7            0.122            Join
[0, 874]             14           0.038            ArrangeByKey
[0, 875]             3            0.085            FlatMap
[0, 876]             61           0.189            ArrangeByKey
[0, 877]             308021       7332.617         Iterative
[0, 877, 1]          3            0.005            FlatMap
[0, 877, 2]          3            0.004            FlatMap
[0, 877, 3]          3            0.006            FlatMap
[0, 877, 4]          3            0.004            FlatMap
[0, 877, 5]          3            0.007            FlatMap
[0, 877, 6]          1            0.001            Enter
[0, 877, 7]          3            0.003            FlatMap
[0, 877, 8]          3            0.007            FlatMap
[0, 877, 9]          3            0.010            FlatMap
[0, 877, 10]         3            0.007            FlatMap
[0, 877, 11]         3            0.005            FlatMap
[0, 877, 12]         3            0.003            FlatMap
[0, 877, 13]         3            0.006            FlatMap
[0, 877, 14]         3            0.004            FlatMap
[0, 877, 15]         3            0.003            FlatMap
[0, 877, 16]         3            0.009            FlatMap
[0, 877, 17]         3            0.004            FlatMap
[0, 877, 18]         3            0.005            FlatMap
[0, 877, 19]         3            0.005            FlatMap
[0, 877, 20]         3            0.008            FlatMap
[0, 877, 21]         3            0.004            FlatMap
[0, 877, 22]         3            0.002            FlatMap
[0, 877, 23]         3            0.006            FlatMap
[0, 877, 24]         3            0.003            FlatMap
[0, 877, 25]         3            0.006            FlatMap
[0, 877, 26]         3            0.005            FlatMap
[0, 877, 27]         3            0.004            FlatMap
[0, 877, 28]         1            0.000            Enter
[0, 877, 29]         3            0.004            FlatMap
[0, 877, 30]         3            0.004            FlatMap
[0, 877, 31]         3            0.004            FlatMap
[0, 877, 32]         3            0.005            FlatMap
[0, 877, 33]         3            0.004            FlatMap
[0, 877, 34]         3            0.005            FlatMap
[0, 877, 35]         3            0.003            FlatMap
[0, 877, 36]         3            0.004            FlatMap
[0, 877, 37]         3            0.002            FlatMap
[0, 877, 38]         3            0.007            FlatMap
[0, 877, 39]         3            0.007            FlatMap
[0, 877, 40]         3            0.002            FlatMap
[0, 877, 41]         3            0.003            FlatMap
[0, 877, 42]         231          0.418            Feedback
[0, 877, 43]         427          1.047            Feedback
[0, 877, 44]         219          0.335            Feedback
[0, 877, 45]         317          0.422            Feedback
[0, 877, 46]         327          0.393            Feedback
[0, 877, 47]         453          7.013            Feedback
[0, 877, 48]         341          0.435            Feedback
[0, 877, 49]         77           0.112            Feedback
[0, 877, 50]         77           0.169            FlatMap
[0, 877, 51]         77           1.215            FlatMap
[0, 877, 52]         1331         1.419            ArrangeBySelf
[0, 877, 53]         329          1.559            Join
[0, 877, 54]         329          1.067            Join
[0, 877, 55]         231          0.517            FlatMap
[0, 877, 56]         231          4.634            FlatMap
[0, 877, 57]         1141         2.359            ArrangeBySelf
[0, 877, 58]         479          2.995            Join
[0, 877, 59]         547          1.344            ArrangeByKey
[0, 877, 60]         453          38.003           FlatMap
[0, 877, 61]         3871         89.127           ArrangeByKey
[0, 877, 62]         944          5.270            Join
[0, 877, 63]         532          1.445            ArrangeByKey
[0, 877, 64]         974          11.400           Join
[0, 877, 65]         1156         9.072            ArrangeByKey
[0, 877, 66]         584          16.802           Join
[0, 877, 67]         1182         2.456            ArrangeByKey
[0, 877, 68]         357          3.739            Join
[0, 877, 69]         1544         1.661            ArrangeByKey
[0, 877, 70]         278          2.641            Join
[0, 877, 71]         1167         3.614            ArrangeByKey
[0, 877, 72]         537          6.043            Join
[0, 877, 73]         479          2.190            Join
[0, 877, 74]         640          1.186            ArrangeByKey
[0, 877, 75]         968          4.579            Join
[0, 877, 76]         521          1.198            ArrangeByKey
[0, 877, 77]         341          9.450            FlatMap
[0, 877, 78]         1895         2.197            ArrangeByKey
[0, 877, 79]         628          6.644            Join
[0, 877, 80]         1862         5.648            ArrangeByKey
[0, 877, 81]         619          16.137           Join
[0, 877, 82]         1939         6.095            ArrangeByKey
[0, 877, 83]         340          6.543            Join
[0, 877, 84]         1712         1.460            ArrangeByKey
[0, 877, 85]         270          2.162            Join
[0, 877, 86]         818          1.927            ArrangeByKey
[0, 877, 87]         344          2.839            Join
[0, 877, 88]         479          5.951            Join
[0, 877, 89]         1559         2.518            ArrangeByKey
[0, 877, 90]         1060         17.289           Join
[0, 877, 91]         479          4.004            Join
[0, 877, 92]         1158         1.653            ArrangeByKey
[0, 877, 93]         994          14.007           Join
[0, 877, 94]         816          5.730            ArrangeByKey
[0, 877, 95]         427          22.640           FlatMap
[0, 877, 96]         3650         34.917           ArrangeByKey
[0, 877, 97]         1217         72.814           Join
[0, 877, 98]         479          2.651            Join
[0, 877, 99]         231          6.671            FlatMap
[0, 877, 100]        1690         4.246            ArrangeBySelf
[0, 877, 101]        569          6.879            Join
[0, 877, 102]        1069         1.584            ArrangeByKey
[0, 877, 103]        569          7.825            Join
[0, 877, 104]        1227         1.372            ArrangeByKey
[0, 877, 105]        1070         8.901            Join
[0, 877, 106]        782          2.335            ArrangeByKey
[0, 877, 107]        985          11.016           Join
[0, 877, 108]        1152         2.556            ArrangeByKey
[0, 877, 109]        547          3.904            Join
[0, 877, 110]        569          8.550            Join
[0, 877, 111]        1283         1.676            ArrangeByKey
[0, 877, 112]        569          7.397            Join
[0, 877, 113]        1189         1.236            ArrangeByKey
[0, 877, 114]        569          7.612            Join
[0, 877, 115]        1216         1.258            ArrangeByKey
[0, 877, 116]        1101         32.673           Join
[0, 877, 117]        1054         23.013           ArrangeByKey
[0, 877, 118]        649          29.000           Join
[0, 877, 119]        1536         13.551           ArrangeByKey
[0, 877, 120]        1171         19.055           Join
[0, 877, 121]        2051         2.919            ArrangeByKey
[0, 877, 122]        1169         22.322           Join
[0, 877, 123]        1654         7.792            ArrangeByKey
[0, 877, 124]        578          9.520            Join
[0, 877, 125]        317          8.422            FlatMap
[0, 877, 126]        1472         2.796            ArrangeByKey
[0, 877, 127]        553          7.175            Join
[0, 877, 128]        1798         3.107            ArrangeByKey
[0, 877, 129]        562          5.384            Join
[0, 877, 130]        327          8.358            FlatMap
[0, 877, 131]        2492         3.660            ArrangeByKey
[0, 877, 132]        1262         59.800           Join
[0, 877, 133]        479          2.813            Join
[0, 877, 134]        876          1.183            ArrangeByKey
[0, 877, 135]        295          2.598            Join
[0, 877, 136]        779          1.839            ArrangeByKey
[0, 877, 137]        503          9.976            Join
[0, 877, 138]        2325         23.138           ArrangeByKey
[0, 877, 139]        453          5.838            FlatMap
[0, 877, 140]        453          17.208           FlatMap
[0, 877, 141]        3310         35.553           ArrangeBySelf
[0, 877, 142]        1212         379.288          Join
[0, 877, 143]        649          56.722           Join
[0, 877, 144]        2239         29.017           ArrangeByKey
[0, 877, 145]        1173         44.960           Join
[0, 877, 146]        3112         14.234           ArrangeByKey
[0, 877, 147]        1171         62.510           Join
[0, 877, 148]        2619         8.472            ArrangeByKey
[0, 877, 149]        579          17.883           Join
[0, 877, 150]        1907         9.259            ArrangeByKey
[0, 877, 151]        601          14.132           Join
[0, 877, 152]        453          7.068            FlatMap
[0, 877, 153]        453          35.094           FlatMap
[0, 877, 154]        4915         28.845           ArrangeBySelf
[0, 877, 155]        569          8.746            Join
[0, 877, 156]        1914         2.150            ArrangeByKey
[0, 877, 157]        1053         9.220            Join
[0, 877, 158]        271          3.937            FlatMap
[0, 877, 159]        1752         2.466            ArrangeBySelf
[0, 877, 160]        522          7.151            Join
[0, 877, 161]        1535         2.240            ArrangeByKey
[0, 877, 162]        863          3.815            Join
[0, 877, 163]        553          8.539            Join
[0, 877, 164]        2195         2.253            ArrangeByKey
[0, 877, 165]        540          3.857            Join
[0, 877, 166]        479          3.599            Join
[0, 877, 167]        1110         1.450            ArrangeByKey
[0, 877, 168]        1016         12.541           Join
[0, 877, 169]        1378         3.965            ArrangeByKey
[0, 877, 170]        1179         12.348           Join
[0, 877, 171]        1169         11.338           Join
[0, 877, 172]        429          16.747           FlatMap
[0, 877, 173]        2876         7.134            ArrangeBySelf
[0, 877, 174]        577          5.488            Join
[0, 877, 175]        479          1.650            Join
[0, 877, 176]        137          2.235            FlatMap
[0, 877, 177]        1247         1.495            ArrangeBySelf
[0, 877, 178]        454          2.386            Join
[0, 877, 179]        329          1.354            Join
[0, 877, 180]        479          1.494            Join
[0, 877, 181]        55           0.893            FlatMap
[0, 877, 182]        809          1.599            ArrangeBySelf
[0, 877, 183]        382          2.025            Join
[0, 877, 184]        479          2.449            Join
[0, 877, 185]        822          1.243            ArrangeByKey
[0, 877, 186]        219          4.224            FlatMap
[0, 877, 187]        2002         1.478            ArrangeByKey
[0, 877, 188]        686          3.278            Join
[0, 877, 189]        863          4.223            Join
[0, 877, 190]        479          1.675            Join
[0, 877, 191]        546          1.299            ArrangeByKey
[0, 877, 192]        956          90.864           Join
[0, 877, 193]        479          1.436            Join
[0, 877, 194]        27           0.410            FlatMap
[0, 877, 195]        551          0.963            ArrangeBySelf
[0, 877, 196]        315          1.315            Join
[0, 877, 197]        231          0.624            FlatMap
[0, 877, 198]        231          4.235            FlatMap
[0, 877, 199]        1250         1.366            ArrangeBySelf
[0, 877, 200]        479          2.213            Join
[0, 877, 201]        479          1.536            Join
[0, 877, 202]        479          1.091            Join
[0, 877, 203]        479          7.979            Join
[0, 877, 204]        2055         3.947            ArrangeByKey
[0, 877, 205]        568          4.614            Join
[0, 877, 206]        141          2.069            FlatMap
[0, 877, 207]        1319         1.577            ArrangeBySelf
[0, 877, 208]        394          2.086            Join
[0, 877, 209]        141          1.596            FlatMap
[0, 877, 210]        1339         1.245            ArrangeBySelf
[0, 877, 211]        340          1.868            Join
[0, 877, 212]        353          0.747            Concatenate
[0, 877, 213]        633          0.590            Concatenate
[0, 877, 214]        729          0.547            Concatenate
[0, 877, 215]        729          0.550            Concatenate
[0, 877, 216]        729          16.682           FlatMap
[0, 877, 217]        4531         7.614            Arrange: Threshold
[0, 877, 218]        602          6.853            Threshold
[0, 877, 219]        363          0.672            AsCollection
[0, 877, 220]        433          0.607            Concatenate
[0, 877, 221]        433          8.663            FlatMap
[0, 877, 222]        3043         4.657            Arrange: Threshold
[0, 877, 223]        575          6.529            Threshold
[0, 877, 224]        327          0.749            AsCollection
[0, 877, 225]        205          3.917            FlatMap
[0, 877, 226]        1406         2.191            Arrange: Threshold
[0, 877, 227]        464          3.745            Threshold
[0, 877, 228]        219          0.510            AsCollection
[0, 877, 229]        607          0.670            Concatenate
[0, 877, 230]        703          0.571            Concatenate
[0, 877, 231]        703          19.563           FlatMap
[0, 877, 232]        4501         9.384            Arrange: Threshold
[0, 877, 233]        655          17.961           Threshold
[0, 877, 234]        421          0.714            AsCollection
[0, 877, 235]        518          19.521           FlatMap
[0, 877, 236]        4357         41.094           Arrange: Threshold
[0, 877, 237]        668          270.508          Threshold
[0, 877, 238]        429          7.477            AsCollection
[0, 877, 239]        267          0.374            Concatenate
[0, 877, 240]        269          0.310            Concatenate
[0, 877, 241]        338          0.362            Concatenate
[0, 877, 242]        351          0.324            Concatenate
[0, 877, 243]        437          0.417            Concatenate
[0, 877, 244]        437          0.347            Concatenate
[0, 877, 245]        437          5.968            FlatMap
[0, 877, 246]        4235         2.393            Arrange: Threshold
[0, 877, 247]        471          3.130            Threshold
[0, 877, 248]        223          0.299            AsCollection
[0, 877, 249]        261          7.610            FlatMap
[0, 877, 250]        1725         4.324            Arrange: Threshold
[0, 877, 251]        591          12.669           Threshold
[0, 877, 252]        355          0.703            AsCollection
[0, 877, 253]        574          0.803            Concatenate
[0, 877, 254]        1236         1.215            Concatenate
[0, 877, 255]        1501         1.259            Concatenate
[0, 877, 256]        1676         1.733            Concatenate
[0, 877, 257]        1915         1.653            Concatenate
[0, 877, 258]        2256         1.770            Concatenate
[0, 877, 259]        2336         1.684            Concatenate
[0, 877, 260]        2461         1.657            Concatenate
[0, 877, 261]        2461         129.721          FlatMap
[0, 877, 262]        18984        261.048          Arrange: Threshold
[0, 877, 263]        686          1307.542         Threshold
[0, 877, 264]        457          12.979           AsCollection
[0, 877, 265]        231          0.264            ResultsIn
[0, 877, 266]        427          2.281            ResultsIn
[0, 877, 267]        341          0.344            ResultsIn
[0, 877, 268]        77           0.092            ResultsIn
[0, 877, 269]        219          0.276            ResultsIn
[0, 877, 270]        453          1.742            ResultsIn
[0, 877, 271]        317          0.401            ResultsIn
[0, 877, 272]        327          0.363            ResultsIn
[0, 878]             697          0.528            Leave
[0, 879]             2145         1.730            Leave
[0, 880]             1121         0.687            Leave
[0, 881]             771          0.583            Leave
[0, 882]             1516         0.758            Leave
[0, 883]             2321         2.826            Leave
[0, 884]             1210         0.638            Leave
[0, 885]             771          0.385            Leave
[0, 886]             25           0.423            FlatMap
[0, 887]             95           0.864            Arrange: Threshold
[0, 888]             4            1.295            Threshold
[0, 889]             3            0.073            AsCollection
[0, 890]             3            0.035            FlatMap
[0, 891]             3            0.031            FlatMap
[0, 892]             3            0.059            FlatMap
[0, 893]             61           0.013            Consolidate
[0, 894]             1            0.002            AsCollection
[0, 895]             2            0.003            InspectBatch
[0, 896]             2            0.002            Probe
[0, 897]             3            0.041            FlatMap
[0, 898]             44           0.075            Arrange: Threshold
[0, 899]             4            0.282            Threshold
[0, 900]             3            0.020            AsCollection
[0, 901]             3            0.012            FlatMap
[0, 902]             3            0.011            FlatMap
[0, 903]             3            0.028            FlatMap
[0, 904]             46           0.080            Consolidate
[0, 905]             1            0.001            AsCollection
[0, 906]             2            0.003            InspectBatch
[0, 907]             2            0.002            Probe
[0, 908]             3            0.033            FlatMap
[0, 909]             23           0.030            Arrange: Threshold
[0, 910]             4            0.043            Threshold
[0, 911]             3            0.007            AsCollection
[0, 912]             3            0.005            FlatMap
[0, 913]             3            0.005            FlatMap
[0, 914]             3            0.021            FlatMap
[0, 915]             54           0.021            Consolidate
[0, 916]             1            0.000            AsCollection
[0, 917]             2            0.003            InspectBatch
[0, 918]             2            0.002            Probe
[0, 919]             19           0.191            FlatMap
[0, 920]             133          0.065            Arrange: Threshold
[0, 921]             4            0.066            Threshold
[0, 922]             3            0.007            AsCollection
[0, 923]             3            0.007            FlatMap
[0, 924]             3            0.006            FlatMap
[0, 925]             3            0.014            FlatMap
[0, 926]             13           0.008            Consolidate
[0, 927]             1            0.000            AsCollection
[0, 928]             2            0.002            InspectBatch
[0, 929]             2            0.001            Probe
[0, 930]             3            0.019            FlatMap
[0, 931]             15           0.022            Arrange: Threshold
[0, 932]             4            0.073            Threshold
[0, 933]             3            0.006            AsCollection
[0, 934]             3            0.005            FlatMap
[0, 935]             3            0.005            FlatMap
[0, 936]             3            0.016            FlatMap
[0, 937]             5            0.005            Consolidate
[0, 938]             1            0.001            AsCollection
[0, 939]             2            0.003            InspectBatch
[0, 940]             2            0.001            Probe
[0, 941]             19           0.193            FlatMap
[0, 942]             135          0.074            Arrange: Threshold
[0, 943]             4            0.063            Threshold
[0, 944]             3            0.008            AsCollection
[0, 945]             3            0.006            FlatMap
[0, 946]             3            0.005            FlatMap
[0, 947]             3            0.014            FlatMap
[0, 948]             7            0.006            Consolidate
[0, 949]             1            0.001            AsCollection
[0, 950]             2            0.003            InspectBatch
[0, 951]             2            0.001            Probe
[0, 952]             5            0.078            FlatMap
[0, 953]             14           0.102            Arrange: Threshold
[0, 954]             4            0.331            Threshold
[0, 955]             3            0.022            AsCollection
[0, 956]             3            0.014            FlatMap
[0, 957]             3            0.019            FlatMap
[0, 958]             3            0.035            FlatMap
[0, 959]             7            0.007            Consolidate
[0, 960]             1            0.000            AsCollection
[0, 961]             2            0.002            InspectBatch
[0, 962]             2            0.001            Probe
[0, 963]             3            0.041            FlatMap
[0, 964]             8            0.087            Arrange: Threshold
[0, 965]             4            0.330            Threshold
[0, 966]             3            0.024            AsCollection
[0, 967]             3            0.011            FlatMap
[0, 968]             3            0.011            FlatMap
[0, 969]             3            0.027            FlatMap
[0, 970]             8            0.006            Consolidate
[0, 971]             1            0.000            AsCollection
[0, 972]             2            0.002            InspectBatch
[0, 973]             2            0.001            Probe
[0, 974]             3            0.025            FlatMap
[0, 975]             8            0.034            Arrange: Threshold
[0, 976]             4            0.131            Threshold
[0, 977]             3            0.010            AsCollection
[0, 978]             3            0.006            FlatMap
[0, 979]             3            0.010            FlatMap
[0, 980]             3            0.024            FlatMap
[0, 981]             9            0.004            Consolidate
[0, 982]             1            0.000            AsCollection
[0, 983]             2            0.002            InspectBatch
[0, 984]             2            0.001            Probe
[0, 985]             1            0.001            FlatMap
[0, 986]             3            0.010            Arrange: Threshold
[0, 987]             2            0.005            Threshold
[0, 988]             1            0.001            AsCollection
[0, 989]             1            0.001            FlatMap
[0, 990]             1            0.001            FlatMap
[0, 991]             1            0.000            FlatMap
[0, 992]             3            0.005            Consolidate
[0, 993]             1            0.000            AsCollection
[0, 994]             2            0.002            InspectBatch
[0, 995]             2            0.001            Probe
[0, 996]             3            0.014            FlatMap
[0, 997]             36           0.013            Arrange: Threshold
[0, 998]             4            0.024            Threshold
[0, 999]             3            0.004            AsCollection
[0, 1000]            3            0.004            FlatMap
[0, 1001]            3            0.003            FlatMap
[0, 1002]            3            0.023            FlatMap
[0, 1003]            8            0.007            Consolidate
[0, 1004]            1            0.000            AsCollection
[0, 1005]            2            0.002            InspectBatch
[0, 1006]            2            0.001            Probe
[0, 1007]            77           0.978            FlatMap
[0, 1008]            1218         0.611            Arrange: Threshold
[0, 1009]            4            0.063            Threshold
[0, 1010]            3            0.005            AsCollection
[0, 1011]            3            0.004            FlatMap
[0, 1012]            3            0.003            FlatMap
[0, 1013]            3            0.041            FlatMap
[0, 1014]            4            0.005            Consolidate
[0, 1015]            1            0.001            AsCollection
[0, 1016]            2            0.003            InspectBatch
[0, 1017]            2            0.001            Probe
[0, 1018]            327          5.885            FlatMap
[0, 1019]            2292         1.315            Arrange: Threshold
[0, 1020]            4            0.351            Threshold
[0, 1021]            3            0.027            AsCollection
[0, 1022]            3            0.014            FlatMap
[0, 1023]            3            0.012            FlatMap
[0, 1024]            3            0.044            FlatMap
[0, 1025]            4            0.005            Consolidate
[0, 1026]            1            0.001            AsCollection
[0, 1027]            2            0.005            InspectBatch
[0, 1028]            2            0.001            Probe
[0, 1029]            453          16.783           FlatMap
[0, 1030]            3679         106.711          Arrange: Threshold
[0, 1031]            4            121.946          Threshold
[0, 1032]            3            7.435            AsCollection
[0, 1033]            3            12.837           FlatMap
[0, 1034]            3            2.967            FlatMap
[0, 1035]            3            4.511            FlatMap
[0, 1036]            4            0.013            Consolidate
[0, 1037]            1            0.000            AsCollection
[0, 1038]            2            0.003            InspectBatch
[0, 1039]            2            0.037            Probe
[0, 1040]            427          11.933           FlatMap
[0, 1041]            3150         43.988           Arrange: Threshold
[0, 1042]            4            45.946           Threshold
[0, 1043]            3            4.856            AsCollection
[0, 1044]            3            1.889            FlatMap
[0, 1045]            3            1.038            FlatMap
[0, 1046]            3            1.712            FlatMap
[0, 1047]            39           0.009            Consolidate
[0, 1048]            1            0.000            AsCollection
[0, 1049]            2            0.005            InspectBatch
[0, 1050]            2            0.001            Probe
[0, 1051]            219          3.765            FlatMap
[0, 1052]            1908         0.918            Arrange: Threshold
[0, 1053]            4            0.213            Threshold
[0, 1054]            3            0.040            AsCollection
[0, 1055]            3            0.009            FlatMap
[0, 1056]            3            0.005            FlatMap
[0, 1057]            3            0.053            FlatMap
[0, 1058]            39           0.008            Consolidate
[0, 1059]            1            0.001            AsCollection
[0, 1060]            2            0.003            InspectBatch
[0, 1061]            2            0.000            Probe
[0, 1062]            317          6.781            FlatMap
[0, 1063]            1416         0.945            Arrange: Threshold
[0, 1064]            4            0.382            Threshold
[0, 1065]            3            0.020            AsCollection
[0, 1066]            3            0.010            FlatMap
[0, 1067]            3            0.010            FlatMap
[0, 1068]            3            0.074            FlatMap
[0, 1069]            41           0.009            Consolidate
[0, 1070]            1            0.000            AsCollection
[0, 1071]            2            0.005            InspectBatch
[0, 1072]            2            0.051            Probe
[0, 1073]            341          7.255            FlatMap
[0, 1074]            1896         1.399            Arrange: Threshold
[0, 1075]            4            0.886            Threshold
[0, 1076]            3            0.058            AsCollection
[0, 1077]            3            0.035            FlatMap
[0, 1078]            3            0.026            FlatMap
[0, 1079]            3            0.098            FlatMap
[0, 1080]            43           0.009            Consolidate
[0, 1081]            1            0.001            AsCollection
[0, 1082]            2            0.003            InspectBatch
[0, 1083]            2            0.001            Probe
[0, 1084]            231          4.626            FlatMap
[0, 1085]            1257         0.828            Arrange: Threshold
[0, 1086]            4            0.097            Threshold
[0, 1087]            3            0.006            AsCollection
[0, 1088]            3            0.004            FlatMap
[0, 1089]            3            0.025            FlatMap
[0, 1090]            3            0.100            FlatMap
[0, 1091]            44           0.028            Consolidate
[0, 1092]            1            0.000            AsCollection
[0, 1093]            2            0.036            InspectBatch
[0, 1094]            2            0.000            Probe
