addr                 activations  total_active_ms  name
[0]                  226368       8733.380         Dataflow
[0, 1]               1            0.000            Input
[0, 2]               2            0.189            FlatMap
[0, 3]               7            0.078            Arrange: Threshold
[0, 4]               3            0.065            Threshold
[0, 5]               3            0.009            AsCollection
[0, 6]               1            0.000            Input
[0, 7]               2            0.201            FlatMap
[0, 8]               6            0.046            Arrange: Threshold
[0, 9]               3            0.039            Threshold
[0, 10]              3            0.007            AsCollection
[0, 11]              1            0.000            Input
[0, 12]              1            0.001            FlatMap
[0, 13]              3            0.009            Arrange: Threshold
[0, 14]              2            0.007            Threshold
[0, 15]              1            0.001            AsCollection
[0, 16]              1            0.000            Input
[0, 17]              2            0.317            FlatMap
[0, 18]              7            0.307            Arrange: Threshold
[0, 19]              3            0.498            Threshold
[0, 20]              3            0.039            AsCollection
[0, 21]              1            0.000            Input
[0, 22]              2            0.312            FlatMap
[0, 23]              6            0.049            Arrange: Threshold
[0, 24]              3            0.017            Threshold
[0, 25]              3            0.007            AsCollection
[0, 26]              1            0.000            Input
[0, 27]              2            0.382            FlatMap
[0, 28]              6            0.411            Arrange: Threshold
[0, 29]              3            0.954            Threshold
[0, 30]              3            0.059            AsCollection
[0, 31]              1            0.000            Input
[0, 32]              2            0.352            FlatMap
[0, 33]              6            1.730            Arrange: Threshold
[0, 34]              3            2.929            Threshold
[0, 35]              3            0.164            AsCollection
[0, 36]              1            0.000            Input
[0, 37]              2            0.179            FlatMap
[0, 38]              8            0.282            Arrange: Threshold
[0, 39]              4            0.503            Threshold
[0, 40]              3            0.035            AsCollection
[0, 41]              1            0.000            Input
[0, 42]              2            0.948            FlatMap
[0, 43]              8            2.810            Arrange: Threshold
[0, 44]              3            5.751            Threshold
[0, 45]              3            0.322            AsCollection
[0, 46]              1            0.000            Input
[0, 47]              2            0.104            FlatMap
[0, 48]              8            0.215            Arrange: Threshold
[0, 49]              3            0.521            Threshold
[0, 50]              3            0.031            AsCollection
[0, 51]              1            0.000            Input
[0, 52]              2            0.049            FlatMap
[0, 53]              7            0.067            Arrange: Threshold
[0, 54]              4            0.055            Threshold
[0, 55]              3            0.005            AsCollection
[0, 56]              1            0.000            Input
[0, 57]              2            0.099            FlatMap
[0, 58]              7            0.031            Arrange: Threshold
[0, 59]              4            0.016            Threshold
[0, 60]              3            0.003            AsCollection
[0, 61]              1            0.000            Input
[0, 62]              2            0.114            FlatMap
[0, 63]              8            0.051            Arrange: Threshold
[0, 64]              4            0.139            Threshold
[0, 65]              3            0.004            AsCollection
[0, 66]              1            0.000            Input
[0, 67]              2            0.229            FlatMap
[0, 68]              6            0.044            Arrange: Threshold
[0, 69]              3            0.032            Threshold
[0, 70]              3            0.005            AsCollection
[0, 71]              1            0.000            Input
[0, 72]              2            0.223            FlatMap
[0, 73]              7            0.184            Arrange: Threshold
[0, 74]              3            0.389            Threshold
[0, 75]              3            0.022            AsCollection
[0, 76]              1            0.000            Input
[0, 77]              2            0.265            FlatMap
[0, 78]              6            0.134            Arrange: Threshold
[0, 79]              3            0.301            Threshold
[0, 80]              3            0.018            AsCollection
[0, 81]              1            0.000            Input
[0, 82]              2            0.441            FlatMap
[0, 83]              7            0.346            Arrange: Threshold
[0, 84]              3            0.622            Threshold
[0, 85]              3            0.061            AsCollection
[0, 86]              1            0.000            Input
[0, 87]              2            0.476            FlatMap
[0, 88]              7            1.121            Arrange: Threshold
[0, 89]              3            1.952            Threshold
[0, 90]              3            0.169            AsCollection
[0, 91]              1            0.000            Input
[0, 92]              2            0.158            FlatMap
[0, 93]              6            0.129            Arrange: Threshold
[0, 94]              3            0.224            Threshold
[0, 95]              3            0.043            AsCollection
[0, 96]              1            0.000            Input
[0, 97]              2            0.353            FlatMap
[0, 98]              6            0.337            Arrange: Threshold
[0, 99]              3            0.245            Threshold
[0, 100]             3            0.018            AsCollection
[0, 101]             1            0.000            Input
[0, 102]             2            0.184            FlatMap
[0, 103]             6            0.101            Arrange: Threshold
[0, 104]             3            0.213            Threshold
[0, 105]             3            0.036            AsCollection
[0, 106]             1            0.000            Input
[0, 107]             2            0.258            FlatMap
[0, 108]             7            0.295            Arrange: Threshold
[0, 109]             3            0.402            Threshold
[0, 110]             3            0.045            AsCollection
[0, 111]             1            0.000            Input
[0, 112]             2            0.350            FlatMap
[0, 113]             6            0.570            Arrange: Threshold
[0, 114]             3            1.089            Threshold
[0, 115]             3            0.250            AsCollection
[0, 116]             1            0.000            Input
[0, 117]             2            0.217            FlatMap
[0, 118]             7            0.332            Arrange: Threshold
[0, 119]             3            0.538            Threshold
[0, 120]             3            0.045            AsCollection
[0, 121]             1            0.000            Input
[0, 122]             2            0.277            FlatMap
[0, 123]             7            0.256            Arrange: Threshold
[0, 124]             3            0.454            Threshold
[0, 125]             3            0.084            AsCollection
[0, 126]             1            0.000            Input
[0, 127]             2            0.245            FlatMap
[0, 128]             7            0.150            Arrange: Threshold
[0, 129]             3            0.265            Threshold
[0, 130]             3            0.029            AsCollection
[0, 131]             1            0.000            Input
[0, 132]             2            0.295            FlatMap
[0, 133]             6            0.405            Arrange: Threshold
[0, 134]             3            0.642            Threshold
[0, 135]             3            0.226            AsCollection
[0, 136]             1            0.000            Input
[0, 137]             2            0.192            FlatMap
[0, 138]             7            0.087            Arrange: Threshold
[0, 139]             3            0.074            Threshold
[0, 140]             3            0.022            AsCollection
[0, 141]             1            0.000            Input
[0, 142]             2            0.477            FlatMap
[0, 143]             6            0.120            Arrange: Threshold
[0, 144]             3            0.165            Threshold
[0, 145]             3            0.018            AsCollection
[0, 146]             1            0.000            Input
[0, 147]             2            0.207            FlatMap
[0, 148]             6            0.217            Arrange: Threshold
[0, 149]             3            0.271            Threshold
[0, 150]             3            0.025            AsCollection
[0, 151]             1            0.000            Input
[0, 152]             2            0.142            FlatMap
[0, 153]             6            0.087            Arrange: Threshold
[0, 154]             3            0.106            Threshold
[0, 155]             3            0.015            AsCollection
[0, 156]             1            0.000            Input
[0, 157]             2            0.240            FlatMap
[0, 158]             6            0.217            Arrange: Threshold
[0, 159]             3            0.326            Threshold
[0, 160]             3            0.025            AsCollection
[0, 161]             3            0.010            FlatMap
[0, 162]             3            0.007            FlatMap
[0, 163]             3            0.015            FlatMap
[0, 164]             3            0.016            FlatMap
[0, 165]             3            0.007            FlatMap
[0, 166]             3            0.006            FlatMap
[0, 167]             3            0.007            FlatMap
[0, 168]             3            0.011            FlatMap
[0, 169]             3            0.011            FlatMap
[0, 170]             3            0.014            FlatMap
[0, 171]             3            0.010            FlatMap
[0, 172]             3            0.008            FlatMap
[0, 173]             3            0.008            FlatMap
[0, 174]             3            0.005            FlatMap
[0, 175]             3            0.009            FlatMap
[0, 176]             3            0.005            FlatMap
[0, 177]             3            0.033            FlatMap
[0, 178]             3            0.021            FlatMap
[0, 179]             3            0.027            FlatMap
[0, 180]             3            0.023            FlatMap
[0, 181]             3            0.013            FlatMap
[0, 182]             3            0.010            FlatMap
[0, 183]             3            0.012            FlatMap
[0, 184]             3            0.010            FlatMap
[0, 185]             3            0.017            FlatMap
[0, 186]             3            0.014            FlatMap
[0, 187]             3            0.032            FlatMap
[0, 188]             3            0.029            FlatMap
[0, 189]             3            0.034            FlatMap
[0, 190]             3            0.034            FlatMap
[0, 191]             3            0.015            FlatMap
[0, 192]             3            0.017            FlatMap
[0, 193]             3            0.014            FlatMap
[0, 194]             3            0.009            FlatMap
[0, 195]             3            0.009            FlatMap
[0, 196]             3            0.010            FlatMap
[0, 197]             3            0.011            FlatMap
[0, 198]             3            0.014            FlatMap
[0, 199]             3            0.009            FlatMap
[0, 200]             3            0.009            FlatMap
[0, 201]             3            0.008            FlatMap
[0, 202]             3            0.053            FlatMap
[0, 203]             3            0.062            FlatMap
[0, 204]             3            0.058            FlatMap
[0, 205]             3            0.022            FlatMap
[0, 206]             3            0.019            FlatMap
[0, 207]             3            0.021            FlatMap
[0, 208]             3            0.010            FlatMap
[0, 209]             3            0.012            FlatMap
[0, 210]             3            0.005            FlatMap
[0, 211]             3            0.006            FlatMap
[0, 212]             3            0.004            FlatMap
[0, 213]             3            0.007            FlatMap
[0, 214]             3            0.037            FlatMap
[0, 215]             3            0.088            Arrange: Threshold
[0, 216]             4            0.333            Threshold
[0, 217]             3            0.027            AsCollection
[0, 218]             4            0.006            Concatenate
[0, 219]             4            0.004            Concatenate
[0, 220]             4            0.004            Concatenate
[0, 221]             4            0.033            FlatMap
[0, 222]             6            0.029            Arrange: Threshold
[0, 223]             4            0.066            Threshold
[0, 224]             3            0.008            AsCollection
[0, 225]             3            0.091            FlatMap
[0, 226]             5            0.305            Arrange: Threshold
[0, 227]             4            0.551            Threshold
[0, 228]             3            0.034            AsCollection
[0, 229]             3            0.103            FlatMap
[0, 230]             5            0.131            Arrange: Threshold
[0, 231]             4            0.205            Threshold
[0, 232]             3            0.016            AsCollection
[0, 233]             3            0.015            FlatMap
[0, 234]             5            0.018            Arrange: Threshold
[0, 235]             4            0.017            Threshold
[0, 236]             3            0.005            AsCollection
[0, 237]             3            0.183            FlatMap
[0, 238]             5            0.110            Arrange: Threshold
[0, 239]             4            0.234            Threshold
[0, 240]             3            0.015            AsCollection
[0, 241]             3            0.020            FlatMap
[0, 242]             3            0.012            Arrange: Threshold
[0, 243]             4            0.062            Threshold
[0, 244]             3            0.008            AsCollection
[0, 245]             3            0.366            FlatMap
[0, 246]             5            0.111            Arrange: Threshold
[0, 247]             4            0.106            Threshold
[0, 248]             3            0.007            AsCollection
[0, 249]             3            0.219            FlatMap
[0, 250]             5            0.208            Arrange: Threshold
[0, 251]             4            0.359            Threshold
[0, 252]             3            0.020            AsCollection
[0, 253]             3            0.424            FlatMap
[0, 254]             5            0.958            Arrange: Threshold
[0, 255]             4            1.776            Threshold
[0, 256]             3            0.103            AsCollection
[0, 257]             3            0.016            FlatMap
[0, 258]             5            0.016            Arrange: Threshold
[0, 259]             4            0.060            Threshold
[0, 260]             3            0.015            AsCollection
[0, 261]             3            0.166            FlatMap
[0, 262]             5            0.183            Arrange: Threshold
[0, 263]             4            0.239            Threshold
[0, 264]             3            0.015            AsCollection
[0, 265]             3            0.009            Concatenate
[0, 266]             3            0.015            Concatenate
[0, 267]             3            0.406            FlatMap
[0, 268]             5            0.762            Arrange: Threshold
[0, 269]             4            1.440            Threshold
[0, 270]             3            0.128            AsCollection
[0, 271]             3            0.226            FlatMap
[0, 272]             5            0.174            Arrange: Threshold
[0, 273]             4            0.211            Threshold
[0, 274]             3            0.013            AsCollection
[0, 275]             3            0.076            FlatMap
[0, 276]             4            0.034            Arrange: Threshold
[0, 277]             4            0.037            Threshold
[0, 278]             3            0.005            AsCollection
[0, 279]             3            0.291            FlatMap
[0, 280]             5            0.200            Arrange: Threshold
[0, 281]             4            0.263            Threshold
[0, 282]             3            0.020            AsCollection
[0, 283]             3            0.512            FlatMap
[0, 284]             5            0.443            Arrange: Threshold
[0, 285]             4            1.016            Threshold
[0, 286]             3            0.064            AsCollection
[0, 287]             3            0.226            FlatMap
[0, 288]             5            0.130            Arrange: Threshold
[0, 289]             4            0.205            Threshold
[0, 290]             3            0.016            AsCollection
[0, 291]             3            0.005            Concatenate
[0, 292]             3            0.008            Concatenate
[0, 293]             3            0.006            Concatenate
[0, 294]             3            0.339            FlatMap
[0, 295]             5            0.507            Arrange: Threshold
[0, 296]             4            1.085            Threshold
[0, 297]             3            0.064            AsCollection
[0, 298]             3            0.231            FlatMap
[0, 299]             5            0.219            Arrange: Threshold
[0, 300]             4            0.443            Threshold
[0, 301]             3            0.043            AsCollection
[0, 302]             3            0.007            Concatenate
[0, 303]             3            0.011            Concatenate
[0, 304]             3            0.384            FlatMap
[0, 305]             5            1.098            Arrange: Threshold
[0, 306]             4            2.476            Threshold
[0, 307]             3            0.152            AsCollection
[0, 308]             3            0.140            FlatMap
[0, 309]             5            0.272            Arrange: Threshold
[0, 310]             4            0.622            Threshold
[0, 311]             3            0.035            AsCollection
[0, 312]             3            0.101            FlatMap
[0, 313]             5            0.081            Arrange: Threshold
[0, 314]             4            0.108            Threshold
[0, 315]             3            0.011            AsCollection
[0, 316]             3            0.015            FlatMap
[0, 317]             5            0.011            Arrange: Threshold
[0, 318]             4            0.023            Threshold
[0, 319]             3            0.009            AsCollection
[0, 320]             3            0.005            Concatenate
[0, 321]             3            0.005            Concatenate
[0, 322]             3            0.006            Concatenate
[0, 323]             3            0.009            Concatenate
[0, 324]             3            0.009            Concatenate
[0, 325]             3            0.006            Concatenate
[0, 326]             3            0.012            Concatenate
[0, 327]             3            0.012            Concatenate
[0, 328]             3            0.009            Concatenate
[0, 329]             3            0.008            Concatenate
[0, 330]             3            0.013            Concatenate
[0, 331]             3            0.014            Concatenate
[0, 332]             3            0.723            FlatMap
[0, 333]             4            2.787            Arrange: Threshold
[0, 334]             4            5.160            Threshold
[0, 335]             3            0.487            AsCollection
[0, 336]             3            0.136            FlatMap
[0, 337]             5            0.300            Arrange: Threshold
[0, 338]             4            0.613            Threshold
[0, 339]             3            0.037            AsCollection
[0, 340]             3            0.087            FlatMap
[0, 341]             5            0.152            Arrange: Threshold
[0, 342]             4            0.247            Threshold
[0, 343]             3            0.015            AsCollection
[0, 344]             3            0.072            FlatMap
[0, 345]             5            0.062            Arrange: Threshold
[0, 346]             4            0.065            Threshold
[0, 347]             3            0.007            AsCollection
[0, 348]             3            0.006            Concatenate
[0, 349]             4            0.006            Concatenate
[0, 350]             4            0.005            Concatenate
[0, 351]             4            0.005            Concatenate
[0, 352]             4            0.116            FlatMap
[0, 353]             6            0.090            Arrange: Threshold
[0, 354]             4            0.214            Threshold
[0, 355]             3            0.009            AsCollection
[0, 356]             3            0.081            FlatMap
[0, 357]             5            0.150            Arrange: Threshold
[0, 358]             4            0.307            Threshold
[0, 359]             3            0.020            AsCollection
[0, 360]             3            0.142            FlatMap
[0, 361]             5            0.200            Arrange: Threshold
[0, 362]             4            0.484            Threshold
[0, 363]             3            0.033            AsCollection
[0, 364]             3            0.142            FlatMap
[0, 365]             5            0.179            Arrange: Threshold
[0, 366]             4            0.339            Threshold
[0, 367]             3            0.020            AsCollection
[0, 368]             3            0.205            FlatMap
[0, 369]             5            0.359            Arrange: Threshold
[0, 370]             4            0.794            Threshold
[0, 371]             3            0.046            AsCollection
[0, 372]             3            0.121            FlatMap
[0, 373]             5            0.104            Arrange: Threshold
[0, 374]             4            0.146            Threshold
[0, 375]             3            0.011            AsCollection
[0, 376]             3            0.003            FlatMap
[0, 377]             1            0.000            FlatMap
[0, 378]             3            0.006            ArrangeBySelf
[0, 379]             3            0.003            FlatMap
[0, 380]             1            0.001            FlatMap
[0, 381]             3            0.005            ArrangeBySelf
[0, 382]             2            0.010            Join
[0, 383]             3            0.009            ArrangeByKey
[0, 384]             3            0.032            FlatMap
[0, 385]             5            0.010            ArrangeByKey
[0, 386]             3            0.012            Join
[0, 387]             3            0.004            FlatMap
[0, 388]             1            0.001            FlatMap
[0, 389]             3            0.017            ArrangeBySelf
[0, 390]             3            0.003            FlatMap
[0, 391]             1            0.001            FlatMap
[0, 392]             3            0.005            ArrangeBySelf
[0, 393]             2            0.009            Join
[0, 394]             3            0.005            ArrangeByKey
[0, 395]             3            0.008            Join
[0, 396]             3            0.004            FlatMap
[0, 397]             3            0.005            ArrangeByKey
[0, 398]             2            0.007            Join
[0, 399]             3            0.026            FlatMap
[0, 400]             5            0.007            ArrangeByKey
[0, 401]             2            0.008            Join
[0, 402]             3            0.006            FlatMap
[0, 403]             3            0.012            FlatMap
[0, 404]             3            0.006            FlatMap
[0, 405]             3            0.008            FlatMap
[0, 406]             3            0.007            FlatMap
[0, 407]             1            0.001            FlatMap
[0, 408]             3            0.007            ArrangeBySelf
[0, 409]             3            0.026            FlatMap
[0, 410]             3            0.041            FlatMap
[0, 411]             5            0.099            ArrangeBySelf
[0, 412]             3            0.012            FlatMap
[0, 413]             3            0.021            FlatMap
[0, 414]             4            0.010            ArrangeBySelf
[0, 415]             3            0.009            FlatMap
[0, 416]             3            0.022            FlatMap
[0, 417]             5            0.039            ArrangeBySelf
[0, 418]             3            0.097            FlatMap
[0, 419]             5            0.222            ArrangeByKey
[0, 420]             1            0.001            FlatMap
[0, 421]             1            0.000            FlatMap
[0, 422]             2            0.005            ArrangeBySelf
[0, 423]             5            0.025            Join
[0, 424]             3            0.007            ArrangeByKey
[0, 425]             3            0.014            Join
[0, 426]             3            0.007            ArrangeByKey
[0, 427]             3            0.013            Join
[0, 428]             1            0.001            FlatMap
[0, 429]             4            0.009            ArrangeBySelf
[0, 430]             5            0.035            Join
[0, 431]             1            0.001            FlatMap
[0, 432]             4            0.006            ArrangeBySelf
[0, 433]             5            0.017            Join
[0, 434]             1            0.013            FlatMap
[0, 435]             4            0.006            ArrangeBySelf
[0, 436]             3            0.011            Join
[0, 437]             2            0.005            ArrangeByKey
[0, 438]             3            0.012            Join
[0, 439]             1            0.001            FlatMap
[0, 440]             2            0.007            ArrangeBySelf
[0, 441]             3            0.009            Join
[0, 442]             1            0.001            FlatMap
[0, 443]             2            0.004            ArrangeBySelf
[0, 444]             3            0.045            Join
[0, 445]             2            0.004            ArrangeByKey
[0, 446]             2            0.006            Join
[0, 447]             1            0.001            FlatMap
[0, 448]             3            0.006            ArrangeBySelf
[0, 449]             3            0.013            Join
[0, 450]             3            0.009            FlatMap
[0, 451]             3            0.027            FlatMap
[0, 452]             5            0.030            ArrangeBySelf
[0, 453]             3            0.102            FlatMap
[0, 454]             5            0.202            ArrangeByKey
[0, 455]             3            0.108            FlatMap
[0, 456]             5            0.228            ArrangeByKey
[0, 457]             3            0.101            FlatMap
[0, 458]             5            0.216            ArrangeByKey
[0, 459]             3            0.051            AsCollection
[0, 460]             3            0.099            FlatMap
[0, 461]             5            0.230            Arrange: Threshold
[0, 462]             4            0.405            Threshold
[0, 463]             3            0.024            AsCollection
[0, 464]             6            0.041            Join
[0, 465]             3            0.051            FlatMap
[0, 466]             5            0.071            Arrange: Threshold
[0, 467]             4            0.045            Threshold
[0, 468]             3            0.005            AsCollection
[0, 469]             3            0.004            FlatMap
[0, 470]             3            0.005            Concatenate
[0, 471]             3            0.018            FlatMap
[0, 472]             3            0.051            FlatMap
[0, 473]             4            0.114            Arrange: Threshold
[0, 474]             4            0.365            Threshold
[0, 475]             3            0.119            AsCollection
[0, 476]             5            0.201            ArrangeByKey
[0, 477]             3            0.056            AsCollection
[0, 478]             3            0.110            FlatMap
[0, 479]             5            0.229            Arrange: Threshold
[0, 480]             4            0.401            Threshold
[0, 481]             3            0.024            AsCollection
[0, 482]             5            0.044            Join
[0, 483]             3            0.082            FlatMap
[0, 484]             6            0.074            Arrange: Threshold
[0, 485]             4            0.059            Threshold
[0, 486]             3            0.006            AsCollection
[0, 487]             3            0.007            FlatMap
[0, 488]             4            0.012            Concatenate
[0, 489]             4            0.020            FlatMap
[0, 490]             4            0.062            FlatMap
[0, 491]             7            0.102            Arrange: Threshold
[0, 492]             4            0.359            Threshold
[0, 493]             3            0.124            AsCollection
[0, 494]             5            0.199            ArrangeByKey
[0, 495]             3            0.056            AsCollection
[0, 496]             3            0.095            FlatMap
[0, 497]             5            0.189            Arrange: Threshold
[0, 498]             4            0.383            Threshold
[0, 499]             3            0.022            AsCollection
[0, 500]             6            0.061            Join
[0, 501]             3            0.048            FlatMap
[0, 502]             5            0.051            Arrange: Threshold
[0, 503]             4            0.047            Threshold
[0, 504]             3            0.011            AsCollection
[0, 505]             3            0.004            FlatMap
[0, 506]             3            0.004            Concatenate
[0, 507]             3            0.010            FlatMap
[0, 508]             3            0.042            FlatMap
[0, 509]             4            0.110            Arrange: Threshold
[0, 510]             4            0.349            Threshold
[0, 511]             3            0.152            AsCollection
[0, 512]             5            0.193            ArrangeByKey
[0, 513]             6            0.332            Join
[0, 514]             9            0.115            ArrangeByKey
[0, 515]             6            0.287            Join
[0, 516]             3            0.036            FlatMap
[0, 517]             3            0.067            FlatMap
[0, 518]             4            0.184            ArrangeBySelf
[0, 519]             3            0.205            FlatMap
[0, 520]             5            0.663            ArrangeByKey
[0, 521]             6            0.622            Join
[0, 522]             5            0.400            ArrangeByKey
[0, 523]             3            0.016            FlatMap
[0, 524]             3            0.085            FlatMap
[0, 525]             5            0.177            ArrangeBySelf
[0, 526]             3            0.164            FlatMap
[0, 527]             5            0.200            ArrangeByKey
[0, 528]             6            0.231            Join
[0, 529]             4            0.182            ArrangeByKey
[0, 530]             7            0.256            Join
[0, 531]             4            0.106            ArrangeByKey
[0, 532]             6            0.270            Join
[0, 533]             3            0.033            FlatMap
[0, 534]             3            0.175            FlatMap
[0, 535]             5            0.173            ArrangeBySelf
[0, 536]             3            0.099            FlatMap
[0, 537]             5            0.214            ArrangeByKey
[0, 538]             7            0.214            Join
[0, 539]             4            0.191            ArrangeByKey
[0, 540]             7            0.229            Join
[0, 541]             4            0.099            ArrangeByKey
[0, 542]             6            0.262            Join
[0, 543]             3            0.010            FlatMap
[0, 544]             3            0.039            FlatMap
[0, 545]             4            0.033            ArrangeBySelf
[0, 546]             3            0.552            FlatMap
[0, 547]             4            2.964            ArrangeByKey
[0, 548]             3            0.189            FlatMap
[0, 549]             5            0.705            ArrangeByKey
[0, 550]             5            0.176            Join
[0, 551]             4            0.041            ArrangeByKey
[0, 552]             6            0.172            Join
[0, 553]             4            0.048            ArrangeByKey
[0, 554]             6            0.136            Join
[0, 555]             3            0.356            FlatMap
[0, 556]             4            3.036            ArrangeByKey
[0, 557]             3            0.082            FlatMap
[0, 558]             5            0.170            ArrangeByKey
[0, 559]             6            0.243            Join
[0, 560]             3            0.126            FlatMap
[0, 561]             5            0.312            ArrangeByKey
[0, 562]             6            0.324            Join
[0, 563]             4            0.173            ArrangeByKey
[0, 564]             3            0.299            FlatMap
[0, 565]             5            1.149            ArrangeByKey
[0, 566]             6            0.376            Join
[0, 567]             3            0.273            FlatMap
[0, 568]             5            1.193            ArrangeByKey
[0, 569]             6            1.441            Join
[0, 570]             4            0.808            ArrangeByKey
[0, 571]             3            0.273            FlatMap
[0, 572]             5            0.791            ArrangeByKey
[0, 573]             6            1.134            Join
[0, 574]             3            0.141            FlatMap
[0, 575]             5            0.125            ArrangeByKey
[0, 576]             6            0.158            Join
[0, 577]             4            0.057            ArrangeByKey
[0, 578]             6            0.173            Join
[0, 579]             4            0.059            ArrangeByKey
[0, 580]             3            0.205            FlatMap
[0, 581]             5            0.111            ArrangeByKey
[0, 582]             7            0.176            Join
[0, 583]             3            0.295            FlatMap
[0, 584]             5            0.168            ArrangeByKey
[0, 585]             6            0.185            Join
[0, 586]             4            0.078            ArrangeByKey
[0, 587]             3            0.267            FlatMap
[0, 588]             5            0.179            ArrangeByKey
[0, 589]             6            0.199            Join
[0, 590]             3            0.161            FlatMap
[0, 591]             5            0.087            ArrangeByKey
[0, 592]             6            0.097            Join
[0, 593]             4            0.027            ArrangeByKey
[0, 594]             3            0.227            FlatMap
[0, 595]             5            0.089            ArrangeByKey
[0, 596]             6            0.089            Join
[0, 597]             3            0.197            FlatMap
[0, 598]             5            0.065            ArrangeByKey
[0, 599]             6            0.074            Join
[0, 600]             4            0.021            ArrangeByKey
[0, 601]             3            0.264            FlatMap
[0, 602]             5            0.569            ArrangeByKey
[0, 603]             6            0.061            Join
[0, 604]             6            0.633            Join
[0, 605]             5            0.284            ArrangeByKey
[0, 606]             3            0.114            FlatMap
[0, 607]             5            0.098            ArrangeByKey
[0, 608]             6            0.137            Join
[0, 609]             3            0.243            FlatMap
[0, 610]             5            0.134            ArrangeByKey
[0, 611]             6            0.203            Join
[0, 612]             5            0.055            ArrangeByKey
[0, 613]             3            0.216            FlatMap
[0, 614]             5            0.123            ArrangeByKey
[0, 615]             6            0.179            Join
[0, 616]             4            0.087            ArrangeByKey
[0, 617]             7            0.196            Join
[0, 618]             3            0.192            FlatMap
[0, 619]             4            0.315            ArrangeByKey
[0, 620]             6            0.413            Join
[0, 621]             6            0.162            ArrangeByKey
[0, 622]             6            0.431            Join
[0, 623]             5            0.167            ArrangeByKey
[0, 624]             3            0.197            FlatMap
[0, 625]             4            0.295            ArrangeByKey
[0, 626]             7            0.406            Join
[0, 627]             3            0.160            FlatMap
[0, 628]             5            0.297            Arrange: Threshold
[0, 629]             4            0.522            Threshold
[0, 630]             3            0.045            AsCollection
[0, 631]             3            0.098            FlatMap
[0, 632]             5            0.119            Arrange: Threshold
[0, 633]             4            0.203            Threshold
[0, 634]             3            0.014            AsCollection
[0, 635]             1            0.001            Concatenate
[0, 636]             1            0.001            Concatenate
[0, 637]             1            0.001            Concatenate
[0, 638]             3            0.005            Concatenate
[0, 639]             3            0.004            Concatenate
[0, 640]             3            0.004            Concatenate
[0, 641]             3            0.045            FlatMap
[0, 642]             9            0.021            Arrange: Threshold
[0, 643]             4            0.029            Threshold
[0, 644]             3            0.004            AsCollection
[0, 645]             3            0.085            FlatMap
[0, 646]             6            0.065            Arrange: Threshold
[0, 647]             4            0.067            Threshold
[0, 648]             3            0.007            AsCollection
[0, 649]             3            0.161            FlatMap
[0, 650]             7            0.421            Arrange: Threshold
[0, 651]             4            0.846            Threshold
[0, 652]             3            0.056            AsCollection
[0, 653]             3            0.170            FlatMap
[0, 654]             7            0.364            Arrange: Threshold
[0, 655]             4            0.604            Threshold
[0, 656]             3            0.046            AsCollection
[0, 657]             3            0.142            FlatMap
[0, 658]             6            0.125            Arrange: Threshold
[0, 659]             4            0.247            Threshold
[0, 660]             3            0.019            AsCollection
[0, 661]             3            0.133            FlatMap
[0, 662]             8            0.140            Arrange: Threshold
[0, 663]             4            0.216            Threshold
[0, 664]             3            0.015            AsCollection
[0, 665]             3            0.115            FlatMap
[0, 666]             5            0.243            Arrange: Threshold
[0, 667]             4            0.419            Threshold
[0, 668]             3            0.052            AsCollection
[0, 669]             3            0.120            FlatMap
[0, 670]             5            0.146            Arrange: Threshold
[0, 671]             4            0.295            Threshold
[0, 672]             3            0.019            AsCollection
[0, 673]             3            0.085            FlatMap
[0, 674]             8            0.133            Arrange: Threshold
[0, 675]             4            0.203            Threshold
[0, 676]             3            0.014            AsCollection
[0, 677]             1            0.000            FlatMap
[0, 678]             2            0.005            Arrange: Threshold
[0, 679]             2            0.007            Threshold
[0, 680]             1            0.001            AsCollection
[0, 681]             3            0.025            FlatMap
[0, 682]             5            0.042            Arrange: Threshold
[0, 683]             4            0.065            Threshold
[0, 684]             3            0.007            AsCollection
[0, 685]             3            0.157            FlatMap
[0, 686]             10           0.418            Arrange: Threshold
[0, 687]             4            0.811            Threshold
[0, 688]             3            0.049            AsCollection
[0, 689]             3            0.263            FlatMap
[0, 690]             7            0.960            Arrange: Threshold
[0, 691]             4            1.520            Threshold
[0, 692]             3            0.107            AsCollection
[0, 693]             3            0.098            FlatMap
[0, 694]             8            0.106            Arrange: Threshold
[0, 695]             4            0.177            Threshold
[0, 696]             3            0.013            AsCollection
[0, 697]             3            0.084            FlatMap
[0, 698]             8            0.081            Arrange: Threshold
[0, 699]             4            0.096            Threshold
[0, 700]             3            0.008            AsCollection
[0, 701]             3            0.050            FlatMap
[0, 702]             4            0.049            ArrangeByKey
[0, 703]             3            0.077            FlatMap
[0, 704]             5            0.074            ArrangeByKey
[0, 705]             258          7.989            Iterative
[0, 705, 1]          3            0.007            FlatMap
[0, 705, 2]          3            0.007            FlatMap
[0, 705, 3]          3            0.006            Enter
[0, 705, 4]          19           0.025            Feedback
[0, 705, 5]          19           0.428            FlatMap
[0, 705, 6]          71           0.280            ArrangeByKey
[0, 705, 7]          28           0.142            Join
[0, 705, 8]          28           0.219            Join
[0, 705, 9]          15           0.020            Concatenate
[0, 705, 10]         17           0.021            Concatenate
[0, 705, 11]         17           0.357            FlatMap
[0, 705, 12]         48           0.250            Arrange: Threshold
[0, 705, 13]         28           0.313            Threshold
[0, 705, 14]         19           0.041            AsCollection
[0, 705, 15]         19           0.021            ResultsIn
[0, 706]             28           0.032            Leave
[0, 707]             1            0.002            FlatMap
[0, 708]             1            0.001            FlatMap
[0, 709]             1            0.001            FlatMap
[0, 710]             3            0.006            ArrangeBySelf
[0, 711]             3            0.194            FlatMap
[0, 712]             4            0.244            ArrangeByKey
[0, 713]             5            0.022            Join
[0, 714]             3            0.011            FlatMap
[0, 715]             3            0.007            FlatMap
[0, 716]             3            0.026            FlatMap
[0, 717]             5            0.016            ArrangeBySelf
[0, 718]             19           0.445            FlatMap
[0, 719]             41           0.208            ArrangeByKey
[0, 720]             7            0.045            Join
[0, 721]             3            0.007            FlatMap
[0, 722]             3            0.022            FlatMap
[0, 723]             5            0.014            ArrangeBySelf
[0, 724]             7            0.056            Join
[0, 725]             3            0.014            FlatMap
[0, 726]             1            0.001            FlatMap
[0, 727]             3            0.005            Arrange: Threshold
[0, 728]             2            0.006            Threshold
[0, 729]             1            0.001            AsCollection
[0, 730]             3            0.040            FlatMap
[0, 731]             5            0.021            Arrange: Threshold
[0, 732]             4            0.027            Threshold
[0, 733]             3            0.006            AsCollection
[0, 734]             3            0.005            Concatenate
[0, 735]             5            0.007            Concatenate
[0, 736]             5            0.149            FlatMap
[0, 737]             16           0.071            Arrange: Threshold
[0, 738]             4            0.085            Threshold
[0, 739]             3            0.008            AsCollection
[0, 740]             1            0.001            FlatMap
[0, 741]             2            0.009            Arrange: Threshold
[0, 742]             2            0.024            Threshold
[0, 743]             1            0.001            AsCollection
[0, 744]             3            0.056            FlatMap
[0, 745]             4            0.123            Arrange: Threshold
[0, 746]             4            0.402            Threshold
[0, 747]             3            0.023            AsCollection
[0, 748]             3            0.050            FlatMap
[0, 749]             5            0.059            ArrangeByKey
[0, 750]             307          6.588            Iterative
[0, 750, 1]          3            0.006            Enter
[0, 750, 2]          3            0.006            FlatMap
[0, 750, 3]          19           0.023            Feedback
[0, 750, 4]          19           0.328            FlatMap
[0, 750, 5]          61           0.194            ArrangeByKey
[0, 750, 6]          23           0.179            Join
[0, 750, 7]          11           0.016            Concatenate
[0, 750, 8]          11           0.225            FlatMap
[0, 750, 9]          43           0.186            Arrange: Threshold
[0, 750, 10]         27           0.279            Threshold
[0, 750, 11]         19           0.036            AsCollection
[0, 750, 12]         19           0.015            ResultsIn
[0, 751]             40           0.031            Leave
[0, 752]             19           0.028            FlatMap
[0, 753]             21           0.019            Concatenate
[0, 754]             21           0.418            FlatMap
[0, 755]             56           0.145            Arrange: Threshold
[0, 756]             4            0.158            Threshold
[0, 757]             3            0.017            AsCollection
[0, 758]             19           0.319            FlatMap
[0, 759]             44           0.104            Arrange: Threshold
[0, 760]             4            0.104            Threshold
[0, 761]             3            0.017            AsCollection
[0, 762]             3            0.013            FlatMap
[0, 763]             3            0.148            FlatMap
[0, 764]             5            0.219            ArrangeBySelf
[0, 765]             3            0.078            FlatMap
[0, 766]             5            0.064            ArrangeByKey
[0, 767]             3            0.060            FlatMap
[0, 768]             4            0.049            ArrangeByKey
[0, 769]             1149         46.037           Iterative
[0, 769, 1]          3            0.006            FlatMap
[0, 769, 2]          3            0.024            Enter
[0, 769, 3]          3            0.007            FlatMap
[0, 769, 4]          3            0.009            FlatMap
[0, 769, 5]          25           0.042            Feedback
[0, 769, 6]          25           1.123            FlatMap
[0, 769, 7]          52           1.623            ArrangeByKey
[0, 769, 8]          35           1.655            Join
[0, 769, 9]          58           1.313            ArrangeByKey
[0, 769, 10]         21           0.255            AsCollection
[0, 769, 11]         21           1.201            FlatMap
[0, 769, 12]         57           1.357            Arrange: Threshold
[0, 769, 13]         30           3.377            Threshold
[0, 769, 14]         21           0.156            AsCollection
[0, 769, 15]         35           1.149            Join
[0, 769, 16]         13           0.287            FlatMap
[0, 769, 17]         38           0.179            Arrange: Threshold
[0, 769, 18]         29           0.257            Threshold
[0, 769, 19]         17           0.022            AsCollection
[0, 769, 20]         17           0.025            FlatMap
[0, 769, 21]         26           0.030            Concatenate
[0, 769, 22]         26           0.122            FlatMap
[0, 769, 23]         26           1.137            FlatMap
[0, 769, 24]         62           1.444            Arrange: Threshold
[0, 769, 25]         32           3.283            Threshold
[0, 769, 26]         23           0.122            AsCollection
[0, 769, 27]         35           0.789            Join
[0, 769, 28]         27           0.107            ArrangeByKey
[0, 769, 29]         9            0.013            AsCollection
[0, 769, 30]         9            0.190            FlatMap
[0, 769, 31]         30           0.091            Arrange: Threshold
[0, 769, 32]         21           0.145            Threshold
[0, 769, 33]         9            0.012            AsCollection
[0, 769, 34]         24           0.120            Join
[0, 769, 35]         5            0.075            FlatMap
[0, 769, 36]         23           0.119            Arrange: Threshold
[0, 769, 37]         20           0.111            Threshold
[0, 769, 38]         7            0.010            AsCollection
[0, 769, 39]         7            0.009            FlatMap
[0, 769, 40]         11           0.013            Concatenate
[0, 769, 41]         11           0.017            FlatMap
[0, 769, 42]         11           0.182            FlatMap
[0, 769, 43]         31           0.104            Arrange: Threshold
[0, 769, 44]         20           0.119            Threshold
[0, 769, 45]         7            0.008            AsCollection
[0, 769, 46]         27           0.029            Concatenate
[0, 769, 47]         29           0.030            Concatenate
[0, 769, 48]         29           0.639            FlatMap
[0, 769, 49]         97           0.812            Arrange: Threshold
[0, 769, 50]         31           4.804            Threshold
[0, 769, 51]         25           0.206            AsCollection
[0, 769, 52]         25           0.038            ResultsIn
[0, 770]             30           0.103            Leave
[0, 771]             3            0.007            FlatMap
[0, 772]             3            0.031            FlatMap
[0, 773]             5            0.018            ArrangeBySelf
[0, 774]             3            0.044            FlatMap
[0, 775]             5            0.024            ArrangeByKey
[0, 776]             7            0.074            Join
[0, 777]             6            0.014            ArrangeByKey
[0, 778]             3            0.076            FlatMap
[0, 779]             5            0.033            ArrangeByKey
[0, 780]             7            0.057            Join
[0, 781]             6            0.011            ArrangeByKey
[0, 782]             209          5.187            Iterative
[0, 782, 1]          3            0.007            FlatMap
[0, 782, 2]          3            0.006            FlatMap
[0, 782, 3]          3            0.011            Enter
[0, 782, 4]          3            0.005            FlatMap
[0, 782, 5]          5            0.007            Feedback
[0, 782, 6]          5            0.162            FlatMap
[0, 782, 7]          15           0.172            ArrangeByKey
[0, 782, 8]          12           0.314            Join
[0, 782, 9]          16           0.158            ArrangeByKey
[0, 782, 10]         12           0.219            Join
[0, 782, 11]         18           0.150            ArrangeByKey
[0, 782, 12]         12           0.114            Join
[0, 782, 13]         11           0.040            ArrangeByKey
[0, 782, 14]         9            0.048            Join
[0, 782, 15]         5            0.007            Concatenate
[0, 782, 16]         5            0.089            FlatMap
[0, 782, 17]         32           0.082            Arrange: Threshold
[0, 782, 18]         8            0.246            Threshold
[0, 782, 19]         5            0.031            AsCollection
[0, 782, 20]         5            0.006            ResultsIn
[0, 783]             7            0.011            Leave
[0, 784]             5            0.015            FlatMap
[0, 785]             5            0.014            FlatMap
[0, 786]             5            0.112            FlatMap
[0, 787]             11           0.116            Arrange: Threshold
[0, 788]             4            0.183            Threshold
[0, 789]             3            0.016            AsCollection
[0, 790]             5            0.066            FlatMap
[0, 791]             12           0.073            Arrange: Threshold
[0, 792]             4            0.219            Threshold
[0, 793]             3            0.014            AsCollection
[0, 794]             3            0.052            FlatMap
[0, 795]             5            0.051            ArrangeByKey
[0, 796]             3            0.052            FlatMap
[0, 797]             5            0.043            ArrangeByKey
[0, 798]             3            0.143            FlatMap
[0, 799]             6            0.228            ArrangeByKey
[0, 800]             3            0.179            FlatMap
[0, 801]             5            0.211            ArrangeByKey
[0, 802]             3            0.032            FlatMap
[0, 803]             4            0.016            ArrangeByKey
[0, 804]             3            0.010            FlatMap
[0, 805]             3            0.039            FlatMap
[0, 806]             5            0.050            ArrangeBySelf
[0, 807]             3            0.074            FlatMap
[0, 808]             6            0.115            ArrangeByKey
[0, 809]             3            0.585            FlatMap
[0, 810]             4            2.719            ArrangeByKey
[0, 811]             3            0.229            FlatMap
[0, 812]             6            0.873            ArrangeByKey
[0, 813]             3            0.172            FlatMap
[0, 814]             6            0.441            ArrangeByKey
[0, 815]             3            0.544            FlatMap
[0, 816]             4            3.302            ArrangeByKey
[0, 817]             3            0.155            FlatMap
[0, 818]             5            0.189            ArrangeByKey
[0, 819]             3            0.314            FlatMap
[0, 820]             5            0.688            ArrangeByKey
[0, 821]             3            0.073            FlatMap
[0, 822]             6            0.202            ArrangeByKey
[0, 823]             3            0.238            FlatMap
[0, 824]             5            0.482            ArrangeByKey
[0, 825]             3            0.176            FlatMap
[0, 826]             6            0.444            ArrangeByKey
[0, 827]             3            0.149            FlatMap
[0, 828]             7            0.455            ArrangeByKey
[0, 829]             25           1.092            FlatMap
[0, 830]             40           1.700            ArrangeByKey
[0, 831]             3            0.140            FlatMap
[0, 832]             5            0.345            ArrangeByKey
[0, 833]             3            0.368            FlatMap
[0, 834]             5            0.870            ArrangeByKey
[0, 835]             3            0.084            FlatMap
[0, 836]             7            0.159            ArrangeByKey
[0, 837]             3            0.095            FlatMap
[0, 838]             5            0.119            ArrangeByKey
[0, 839]             3            0.167            FlatMap
[0, 840]             5            0.096            ArrangeByKey
[0, 841]             3            0.016            FlatMap
[0, 842]             3            0.062            FlatMap
[0, 843]             6            0.152            ArrangeBySelf
[0, 844]             3            0.102            FlatMap
[0, 845]             10           0.159            ArrangeByKey
[0, 846]             3            0.164            FlatMap
[0, 847]             5            0.414            ArrangeByKey
[0, 848]             3            0.115            FlatMap
[0, 849]             7            0.143            ArrangeByKey
[0, 850]             3            0.184            FlatMap
[0, 851]             7            0.341            ArrangeByKey
[0, 852]             3            0.043            FlatMap
[0, 853]             5            0.056            ArrangeByKey
[0, 854]             3            0.094            FlatMap
[0, 855]             7            0.123            ArrangeByKey
[0, 856]             3            0.136            FlatMap
[0, 857]             5            0.114            ArrangeByKey
[0, 858]             3            0.103            FlatMap
[0, 859]             7            0.122            ArrangeByKey
[0, 860]             3            0.092            FlatMap
[0, 861]             9            0.066            ArrangeByKey
[0, 862]             3            0.075            FlatMap
[0, 863]             9            0.055            ArrangeByKey
[0, 864]             3            0.125            FlatMap
[0, 865]             7            0.412            ArrangeByKey
[0, 866]             3            0.114            FlatMap
[0, 867]             7            0.148            ArrangeByKey
[0, 868]             3            0.015            FlatMap
[0, 869]             3            0.033            FlatMap
[0, 870]             4            0.036            ArrangeBySelf
[0, 871]             3            0.196            FlatMap
[0, 872]             5            0.663            ArrangeByKey
[0, 873]             6            0.148            Join
[0, 874]             6            0.052            ArrangeByKey
[0, 875]             3            0.133            FlatMap
[0, 876]             5            0.222            ArrangeByKey
[0, 877]             215742       7678.861         Iterative
[0, 877, 1]          3            0.007            FlatMap
[0, 877, 2]          3            0.005            FlatMap
[0, 877, 3]          3            0.008            FlatMap
[0, 877, 4]          3            0.009            FlatMap
[0, 877, 5]          3            0.006            FlatMap
[0, 877, 6]          1            0.001            Enter
[0, 877, 7]          3            0.005            FlatMap
[0, 877, 8]          3            0.006            FlatMap
[0, 877, 9]          3            0.009            FlatMap
[0, 877, 10]         3            0.004            FlatMap
[0, 877, 11]         3            0.006            FlatMap
[0, 877, 12]         3            0.005            FlatMap
[0, 877, 13]         3            0.007            FlatMap
[0, 877, 14]         3            0.005            FlatMap
[0, 877, 15]         3            0.008            FlatMap
[0, 877, 16]         3            0.007            FlatMap
[0, 877, 17]         3            0.004            FlatMap
[0, 877, 18]         3            0.007            FlatMap
[0, 877, 19]         3            0.014            FlatMap
[0, 877, 20]         3            0.014            FlatMap
[0, 877, 21]         3            0.011            FlatMap
[0, 877, 22]         3            0.005            FlatMap
[0, 877, 23]         3            0.008            FlatMap
[0, 877, 24]         3            0.004            FlatMap
[0, 877, 25]         3            0.006            FlatMap
[0, 877, 26]         3            0.005            FlatMap
[0, 877, 27]         3            0.004            FlatMap
[0, 877, 28]         1            0.001            Enter
[0, 877, 29]         3            0.005            FlatMap
[0, 877, 30]         3            0.005            FlatMap
[0, 877, 31]         3            0.006            FlatMap
[0, 877, 32]         3            0.006            FlatMap
[0, 877, 33]         3            0.003            FlatMap
[0, 877, 34]         3            0.006            FlatMap
[0, 877, 35]         3            0.009            FlatMap
[0, 877, 36]         3            0.004            FlatMap
[0, 877, 37]         3            0.005            FlatMap
[0, 877, 38]         3            0.012            FlatMap
[0, 877, 39]         3            0.007            FlatMap
[0, 877, 40]         3            0.005            FlatMap
[0, 877, 41]         3            0.004            FlatMap
[0, 877, 42]         205          0.407            Feedback
[0, 877, 43]         417          0.927            Feedback
[0, 877, 44]         229          0.373            Feedback
[0, 877, 45]         321          0.463            Feedback
[0, 877, 46]         323          0.459            Feedback
[0, 877, 47]         455          7.409            Feedback
[0, 877, 48]         353          0.483            Feedback
[0, 877, 49]         75           0.121            Feedback
[0, 877, 50]         75           0.136            FlatMap
[0, 877, 51]         75           0.992            FlatMap
[0, 877, 52]         964          1.655            ArrangeBySelf
[0, 877, 53]         324          1.617            Join
[0, 877, 54]         324          1.092            Join
[0, 877, 55]         205          0.410            FlatMap
[0, 877, 56]         205          4.808            FlatMap
[0, 877, 57]         933          2.096            ArrangeBySelf
[0, 877, 58]         437          2.842            Join
[0, 877, 59]         496          1.466            ArrangeByKey
[0, 877, 60]         455          45.994           FlatMap
[0, 877, 61]         2454         101.728          ArrangeByKey
[0, 877, 62]         907          6.270            Join
[0, 877, 63]         531          2.020            ArrangeByKey
[0, 877, 64]         953          6.508            Join
[0, 877, 65]         1036         10.130           ArrangeByKey
[0, 877, 66]         540          17.839           Join
[0, 877, 67]         1111         6.402            ArrangeByKey
[0, 877, 68]         565          11.910           Join
[0, 877, 69]         1209         1.598            ArrangeByKey
[0, 877, 70]         257          1.863            Join
[0, 877, 71]         1093         5.877            ArrangeByKey
[0, 877, 72]         545          6.302            Join
[0, 877, 73]         437          2.691            Join
[0, 877, 74]         542          1.853            ArrangeByKey
[0, 877, 75]         940          5.589            Join
[0, 877, 76]         536          1.427            ArrangeByKey
[0, 877, 77]         353          9.552            FlatMap
[0, 877, 78]         1576         4.321            ArrangeByKey
[0, 877, 79]         804          18.007           Join
[0, 877, 80]         1385         1.915            ArrangeByKey
[0, 877, 81]         324          3.606            Join
[0, 877, 82]         2041         16.057           ArrangeByKey
[0, 877, 83]         484          22.299           Join
[0, 877, 84]         1315         1.461            ArrangeByKey
[0, 877, 85]         255          1.591            Join
[0, 877, 86]         785          1.388            ArrangeByKey
[0, 877, 87]         254          1.836            Join
[0, 877, 88]         437          6.342            Join
[0, 877, 89]         1016         2.401            ArrangeByKey
[0, 877, 90]         1020         19.004           Join
[0, 877, 91]         437          4.581            Join
[0, 877, 92]         795          1.704            ArrangeByKey
[0, 877, 93]         967          16.823           Join
[0, 877, 94]         794          5.995            ArrangeByKey
[0, 877, 95]         417          28.661           FlatMap
[0, 877, 96]         2105         48.503           ArrangeByKey
[0, 877, 97]         1235         96.914           Join
[0, 877, 98]         437          2.531            Join
[0, 877, 99]         205          5.863            FlatMap
[0, 877, 100]        1075         4.442            ArrangeBySelf
[0, 877, 101]        570          7.734            Join
[0, 877, 102]        897          1.634            ArrangeByKey
[0, 877, 103]        570          8.663            Join
[0, 877, 104]        964          1.496            ArrangeByKey
[0, 877, 105]        1037         7.507            Join
[0, 877, 106]        704          2.485            ArrangeByKey
[0, 877, 107]        967          12.436           Join
[0, 877, 108]        996          2.184            ArrangeByKey
[0, 877, 109]        511          3.678            Join
[0, 877, 110]        570          8.397            Join
[0, 877, 111]        981          1.835            ArrangeByKey
[0, 877, 112]        570          7.250            Join
[0, 877, 113]        916          1.555            ArrangeByKey
[0, 877, 114]        570          6.597            Join
[0, 877, 115]        929          1.528            ArrangeByKey
[0, 877, 116]        1074         32.949           Join
[0, 877, 117]        985          30.454           ArrangeByKey
[0, 877, 118]        591          33.433           Join
[0, 877, 119]        1342         13.970           ArrangeByKey
[0, 877, 120]        1152         21.018           Join
[0, 877, 121]        1467         3.256            ArrangeByKey
[0, 877, 122]        1157         25.211           Join
[0, 877, 123]        1463         7.939            ArrangeByKey
[0, 877, 124]        579          11.786           Join
[0, 877, 125]        321          9.214            FlatMap
[0, 877, 126]        1183         2.907            ArrangeByKey
[0, 877, 127]        536          8.296            Join
[0, 877, 128]        1226         3.152            ArrangeByKey
[0, 877, 129]        521          5.364            Join
[0, 877, 130]        323          8.722            FlatMap
[0, 877, 131]        1757         3.621            ArrangeByKey
[0, 877, 132]        1238         58.260           Join
[0, 877, 133]        437          2.847            Join
[0, 877, 134]        663          1.753            ArrangeByKey
[0, 877, 135]        303          3.250            Join
[0, 877, 136]        662          2.142            ArrangeByKey
[0, 877, 137]        477          12.275           Join
[0, 877, 138]        2073         28.508           ArrangeByKey
[0, 877, 139]        455          6.723            FlatMap
[0, 877, 140]        455          23.299           FlatMap
[0, 877, 141]        1985         45.772           ArrangeBySelf
[0, 877, 142]        1201         428.340          Join
[0, 877, 143]        591          72.589           Join
[0, 877, 144]        1627         31.642           ArrangeByKey
[0, 877, 145]        1151         53.792           Join
[0, 877, 146]        2111         16.645           ArrangeByKey
[0, 877, 147]        1158         72.878           Join
[0, 877, 148]        2154         8.443            ArrangeByKey
[0, 877, 149]        580          20.796           Join
[0, 877, 150]        1657         5.553            ArrangeByKey
[0, 877, 151]        558          6.728            Join
[0, 877, 152]        455          7.888            FlatMap
[0, 877, 153]        455          37.660           FlatMap
[0, 877, 154]        2933         28.503           ArrangeBySelf
[0, 877, 155]        570          9.357            Join
[0, 877, 156]        1568         2.372            ArrangeByKey
[0, 877, 157]        1022         9.603            Join
[0, 877, 158]        219          3.231            FlatMap
[0, 877, 159]        1425         2.905            ArrangeBySelf
[0, 877, 160]        509          7.872            Join
[0, 877, 161]        1282         2.563            ArrangeByKey
[0, 877, 162]        828          4.215            Join
[0, 877, 163]        536          8.920            Join
[0, 877, 164]        1507         2.621            ArrangeByKey
[0, 877, 165]        550          4.410            Join
[0, 877, 166]        437          3.306            Join
[0, 877, 167]        737          1.550            ArrangeByKey
[0, 877, 168]        974          10.189           Join
[0, 877, 169]        1190         2.358            ArrangeByKey
[0, 877, 170]        1108         18.476           Join
[0, 877, 171]        1157         13.592           Join
[0, 877, 172]        429          17.822           FlatMap
[0, 877, 173]        2380         7.366            ArrangeBySelf
[0, 877, 174]        580          5.815            Join
[0, 877, 175]        437          1.768            Join
[0, 877, 176]        109          1.977            FlatMap
[0, 877, 177]        830          1.703            ArrangeBySelf
[0, 877, 178]        456          2.559            Join
[0, 877, 179]        324          1.567            Join
[0, 877, 180]        437          1.597            Join
[0, 877, 181]        57           0.781            FlatMap
[0, 877, 182]        634          1.246            ArrangeBySelf
[0, 877, 183]        350          1.908            Join
[0, 877, 184]        437          2.702            Join
[0, 877, 185]        642          1.247            ArrangeByKey
[0, 877, 186]        229          4.765            FlatMap
[0, 877, 187]        1504         1.440            ArrangeByKey
[0, 877, 188]        642          3.487            Join
[0, 877, 189]        828          4.705            Join
[0, 877, 190]        437          1.798            Join
[0, 877, 191]        472          1.084            ArrangeByKey
[0, 877, 192]        924          115.040          Join
[0, 877, 193]        437          1.545            Join
[0, 877, 194]        19           0.276            FlatMap
[0, 877, 195]        476          1.262            ArrangeBySelf
[0, 877, 196]        311          1.476            Join
[0, 877, 197]        205          0.373            FlatMap
[0, 877, 198]        205          4.561            FlatMap
[0, 877, 199]        981          1.331            ArrangeBySelf
[0, 877, 200]        437          2.412            Join
[0, 877, 201]        437          1.683            Join
[0, 877, 202]        437          1.179            Join
[0, 877, 203]        437          7.652            Join
[0, 877, 204]        1279         4.096            ArrangeByKey
[0, 877, 205]        570          5.262            Join
[0, 877, 206]        149          2.097            FlatMap
[0, 877, 207]        1009         1.420            ArrangeBySelf
[0, 877, 208]        398          2.348            Join
[0, 877, 209]        149          2.577            FlatMap
[0, 877, 210]        970          1.439            ArrangeBySelf
[0, 877, 211]        334          1.909            Join
[0, 877, 212]        353          0.578            Concatenate
[0, 877, 213]        627          0.732            Concatenate
[0, 877, 214]        715          0.665            Concatenate
[0, 877, 215]        715          0.678            Concatenate
[0, 877, 216]        715          19.382           FlatMap
[0, 877, 217]        3429         5.875            Arrange: Threshold
[0, 877, 218]        554          6.486            Threshold
[0, 877, 219]        319          0.520            AsCollection
[0, 877, 220]        403          0.637            Concatenate
[0, 877, 221]        403          9.419            FlatMap
[0, 877, 222]        2580         4.299            Arrange: Threshold
[0, 877, 223]        570          7.979            Threshold
[0, 877, 224]        323          0.782            AsCollection
[0, 877, 225]        51           0.595            FlatMap
[0, 877, 226]        1173         1.960            Arrange: Threshold
[0, 877, 227]        472          4.237            Threshold
[0, 877, 228]        229          0.585            AsCollection
[0, 877, 229]        605          0.749            Concatenate
[0, 877, 230]        693          0.624            Concatenate
[0, 877, 231]        693          22.272           FlatMap
[0, 877, 232]        3425         9.729            Arrange: Threshold
[0, 877, 233]        653          21.160           Threshold
[0, 877, 234]        427          0.691            AsCollection
[0, 877, 235]        334          26.030           FlatMap
[0, 877, 236]        3572         46.934           Arrange: Threshold
[0, 877, 237]        653          355.926          Threshold
[0, 877, 238]        419          9.381            AsCollection
[0, 877, 239]        275          0.433            Concatenate
[0, 877, 240]        279          0.369            Concatenate
[0, 877, 241]        328          0.580            Concatenate
[0, 877, 242]        344          0.400            Concatenate
[0, 877, 243]        428          0.484            Concatenate
[0, 877, 244]        428          0.429            Concatenate
[0, 877, 245]        428          6.861            FlatMap
[0, 877, 246]        2983         2.062            Arrange: Threshold
[0, 877, 247]        390          2.755            Threshold
[0, 877, 248]        149          0.235            AsCollection
[0, 877, 249]        225          5.869            FlatMap
[0, 877, 250]        1511         4.406            Arrange: Threshold
[0, 877, 251]        613          14.377           Threshold
[0, 877, 252]        385          0.838            AsCollection
[0, 877, 253]        459          0.788            Concatenate
[0, 877, 254]        1152         1.519            Concatenate
[0, 877, 255]        1386         1.359            Concatenate
[0, 877, 256]        1545         1.970            Concatenate
[0, 877, 257]        1778         1.958            Concatenate
[0, 877, 258]        2085         1.962            Concatenate
[0, 877, 259]        2125         1.930            Concatenate
[0, 877, 260]        2213         1.941            Concatenate
[0, 877, 261]        2213         148.678          FlatMap
[0, 877, 262]        14481        302.987          Arrange: Threshold
[0, 877, 263]        660          1532.447         Threshold
[0, 877, 264]        463          15.052           AsCollection
[0, 877, 265]        205          0.279            ResultsIn
[0, 877, 266]        417          2.472            ResultsIn
[0, 877, 267]        353          0.393            ResultsIn
[0, 877, 268]        75           0.095            ResultsIn
[0, 877, 269]        229          0.310            ResultsIn
[0, 877, 270]        455          2.019            ResultsIn
[0, 877, 271]        321          0.353            ResultsIn
[0, 877, 272]        323          0.434            ResultsIn
[0, 878]             559          0.530            Leave
[0, 879]             1028         1.764            Leave
[0, 880]             820          0.646            Leave
[0, 881]             602          0.570            Leave
[0, 882]             1061         0.699            Leave
[0, 883]             1372         3.165            Leave
[0, 884]             889          0.628            Leave
[0, 885]             529          0.359            Leave
[0, 886]             25           0.494            FlatMap
[0, 887]             40           1.147            Arrange: Threshold
[0, 888]             4            2.076            Threshold
[0, 889]             3            0.118            AsCollection
[0, 890]             3            0.040            FlatMap
[0, 891]             3            0.040            FlatMap
[0, 892]             3            0.084            FlatMap
[0, 893]             13           0.007            Consolidate
[0, 894]             1            0.001            AsCollection
[0, 895]             2            0.003            InspectBatch
[0, 896]             2            0.002            Probe
[0, 897]             3            0.058            FlatMap
[0, 898]             4            0.128            Arrange: Threshold
[0, 899]             4            0.404            Threshold
[0, 900]             3            0.019            AsCollection
[0, 901]             3            0.011            FlatMap
[0, 902]             3            0.009            FlatMap
[0, 903]             3            0.033            FlatMap
[0, 904]             5            0.008            Consolidate
[0, 905]             1            0.001            AsCollection
[0, 906]             2            0.002            InspectBatch
[0, 907]             2            0.002            Probe
[0, 908]             3            0.020            FlatMap
[0, 909]             5            0.023            Arrange: Threshold
[0, 910]             4            0.064            Threshold
[0, 911]             3            0.006            AsCollection
[0, 912]             3            0.005            FlatMap
[0, 913]             3            0.005            FlatMap
[0, 914]             3            0.019            FlatMap
[0, 915]             6            0.013            Consolidate
[0, 916]             1            0.001            AsCollection
[0, 917]             2            0.003            InspectBatch
[0, 918]             2            0.002            Probe
[0, 919]             19           0.241            FlatMap
[0, 920]             48           0.059            Arrange: Threshold
[0, 921]             4            0.101            Threshold
[0, 922]             3            0.010            AsCollection
[0, 923]             3            0.009            FlatMap
[0, 924]             3            0.008            FlatMap
[0, 925]             3            0.032            FlatMap
[0, 926]             6            0.008            Consolidate
[0, 927]             1            0.000            AsCollection
[0, 928]             2            0.002            InspectBatch
[0, 929]             2            0.002            Probe
[0, 930]             3            0.038            FlatMap
[0, 931]             7            0.035            Arrange: Threshold
[0, 932]             4            0.102            Threshold
[0, 933]             3            0.008            AsCollection
[0, 934]             3            0.005            FlatMap
[0, 935]             3            0.006            FlatMap
[0, 936]             3            0.035            FlatMap
[0, 937]             5            0.005            Consolidate
[0, 938]             1            0.001            AsCollection
[0, 939]             2            0.003            InspectBatch
[0, 940]             2            0.002            Probe
[0, 941]             19           0.309            FlatMap
[0, 942]             58           0.068            Arrange: Threshold
[0, 943]             4            0.073            Threshold
[0, 944]             3            0.008            AsCollection
[0, 945]             3            0.007            FlatMap
[0, 946]             3            0.005            FlatMap
[0, 947]             3            0.027            FlatMap
[0, 948]             6            0.007            Consolidate
[0, 949]             1            0.001            AsCollection
[0, 950]             2            0.002            InspectBatch
[0, 951]             2            0.001            Probe
[0, 952]             5            0.070            FlatMap
[0, 953]             12           0.063            Arrange: Threshold
[0, 954]             4            0.188            Threshold
[0, 955]             3            0.015            AsCollection
[0, 956]             3            0.009            FlatMap
[0, 957]             3            0.006            FlatMap
[0, 958]             3            0.035            FlatMap
[0, 959]             7            0.007            Consolidate
[0, 960]             1            0.001            AsCollection
[0, 961]             2            0.002            InspectBatch
[0, 962]             2            0.001            Probe
[0, 963]             3            0.032            FlatMap
[0, 964]             7            0.054            Arrange: Threshold
[0, 965]             4            0.196            Threshold
[0, 966]             3            0.015            AsCollection
[0, 967]             3            0.008            FlatMap
[0, 968]             3            0.007            FlatMap
[0, 969]             3            0.025            FlatMap
[0, 970]             6            0.006            Consolidate
[0, 971]             1            0.000            AsCollection
[0, 972]             2            0.003            InspectBatch
[0, 973]             2            0.001            Probe
[0, 974]             3            0.036            FlatMap
[0, 975]             7            0.042            Arrange: Threshold
[0, 976]             4            0.218            Threshold
[0, 977]             3            0.017            AsCollection
[0, 978]             3            0.008            FlatMap
[0, 979]             3            0.007            FlatMap
[0, 980]             3            0.030            FlatMap
[0, 981]             8            0.006            Consolidate
[0, 982]             1            0.000            AsCollection
[0, 983]             2            0.002            InspectBatch
[0, 984]             2            0.001            Probe
[0, 985]             1            0.001            FlatMap
[0, 986]             2            0.006            Arrange: Threshold
[0, 987]             2            0.006            Threshold
[0, 988]             1            0.001            AsCollection
[0, 989]             1            0.001            FlatMap
[0, 990]             1            0.001            FlatMap
[0, 991]             1            0.000            FlatMap
[0, 992]             3            0.005            Consolidate
[0, 993]             1            0.000            AsCollection
[0, 994]             2            0.002            InspectBatch
[0, 995]             2            0.001            Probe
[0, 996]             3            0.025            FlatMap
[0, 997]             4            0.012            Arrange: Threshold
[0, 998]             4            0.034            Threshold
[0, 999]             3            0.004            AsCollection
[0, 1000]            3            0.005            FlatMap
[0, 1001]            3            0.008            FlatMap
[0, 1002]            3            0.028            FlatMap
[0, 1003]            6            0.007            Consolidate
[0, 1004]            1            0.001            AsCollection
[0, 1005]            2            0.002            InspectBatch
[0, 1006]            2            0.001            Probe
[0, 1007]            75           0.956            FlatMap
[0, 1008]            807          0.565            Arrange: Threshold
[0, 1009]            4            0.041            Threshold
[0, 1010]            3            0.004            AsCollection
[0, 1011]            3            0.004            FlatMap
[0, 1012]            3            0.003            FlatMap
[0, 1013]            3            0.022            FlatMap
[0, 1014]            4            0.005            Consolidate
[0, 1015]            1            0.001            AsCollection
[0, 1016]            2            0.002            InspectBatch
[0, 1017]            2            0.001            Probe
[0, 1018]            323          5.932            FlatMap
[0, 1019]            1495         1.345            Arrange: Threshold
[0, 1020]            4            0.379            Threshold
[0, 1021]            3            0.027            AsCollection
[0, 1022]            3            0.012            FlatMap
[0, 1023]            3            0.011            FlatMap
[0, 1024]            3            0.027            FlatMap
[0, 1025]            4            0.003            Consolidate
[0, 1026]            1            0.001            AsCollection
[0, 1027]            2            0.002            InspectBatch
[0, 1028]            2            0.005            Probe
[0, 1029]            455          20.639           FlatMap
[0, 1030]            2163         127.143          Arrange: Threshold
[0, 1031]            4            122.381          Threshold
[0, 1032]            3            8.318            AsCollection
[0, 1033]            3            13.616           FlatMap
[0, 1034]            3            3.066            FlatMap
[0, 1035]            3            5.337            FlatMap
[0, 1036]            4            0.008            Consolidate
[0, 1037]            1            0.001            AsCollection
[0, 1038]            2            0.002            InspectBatch
[0, 1039]            2            0.007            Probe
[0, 1040]            417          13.944           FlatMap
[0, 1041]            1725         48.718           Arrange: Threshold
[0, 1042]            4            45.989           Threshold
[0, 1043]            3            5.206            AsCollection
[0, 1044]            3            1.431            FlatMap
[0, 1045]            3            1.081            FlatMap
[0, 1046]            3            1.421            FlatMap
[0, 1047]            30           0.008            Consolidate
[0, 1048]            1            0.001            AsCollection
[0, 1049]            2            0.002            InspectBatch
[0, 1050]            2            0.001            Probe
[0, 1051]            229          4.126            FlatMap
[0, 1052]            1387         0.846            Arrange: Threshold
[0, 1053]            4            0.242            Threshold
[0, 1054]            3            0.012            AsCollection
[0, 1055]            3            0.008            FlatMap
[0, 1056]            3            0.006            FlatMap
[0, 1057]            3            0.020            FlatMap
[0, 1058]            30           0.008            Consolidate
[0, 1059]            1            0.001            AsCollection
[0, 1060]            2            0.002            InspectBatch
[0, 1061]            2            0.010            Probe
[0, 1062]            321          7.340            FlatMap
[0, 1063]            1067         0.819            Arrange: Threshold
[0, 1064]            4            0.212            Threshold
[0, 1065]            3            0.015            AsCollection
[0, 1066]            3            0.008            FlatMap
[0, 1067]            3            0.008            FlatMap
[0, 1068]            3            0.030            FlatMap
[0, 1069]            30           0.011            Consolidate
[0, 1070]            1            0.000            AsCollection
[0, 1071]            2            0.002            InspectBatch
[0, 1072]            2            0.001            Probe
[0, 1073]            353          7.479            FlatMap
[0, 1074]            1411         1.359            Arrange: Threshold
[0, 1075]            4            0.714            Threshold
[0, 1076]            3            0.055            AsCollection
[0, 1077]            3            0.029            FlatMap
[0, 1078]            3            0.024            FlatMap
[0, 1079]            3            0.057            FlatMap
[0, 1080]            33           0.008            Consolidate
[0, 1081]            1            0.001            AsCollection
[0, 1082]            2            0.002            InspectBatch
[0, 1083]            2            0.001            Probe
[0, 1084]            205          4.655            FlatMap
[0, 1085]            949          0.705            Arrange: Threshold
[0, 1086]            4            0.051            Threshold
[0, 1087]            3            0.005            AsCollection
[0, 1088]            3            0.003            FlatMap
[0, 1089]            3            0.005            FlatMap
[0, 1090]            3            0.017            FlatMap
[0, 1091]            33           0.007            Consolidate
[0, 1092]            1            0.001            AsCollection
[0, 1093]            2            0.015            InspectBatch
[0, 1094]            2            0.001            Probe
