addr                 activations  total_active_ms  name
[0]                  215998       8795.015         Dataflow
[0, 1]               1            0.000            Input
[0, 2]               2            0.213            FlatMap
[0, 3]               7            0.076            Arrange: Threshold
[0, 4]               4            0.086            Threshold
[0, 5]               3            0.015            AsCollection
[0, 6]               1            0.000            Input
[0, 7]               2            0.282            FlatMap
[0, 8]               6            0.048            Arrange: Threshold
[0, 9]               4            0.057            Threshold
[0, 10]              3            0.007            AsCollection
[0, 11]              1            0.000            Input
[0, 12]              1            0.001            FlatMap
[0, 13]              3            0.010            Arrange: Threshold
[0, 14]              2            0.008            Threshold
[0, 15]              1            0.001            AsCollection
[0, 16]              1            0.000            Input
[0, 17]              2            0.505            FlatMap
[0, 18]              7            0.316            Arrange: Threshold
[0, 19]              4            0.506            Threshold
[0, 20]              3            0.041            AsCollection
[0, 21]              1            0.000            Input
[0, 22]              2            0.253            FlatMap
[0, 23]              7            0.045            Arrange: Threshold
[0, 24]              4            0.021            Threshold
[0, 25]              3            0.009            AsCollection
[0, 26]              1            0.000            Input
[0, 27]              2            0.225            FlatMap
[0, 28]              7            0.285            Arrange: Threshold
[0, 29]              4            0.627            Threshold
[0, 30]              3            0.043            AsCollection
[0, 31]              1            0.000            Input
[0, 32]              2            0.408            FlatMap
[0, 33]              7            0.379            Arrange: Threshold
[0, 34]              4            0.594            Threshold
[0, 35]              3            0.039            AsCollection
[0, 36]              1            0.000            Input
[0, 37]              2            0.384            FlatMap
[0, 38]              9            0.308            Arrange: Threshold
[0, 39]              4            0.557            Threshold
[0, 40]              3            0.054            AsCollection
[0, 41]              1            0.000            Input
[0, 42]              2            0.939            FlatMap
[0, 43]              8            3.098            Arrange: Threshold
[0, 44]              4            5.727            Threshold
[0, 45]              3            0.345            AsCollection
[0, 46]              1            0.000            Input
[0, 47]              2            0.121            FlatMap
[0, 48]              8            0.212            Arrange: Threshold
[0, 49]              4            0.494            Threshold
[0, 50]              3            0.044            AsCollection
[0, 51]              1            0.000            Input
[0, 52]              2            0.047            FlatMap
[0, 53]              6            0.067            Arrange: Threshold
[0, 54]              4            0.052            Threshold
[0, 55]              3            0.013            AsCollection
[0, 56]              1            0.000            Input
[0, 57]              2            0.214            FlatMap
[0, 58]              7            0.056            Arrange: Threshold
[0, 59]              4            0.018            Threshold
[0, 60]              3            0.005            AsCollection
[0, 61]              1            0.000            Input
[0, 62]              2            0.090            FlatMap
[0, 63]              5            0.023            Arrange: Threshold
[0, 64]              4            0.020            Threshold
[0, 65]              3            0.004            AsCollection
[0, 66]              1            0.000            Input
[0, 67]              2            0.224            FlatMap
[0, 68]              7            0.049            Arrange: Threshold
[0, 69]              4            0.037            Threshold
[0, 70]              3            0.006            AsCollection
[0, 71]              1            0.000            Input
[0, 72]              2            0.261            FlatMap
[0, 73]              6            0.255            Arrange: Threshold
[0, 74]              4            0.602            Threshold
[0, 75]              3            0.036            AsCollection
[0, 76]              1            0.000            Input
[0, 77]              2            0.245            FlatMap
[0, 78]              7            0.129            Arrange: Threshold
[0, 79]              4            0.286            Threshold
[0, 80]              3            0.017            AsCollection
[0, 81]              1            0.000            Input
[0, 82]              2            0.267            FlatMap
[0, 83]              7            0.333            Arrange: Threshold
[0, 84]              4            0.600            Threshold
[0, 85]              3            0.061            AsCollection
[0, 86]              1            0.000            Input
[0, 87]              2            0.502            FlatMap
[0, 88]              7            1.125            Arrange: Threshold
[0, 89]              4            1.922            Threshold
[0, 90]              3            0.156            AsCollection
[0, 91]              1            0.000            Input
[0, 92]              2            0.244            FlatMap
[0, 93]              7            0.132            Arrange: Threshold
[0, 94]              4            0.240            Threshold
[0, 95]              3            0.041            AsCollection
[0, 96]              1            0.000            Input
[0, 97]              2            0.322            FlatMap
[0, 98]              7            0.383            Arrange: Threshold
[0, 99]              4            0.254            Threshold
[0, 100]             3            0.015            AsCollection
[0, 101]             1            0.000            Input
[0, 102]             2            0.176            FlatMap
[0, 103]             7            0.123            Arrange: Threshold
[0, 104]             4            0.275            Threshold
[0, 105]             3            0.022            AsCollection
[0, 106]             1            0.000            Input
[0, 107]             2            0.448            FlatMap
[0, 108]             7            0.248            Arrange: Threshold
[0, 109]             4            0.399            Threshold
[0, 110]             3            0.045            AsCollection
[0, 111]             1            0.000            Input
[0, 112]             2            0.513            FlatMap
[0, 113]             7            0.574            Arrange: Threshold
[0, 114]             4            0.974            Threshold
[0, 115]             3            0.161            AsCollection
[0, 116]             1            0.000            Input
[0, 117]             2            0.256            FlatMap
[0, 118]             7            0.303            Arrange: Threshold
[0, 119]             4            0.561            Threshold
[0, 120]             3            0.064            AsCollection
[0, 121]             1            0.000            Input
[0, 122]             2            0.170            FlatMap
[0, 123]             7            0.224            Arrange: Threshold
[0, 124]             4            0.430            Threshold
[0, 125]             3            0.062            AsCollection
[0, 126]             1            0.000            Input
[0, 127]             2            0.348            FlatMap
[0, 128]             7            0.194            Arrange: Threshold
[0, 129]             4            0.282            Threshold
[0, 130]             3            0.081            AsCollection
[0, 131]             1            0.000            Input
[0, 132]             2            0.594            FlatMap
[0, 133]             6            0.434            Arrange: Threshold
[0, 134]             4            0.760            Threshold
[0, 135]             3            0.139            AsCollection
[0, 136]             1            0.000            Input
[0, 137]             2            0.090            FlatMap
[0, 138]             6            0.079            Arrange: Threshold
[0, 139]             4            0.078            Threshold
[0, 140]             3            0.045            AsCollection
[0, 141]             1            0.001            Input
[0, 142]             2            0.323            FlatMap
[0, 143]             7            0.145            Arrange: Threshold
[0, 144]             4            0.205            Threshold
[0, 145]             3            0.032            AsCollection
[0, 146]             1            0.000            Input
[0, 147]             2            0.403            FlatMap
[0, 148]             6            0.202            Arrange: Threshold
[0, 149]             4            0.321            Threshold
[0, 150]             3            0.043            AsCollection
[0, 151]             1            0.000            Input
[0, 152]             2            0.216            FlatMap
[0, 153]             6            0.091            Arrange: Threshold
[0, 154]             4            0.111            Threshold
[0, 155]             3            0.029            AsCollection
[0, 156]             1            0.000            Input
[0, 157]             2            0.306            FlatMap
[0, 158]             6            0.196            Arrange: Threshold
[0, 159]             4            0.352            Threshold
[0, 160]             3            0.025            AsCollection
[0, 161]             3            0.007            FlatMap
[0, 162]             3            0.006            FlatMap
[0, 163]             3            0.025            FlatMap
[0, 164]             3            0.028            FlatMap
[0, 165]             3            0.007            FlatMap
[0, 166]             3            0.007            FlatMap
[0, 167]             3            0.008            FlatMap
[0, 168]             3            0.012            FlatMap
[0, 169]             3            0.016            FlatMap
[0, 170]             3            0.011            FlatMap
[0, 171]             3            0.009            FlatMap
[0, 172]             3            0.008            FlatMap
[0, 173]             3            0.009            FlatMap
[0, 174]             3            0.005            FlatMap
[0, 175]             3            0.005            FlatMap
[0, 176]             3            0.011            FlatMap
[0, 177]             3            0.030            FlatMap
[0, 178]             3            0.021            FlatMap
[0, 179]             3            0.023            FlatMap
[0, 180]             3            0.022            FlatMap
[0, 181]             3            0.010            FlatMap
[0, 182]             3            0.010            FlatMap
[0, 183]             3            0.010            FlatMap
[0, 184]             3            0.010            FlatMap
[0, 185]             3            0.022            FlatMap
[0, 186]             3            0.016            FlatMap
[0, 187]             3            0.031            FlatMap
[0, 188]             3            0.030            FlatMap
[0, 189]             3            0.032            FlatMap
[0, 190]             3            0.031            FlatMap
[0, 191]             3            0.015            FlatMap
[0, 192]             3            0.017            FlatMap
[0, 193]             3            0.014            FlatMap
[0, 194]             3            0.017            FlatMap
[0, 195]             3            0.009            FlatMap
[0, 196]             3            0.008            FlatMap
[0, 197]             3            0.009            FlatMap
[0, 198]             3            0.011            FlatMap
[0, 199]             3            0.013            FlatMap
[0, 200]             3            0.012            FlatMap
[0, 201]             3            0.011            FlatMap
[0, 202]             3            0.068            FlatMap
[0, 203]             3            0.068            FlatMap
[0, 204]             3            0.059            FlatMap
[0, 205]             3            0.020            FlatMap
[0, 206]             3            0.021            FlatMap
[0, 207]             3            0.020            FlatMap
[0, 208]             3            0.014            FlatMap
[0, 209]             3            0.017            FlatMap
[0, 210]             3            0.007            FlatMap
[0, 211]             3            0.005            FlatMap
[0, 212]             3            0.005            FlatMap
[0, 213]             3            0.007            FlatMap
[0, 214]             3            0.058            FlatMap
[0, 215]             4            0.153            Arrange: Threshold
[0, 216]             4            0.492            Threshold
[0, 217]             3            0.034            AsCollection
[0, 218]             4            0.007            Concatenate
[0, 219]             4            0.009            Concatenate
[0, 220]             4            0.010            Concatenate
[0, 221]             4            0.044            FlatMap
[0, 222]             9            0.052            Arrange: Threshold
[0, 223]             4            0.065            Threshold
[0, 224]             3            0.007            AsCollection
[0, 225]             3            0.093            FlatMap
[0, 226]             5            0.289            Arrange: Threshold
[0, 227]             4            0.545            Threshold
[0, 228]             3            0.032            AsCollection
[0, 229]             3            0.081            FlatMap
[0, 230]             5            0.118            Arrange: Threshold
[0, 231]             4            0.193            Threshold
[0, 232]             3            0.016            AsCollection
[0, 233]             3            0.029            FlatMap
[0, 234]             8            0.024            Arrange: Threshold
[0, 235]             4            0.025            Threshold
[0, 236]             3            0.004            AsCollection
[0, 237]             3            0.115            FlatMap
[0, 238]             5            0.114            Arrange: Threshold
[0, 239]             4            0.188            Threshold
[0, 240]             3            0.019            AsCollection
[0, 241]             3            0.030            FlatMap
[0, 242]             4            0.025            Arrange: Threshold
[0, 243]             4            0.054            Threshold
[0, 244]             3            0.023            AsCollection
[0, 245]             3            0.068            FlatMap
[0, 246]             5            0.090            Arrange: Threshold
[0, 247]             4            0.106            Threshold
[0, 248]             3            0.009            AsCollection
[0, 249]             3            0.091            FlatMap
[0, 250]             5            0.169            Arrange: Threshold
[0, 251]             4            0.302            Threshold
[0, 252]             3            0.019            AsCollection
[0, 253]             3            0.216            FlatMap
[0, 254]             5            0.885            Arrange: Threshold
[0, 255]             4            1.749            Threshold
[0, 256]             3            0.113            AsCollection
[0, 257]             3            0.033            FlatMap
[0, 258]             9            0.024            Arrange: Threshold
[0, 259]             4            0.073            Threshold
[0, 260]             3            0.017            AsCollection
[0, 261]             3            0.090            FlatMap
[0, 262]             5            0.146            Arrange: Threshold
[0, 263]             4            0.230            Threshold
[0, 264]             3            0.021            AsCollection
[0, 265]             3            0.008            Concatenate
[0, 266]             3            0.006            Concatenate
[0, 267]             3            0.203            FlatMap
[0, 268]             5            0.731            Arrange: Threshold
[0, 269]             4            1.382            Threshold
[0, 270]             3            0.141            AsCollection
[0, 271]             3            0.093            FlatMap
[0, 272]             5            0.127            Arrange: Threshold
[0, 273]             4            0.205            Threshold
[0, 274]             3            0.014            AsCollection
[0, 275]             3            0.040            FlatMap
[0, 276]             5            0.027            Arrange: Threshold
[0, 277]             4            0.034            Threshold
[0, 278]             3            0.005            AsCollection
[0, 279]             3            0.092            FlatMap
[0, 280]             5            0.153            Arrange: Threshold
[0, 281]             4            0.262            Threshold
[0, 282]             3            0.017            AsCollection
[0, 283]             3            0.142            FlatMap
[0, 284]             5            0.437            Arrange: Threshold
[0, 285]             4            0.837            Threshold
[0, 286]             3            0.049            AsCollection
[0, 287]             3            0.090            FlatMap
[0, 288]             5            0.117            Arrange: Threshold
[0, 289]             4            0.209            Threshold
[0, 290]             3            0.014            AsCollection
[0, 291]             3            0.006            Concatenate
[0, 292]             3            0.006            Concatenate
[0, 293]             3            0.007            Concatenate
[0, 294]             3            0.214            FlatMap
[0, 295]             5            0.532            Arrange: Threshold
[0, 296]             4            0.966            Threshold
[0, 297]             3            0.061            AsCollection
[0, 298]             3            0.187            FlatMap
[0, 299]             5            0.225            Arrange: Threshold
[0, 300]             4            0.406            Threshold
[0, 301]             3            0.036            AsCollection
[0, 302]             3            0.007            Concatenate
[0, 303]             3            0.008            Concatenate
[0, 304]             3            0.390            FlatMap
[0, 305]             5            1.299            Arrange: Threshold
[0, 306]             4            2.391            Threshold
[0, 307]             3            0.186            AsCollection
[0, 308]             3            0.139            FlatMap
[0, 309]             5            0.285            Arrange: Threshold
[0, 310]             4            0.570            Threshold
[0, 311]             3            0.047            AsCollection
[0, 312]             3            0.060            FlatMap
[0, 313]             5            0.078            Arrange: Threshold
[0, 314]             4            0.097            Threshold
[0, 315]             3            0.008            AsCollection
[0, 316]             3            0.035            FlatMap
[0, 317]             10           0.014            Arrange: Threshold
[0, 318]             4            0.024            Threshold
[0, 319]             3            0.006            AsCollection
[0, 320]             3            0.005            Concatenate
[0, 321]             3            0.006            Concatenate
[0, 322]             3            0.005            Concatenate
[0, 323]             3            0.008            Concatenate
[0, 324]             3            0.007            Concatenate
[0, 325]             3            0.008            Concatenate
[0, 326]             3            0.012            Concatenate
[0, 327]             3            0.012            Concatenate
[0, 328]             3            0.009            Concatenate
[0, 329]             3            0.009            Concatenate
[0, 330]             3            0.022            Concatenate
[0, 331]             3            0.017            Concatenate
[0, 332]             3            0.715            FlatMap
[0, 333]             5            3.205            Arrange: Threshold
[0, 334]             4            4.880            Threshold
[0, 335]             3            0.494            AsCollection
[0, 336]             3            0.266            FlatMap
[0, 337]             5            0.315            Arrange: Threshold
[0, 338]             4            0.588            Threshold
[0, 339]             3            0.035            AsCollection
[0, 340]             3            0.113            FlatMap
[0, 341]             5            0.139            Arrange: Threshold
[0, 342]             4            0.211            Threshold
[0, 343]             3            0.015            AsCollection
[0, 344]             3            0.116            FlatMap
[0, 345]             5            0.086            Arrange: Threshold
[0, 346]             4            0.071            Threshold
[0, 347]             3            0.006            AsCollection
[0, 348]             3            0.007            Concatenate
[0, 349]             4            0.006            Concatenate
[0, 350]             4            0.013            Concatenate
[0, 351]             4            0.005            Concatenate
[0, 352]             4            0.174            FlatMap
[0, 353]             12           0.116            Arrange: Threshold
[0, 354]             4            0.111            Threshold
[0, 355]             3            0.014            AsCollection
[0, 356]             3            0.109            FlatMap
[0, 357]             5            0.155            Arrange: Threshold
[0, 358]             4            0.278            Threshold
[0, 359]             3            0.017            AsCollection
[0, 360]             3            0.235            FlatMap
[0, 361]             5            0.235            Arrange: Threshold
[0, 362]             4            0.436            Threshold
[0, 363]             3            0.052            AsCollection
[0, 364]             3            0.170            FlatMap
[0, 365]             5            0.171            Arrange: Threshold
[0, 366]             4            0.316            Threshold
[0, 367]             3            0.020            AsCollection
[0, 368]             3            0.281            FlatMap
[0, 369]             5            0.455            Arrange: Threshold
[0, 370]             4            0.857            Threshold
[0, 371]             3            0.051            AsCollection
[0, 372]             3            0.142            FlatMap
[0, 373]             5            0.124            Arrange: Threshold
[0, 374]             4            0.160            Threshold
[0, 375]             3            0.011            AsCollection
[0, 376]             3            0.004            FlatMap
[0, 377]             1            0.001            FlatMap
[0, 378]             3            0.007            ArrangeBySelf
[0, 379]             3            0.004            FlatMap
[0, 380]             1            0.001            FlatMap
[0, 381]             3            0.037            ArrangeBySelf
[0, 382]             2            0.010            Join
[0, 383]             3            0.013            ArrangeByKey
[0, 384]             3            0.024            FlatMap
[0, 385]             6            0.012            ArrangeByKey
[0, 386]             3            0.012            Join
[0, 387]             3            0.005            FlatMap
[0, 388]             1            0.001            FlatMap
[0, 389]             3            0.013            ArrangeBySelf
[0, 390]             3            0.004            FlatMap
[0, 391]             1            0.001            FlatMap
[0, 392]             3            0.005            ArrangeBySelf
[0, 393]             2            0.008            Join
[0, 394]             3            0.006            ArrangeByKey
[0, 395]             3            0.008            Join
[0, 396]             3            0.005            FlatMap
[0, 397]             3            0.006            ArrangeByKey
[0, 398]             2            0.006            Join
[0, 399]             3            0.023            FlatMap
[0, 400]             6            0.010            ArrangeByKey
[0, 401]             2            0.008            Join
[0, 402]             3            0.006            FlatMap
[0, 403]             3            0.007            FlatMap
[0, 404]             3            0.006            FlatMap
[0, 405]             3            0.010            FlatMap
[0, 406]             3            0.014            FlatMap
[0, 407]             1            0.001            FlatMap
[0, 408]             3            0.006            ArrangeBySelf
[0, 409]             3            0.018            FlatMap
[0, 410]             3            0.054            FlatMap
[0, 411]             13           0.102            ArrangeBySelf
[0, 412]             3            0.012            FlatMap
[0, 413]             3            0.033            FlatMap
[0, 414]             5            0.010            ArrangeBySelf
[0, 415]             3            0.011            FlatMap
[0, 416]             3            0.043            FlatMap
[0, 417]             12           0.035            ArrangeBySelf
[0, 418]             3            0.095            FlatMap
[0, 419]             5            0.214            ArrangeByKey
[0, 420]             1            0.001            FlatMap
[0, 421]             1            0.000            FlatMap
[0, 422]             2            0.007            ArrangeBySelf
[0, 423]             5            0.026            Join
[0, 424]             3            0.008            ArrangeByKey
[0, 425]             3            0.015            Join
[0, 426]             3            0.008            ArrangeByKey
[0, 427]             3            0.013            Join
[0, 428]             1            0.009            FlatMap
[0, 429]             12           0.011            ArrangeBySelf
[0, 430]             5            0.026            Join
[0, 431]             1            0.001            FlatMap
[0, 432]             11           0.008            ArrangeBySelf
[0, 433]             5            0.020            Join
[0, 434]             1            0.000            FlatMap
[0, 435]             12           0.008            ArrangeBySelf
[0, 436]             3            0.013            Join
[0, 437]             2            0.005            ArrangeByKey
[0, 438]             3            0.010            Join
[0, 439]             1            0.001            FlatMap
[0, 440]             3            0.010            ArrangeBySelf
[0, 441]             3            0.009            Join
[0, 442]             1            0.001            FlatMap
[0, 443]             3            0.006            ArrangeBySelf
[0, 444]             3            0.008            Join
[0, 445]             2            0.004            ArrangeByKey
[0, 446]             2            0.007            Join
[0, 447]             1            0.001            FlatMap
[0, 448]             4            0.006            ArrangeBySelf
[0, 449]             3            0.010            Join
[0, 450]             3            0.012            FlatMap
[0, 451]             3            0.084            FlatMap
[0, 452]             13           0.035            ArrangeBySelf
[0, 453]             3            0.091            FlatMap
[0, 454]             5            0.206            ArrangeByKey
[0, 455]             3            0.227            FlatMap
[0, 456]             5            0.245            ArrangeByKey
[0, 457]             3            0.105            FlatMap
[0, 458]             5            0.181            ArrangeByKey
[0, 459]             3            0.050            AsCollection
[0, 460]             3            0.112            FlatMap
[0, 461]             5            0.212            Arrange: Threshold
[0, 462]             4            0.423            Threshold
[0, 463]             3            0.029            AsCollection
[0, 464]             6            0.042            Join
[0, 465]             3            0.066            FlatMap
[0, 466]             5            0.077            Arrange: Threshold
[0, 467]             4            0.050            Threshold
[0, 468]             3            0.005            AsCollection
[0, 469]             3            0.005            FlatMap
[0, 470]             3            0.005            Concatenate
[0, 471]             3            0.013            FlatMap
[0, 472]             3            0.049            FlatMap
[0, 473]             4            0.117            Arrange: Threshold
[0, 474]             4            0.379            Threshold
[0, 475]             3            0.118            AsCollection
[0, 476]             5            0.233            ArrangeByKey
[0, 477]             3            0.059            AsCollection
[0, 478]             3            0.103            FlatMap
[0, 479]             5            0.202            Arrange: Threshold
[0, 480]             4            0.390            Threshold
[0, 481]             3            0.027            AsCollection
[0, 482]             6            0.050            Join
[0, 483]             3            0.064            FlatMap
[0, 484]             8            0.069            Arrange: Threshold
[0, 485]             4            0.056            Threshold
[0, 486]             3            0.005            AsCollection
[0, 487]             3            0.004            FlatMap
[0, 488]             4            0.006            Concatenate
[0, 489]             4            0.019            FlatMap
[0, 490]             4            0.052            FlatMap
[0, 491]             8            0.105            Arrange: Threshold
[0, 492]             4            0.361            Threshold
[0, 493]             3            0.110            AsCollection
[0, 494]             5            0.206            ArrangeByKey
[0, 495]             3            0.051            AsCollection
[0, 496]             3            0.096            FlatMap
[0, 497]             5            0.196            Arrange: Threshold
[0, 498]             4            0.392            Threshold
[0, 499]             3            0.025            AsCollection
[0, 500]             6            0.053            Join
[0, 501]             3            0.064            FlatMap
[0, 502]             5            0.058            Arrange: Threshold
[0, 503]             4            0.042            Threshold
[0, 504]             3            0.005            AsCollection
[0, 505]             3            0.005            FlatMap
[0, 506]             3            0.012            Concatenate
[0, 507]             3            0.012            FlatMap
[0, 508]             3            0.041            FlatMap
[0, 509]             4            0.117            Arrange: Threshold
[0, 510]             4            0.389            Threshold
[0, 511]             3            0.157            AsCollection
[0, 512]             5            0.190            ArrangeByKey
[0, 513]             6            0.260            Join
[0, 514]             10           0.110            ArrangeByKey
[0, 515]             6            0.287            Join
[0, 516]             3            0.039            FlatMap
[0, 517]             3            0.070            FlatMap
[0, 518]             4            0.205            ArrangeBySelf
[0, 519]             3            0.214            FlatMap
[0, 520]             5            0.772            ArrangeByKey
[0, 521]             6            0.638            Join
[0, 522]             5            0.412            ArrangeByKey
[0, 523]             3            0.021            FlatMap
[0, 524]             3            0.113            FlatMap
[0, 525]             5            0.178            ArrangeBySelf
[0, 526]             3            0.247            FlatMap
[0, 527]             5            0.250            ArrangeByKey
[0, 528]             6            0.240            Join
[0, 529]             4            0.205            ArrangeByKey
[0, 530]             7            0.263            Join
[0, 531]             4            0.093            ArrangeByKey
[0, 532]             6            0.266            Join
[0, 533]             3            0.035            FlatMap
[0, 534]             3            0.409            FlatMap
[0, 535]             5            0.171            ArrangeBySelf
[0, 536]             3            0.105            FlatMap
[0, 537]             5            0.207            ArrangeByKey
[0, 538]             7            0.223            Join
[0, 539]             4            0.179            ArrangeByKey
[0, 540]             7            0.223            Join
[0, 541]             4            0.097            ArrangeByKey
[0, 542]             6            0.263            Join
[0, 543]             3            0.010            FlatMap
[0, 544]             3            0.036            FlatMap
[0, 545]             4            0.088            ArrangeBySelf
[0, 546]             3            0.678            FlatMap
[0, 547]             5            2.921            ArrangeByKey
[0, 548]             3            0.231            FlatMap
[0, 549]             5            0.725            ArrangeByKey
[0, 550]             6            0.170            Join
[0, 551]             24           0.047            ArrangeByKey
[0, 552]             6            0.149            Join
[0, 553]             4            0.045            ArrangeByKey
[0, 554]             6            0.129            Join
[0, 555]             3            0.456            FlatMap
[0, 556]             5            3.033            ArrangeByKey
[0, 557]             3            0.108            FlatMap
[0, 558]             5            0.148            ArrangeByKey
[0, 559]             6            0.255            Join
[0, 560]             3            0.122            FlatMap
[0, 561]             5            0.319            ArrangeByKey
[0, 562]             6            0.325            Join
[0, 563]             4            0.195            ArrangeByKey
[0, 564]             3            0.289            FlatMap
[0, 565]             5            1.300            ArrangeByKey
[0, 566]             6            0.375            Join
[0, 567]             3            0.313            FlatMap
[0, 568]             5            1.286            ArrangeByKey
[0, 569]             6            1.404            Join
[0, 570]             4            0.822            ArrangeByKey
[0, 571]             3            0.199            FlatMap
[0, 572]             5            0.830            ArrangeByKey
[0, 573]             6            1.177            Join
[0, 574]             3            0.092            FlatMap
[0, 575]             5            0.140            ArrangeByKey
[0, 576]             6            0.160            Join
[0, 577]             4            0.073            ArrangeByKey
[0, 578]             6            0.166            Join
[0, 579]             4            0.058            ArrangeByKey
[0, 580]             3            0.086            FlatMap
[0, 581]             5            0.110            ArrangeByKey
[0, 582]             7            0.179            Join
[0, 583]             3            0.091            FlatMap
[0, 584]             5            0.147            ArrangeByKey
[0, 585]             6            0.204            Join
[0, 586]             4            0.074            ArrangeByKey
[0, 587]             3            0.097            FlatMap
[0, 588]             5            0.132            ArrangeByKey
[0, 589]             6            0.396            Join
[0, 590]             3            0.071            FlatMap
[0, 591]             5            0.085            ArrangeByKey
[0, 592]             6            0.097            Join
[0, 593]             4            0.036            ArrangeByKey
[0, 594]             3            0.074            FlatMap
[0, 595]             5            0.089            ArrangeByKey
[0, 596]             6            0.087            Join
[0, 597]             3            0.061            FlatMap
[0, 598]             5            0.067            ArrangeByKey
[0, 599]             6            0.080            Join
[0, 600]             4            0.018            ArrangeByKey
[0, 601]             3            0.180            FlatMap
[0, 602]             5            0.532            ArrangeByKey
[0, 603]             6            0.059            Join
[0, 604]             6            0.641            Join
[0, 605]             5            0.311            ArrangeByKey
[0, 606]             3            0.078            FlatMap
[0, 607]             5            0.099            ArrangeByKey
[0, 608]             6            0.139            Join
[0, 609]             3            0.159            FlatMap
[0, 610]             5            0.120            ArrangeByKey
[0, 611]             6            0.193            Join
[0, 612]             5            0.056            ArrangeByKey
[0, 613]             3            0.113            FlatMap
[0, 614]             5            0.123            ArrangeByKey
[0, 615]             6            0.180            Join
[0, 616]             4            0.060            ArrangeByKey
[0, 617]             7            0.190            Join
[0, 618]             3            0.177            FlatMap
[0, 619]             5            0.282            ArrangeByKey
[0, 620]             7            0.450            Join
[0, 621]             18           0.174            ArrangeByKey
[0, 622]             6            0.443            Join
[0, 623]             5            0.187            ArrangeByKey
[0, 624]             3            0.218            FlatMap
[0, 625]             5            0.281            ArrangeByKey
[0, 626]             7            0.408            Join
[0, 627]             3            0.141            FlatMap
[0, 628]             5            0.296            Arrange: Threshold
[0, 629]             4            0.501            Threshold
[0, 630]             3            0.040            AsCollection
[0, 631]             3            0.115            FlatMap
[0, 632]             5            0.121            Arrange: Threshold
[0, 633]             4            0.199            Threshold
[0, 634]             3            0.013            AsCollection
[0, 635]             1            0.001            Concatenate
[0, 636]             1            0.001            Concatenate
[0, 637]             1            0.001            Concatenate
[0, 638]             3            0.005            Concatenate
[0, 639]             3            0.004            Concatenate
[0, 640]             3            0.004            Concatenate
[0, 641]             3            0.070            FlatMap
[0, 642]             14           0.034            Arrange: Threshold
[0, 643]             4            0.029            Threshold
[0, 644]             3            0.004            AsCollection
[0, 645]             3            0.074            FlatMap
[0, 646]             5            0.068            Arrange: Threshold
[0, 647]             4            0.060            Threshold
[0, 648]             3            0.007            AsCollection
[0, 649]             3            0.156            FlatMap
[0, 650]             7            0.419            Arrange: Threshold
[0, 651]             4            0.808            Threshold
[0, 652]             3            0.051            AsCollection
[0, 653]             3            0.161            FlatMap
[0, 654]             7            0.361            Arrange: Threshold
[0, 655]             4            0.600            Threshold
[0, 656]             3            0.040            AsCollection
[0, 657]             3            0.115            FlatMap
[0, 658]             5            0.147            Arrange: Threshold
[0, 659]             4            0.266            Threshold
[0, 660]             3            0.018            AsCollection
[0, 661]             3            0.124            FlatMap
[0, 662]             7            0.173            Arrange: Threshold
[0, 663]             4            0.224            Threshold
[0, 664]             3            0.017            AsCollection
[0, 665]             3            0.128            FlatMap
[0, 666]             5            0.262            Arrange: Threshold
[0, 667]             4            0.416            Threshold
[0, 668]             3            0.044            AsCollection
[0, 669]             3            0.102            FlatMap
[0, 670]             6            0.148            Arrange: Threshold
[0, 671]             4            0.295            Threshold
[0, 672]             3            0.020            AsCollection
[0, 673]             3            0.131            FlatMap
[0, 674]             8            0.150            Arrange: Threshold
[0, 675]             4            0.216            Threshold
[0, 676]             3            0.014            AsCollection
[0, 677]             1            0.001            FlatMap
[0, 678]             2            0.006            Arrange: Threshold
[0, 679]             2            0.007            Threshold
[0, 680]             1            0.001            AsCollection
[0, 681]             3            0.039            FlatMap
[0, 682]             9            0.041            Arrange: Threshold
[0, 683]             4            0.066            Threshold
[0, 684]             3            0.008            AsCollection
[0, 685]             3            0.173            FlatMap
[0, 686]             9            0.429            Arrange: Threshold
[0, 687]             4            0.829            Threshold
[0, 688]             3            0.061            AsCollection
[0, 689]             3            0.278            FlatMap
[0, 690]             7            0.970            Arrange: Threshold
[0, 691]             4            1.487            Threshold
[0, 692]             3            0.097            AsCollection
[0, 693]             3            0.108            FlatMap
[0, 694]             7            0.116            Arrange: Threshold
[0, 695]             4            0.179            Threshold
[0, 696]             3            0.018            AsCollection
[0, 697]             3            0.107            FlatMap
[0, 698]             8            0.089            Arrange: Threshold
[0, 699]             4            0.103            Threshold
[0, 700]             3            0.008            AsCollection
[0, 701]             3            0.084            FlatMap
[0, 702]             5            0.064            ArrangeByKey
[0, 703]             3            0.104            FlatMap
[0, 704]             5            0.037            ArrangeByKey
[0, 705]             495          8.130            Iterative
[0, 705, 1]          3            0.007            FlatMap
[0, 705, 2]          3            0.006            FlatMap
[0, 705, 3]          3            0.005            Enter
[0, 705, 4]          19           0.026            Feedback
[0, 705, 5]          19           0.427            FlatMap
[0, 705, 6]          95           0.291            ArrangeByKey
[0, 705, 7]          27           0.152            Join
[0, 705, 8]          27           0.162            Join
[0, 705, 9]          9            0.016            Concatenate
[0, 705, 10]         11           0.015            Concatenate
[0, 705, 11]         11           0.251            FlatMap
[0, 705, 12]         55           0.218            Arrange: Threshold
[0, 705, 13]         29           0.365            Threshold
[0, 705, 14]         19           0.040            AsCollection
[0, 705, 15]         19           0.018            ResultsIn
[0, 706]             33           0.033            Leave
[0, 707]             1            0.001            FlatMap
[0, 708]             1            0.001            FlatMap
[0, 709]             1            0.001            FlatMap
[0, 710]             2            0.005            ArrangeBySelf
[0, 711]             3            0.133            FlatMap
[0, 712]             5            0.197            ArrangeByKey
[0, 713]             5            0.022            Join
[0, 714]             3            0.008            FlatMap
[0, 715]             3            0.008            FlatMap
[0, 716]             3            0.013            FlatMap
[0, 717]             11           0.019            ArrangeBySelf
[0, 718]             19           0.401            FlatMap
[0, 719]             43           0.203            ArrangeByKey
[0, 720]             7            0.040            Join
[0, 721]             3            0.006            FlatMap
[0, 722]             3            0.016            FlatMap
[0, 723]             11           0.017            ArrangeBySelf
[0, 724]             7            0.058            Join
[0, 725]             3            0.028            FlatMap
[0, 726]             1            0.001            FlatMap
[0, 727]             3            0.005            Arrange: Threshold
[0, 728]             2            0.006            Threshold
[0, 729]             1            0.000            AsCollection
[0, 730]             3            0.049            FlatMap
[0, 731]             5            0.026            Arrange: Threshold
[0, 732]             4            0.027            Threshold
[0, 733]             3            0.005            AsCollection
[0, 734]             3            0.006            Concatenate
[0, 735]             5            0.007            Concatenate
[0, 736]             5            0.180            FlatMap
[0, 737]             14           0.069            Arrange: Threshold
[0, 738]             4            0.110            Threshold
[0, 739]             3            0.008            AsCollection
[0, 740]             1            0.001            FlatMap
[0, 741]             2            0.005            Arrange: Threshold
[0, 742]             2            0.005            Threshold
[0, 743]             1            0.001            AsCollection
[0, 744]             3            0.071            FlatMap
[0, 745]             4            0.111            Arrange: Threshold
[0, 746]             4            0.422            Threshold
[0, 747]             3            0.025            AsCollection
[0, 748]             3            0.077            FlatMap
[0, 749]             11           0.075            ArrangeByKey
[0, 750]             508          5.871            Iterative
[0, 750, 1]          3            0.005            Enter
[0, 750, 2]          3            0.005            FlatMap
[0, 750, 3]          17           0.021            Feedback
[0, 750, 4]          17           0.276            FlatMap
[0, 750, 5]          68           0.131            ArrangeByKey
[0, 750, 6]          22           0.161            Join
[0, 750, 7]          9            0.014            Concatenate
[0, 750, 8]          9            0.190            FlatMap
[0, 750, 9]          75           0.175            Arrange: Threshold
[0, 750, 10]         26           0.303            Threshold
[0, 750, 11]         17           0.031            AsCollection
[0, 750, 12]         17           0.015            ResultsIn
[0, 751]             38           0.033            Leave
[0, 752]             17           0.036            FlatMap
[0, 753]             19           0.017            Concatenate
[0, 754]             19           0.363            FlatMap
[0, 755]             64           0.152            Arrange: Threshold
[0, 756]             4            0.160            Threshold
[0, 757]             3            0.014            AsCollection
[0, 758]             17           0.304            FlatMap
[0, 759]             46           0.118            Arrange: Threshold
[0, 760]             4            0.104            Threshold
[0, 761]             3            0.010            AsCollection
[0, 762]             3            0.018            FlatMap
[0, 763]             3            0.135            FlatMap
[0, 764]             6            0.244            ArrangeBySelf
[0, 765]             3            0.147            FlatMap
[0, 766]             5            0.040            ArrangeByKey
[0, 767]             3            0.053            FlatMap
[0, 768]             5            0.059            ArrangeByKey
[0, 769]             1498         45.028           Iterative
[0, 769, 1]          3            0.006            FlatMap
[0, 769, 2]          3            0.037            Enter
[0, 769, 3]          3            0.008            FlatMap
[0, 769, 4]          3            0.005            FlatMap
[0, 769, 5]          23           0.033            Feedback
[0, 769, 6]          23           1.114            FlatMap
[0, 769, 7]          63           1.612            ArrangeByKey
[0, 769, 8]          33           0.767            Join
[0, 769, 9]          66           1.466            ArrangeByKey
[0, 769, 10]         21           0.255            AsCollection
[0, 769, 11]         21           1.182            FlatMap
[0, 769, 12]         46           1.419            Arrange: Threshold
[0, 769, 13]         33           3.851            Threshold
[0, 769, 14]         23           0.150            AsCollection
[0, 769, 15]         34           1.153            Join
[0, 769, 16]         13           0.247            FlatMap
[0, 769, 17]         39           0.170            Arrange: Threshold
[0, 769, 18]         28           0.242            Threshold
[0, 769, 19]         15           0.021            AsCollection
[0, 769, 20]         15           0.027            FlatMap
[0, 769, 21]         28           0.037            Concatenate
[0, 769, 22]         28           0.115            FlatMap
[0, 769, 23]         28           1.144            FlatMap
[0, 769, 24]         56           1.384            Arrange: Threshold
[0, 769, 25]         31           3.213            Threshold
[0, 769, 26]         21           0.133            AsCollection
[0, 769, 27]         33           0.668            Join
[0, 769, 28]         27           0.101            ArrangeByKey
[0, 769, 29]         7            0.013            AsCollection
[0, 769, 30]         7            0.120            FlatMap
[0, 769, 31]         35           0.102            Arrange: Threshold
[0, 769, 32]         21           0.154            Threshold
[0, 769, 33]         9            0.013            AsCollection
[0, 769, 34]         22           0.124            Join
[0, 769, 35]         7            0.113            FlatMap
[0, 769, 36]         27           0.058            Arrange: Threshold
[0, 769, 37]         18           0.141            Threshold
[0, 769, 38]         5            0.007            AsCollection
[0, 769, 39]         5            0.010            FlatMap
[0, 769, 40]         10           0.014            Concatenate
[0, 769, 41]         10           0.015            FlatMap
[0, 769, 42]         10           0.204            FlatMap
[0, 769, 43]         29           0.103            Arrange: Threshold
[0, 769, 44]         23           0.154            Threshold
[0, 769, 45]         11           0.011            AsCollection
[0, 769, 46]         27           0.029            Concatenate
[0, 769, 47]         29           0.027            Concatenate
[0, 769, 48]         29           0.522            FlatMap
[0, 769, 49]         107          0.882            Arrange: Threshold
[0, 769, 50]         30           4.799            Threshold
[0, 769, 51]         23           0.197            AsCollection
[0, 769, 52]         23           0.051            ResultsIn
[0, 770]             36           0.104            Leave
[0, 771]             3            0.008            FlatMap
[0, 772]             3            0.029            FlatMap
[0, 773]             11           0.020            ArrangeBySelf
[0, 774]             3            0.062            FlatMap
[0, 775]             5            0.038            ArrangeByKey
[0, 776]             7            0.076            Join
[0, 777]             7            0.013            ArrangeByKey
[0, 778]             3            0.074            FlatMap
[0, 779]             5            0.016            ArrangeByKey
[0, 780]             7            0.052            Join
[0, 781]             7            0.010            ArrangeByKey
[0, 782]             216          5.305            Iterative
[0, 782, 1]          3            0.007            FlatMap
[0, 782, 2]          3            0.006            FlatMap
[0, 782, 3]          3            0.006            Enter
[0, 782, 4]          3            0.005            FlatMap
[0, 782, 5]          5            0.007            Feedback
[0, 782, 6]          5            0.141            FlatMap
[0, 782, 7]          15           0.156            ArrangeByKey
[0, 782, 8]          12           0.302            Join
[0, 782, 9]          17           0.114            ArrangeByKey
[0, 782, 10]         12           0.249            Join
[0, 782, 11]         18           0.157            ArrangeByKey
[0, 782, 12]         12           0.130            Join
[0, 782, 13]         14           0.036            ArrangeByKey
[0, 782, 14]         9            0.046            Join
[0, 782, 15]         5            0.008            Concatenate
[0, 782, 16]         5            0.072            FlatMap
[0, 782, 17]         18           0.095            Arrange: Threshold
[0, 782, 18]         8            0.214            Threshold
[0, 782, 19]         5            0.021            AsCollection
[0, 782, 20]         5            0.005            ResultsIn
[0, 783]             6            0.016            Leave
[0, 784]             5            0.017            FlatMap
[0, 785]             5            0.013            FlatMap
[0, 786]             5            0.091            FlatMap
[0, 787]             10           0.107            Arrange: Threshold
[0, 788]             4            0.194            Threshold
[0, 789]             3            0.020            AsCollection
[0, 790]             5            0.091            FlatMap
[0, 791]             12           0.072            Arrange: Threshold
[0, 792]             4            0.211            Threshold
[0, 793]             3            0.015            AsCollection
[0, 794]             3            0.091            FlatMap
[0, 795]             5            0.063            ArrangeByKey
[0, 796]             3            0.048            FlatMap
[0, 797]             5            0.063            ArrangeByKey
[0, 798]             3            0.121            FlatMap
[0, 799]             6            0.144            ArrangeByKey
[0, 800]             3            0.221            FlatMap
[0, 801]             6            0.234            ArrangeByKey
[0, 802]             3            0.042            FlatMap
[0, 803]             6            0.029            ArrangeByKey
[0, 804]             3            0.011            FlatMap
[0, 805]             3            0.032            FlatMap
[0, 806]             5            0.051            ArrangeBySelf
[0, 807]             3            0.096            FlatMap
[0, 808]             6            0.116            ArrangeByKey
[0, 809]             3            0.670            FlatMap
[0, 810]             5            2.670            ArrangeByKey
[0, 811]             3            0.245            FlatMap
[0, 812]             6            1.183            ArrangeByKey
[0, 813]             3            0.174            FlatMap
[0, 814]             6            0.377            ArrangeByKey
[0, 815]             3            0.485            FlatMap
[0, 816]             7            3.496            ArrangeByKey
[0, 817]             3            0.107            FlatMap
[0, 818]             6            0.194            ArrangeByKey
[0, 819]             3            0.228            FlatMap
[0, 820]             6            0.703            ArrangeByKey
[0, 821]             3            0.114            FlatMap
[0, 822]             16           0.198            ArrangeByKey
[0, 823]             3            0.169            FlatMap
[0, 824]             6            0.486            ArrangeByKey
[0, 825]             3            0.173            FlatMap
[0, 826]             6            0.469            ArrangeByKey
[0, 827]             3            0.143            FlatMap
[0, 828]             7            0.471            ArrangeByKey
[0, 829]             23           1.171            FlatMap
[0, 830]             49           1.788            ArrangeByKey
[0, 831]             3            0.132            FlatMap
[0, 832]             6            0.329            ArrangeByKey
[0, 833]             3            0.117            FlatMap
[0, 834]             6            0.887            ArrangeByKey
[0, 835]             3            0.100            FlatMap
[0, 836]             7            0.211            ArrangeByKey
[0, 837]             3            0.108            FlatMap
[0, 838]             5            0.094            ArrangeByKey
[0, 839]             3            0.095            FlatMap
[0, 840]             7            0.144            ArrangeByKey
[0, 841]             3            0.020            FlatMap
[0, 842]             3            0.112            FlatMap
[0, 843]             17           0.163            ArrangeBySelf
[0, 844]             3            0.123            FlatMap
[0, 845]             9            0.162            ArrangeByKey
[0, 846]             3            0.131            FlatMap
[0, 847]             8            0.447            ArrangeByKey
[0, 848]             3            0.102            FlatMap
[0, 849]             7            0.144            ArrangeByKey
[0, 850]             3            0.143            FlatMap
[0, 851]             7            0.291            ArrangeByKey
[0, 852]             3            0.090            FlatMap
[0, 853]             8            0.048            ArrangeByKey
[0, 854]             3            0.092            FlatMap
[0, 855]             7            0.111            ArrangeByKey
[0, 856]             3            0.087            FlatMap
[0, 857]             6            0.121            ArrangeByKey
[0, 858]             3            0.098            FlatMap
[0, 859]             7            0.149            ArrangeByKey
[0, 860]             3            0.080            FlatMap
[0, 861]             12           0.084            ArrangeByKey
[0, 862]             3            0.074            FlatMap
[0, 863]             11           0.058            ArrangeByKey
[0, 864]             3            0.137            FlatMap
[0, 865]             7            0.421            ArrangeByKey
[0, 866]             3            0.087            FlatMap
[0, 867]             7            0.121            ArrangeByKey
[0, 868]             3            0.010            FlatMap
[0, 869]             3            0.045            FlatMap
[0, 870]             6            0.046            ArrangeBySelf
[0, 871]             3            0.220            FlatMap
[0, 872]             6            0.657            ArrangeByKey
[0, 873]             7            0.154            Join
[0, 874]             8            0.074            ArrangeByKey
[0, 875]             3            0.122            FlatMap
[0, 876]             7            0.219            ArrangeByKey
[0, 877]             204711       7743.629         Iterative
[0, 877, 1]          3            0.006            FlatMap
[0, 877, 2]          3            0.007            FlatMap
[0, 877, 3]          3            0.006            FlatMap
[0, 877, 4]          3            0.008            FlatMap
[0, 877, 5]          3            0.008            FlatMap
[0, 877, 6]          1            0.001            Enter
[0, 877, 7]          3            0.006            FlatMap
[0, 877, 8]          3            0.010            FlatMap
[0, 877, 9]          3            0.007            FlatMap
[0, 877, 10]         3            0.006            FlatMap
[0, 877, 11]         3            0.007            FlatMap
[0, 877, 12]         3            0.009            FlatMap
[0, 877, 13]         3            0.006            FlatMap
[0, 877, 14]         3            0.005            FlatMap
[0, 877, 15]         3            0.008            FlatMap
[0, 877, 16]         3            0.005            FlatMap
[0, 877, 17]         3            0.006            FlatMap
[0, 877, 18]         3            0.009            FlatMap
[0, 877, 19]         3            0.006            FlatMap
[0, 877, 20]         3            0.008            FlatMap
[0, 877, 21]         3            0.006            FlatMap
[0, 877, 22]         3            0.004            FlatMap
[0, 877, 23]         3            0.012            FlatMap
[0, 877, 24]         3            0.004            FlatMap
[0, 877, 25]         3            0.030            FlatMap
[0, 877, 26]         3            0.006            FlatMap
[0, 877, 27]         3            0.005            FlatMap
[0, 877, 28]         1            0.000            Enter
[0, 877, 29]         3            0.006            FlatMap
[0, 877, 30]         3            0.006            FlatMap
[0, 877, 31]         3            0.006            FlatMap
[0, 877, 32]         3            0.006            FlatMap
[0, 877, 33]         3            0.005            FlatMap
[0, 877, 34]         3            0.005            FlatMap
[0, 877, 35]         3            0.005            FlatMap
[0, 877, 36]         3            0.005            FlatMap
[0, 877, 37]         3            0.006            FlatMap
[0, 877, 38]         3            0.008            FlatMap
[0, 877, 39]         3            0.008            FlatMap
[0, 877, 40]         3            0.005            FlatMap
[0, 877, 41]         3            0.005            FlatMap
[0, 877, 42]         199          0.382            Feedback
[0, 877, 43]         415          0.902            Feedback
[0, 877, 44]         213          0.356            Feedback
[0, 877, 45]         319          0.429            Feedback
[0, 877, 46]         325          0.446            Feedback
[0, 877, 47]         449          8.169            Feedback
[0, 877, 48]         341          0.446            Feedback
[0, 877, 49]         71           0.108            Feedback
[0, 877, 50]         71           0.130            FlatMap
[0, 877, 51]         71           1.052            FlatMap
[0, 877, 52]         1020         1.589            ArrangeBySelf
[0, 877, 53]         320          1.662            Join
[0, 877, 54]         320          1.279            Join
[0, 877, 55]         199          0.372            FlatMap
[0, 877, 56]         199          4.015            FlatMap
[0, 877, 57]         829          2.085            ArrangeBySelf
[0, 877, 58]         431          2.685            Join
[0, 877, 59]         498          1.546            ArrangeByKey
[0, 877, 60]         449          45.525           FlatMap
[0, 877, 61]         2518         111.112          ArrangeByKey
[0, 877, 62]         921          5.651            Join
[0, 877, 63]         519          1.743            ArrangeByKey
[0, 877, 64]         970          6.108            Join
[0, 877, 65]         973          9.503            ArrangeByKey
[0, 877, 66]         556          17.467           Join
[0, 877, 67]         973          1.831            ArrangeByKey
[0, 877, 68]         286          2.440            Join
[0, 877, 69]         1257         1.639            ArrangeByKey
[0, 877, 70]         284          2.258            Join
[0, 877, 71]         1061         7.279            ArrangeByKey
[0, 877, 72]         576          9.622            Join
[0, 877, 73]         431          2.097            Join
[0, 877, 74]         537          1.178            ArrangeByKey
[0, 877, 75]         934          5.175            Join
[0, 877, 76]         525          1.525            ArrangeByKey
[0, 877, 77]         341          9.400            FlatMap
[0, 877, 78]         1460         1.914            ArrangeByKey
[0, 877, 79]         600          4.355            Join
[0, 877, 80]         1494         16.210           ArrangeByKey
[0, 877, 81]         623          40.051           Join
[0, 877, 82]         1379         1.958            ArrangeByKey
[0, 877, 83]         297          2.495            Join
[0, 877, 84]         1443         1.522            ArrangeByKey
[0, 877, 85]         299          2.379            Join
[0, 877, 86]         752          1.388            ArrangeByKey
[0, 877, 87]         254          1.733            Join
[0, 877, 88]         431          6.330            Join
[0, 877, 89]         1063         2.504            ArrangeByKey
[0, 877, 90]         1012         18.777           Join
[0, 877, 91]         431          4.151            Join
[0, 877, 92]         821          1.806            ArrangeByKey
[0, 877, 93]         967          13.604           Join
[0, 877, 94]         786          7.566            ArrangeByKey
[0, 877, 95]         415          27.828           FlatMap
[0, 877, 96]         2156         51.885           ArrangeByKey
[0, 877, 97]         1189         103.438          Join
[0, 877, 98]         431          2.530            Join
[0, 877, 99]         199          6.447            FlatMap
[0, 877, 100]        1160         4.477            ArrangeBySelf
[0, 877, 101]        564          6.962            Join
[0, 877, 102]        865          1.948            ArrangeByKey
[0, 877, 103]        564          8.987            Join
[0, 877, 104]        888          1.678            ArrangeByKey
[0, 877, 105]        1054         10.872           Join
[0, 877, 106]        758          2.445            ArrangeByKey
[0, 877, 107]        979          12.991           Join
[0, 877, 108]        954          2.638            ArrangeByKey
[0, 877, 109]        510          3.762            Join
[0, 877, 110]        564          8.787            Join
[0, 877, 111]        966          1.988            ArrangeByKey
[0, 877, 112]        564          7.823            Join
[0, 877, 113]        874          1.461            ArrangeByKey
[0, 877, 114]        564          7.727            Join
[0, 877, 115]        886          1.298            ArrangeByKey
[0, 877, 116]        1096         33.760           Join
[0, 877, 117]        988          29.674           ArrangeByKey
[0, 877, 118]        596          33.930           Join
[0, 877, 119]        1293         15.626           ArrangeByKey
[0, 877, 120]        1173         24.201           Join
[0, 877, 121]        1426         3.662            ArrangeByKey
[0, 877, 122]        1166         27.915           Join
[0, 877, 123]        1355         8.043            ArrangeByKey
[0, 877, 124]        602          10.999           Join
[0, 877, 125]        319          8.705            FlatMap
[0, 877, 126]        1050         3.061            ArrangeByKey
[0, 877, 127]        567          10.233           Join
[0, 877, 128]        1177         3.172            ArrangeByKey
[0, 877, 129]        540          5.108            Join
[0, 877, 130]        325          9.512            FlatMap
[0, 877, 131]        1803         3.767            ArrangeByKey
[0, 877, 132]        1256         65.730           Join
[0, 877, 133]        431          2.840            Join
[0, 877, 134]        666          1.387            ArrangeByKey
[0, 877, 135]        284          2.417            Join
[0, 877, 136]        653          2.373            ArrangeByKey
[0, 877, 137]        515          11.139           Join
[0, 877, 138]        2015         27.995           ArrangeByKey
[0, 877, 139]        449          7.547            FlatMap
[0, 877, 140]        449          23.176           FlatMap
[0, 877, 141]        1993         47.619           ArrangeBySelf
[0, 877, 142]        1190         438.324          Join
[0, 877, 143]        596          70.252           Join
[0, 877, 144]        1667         40.770           ArrangeByKey
[0, 877, 145]        1174         73.967           Join
[0, 877, 146]        2051         21.843           ArrangeByKey
[0, 877, 147]        1170         99.061           Join
[0, 877, 148]        1922         8.887            ArrangeByKey
[0, 877, 149]        601          20.029           Join
[0, 877, 150]        1617         11.896           ArrangeByKey
[0, 877, 151]        607          18.565           Join
[0, 877, 152]        449          8.109            FlatMap
[0, 877, 153]        449          37.735           FlatMap
[0, 877, 154]        2921         29.793           ArrangeBySelf
[0, 877, 155]        564          9.343            Join
[0, 877, 156]        1393         2.522            ArrangeByKey
[0, 877, 157]        1041         9.921            Join
[0, 877, 158]        283          5.290            FlatMap
[0, 877, 159]        1500         2.809            ArrangeBySelf
[0, 877, 160]        519          8.602            Join
[0, 877, 161]        1274         2.455            ArrangeByKey
[0, 877, 162]        837          4.316            Join
[0, 877, 163]        567          10.554           Join
[0, 877, 164]        1406         2.747            ArrangeByKey
[0, 877, 165]        549          4.613            Join
[0, 877, 166]        431          3.594            Join
[0, 877, 167]        760          1.678            ArrangeByKey
[0, 877, 168]        972          13.197           Join
[0, 877, 169]        1197         3.708            ArrangeByKey
[0, 877, 170]        1198         11.781           Join
[0, 877, 171]        1166         15.390           Join
[0, 877, 172]        439          20.196           FlatMap
[0, 877, 173]        2141         7.701            ArrangeBySelf
[0, 877, 174]        601          6.215            Join
[0, 877, 175]        431          1.762            Join
[0, 877, 176]        99           2.115            FlatMap
[0, 877, 177]        821          2.039            ArrangeBySelf
[0, 877, 178]        443          2.623            Join
[0, 877, 179]        320          1.534            Join
[0, 877, 180]        431          1.631            Join
[0, 877, 181]        59           0.955            FlatMap
[0, 877, 182]        638          1.217            ArrangeBySelf
[0, 877, 183]        325          1.737            Join
[0, 877, 184]        431          2.593            Join
[0, 877, 185]        643          1.190            ArrangeByKey
[0, 877, 186]        213          4.283            FlatMap
[0, 877, 187]        1470         1.578            ArrangeByKey
[0, 877, 188]        618          3.388            Join
[0, 877, 189]        837          4.816            Join
[0, 877, 190]        431          1.921            Join
[0, 877, 191]        464          1.045            ArrangeByKey
[0, 877, 192]        937          110.412          Join
[0, 877, 193]        431          1.561            Join
[0, 877, 194]        23           0.391            FlatMap
[0, 877, 195]        468          0.981            ArrangeBySelf
[0, 877, 196]        308          1.440            Join
[0, 877, 197]        199          0.349            FlatMap
[0, 877, 198]        199          4.087            FlatMap
[0, 877, 199]        868          1.426            ArrangeBySelf
[0, 877, 200]        431          2.427            Join
[0, 877, 201]        431          1.556            Join
[0, 877, 202]        431          1.229            Join
[0, 877, 203]        431          8.000            Join
[0, 877, 204]        1315         4.225            ArrangeByKey
[0, 877, 205]        562          5.215            Join
[0, 877, 206]        161          2.219            FlatMap
[0, 877, 207]        973          1.507            ArrangeBySelf
[0, 877, 208]        409          2.440            Join
[0, 877, 209]        161          2.426            FlatMap
[0, 877, 210]        999          1.484            ArrangeBySelf
[0, 877, 211]        328          1.919            Join
[0, 877, 212]        365          0.600            Concatenate
[0, 877, 213]        655          0.732            Concatenate
[0, 877, 214]        725          0.712            Concatenate
[0, 877, 215]        725          0.656            Concatenate
[0, 877, 216]        725          19.738           FlatMap
[0, 877, 217]        3362         6.860            Arrange: Threshold
[0, 877, 218]        609          7.838            Threshold
[0, 877, 219]        381          0.537            AsCollection
[0, 877, 220]        393          0.618            Concatenate
[0, 877, 221]        393          9.290            FlatMap
[0, 877, 222]        2333         4.172            Arrange: Threshold
[0, 877, 223]        570          7.721            Threshold
[0, 877, 224]        325          0.810            AsCollection
[0, 877, 225]        59           0.758            FlatMap
[0, 877, 226]        1167         2.000            Arrange: Threshold
[0, 877, 227]        459          4.110            Threshold
[0, 877, 228]        213          0.534            AsCollection
[0, 877, 229]        645          0.844            Concatenate
[0, 877, 230]        715          0.745            Concatenate
[0, 877, 231]        715          22.541           FlatMap
[0, 877, 232]        3348         10.759           Arrange: Threshold
[0, 877, 233]        642          20.758           Threshold
[0, 877, 234]        425          0.767            AsCollection
[0, 877, 235]        551          22.240           FlatMap
[0, 877, 236]        3596         48.331           Arrange: Threshold
[0, 877, 237]        650          357.300          Threshold
[0, 877, 238]        417          8.916            AsCollection
[0, 877, 239]        261          0.395            Concatenate
[0, 877, 240]        265          0.354            Concatenate
[0, 877, 241]        300          0.396            Concatenate
[0, 877, 242]        318          0.375            Concatenate
[0, 877, 243]        400          0.483            Concatenate
[0, 877, 244]        400          0.409            Concatenate
[0, 877, 245]        400          6.584            FlatMap
[0, 877, 246]        3000         2.152            Arrange: Threshold
[0, 877, 247]        367          2.572            Threshold
[0, 877, 248]        119          0.199            AsCollection
[0, 877, 249]        241          8.047            FlatMap
[0, 877, 250]        1424         4.408            Arrange: Threshold
[0, 877, 251]        586          14.411           Threshold
[0, 877, 252]        357          0.898            AsCollection
[0, 877, 253]        468          0.813            Concatenate
[0, 877, 254]        1130         1.548            Concatenate
[0, 877, 255]        1371         1.482            Concatenate
[0, 877, 256]        1546         2.127            Concatenate
[0, 877, 257]        1773         2.115            Concatenate
[0, 877, 258]        2129         2.232            Concatenate
[0, 877, 259]        2162         2.152            Concatenate
[0, 877, 260]        2246         2.046            Concatenate
[0, 877, 261]        2246         161.205          FlatMap
[0, 877, 262]        13952        301.785          Arrange: Threshold
[0, 877, 263]        654          1542.730         Threshold
[0, 877, 264]        455          15.630           AsCollection
[0, 877, 265]        199          0.266            ResultsIn
[0, 877, 266]        415          2.533            ResultsIn
[0, 877, 267]        341          0.406            ResultsIn
[0, 877, 268]        71           0.104            ResultsIn
[0, 877, 269]        213          0.288            ResultsIn
[0, 877, 270]        449          2.126            ResultsIn
[0, 877, 271]        319          0.358            ResultsIn
[0, 877, 272]        325          0.414            ResultsIn
[0, 878]             491          0.460            Leave
[0, 879]             1071         1.762            Leave
[0, 880]             841          0.620            Leave
[0, 881]             551          0.518            Leave
[0, 882]             1056         0.669            Leave
[0, 883]             1421         3.122            Leave
[0, 884]             914          0.609            Leave
[0, 885]             586          0.365            Leave
[0, 886]             23           0.488            FlatMap
[0, 887]             45           1.137            Arrange: Threshold
[0, 888]             4            2.226            Threshold
[0, 889]             3            0.130            AsCollection
[0, 890]             3            0.053            FlatMap
[0, 891]             3            0.049            FlatMap
[0, 892]             3            0.093            FlatMap
[0, 893]             4            0.006            Consolidate
[0, 894]             1            0.001            AsCollection
[0, 895]             2            0.004            InspectBatch
[0, 896]             2            0.002            Probe
[0, 897]             3            0.055            FlatMap
[0, 898]             4            0.121            Arrange: Threshold
[0, 899]             4            0.412            Threshold
[0, 900]             3            0.027            AsCollection
[0, 901]             3            0.014            FlatMap
[0, 902]             3            0.013            FlatMap
[0, 903]             3            0.045            FlatMap
[0, 904]             5            0.009            Consolidate
[0, 905]             1            0.001            AsCollection
[0, 906]             2            0.003            InspectBatch
[0, 907]             2            0.002            Probe
[0, 908]             3            0.030            FlatMap
[0, 909]             13           0.024            Arrange: Threshold
[0, 910]             4            0.057            Threshold
[0, 911]             3            0.008            AsCollection
[0, 912]             3            0.011            FlatMap
[0, 913]             3            0.005            FlatMap
[0, 914]             3            0.025            FlatMap
[0, 915]             20           0.025            Consolidate
[0, 916]             1            0.001            AsCollection
[0, 917]             2            0.003            InspectBatch
[0, 918]             2            0.002            Probe
[0, 919]             17           0.233            FlatMap
[0, 920]             54           0.079            Arrange: Threshold
[0, 921]             4            0.093            Threshold
[0, 922]             3            0.009            AsCollection
[0, 923]             3            0.008            FlatMap
[0, 924]             3            0.006            FlatMap
[0, 925]             3            0.026            FlatMap
[0, 926]             6            0.033            Consolidate
[0, 927]             1            0.001            AsCollection
[0, 928]             2            0.002            InspectBatch
[0, 929]             2            0.002            Probe
[0, 930]             3            0.033            FlatMap
[0, 931]             6            0.033            Arrange: Threshold
[0, 932]             4            0.105            Threshold
[0, 933]             3            0.008            AsCollection
[0, 934]             3            0.004            FlatMap
[0, 935]             3            0.004            FlatMap
[0, 936]             3            0.031            FlatMap
[0, 937]             4            0.006            Consolidate
[0, 938]             1            0.001            AsCollection
[0, 939]             2            0.003            InspectBatch
[0, 940]             2            0.002            Probe
[0, 941]             19           0.274            FlatMap
[0, 942]             62           0.060            Arrange: Threshold
[0, 943]             4            0.099            Threshold
[0, 944]             3            0.007            AsCollection
[0, 945]             3            0.006            FlatMap
[0, 946]             3            0.005            FlatMap
[0, 947]             3            0.041            FlatMap
[0, 948]             6            0.008            Consolidate
[0, 949]             1            0.001            AsCollection
[0, 950]             2            0.003            InspectBatch
[0, 951]             2            0.001            Probe
[0, 952]             5            0.081            FlatMap
[0, 953]             13           0.062            Arrange: Threshold
[0, 954]             4            0.217            Threshold
[0, 955]             3            0.016            AsCollection
[0, 956]             3            0.008            FlatMap
[0, 957]             3            0.007            FlatMap
[0, 958]             3            0.027            FlatMap
[0, 959]             8            0.008            Consolidate
[0, 960]             1            0.001            AsCollection
[0, 961]             2            0.003            InspectBatch
[0, 962]             2            0.001            Probe
[0, 963]             3            0.034            FlatMap
[0, 964]             8            0.046            Arrange: Threshold
[0, 965]             4            0.198            Threshold
[0, 966]             3            0.012            AsCollection
[0, 967]             3            0.007            FlatMap
[0, 968]             3            0.009            FlatMap
[0, 969]             3            0.018            FlatMap
[0, 970]             7            0.006            Consolidate
[0, 971]             1            0.001            AsCollection
[0, 972]             2            0.004            InspectBatch
[0, 973]             2            0.002            Probe
[0, 974]             3            0.053            FlatMap
[0, 975]             9            0.036            Arrange: Threshold
[0, 976]             4            0.197            Threshold
[0, 977]             3            0.015            AsCollection
[0, 978]             3            0.008            FlatMap
[0, 979]             3            0.007            FlatMap
[0, 980]             3            0.035            FlatMap
[0, 981]             9            0.006            Consolidate
[0, 982]             1            0.000            AsCollection
[0, 983]             2            0.003            InspectBatch
[0, 984]             2            0.001            Probe
[0, 985]             1            0.001            FlatMap
[0, 986]             2            0.005            Arrange: Threshold
[0, 987]             2            0.005            Threshold
[0, 988]             1            0.001            AsCollection
[0, 989]             1            0.001            FlatMap
[0, 990]             1            0.001            FlatMap
[0, 991]             1            0.001            FlatMap
[0, 992]             3            0.006            Consolidate
[0, 993]             1            0.009            AsCollection
[0, 994]             2            0.002            InspectBatch
[0, 995]             2            0.001            Probe
[0, 996]             3            0.029            FlatMap
[0, 997]             5            0.012            Arrange: Threshold
[0, 998]             4            0.027            Threshold
[0, 999]             3            0.005            AsCollection
[0, 1000]            3            0.006            FlatMap
[0, 1001]            3            0.005            FlatMap
[0, 1002]            3            0.031            FlatMap
[0, 1003]            5            0.007            Consolidate
[0, 1004]            1            0.001            AsCollection
[0, 1005]            2            0.003            InspectBatch
[0, 1006]            2            0.001            Probe
[0, 1007]            71           0.983            FlatMap
[0, 1008]            840          0.605            Arrange: Threshold
[0, 1009]            4            0.062            Threshold
[0, 1010]            3            0.005            AsCollection
[0, 1011]            3            0.005            FlatMap
[0, 1012]            3            0.004            FlatMap
[0, 1013]            3            0.040            FlatMap
[0, 1014]            4            0.007            Consolidate
[0, 1015]            1            0.001            AsCollection
[0, 1016]            2            0.002            InspectBatch
[0, 1017]            2            0.001            Probe
[0, 1018]            325          6.232            FlatMap
[0, 1019]            1508         1.391            Arrange: Threshold
[0, 1020]            4            0.384            Threshold
[0, 1021]            3            0.034            AsCollection
[0, 1022]            3            0.015            FlatMap
[0, 1023]            3            0.023            FlatMap
[0, 1024]            3            0.047            FlatMap
[0, 1025]            4            0.006            Consolidate
[0, 1026]            1            0.001            AsCollection
[0, 1027]            2            0.004            InspectBatch
[0, 1028]            2            0.001            Probe
[0, 1029]            449          20.673           FlatMap
[0, 1030]            2165         127.244          Arrange: Threshold
[0, 1031]            4            122.612          Threshold
[0, 1032]            3            9.207            AsCollection
[0, 1033]            3            12.889           FlatMap
[0, 1034]            3            3.599            FlatMap
[0, 1035]            3            5.936            FlatMap
[0, 1036]            4            0.009            Consolidate
[0, 1037]            1            0.000            AsCollection
[0, 1038]            2            0.003            InspectBatch
[0, 1039]            2            0.047            Probe
[0, 1040]            415          13.467           FlatMap
[0, 1041]            1818         51.823           Arrange: Threshold
[0, 1042]            4            47.775           Threshold
[0, 1043]            3            6.229            AsCollection
[0, 1044]            3            2.108            FlatMap
[0, 1045]            3            1.018            FlatMap
[0, 1046]            3            1.529            FlatMap
[0, 1047]            5            0.007            Consolidate
[0, 1048]            1            0.001            AsCollection
[0, 1049]            2            0.003            InspectBatch
[0, 1050]            2            0.001            Probe
[0, 1051]            213          3.787            FlatMap
[0, 1052]            1335         0.802            Arrange: Threshold
[0, 1053]            4            0.232            Threshold
[0, 1054]            3            0.018            AsCollection
[0, 1055]            3            0.007            FlatMap
[0, 1056]            3            0.006            FlatMap
[0, 1057]            3            0.025            FlatMap
[0, 1058]            5            0.008            Consolidate
[0, 1059]            1            0.001            AsCollection
[0, 1060]            2            0.002            InspectBatch
[0, 1061]            2            0.001            Probe
[0, 1062]            319          7.020            FlatMap
[0, 1063]            946          0.837            Arrange: Threshold
[0, 1064]            4            0.248            Threshold
[0, 1065]            3            0.016            AsCollection
[0, 1066]            3            0.009            FlatMap
[0, 1067]            3            0.011            FlatMap
[0, 1068]            3            0.051            FlatMap
[0, 1069]            5            0.008            Consolidate
[0, 1070]            1            0.001            AsCollection
[0, 1071]            2            0.012            InspectBatch
[0, 1072]            2            0.048            Probe
[0, 1073]            341          7.577            FlatMap
[0, 1074]            1402         1.437            Arrange: Threshold
[0, 1075]            4            0.717            Threshold
[0, 1076]            3            0.050            AsCollection
[0, 1077]            3            0.029            FlatMap
[0, 1078]            3            0.024            FlatMap
[0, 1079]            3            0.051            FlatMap
[0, 1080]            6            0.007            Consolidate
[0, 1081]            1            0.002            AsCollection
[0, 1082]            2            0.003            InspectBatch
[0, 1083]            2            0.001            Probe
[0, 1084]            199          3.764            FlatMap
[0, 1085]            817          0.717            Arrange: Threshold
[0, 1086]            4            0.056            Threshold
[0, 1087]            3            0.006            AsCollection
[0, 1088]            3            0.005            FlatMap
[0, 1089]            3            0.014            FlatMap
[0, 1090]            3            0.023            FlatMap
[0, 1091]            7            0.010            Consolidate
[0, 1092]            1            0.001            AsCollection
[0, 1093]            2            0.056            InspectBatch
[0, 1094]            2            0.001            Probe
