addr                 activations  total_active_ms  name
[0]                  271871       8524.083         Dataflow
[0, 1]               1            0.000            Input
[0, 2]               2            0.403            FlatMap
[0, 3]               7            0.056            Arrange: Threshold
[0, 4]               4            0.057            Threshold
[0, 5]               3            0.014            AsCollection
[0, 6]               1            0.000            Input
[0, 7]               2            0.294            FlatMap
[0, 8]               7            0.048            Arrange: Threshold
[0, 9]               4            0.046            Threshold
[0, 10]              3            0.006            AsCollection
[0, 11]              1            0.000            Input
[0, 12]              1            0.001            FlatMap
[0, 13]              3            0.011            Arrange: Threshold
[0, 14]              2            0.008            Threshold
[0, 15]              1            0.001            AsCollection
[0, 16]              1            0.000            Input
[0, 17]              2            0.385            FlatMap
[0, 18]              7            0.276            Arrange: Threshold
[0, 19]              4            0.530            Threshold
[0, 20]              3            0.044            AsCollection
[0, 21]              1            0.000            Input
[0, 22]              2            0.250            FlatMap
[0, 23]              8            0.037            Arrange: Threshold
[0, 24]              4            0.017            Threshold
[0, 25]              3            0.004            AsCollection
[0, 26]              1            0.000            Input
[0, 27]              2            0.372            FlatMap
[0, 28]              6            0.321            Arrange: Threshold
[0, 29]              4            0.752            Threshold
[0, 30]              3            0.042            AsCollection
[0, 31]              1            0.000            Input
[0, 32]              2            0.410            FlatMap
[0, 33]              7            0.331            Arrange: Threshold
[0, 34]              4            0.565            Threshold
[0, 35]              3            0.040            AsCollection
[0, 36]              1            0.000            Input
[0, 37]              2            0.330            FlatMap
[0, 38]              9            0.340            Arrange: Threshold
[0, 39]              4            0.681            Threshold
[0, 40]              3            0.061            AsCollection
[0, 41]              1            0.000            Input
[0, 42]              2            1.029            FlatMap
[0, 43]              7            2.746            Arrange: Threshold
[0, 44]              4            5.545            Threshold
[0, 45]              3            0.361            AsCollection
[0, 46]              1            0.000            Input
[0, 47]              2            0.220            FlatMap
[0, 48]              8            0.476            Arrange: Threshold
[0, 49]              4            0.483            Threshold
[0, 50]              3            0.039            AsCollection
[0, 51]              1            0.000            Input
[0, 52]              2            0.232            FlatMap
[0, 53]              7            0.055            Arrange: Threshold
[0, 54]              4            0.059            Threshold
[0, 55]              3            0.005            AsCollection
[0, 56]              1            0.001            Input
[0, 57]              2            0.223            FlatMap
[0, 58]              7            0.029            Arrange: Threshold
[0, 59]              4            0.017            Threshold
[0, 60]              3            0.003            AsCollection
[0, 61]              1            0.001            Input
[0, 62]              2            0.045            FlatMap
[0, 63]              5            0.025            Arrange: Threshold
[0, 64]              4            0.017            Threshold
[0, 65]              3            0.004            AsCollection
[0, 66]              1            0.000            Input
[0, 67]              2            0.293            FlatMap
[0, 68]              6            0.043            Arrange: Threshold
[0, 69]              4            0.032            Threshold
[0, 70]              3            0.005            AsCollection
[0, 71]              1            0.000            Input
[0, 72]              2            0.436            FlatMap
[0, 73]              7            0.127            Arrange: Threshold
[0, 74]              4            0.240            Threshold
[0, 75]              3            0.014            AsCollection
[0, 76]              1            0.000            Input
[0, 77]              2            0.370            FlatMap
[0, 78]              7            0.117            Arrange: Threshold
[0, 79]              4            0.304            Threshold
[0, 80]              3            0.018            AsCollection
[0, 81]              1            0.000            Input
[0, 82]              2            0.521            FlatMap
[0, 83]              7            0.357            Arrange: Threshold
[0, 84]              4            0.595            Threshold
[0, 85]              3            0.084            AsCollection
[0, 86]              1            0.000            Input
[0, 87]              2            0.608            FlatMap
[0, 88]              7            1.089            Arrange: Threshold
[0, 89]              4            1.833            Threshold
[0, 90]              3            0.166            AsCollection
[0, 91]              1            0.000            Input
[0, 92]              2            0.273            FlatMap
[0, 93]              6            0.160            Arrange: Threshold
[0, 94]              4            0.237            Threshold
[0, 95]              3            0.032            AsCollection
[0, 96]              1            0.001            Input
[0, 97]              2            0.590            FlatMap
[0, 98]              6            0.391            Arrange: Threshold
[0, 99]              4            0.244            Threshold
[0, 100]             3            0.015            AsCollection
[0, 101]             1            0.000            Input
[0, 102]             2            0.269            FlatMap
[0, 103]             7            0.119            Arrange: Threshold
[0, 104]             4            0.228            Threshold
[0, 105]             3            0.016            AsCollection
[0, 106]             1            0.000            Input
[0, 107]             2            0.550            FlatMap
[0, 108]             7            0.222            Arrange: Threshold
[0, 109]             4            0.411            Threshold
[0, 110]             3            0.032            AsCollection
[0, 111]             1            0.000            Input
[0, 112]             2            0.583            FlatMap
[0, 113]             6            0.601            Arrange: Threshold
[0, 114]             4            1.066            Threshold
[0, 115]             3            0.177            AsCollection
[0, 116]             1            0.000            Input
[0, 117]             2            0.329            FlatMap
[0, 118]             7            0.308            Arrange: Threshold
[0, 119]             4            0.549            Threshold
[0, 120]             3            0.037            AsCollection
[0, 121]             1            0.000            Input
[0, 122]             2            0.224            FlatMap
[0, 123]             7            0.190            Arrange: Threshold
[0, 124]             4            0.457            Threshold
[0, 125]             3            0.041            AsCollection
[0, 126]             1            0.000            Input
[0, 127]             2            0.302            FlatMap
[0, 128]             7            0.148            Arrange: Threshold
[0, 129]             4            0.288            Threshold
[0, 130]             3            0.024            AsCollection
[0, 131]             1            0.000            Input
[0, 132]             2            0.420            FlatMap
[0, 133]             6            0.427            Arrange: Threshold
[0, 134]             4            0.708            Threshold
[0, 135]             3            0.117            AsCollection
[0, 136]             1            0.000            Input
[0, 137]             2            0.299            FlatMap
[0, 138]             7            0.067            Arrange: Threshold
[0, 139]             4            0.062            Threshold
[0, 140]             3            0.008            AsCollection
[0, 141]             1            0.000            Input
[0, 142]             2            0.245            FlatMap
[0, 143]             6            0.133            Arrange: Threshold
[0, 144]             4            0.183            Threshold
[0, 145]             3            0.026            AsCollection
[0, 146]             1            0.000            Input
[0, 147]             2            0.308            FlatMap
[0, 148]             7            0.216            Arrange: Threshold
[0, 149]             4            0.287            Threshold
[0, 150]             3            0.028            AsCollection
[0, 151]             1            0.000            Input
[0, 152]             2            0.302            FlatMap
[0, 153]             6            0.089            Arrange: Threshold
[0, 154]             4            0.133            Threshold
[0, 155]             3            0.016            AsCollection
[0, 156]             1            0.000            Input
[0, 157]             2            0.319            FlatMap
[0, 158]             6            0.216            Arrange: Threshold
[0, 159]             4            0.340            Threshold
[0, 160]             3            0.035            AsCollection
[0, 161]             3            0.005            FlatMap
[0, 162]             3            0.005            FlatMap
[0, 163]             3            0.023            FlatMap
[0, 164]             3            0.013            FlatMap
[0, 165]             3            0.006            FlatMap
[0, 166]             3            0.005            FlatMap
[0, 167]             3            0.006            FlatMap
[0, 168]             3            0.009            FlatMap
[0, 169]             3            0.009            FlatMap
[0, 170]             3            0.013            FlatMap
[0, 171]             3            0.011            FlatMap
[0, 172]             3            0.007            FlatMap
[0, 173]             3            0.008            FlatMap
[0, 174]             3            0.005            FlatMap
[0, 175]             3            0.004            FlatMap
[0, 176]             3            0.004            FlatMap
[0, 177]             3            0.031            FlatMap
[0, 178]             3            0.019            FlatMap
[0, 179]             3            0.023            FlatMap
[0, 180]             3            0.025            FlatMap
[0, 181]             3            0.009            FlatMap
[0, 182]             3            0.009            FlatMap
[0, 183]             3            0.008            FlatMap
[0, 184]             3            0.009            FlatMap
[0, 185]             3            0.019            FlatMap
[0, 186]             3            0.016            FlatMap
[0, 187]             3            0.030            FlatMap
[0, 188]             3            0.029            FlatMap
[0, 189]             3            0.036            FlatMap
[0, 190]             3            0.035            FlatMap
[0, 191]             3            0.013            FlatMap
[0, 192]             3            0.014            FlatMap
[0, 193]             3            0.013            FlatMap
[0, 194]             3            0.008            FlatMap
[0, 195]             3            0.008            FlatMap
[0, 196]             3            0.008            FlatMap
[0, 197]             3            0.009            FlatMap
[0, 198]             3            0.010            FlatMap
[0, 199]             3            0.009            FlatMap
[0, 200]             3            0.017            FlatMap
[0, 201]             3            0.010            FlatMap
[0, 202]             3            0.054            FlatMap
[0, 203]             3            0.058            FlatMap
[0, 204]             3            0.054            FlatMap
[0, 205]             3            0.023            FlatMap
[0, 206]             3            0.019            FlatMap
[0, 207]             3            0.019            FlatMap
[0, 208]             3            0.009            FlatMap
[0, 209]             3            0.018            FlatMap
[0, 210]             3            0.011            FlatMap
[0, 211]             3            0.005            FlatMap
[0, 212]             3            0.004            FlatMap
[0, 213]             3            0.006            FlatMap
[0, 214]             3            0.031            FlatMap
[0, 215]             4            0.056            Arrange: Threshold
[0, 216]             4            0.204            Threshold
[0, 217]             3            0.017            AsCollection
[0, 218]             4            0.007            Concatenate
[0, 219]             4            0.006            Concatenate
[0, 220]             4            0.011            Concatenate
[0, 221]             4            0.045            FlatMap
[0, 222]             11           0.026            Arrange: Threshold
[0, 223]             4            0.079            Threshold
[0, 224]             3            0.008            AsCollection
[0, 225]             3            0.080            FlatMap
[0, 226]             5            0.266            Arrange: Threshold
[0, 227]             4            0.550            Threshold
[0, 228]             3            0.034            AsCollection
[0, 229]             3            0.066            FlatMap
[0, 230]             5            0.134            Arrange: Threshold
[0, 231]             4            0.208            Threshold
[0, 232]             3            0.027            AsCollection
[0, 233]             3            0.022            FlatMap
[0, 234]             12           0.014            Arrange: Threshold
[0, 235]             4            0.020            Threshold
[0, 236]             3            0.005            AsCollection
[0, 237]             3            0.066            FlatMap
[0, 238]             5            0.109            Arrange: Threshold
[0, 239]             4            0.197            Threshold
[0, 240]             3            0.015            AsCollection
[0, 241]             3            0.018            FlatMap
[0, 242]             4            0.015            Arrange: Threshold
[0, 243]             4            0.051            Threshold
[0, 244]             3            0.015            AsCollection
[0, 245]             3            0.061            FlatMap
[0, 246]             5            0.083            Arrange: Threshold
[0, 247]             4            0.112            Threshold
[0, 248]             3            0.019            AsCollection
[0, 249]             3            0.080            FlatMap
[0, 250]             5            0.160            Arrange: Threshold
[0, 251]             4            0.290            Threshold
[0, 252]             3            0.021            AsCollection
[0, 253]             3            0.251            FlatMap
[0, 254]             5            0.907            Arrange: Threshold
[0, 255]             4            1.691            Threshold
[0, 256]             3            0.114            AsCollection
[0, 257]             3            0.026            FlatMap
[0, 258]             12           0.022            Arrange: Threshold
[0, 259]             4            0.111            Threshold
[0, 260]             3            0.014            AsCollection
[0, 261]             3            0.076            FlatMap
[0, 262]             5            0.138            Arrange: Threshold
[0, 263]             4            0.227            Threshold
[0, 264]             3            0.020            AsCollection
[0, 265]             3            0.007            Concatenate
[0, 266]             3            0.006            Concatenate
[0, 267]             3            0.220            FlatMap
[0, 268]             5            0.737            Arrange: Threshold
[0, 269]             4            1.354            Threshold
[0, 270]             3            0.121            AsCollection
[0, 271]             3            0.086            FlatMap
[0, 272]             5            0.132            Arrange: Threshold
[0, 273]             4            0.207            Threshold
[0, 274]             3            0.014            AsCollection
[0, 275]             3            0.028            FlatMap
[0, 276]             5            0.025            Arrange: Threshold
[0, 277]             4            0.043            Threshold
[0, 278]             3            0.008            AsCollection
[0, 279]             3            0.106            FlatMap
[0, 280]             5            0.127            Arrange: Threshold
[0, 281]             4            0.244            Threshold
[0, 282]             3            0.017            AsCollection
[0, 283]             3            0.152            FlatMap
[0, 284]             5            0.397            Arrange: Threshold
[0, 285]             4            0.821            Threshold
[0, 286]             3            0.050            AsCollection
[0, 287]             3            0.102            FlatMap
[0, 288]             5            0.137            Arrange: Threshold
[0, 289]             4            0.200            Threshold
[0, 290]             3            0.014            AsCollection
[0, 291]             3            0.005            Concatenate
[0, 292]             3            0.005            Concatenate
[0, 293]             3            0.005            Concatenate
[0, 294]             3            0.165            FlatMap
[0, 295]             5            0.525            Arrange: Threshold
[0, 296]             4            0.979            Threshold
[0, 297]             3            0.062            AsCollection
[0, 298]             3            0.112            FlatMap
[0, 299]             5            0.207            Arrange: Threshold
[0, 300]             4            0.384            Threshold
[0, 301]             3            0.036            AsCollection
[0, 302]             3            0.017            Concatenate
[0, 303]             3            0.009            Concatenate
[0, 304]             3            0.384            FlatMap
[0, 305]             5            1.296            Arrange: Threshold
[0, 306]             4            2.324            Threshold
[0, 307]             3            0.171            AsCollection
[0, 308]             3            0.108            FlatMap
[0, 309]             5            0.317            Arrange: Threshold
[0, 310]             4            0.589            Threshold
[0, 311]             3            0.046            AsCollection
[0, 312]             3            0.066            FlatMap
[0, 313]             5            0.093            Arrange: Threshold
[0, 314]             4            0.099            Threshold
[0, 315]             3            0.008            AsCollection
[0, 316]             3            0.038            FlatMap
[0, 317]             13           0.024            Arrange: Threshold
[0, 318]             4            0.027            Threshold
[0, 319]             3            0.009            AsCollection
[0, 320]             3            0.005            Concatenate
[0, 321]             3            0.010            Concatenate
[0, 322]             3            0.005            Concatenate
[0, 323]             3            0.008            Concatenate
[0, 324]             3            0.006            Concatenate
[0, 325]             3            0.008            Concatenate
[0, 326]             3            0.021            Concatenate
[0, 327]             3            0.012            Concatenate
[0, 328]             3            0.009            Concatenate
[0, 329]             3            0.010            Concatenate
[0, 330]             3            0.013            Concatenate
[0, 331]             3            0.017            Concatenate
[0, 332]             3            0.762            FlatMap
[0, 333]             5            3.033            Arrange: Threshold
[0, 334]             4            4.981            Threshold
[0, 335]             3            0.547            AsCollection
[0, 336]             3            0.108            FlatMap
[0, 337]             5            0.269            Arrange: Threshold
[0, 338]             4            0.592            Threshold
[0, 339]             3            0.036            AsCollection
[0, 340]             3            0.076            FlatMap
[0, 341]             5            0.126            Arrange: Threshold
[0, 342]             4            0.230            Threshold
[0, 343]             3            0.016            AsCollection
[0, 344]             3            0.065            FlatMap
[0, 345]             5            0.073            Arrange: Threshold
[0, 346]             4            0.067            Threshold
[0, 347]             3            0.007            AsCollection
[0, 348]             3            0.005            Concatenate
[0, 349]             4            0.006            Concatenate
[0, 350]             4            0.008            Concatenate
[0, 351]             4            0.006            Concatenate
[0, 352]             4            0.132            FlatMap
[0, 353]             15           0.091            Arrange: Threshold
[0, 354]             4            0.069            Threshold
[0, 355]             3            0.009            AsCollection
[0, 356]             3            0.094            FlatMap
[0, 357]             5            0.135            Arrange: Threshold
[0, 358]             4            0.266            Threshold
[0, 359]             3            0.017            AsCollection
[0, 360]             3            0.362            FlatMap
[0, 361]             6            0.258            Arrange: Threshold
[0, 362]             4            0.436            Threshold
[0, 363]             3            0.040            AsCollection
[0, 364]             3            0.126            FlatMap
[0, 365]             6            0.191            Arrange: Threshold
[0, 366]             4            0.346            Threshold
[0, 367]             3            0.023            AsCollection
[0, 368]             3            0.263            FlatMap
[0, 369]             6            0.391            Arrange: Threshold
[0, 370]             4            0.853            Threshold
[0, 371]             3            0.050            AsCollection
[0, 372]             3            0.139            FlatMap
[0, 373]             6            0.128            Arrange: Threshold
[0, 374]             4            0.189            Threshold
[0, 375]             3            0.013            AsCollection
[0, 376]             3            0.006            FlatMap
[0, 377]             3            0.040            FlatMap
[0, 378]             4            0.011            ArrangeBySelf
[0, 379]             3            0.007            FlatMap
[0, 380]             3            0.027            FlatMap
[0, 381]             4            0.008            ArrangeBySelf
[0, 382]             3            0.038            Join
[0, 383]             4            0.011            ArrangeByKey
[0, 384]             3            0.026            FlatMap
[0, 385]             6            0.016            ArrangeByKey
[0, 386]             3            0.012            Join
[0, 387]             3            0.005            FlatMap
[0, 388]             1            0.001            FlatMap
[0, 389]             3            0.006            ArrangeBySelf
[0, 390]             3            0.005            FlatMap
[0, 391]             1            0.001            FlatMap
[0, 392]             3            0.005            ArrangeBySelf
[0, 393]             2            0.009            Join
[0, 394]             3            0.014            ArrangeByKey
[0, 395]             3            0.010            Join
[0, 396]             3            0.007            FlatMap
[0, 397]             3            0.010            ArrangeByKey
[0, 398]             2            0.011            Join
[0, 399]             3            0.027            FlatMap
[0, 400]             6            0.011            ArrangeByKey
[0, 401]             2            0.009            Join
[0, 402]             3            0.008            FlatMap
[0, 403]             3            0.008            FlatMap
[0, 404]             3            0.015            FlatMap
[0, 405]             3            0.006            FlatMap
[0, 406]             3            0.010            FlatMap
[0, 407]             1            0.001            FlatMap
[0, 408]             3            0.007            ArrangeBySelf
[0, 409]             3            0.067            FlatMap
[0, 410]             3            0.065            FlatMap
[0, 411]             23           0.139            ArrangeBySelf
[0, 412]             3            0.012            FlatMap
[0, 413]             3            0.023            FlatMap
[0, 414]             5            0.008            ArrangeBySelf
[0, 415]             3            0.013            FlatMap
[0, 416]             3            0.033            FlatMap
[0, 417]             17           0.038            ArrangeBySelf
[0, 418]             3            0.106            FlatMap
[0, 419]             5            0.326            ArrangeByKey
[0, 420]             1            0.001            FlatMap
[0, 421]             1            0.001            FlatMap
[0, 422]             2            0.006            ArrangeBySelf
[0, 423]             5            0.024            Join
[0, 424]             3            0.007            ArrangeByKey
[0, 425]             3            0.019            Join
[0, 426]             2            0.006            ArrangeByKey
[0, 427]             3            0.013            Join
[0, 428]             1            0.001            FlatMap
[0, 429]             7            0.008            ArrangeBySelf
[0, 430]             5            0.021            Join
[0, 431]             1            0.002            FlatMap
[0, 432]             7            0.006            ArrangeBySelf
[0, 433]             5            0.021            Join
[0, 434]             1            0.001            FlatMap
[0, 435]             7            0.006            ArrangeBySelf
[0, 436]             3            0.013            Join
[0, 437]             2            0.004            ArrangeByKey
[0, 438]             3            0.012            Join
[0, 439]             1            0.001            FlatMap
[0, 440]             2            0.007            ArrangeBySelf
[0, 441]             3            0.012            Join
[0, 442]             1            0.001            FlatMap
[0, 443]             2            0.012            ArrangeBySelf
[0, 444]             3            0.014            Join
[0, 445]             2            0.004            ArrangeByKey
[0, 446]             2            0.007            Join
[0, 447]             1            0.001            FlatMap
[0, 448]             3            0.007            ArrangeBySelf
[0, 449]             3            0.012            Join
[0, 450]             3            0.011            FlatMap
[0, 451]             3            0.040            FlatMap
[0, 452]             18           0.041            ArrangeBySelf
[0, 453]             3            0.102            FlatMap
[0, 454]             5            0.212            ArrangeByKey
[0, 455]             3            0.207            FlatMap
[0, 456]             6            0.224            ArrangeByKey
[0, 457]             3            0.089            FlatMap
[0, 458]             5            0.200            ArrangeByKey
[0, 459]             3            0.058            AsCollection
[0, 460]             3            0.100            FlatMap
[0, 461]             5            0.223            Arrange: Threshold
[0, 462]             4            0.415            Threshold
[0, 463]             3            0.025            AsCollection
[0, 464]             6            0.042            Join
[0, 465]             3            0.061            FlatMap
[0, 466]             5            0.065            Arrange: Threshold
[0, 467]             4            0.045            Threshold
[0, 468]             3            0.005            AsCollection
[0, 469]             3            0.004            FlatMap
[0, 470]             3            0.005            Concatenate
[0, 471]             3            0.017            FlatMap
[0, 472]             3            0.049            FlatMap
[0, 473]             4            0.110            Arrange: Threshold
[0, 474]             4            0.373            Threshold
[0, 475]             3            0.114            AsCollection
[0, 476]             5            0.239            ArrangeByKey
[0, 477]             3            0.054            AsCollection
[0, 478]             3            0.125            FlatMap
[0, 479]             5            0.215            Arrange: Threshold
[0, 480]             4            0.412            Threshold
[0, 481]             3            0.027            AsCollection
[0, 482]             6            0.063            Join
[0, 483]             3            0.089            FlatMap
[0, 484]             7            0.067            Arrange: Threshold
[0, 485]             4            0.053            Threshold
[0, 486]             3            0.009            AsCollection
[0, 487]             3            0.006            FlatMap
[0, 488]             4            0.008            Concatenate
[0, 489]             4            0.013            FlatMap
[0, 490]             4            0.058            FlatMap
[0, 491]             6            0.097            Arrange: Threshold
[0, 492]             4            0.352            Threshold
[0, 493]             3            0.153            AsCollection
[0, 494]             5            0.192            ArrangeByKey
[0, 495]             3            0.052            AsCollection
[0, 496]             3            0.089            FlatMap
[0, 497]             5            0.198            Arrange: Threshold
[0, 498]             4            0.363            Threshold
[0, 499]             3            0.024            AsCollection
[0, 500]             6            0.042            Join
[0, 501]             3            0.091            FlatMap
[0, 502]             5            0.055            Arrange: Threshold
[0, 503]             4            0.046            Threshold
[0, 504]             3            0.005            AsCollection
[0, 505]             3            0.003            FlatMap
[0, 506]             3            0.004            Concatenate
[0, 507]             3            0.017            FlatMap
[0, 508]             3            0.040            FlatMap
[0, 509]             4            0.103            Arrange: Threshold
[0, 510]             4            0.366            Threshold
[0, 511]             3            0.088            AsCollection
[0, 512]             5            0.184            ArrangeByKey
[0, 513]             6            0.296            Join
[0, 514]             5            0.102            ArrangeByKey
[0, 515]             6            0.295            Join
[0, 516]             3            0.028            FlatMap
[0, 517]             3            0.064            FlatMap
[0, 518]             4            0.177            ArrangeBySelf
[0, 519]             3            0.198            FlatMap
[0, 520]             5            0.703            ArrangeByKey
[0, 521]             6            0.650            Join
[0, 522]             4            1.336            ArrangeByKey
[0, 523]             3            0.022            FlatMap
[0, 524]             3            0.100            FlatMap
[0, 525]             5            0.220            ArrangeBySelf
[0, 526]             3            0.239            FlatMap
[0, 527]             6            0.217            ArrangeByKey
[0, 528]             6            0.627            Join
[0, 529]             4            0.641            ArrangeByKey
[0, 530]             7            0.248            Join
[0, 531]             4            0.093            ArrangeByKey
[0, 532]             6            0.673            Join
[0, 533]             3            0.020            FlatMap
[0, 534]             3            0.195            FlatMap
[0, 535]             6            0.195            ArrangeBySelf
[0, 536]             3            0.118            FlatMap
[0, 537]             5            0.222            ArrangeByKey
[0, 538]             7            0.567            Join
[0, 539]             4            0.625            ArrangeByKey
[0, 540]             7            0.240            Join
[0, 541]             4            0.085            ArrangeByKey
[0, 542]             6            0.642            Join
[0, 543]             3            0.012            FlatMap
[0, 544]             3            0.036            FlatMap
[0, 545]             4            0.039            ArrangeBySelf
[0, 546]             3            0.581            FlatMap
[0, 547]             5            3.037            ArrangeByKey
[0, 548]             3            0.217            FlatMap
[0, 549]             5            0.689            ArrangeByKey
[0, 550]             6            0.155            Join
[0, 551]             16           0.049            ArrangeByKey
[0, 552]             6            0.137            Join
[0, 553]             4            0.045            ArrangeByKey
[0, 554]             6            0.144            Join
[0, 555]             3            0.498            FlatMap
[0, 556]             5            2.963            ArrangeByKey
[0, 557]             3            0.092            FlatMap
[0, 558]             5            0.150            ArrangeByKey
[0, 559]             6            0.264            Join
[0, 560]             3            0.140            FlatMap
[0, 561]             5            0.260            ArrangeByKey
[0, 562]             6            0.337            Join
[0, 563]             4            0.159            ArrangeByKey
[0, 564]             3            0.334            FlatMap
[0, 565]             5            1.285            ArrangeByKey
[0, 566]             6            0.367            Join
[0, 567]             3            0.286            FlatMap
[0, 568]             5            1.250            ArrangeByKey
[0, 569]             6            1.427            Join
[0, 570]             4            0.729            ArrangeByKey
[0, 571]             3            0.223            FlatMap
[0, 572]             5            0.860            ArrangeByKey
[0, 573]             6            1.152            Join
[0, 574]             3            0.087            FlatMap
[0, 575]             5            0.112            ArrangeByKey
[0, 576]             6            0.148            Join
[0, 577]             4            0.043            ArrangeByKey
[0, 578]             6            0.151            Join
[0, 579]             4            0.067            ArrangeByKey
[0, 580]             3            0.085            FlatMap
[0, 581]             5            0.115            ArrangeByKey
[0, 582]             7            0.168            Join
[0, 583]             3            0.108            FlatMap
[0, 584]             5            0.153            ArrangeByKey
[0, 585]             6            0.197            Join
[0, 586]             4            0.093            ArrangeByKey
[0, 587]             3            0.102            FlatMap
[0, 588]             5            0.153            ArrangeByKey
[0, 589]             6            0.210            Join
[0, 590]             3            0.082            FlatMap
[0, 591]             5            0.082            ArrangeByKey
[0, 592]             6            0.096            Join
[0, 593]             4            0.025            ArrangeByKey
[0, 594]             3            0.135            FlatMap
[0, 595]             5            0.086            ArrangeByKey
[0, 596]             6            0.082            Join
[0, 597]             3            0.123            FlatMap
[0, 598]             5            0.065            ArrangeByKey
[0, 599]             6            0.084            Join
[0, 600]             4            0.019            ArrangeByKey
[0, 601]             3            0.257            FlatMap
[0, 602]             5            0.537            ArrangeByKey
[0, 603]             6            0.062            Join
[0, 604]             6            0.618            Join
[0, 605]             4            0.281            ArrangeByKey
[0, 606]             3            0.108            FlatMap
[0, 607]             5            0.109            ArrangeByKey
[0, 608]             6            0.145            Join
[0, 609]             3            0.124            FlatMap
[0, 610]             5            0.117            ArrangeByKey
[0, 611]             6            0.215            Join
[0, 612]             5            0.062            ArrangeByKey
[0, 613]             3            0.139            FlatMap
[0, 614]             5            0.118            ArrangeByKey
[0, 615]             6            0.189            Join
[0, 616]             4            0.076            ArrangeByKey
[0, 617]             7            0.212            Join
[0, 618]             3            0.204            FlatMap
[0, 619]             5            0.267            ArrangeByKey
[0, 620]             7            0.444            Join
[0, 621]             19           0.163            ArrangeByKey
[0, 622]             6            0.383            Join
[0, 623]             4            0.174            ArrangeByKey
[0, 624]             3            0.151            FlatMap
[0, 625]             5            0.276            ArrangeByKey
[0, 626]             7            0.346            Join
[0, 627]             3            0.151            FlatMap
[0, 628]             5            0.295            Arrange: Threshold
[0, 629]             4            0.578            Threshold
[0, 630]             3            0.037            AsCollection
[0, 631]             3            0.111            FlatMap
[0, 632]             5            0.122            Arrange: Threshold
[0, 633]             4            0.207            Threshold
[0, 634]             3            0.018            AsCollection
[0, 635]             1            0.001            Concatenate
[0, 636]             1            0.001            Concatenate
[0, 637]             1            0.001            Concatenate
[0, 638]             3            0.013            Concatenate
[0, 639]             3            0.004            Concatenate
[0, 640]             3            0.005            Concatenate
[0, 641]             3            0.032            FlatMap
[0, 642]             12           0.105            Arrange: Threshold
[0, 643]             4            0.107            Threshold
[0, 644]             3            0.009            AsCollection
[0, 645]             3            0.058            FlatMap
[0, 646]             5            0.077            Arrange: Threshold
[0, 647]             4            0.060            Threshold
[0, 648]             3            0.007            AsCollection
[0, 649]             3            0.311            FlatMap
[0, 650]             5            0.391            Arrange: Threshold
[0, 651]             4            0.816            Threshold
[0, 652]             3            0.054            AsCollection
[0, 653]             3            0.161            FlatMap
[0, 654]             5            0.338            Arrange: Threshold
[0, 655]             4            0.602            Threshold
[0, 656]             3            0.042            AsCollection
[0, 657]             3            0.133            FlatMap
[0, 658]             5            0.179            Arrange: Threshold
[0, 659]             4            0.298            Threshold
[0, 660]             3            0.019            AsCollection
[0, 661]             3            0.133            FlatMap
[0, 662]             5            0.172            Arrange: Threshold
[0, 663]             4            0.229            Threshold
[0, 664]             3            0.016            AsCollection
[0, 665]             3            0.138            FlatMap
[0, 666]             5            0.231            Arrange: Threshold
[0, 667]             4            0.417            Threshold
[0, 668]             3            0.057            AsCollection
[0, 669]             3            0.108            FlatMap
[0, 670]             5            0.142            Arrange: Threshold
[0, 671]             4            0.249            Threshold
[0, 672]             3            0.031            AsCollection
[0, 673]             3            0.082            FlatMap
[0, 674]             5            0.143            Arrange: Threshold
[0, 675]             4            0.227            Threshold
[0, 676]             3            0.014            AsCollection
[0, 677]             1            0.011            FlatMap
[0, 678]             2            0.005            Arrange: Threshold
[0, 679]             2            0.007            Threshold
[0, 680]             1            0.002            AsCollection
[0, 681]             3            0.045            FlatMap
[0, 682]             12           0.039            Arrange: Threshold
[0, 683]             4            0.059            Threshold
[0, 684]             3            0.008            AsCollection
[0, 685]             3            0.359            FlatMap
[0, 686]             5            0.392            Arrange: Threshold
[0, 687]             4            0.808            Threshold
[0, 688]             3            0.055            AsCollection
[0, 689]             3            0.312            FlatMap
[0, 690]             5            0.833            Arrange: Threshold
[0, 691]             4            1.514            Threshold
[0, 692]             3            0.089            AsCollection
[0, 693]             3            0.122            FlatMap
[0, 694]             5            0.114            Arrange: Threshold
[0, 695]             4            0.154            Threshold
[0, 696]             3            0.014            AsCollection
[0, 697]             3            0.093            FlatMap
[0, 698]             6            0.104            Arrange: Threshold
[0, 699]             4            0.122            Threshold
[0, 700]             3            0.011            AsCollection
[0, 701]             3            0.092            FlatMap
[0, 702]             6            0.133            ArrangeByKey
[0, 703]             3            0.153            FlatMap
[0, 704]             6            0.088            ArrangeByKey
[0, 705]             314          8.398            Iterative
[0, 705, 1]          3            0.009            FlatMap
[0, 705, 2]          3            0.005            FlatMap
[0, 705, 3]          3            0.005            Enter
[0, 705, 4]          23           0.027            Feedback
[0, 705, 5]          23           0.521            FlatMap
[0, 705, 6]          75           0.375            ArrangeByKey
[0, 705, 7]          26           0.135            Join
[0, 705, 8]          26           0.196            Join
[0, 705, 9]          13           0.017            Concatenate
[0, 705, 10]         15           0.016            Concatenate
[0, 705, 11]         15           0.318            FlatMap
[0, 705, 12]         45           0.243            Arrange: Threshold
[0, 705, 13]         29           0.345            Threshold
[0, 705, 14]         23           0.049            AsCollection
[0, 705, 15]         23           0.020            ResultsIn
[0, 706]             29           0.032            Leave
[0, 707]             1            0.001            FlatMap
[0, 708]             1            0.001            FlatMap
[0, 709]             1            0.001            FlatMap
[0, 710]             2            0.005            ArrangeBySelf
[0, 711]             3            0.128            FlatMap
[0, 712]             5            0.231            ArrangeByKey
[0, 713]             5            0.022            Join
[0, 714]             3            0.010            FlatMap
[0, 715]             3            0.007            FlatMap
[0, 716]             3            0.018            FlatMap
[0, 717]             8            0.016            ArrangeBySelf
[0, 718]             23           0.468            FlatMap
[0, 719]             42           0.178            ArrangeByKey
[0, 720]             7            0.037            Join
[0, 721]             3            0.008            FlatMap
[0, 722]             3            0.024            FlatMap
[0, 723]             8            0.019            ArrangeBySelf
[0, 724]             7            0.061            Join
[0, 725]             3            0.015            FlatMap
[0, 726]             1            0.002            FlatMap
[0, 727]             3            0.005            Arrange: Threshold
[0, 728]             2            0.006            Threshold
[0, 729]             1            0.001            AsCollection
[0, 730]             3            0.040            FlatMap
[0, 731]             5            0.019            Arrange: Threshold
[0, 732]             4            0.028            Threshold
[0, 733]             3            0.007            AsCollection
[0, 734]             3            0.004            Concatenate
[0, 735]             5            0.008            Concatenate
[0, 736]             5            0.151            FlatMap
[0, 737]             10           0.121            Arrange: Threshold
[0, 738]             4            0.172            Threshold
[0, 739]             3            0.013            AsCollection
[0, 740]             1            0.009            FlatMap
[0, 741]             2            0.004            Arrange: Threshold
[0, 742]             2            0.006            Threshold
[0, 743]             1            0.001            AsCollection
[0, 744]             3            0.080            FlatMap
[0, 745]             4            0.109            Arrange: Threshold
[0, 746]             4            0.406            Threshold
[0, 747]             3            0.029            AsCollection
[0, 748]             3            0.066            FlatMap
[0, 749]             15           0.071            ArrangeByKey
[0, 750]             235          6.510            Iterative
[0, 750, 1]          3            0.006            Enter
[0, 750, 2]          3            0.007            FlatMap
[0, 750, 3]          19           0.023            Feedback
[0, 750, 4]          19           0.397            FlatMap
[0, 750, 5]          60           0.231            ArrangeByKey
[0, 750, 6]          23           0.180            Join
[0, 750, 7]          13           0.018            Concatenate
[0, 750, 8]          13           0.275            FlatMap
[0, 750, 9]          64           0.210            Arrange: Threshold
[0, 750, 10]         28           0.246            Threshold
[0, 750, 11]         19           0.032            AsCollection
[0, 750, 12]         19           0.015            ResultsIn
[0, 751]             31           0.030            Leave
[0, 752]             19           0.028            FlatMap
[0, 753]             21           0.020            Concatenate
[0, 754]             21           0.371            FlatMap
[0, 755]             53           0.154            Arrange: Threshold
[0, 756]             4            0.283            Threshold
[0, 757]             3            0.018            AsCollection
[0, 758]             19           0.364            FlatMap
[0, 759]             39           0.098            Arrange: Threshold
[0, 760]             4            0.098            Threshold
[0, 761]             3            0.009            AsCollection
[0, 762]             3            0.016            FlatMap
[0, 763]             3            0.117            FlatMap
[0, 764]             6            0.243            ArrangeBySelf
[0, 765]             3            0.061            FlatMap
[0, 766]             6            0.072            ArrangeByKey
[0, 767]             3            0.215            FlatMap
[0, 768]             6            0.127            ArrangeByKey
[0, 769]             1172         43.933           Iterative
[0, 769, 1]          3            0.007            FlatMap
[0, 769, 2]          3            0.032            Enter
[0, 769, 3]          3            0.007            FlatMap
[0, 769, 4]          3            0.005            FlatMap
[0, 769, 5]          25           0.034            Feedback
[0, 769, 6]          25           1.173            FlatMap
[0, 769, 7]          46           1.637            ArrangeByKey
[0, 769, 8]          34           1.066            Join
[0, 769, 9]          58           1.351            ArrangeByKey
[0, 769, 10]         21           0.253            AsCollection
[0, 769, 11]         21           1.250            FlatMap
[0, 769, 12]         55           1.381            Arrange: Threshold
[0, 769, 13]         29           3.438            Threshold
[0, 769, 14]         21           0.177            AsCollection
[0, 769, 15]         33           0.817            Join
[0, 769, 16]         11           0.281            FlatMap
[0, 769, 17]         38           0.173            Arrange: Threshold
[0, 769, 18]         24           0.260            Threshold
[0, 769, 19]         15           0.028            AsCollection
[0, 769, 20]         15           0.025            FlatMap
[0, 769, 21]         25           0.030            Concatenate
[0, 769, 22]         25           0.129            FlatMap
[0, 769, 23]         25           1.097            FlatMap
[0, 769, 24]         52           1.328            Arrange: Threshold
[0, 769, 25]         31           3.119            Threshold
[0, 769, 26]         23           0.162            AsCollection
[0, 769, 27]         34           0.502            Join
[0, 769, 28]         27           0.104            ArrangeByKey
[0, 769, 29]         9            0.013            AsCollection
[0, 769, 30]         9            0.164            FlatMap
[0, 769, 31]         32           0.093            Arrange: Threshold
[0, 769, 32]         18           0.139            Threshold
[0, 769, 33]         7            0.012            AsCollection
[0, 769, 34]         25           0.138            Join
[0, 769, 35]         7            0.092            FlatMap
[0, 769, 36]         24           0.052            Arrange: Threshold
[0, 769, 37]         18           0.102            Threshold
[0, 769, 38]         5            0.007            AsCollection
[0, 769, 39]         5            0.011            FlatMap
[0, 769, 40]         8            0.011            Concatenate
[0, 769, 41]         8            0.012            FlatMap
[0, 769, 42]         8            0.174            FlatMap
[0, 769, 43]         28           0.106            Arrange: Threshold
[0, 769, 44]         20           0.111            Threshold
[0, 769, 45]         7            0.008            AsCollection
[0, 769, 46]         26           0.032            Concatenate
[0, 769, 47]         28           0.032            Concatenate
[0, 769, 48]         28           0.572            FlatMap
[0, 769, 49]         77           0.752            Arrange: Threshold
[0, 769, 50]         31           4.800            Threshold
[0, 769, 51]         25           0.203            AsCollection
[0, 769, 52]         25           0.042            ResultsIn
[0, 770]             29           0.106            Leave
[0, 771]             3            0.011            FlatMap
[0, 772]             3            0.036            FlatMap
[0, 773]             8            0.024            ArrangeBySelf
[0, 774]             3            0.050            FlatMap
[0, 775]             5            0.029            ArrangeByKey
[0, 776]             7            0.067            Join
[0, 777]             6            0.012            ArrangeByKey
[0, 778]             3            0.080            FlatMap
[0, 779]             5            0.019            ArrangeByKey
[0, 780]             7            0.061            Join
[0, 781]             6            0.024            ArrangeByKey
[0, 782]             199          6.500            Iterative
[0, 782, 1]          3            0.007            FlatMap
[0, 782, 2]          3            0.006            FlatMap
[0, 782, 3]          3            0.010            Enter
[0, 782, 4]          3            0.005            FlatMap
[0, 782, 5]          5            0.007            Feedback
[0, 782, 6]          5            0.169            FlatMap
[0, 782, 7]          14           0.167            ArrangeByKey
[0, 782, 8]          15           0.370            Join
[0, 782, 9]          14           0.652            ArrangeByKey
[0, 782, 10]         10           0.487            Join
[0, 782, 11]         17           0.175            ArrangeByKey
[0, 782, 12]         12           0.125            Join
[0, 782, 13]         11           0.083            ArrangeByKey
[0, 782, 14]         9            0.084            Join
[0, 782, 15]         5            0.007            Concatenate
[0, 782, 16]         5            0.183            FlatMap
[0, 782, 17]         30           0.127            Arrange: Threshold
[0, 782, 18]         8            0.305            Threshold
[0, 782, 19]         5            0.042            AsCollection
[0, 782, 20]         5            0.008            ResultsIn
[0, 783]             7            0.035            Leave
[0, 784]             5            0.017            FlatMap
[0, 785]             5            0.015            FlatMap
[0, 786]             5            0.106            FlatMap
[0, 787]             10           0.125            Arrange: Threshold
[0, 788]             4            0.309            Threshold
[0, 789]             3            0.026            AsCollection
[0, 790]             5            0.067            FlatMap
[0, 791]             10           0.074            Arrange: Threshold
[0, 792]             4            0.191            Threshold
[0, 793]             3            0.015            AsCollection
[0, 794]             3            0.072            FlatMap
[0, 795]             6            0.065            ArrangeByKey
[0, 796]             3            0.049            FlatMap
[0, 797]             5            0.040            ArrangeByKey
[0, 798]             3            0.123            FlatMap
[0, 799]             5            0.101            ArrangeByKey
[0, 800]             3            0.272            FlatMap
[0, 801]             6            0.232            ArrangeByKey
[0, 802]             3            0.046            FlatMap
[0, 803]             6            0.039            ArrangeByKey
[0, 804]             3            0.012            FlatMap
[0, 805]             3            0.040            FlatMap
[0, 806]             4            0.069            ArrangeBySelf
[0, 807]             3            0.082            FlatMap
[0, 808]             5            0.112            ArrangeByKey
[0, 809]             3            0.926            FlatMap
[0, 810]             6            3.015            ArrangeByKey
[0, 811]             3            0.255            FlatMap
[0, 812]             6            0.917            ArrangeByKey
[0, 813]             3            0.184            FlatMap
[0, 814]             5            0.440            ArrangeByKey
[0, 815]             3            0.597            FlatMap
[0, 816]             8            2.912            ArrangeByKey
[0, 817]             3            0.115            FlatMap
[0, 818]             6            0.193            ArrangeByKey
[0, 819]             3            0.242            FlatMap
[0, 820]             6            0.643            ArrangeByKey
[0, 821]             3            0.104            FlatMap
[0, 822]             20           0.219            ArrangeByKey
[0, 823]             3            0.188            FlatMap
[0, 824]             6            0.472            ArrangeByKey
[0, 825]             3            0.184            FlatMap
[0, 826]             6            0.444            ArrangeByKey
[0, 827]             3            0.176            FlatMap
[0, 828]             6            0.415            ArrangeByKey
[0, 829]             25           1.093            FlatMap
[0, 830]             39           1.750            ArrangeByKey
[0, 831]             3            0.110            FlatMap
[0, 832]             6            0.322            ArrangeByKey
[0, 833]             3            0.137            FlatMap
[0, 834]             7            0.822            ArrangeByKey
[0, 835]             3            0.107            FlatMap
[0, 836]             6            0.211            ArrangeByKey
[0, 837]             3            0.088            FlatMap
[0, 838]             5            0.556            ArrangeByKey
[0, 839]             3            0.126            FlatMap
[0, 840]             9            0.122            ArrangeByKey
[0, 841]             3            0.013            FlatMap
[0, 842]             3            0.085            FlatMap
[0, 843]             22           0.170            ArrangeBySelf
[0, 844]             3            0.166            FlatMap
[0, 845]             6            0.178            ArrangeByKey
[0, 846]             3            0.163            FlatMap
[0, 847]             11           0.438            ArrangeByKey
[0, 848]             3            0.147            FlatMap
[0, 849]             7            0.140            ArrangeByKey
[0, 850]             3            0.109            FlatMap
[0, 851]             6            0.240            ArrangeByKey
[0, 852]             3            0.109            FlatMap
[0, 853]             10           0.070            ArrangeByKey
[0, 854]             3            0.092            FlatMap
[0, 855]             6            0.092            ArrangeByKey
[0, 856]             3            0.111            FlatMap
[0, 857]             6            0.127            ArrangeByKey
[0, 858]             3            0.082            FlatMap
[0, 859]             7            0.151            ArrangeByKey
[0, 860]             3            0.069            FlatMap
[0, 861]             5            0.073            ArrangeByKey
[0, 862]             3            0.065            FlatMap
[0, 863]             5            0.068            ArrangeByKey
[0, 864]             3            0.229            FlatMap
[0, 865]             7            0.248            ArrangeByKey
[0, 866]             3            0.125            FlatMap
[0, 867]             7            0.128            ArrangeByKey
[0, 868]             3            0.019            FlatMap
[0, 869]             3            0.034            FlatMap
[0, 870]             5            0.054            ArrangeBySelf
[0, 871]             3            0.249            FlatMap
[0, 872]             6            0.686            ArrangeByKey
[0, 873]             7            0.159            Join
[0, 874]             9            0.051            ArrangeByKey
[0, 875]             3            0.107            FlatMap
[0, 876]             6            0.218            ArrangeByKey
[0, 877]             259046       7480.925         Iterative
[0, 877, 1]          3            0.005            FlatMap
[0, 877, 2]          3            0.006            FlatMap
[0, 877, 3]          3            0.007            FlatMap
[0, 877, 4]          3            0.007            FlatMap
[0, 877, 5]          3            0.007            FlatMap
[0, 877, 6]          1            0.001            Enter
[0, 877, 7]          3            0.006            FlatMap
[0, 877, 8]          3            0.005            FlatMap
[0, 877, 9]          3            0.007            FlatMap
[0, 877, 10]         3            0.006            FlatMap
[0, 877, 11]         3            0.007            FlatMap
[0, 877, 12]         3            0.004            FlatMap
[0, 877, 13]         3            0.008            FlatMap
[0, 877, 14]         3            0.006            FlatMap
[0, 877, 15]         3            0.005            FlatMap
[0, 877, 16]         3            0.005            FlatMap
[0, 877, 17]         3            0.005            FlatMap
[0, 877, 18]         3            0.007            FlatMap
[0, 877, 19]         3            0.006            FlatMap
[0, 877, 20]         3            0.007            FlatMap
[0, 877, 21]         3            0.013            FlatMap
[0, 877, 22]         3            0.004            FlatMap
[0, 877, 23]         3            0.013            FlatMap
[0, 877, 24]         3            0.006            FlatMap
[0, 877, 25]         3            0.007            FlatMap
[0, 877, 26]         3            0.006            FlatMap
[0, 877, 27]         3            0.004            FlatMap
[0, 877, 28]         1            0.001            Enter
[0, 877, 29]         3            0.007            FlatMap
[0, 877, 30]         3            0.004            FlatMap
[0, 877, 31]         3            0.005            FlatMap
[0, 877, 32]         3            0.004            FlatMap
[0, 877, 33]         3            0.004            FlatMap
[0, 877, 34]         3            0.006            FlatMap
[0, 877, 35]         3            0.005            FlatMap
[0, 877, 36]         3            0.006            FlatMap
[0, 877, 37]         3            0.006            FlatMap
[0, 877, 38]         3            0.009            FlatMap
[0, 877, 39]         3            0.005            FlatMap
[0, 877, 40]         3            0.009            FlatMap
[0, 877, 41]         3            0.004            FlatMap
[0, 877, 42]         203          0.341            Feedback
[0, 877, 43]         411          0.808            Feedback
[0, 877, 44]         223          0.497            Feedback
[0, 877, 45]         311          0.373            Feedback
[0, 877, 46]         325          0.403            Feedback
[0, 877, 47]         461          6.962            Feedback
[0, 877, 48]         345          0.394            Feedback
[0, 877, 49]         95           0.143            Feedback
[0, 877, 50]         95           0.169            FlatMap
[0, 877, 51]         95           1.315            FlatMap
[0, 877, 52]         966          1.623            ArrangeBySelf
[0, 877, 53]         341          1.567            Join
[0, 877, 54]         341          1.077            Join
[0, 877, 55]         203          0.367            FlatMap
[0, 877, 56]         203          3.764            FlatMap
[0, 877, 57]         885          2.383            ArrangeBySelf
[0, 877, 58]         446          2.937            Join
[0, 877, 59]         523          1.531            ArrangeByKey
[0, 877, 60]         461          39.315           FlatMap
[0, 877, 61]         3575         98.428           ArrangeByKey
[0, 877, 62]         928          5.450            Join
[0, 877, 63]         515          1.641            ArrangeByKey
[0, 877, 64]         969          16.865           Join
[0, 877, 65]         1148         9.366            ArrangeByKey
[0, 877, 66]         587          19.123           Join
[0, 877, 67]         1200         9.139            ArrangeByKey
[0, 877, 68]         609          14.235           Join
[0, 877, 69]         1229         1.579            ArrangeByKey
[0, 877, 70]         256          1.648            Join
[0, 877, 71]         1125         3.318            ArrangeByKey
[0, 877, 72]         562          5.050            Join
[0, 877, 73]         446          2.329            Join
[0, 877, 74]         579          1.764            ArrangeByKey
[0, 877, 75]         956          5.095            Join
[0, 877, 76]         530          1.414            ArrangeByKey
[0, 877, 77]         345          8.512            FlatMap
[0, 877, 78]         1577         2.227            ArrangeByKey
[0, 877, 79]         722          6.263            Join
[0, 877, 80]         1532         4.596            ArrangeByKey
[0, 877, 81]         515          11.276           Join
[0, 877, 82]         1963         2.256            ArrangeByKey
[0, 877, 83]         391          4.387            Join
[0, 877, 84]         1510         1.446            ArrangeByKey
[0, 877, 85]         254          1.368            Join
[0, 877, 86]         780          1.304            ArrangeByKey
[0, 877, 87]         283          1.934            Join
[0, 877, 88]         446          6.531            Join
[0, 877, 89]         1256         2.528            ArrangeByKey
[0, 877, 90]         1035         18.053           Join
[0, 877, 91]         446          4.182            Join
[0, 877, 92]         965          1.671            ArrangeByKey
[0, 877, 93]         984          14.731           Join
[0, 877, 94]         820          6.011            ArrangeByKey
[0, 877, 95]         411          24.819           FlatMap
[0, 877, 96]         2782         54.971           ArrangeByKey
[0, 877, 97]         1198         101.221          Join
[0, 877, 98]         446          2.702            Join
[0, 877, 99]         203          5.773            FlatMap
[0, 877, 100]        1375         4.145            ArrangeBySelf
[0, 877, 101]        573          7.691            Join
[0, 877, 102]        991          1.699            ArrangeByKey
[0, 877, 103]        573          8.913            Join
[0, 877, 104]        1100         1.468            ArrangeByKey
[0, 877, 105]        1072         9.819            Join
[0, 877, 106]        778          2.214            ArrangeByKey
[0, 877, 107]        1002         13.236           Join
[0, 877, 108]        1019         2.156            ArrangeByKey
[0, 877, 109]        500          3.214            Join
[0, 877, 110]        573          8.057            Join
[0, 877, 111]        1142         1.834            ArrangeByKey
[0, 877, 112]        573          7.522            Join
[0, 877, 113]        1070         1.223            ArrangeByKey
[0, 877, 114]        573          6.940            Join
[0, 877, 115]        1079         1.271            ArrangeByKey
[0, 877, 116]        1102         28.572           Join
[0, 877, 117]        1040         24.649           ArrangeByKey
[0, 877, 118]        644          31.906           Join
[0, 877, 119]        1398         13.441           ArrangeByKey
[0, 877, 120]        1148         19.752           Join
[0, 877, 121]        1729         3.140            ArrangeByKey
[0, 877, 122]        1150         23.895           Join
[0, 877, 123]        1546         7.973            ArrangeByKey
[0, 877, 124]        635          12.213           Join
[0, 877, 125]        311          8.186            FlatMap
[0, 877, 126]        1239         4.275            ArrangeByKey
[0, 877, 127]        572          8.744            Join
[0, 877, 128]        1615         2.872            ArrangeByKey
[0, 877, 129]        548          4.698            Join
[0, 877, 130]        325          8.404            FlatMap
[0, 877, 131]        2001         3.644            ArrangeByKey
[0, 877, 132]        1270         73.678           Join
[0, 877, 133]        446          2.779            Join
[0, 877, 134]        748          1.279            ArrangeByKey
[0, 877, 135]        304          3.744            Join
[0, 877, 136]        711          2.067            ArrangeByKey
[0, 877, 137]        472          9.450            Join
[0, 877, 138]        2160         27.107           ArrangeByKey
[0, 877, 139]        461          5.764            FlatMap
[0, 877, 140]        461          19.501           FlatMap
[0, 877, 141]        2879         37.551           ArrangeBySelf
[0, 877, 142]        1211         394.378          Join
[0, 877, 143]        644          68.086           Join
[0, 877, 144]        1876         28.847           ArrangeByKey
[0, 877, 145]        1151         49.765           Join
[0, 877, 146]        2508         15.402           ArrangeByKey
[0, 877, 147]        1150         70.637           Join
[0, 877, 148]        2281         9.236            ArrangeByKey
[0, 877, 149]        639          23.280           Join
[0, 877, 150]        1596         17.590           ArrangeByKey
[0, 877, 151]        570          34.246           Join
[0, 877, 152]        461          7.571            FlatMap
[0, 877, 153]        461          35.407           FlatMap
[0, 877, 154]        4347         29.193           ArrangeBySelf
[0, 877, 155]        573          9.000            Join
[0, 877, 156]        1773         3.467            ArrangeByKey
[0, 877, 157]        1058         9.424            Join
[0, 877, 158]        321          4.976            FlatMap
[0, 877, 159]        1520         2.415            ArrangeBySelf
[0, 877, 160]        552          11.355           Join
[0, 877, 161]        1347         2.416            ArrangeByKey
[0, 877, 162]        860          4.095            Join
[0, 877, 163]        572          11.762           Join
[0, 877, 164]        1951         2.409            ArrangeByKey
[0, 877, 165]        551          4.103            Join
[0, 877, 166]        446          3.085            Join
[0, 877, 167]        869          1.644            ArrangeByKey
[0, 877, 168]        989          8.510            Join
[0, 877, 169]        1202         2.827            ArrangeByKey
[0, 877, 170]        1171         9.555            Join
[0, 877, 171]        1150         11.815           Join
[0, 877, 172]        415          16.704           FlatMap
[0, 877, 173]        2519         7.542            ArrangeBySelf
[0, 877, 174]        639          6.094            Join
[0, 877, 175]        446          1.752            Join
[0, 877, 176]        123          2.002            FlatMap
[0, 877, 177]        1001         1.679            ArrangeBySelf
[0, 877, 178]        435          2.242            Join
[0, 877, 179]        341          1.491            Join
[0, 877, 180]        446          1.526            Join
[0, 877, 181]        55           0.720            FlatMap
[0, 877, 182]        685          1.111            ArrangeBySelf
[0, 877, 183]        355          1.769            Join
[0, 877, 184]        446          2.118            Join
[0, 877, 185]        698          1.238            ArrangeByKey
[0, 877, 186]        223          4.621            FlatMap
[0, 877, 187]        1656         1.405            ArrangeByKey
[0, 877, 188]        639          3.150            Join
[0, 877, 189]        860          4.560            Join
[0, 877, 190]        446          1.745            Join
[0, 877, 191]        502          1.184            ArrangeByKey
[0, 877, 192]        951          106.026          Join
[0, 877, 193]        446          1.364            Join
[0, 877, 194]        25           0.380            FlatMap
[0, 877, 195]        497          0.918            ArrangeBySelf
[0, 877, 196]        313          1.442            Join
[0, 877, 197]        203          0.319            FlatMap
[0, 877, 198]        203          3.872            FlatMap
[0, 877, 199]        935          1.218            ArrangeBySelf
[0, 877, 200]        446          2.202            Join
[0, 877, 201]        446          1.475            Join
[0, 877, 202]        446          1.114            Join
[0, 877, 203]        446          7.150            Join
[0, 877, 204]        1620         3.923            ArrangeByKey
[0, 877, 205]        574          4.954            Join
[0, 877, 206]        131          1.780            FlatMap
[0, 877, 207]        1075         1.547            ArrangeBySelf
[0, 877, 208]        380          2.065            Join
[0, 877, 209]        131          1.890            FlatMap
[0, 877, 210]        1054         1.438            ArrangeBySelf
[0, 877, 211]        387          2.336            Join
[0, 877, 212]        420          0.560            Concatenate
[0, 877, 213]        730          0.659            Concatenate
[0, 877, 214]        818          0.599            Concatenate
[0, 877, 215]        818          0.570            Concatenate
[0, 877, 216]        818          20.626           FlatMap
[0, 877, 217]        3583         5.597            Arrange: Threshold
[0, 877, 218]        576          6.577            Threshold
[0, 877, 219]        361          0.481            AsCollection
[0, 877, 220]        415          0.581            Concatenate
[0, 877, 221]        415          8.753            FlatMap
[0, 877, 222]        2648         4.059            Arrange: Threshold
[0, 877, 223]        570          6.896            Threshold
[0, 877, 224]        325          0.670            AsCollection
[0, 877, 225]        69           1.195            FlatMap
[0, 877, 226]        1191         1.820            Arrange: Threshold
[0, 877, 227]        466          3.877            Threshold
[0, 877, 228]        223          0.422            AsCollection
[0, 877, 229]        707          0.826            Concatenate
[0, 877, 230]        795          0.589            Concatenate
[0, 877, 231]        795          23.556           FlatMap
[0, 877, 232]        3625         9.984            Arrange: Threshold
[0, 877, 233]        643          17.117           Threshold
[0, 877, 234]        435          0.677            AsCollection
[0, 877, 235]        345          13.276           FlatMap
[0, 877, 236]        3893         42.397           Arrange: Threshold
[0, 877, 237]        648          301.813          Threshold
[0, 877, 238]        411          8.050            AsCollection
[0, 877, 239]        275          0.367            Concatenate
[0, 877, 240]        275          0.301            Concatenate
[0, 877, 241]        331          0.379            Concatenate
[0, 877, 242]        349          0.325            Concatenate
[0, 877, 243]        489          0.445            Concatenate
[0, 877, 244]        489          0.417            Concatenate
[0, 877, 245]        489          7.947            FlatMap
[0, 877, 246]        3484         2.767            Arrange: Threshold
[0, 877, 247]        471          3.463            Threshold
[0, 877, 248]        231          0.292            AsCollection
[0, 877, 249]        259          7.667            FlatMap
[0, 877, 250]        1525         4.246            Arrange: Threshold
[0, 877, 251]        589          12.455           Threshold
[0, 877, 252]        361          0.724            AsCollection
[0, 877, 253]        491          0.750            Concatenate
[0, 877, 254]        1158         1.321            Concatenate
[0, 877, 255]        1384         1.309            Concatenate
[0, 877, 256]        1560         1.851            Concatenate
[0, 877, 257]        1792         1.875            Concatenate
[0, 877, 258]        2132         1.965            Concatenate
[0, 877, 259]        2172         1.863            Concatenate
[0, 877, 260]        2280         1.939            Concatenate
[0, 877, 261]        2280         157.031          FlatMap
[0, 877, 262]        15861        266.583          Arrange: Threshold
[0, 877, 263]        683          1307.940         Threshold
[0, 877, 264]        463          14.843           AsCollection
[0, 877, 265]        203          0.239            ResultsIn
[0, 877, 266]        411          2.387            ResultsIn
[0, 877, 267]        345          0.325            ResultsIn
[0, 877, 268]        95           0.110            ResultsIn
[0, 877, 269]        223          0.247            ResultsIn
[0, 877, 270]        461          1.886            ResultsIn
[0, 877, 271]        311          0.325            ResultsIn
[0, 877, 272]        325          0.373            ResultsIn
[0, 878]             562          0.416            Leave
[0, 879]             1496         1.753            Leave
[0, 880]             943          0.619            Leave
[0, 881]             631          0.480            Leave
[0, 882]             1206         0.836            Leave
[0, 883]             2094         2.865            Leave
[0, 884]             950          0.591            Leave
[0, 885]             512          0.324            Leave
[0, 886]             25           0.548            FlatMap
[0, 887]             40           1.171            Arrange: Threshold
[0, 888]             4            2.130            Threshold
[0, 889]             3            0.119            AsCollection
[0, 890]             3            0.056            FlatMap
[0, 891]             3            0.062            FlatMap
[0, 892]             3            0.098            FlatMap
[0, 893]             5            0.006            Consolidate
[0, 894]             1            0.001            AsCollection
[0, 895]             2            0.002            InspectBatch
[0, 896]             2            0.001            Probe
[0, 897]             3            0.055            FlatMap
[0, 898]             4            0.129            Arrange: Threshold
[0, 899]             4            0.423            Threshold
[0, 900]             3            0.020            AsCollection
[0, 901]             3            0.015            FlatMap
[0, 902]             3            0.009            FlatMap
[0, 903]             3            0.042            FlatMap
[0, 904]             5            0.007            Consolidate
[0, 905]             1            0.000            AsCollection
[0, 906]             2            0.003            InspectBatch
[0, 907]             2            0.002            Probe
[0, 908]             3            0.026            FlatMap
[0, 909]             17           0.043            Arrange: Threshold
[0, 910]             4            0.053            Threshold
[0, 911]             3            0.009            AsCollection
[0, 912]             3            0.007            FlatMap
[0, 913]             3            0.006            FlatMap
[0, 914]             3            0.026            FlatMap
[0, 915]             16           0.015            Consolidate
[0, 916]             1            0.001            AsCollection
[0, 917]             2            0.003            InspectBatch
[0, 918]             2            0.001            Probe
[0, 919]             19           0.272            FlatMap
[0, 920]             44           0.072            Arrange: Threshold
[0, 921]             4            0.106            Threshold
[0, 922]             3            0.009            AsCollection
[0, 923]             3            0.007            FlatMap
[0, 924]             3            0.006            FlatMap
[0, 925]             3            0.044            FlatMap
[0, 926]             5            0.006            Consolidate
[0, 927]             1            0.000            AsCollection
[0, 928]             2            0.002            InspectBatch
[0, 929]             2            0.001            Probe
[0, 930]             3            0.035            FlatMap
[0, 931]             5            0.021            Arrange: Threshold
[0, 932]             4            0.076            Threshold
[0, 933]             3            0.007            AsCollection
[0, 934]             3            0.006            FlatMap
[0, 935]             3            0.004            FlatMap
[0, 936]             3            0.027            FlatMap
[0, 937]             4            0.005            Consolidate
[0, 938]             1            0.001            AsCollection
[0, 939]             2            0.002            InspectBatch
[0, 940]             2            0.001            Probe
[0, 941]             23           0.304            FlatMap
[0, 942]             47           0.060            Arrange: Threshold
[0, 943]             4            0.109            Threshold
[0, 944]             3            0.008            AsCollection
[0, 945]             3            0.006            FlatMap
[0, 946]             3            0.006            FlatMap
[0, 947]             3            0.042            FlatMap
[0, 948]             6            0.008            Consolidate
[0, 949]             1            0.001            AsCollection
[0, 950]             2            0.003            InspectBatch
[0, 951]             2            0.001            Probe
[0, 952]             5            0.067            FlatMap
[0, 953]             12           0.095            Arrange: Threshold
[0, 954]             4            0.286            Threshold
[0, 955]             3            0.020            AsCollection
[0, 956]             3            0.012            FlatMap
[0, 957]             3            0.009            FlatMap
[0, 958]             3            0.041            FlatMap
[0, 959]             5            0.008            Consolidate
[0, 960]             1            0.000            AsCollection
[0, 961]             2            0.003            InspectBatch
[0, 962]             2            0.001            Probe
[0, 963]             3            0.038            FlatMap
[0, 964]             6            0.056            Arrange: Threshold
[0, 965]             4            0.266            Threshold
[0, 966]             3            0.017            AsCollection
[0, 967]             3            0.009            FlatMap
[0, 968]             3            0.009            FlatMap
[0, 969]             3            0.033            FlatMap
[0, 970]             6            0.006            Consolidate
[0, 971]             1            0.001            AsCollection
[0, 972]             2            0.003            InspectBatch
[0, 973]             2            0.001            Probe
[0, 974]             3            0.038            FlatMap
[0, 975]             6            0.051            Arrange: Threshold
[0, 976]             4            0.208            Threshold
[0, 977]             3            0.013            AsCollection
[0, 978]             3            0.007            FlatMap
[0, 979]             3            0.006            FlatMap
[0, 980]             3            0.026            FlatMap
[0, 981]             6            0.005            Consolidate
[0, 982]             1            0.001            AsCollection
[0, 983]             2            0.002            InspectBatch
[0, 984]             2            0.001            Probe
[0, 985]             1            0.001            FlatMap
[0, 986]             2            0.010            Arrange: Threshold
[0, 987]             2            0.006            Threshold
[0, 988]             1            0.001            AsCollection
[0, 989]             1            0.001            FlatMap
[0, 990]             1            0.001            FlatMap
[0, 991]             1            0.000            FlatMap
[0, 992]             3            0.006            Consolidate
[0, 993]             1            0.000            AsCollection
[0, 994]             2            0.003            InspectBatch
[0, 995]             2            0.001            Probe
[0, 996]             3            0.024            FlatMap
[0, 997]             5            0.020            Arrange: Threshold
[0, 998]             4            0.040            Threshold
[0, 999]             3            0.004            AsCollection
[0, 1000]            3            0.004            FlatMap
[0, 1001]            3            0.003            FlatMap
[0, 1002]            3            0.035            FlatMap
[0, 1003]            5            0.007            Consolidate
[0, 1004]            1            0.001            AsCollection
[0, 1005]            2            0.003            InspectBatch
[0, 1006]            2            0.001            Probe
[0, 1007]            95           1.314            FlatMap
[0, 1008]            780          0.590            Arrange: Threshold
[0, 1009]            4            0.060            Threshold
[0, 1010]            3            0.007            AsCollection
[0, 1011]            3            0.008            FlatMap
[0, 1012]            3            0.007            FlatMap
[0, 1013]            3            0.033            FlatMap
[0, 1014]            4            0.006            Consolidate
[0, 1015]            1            0.000            AsCollection
[0, 1016]            2            0.002            InspectBatch
[0, 1017]            2            0.001            Probe
[0, 1018]            325          6.313            FlatMap
[0, 1019]            1760         1.376            Arrange: Threshold
[0, 1020]            4            0.361            Threshold
[0, 1021]            3            0.028            AsCollection
[0, 1022]            3            0.013            FlatMap
[0, 1023]            3            0.013            FlatMap
[0, 1024]            3            0.083            FlatMap
[0, 1025]            4            0.005            Consolidate
[0, 1026]            1            0.001            AsCollection
[0, 1027]            2            0.002            InspectBatch
[0, 1028]            2            0.000            Probe
[0, 1029]            461          18.980           FlatMap
[0, 1030]            3212         116.862          Arrange: Threshold
[0, 1031]            4            125.409          Threshold
[0, 1032]            3            7.841            AsCollection
[0, 1033]            3            12.081           FlatMap
[0, 1034]            3            3.289            FlatMap
[0, 1035]            3            4.360            FlatMap
[0, 1036]            4            0.008            Consolidate
[0, 1037]            1            0.001            AsCollection
[0, 1038]            2            0.004            InspectBatch
[0, 1039]            2            0.058            Probe
[0, 1040]            411          12.201           FlatMap
[0, 1041]            2484         42.529           Arrange: Threshold
[0, 1042]            4            44.826           Threshold
[0, 1043]            3            5.423            AsCollection
[0, 1044]            3            2.125            FlatMap
[0, 1045]            3            1.148            FlatMap
[0, 1046]            3            1.816            FlatMap
[0, 1047]            37           0.018            Consolidate
[0, 1048]            1            0.001            AsCollection
[0, 1049]            2            0.003            InspectBatch
[0, 1050]            2            0.001            Probe
[0, 1051]            223          4.133            FlatMap
[0, 1052]            1615         0.893            Arrange: Threshold
[0, 1053]            4            0.221            Threshold
[0, 1054]            3            0.014            AsCollection
[0, 1055]            3            0.007            FlatMap
[0, 1056]            3            0.006            FlatMap
[0, 1057]            3            0.054            FlatMap
[0, 1058]            39           0.008            Consolidate
[0, 1059]            1            0.001            AsCollection
[0, 1060]            2            0.004            InspectBatch
[0, 1061]            2            0.001            Probe
[0, 1062]            311          6.338            FlatMap
[0, 1063]            1108         0.862            Arrange: Threshold
[0, 1064]            4            0.372            Threshold
[0, 1065]            3            0.018            AsCollection
[0, 1066]            3            0.011            FlatMap
[0, 1067]            3            0.013            FlatMap
[0, 1068]            3            0.073            FlatMap
[0, 1069]            39           0.009            Consolidate
[0, 1070]            1            0.001            AsCollection
[0, 1071]            2            0.002            InspectBatch
[0, 1072]            2            0.038            Probe
[0, 1073]            345          6.991            FlatMap
[0, 1074]            1495         1.368            Arrange: Threshold
[0, 1075]            4            1.125            Threshold
[0, 1076]            3            0.058            AsCollection
[0, 1077]            3            0.034            FlatMap
[0, 1078]            3            0.030            FlatMap
[0, 1079]            3            0.153            FlatMap
[0, 1080]            42           0.008            Consolidate
[0, 1081]            1            0.000            AsCollection
[0, 1082]            2            0.002            InspectBatch
[0, 1083]            2            0.003            Probe
[0, 1084]            203          3.872            FlatMap
[0, 1085]            909          0.609            Arrange: Threshold
[0, 1086]            4            0.158            Threshold
[0, 1087]            3            0.005            AsCollection
[0, 1088]            3            0.026            FlatMap
[0, 1089]            3            0.003            FlatMap
[0, 1090]            3            0.094            FlatMap
[0, 1091]            43           0.029            Consolidate
[0, 1092]            1            0.000            AsCollection
[0, 1093]            2            0.027            InspectBatch
[0, 1094]            2            0.000            Probe
