addr                 activations  total_active_ms  name
[0]                  189593       8903.462         Dataflow
[0, 1]               1            0.000            Input
[0, 2]               2            0.340            FlatMap
[0, 3]               7            0.072            Arrange: Threshold
[0, 4]               4            0.078            Threshold
[0, 5]               3            0.010            AsCollection
[0, 6]               1            0.000            Input
[0, 7]               2            0.326            FlatMap
[0, 8]               7            0.047            Arrange: Threshold
[0, 9]               4            0.042            Threshold
[0, 10]              3            0.008            AsCollection
[0, 11]              1            0.000            Input
[0, 12]              1            0.001            FlatMap
[0, 13]              3            0.014            Arrange: Threshold
[0, 14]              2            0.007            Threshold
[0, 15]              1            0.001            AsCollection
[0, 16]              1            0.000            Input
[0, 17]              2            0.359            FlatMap
[0, 18]              7            0.324            Arrange: Threshold
[0, 19]              4            0.527            Threshold
[0, 20]              3            0.047            AsCollection
[0, 21]              1            0.000            Input
[0, 22]              2            0.250            FlatMap
[0, 23]              8            0.116            Arrange: Threshold
[0, 24]              4            0.022            Threshold
[0, 25]              3            0.008            AsCollection
[0, 26]              1            0.000            Input
[0, 27]              2            0.300            FlatMap
[0, 28]              7            0.538            Arrange: Threshold
[0, 29]              4            1.090            Threshold
[0, 30]              3            0.068            AsCollection
[0, 31]              1            0.000            Input
[0, 32]              2            0.412            FlatMap
[0, 33]              7            1.383            Arrange: Threshold
[0, 34]              4            2.472            Threshold
[0, 35]              3            0.170            AsCollection
[0, 36]              1            0.000            Input
[0, 37]              2            0.241            FlatMap
[0, 38]              9            0.435            Arrange: Threshold
[0, 39]              4            0.539            Threshold
[0, 40]              3            0.047            AsCollection
[0, 41]              1            0.000            Input
[0, 42]              2            1.052            FlatMap
[0, 43]              7            2.725            Arrange: Threshold
[0, 44]              4            5.833            Threshold
[0, 45]              3            0.369            AsCollection
[0, 46]              1            0.000            Input
[0, 47]              2            0.135            FlatMap
[0, 48]              9            0.239            Arrange: Threshold
[0, 49]              4            0.545            Threshold
[0, 50]              3            0.042            AsCollection
[0, 51]              1            0.000            Input
[0, 52]              2            0.299            FlatMap
[0, 53]              7            0.066            Arrange: Threshold
[0, 54]              4            0.058            Threshold
[0, 55]              3            0.007            AsCollection
[0, 56]              1            0.000            Input
[0, 57]              2            0.183            FlatMap
[0, 58]              7            0.077            Arrange: Threshold
[0, 59]              4            0.021            Threshold
[0, 60]              3            0.003            AsCollection
[0, 61]              1            0.000            Input
[0, 62]              2            0.102            FlatMap
[0, 63]              7            0.022            Arrange: Threshold
[0, 64]              4            0.020            Threshold
[0, 65]              3            0.004            AsCollection
[0, 66]              1            0.000            Input
[0, 67]              2            0.239            FlatMap
[0, 68]              6            0.044            Arrange: Threshold
[0, 69]              4            0.031            Threshold
[0, 70]              3            0.006            AsCollection
[0, 71]              1            0.000            Input
[0, 72]              2            0.477            FlatMap
[0, 73]              6            0.163            Arrange: Threshold
[0, 74]              4            0.379            Threshold
[0, 75]              3            0.026            AsCollection
[0, 76]              1            0.000            Input
[0, 77]              2            0.343            FlatMap
[0, 78]              8            0.139            Arrange: Threshold
[0, 79]              4            0.318            Threshold
[0, 80]              3            0.021            AsCollection
[0, 81]              1            0.000            Input
[0, 82]              2            0.375            FlatMap
[0, 83]              7            0.348            Arrange: Threshold
[0, 84]              4            0.662            Threshold
[0, 85]              3            0.077            AsCollection
[0, 86]              1            0.000            Input
[0, 87]              2            0.673            FlatMap
[0, 88]              7            1.112            Arrange: Threshold
[0, 89]              4            1.924            Threshold
[0, 90]              3            0.182            AsCollection
[0, 91]              1            0.000            Input
[0, 92]              2            0.292            FlatMap
[0, 93]              7            0.150            Arrange: Threshold
[0, 94]              4            0.240            Threshold
[0, 95]              3            0.029            AsCollection
[0, 96]              1            0.000            Input
[0, 97]              2            0.477            FlatMap
[0, 98]              6            0.329            Arrange: Threshold
[0, 99]              4            0.242            Threshold
[0, 100]             3            0.015            AsCollection
[0, 101]             1            0.000            Input
[0, 102]             2            0.373            FlatMap
[0, 103]             7            0.135            Arrange: Threshold
[0, 104]             4            0.228            Threshold
[0, 105]             3            0.016            AsCollection
[0, 106]             1            0.000            Input
[0, 107]             2            0.370            FlatMap
[0, 108]             7            0.236            Arrange: Threshold
[0, 109]             4            0.405            Threshold
[0, 110]             3            0.045            AsCollection
[0, 111]             1            0.000            Input
[0, 112]             2            0.617            FlatMap
[0, 113]             6            0.627            Arrange: Threshold
[0, 114]             4            1.127            Threshold
[0, 115]             3            0.168            AsCollection
[0, 116]             1            0.000            Input
[0, 117]             2            0.278            FlatMap
[0, 118]             7            0.557            Arrange: Threshold
[0, 119]             4            0.562            Threshold
[0, 120]             3            0.041            AsCollection
[0, 121]             1            0.000            Input
[0, 122]             2            0.329            FlatMap
[0, 123]             7            0.213            Arrange: Threshold
[0, 124]             4            0.461            Threshold
[0, 125]             3            0.055            AsCollection
[0, 126]             1            0.000            Input
[0, 127]             2            0.365            FlatMap
[0, 128]             7            0.165            Arrange: Threshold
[0, 129]             4            0.256            Threshold
[0, 130]             3            0.057            AsCollection
[0, 131]             1            0.000            Input
[0, 132]             2            0.320            FlatMap
[0, 133]             6            0.354            Arrange: Threshold
[0, 134]             4            0.707            Threshold
[0, 135]             3            0.154            AsCollection
[0, 136]             1            0.000            Input
[0, 137]             2            0.184            FlatMap
[0, 138]             7            0.082            Arrange: Threshold
[0, 139]             4            0.082            Threshold
[0, 140]             3            0.011            AsCollection
[0, 141]             1            0.001            Input
[0, 142]             2            0.344            FlatMap
[0, 143]             6            0.129            Arrange: Threshold
[0, 144]             4            0.203            Threshold
[0, 145]             3            0.034            AsCollection
[0, 146]             1            0.000            Input
[0, 147]             2            0.314            FlatMap
[0, 148]             7            0.180            Arrange: Threshold
[0, 149]             4            0.329            Threshold
[0, 150]             3            0.038            AsCollection
[0, 151]             1            0.000            Input
[0, 152]             2            0.230            FlatMap
[0, 153]             6            0.089            Arrange: Threshold
[0, 154]             4            0.133            Threshold
[0, 155]             3            0.018            AsCollection
[0, 156]             1            0.000            Input
[0, 157]             2            0.247            FlatMap
[0, 158]             6            0.208            Arrange: Threshold
[0, 159]             4            0.385            Threshold
[0, 160]             3            0.036            AsCollection
[0, 161]             3            0.007            FlatMap
[0, 162]             3            0.006            FlatMap
[0, 163]             3            0.017            FlatMap
[0, 164]             3            0.023            FlatMap
[0, 165]             3            0.010            FlatMap
[0, 166]             3            0.007            FlatMap
[0, 167]             3            0.007            FlatMap
[0, 168]             3            0.011            FlatMap
[0, 169]             3            0.011            FlatMap
[0, 170]             3            0.011            FlatMap
[0, 171]             3            0.009            FlatMap
[0, 172]             3            0.010            FlatMap
[0, 173]             3            0.008            FlatMap
[0, 174]             3            0.012            FlatMap
[0, 175]             3            0.008            FlatMap
[0, 176]             3            0.006            FlatMap
[0, 177]             3            0.022            FlatMap
[0, 178]             3            0.024            FlatMap
[0, 179]             3            0.026            FlatMap
[0, 180]             3            0.022            FlatMap
[0, 181]             3            0.011            FlatMap
[0, 182]             3            0.013            FlatMap
[0, 183]             3            0.010            FlatMap
[0, 184]             3            0.011            FlatMap
[0, 185]             3            0.018            FlatMap
[0, 186]             3            0.016            FlatMap
[0, 187]             3            0.031            FlatMap
[0, 188]             3            0.030            FlatMap
[0, 189]             3            0.034            FlatMap
[0, 190]             3            0.030            FlatMap
[0, 191]             3            0.017            FlatMap
[0, 192]             3            0.017            FlatMap
[0, 193]             3            0.014            FlatMap
[0, 194]             3            0.010            FlatMap
[0, 195]             3            0.012            FlatMap
[0, 196]             3            0.009            FlatMap
[0, 197]             3            0.011            FlatMap
[0, 198]             3            0.010            FlatMap
[0, 199]             3            0.010            FlatMap
[0, 200]             3            0.009            FlatMap
[0, 201]             3            0.009            FlatMap
[0, 202]             3            0.060            FlatMap
[0, 203]             3            0.058            FlatMap
[0, 204]             3            0.054            FlatMap
[0, 205]             3            0.020            FlatMap
[0, 206]             3            0.025            FlatMap
[0, 207]             3            0.021            FlatMap
[0, 208]             3            0.011            FlatMap
[0, 209]             3            0.011            FlatMap
[0, 210]             3            0.006            FlatMap
[0, 211]             3            0.006            FlatMap
[0, 212]             3            0.004            FlatMap
[0, 213]             3            0.008            FlatMap
[0, 214]             3            0.046            FlatMap
[0, 215]             4            0.066            Arrange: Threshold
[0, 216]             4            0.312            Threshold
[0, 217]             3            0.022            AsCollection
[0, 218]             4            0.017            Concatenate
[0, 219]             4            0.006            Concatenate
[0, 220]             4            0.010            Concatenate
[0, 221]             4            0.035            FlatMap
[0, 222]             6            0.039            Arrange: Threshold
[0, 223]             4            0.072            Threshold
[0, 224]             3            0.008            AsCollection
[0, 225]             3            0.088            FlatMap
[0, 226]             5            0.279            Arrange: Threshold
[0, 227]             4            0.569            Threshold
[0, 228]             3            0.039            AsCollection
[0, 229]             3            0.143            FlatMap
[0, 230]             5            0.126            Arrange: Threshold
[0, 231]             4            0.211            Threshold
[0, 232]             3            0.015            AsCollection
[0, 233]             3            0.018            FlatMap
[0, 234]             6            0.012            Arrange: Threshold
[0, 235]             4            0.078            Threshold
[0, 236]             3            0.004            AsCollection
[0, 237]             3            0.082            FlatMap
[0, 238]             5            0.116            Arrange: Threshold
[0, 239]             4            0.206            Threshold
[0, 240]             3            0.016            AsCollection
[0, 241]             3            0.025            FlatMap
[0, 242]             4            0.031            Arrange: Threshold
[0, 243]             4            0.067            Threshold
[0, 244]             3            0.007            AsCollection
[0, 245]             3            0.070            FlatMap
[0, 246]             5            0.092            Arrange: Threshold
[0, 247]             4            0.123            Threshold
[0, 248]             3            0.009            AsCollection
[0, 249]             3            0.088            FlatMap
[0, 250]             5            0.164            Arrange: Threshold
[0, 251]             4            0.307            Threshold
[0, 252]             3            0.019            AsCollection
[0, 253]             3            0.237            FlatMap
[0, 254]             5            0.891            Arrange: Threshold
[0, 255]             4            1.730            Threshold
[0, 256]             3            0.109            AsCollection
[0, 257]             3            0.034            FlatMap
[0, 258]             6            0.016            Arrange: Threshold
[0, 259]             4            0.066            Threshold
[0, 260]             3            0.013            AsCollection
[0, 261]             3            0.087            FlatMap
[0, 262]             5            0.140            Arrange: Threshold
[0, 263]             4            0.230            Threshold
[0, 264]             3            0.016            AsCollection
[0, 265]             3            0.008            Concatenate
[0, 266]             3            0.011            Concatenate
[0, 267]             3            0.379            FlatMap
[0, 268]             5            0.733            Arrange: Threshold
[0, 269]             4            1.461            Threshold
[0, 270]             3            0.132            AsCollection
[0, 271]             3            0.126            FlatMap
[0, 272]             5            0.169            Arrange: Threshold
[0, 273]             4            0.218            Threshold
[0, 274]             3            0.014            AsCollection
[0, 275]             3            0.043            FlatMap
[0, 276]             5            0.037            Arrange: Threshold
[0, 277]             4            0.037            Threshold
[0, 278]             3            0.006            AsCollection
[0, 279]             3            0.169            FlatMap
[0, 280]             5            0.179            Arrange: Threshold
[0, 281]             4            0.310            Threshold
[0, 282]             3            0.018            AsCollection
[0, 283]             3            0.207            FlatMap
[0, 284]             5            0.486            Arrange: Threshold
[0, 285]             4            0.927            Threshold
[0, 286]             3            0.055            AsCollection
[0, 287]             3            0.102            FlatMap
[0, 288]             5            0.172            Arrange: Threshold
[0, 289]             4            0.225            Threshold
[0, 290]             3            0.014            AsCollection
[0, 291]             3            0.006            Concatenate
[0, 292]             3            0.007            Concatenate
[0, 293]             3            0.006            Concatenate
[0, 294]             3            0.173            FlatMap
[0, 295]             5            0.557            Arrange: Threshold
[0, 296]             4            1.095            Threshold
[0, 297]             3            0.061            AsCollection
[0, 298]             3            0.120            FlatMap
[0, 299]             5            0.244            Arrange: Threshold
[0, 300]             4            0.439            Threshold
[0, 301]             3            0.040            AsCollection
[0, 302]             3            0.007            Concatenate
[0, 303]             3            0.009            Concatenate
[0, 304]             3            0.395            FlatMap
[0, 305]             5            1.329            Arrange: Threshold
[0, 306]             4            2.655            Threshold
[0, 307]             3            0.161            AsCollection
[0, 308]             3            0.362            FlatMap
[0, 309]             5            0.304            Arrange: Threshold
[0, 310]             4            0.619            Threshold
[0, 311]             3            0.039            AsCollection
[0, 312]             3            0.137            FlatMap
[0, 313]             5            0.093            Arrange: Threshold
[0, 314]             4            0.108            Threshold
[0, 315]             3            0.008            AsCollection
[0, 316]             3            0.028            FlatMap
[0, 317]             6            0.022            Arrange: Threshold
[0, 318]             4            0.019            Threshold
[0, 319]             3            0.007            AsCollection
[0, 320]             3            0.006            Concatenate
[0, 321]             3            0.006            Concatenate
[0, 322]             3            0.006            Concatenate
[0, 323]             3            0.006            Concatenate
[0, 324]             3            0.011            Concatenate
[0, 325]             3            0.008            Concatenate
[0, 326]             3            0.021            Concatenate
[0, 327]             3            0.009            Concatenate
[0, 328]             3            0.010            Concatenate
[0, 329]             3            0.013            Concatenate
[0, 330]             3            0.012            Concatenate
[0, 331]             3            0.013            Concatenate
[0, 332]             3            0.778            FlatMap
[0, 333]             5            2.762            Arrange: Threshold
[0, 334]             4            5.007            Threshold
[0, 335]             3            0.588            AsCollection
[0, 336]             3            0.122            FlatMap
[0, 337]             5            0.259            Arrange: Threshold
[0, 338]             4            0.608            Threshold
[0, 339]             3            0.036            AsCollection
[0, 340]             3            0.072            FlatMap
[0, 341]             5            0.115            Arrange: Threshold
[0, 342]             4            0.226            Threshold
[0, 343]             3            0.016            AsCollection
[0, 344]             3            0.056            FlatMap
[0, 345]             5            0.073            Arrange: Threshold
[0, 346]             4            0.071            Threshold
[0, 347]             3            0.006            AsCollection
[0, 348]             3            0.011            Concatenate
[0, 349]             4            0.006            Concatenate
[0, 350]             4            0.006            Concatenate
[0, 351]             4            0.006            Concatenate
[0, 352]             4            0.205            FlatMap
[0, 353]             7            0.105            Arrange: Threshold
[0, 354]             4            0.072            Threshold
[0, 355]             3            0.015            AsCollection
[0, 356]             3            0.141            FlatMap
[0, 357]             5            0.144            Arrange: Threshold
[0, 358]             4            0.305            Threshold
[0, 359]             3            0.019            AsCollection
[0, 360]             3            0.149            FlatMap
[0, 361]             5            0.202            Arrange: Threshold
[0, 362]             4            0.446            Threshold
[0, 363]             3            0.043            AsCollection
[0, 364]             3            0.142            FlatMap
[0, 365]             5            0.188            Arrange: Threshold
[0, 366]             4            0.357            Threshold
[0, 367]             3            0.023            AsCollection
[0, 368]             3            0.190            FlatMap
[0, 369]             5            0.387            Arrange: Threshold
[0, 370]             4            0.909            Threshold
[0, 371]             3            0.051            AsCollection
[0, 372]             3            0.084            FlatMap
[0, 373]             5            0.101            Arrange: Threshold
[0, 374]             4            0.199            Threshold
[0, 375]             3            0.013            AsCollection
[0, 376]             3            0.004            FlatMap
[0, 377]             1            0.001            FlatMap
[0, 378]             3            0.007            ArrangeBySelf
[0, 379]             3            0.004            FlatMap
[0, 380]             1            0.001            FlatMap
[0, 381]             3            0.006            ArrangeBySelf
[0, 382]             2            0.011            Join
[0, 383]             3            0.009            ArrangeByKey
[0, 384]             3            0.023            FlatMap
[0, 385]             5            0.013            ArrangeByKey
[0, 386]             3            0.015            Join
[0, 387]             3            0.004            FlatMap
[0, 388]             1            0.001            FlatMap
[0, 389]             3            0.005            ArrangeBySelf
[0, 390]             3            0.004            FlatMap
[0, 391]             1            0.001            FlatMap
[0, 392]             3            0.005            ArrangeBySelf
[0, 393]             2            0.011            Join
[0, 394]             3            0.007            ArrangeByKey
[0, 395]             3            0.011            Join
[0, 396]             3            0.005            FlatMap
[0, 397]             3            0.006            ArrangeByKey
[0, 398]             2            0.008            Join
[0, 399]             3            0.038            FlatMap
[0, 400]             5            0.008            ArrangeByKey
[0, 401]             2            0.018            Join
[0, 402]             3            0.009            FlatMap
[0, 403]             3            0.008            FlatMap
[0, 404]             3            0.012            FlatMap
[0, 405]             3            0.010            FlatMap
[0, 406]             3            0.009            FlatMap
[0, 407]             1            0.001            FlatMap
[0, 408]             3            0.008            ArrangeBySelf
[0, 409]             3            0.014            FlatMap
[0, 410]             3            0.050            FlatMap
[0, 411]             6            0.086            ArrangeBySelf
[0, 412]             3            0.011            FlatMap
[0, 413]             1            0.008            FlatMap
[0, 414]             3            0.009            ArrangeBySelf
[0, 415]             3            0.010            FlatMap
[0, 416]             3            0.028            FlatMap
[0, 417]             6            0.030            ArrangeBySelf
[0, 418]             3            0.104            FlatMap
[0, 419]             5            0.250            ArrangeByKey
[0, 420]             1            0.002            FlatMap
[0, 421]             1            0.001            FlatMap
[0, 422]             2            0.008            ArrangeBySelf
[0, 423]             5            0.031            Join
[0, 424]             3            0.008            ArrangeByKey
[0, 425]             3            0.014            Join
[0, 426]             3            0.008            ArrangeByKey
[0, 427]             3            0.011            Join
[0, 428]             1            0.001            FlatMap
[0, 429]             5            0.007            ArrangeBySelf
[0, 430]             5            0.021            Join
[0, 431]             1            0.000            FlatMap
[0, 432]             5            0.006            ArrangeBySelf
[0, 433]             5            0.016            Join
[0, 434]             1            0.001            FlatMap
[0, 435]             5            0.004            ArrangeBySelf
[0, 436]             3            0.012            Join
[0, 437]             2            0.005            ArrangeByKey
[0, 438]             3            0.011            Join
[0, 439]             1            0.001            FlatMap
[0, 440]             2            0.005            ArrangeBySelf
[0, 441]             3            0.009            Join
[0, 442]             1            0.000            FlatMap
[0, 443]             2            0.004            ArrangeBySelf
[0, 444]             3            0.011            Join
[0, 445]             2            0.004            ArrangeByKey
[0, 446]             2            0.007            Join
[0, 447]             1            0.001            FlatMap
[0, 448]             3            0.007            ArrangeBySelf
[0, 449]             3            0.013            Join
[0, 450]             3            0.008            FlatMap
[0, 451]             3            0.032            FlatMap
[0, 452]             6            0.037            ArrangeBySelf
[0, 453]             3            0.086            FlatMap
[0, 454]             5            0.213            ArrangeByKey
[0, 455]             3            0.152            FlatMap
[0, 456]             5            0.233            ArrangeByKey
[0, 457]             3            0.092            FlatMap
[0, 458]             5            0.203            ArrangeByKey
[0, 459]             3            0.069            AsCollection
[0, 460]             3            0.109            FlatMap
[0, 461]             5            0.221            Arrange: Threshold
[0, 462]             4            0.413            Threshold
[0, 463]             3            0.025            AsCollection
[0, 464]             6            0.041            Join
[0, 465]             3            0.070            FlatMap
[0, 466]             5            0.060            Arrange: Threshold
[0, 467]             4            0.048            Threshold
[0, 468]             3            0.007            AsCollection
[0, 469]             3            0.006            FlatMap
[0, 470]             3            0.006            Concatenate
[0, 471]             3            0.014            FlatMap
[0, 472]             3            0.044            FlatMap
[0, 473]             4            0.131            Arrange: Threshold
[0, 474]             4            0.364            Threshold
[0, 475]             3            0.115            AsCollection
[0, 476]             5            0.206            ArrangeByKey
[0, 477]             3            0.071            AsCollection
[0, 478]             3            0.137            FlatMap
[0, 479]             5            0.231            Arrange: Threshold
[0, 480]             4            0.397            Threshold
[0, 481]             3            0.023            AsCollection
[0, 482]             6            0.045            Join
[0, 483]             3            0.092            FlatMap
[0, 484]             7            0.071            Arrange: Threshold
[0, 485]             4            0.054            Threshold
[0, 486]             3            0.005            AsCollection
[0, 487]             3            0.005            FlatMap
[0, 488]             4            0.006            Concatenate
[0, 489]             4            0.015            FlatMap
[0, 490]             4            0.063            FlatMap
[0, 491]             7            0.127            Arrange: Threshold
[0, 492]             4            0.362            Threshold
[0, 493]             3            0.107            AsCollection
[0, 494]             5            0.203            ArrangeByKey
[0, 495]             3            0.056            AsCollection
[0, 496]             3            0.109            FlatMap
[0, 497]             5            0.204            Arrange: Threshold
[0, 498]             4            0.399            Threshold
[0, 499]             3            0.024            AsCollection
[0, 500]             6            0.039            Join
[0, 501]             3            0.073            FlatMap
[0, 502]             5            0.058            Arrange: Threshold
[0, 503]             4            0.060            Threshold
[0, 504]             3            0.005            AsCollection
[0, 505]             3            0.005            FlatMap
[0, 506]             3            0.005            Concatenate
[0, 507]             3            0.016            FlatMap
[0, 508]             3            0.042            FlatMap
[0, 509]             4            0.115            Arrange: Threshold
[0, 510]             4            0.374            Threshold
[0, 511]             3            0.109            AsCollection
[0, 512]             5            0.250            ArrangeByKey
[0, 513]             6            0.261            Join
[0, 514]             6            0.122            ArrangeByKey
[0, 515]             6            0.271            Join
[0, 516]             3            0.027            FlatMap
[0, 517]             3            0.061            FlatMap
[0, 518]             4            0.214            ArrangeBySelf
[0, 519]             3            0.190            FlatMap
[0, 520]             5            0.701            ArrangeByKey
[0, 521]             6            0.614            Join
[0, 522]             5            0.452            ArrangeByKey
[0, 523]             3            0.017            FlatMap
[0, 524]             3            0.094            FlatMap
[0, 525]             5            0.176            ArrangeBySelf
[0, 526]             3            0.214            FlatMap
[0, 527]             5            0.246            ArrangeByKey
[0, 528]             6            0.249            Join
[0, 529]             4            0.212            ArrangeByKey
[0, 530]             7            0.284            Join
[0, 531]             4            0.094            ArrangeByKey
[0, 532]             6            0.316            Join
[0, 533]             3            0.022            FlatMap
[0, 534]             3            0.111            FlatMap
[0, 535]             5            0.185            ArrangeBySelf
[0, 536]             3            0.096            FlatMap
[0, 537]             5            0.218            ArrangeByKey
[0, 538]             7            0.240            Join
[0, 539]             4            0.213            ArrangeByKey
[0, 540]             7            0.251            Join
[0, 541]             4            0.094            ArrangeByKey
[0, 542]             6            0.287            Join
[0, 543]             3            0.015            FlatMap
[0, 544]             3            0.040            FlatMap
[0, 545]             4            0.036            ArrangeBySelf
[0, 546]             3            0.522            FlatMap
[0, 547]             5            3.114            ArrangeByKey
[0, 548]             3            0.212            FlatMap
[0, 549]             5            0.686            ArrangeByKey
[0, 550]             6            0.160            Join
[0, 551]             9            0.056            ArrangeByKey
[0, 552]             6            0.140            Join
[0, 553]             4            0.045            ArrangeByKey
[0, 554]             6            0.154            Join
[0, 555]             3            0.538            FlatMap
[0, 556]             5            2.974            ArrangeByKey
[0, 557]             3            0.078            FlatMap
[0, 558]             5            0.160            ArrangeByKey
[0, 559]             6            0.269            Join
[0, 560]             3            0.119            FlatMap
[0, 561]             5            0.322            ArrangeByKey
[0, 562]             6            0.326            Join
[0, 563]             4            0.181            ArrangeByKey
[0, 564]             3            0.263            FlatMap
[0, 565]             5            1.206            ArrangeByKey
[0, 566]             6            0.368            Join
[0, 567]             3            0.288            FlatMap
[0, 568]             5            1.335            ArrangeByKey
[0, 569]             6            1.423            Join
[0, 570]             4            0.824            ArrangeByKey
[0, 571]             3            0.213            FlatMap
[0, 572]             5            0.884            ArrangeByKey
[0, 573]             6            1.120            Join
[0, 574]             3            0.078            FlatMap
[0, 575]             5            0.131            ArrangeByKey
[0, 576]             6            0.157            Join
[0, 577]             4            0.053            ArrangeByKey
[0, 578]             6            0.177            Join
[0, 579]             4            0.055            ArrangeByKey
[0, 580]             3            0.093            FlatMap
[0, 581]             5            0.122            ArrangeByKey
[0, 582]             7            0.177            Join
[0, 583]             3            0.093            FlatMap
[0, 584]             5            0.136            ArrangeByKey
[0, 585]             6            0.203            Join
[0, 586]             4            0.081            ArrangeByKey
[0, 587]             3            0.096            FlatMap
[0, 588]             5            0.150            ArrangeByKey
[0, 589]             6            0.199            Join
[0, 590]             3            0.071            FlatMap
[0, 591]             5            0.083            ArrangeByKey
[0, 592]             6            0.098            Join
[0, 593]             4            0.025            ArrangeByKey
[0, 594]             3            0.072            FlatMap
[0, 595]             5            0.079            ArrangeByKey
[0, 596]             6            0.090            Join
[0, 597]             3            0.132            FlatMap
[0, 598]             5            0.073            ArrangeByKey
[0, 599]             6            0.078            Join
[0, 600]             4            0.027            ArrangeByKey
[0, 601]             3            0.288            FlatMap
[0, 602]             5            0.568            ArrangeByKey
[0, 603]             6            0.083            Join
[0, 604]             6            0.653            Join
[0, 605]             5            0.313            ArrangeByKey
[0, 606]             3            0.085            FlatMap
[0, 607]             5            0.108            ArrangeByKey
[0, 608]             6            0.166            Join
[0, 609]             3            0.210            FlatMap
[0, 610]             5            0.134            ArrangeByKey
[0, 611]             6            0.213            Join
[0, 612]             5            0.072            ArrangeByKey
[0, 613]             3            0.243            FlatMap
[0, 614]             5            0.123            ArrangeByKey
[0, 615]             6            0.165            Join
[0, 616]             4            0.063            ArrangeByKey
[0, 617]             7            0.204            Join
[0, 618]             3            0.235            FlatMap
[0, 619]             5            0.285            ArrangeByKey
[0, 620]             7            0.385            Join
[0, 621]             17           0.176            ArrangeByKey
[0, 622]             6            0.420            Join
[0, 623]             5            0.167            ArrangeByKey
[0, 624]             3            0.171            FlatMap
[0, 625]             5            0.304            ArrangeByKey
[0, 626]             7            0.402            Join
[0, 627]             3            0.127            FlatMap
[0, 628]             5            0.322            Arrange: Threshold
[0, 629]             4            0.529            Threshold
[0, 630]             3            0.041            AsCollection
[0, 631]             3            0.098            FlatMap
[0, 632]             5            0.136            Arrange: Threshold
[0, 633]             4            0.194            Threshold
[0, 634]             3            0.015            AsCollection
[0, 635]             1            0.001            Concatenate
[0, 636]             1            0.001            Concatenate
[0, 637]             1            0.001            Concatenate
[0, 638]             3            0.005            Concatenate
[0, 639]             3            0.004            Concatenate
[0, 640]             3            0.005            Concatenate
[0, 641]             3            0.044            FlatMap
[0, 642]             11           0.025            Arrange: Threshold
[0, 643]             4            0.036            Threshold
[0, 644]             3            0.006            AsCollection
[0, 645]             3            0.064            FlatMap
[0, 646]             5            0.067            Arrange: Threshold
[0, 647]             4            0.077            Threshold
[0, 648]             3            0.008            AsCollection
[0, 649]             3            0.191            FlatMap
[0, 650]             7            0.396            Arrange: Threshold
[0, 651]             4            0.842            Threshold
[0, 652]             3            0.054            AsCollection
[0, 653]             3            0.158            FlatMap
[0, 654]             7            0.373            Arrange: Threshold
[0, 655]             4            0.606            Threshold
[0, 656]             3            0.055            AsCollection
[0, 657]             3            0.093            FlatMap
[0, 658]             5            0.172            Arrange: Threshold
[0, 659]             4            0.273            Threshold
[0, 660]             3            0.018            AsCollection
[0, 661]             3            0.113            FlatMap
[0, 662]             7            0.178            Arrange: Threshold
[0, 663]             4            0.209            Threshold
[0, 664]             3            0.014            AsCollection
[0, 665]             3            0.148            FlatMap
[0, 666]             5            0.261            Arrange: Threshold
[0, 667]             4            0.417            Threshold
[0, 668]             3            0.056            AsCollection
[0, 669]             3            0.102            FlatMap
[0, 670]             6            0.194            Arrange: Threshold
[0, 671]             4            0.364            Threshold
[0, 672]             3            0.022            AsCollection
[0, 673]             3            0.112            FlatMap
[0, 674]             8            0.148            Arrange: Threshold
[0, 675]             4            0.227            Threshold
[0, 676]             3            0.014            AsCollection
[0, 677]             1            0.001            FlatMap
[0, 678]             2            0.007            Arrange: Threshold
[0, 679]             2            0.006            Threshold
[0, 680]             1            0.001            AsCollection
[0, 681]             3            0.038            FlatMap
[0, 682]             6            0.045            Arrange: Threshold
[0, 683]             4            0.052            Threshold
[0, 684]             3            0.006            AsCollection
[0, 685]             3            0.172            FlatMap
[0, 686]             9            0.431            Arrange: Threshold
[0, 687]             4            0.827            Threshold
[0, 688]             3            0.060            AsCollection
[0, 689]             3            0.260            FlatMap
[0, 690]             7            0.929            Arrange: Threshold
[0, 691]             4            2.116            Threshold
[0, 692]             3            0.104            AsCollection
[0, 693]             3            0.101            FlatMap
[0, 694]             7            0.108            Arrange: Threshold
[0, 695]             4            0.164            Threshold
[0, 696]             3            0.012            AsCollection
[0, 697]             3            0.090            FlatMap
[0, 698]             8            0.080            Arrange: Threshold
[0, 699]             4            0.095            Threshold
[0, 700]             3            0.008            AsCollection
[0, 701]             3            0.095            FlatMap
[0, 702]             5            0.052            ArrangeByKey
[0, 703]             3            0.079            FlatMap
[0, 704]             5            0.046            ArrangeByKey
[0, 705]             275          7.928            Iterative
[0, 705, 1]          3            0.009            FlatMap
[0, 705, 2]          3            0.005            FlatMap
[0, 705, 3]          3            0.005            Enter
[0, 705, 4]          21           0.026            Feedback
[0, 705, 5]          21           0.493            FlatMap
[0, 705, 6]          67           0.268            ArrangeByKey
[0, 705, 7]          30           0.148            Join
[0, 705, 8]          30           0.175            Join
[0, 705, 9]          13           0.017            Concatenate
[0, 705, 10]         15           0.015            Concatenate
[0, 705, 11]         15           0.344            FlatMap
[0, 705, 12]         47           0.195            Arrange: Threshold
[0, 705, 13]         31           0.312            Threshold
[0, 705, 14]         21           0.043            AsCollection
[0, 705, 15]         21           0.019            ResultsIn
[0, 706]             29           0.036            Leave
[0, 707]             1            0.001            FlatMap
[0, 708]             1            0.001            FlatMap
[0, 709]             1            0.001            FlatMap
[0, 710]             2            0.013            ArrangeBySelf
[0, 711]             3            0.220            FlatMap
[0, 712]             5            0.235            ArrangeByKey
[0, 713]             5            0.022            Join
[0, 714]             3            0.011            FlatMap
[0, 715]             3            0.007            FlatMap
[0, 716]             3            0.020            FlatMap
[0, 717]             7            0.013            ArrangeBySelf
[0, 718]             21           0.416            FlatMap
[0, 719]             43           0.162            ArrangeByKey
[0, 720]             7            0.046            Join
[0, 721]             3            0.005            FlatMap
[0, 722]             3            0.027            FlatMap
[0, 723]             7            0.027            ArrangeBySelf
[0, 724]             7            0.049            Join
[0, 725]             3            0.016            FlatMap
[0, 726]             1            0.001            FlatMap
[0, 727]             3            0.004            Arrange: Threshold
[0, 728]             2            0.006            Threshold
[0, 729]             1            0.001            AsCollection
[0, 730]             3            0.049            FlatMap
[0, 731]             5            0.022            Arrange: Threshold
[0, 732]             4            0.023            Threshold
[0, 733]             3            0.005            AsCollection
[0, 734]             3            0.004            Concatenate
[0, 735]             5            0.006            Concatenate
[0, 736]             5            0.117            FlatMap
[0, 737]             16           0.096            Arrange: Threshold
[0, 738]             4            0.113            Threshold
[0, 739]             3            0.009            AsCollection
[0, 740]             1            0.001            FlatMap
[0, 741]             2            0.005            Arrange: Threshold
[0, 742]             2            0.005            Threshold
[0, 743]             1            0.001            AsCollection
[0, 744]             3            0.074            FlatMap
[0, 745]             4            0.109            Arrange: Threshold
[0, 746]             4            0.371            Threshold
[0, 747]             3            0.024            AsCollection
[0, 748]             3            0.065            FlatMap
[0, 749]             6            0.072            ArrangeByKey
[0, 750]             271          7.194            Iterative
[0, 750, 1]          3            0.005            Enter
[0, 750, 2]          3            0.004            FlatMap
[0, 750, 3]          21           0.024            Feedback
[0, 750, 4]          21           0.358            FlatMap
[0, 750, 5]          65           0.272            ArrangeByKey
[0, 750, 6]          27           0.223            Join
[0, 750, 7]          17           0.021            Concatenate
[0, 750, 8]          17           0.409            FlatMap
[0, 750, 9]          53           0.195            Arrange: Threshold
[0, 750, 10]         30           0.321            Threshold
[0, 750, 11]         21           0.038            AsCollection
[0, 750, 12]         21           0.017            ResultsIn
[0, 751]             30           0.030            Leave
[0, 752]             21           0.032            FlatMap
[0, 753]             23           0.019            Concatenate
[0, 754]             23           0.406            FlatMap
[0, 755]             78           0.163            Arrange: Threshold
[0, 756]             4            0.195            Threshold
[0, 757]             3            0.015            AsCollection
[0, 758]             21           0.334            FlatMap
[0, 759]             39           0.114            Arrange: Threshold
[0, 760]             4            0.100            Threshold
[0, 761]             3            0.009            AsCollection
[0, 762]             3            0.018            FlatMap
[0, 763]             3            0.163            FlatMap
[0, 764]             5            0.194            ArrangeBySelf
[0, 765]             3            0.118            FlatMap
[0, 766]             5            0.053            ArrangeByKey
[0, 767]             3            0.095            FlatMap
[0, 768]             5            0.047            ArrangeByKey
[0, 769]             1497         43.450           Iterative
[0, 769, 1]          3            0.006            FlatMap
[0, 769, 2]          3            0.028            Enter
[0, 769, 3]          3            0.007            FlatMap
[0, 769, 4]          3            0.004            FlatMap
[0, 769, 5]          23           0.032            Feedback
[0, 769, 6]          23           1.035            FlatMap
[0, 769, 7]          83           1.417            ArrangeByKey
[0, 769, 8]          34           0.805            Join
[0, 769, 9]          65           1.349            ArrangeByKey
[0, 769, 10]         21           0.248            AsCollection
[0, 769, 11]         21           1.075            FlatMap
[0, 769, 12]         57           1.268            Arrange: Threshold
[0, 769, 13]         31           3.223            Threshold
[0, 769, 14]         21           0.192            AsCollection
[0, 769, 15]         35           0.850            Join
[0, 769, 16]         13           0.225            FlatMap
[0, 769, 17]         40           0.182            Arrange: Threshold
[0, 769, 18]         26           0.247            Threshold
[0, 769, 19]         13           0.036            AsCollection
[0, 769, 20]         13           0.023            FlatMap
[0, 769, 21]         25           0.030            Concatenate
[0, 769, 22]         25           0.109            FlatMap
[0, 769, 23]         25           0.925            FlatMap
[0, 769, 24]         68           1.459            Arrange: Threshold
[0, 769, 25]         31           3.218            Threshold
[0, 769, 26]         21           0.131            AsCollection
[0, 769, 27]         34           0.415            Join
[0, 769, 28]         28           0.098            ArrangeByKey
[0, 769, 29]         7            0.012            AsCollection
[0, 769, 30]         7            0.146            FlatMap
[0, 769, 31]         39           0.101            Arrange: Threshold
[0, 769, 32]         22           0.158            Threshold
[0, 769, 33]         9            0.013            AsCollection
[0, 769, 34]         21           0.109            Join
[0, 769, 35]         7            0.104            FlatMap
[0, 769, 36]         24           0.074            Arrange: Threshold
[0, 769, 37]         18           0.087            Threshold
[0, 769, 38]         5            0.005            AsCollection
[0, 769, 39]         5            0.009            FlatMap
[0, 769, 40]         9            0.010            Concatenate
[0, 769, 41]         9            0.017            FlatMap
[0, 769, 42]         9            0.177            FlatMap
[0, 769, 43]         32           0.093            Arrange: Threshold
[0, 769, 44]         20           0.119            Threshold
[0, 769, 45]         9            0.010            AsCollection
[0, 769, 46]         24           0.029            Concatenate
[0, 769, 47]         26           0.026            Concatenate
[0, 769, 48]         26           0.548            FlatMap
[0, 769, 49]         92           0.811            Arrange: Threshold
[0, 769, 50]         29           4.719            Threshold
[0, 769, 51]         23           0.213            AsCollection
[0, 769, 52]         23           0.037            ResultsIn
[0, 770]             39           0.110            Leave
[0, 771]             3            0.007            FlatMap
[0, 772]             3            0.023            FlatMap
[0, 773]             7            0.018            ArrangeBySelf
[0, 774]             3            0.058            FlatMap
[0, 775]             5            0.016            ArrangeByKey
[0, 776]             7            0.054            Join
[0, 777]             6            0.015            ArrangeByKey
[0, 778]             3            0.050            FlatMap
[0, 779]             5            0.014            ArrangeByKey
[0, 780]             7            0.059            Join
[0, 781]             6            0.012            ArrangeByKey
[0, 782]             273          5.662            Iterative
[0, 782, 1]          3            0.009            FlatMap
[0, 782, 2]          3            0.008            FlatMap
[0, 782, 3]          3            0.008            Enter
[0, 782, 4]          3            0.005            FlatMap
[0, 782, 5]          7            0.008            Feedback
[0, 782, 6]          7            0.167            FlatMap
[0, 782, 7]          15           0.156            ArrangeByKey
[0, 782, 8]          13           0.286            Join
[0, 782, 9]          17           0.181            ArrangeByKey
[0, 782, 10]         10           0.250            Join
[0, 782, 11]         22           0.154            ArrangeByKey
[0, 782, 12]         12           0.134            Join
[0, 782, 13]         12           0.094            ArrangeByKey
[0, 782, 14]         9            0.067            Join
[0, 782, 15]         5            0.007            Concatenate
[0, 782, 16]         5            0.153            FlatMap
[0, 782, 17]         32           0.088            Arrange: Threshold
[0, 782, 18]         9            0.233            Threshold
[0, 782, 19]         7            0.027            AsCollection
[0, 782, 20]         7            0.007            ResultsIn
[0, 783]             7            0.026            Leave
[0, 784]             7            0.017            FlatMap
[0, 785]             7            0.015            FlatMap
[0, 786]             7            0.159            FlatMap
[0, 787]             11           0.094            Arrange: Threshold
[0, 788]             4            0.197            Threshold
[0, 789]             3            0.018            AsCollection
[0, 790]             7            0.085            FlatMap
[0, 791]             12           0.086            Arrange: Threshold
[0, 792]             4            0.197            Threshold
[0, 793]             3            0.015            AsCollection
[0, 794]             3            0.093            FlatMap
[0, 795]             5            0.072            ArrangeByKey
[0, 796]             3            0.070            FlatMap
[0, 797]             5            0.071            ArrangeByKey
[0, 798]             3            0.101            FlatMap
[0, 799]             6            0.100            ArrangeByKey
[0, 800]             3            0.164            FlatMap
[0, 801]             5            0.214            ArrangeByKey
[0, 802]             3            0.040            FlatMap
[0, 803]             5            0.018            ArrangeByKey
[0, 804]             3            0.010            FlatMap
[0, 805]             3            0.031            FlatMap
[0, 806]             5            0.062            ArrangeBySelf
[0, 807]             3            0.054            FlatMap
[0, 808]             6            0.098            ArrangeByKey
[0, 809]             3            0.589            FlatMap
[0, 810]             5            2.501            ArrangeByKey
[0, 811]             3            0.207            FlatMap
[0, 812]             6            1.144            ArrangeByKey
[0, 813]             3            0.173            FlatMap
[0, 814]             5            0.485            ArrangeByKey
[0, 815]             3            0.370            FlatMap
[0, 816]             6            3.527            ArrangeByKey
[0, 817]             3            0.122            FlatMap
[0, 818]             5            0.166            ArrangeByKey
[0, 819]             3            0.314            FlatMap
[0, 820]             5            0.669            ArrangeByKey
[0, 821]             3            0.109            FlatMap
[0, 822]             9            0.200            ArrangeByKey
[0, 823]             3            0.198            FlatMap
[0, 824]             5            0.577            ArrangeByKey
[0, 825]             3            0.177            FlatMap
[0, 826]             6            0.418            ArrangeByKey
[0, 827]             3            0.156            FlatMap
[0, 828]             6            0.425            ArrangeByKey
[0, 829]             23           1.050            FlatMap
[0, 830]             54           1.703            ArrangeByKey
[0, 831]             3            0.127            FlatMap
[0, 832]             5            0.341            ArrangeByKey
[0, 833]             3            0.312            FlatMap
[0, 834]             5            0.807            ArrangeByKey
[0, 835]             3            0.110            FlatMap
[0, 836]             6            0.180            ArrangeByKey
[0, 837]             3            0.091            FlatMap
[0, 838]             5            0.138            ArrangeByKey
[0, 839]             3            0.112            FlatMap
[0, 840]             5            0.123            ArrangeByKey
[0, 841]             3            0.016            FlatMap
[0, 842]             3            0.102            FlatMap
[0, 843]             10           0.161            ArrangeBySelf
[0, 844]             3            0.116            FlatMap
[0, 845]             9            0.160            ArrangeByKey
[0, 846]             3            0.180            FlatMap
[0, 847]             5            0.416            ArrangeByKey
[0, 848]             3            0.100            FlatMap
[0, 849]             7            0.174            ArrangeByKey
[0, 850]             3            0.117            FlatMap
[0, 851]             7            0.291            ArrangeByKey
[0, 852]             3            0.077            FlatMap
[0, 853]             5            0.061            ArrangeByKey
[0, 854]             3            0.092            FlatMap
[0, 855]             6            0.106            ArrangeByKey
[0, 856]             3            0.106            FlatMap
[0, 857]             5            0.117            ArrangeByKey
[0, 858]             3            0.094            FlatMap
[0, 859]             7            0.119            ArrangeByKey
[0, 860]             3            0.090            FlatMap
[0, 861]             11           0.075            ArrangeByKey
[0, 862]             3            0.063            FlatMap
[0, 863]             9            0.078            ArrangeByKey
[0, 864]             3            0.186            FlatMap
[0, 865]             7            0.360            ArrangeByKey
[0, 866]             3            0.200            FlatMap
[0, 867]             7            0.151            ArrangeByKey
[0, 868]             3            0.013            FlatMap
[0, 869]             3            0.033            FlatMap
[0, 870]             5            0.039            ArrangeBySelf
[0, 871]             3            0.170            FlatMap
[0, 872]             6            0.683            ArrangeByKey
[0, 873]             7            0.162            Join
[0, 874]             8            0.069            ArrangeByKey
[0, 875]             3            0.126            FlatMap
[0, 876]             6            0.215            ArrangeByKey
[0, 877]             179879       7857.288         Iterative
[0, 877, 1]          3            0.006            FlatMap
[0, 877, 2]          3            0.006            FlatMap
[0, 877, 3]          3            0.007            FlatMap
[0, 877, 4]          3            0.006            FlatMap
[0, 877, 5]          3            0.006            FlatMap
[0, 877, 6]          1            0.001            Enter
[0, 877, 7]          3            0.004            FlatMap
[0, 877, 8]          3            0.006            FlatMap
[0, 877, 9]          3            0.007            FlatMap
[0, 877, 10]         3            0.007            FlatMap
[0, 877, 11]         3            0.006            FlatMap
[0, 877, 12]         3            0.004            FlatMap
[0, 877, 13]         3            0.007            FlatMap
[0, 877, 14]         3            0.005            FlatMap
[0, 877, 15]         3            0.004            FlatMap
[0, 877, 16]         3            0.005            FlatMap
[0, 877, 17]         3            0.005            FlatMap
[0, 877, 18]         3            0.006            FlatMap
[0, 877, 19]         3            0.008            FlatMap
[0, 877, 20]         3            0.006            FlatMap
[0, 877, 21]         3            0.004            FlatMap
[0, 877, 22]         3            0.003            FlatMap
[0, 877, 23]         3            0.007            FlatMap
[0, 877, 24]         3            0.020            FlatMap
[0, 877, 25]         3            0.005            FlatMap
[0, 877, 26]         3            0.006            FlatMap
[0, 877, 27]         3            0.005            FlatMap
[0, 877, 28]         1            0.001            Enter
[0, 877, 29]         3            0.004            FlatMap
[0, 877, 30]         3            0.006            FlatMap
[0, 877, 31]         3            0.005            FlatMap
[0, 877, 32]         3            0.004            FlatMap
[0, 877, 33]         3            0.005            FlatMap
[0, 877, 34]         3            0.005            FlatMap
[0, 877, 35]         3            0.004            FlatMap
[0, 877, 36]         3            0.004            FlatMap
[0, 877, 37]         3            0.009            FlatMap
[0, 877, 38]         3            0.006            FlatMap
[0, 877, 39]         3            0.009            FlatMap
[0, 877, 40]         3            0.004            FlatMap
[0, 877, 41]         3            0.005            FlatMap
[0, 877, 42]         225          0.412            Feedback
[0, 877, 43]         411          0.842            Feedback
[0, 877, 44]         213          0.331            Feedback
[0, 877, 45]         313          0.428            Feedback
[0, 877, 46]         333          0.422            Feedback
[0, 877, 47]         451          7.727            Feedback
[0, 877, 48]         351          0.423            Feedback
[0, 877, 49]         71           0.127            Feedback
[0, 877, 50]         71           0.153            FlatMap
[0, 877, 51]         71           1.445            FlatMap
[0, 877, 52]         943          1.519            ArrangeBySelf
[0, 877, 53]         322          1.521            Join
[0, 877, 54]         322          1.107            Join
[0, 877, 55]         225          0.405            FlatMap
[0, 877, 56]         225          4.994            FlatMap
[0, 877, 57]         937          2.258            ArrangeBySelf
[0, 877, 58]         456          3.059            Join
[0, 877, 59]         488          1.403            ArrangeByKey
[0, 877, 60]         451          44.015           FlatMap
[0, 877, 61]         2563         119.838          ArrangeByKey
[0, 877, 62]         925          6.133            Join
[0, 877, 63]         525          1.756            ArrangeByKey
[0, 877, 64]         969          42.453           Join
[0, 877, 65]         1028         9.968            ArrangeByKey
[0, 877, 66]         541          17.688           Join
[0, 877, 67]         965          2.185            ArrangeByKey
[0, 877, 68]         355          3.751            Join
[0, 877, 69]         1304         9.044            ArrangeByKey
[0, 877, 70]         594          28.043           Join
[0, 877, 71]         1003         3.390            ArrangeByKey
[0, 877, 72]         498          5.707            Join
[0, 877, 73]         456          2.607            Join
[0, 877, 74]         542          1.362            ArrangeByKey
[0, 877, 75]         944          6.161            Join
[0, 877, 76]         533          1.436            ArrangeByKey
[0, 877, 77]         351          9.215            FlatMap
[0, 877, 78]         1435         1.911            ArrangeByKey
[0, 877, 79]         691          11.723           Join
[0, 877, 80]         1652         50.184           ArrangeByKey
[0, 877, 81]         604          91.542           Join
[0, 877, 82]         1135         6.989            ArrangeByKey
[0, 877, 83]         397          10.658           Join
[0, 877, 84]         1455         24.044           ArrangeByKey
[0, 877, 85]         427          46.472           Join
[0, 877, 86]         772          1.506            ArrangeByKey
[0, 877, 87]         254          1.853            Join
[0, 877, 88]         456          7.821            Join
[0, 877, 89]         1018         2.643            ArrangeByKey
[0, 877, 90]         1026         20.167           Join
[0, 877, 91]         456          5.125            Join
[0, 877, 92]         799          1.811            ArrangeByKey
[0, 877, 93]         984          16.194           Join
[0, 877, 94]         763          5.755            ArrangeByKey
[0, 877, 95]         411          28.572           FlatMap
[0, 877, 96]         1894         49.373           ArrangeByKey
[0, 877, 97]         1187         91.491           Join
[0, 877, 98]         456          2.688            Join
[0, 877, 99]         225          7.505            FlatMap
[0, 877, 100]        1091         4.286            ArrangeBySelf
[0, 877, 101]        560          6.370            Join
[0, 877, 102]        767          1.983            ArrangeByKey
[0, 877, 103]        560          8.704            Join
[0, 877, 104]        876          1.519            ArrangeByKey
[0, 877, 105]        1047         10.042           Join
[0, 877, 106]        696          1.980            ArrangeByKey
[0, 877, 107]        983          11.253           Join
[0, 877, 108]        919          2.109            ArrangeByKey
[0, 877, 109]        490          3.558            Join
[0, 877, 110]        560          8.724            Join
[0, 877, 111]        907          2.034            ArrangeByKey
[0, 877, 112]        560          7.914            Join
[0, 877, 113]        844          1.426            ArrangeByKey
[0, 877, 114]        560          6.870            Join
[0, 877, 115]        858          1.503            ArrangeByKey
[0, 877, 116]        1078         40.032           Join
[0, 877, 117]        910          34.988           ArrangeByKey
[0, 877, 118]        592          35.297           Join
[0, 877, 119]        1264         14.342           ArrangeByKey
[0, 877, 120]        1161         20.728           Join
[0, 877, 121]        1458         3.315            ArrangeByKey
[0, 877, 122]        1157         23.720           Join
[0, 877, 123]        1420         7.920            ArrangeByKey
[0, 877, 124]        613          10.751           Join
[0, 877, 125]        313          9.644            FlatMap
[0, 877, 126]        1194         2.946            ArrangeByKey
[0, 877, 127]        513          7.749            Join
[0, 877, 128]        1237         3.174            ArrangeByKey
[0, 877, 129]        558          5.270            Join
[0, 877, 130]        333          9.052            FlatMap
[0, 877, 131]        1625         3.536            ArrangeByKey
[0, 877, 132]        1239         53.048           Join
[0, 877, 133]        456          2.893            Join
[0, 877, 134]        653          1.555            ArrangeByKey
[0, 877, 135]        302          4.385            Join
[0, 877, 136]        664          2.150            ArrangeByKey
[0, 877, 137]        500          14.981           Join
[0, 877, 138]        1954         28.681           ArrangeByKey
[0, 877, 139]        451          7.749            FlatMap
[0, 877, 140]        451          24.427           FlatMap
[0, 877, 141]        2031         48.949           ArrangeBySelf
[0, 877, 142]        1188         444.847          Join
[0, 877, 143]        592          86.934           Join
[0, 877, 144]        1589         34.145           ArrangeByKey
[0, 877, 145]        1157         57.204           Join
[0, 877, 146]        2148         17.847           ArrangeByKey
[0, 877, 147]        1161         75.204           Join
[0, 877, 148]        2077         10.896           ArrangeByKey
[0, 877, 149]        611          24.543           Join
[0, 877, 150]        1624         7.128            ArrangeByKey
[0, 877, 151]        575          8.669            Join
[0, 877, 152]        451          8.186            FlatMap
[0, 877, 153]        451          36.277           FlatMap
[0, 877, 154]        2926         32.686           ArrangeBySelf
[0, 877, 155]        560          9.986            Join
[0, 877, 156]        1242         4.023            ArrangeByKey
[0, 877, 157]        1036         10.523           Join
[0, 877, 158]        275          5.050            FlatMap
[0, 877, 159]        1137         2.266            ArrangeBySelf
[0, 877, 160]        536          8.786            Join
[0, 877, 161]        1153         2.567            ArrangeByKey
[0, 877, 162]        826          4.003            Join
[0, 877, 163]        513          8.683            Join
[0, 877, 164]        1483         2.794            ArrangeByKey
[0, 877, 165]        552          4.109            Join
[0, 877, 166]        456          3.927            Join
[0, 877, 167]        753          1.581            ArrangeByKey
[0, 877, 168]        972          11.334           Join
[0, 877, 169]        950          4.170            ArrangeByKey
[0, 877, 170]        1194         12.657           Join
[0, 877, 171]        1157         12.926           Join
[0, 877, 172]        423          18.738           FlatMap
[0, 877, 173]        2306         8.027            ArrangeBySelf
[0, 877, 174]        614          6.128            Join
[0, 877, 175]        456          1.775            Join
[0, 877, 176]        117          2.400            FlatMap
[0, 877, 177]        804          1.579            ArrangeBySelf
[0, 877, 178]        430          2.295            Join
[0, 877, 179]        322          1.544            Join
[0, 877, 180]        456          1.677            Join
[0, 877, 181]        61           1.083            FlatMap
[0, 877, 182]        616          1.174            ArrangeBySelf
[0, 877, 183]        333          1.793            Join
[0, 877, 184]        456          2.713            Join
[0, 877, 185]        615          1.329            ArrangeByKey
[0, 877, 186]        213          4.312            FlatMap
[0, 877, 187]        1339         3.079            ArrangeByKey
[0, 877, 188]        758          4.889            Join
[0, 877, 189]        826          4.897            Join
[0, 877, 190]        456          1.988            Join
[0, 877, 191]        463          1.221            ArrangeByKey
[0, 877, 192]        929          146.492          Join
[0, 877, 193]        456          1.571            Join
[0, 877, 194]        31           0.649            FlatMap
[0, 877, 195]        461          0.973            ArrangeBySelf
[0, 877, 196]        307          1.349            Join
[0, 877, 197]        225          0.438            FlatMap
[0, 877, 198]        225          5.482            FlatMap
[0, 877, 199]        979          1.469            ArrangeBySelf
[0, 877, 200]        456          2.358            Join
[0, 877, 201]        456          1.675            Join
[0, 877, 202]        456          1.160            Join
[0, 877, 203]        456          9.461            Join
[0, 877, 204]        1219         3.894            ArrangeByKey
[0, 877, 205]        559          5.155            Join
[0, 877, 206]        155          2.462            FlatMap
[0, 877, 207]        837          1.358            ArrangeBySelf
[0, 877, 208]        408          2.345            Join
[0, 877, 209]        155          2.312            FlatMap
[0, 877, 210]        981          1.443            ArrangeBySelf
[0, 877, 211]        347          1.965            Join
[0, 877, 212]        389          0.570            Concatenate
[0, 877, 213]        661          0.739            Concatenate
[0, 877, 214]        767          0.716            Concatenate
[0, 877, 215]        767          0.642            Concatenate
[0, 877, 216]        767          20.566           FlatMap
[0, 877, 217]        3229         6.726            Arrange: Threshold
[0, 877, 218]        578          7.591            Threshold
[0, 877, 219]        347          0.547            AsCollection
[0, 877, 220]        410          0.605            Concatenate
[0, 877, 221]        410          10.318           FlatMap
[0, 877, 222]        1974         4.205            Arrange: Threshold
[0, 877, 223]        573          7.743            Threshold
[0, 877, 224]        333          0.716            AsCollection
[0, 877, 225]        51           0.702            FlatMap
[0, 877, 226]        906          1.768            Arrange: Threshold
[0, 877, 227]        453          3.951            Threshold
[0, 877, 228]        213          0.487            AsCollection
[0, 877, 229]        645          0.767            Concatenate
[0, 877, 230]        751          0.668            Concatenate
[0, 877, 231]        751          24.204           FlatMap
[0, 877, 232]        3179         10.954           Arrange: Threshold
[0, 877, 233]        653          21.417           Threshold
[0, 877, 234]        429          0.702            AsCollection
[0, 877, 235]        519          19.390           FlatMap
[0, 877, 236]        3096         48.777           Arrange: Threshold
[0, 877, 237]        642          359.144          Threshold
[0, 877, 238]        411          9.147            AsCollection
[0, 877, 239]        253          0.390            Concatenate
[0, 877, 240]        253          0.320            Concatenate
[0, 877, 241]        294          0.350            Concatenate
[0, 877, 242]        302          0.529            Concatenate
[0, 877, 243]        402          0.462            Concatenate
[0, 877, 244]        402          0.381            Concatenate
[0, 877, 245]        402          6.851            FlatMap
[0, 877, 246]        2587         2.195            Arrange: Threshold
[0, 877, 247]        420          2.913            Threshold
[0, 877, 248]        173          0.269            AsCollection
[0, 877, 249]        227          7.889            FlatMap
[0, 877, 250]        1437         4.592            Arrange: Threshold
[0, 877, 251]        601          14.838           Threshold
[0, 877, 252]        371          0.815            AsCollection
[0, 877, 253]        463          0.794            Concatenate
[0, 877, 254]        1137         1.402            Concatenate
[0, 877, 255]        1354         1.346            Concatenate
[0, 877, 256]        1524         1.777            Concatenate
[0, 877, 257]        1743         1.720            Concatenate
[0, 877, 258]        2061         1.789            Concatenate
[0, 877, 259]        2223         1.823            Concatenate
[0, 877, 260]        2319         1.752            Concatenate
[0, 877, 261]        2319         139.404          FlatMap
[0, 877, 262]        12563        315.975          Arrange: Threshold
[0, 877, 263]        652          1524.066         Threshold
[0, 877, 264]        453          15.471           AsCollection
[0, 877, 265]        225          0.286            ResultsIn
[0, 877, 266]        411          2.495            ResultsIn
[0, 877, 267]        351          0.399            ResultsIn
[0, 877, 268]        71           0.107            ResultsIn
[0, 877, 269]        213          0.267            ResultsIn
[0, 877, 270]        451          2.129            ResultsIn
[0, 877, 271]        313          0.332            ResultsIn
[0, 877, 272]        333          0.409            ResultsIn
[0, 878]             566          0.506            Leave
[0, 879]             946          1.721            Leave
[0, 880]             746          0.570            Leave
[0, 881]             614          0.534            Leave
[0, 882]             915          0.679            Leave
[0, 883]             1522         3.155            Leave
[0, 884]             843          0.589            Leave
[0, 885]             500          0.364            Leave
[0, 886]             23           0.460            FlatMap
[0, 887]             53           1.143            Arrange: Threshold
[0, 888]             4            2.145            Threshold
[0, 889]             3            0.114            AsCollection
[0, 890]             3            0.039            FlatMap
[0, 891]             3            0.041            FlatMap
[0, 892]             3            0.092            FlatMap
[0, 893]             6            0.007            Consolidate
[0, 894]             1            0.001            AsCollection
[0, 895]             2            0.003            InspectBatch
[0, 896]             2            0.002            Probe
[0, 897]             3            0.061            FlatMap
[0, 898]             4            0.127            Arrange: Threshold
[0, 899]             4            0.385            Threshold
[0, 900]             3            0.029            AsCollection
[0, 901]             3            0.011            FlatMap
[0, 902]             3            0.010            FlatMap
[0, 903]             3            0.033            FlatMap
[0, 904]             5            0.007            Consolidate
[0, 905]             1            0.001            AsCollection
[0, 906]             2            0.003            InspectBatch
[0, 907]             2            0.001            Probe
[0, 908]             3            0.038            FlatMap
[0, 909]             8            0.032            Arrange: Threshold
[0, 910]             4            0.056            Threshold
[0, 911]             3            0.007            AsCollection
[0, 912]             3            0.007            FlatMap
[0, 913]             3            0.005            FlatMap
[0, 914]             3            0.023            FlatMap
[0, 915]             9            0.014            Consolidate
[0, 916]             1            0.001            AsCollection
[0, 917]             2            0.003            InspectBatch
[0, 918]             2            0.001            Probe
[0, 919]             21           0.333            FlatMap
[0, 920]             45           0.060            Arrange: Threshold
[0, 921]             4            0.099            Threshold
[0, 922]             3            0.008            AsCollection
[0, 923]             3            0.009            FlatMap
[0, 924]             3            0.005            FlatMap
[0, 925]             3            0.026            FlatMap
[0, 926]             6            0.006            Consolidate
[0, 927]             1            0.001            AsCollection
[0, 928]             2            0.003            InspectBatch
[0, 929]             2            0.001            Probe
[0, 930]             3            0.033            FlatMap
[0, 931]             6            0.033            Arrange: Threshold
[0, 932]             4            0.093            Threshold
[0, 933]             3            0.009            AsCollection
[0, 934]             3            0.006            FlatMap
[0, 935]             3            0.006            FlatMap
[0, 936]             3            0.028            FlatMap
[0, 937]             4            0.007            Consolidate
[0, 938]             1            0.001            AsCollection
[0, 939]             2            0.011            InspectBatch
[0, 940]             2            0.001            Probe
[0, 941]             21           0.291            FlatMap
[0, 942]             46           0.057            Arrange: Threshold
[0, 943]             4            0.094            Threshold
[0, 944]             3            0.007            AsCollection
[0, 945]             3            0.005            FlatMap
[0, 946]             3            0.007            FlatMap
[0, 947]             3            0.021            FlatMap
[0, 948]             6            0.008            Consolidate
[0, 949]             1            0.001            AsCollection
[0, 950]             2            0.004            InspectBatch
[0, 951]             2            0.001            Probe
[0, 952]             7            0.100            FlatMap
[0, 953]             13           0.062            Arrange: Threshold
[0, 954]             4            0.205            Threshold
[0, 955]             3            0.015            AsCollection
[0, 956]             3            0.012            FlatMap
[0, 957]             3            0.009            FlatMap
[0, 958]             3            0.032            FlatMap
[0, 959]             8            0.008            Consolidate
[0, 960]             1            0.000            AsCollection
[0, 961]             2            0.004            InspectBatch
[0, 962]             2            0.002            Probe
[0, 963]             3            0.031            FlatMap
[0, 964]             8            0.052            Arrange: Threshold
[0, 965]             4            0.184            Threshold
[0, 966]             3            0.014            AsCollection
[0, 967]             3            0.010            FlatMap
[0, 968]             3            0.007            FlatMap
[0, 969]             3            0.030            FlatMap
[0, 970]             7            0.007            Consolidate
[0, 971]             1            0.000            AsCollection
[0, 972]             2            0.003            InspectBatch
[0, 973]             2            0.001            Probe
[0, 974]             3            0.038            FlatMap
[0, 975]             9            0.042            Arrange: Threshold
[0, 976]             4            0.193            Threshold
[0, 977]             3            0.015            AsCollection
[0, 978]             3            0.016            FlatMap
[0, 979]             3            0.007            FlatMap
[0, 980]             3            0.023            FlatMap
[0, 981]             9            0.009            Consolidate
[0, 982]             1            0.000            AsCollection
[0, 983]             2            0.002            InspectBatch
[0, 984]             2            0.001            Probe
[0, 985]             1            0.000            FlatMap
[0, 986]             2            0.005            Arrange: Threshold
[0, 987]             2            0.006            Threshold
[0, 988]             1            0.001            AsCollection
[0, 989]             1            0.001            FlatMap
[0, 990]             1            0.001            FlatMap
[0, 991]             1            0.000            FlatMap
[0, 992]             3            0.006            Consolidate
[0, 993]             1            0.000            AsCollection
[0, 994]             2            0.003            InspectBatch
[0, 995]             2            0.001            Probe
[0, 996]             3            0.026            FlatMap
[0, 997]             5            0.011            Arrange: Threshold
[0, 998]             4            0.023            Threshold
[0, 999]             3            0.004            AsCollection
[0, 1000]            3            0.005            FlatMap
[0, 1001]            3            0.004            FlatMap
[0, 1002]            3            0.023            FlatMap
[0, 1003]            6            0.006            Consolidate
[0, 1004]            1            0.001            AsCollection
[0, 1005]            2            0.003            InspectBatch
[0, 1006]            2            0.001            Probe
[0, 1007]            71           1.096            FlatMap
[0, 1008]            797          0.573            Arrange: Threshold
[0, 1009]            4            0.050            Threshold
[0, 1010]            3            0.013            AsCollection
[0, 1011]            3            0.004            FlatMap
[0, 1012]            3            0.004            FlatMap
[0, 1013]            3            0.043            FlatMap
[0, 1014]            4            0.005            Consolidate
[0, 1015]            1            0.001            AsCollection
[0, 1016]            2            0.003            InspectBatch
[0, 1017]            2            0.009            Probe
[0, 1018]            333          6.093            FlatMap
[0, 1019]            1360         1.201            Arrange: Threshold
[0, 1020]            4            0.384            Threshold
[0, 1021]            3            0.028            AsCollection
[0, 1022]            3            0.014            FlatMap
[0, 1023]            3            0.011            FlatMap
[0, 1024]            3            0.033            FlatMap
[0, 1025]            4            0.005            Consolidate
[0, 1026]            1            0.001            AsCollection
[0, 1027]            2            0.004            InspectBatch
[0, 1028]            2            0.001            Probe
[0, 1029]            451          20.028           FlatMap
[0, 1030]            2191         130.554          Arrange: Threshold
[0, 1031]            4            119.996          Threshold
[0, 1032]            3            9.592            AsCollection
[0, 1033]            3            14.162           FlatMap
[0, 1034]            3            3.145            FlatMap
[0, 1035]            3            5.559            FlatMap
[0, 1036]            4            0.013            Consolidate
[0, 1037]            1            0.001            AsCollection
[0, 1038]            2            0.003            InspectBatch
[0, 1039]            2            0.005            Probe
[0, 1040]            411          14.332           FlatMap
[0, 1041]            1609         50.298           Arrange: Threshold
[0, 1042]            4            47.374           Threshold
[0, 1043]            3            6.062            AsCollection
[0, 1044]            3            1.720            FlatMap
[0, 1045]            3            0.982            FlatMap
[0, 1046]            3            1.448            FlatMap
[0, 1047]            9            0.005            Consolidate
[0, 1048]            1            0.001            AsCollection
[0, 1049]            2            0.002            InspectBatch
[0, 1050]            2            0.001            Probe
[0, 1051]            213          3.655            FlatMap
[0, 1052]            1108         0.764            Arrange: Threshold
[0, 1053]            4            0.163            Threshold
[0, 1054]            3            0.012            AsCollection
[0, 1055]            3            0.006            FlatMap
[0, 1056]            3            0.013            FlatMap
[0, 1057]            3            0.021            FlatMap
[0, 1058]            9            0.004            Consolidate
[0, 1059]            1            0.001            AsCollection
[0, 1060]            2            0.003            InspectBatch
[0, 1061]            2            0.001            Probe
[0, 1062]            313          7.044            FlatMap
[0, 1063]            1148         1.126            Arrange: Threshold
[0, 1064]            4            0.209            Threshold
[0, 1065]            3            0.015            AsCollection
[0, 1066]            3            0.009            FlatMap
[0, 1067]            3            0.007            FlatMap
[0, 1068]            3            0.024            FlatMap
[0, 1069]            9            2.423            Consolidate
[0, 1070]            1            0.001            AsCollection
[0, 1071]            2            0.002            InspectBatch
[0, 1072]            2            0.005            Probe
[0, 1073]            351          7.561            FlatMap
[0, 1074]            1327         1.398            Arrange: Threshold
[0, 1075]            4            0.728            Threshold
[0, 1076]            3            0.050            AsCollection
[0, 1077]            3            0.026            FlatMap
[0, 1078]            3            0.022            FlatMap
[0, 1079]            3            0.042            FlatMap
[0, 1080]            18           0.005            Consolidate
[0, 1081]            1            0.001            AsCollection
[0, 1082]            2            0.002            InspectBatch
[0, 1083]            2            0.001            Probe
[0, 1084]            225          4.599            FlatMap
[0, 1085]            948          0.711            Arrange: Threshold
[0, 1086]            4            0.057            Threshold
[0, 1087]            3            0.005            AsCollection
[0, 1088]            3            0.004            FlatMap
[0, 1089]            3            0.006            FlatMap
[0, 1090]            3            0.016            FlatMap
[0, 1091]            19           0.005            Consolidate
[0, 1092]            1            0.001            AsCollection
[0, 1093]            2            0.004            InspectBatch
[0, 1094]            2            0.004            Probe
